<?xml version="1.0" encoding="UTF-8"?>
    
<jdo-conf>
  <database name="test-database-003" engine="hsql">
    <driver class-name="org.hsqldb.jdbcDriver" url="jdbc:hsqldb:target/test-database-003">
      <param name="user" value="sa"/>
      <param name="password" value=""/>
    </driver>
    <mapping href="astrogrid-community-mapping.xml"/>
  </database>
  <transaction-demarcation mode="local"/>
</jdo-conf>

