<?xml version="1.0" ?>
<module name="test" >
	<description>a test module</description>
	
	<component name="component1" 
		interfaceClass="java.lang.CharSequence" 
		implementationClass="java.lang.String">
		<method name="list">
		</method>
		<method name="length">
			<return name="len" type="java.lang.Integer">
			</return>		
		</method>
	</component>

</module>