<?xml version='1.0'?>

<VOTABLE version="1.1"
 xmlns:xsi="http://www.w3.org/2001/XMLSchema-instance"
 xsi:noNamespaceSchemaLocation="http://www.ivoa.net/xml/VOTable/VOTable/v1.1">
<!--
 !  VOTable written by uk.ac.starlink.votable.VOTableWriter
 !-->
<RESOURCE>
<TABLE name="Table1" nrows="6256">
<PARAM arraysize="*" datatype="char" name="AGSEx" value=""/>
<FIELD datatype="float" name="NUMBER" ucd="NUMBER"/>
<FIELD datatype="float" name="RA" ucd="POS_EQ_RA_MAIN" unit="deg"/>
<FIELD datatype="float" name="DEC" ucd="POS_EQ_DEC_MAIN" unit="deg"/>
<FIELD datatype="float" name="X_IMAGE" ucd="X_IMAGE"/>
<FIELD datatype="float" name="Y_IMAGE" ucd="Y_IMAGE"/>
<FIELD datatype="float" name="MAG_ISO" ucd="PHOT_MAG_R"/>
<FIELD datatype="float" name="MAGERR_ISO" ucd="PHOT_MAG_R_ERR"/>
<FIELD datatype="float" name="MAG_AUTO" ucd="MAG_AUTO"/>
<FIELD datatype="float" name="MAGERR_AUTO" ucd="MAGERR_AUTO"/>
<FIELD datatype="float" name="MAG_BEST" ucd="MAG_BEST"/>
<FIELD datatype="float" name="MAGERR_BEST" ucd="MAGERR_BEST"/>
<FIELD datatype="float" name="CLASS_STAR" ucd="CLASS_STAR"/>
<DATA>
<TABLEDATA>
  <TR>
    <TD>1.0</TD>
    <TD>241.4384</TD>
    <TD>55.04209</TD>
    <TD>772.51</TD>
    <TD>1.436</TD>
    <TD>24.2652</TD>
    <TD>0.0982</TD>
    <TD>24.7264</TD>
    <TD>0.2091</TD>
    <TD>24.7264</TD>
    <TD>0.2091</TD>
    <TD>0.9</TD>
  </TR>
  <TR>
    <TD>2.0</TD>
    <TD>241.4368</TD>
    <TD>54.98624</TD>
    <TD>1387.379</TD>
    <TD>4.212</TD>
    <TD>25.2686</TD>
    <TD>0.2576</TD>
    <TD>25.083</TD>
    <TD>0.3302</TD>
    <TD>25.083</TD>
    <TD>0.3302</TD>
    <TD>0.45</TD>
  </TR>
  <TR>
    <TD>3.0</TD>
    <TD>241.4383</TD>
    <TD>55.05195</TD>
    <TD>663.674</TD>
    <TD>3.719</TD>
    <TD>25.0137</TD>
    <TD>0.2557</TD>
    <TD>24.957</TD>
    <TD>0.3281</TD>
    <TD>24.957</TD>
    <TD>0.3281</TD>
    <TD>0.4</TD>
  </TR>
  <TR>
    <TD>4.0</TD>
    <TD>241.437</TD>
    <TD>54.97956</TD>
    <TD>1460.564</TD>
    <TD>1.967</TD>
    <TD>24.1329</TD>
    <TD>0.1515</TD>
    <TD>24.0171</TD>
    <TD>0.1989</TD>
    <TD>24.0171</TD>
    <TD>0.1989</TD>
    <TD>0.59</TD>
  </TR>
  <TR>
    <TD>5.0</TD>
    <TD>241.4361</TD>
    <TD>54.98123</TD>
    <TD>1442.474</TD>
    <TD>7.638</TD>
    <TD>24.9544</TD>
    <TD>0.2425</TD>
    <TD>24.3322</TD>
    <TD>0.2688</TD>
    <TD>24.3322</TD>
    <TD>0.2688</TD>
    <TD>0.45</TD>
  </TR>
  <TR>
    <TD>6.0</TD>
    <TD>241.4372</TD>
    <TD>55.08803</TD>
    <TD>264.488</TD>
    <TD>14.499</TD>
    <TD>25.4432</TD>
    <TD>0.2712</TD>
    <TD>25.1972</TD>
    <TD>0.3661</TD>
    <TD>25.1972</TD>
    <TD>0.3661</TD>
    <TD>0.47</TD>
  </TR>
  <TR>
    <TD>7.0</TD>
    <TD>241.4366</TD>
    <TD>55.06172</TD>
    <TD>556.011</TD>
    <TD>15.232</TD>
    <TD>25.8438</TD>
    <TD>0.3876</TD>
    <TD>24.9838</TD>
    <TD>0.3137</TD>
    <TD>24.9838</TD>
    <TD>0.3137</TD>
    <TD>0.35</TD>
  </TR>
  <TR>
    <TD>8.0</TD>
    <TD>241.4346</TD>
    <TD>54.97843</TD>
    <TD>1473.437</TD>
    <TD>16.479</TD>
    <TD>25.709</TD>
    <TD>0.3435</TD>
    <TD>24.9671</TD>
    <TD>0.2973</TD>
    <TD>24.9671</TD>
    <TD>0.2973</TD>
    <TD>0.36</TD>
  </TR>
  <TR>
    <TD>9.0</TD>
    <TD>241.4363</TD>
    <TD>55.05986</TD>
    <TD>576.694</TD>
    <TD>17.3</TD>
    <TD>25.8343</TD>
    <TD>0.3358</TD>
    <TD>25.5356</TD>
    <TD>0.3562</TD>
    <TD>25.5356</TD>
    <TD>0.3562</TD>
    <TD>0.46</TD>
  </TR>
  <TR>
    <TD>10.0</TD>
    <TD>241.4369</TD>
    <TD>55.10674</TD>
    <TD>56.668</TD>
    <TD>18.669</TD>
    <TD>24.913</TD>
    <TD>0.1703</TD>
    <TD>24.8069</TD>
    <TD>0.2126</TD>
    <TD>24.8069</TD>
    <TD>0.2126</TD>
    <TD>0.71</TD>
  </TR>
  <TR>
    <TD>11.0</TD>
    <TD>241.4368</TD>
    <TD>55.11027</TD>
    <TD>17.431</TD>
    <TD>19.253</TD>
    <TD>24.3305</TD>
    <TD>0.0925</TD>
    <TD>99.0</TD>
    <TD>99.0</TD>
    <TD>99.0</TD>
    <TD>99.0</TD>
    <TD>0.67</TD>
  </TR>
  <TR>
    <TD>12.0</TD>
    <TD>241.4371</TD>
    <TD>55.11164</TD>
    <TD>2.111</TD>
    <TD>17.911</TD>
    <TD>23.7799</TD>
    <TD>0.0997</TD>
    <TD>24.1527</TD>
    <TD>0.1866</TD>
    <TD>24.1527</TD>
    <TD>0.1866</TD>
    <TD>0.74</TD>
  </TR>
  <TR>
    <TD>13.0</TD>
    <TD>241.437</TD>
    <TD>55.10914</TD>
    <TD>29.874</TD>
    <TD>18.052</TD>
    <TD>23.6826</TD>
    <TD>0.0841</TD>
    <TD>24.5572</TD>
    <TD>0.2867</TD>
    <TD>23.5967</TD>
    <TD>0.0864</TD>
    <TD>0.69</TD>
  </TR>
  <TR>
    <TD>14.0</TD>
    <TD>241.4358</TD>
    <TD>55.06251</TD>
    <TD>547.385</TD>
    <TD>20.276</TD>
    <TD>25.5328</TD>
    <TD>0.2572</TD>
    <TD>25.3734</TD>
    <TD>0.308</TD>
    <TD>25.3734</TD>
    <TD>0.308</TD>
    <TD>0.38</TD>
  </TR>
  <TR>
    <TD>15.0</TD>
    <TD>241.4359</TD>
    <TD>55.00004</TD>
    <TD>1235.983</TD>
    <TD>11.412</TD>
    <TD>24.0305</TD>
    <TD>0.1514</TD>
    <TD>23.6681</TD>
    <TD>0.2075</TD>
    <TD>23.6681</TD>
    <TD>0.2075</TD>
    <TD>0.42</TD>
  </TR>
  <TR>
    <TD>16.0</TD>
    <TD>241.4355</TD>
    <TD>55.03472</TD>
    <TD>854.353</TD>
    <TD>18.721</TD>
    <TD>25.418</TD>
    <TD>0.2942</TD>
    <TD>24.6907</TD>
    <TD>0.2409</TD>
    <TD>24.6907</TD>
    <TD>0.2409</TD>
    <TD>0.45</TD>
  </TR>
  <TR>
    <TD>17.0</TD>
    <TD>241.4348</TD>
    <TD>55.02522</TD>
    <TD>959.167</TD>
    <TD>22.372</TD>
    <TD>25.4664</TD>
    <TD>0.3072</TD>
    <TD>24.852</TD>
    <TD>0.2785</TD>
    <TD>24.852</TD>
    <TD>0.2785</TD>
    <TD>0.45</TD>
  </TR>
  <TR>
    <TD>18.0</TD>
    <TD>241.4361</TD>
    <TD>55.07226</TD>
    <TD>439.525</TD>
    <TD>19.99</TD>
    <TD>25.6828</TD>
    <TD>0.3356</TD>
    <TD>24.8456</TD>
    <TD>0.3726</TD>
    <TD>24.8456</TD>
    <TD>0.3726</TD>
    <TD>0.41</TD>
  </TR>
  <TR>
    <TD>19.0</TD>
    <TD>241.4363</TD>
    <TD>55.10499</TD>
    <TD>76.2</TD>
    <TD>22.399</TD>
    <TD>24.4249</TD>
    <TD>0.1</TD>
    <TD>26.4688</TD>
    <TD>0.9557</TD>
    <TD>26.4688</TD>
    <TD>0.9557</TD>
    <TD>0.64</TD>
  </TR>
  <TR>
    <TD>20.0</TD>
    <TD>241.4359</TD>
    <TD>55.09104</TD>
    <TD>231.3</TD>
    <TD>23.391</TD>
    <TD>24.9618</TD>
    <TD>0.2441</TD>
    <TD>24.5508</TD>
    <TD>0.2124</TD>
    <TD>24.5508</TD>
    <TD>0.2124</TD>
    <TD>0.41</TD>
  </TR>
  <TR>
    <TD>21.0</TD>
    <TD>241.4365</TD>
    <TD>55.10636</TD>
    <TD>60.91</TD>
    <TD>20.991</TD>
    <TD>24.154</TD>
    <TD>0.1262</TD>
    <TD>24.2449</TD>
    <TD>0.2246</TD>
    <TD>24.2449</TD>
    <TD>0.2246</TD>
    <TD>0.67</TD>
  </TR>
  <TR>
    <TD>22.0</TD>
    <TD>241.436</TD>
    <TD>55.10523</TD>
    <TD>73.616</TD>
    <TD>24.218</TD>
    <TD>24.1088</TD>
    <TD>0.0774</TD>
    <TD>24.6043</TD>
    <TD>0.1776</TD>
    <TD>24.6043</TD>
    <TD>0.1776</TD>
    <TD>0.69</TD>
  </TR>
  <TR>
    <TD>23.0</TD>
    <TD>241.436</TD>
    <TD>55.10794</TD>
    <TD>43.496</TD>
    <TD>24.16</TD>
    <TD>24.0689</TD>
    <TD>0.075</TD>
    <TD>24.9147</TD>
    <TD>0.2199</TD>
    <TD>24.0385</TD>
    <TD>0.0761</TD>
    <TD>0.91</TD>
  </TR>
  <TR>
    <TD>24.0</TD>
    <TD>241.4361</TD>
    <TD>55.09946</TD>
    <TD>137.706</TD>
    <TD>22.737</TD>
    <TD>23.8074</TD>
    <TD>0.0735</TD>
    <TD>24.8102</TD>
    <TD>0.2582</TD>
    <TD>24.8102</TD>
    <TD>0.2582</TD>
    <TD>0.77</TD>
  </TR>
  <TR>
    <TD>25.0</TD>
    <TD>241.4357</TD>
    <TD>55.07972</TD>
    <TD>356.856</TD>
    <TD>22.999</TD>
    <TD>24.9278</TD>
    <TD>0.2072</TD>
    <TD>25.0424</TD>
    <TD>0.5516</TD>
    <TD>25.0424</TD>
    <TD>0.5516</TD>
    <TD>0.48</TD>
  </TR>
  <TR>
    <TD>26.0</TD>
    <TD>241.4348</TD>
    <TD>55.04986</TD>
    <TD>687.516</TD>
    <TD>25.539</TD>
    <TD>25.6019</TD>
    <TD>0.3122</TD>
    <TD>25.1778</TD>
    <TD>0.3597</TD>
    <TD>25.1778</TD>
    <TD>0.3597</TD>
    <TD>0.36</TD>
  </TR>
  <TR>
    <TD>27.0</TD>
    <TD>241.4349</TD>
    <TD>54.92782</TD>
    <TD>2027.206</TD>
    <TD>6.788</TD>
    <TD>21.6229</TD>
    <TD>0.0407</TD>
    <TD>21.5654</TD>
    <TD>0.0593</TD>
    <TD>21.5654</TD>
    <TD>0.0593</TD>
    <TD>0.01</TD>
  </TR>
  <TR>
    <TD>28.0</TD>
    <TD>241.4348</TD>
    <TD>54.99405</TD>
    <TD>1301.976</TD>
    <TD>17.495</TD>
    <TD>23.4845</TD>
    <TD>0.1233</TD>
    <TD>23.437</TD>
    <TD>0.2075</TD>
    <TD>23.437</TD>
    <TD>0.2075</TD>
    <TD>0.36</TD>
  </TR>
  <TR>
    <TD>29.0</TD>
    <TD>241.436</TD>
    <TD>55.1074</TD>
    <TD>49.493</TD>
    <TD>24.021</TD>
    <TD>23.6521</TD>
    <TD>0.0695</TD>
    <TD>25.7846</TD>
    <TD>0.7193</TD>
    <TD>25.7846</TD>
    <TD>0.7193</TD>
    <TD>0.65</TD>
  </TR>
  <TR>
    <TD>30.0</TD>
    <TD>241.4356</TD>
    <TD>55.10237</TD>
    <TD>105.514</TD>
    <TD>26.428</TD>
    <TD>24.3011</TD>
    <TD>0.1012</TD>
    <TD>26.813</TD>
    <TD>1.533</TD>
    <TD>24.2409</TD>
    <TD>0.1034</TD>
    <TD>0.65</TD>
  </TR>
  <TR>
    <TD>31.0</TD>
    <TD>241.4354</TD>
    <TD>55.10213</TD>
    <TD>108.29</TD>
    <TD>27.683</TD>
    <TD>24.8569</TD>
    <TD>0.1623</TD>
    <TD>25.6794</TD>
    <TD>0.5438</TD>
    <TD>25.6794</TD>
    <TD>0.5438</TD>
    <TD>0.47</TD>
  </TR>
  <TR>
    <TD>32.0</TD>
    <TD>241.4331</TD>
    <TD>54.98467</TD>
    <TD>1405.324</TD>
    <TD>27.304</TD>
    <TD>25.8603</TD>
    <TD>0.3436</TD>
    <TD>25.3083</TD>
    <TD>0.2906</TD>
    <TD>25.3083</TD>
    <TD>0.2906</TD>
    <TD>0.36</TD>
  </TR>
  <TR>
    <TD>33.0</TD>
    <TD>241.4376</TD>
    <TD>55.0197</TD>
    <TD>1019.488</TD>
    <TD>3.745</TD>
    <TD>20.5847</TD>
    <TD>0.0178</TD>
    <TD>20.5675</TD>
    <TD>0.0207</TD>
    <TD>20.5675</TD>
    <TD>0.0207</TD>
    <TD>0.03</TD>
  </TR>
  <TR>
    <TD>34.0</TD>
    <TD>241.4372</TD>
    <TD>55.08583</TD>
    <TD>288.854</TD>
    <TD>14.194</TD>
    <TD>22.9198</TD>
    <TD>0.0859</TD>
    <TD>22.7203</TD>
    <TD>0.1129</TD>
    <TD>22.7203</TD>
    <TD>0.1129</TD>
    <TD>0.1</TD>
  </TR>
  <TR>
    <TD>35.0</TD>
    <TD>241.437</TD>
    <TD>55.1111</TD>
    <TD>8.143</TD>
    <TD>18.156</TD>
    <TD>23.2076</TD>
    <TD>0.059</TD>
    <TD>99.0</TD>
    <TD>99.0</TD>
    <TD>23.1546</TD>
    <TD>0.0602</TD>
    <TD>0.77</TD>
  </TR>
  <TR>
    <TD>36.0</TD>
    <TD>241.4351</TD>
    <TD>55.07365</TD>
    <TD>424.255</TD>
    <TD>25.965</TD>
    <TD>24.9235</TD>
    <TD>0.2216</TD>
    <TD>24.5223</TD>
    <TD>0.2481</TD>
    <TD>24.5223</TD>
    <TD>0.2481</TD>
    <TD>0.41</TD>
  </TR>
  <TR>
    <TD>37.0</TD>
    <TD>241.4332</TD>
    <TD>54.98159</TD>
    <TD>1439.0</TD>
    <TD>25.994</TD>
    <TD>26.1043</TD>
    <TD>0.4272</TD>
    <TD>25.0095</TD>
    <TD>0.4747</TD>
    <TD>25.0095</TD>
    <TD>0.4747</TD>
    <TD>0.36</TD>
  </TR>
  <TR>
    <TD>38.0</TD>
    <TD>241.4353</TD>
    <TD>55.10322</TD>
    <TD>96.138</TD>
    <TD>28.406</TD>
    <TD>25.5993</TD>
    <TD>0.3115</TD>
    <TD>24.2005</TD>
    <TD>0.1439</TD>
    <TD>24.2005</TD>
    <TD>0.1439</TD>
    <TD>0.43</TD>
  </TR>
  <TR>
    <TD>39.0</TD>
    <TD>241.4344</TD>
    <TD>55.05567</TD>
    <TD>623.375</TD>
    <TD>28.263</TD>
    <TD>25.6874</TD>
    <TD>0.2948</TD>
    <TD>25.2708</TD>
    <TD>0.281</TD>
    <TD>25.2708</TD>
    <TD>0.281</TD>
    <TD>0.39</TD>
  </TR>
  <TR>
    <TD>40.0</TD>
    <TD>241.4361</TD>
    <TD>55.07056</TD>
    <TD>458.249</TD>
    <TD>19.555</TD>
    <TD>22.5838</TD>
    <TD>0.0464</TD>
    <TD>22.638</TD>
    <TD>0.0633</TD>
    <TD>22.638</TD>
    <TD>0.0633</TD>
    <TD>0.75</TD>
  </TR>
  <TR>
    <TD>41.0</TD>
    <TD>241.4345</TD>
    <TD>55.06951</TD>
    <TD>470.277</TD>
    <TD>29.6</TD>
    <TD>25.8588</TD>
    <TD>0.3432</TD>
    <TD>25.2204</TD>
    <TD>0.2889</TD>
    <TD>25.2204</TD>
    <TD>0.2889</TD>
    <TD>0.42</TD>
  </TR>
  <TR>
    <TD>42.0</TD>
    <TD>241.434</TD>
    <TD>55.04318</TD>
    <TD>761.327</TD>
    <TD>29.674</TD>
    <TD>25.7826</TD>
    <TD>0.3207</TD>
    <TD>25.1867</TD>
    <TD>0.3626</TD>
    <TD>25.1867</TD>
    <TD>0.3626</TD>
    <TD>0.39</TD>
  </TR>
  <TR>
    <TD>43.0</TD>
    <TD>241.4358</TD>
    <TD>55.10677</TD>
    <TD>56.541</TD>
    <TD>25.662</TD>
    <TD>23.1524</TD>
    <TD>0.0606</TD>
    <TD>25.3775</TD>
    <TD>0.7085</TD>
    <TD>23.0885</TD>
    <TD>0.062</TD>
    <TD>0.8</TD>
  </TR>
  <TR>
    <TD>44.0</TD>
    <TD>241.4319</TD>
    <TD>54.92692</TD>
    <TD>2037.559</TD>
    <TD>25.658</TD>
    <TD>24.4156</TD>
    <TD>0.1949</TD>
    <TD>22.6846</TD>
    <TD>0.2187</TD>
    <TD>22.6846</TD>
    <TD>0.2187</TD>
    <TD>0.45</TD>
  </TR>
  <TR>
    <TD>45.0</TD>
    <TD>241.4368</TD>
    <TD>55.10817</TD>
    <TD>40.726</TD>
    <TD>19.234</TD>
    <TD>23.375</TD>
    <TD>0.0731</TD>
    <TD>99.0</TD>
    <TD>99.0</TD>
    <TD>99.0</TD>
    <TD>99.0</TD>
    <TD>0.73</TD>
  </TR>
  <TR>
    <TD>46.0</TD>
    <TD>241.4349</TD>
    <TD>55.1071</TD>
    <TD>53.073</TD>
    <TD>31.202</TD>
    <TD>24.2762</TD>
    <TD>0.0991</TD>
    <TD>24.891</TD>
    <TD>0.2663</TD>
    <TD>24.2178</TD>
    <TD>0.1013</TD>
    <TD>0.76</TD>
  </TR>
  <TR>
    <TD>47.0</TD>
    <TD>241.4346</TD>
    <TD>55.10264</TD>
    <TD>102.71</TD>
    <TD>32.436</TD>
    <TD>24.0306</TD>
    <TD>0.0952</TD>
    <TD>24.6265</TD>
    <TD>0.251</TD>
    <TD>24.6265</TD>
    <TD>0.251</TD>
    <TD>0.72</TD>
  </TR>
  <TR>
    <TD>48.0</TD>
    <TD>241.4351</TD>
    <TD>55.10744</TD>
    <TD>49.263</TD>
    <TD>29.95</TD>
    <TD>23.8564</TD>
    <TD>0.0927</TD>
    <TD>28.1045</TD>
    <TD>6.7677</TD>
    <TD>23.7648</TD>
    <TD>0.0954</TD>
    <TD>0.71</TD>
  </TR>
  <TR>
    <TD>49.0</TD>
    <TD>241.4348</TD>
    <TD>55.09172</TD>
    <TD>223.99</TD>
    <TD>29.951</TD>
    <TD>24.6804</TD>
    <TD>0.2108</TD>
    <TD>24.7377</TD>
    <TD>0.4175</TD>
    <TD>24.7377</TD>
    <TD>0.4175</TD>
    <TD>0.38</TD>
  </TR>
  <TR>
    <TD>50.0</TD>
    <TD>241.4345</TD>
    <TD>55.08392</TD>
    <TD>310.611</TD>
    <TD>31.216</TD>
    <TD>25.2871</TD>
    <TD>0.2618</TD>
    <TD>24.8341</TD>
    <TD>0.2638</TD>
    <TD>24.8341</TD>
    <TD>0.2638</TD>
    <TD>0.48</TD>
  </TR>
  <TR>
    <TD>51.0</TD>
    <TD>241.4349</TD>
    <TD>55.10528</TD>
    <TD>73.299</TD>
    <TD>31.009</TD>
    <TD>24.2096</TD>
    <TD>0.1027</TD>
    <TD>24.2401</TD>
    <TD>0.1551</TD>
    <TD>24.2401</TD>
    <TD>0.1551</TD>
    <TD>0.77</TD>
  </TR>
  <TR>
    <TD>52.0</TD>
    <TD>241.4342</TD>
    <TD>55.09026</TD>
    <TD>240.28</TD>
    <TD>33.634</TD>
    <TD>25.7632</TD>
    <TD>0.3152</TD>
    <TD>24.9736</TD>
    <TD>0.2157</TD>
    <TD>24.9736</TD>
    <TD>0.2157</TD>
    <TD>0.43</TD>
  </TR>
  <TR>
    <TD>53.0</TD>
    <TD>241.4309</TD>
    <TD>54.9372</TD>
    <TD>1925.444</TD>
    <TD>33.501</TD>
    <TD>25.4499</TD>
    <TD>0.2728</TD>
    <TD>24.6806</TD>
    <TD>0.369</TD>
    <TD>24.6806</TD>
    <TD>0.369</TD>
    <TD>0.47</TD>
  </TR>
  <TR>
    <TD>54.0</TD>
    <TD>241.4356</TD>
    <TD>55.1077</TD>
    <TD>46.31</TD>
    <TD>27.035</TD>
    <TD>23.2481</TD>
    <TD>0.0634</TD>
    <TD>24.9611</TD>
    <TD>0.4305</TD>
    <TD>23.1841</TD>
    <TD>0.0648</TD>
    <TD>0.76</TD>
  </TR>
  <TR>
    <TD>55.0</TD>
    <TD>241.4347</TD>
    <TD>55.08313</TD>
    <TD>319.347</TD>
    <TD>29.868</TD>
    <TD>24.9669</TD>
    <TD>0.2145</TD>
    <TD>25.698</TD>
    <TD>1.4107</TD>
    <TD>25.698</TD>
    <TD>1.4107</TD>
    <TD>0.46</TD>
  </TR>
  <TR>
    <TD>56.0</TD>
    <TD>241.4343</TD>
    <TD>55.1021</TD>
    <TD>108.775</TD>
    <TD>34.359</TD>
    <TD>25.1066</TD>
    <TD>0.1775</TD>
    <TD>25.4919</TD>
    <TD>0.3687</TD>
    <TD>25.4919</TD>
    <TD>0.3687</TD>
    <TD>0.83</TD>
  </TR>
  <TR>
    <TD>57.0</TD>
    <TD>241.4338</TD>
    <TD>55.07627</TD>
    <TD>395.555</TD>
    <TD>34.482</TD>
    <TD>25.2821</TD>
    <TD>0.2352</TD>
    <TD>25.2609</TD>
    <TD>0.3879</TD>
    <TD>25.2609</TD>
    <TD>0.3879</TD>
    <TD>0.45</TD>
  </TR>
  <TR>
    <TD>58.0</TD>
    <TD>241.4335</TD>
    <TD>55.06039</TD>
    <TD>571.33</TD>
    <TD>34.718</TD>
    <TD>25.707</TD>
    <TD>0.2999</TD>
    <TD>25.3251</TD>
    <TD>0.295</TD>
    <TD>25.3251</TD>
    <TD>0.295</TD>
    <TD>0.41</TD>
  </TR>
  <TR>
    <TD>59.0</TD>
    <TD>241.4339</TD>
    <TD>55.0918</TD>
    <TD>223.258</TD>
    <TD>35.618</TD>
    <TD>25.5693</TD>
    <TD>0.2656</TD>
    <TD>25.189</TD>
    <TD>0.2808</TD>
    <TD>25.189</TD>
    <TD>0.2808</TD>
    <TD>0.39</TD>
  </TR>
  <TR>
    <TD>60.0</TD>
    <TD>241.4341</TD>
    <TD>55.09984</TD>
    <TD>133.996</TD>
    <TD>35.535</TD>
    <TD>24.2631</TD>
    <TD>0.1074</TD>
    <TD>24.8625</TD>
    <TD>0.2706</TD>
    <TD>24.1837</TD>
    <TD>0.1103</TD>
    <TD>0.79</TD>
  </TR>
  <TR>
    <TD>61.0</TD>
    <TD>241.4331</TD>
    <TD>55.05405</TD>
    <TD>641.508</TD>
    <TD>36.454</TD>
    <TD>25.5561</TD>
    <TD>0.2998</TD>
    <TD>25.2037</TD>
    <TD>0.7568</TD>
    <TD>25.2037</TD>
    <TD>0.7568</TD>
    <TD>0.41</TD>
  </TR>
  <TR>
    <TD>62.0</TD>
    <TD>241.4351</TD>
    <TD>55.10601</TD>
    <TD>65.196</TD>
    <TD>29.765</TD>
    <TD>23.4541</TD>
    <TD>0.0694</TD>
    <TD>26.9864</TD>
    <TD>2.7043</TD>
    <TD>23.3911</TD>
    <TD>0.071</TD>
    <TD>0.85</TD>
  </TR>
  <TR>
    <TD>63.0</TD>
    <TD>241.4335</TD>
    <TD>54.97595</TD>
    <TD>1500.814</TD>
    <TD>23.541</TD>
    <TD>22.7809</TD>
    <TD>0.0816</TD>
    <TD>22.6645</TD>
    <TD>0.1181</TD>
    <TD>22.6645</TD>
    <TD>0.1181</TD>
    <TD>0.0</TD>
  </TR>
  <TR>
    <TD>64.0</TD>
    <TD>241.4329</TD>
    <TD>54.95939</TD>
    <TD>1682.377</TD>
    <TD>24.439</TD>
    <TD>23.2647</TD>
    <TD>0.1115</TD>
    <TD>23.0522</TD>
    <TD>0.2133</TD>
    <TD>23.0522</TD>
    <TD>0.2133</TD>
    <TD>0.01</TD>
  </TR>
  <TR>
    <TD>65.0</TD>
    <TD>241.434</TD>
    <TD>55.10258</TD>
    <TD>103.541</TD>
    <TD>36.236</TD>
    <TD>24.3347</TD>
    <TD>0.1142</TD>
    <TD>28.2827</TD>
    <TD>6.4308</TD>
    <TD>28.2827</TD>
    <TD>6.4308</TD>
    <TD>0.69</TD>
  </TR>
  <TR>
    <TD>66.0</TD>
    <TD>241.434</TD>
    <TD>55.10378</TD>
    <TD>90.189</TD>
    <TD>36.36</TD>
    <TD>24.4247</TD>
    <TD>0.1334</TD>
    <TD>24.426</TD>
    <TD>0.2033</TD>
    <TD>24.426</TD>
    <TD>0.2033</TD>
    <TD>0.65</TD>
  </TR>
  <TR>
    <TD>67.0</TD>
    <TD>241.4341</TD>
    <TD>55.1005</TD>
    <TD>126.689</TD>
    <TD>35.687</TD>
    <TD>23.6876</TD>
    <TD>0.0761</TD>
    <TD>24.5479</TD>
    <TD>0.2474</TD>
    <TD>23.6278</TD>
    <TD>0.0778</TD>
    <TD>0.74</TD>
  </TR>
  <TR>
    <TD>68.0</TD>
    <TD>241.4324</TD>
    <TD>54.9581</TD>
    <TD>1696.562</TD>
    <TD>27.404</TD>
    <TD>24.4533</TD>
    <TD>0.18</TD>
    <TD>23.3622</TD>
    <TD>0.3204</TD>
    <TD>23.3622</TD>
    <TD>0.3204</TD>
    <TD>0.49</TD>
  </TR>
  <TR>
    <TD>69.0</TD>
    <TD>241.4328</TD>
    <TD>55.06384</TD>
    <TD>533.321</TD>
    <TD>39.67</TD>
    <TD>25.5226</TD>
    <TD>0.2549</TD>
    <TD>25.3388</TD>
    <TD>0.2986</TD>
    <TD>25.3388</TD>
    <TD>0.2986</TD>
    <TD>0.48</TD>
  </TR>
  <TR>
    <TD>70.0</TD>
    <TD>241.4334</TD>
    <TD>55.05176</TD>
    <TD>666.783</TD>
    <TD>34.586</TD>
    <TD>23.291</TD>
    <TD>0.0704</TD>
    <TD>23.271</TD>
    <TD>0.0956</TD>
    <TD>23.271</TD>
    <TD>0.0956</TD>
    <TD>0.81</TD>
  </TR>
  <TR>
    <TD>71.0</TD>
    <TD>241.4333</TD>
    <TD>55.08835</TD>
    <TD>261.702</TD>
    <TD>39.29</TD>
    <TD>25.0992</TD>
    <TD>0.2411</TD>
    <TD>25.4219</TD>
    <TD>0.369</TD>
    <TD>25.4219</TD>
    <TD>0.369</TD>
    <TD>0.39</TD>
  </TR>
  <TR>
    <TD>72.0</TD>
    <TD>241.4331</TD>
    <TD>55.08008</TD>
    <TD>353.496</TD>
    <TD>39.488</TD>
    <TD>25.4167</TD>
    <TD>0.2649</TD>
    <TD>24.9341</TD>
    <TD>0.2886</TD>
    <TD>24.9341</TD>
    <TD>0.2886</TD>
    <TD>0.36</TD>
  </TR>
  <TR>
    <TD>73.0</TD>
    <TD>241.4342</TD>
    <TD>55.10556</TD>
    <TD>70.319</TD>
    <TD>35.636</TD>
    <TD>23.7664</TD>
    <TD>0.0859</TD>
    <TD>25.4</TD>
    <TD>0.5786</TD>
    <TD>23.6856</TD>
    <TD>0.0882</TD>
    <TD>0.67</TD>
  </TR>
  <TR>
    <TD>74.0</TD>
    <TD>241.4346</TD>
    <TD>55.10039</TD>
    <TD>127.79</TD>
    <TD>32.579</TD>
    <TD>22.5279</TD>
    <TD>0.0532</TD>
    <TD>99.0</TD>
    <TD>99.0</TD>
    <TD>99.0</TD>
    <TD>99.0</TD>
    <TD>0.93</TD>
  </TR>
  <TR>
    <TD>75.0</TD>
    <TD>241.4333</TD>
    <TD>55.07549</TD>
    <TD>404.324</TD>
    <TD>38.032</TD>
    <TD>25.5891</TD>
    <TD>0.2703</TD>
    <TD>26.1013</TD>
    <TD>1.4765</TD>
    <TD>26.1013</TD>
    <TD>1.4765</TD>
    <TD>0.48</TD>
  </TR>
  <TR>
    <TD>76.0</TD>
    <TD>241.4334</TD>
    <TD>55.10509</TD>
    <TD>75.719</TD>
    <TD>40.46</TD>
    <TD>24.0317</TD>
    <TD>0.0885</TD>
    <TD>28.2618</TD>
    <TD>6.3086</TD>
    <TD>28.2618</TD>
    <TD>6.3086</TD>
    <TD>0.65</TD>
  </TR>
  <TR>
    <TD>77.0</TD>
    <TD>241.4337</TD>
    <TD>55.0997</TD>
    <TD>135.671</TD>
    <TD>38.293</TD>
    <TD>24.2718</TD>
    <TD>0.1082</TD>
    <TD>26.2624</TD>
    <TD>1.0429</TD>
    <TD>24.1915</TD>
    <TD>0.1111</TD>
    <TD>0.75</TD>
  </TR>
  <TR>
    <TD>78.0</TD>
    <TD>241.434</TD>
    <TD>55.1012</TD>
    <TD>118.85</TD>
    <TD>36.073</TD>
    <TD>24.0835</TD>
    <TD>0.1187</TD>
    <TD>24.6171</TD>
    <TD>0.3206</TD>
    <TD>24.6171</TD>
    <TD>0.3206</TD>
    <TD>0.67</TD>
  </TR>
  <TR>
    <TD>79.0</TD>
    <TD>241.4343</TD>
    <TD>55.1032</TD>
    <TD>96.581</TD>
    <TD>34.455</TD>
    <TD>23.7023</TD>
    <TD>0.0894</TD>
    <TD>25.8582</TD>
    <TD>1.1338</TD>
    <TD>23.5985</TD>
    <TD>0.0922</TD>
    <TD>0.73</TD>
  </TR>
  <TR>
    <TD>80.0</TD>
    <TD>241.4357</TD>
    <TD>55.10631</TD>
    <TD>61.641</TD>
    <TD>26.082</TD>
    <TD>22.5945</TD>
    <TD>0.0428</TD>
    <TD>99.0</TD>
    <TD>99.0</TD>
    <TD>22.548</TD>
    <TD>0.0436</TD>
    <TD>0.93</TD>
  </TR>
  <TR>
    <TD>81.0</TD>
    <TD>241.4343</TD>
    <TD>55.08136</TD>
    <TD>339.009</TD>
    <TD>31.993</TD>
    <TD>24.485</TD>
    <TD>0.2074</TD>
    <TD>24.4175</TD>
    <TD>0.4696</TD>
    <TD>24.4175</TD>
    <TD>0.4696</TD>
    <TD>0.36</TD>
  </TR>
  <TR>
    <TD>82.0</TD>
    <TD>241.4347</TD>
    <TD>55.10645</TD>
    <TD>60.353</TD>
    <TD>32.286</TD>
    <TD>22.6458</TD>
    <TD>0.0555</TD>
    <TD>99.0</TD>
    <TD>99.0</TD>
    <TD>22.5387</TD>
    <TD>0.0572</TD>
    <TD>0.94</TD>
  </TR>
  <TR>
    <TD>83.0</TD>
    <TD>241.4336</TD>
    <TD>55.10633</TD>
    <TD>61.933</TD>
    <TD>39.023</TD>
    <TD>24.4904</TD>
    <TD>0.1512</TD>
    <TD>28.7952</TD>
    <TD>13.0969</TD>
    <TD>24.3008</TD>
    <TD>0.1571</TD>
    <TD>0.5</TD>
  </TR>
  <TR>
    <TD>84.0</TD>
    <TD>241.4337</TD>
    <TD>55.05795</TD>
    <TD>598.316</TD>
    <TD>33.353</TD>
    <TD>23.8796</TD>
    <TD>0.1394</TD>
    <TD>23.5476</TD>
    <TD>0.2728</TD>
    <TD>23.5476</TD>
    <TD>0.2728</TD>
    <TD>0.49</TD>
  </TR>
  <TR>
    <TD>85.0</TD>
    <TD>241.4335</TD>
    <TD>55.08931</TD>
    <TD>251.069</TD>
    <TD>38.15</TD>
    <TD>24.7215</TD>
    <TD>0.2187</TD>
    <TD>24.4058</TD>
    <TD>0.448</TD>
    <TD>24.4058</TD>
    <TD>0.448</TD>
    <TD>0.52</TD>
  </TR>
  <TR>
    <TD>86.0</TD>
    <TD>241.433</TD>
    <TD>55.08503</TD>
    <TD>298.629</TD>
    <TD>40.793</TD>
    <TD>25.1046</TD>
    <TD>0.2227</TD>
    <TD>24.9823</TD>
    <TD>0.3015</TD>
    <TD>24.9823</TD>
    <TD>0.3015</TD>
    <TD>0.47</TD>
  </TR>
  <TR>
    <TD>87.0</TD>
    <TD>241.4329</TD>
    <TD>55.08125</TD>
    <TD>340.534</TD>
    <TD>41.062</TD>
    <TD>24.6806</TD>
    <TD>0.2109</TD>
    <TD>24.2052</TD>
    <TD>0.4084</TD>
    <TD>24.2052</TD>
    <TD>0.4084</TD>
    <TD>0.38</TD>
  </TR>
  <TR>
    <TD>88.0</TD>
    <TD>241.4318</TD>
    <TD>55.02702</TD>
    <TD>939.999</TD>
    <TD>40.995</TD>
    <TD>22.7296</TD>
    <TD>0.0386</TD>
    <TD>22.7221</TD>
    <TD>0.0532</TD>
    <TD>22.7221</TD>
    <TD>0.0532</TD>
    <TD>0.99</TD>
  </TR>
  <TR>
    <TD>89.0</TD>
    <TD>241.4339</TD>
    <TD>55.10591</TD>
    <TD>66.49</TD>
    <TD>37.519</TD>
    <TD>23.8927</TD>
    <TD>0.1006</TD>
    <TD>99.0</TD>
    <TD>99.0</TD>
    <TD>23.7768</TD>
    <TD>0.1039</TD>
    <TD>0.67</TD>
  </TR>
  <TR>
    <TD>90.0</TD>
    <TD>241.4332</TD>
    <TD>55.10033</TD>
    <TD>128.726</TD>
    <TD>41.174</TD>
    <TD>23.6051</TD>
    <TD>0.0922</TD>
    <TD>99.0</TD>
    <TD>99.0</TD>
    <TD>23.4686</TD>
    <TD>0.0955</TD>
    <TD>0.69</TD>
  </TR>
  <TR>
    <TD>91.0</TD>
    <TD>241.4329</TD>
    <TD>55.10637</TD>
    <TD>61.606</TD>
    <TD>43.8</TD>
    <TD>24.2051</TD>
    <TD>0.0836</TD>
    <TD>24.569</TD>
    <TD>0.1722</TD>
    <TD>24.569</TD>
    <TD>0.1722</TD>
    <TD>0.75</TD>
  </TR>
  <TR>
    <TD>92.0</TD>
    <TD>241.4325</TD>
    <TD>55.06582</TD>
    <TD>511.498</TD>
    <TD>41.998</TD>
    <TD>25.4531</TD>
    <TD>0.2736</TD>
    <TD>24.8999</TD>
    <TD>0.3214</TD>
    <TD>24.8999</TD>
    <TD>0.3214</TD>
    <TD>0.41</TD>
  </TR>
  <TR>
    <TD>93.0</TD>
    <TD>241.4322</TD>
    <TD>55.04937</TD>
    <TD>693.391</TD>
    <TD>41.907</TD>
    <TD>24.7257</TD>
    <TD>0.2089</TD>
    <TD>24.4719</TD>
    <TD>0.2653</TD>
    <TD>24.4719</TD>
    <TD>0.2653</TD>
    <TD>0.5</TD>
  </TR>
  <TR>
    <TD>94.0</TD>
    <TD>241.4302</TD>
    <TD>54.96367</TD>
    <TD>1636.045</TD>
    <TD>42.219</TD>
    <TD>25.1263</TD>
    <TD>0.247</TD>
    <TD>24.2177</TD>
    <TD>0.3477</TD>
    <TD>24.2177</TD>
    <TD>0.3477</TD>
    <TD>0.43</TD>
  </TR>
  <TR>
    <TD>95.0</TD>
    <TD>241.4355</TD>
    <TD>55.11105</TD>
    <TD>9.016</TD>
    <TD>27.536</TD>
    <TD>22.3328</TD>
    <TD>0.0425</TD>
    <TD>23.2674</TD>
    <TD>0.1615</TD>
    <TD>22.2635</TD>
    <TD>0.0436</TD>
    <TD>0.96</TD>
  </TR>
  <TR>
    <TD>96.0</TD>
    <TD>241.4326</TD>
    <TD>55.10616</TD>
    <TD>63.993</TD>
    <TD>45.741</TD>
    <TD>24.0462</TD>
    <TD>0.0895</TD>
    <TD>99.0</TD>
    <TD>99.0</TD>
    <TD>23.9869</TD>
    <TD>0.0915</TD>
    <TD>0.73</TD>
  </TR>
  <TR>
    <TD>97.0</TD>
    <TD>241.4339</TD>
    <TD>55.10312</TD>
    <TD>97.565</TD>
    <TD>37.349</TD>
    <TD>23.4635</TD>
    <TD>0.0816</TD>
    <TD>99.0</TD>
    <TD>99.0</TD>
    <TD>23.3526</TD>
    <TD>0.0842</TD>
    <TD>0.7</TD>
  </TR>
  <TR>
    <TD>98.0</TD>
    <TD>241.4334</TD>
    <TD>55.10334</TD>
    <TD>95.192</TD>
    <TD>40.088</TD>
    <TD>24.3834</TD>
    <TD>0.1287</TD>
    <TD>25.3816</TD>
    <TD>0.4665</TD>
    <TD>24.2587</TD>
    <TD>0.1331</TD>
    <TD>0.75</TD>
  </TR>
  <TR>
    <TD>99.0</TD>
    <TD>241.4302</TD>
    <TD>54.93388</TD>
    <TD>1961.894</TD>
    <TD>37.462</TD>
    <TD>24.2493</TD>
    <TD>0.1789</TD>
    <TD>22.9792</TD>
    <TD>0.2407</TD>
    <TD>22.9792</TD>
    <TD>0.2407</TD>
    <TD>0.5</TD>
  </TR>
  <TR>
    <TD>100.0</TD>
    <TD>241.434</TD>
    <TD>55.10443</TD>
    <TD>82.954</TD>
    <TD>36.294</TD>
    <TD>23.5712</TD>
    <TD>0.0865</TD>
    <TD>24.4613</TD>
    <TD>0.3022</TD>
    <TD>24.4613</TD>
    <TD>0.3022</TD>
    <TD>0.73</TD>
  </TR>
  <TR>
    <TD>101.0</TD>
    <TD>241.4337</TD>
    <TD>55.08562</TD>
    <TD>291.904</TD>
    <TD>36.712</TD>
    <TD>23.1815</TD>
    <TD>0.0983</TD>
    <TD>23.1423</TD>
    <TD>0.2384</TD>
    <TD>23.1423</TD>
    <TD>0.2384</TD>
    <TD>0.11</TD>
  </TR>
  <TR>
    <TD>102.0</TD>
    <TD>241.4333</TD>
    <TD>55.10561</TD>
    <TD>69.959</TD>
    <TD>41.425</TD>
    <TD>23.9061</TD>
    <TD>0.0968</TD>
    <TD>24.6681</TD>
    <TD>0.2972</TD>
    <TD>23.8078</TD>
    <TD>0.0997</TD>
    <TD>0.74</TD>
  </TR>
  <TR>
    <TD>103.0</TD>
    <TD>241.4328</TD>
    <TD>55.10066</TD>
    <TD>125.121</TD>
    <TD>43.62</TD>
    <TD>23.601</TD>
    <TD>0.0854</TD>
    <TD>24.6404</TD>
    <TD>0.339</TD>
    <TD>23.4969</TD>
    <TD>0.0881</TD>
    <TD>0.71</TD>
  </TR>
  <TR>
    <TD>104.0</TD>
    <TD>241.4331</TD>
    <TD>55.10408</TD>
    <TD>87.092</TD>
    <TD>42.156</TD>
    <TD>23.668</TD>
    <TD>0.0831</TD>
    <TD>25.4522</TD>
    <TD>0.6743</TD>
    <TD>25.4522</TD>
    <TD>0.6743</TD>
    <TD>0.72</TD>
  </TR>
  <TR>
    <TD>105.0</TD>
    <TD>241.4325</TD>
    <TD>55.10561</TD>
    <TD>70.209</TD>
    <TD>46.44</TD>
    <TD>24.308</TD>
    <TD>0.1116</TD>
    <TD>24.4792</TD>
    <TD>0.1842</TD>
    <TD>24.4792</TD>
    <TD>0.1842</TD>
    <TD>0.72</TD>
  </TR>
  <TR>
    <TD>106.0</TD>
    <TD>241.4321</TD>
    <TD>55.08576</TD>
    <TD>290.675</TD>
    <TD>46.705</TD>
    <TD>25.9438</TD>
    <TD>0.3701</TD>
    <TD>24.9741</TD>
    <TD>0.2992</TD>
    <TD>24.9741</TD>
    <TD>0.2992</TD>
    <TD>0.38</TD>
  </TR>
  <TR>
    <TD>107.0</TD>
    <TD>241.4311</TD>
    <TD>55.03506</TD>
    <TD>851.497</TD>
    <TD>46.509</TD>
    <TD>25.7478</TD>
    <TD>0.3556</TD>
    <TD>24.6407</TD>
    <TD>0.3613</TD>
    <TD>24.6407</TD>
    <TD>0.3613</TD>
    <TD>0.35</TD>
  </TR>
  <TR>
    <TD>108.0</TD>
    <TD>241.4345</TD>
    <TD>55.10811</TD>
    <TD>41.95</TD>
    <TD>33.906</TD>
    <TD>21.4943</TD>
    <TD>0.0302</TD>
    <TD>99.0</TD>
    <TD>99.0</TD>
    <TD>21.4132</TD>
    <TD>0.031</TD>
    <TD>0.21</TD>
  </TR>
  <TR>
    <TD>109.0</TD>
    <TD>241.4321</TD>
    <TD>55.09173</TD>
    <TD>224.479</TD>
    <TD>47.46</TD>
    <TD>25.0611</TD>
    <TD>0.1937</TD>
    <TD>25.1194</TD>
    <TD>0.551</TD>
    <TD>25.1194</TD>
    <TD>0.551</TD>
    <TD>0.39</TD>
  </TR>
  <TR>
    <TD>110.0</TD>
    <TD>241.432</TD>
    <TD>55.08952</TD>
    <TD>249.027</TD>
    <TD>47.477</TD>
    <TD>25.5813</TD>
    <TD>0.3712</TD>
    <TD>24.5542</TD>
    <TD>0.2352</TD>
    <TD>24.5542</TD>
    <TD>0.2352</TD>
    <TD>0.36</TD>
  </TR>
  <TR>
    <TD>111.0</TD>
    <TD>241.4313</TD>
    <TD>55.03009</TD>
    <TD>906.268</TD>
    <TD>44.704</TD>
    <TD>25.0394</TD>
    <TD>0.2457</TD>
    <TD>24.4634</TD>
    <TD>0.2353</TD>
    <TD>24.4634</TD>
    <TD>0.2353</TD>
    <TD>0.46</TD>
  </TR>
  <TR>
    <TD>112.0</TD>
    <TD>241.4294</TD>
    <TD>54.95109</TD>
    <TD>1773.774</TD>
    <TD>44.968</TD>
    <TD>25.3935</TD>
    <TD>0.2878</TD>
    <TD>24.0187</TD>
    <TD>0.3583</TD>
    <TD>24.0187</TD>
    <TD>0.3583</TD>
    <TD>0.47</TD>
  </TR>
  <TR>
    <TD>113.0</TD>
    <TD>241.4334</TD>
    <TD>55.11177</TD>
    <TD>1.489</TD>
    <TD>40.991</TD>
    <TD>23.6447</TD>
    <TD>0.0851</TD>
    <TD>24.2322</TD>
    <TD>0.1862</TD>
    <TD>23.5491</TD>
    <TD>0.0877</TD>
    <TD>0.89</TD>
  </TR>
  <TR>
    <TD>114.0</TD>
    <TD>241.4318</TD>
    <TD>55.06674</TD>
    <TD>501.506</TD>
    <TD>46.0</TD>
    <TD>24.8773</TD>
    <TD>0.2127</TD>
    <TD>25.2517</TD>
    <TD>0.3846</TD>
    <TD>25.2517</TD>
    <TD>0.3846</TD>
    <TD>0.38</TD>
  </TR>
  <TR>
    <TD>115.0</TD>
    <TD>241.4354</TD>
    <TD>55.10886</TD>
    <TD>33.367</TD>
    <TD>28.48</TD>
    <TD>21.6311</TD>
    <TD>0.033</TD>
    <TD>99.0</TD>
    <TD>99.0</TD>
    <TD>21.542</TD>
    <TD>0.034</TD>
    <TD>0.49</TD>
  </TR>
  <TR>
    <TD>116.0</TD>
    <TD>241.4333</TD>
    <TD>55.00968</TD>
    <TD>1130.523</TD>
    <TD>29.227</TD>
    <TD>21.5328</TD>
    <TD>0.0363</TD>
    <TD>21.4815</TD>
    <TD>0.0479</TD>
    <TD>21.4815</TD>
    <TD>0.0479</TD>
    <TD>0.01</TD>
  </TR>
  <TR>
    <TD>117.0</TD>
    <TD>241.4327</TD>
    <TD>55.10315</TD>
    <TD>97.527</TD>
    <TD>44.364</TD>
    <TD>24.0337</TD>
    <TD>0.1079</TD>
    <TD>24.5118</TD>
    <TD>0.2638</TD>
    <TD>23.9156</TD>
    <TD>0.1115</TD>
    <TD>0.68</TD>
  </TR>
  <TR>
    <TD>118.0</TD>
    <TD>241.432</TD>
    <TD>55.1062</TD>
    <TD>63.669</TD>
    <TD>49.25</TD>
    <TD>24.6331</TD>
    <TD>0.1188</TD>
    <TD>28.0459</TD>
    <TD>3.7989</TD>
    <TD>28.0459</TD>
    <TD>3.7989</TD>
    <TD>0.63</TD>
  </TR>
  <TR>
    <TD>119.0</TD>
    <TD>241.4317</TD>
    <TD>55.08752</TD>
    <TD>271.307</TD>
    <TD>49.581</TD>
    <TD>24.6169</TD>
    <TD>0.2083</TD>
    <TD>24.7192</TD>
    <TD>0.3704</TD>
    <TD>24.7192</TD>
    <TD>0.3704</TD>
    <TD>0.36</TD>
  </TR>
  <TR>
    <TD>120.0</TD>
    <TD>241.4311</TD>
    <TD>55.05784</TD>
    <TD>600.047</TD>
    <TD>49.385</TD>
    <TD>25.4515</TD>
    <TD>0.3031</TD>
    <TD>24.682</TD>
    <TD>0.4272</TD>
    <TD>24.682</TD>
    <TD>0.4272</TD>
    <TD>0.36</TD>
  </TR>
  <TR>
    <TD>121.0</TD>
    <TD>241.4282</TD>
    <TD>54.93127</TD>
    <TD>1990.666</TD>
    <TD>49.344</TD>
    <TD>25.9063</TD>
    <TD>0.358</TD>
    <TD>25.1348</TD>
    <TD>0.2489</TD>
    <TD>25.1348</TD>
    <TD>0.2489</TD>
    <TD>0.36</TD>
  </TR>
  <TR>
    <TD>122.0</TD>
    <TD>241.4327</TD>
    <TD>55.09228</TD>
    <TD>218.207</TD>
    <TD>43.414</TD>
    <TD>24.0173</TD>
    <TD>0.1455</TD>
    <TD>23.8571</TD>
    <TD>0.2428</TD>
    <TD>23.8571</TD>
    <TD>0.2428</TD>
    <TD>0.37</TD>
  </TR>
  <TR>
    <TD>123.0</TD>
    <TD>241.4315</TD>
    <TD>55.06448</TD>
    <TD>526.546</TD>
    <TD>47.965</TD>
    <TD>25.4481</TD>
    <TD>0.2724</TD>
    <TD>24.8309</TD>
    <TD>0.263</TD>
    <TD>24.8309</TD>
    <TD>0.263</TD>
    <TD>0.48</TD>
  </TR>
  <TR>
    <TD>124.0</TD>
    <TD>241.4323</TD>
    <TD>55.02553</TD>
    <TD>956.31</TD>
    <TD>38.117</TD>
    <TD>24.057</TD>
    <TD>0.1673</TD>
    <TD>23.1923</TD>
    <TD>0.1845</TD>
    <TD>23.1923</TD>
    <TD>0.1845</TD>
    <TD>0.35</TD>
  </TR>
  <TR>
    <TD>125.0</TD>
    <TD>241.4333</TD>
    <TD>55.10791</TD>
    <TD>44.431</TD>
    <TD>41.149</TD>
    <TD>23.0344</TD>
    <TD>0.0618</TD>
    <TD>27.667</TD>
    <TD>7.5659</TD>
    <TD>22.9512</TD>
    <TD>0.0635</TD>
    <TD>0.86</TD>
  </TR>
  <TR>
    <TD>126.0</TD>
    <TD>241.4333</TD>
    <TD>55.10599</TD>
    <TD>65.826</TD>
    <TD>41.201</TD>
    <TD>23.1976</TD>
    <TD>0.0651</TD>
    <TD>23.3323</TD>
    <TD>0.1092</TD>
    <TD>23.1213</TD>
    <TD>0.0668</TD>
    <TD>0.87</TD>
  </TR>
  <TR>
    <TD>127.0</TD>
    <TD>241.4328</TD>
    <TD>55.10369</TD>
    <TD>91.415</TD>
    <TD>43.956</TD>
    <TD>23.4377</TD>
    <TD>0.0798</TD>
    <TD>99.0</TD>
    <TD>99.0</TD>
    <TD>23.3309</TD>
    <TD>0.0823</TD>
    <TD>0.76</TD>
  </TR>
  <TR>
    <TD>128.0</TD>
    <TD>241.4321</TD>
    <TD>55.10469</TD>
    <TD>80.507</TD>
    <TD>48.853</TD>
    <TD>24.1186</TD>
    <TD>0.1162</TD>
    <TD>24.9606</TD>
    <TD>0.3965</TD>
    <TD>24.9606</TD>
    <TD>0.3965</TD>
    <TD>0.69</TD>
  </TR>
  <TR>
    <TD>129.0</TD>
    <TD>241.4312</TD>
    <TD>55.07721</TD>
    <TD>385.731</TD>
    <TD>51.55</TD>
    <TD>24.9346</TD>
    <TD>0.1918</TD>
    <TD>24.9227</TD>
    <TD>0.2969</TD>
    <TD>24.9227</TD>
    <TD>0.2969</TD>
    <TD>0.49</TD>
  </TR>
  <TR>
    <TD>130.0</TD>
    <TD>241.4302</TD>
    <TD>55.02818</TD>
    <TD>927.546</TD>
    <TD>51.765</TD>
    <TD>25.3406</TD>
    <TD>0.2476</TD>
    <TD>25.0078</TD>
    <TD>0.3206</TD>
    <TD>25.0078</TD>
    <TD>0.3206</TD>
    <TD>0.48</TD>
  </TR>
  <TR>
    <TD>131.0</TD>
    <TD>241.4322</TD>
    <TD>55.10102</TD>
    <TD>121.319</TD>
    <TD>47.846</TD>
    <TD>24.1218</TD>
    <TD>0.1029</TD>
    <TD>24.9742</TD>
    <TD>0.3332</TD>
    <TD>24.9742</TD>
    <TD>0.3332</TD>
    <TD>0.76</TD>
  </TR>
  <TR>
    <TD>132.0</TD>
    <TD>241.4322</TD>
    <TD>55.10024</TD>
    <TD>129.957</TD>
    <TD>47.434</TD>
    <TD>24.2491</TD>
    <TD>0.1147</TD>
    <TD>24.64</TD>
    <TD>0.2541</TD>
    <TD>24.1465</TD>
    <TD>0.1182</TD>
    <TD>0.67</TD>
  </TR>
  <TR>
    <TD>133.0</TD>
    <TD>241.4314</TD>
    <TD>55.10045</TD>
    <TD>127.749</TD>
    <TD>52.634</TD>
    <TD>25.4719</TD>
    <TD>0.2438</TD>
    <TD>24.674</TD>
    <TD>0.1777</TD>
    <TD>24.674</TD>
    <TD>0.1777</TD>
    <TD>0.62</TD>
  </TR>
  <TR>
    <TD>134.0</TD>
    <TD>241.4297</TD>
    <TD>55.0122</TD>
    <TD>1103.524</TD>
    <TD>52.488</TD>
    <TD>25.3238</TD>
    <TD>0.2946</TD>
    <TD>24.7726</TD>
    <TD>0.6152</TD>
    <TD>24.7726</TD>
    <TD>0.6152</TD>
    <TD>0.34</TD>
  </TR>
  <TR>
    <TD>135.0</TD>
    <TD>241.429</TD>
    <TD>54.98352</TD>
    <TD>1418.653</TD>
    <TD>52.694</TD>
    <TD>25.9255</TD>
    <TD>0.3642</TD>
    <TD>24.5238</TD>
    <TD>0.3389</TD>
    <TD>24.5238</TD>
    <TD>0.3389</TD>
    <TD>0.42</TD>
  </TR>
  <TR>
    <TD>136.0</TD>
    <TD>241.4313</TD>
    <TD>55.093</TD>
    <TD>210.506</TD>
    <TD>52.488</TD>
    <TD>25.1111</TD>
    <TD>0.2619</TD>
    <TD>24.2724</TD>
    <TD>0.3915</TD>
    <TD>24.2724</TD>
    <TD>0.3915</TD>
    <TD>0.4</TD>
  </TR>
  <TR>
    <TD>137.0</TD>
    <TD>241.4324</TD>
    <TD>55.1023</TD>
    <TD>107.045</TD>
    <TD>46.501</TD>
    <TD>23.7514</TD>
    <TD>0.1047</TD>
    <TD>24.1135</TD>
    <TD>0.2333</TD>
    <TD>23.5807</TD>
    <TD>0.1087</TD>
    <TD>0.67</TD>
  </TR>
  <TR>
    <TD>138.0</TD>
    <TD>241.4321</TD>
    <TD>55.10067</TD>
    <TD>125.172</TD>
    <TD>48.336</TD>
    <TD>24.319</TD>
    <TD>0.1303</TD>
    <TD>27.7104</TD>
    <TD>4.9387</TD>
    <TD>24.1736</TD>
    <TD>0.135</TD>
    <TD>0.84</TD>
  </TR>
  <TR>
    <TD>139.0</TD>
    <TD>241.431</TD>
    <TD>55.06123</TD>
    <TD>562.547</TD>
    <TD>50.959</TD>
    <TD>25.477</TD>
    <TD>0.2794</TD>
    <TD>24.8511</TD>
    <TD>0.2678</TD>
    <TD>24.8511</TD>
    <TD>0.2678</TD>
    <TD>0.35</TD>
  </TR>
  <TR>
    <TD>140.0</TD>
    <TD>241.4312</TD>
    <TD>55.08367</TD>
    <TD>314.018</TD>
    <TD>51.81</TD>
    <TD>25.0929</TD>
    <TD>0.2204</TD>
    <TD>24.7551</TD>
    <TD>0.2733</TD>
    <TD>24.7551</TD>
    <TD>0.2733</TD>
    <TD>0.47</TD>
  </TR>
  <TR>
    <TD>141.0</TD>
    <TD>241.4312</TD>
    <TD>55.07859</TD>
    <TD>370.341</TD>
    <TD>51.667</TD>
    <TD>25.0936</TD>
    <TD>0.2579</TD>
    <TD>24.4191</TD>
    <TD>0.2261</TD>
    <TD>24.4191</TD>
    <TD>0.2261</TD>
    <TD>0.48</TD>
  </TR>
  <TR>
    <TD>142.0</TD>
    <TD>241.4308</TD>
    <TD>55.08465</TD>
    <TD>303.256</TD>
    <TD>54.376</TD>
    <TD>25.7875</TD>
    <TD>0.3221</TD>
    <TD>25.1142</TD>
    <TD>0.4353</TD>
    <TD>25.1142</TD>
    <TD>0.4353</TD>
    <TD>0.36</TD>
  </TR>
  <TR>
    <TD>143.0</TD>
    <TD>241.4302</TD>
    <TD>55.04778</TD>
    <TD>711.359</TD>
    <TD>54.284</TD>
    <TD>25.5185</TD>
    <TD>0.254</TD>
    <TD>25.3778</TD>
    <TD>0.3092</TD>
    <TD>25.3778</TD>
    <TD>0.3092</TD>
    <TD>0.41</TD>
  </TR>
  <TR>
    <TD>144.0</TD>
    <TD>241.4336</TD>
    <TD>55.10916</TD>
    <TD>30.424</TD>
    <TD>39.555</TD>
    <TD>21.8442</TD>
    <TD>0.0382</TD>
    <TD>99.0</TD>
    <TD>99.0</TD>
    <TD>21.7386</TD>
    <TD>0.0394</TD>
    <TD>0.94</TD>
  </TR>
  <TR>
    <TD>145.0</TD>
    <TD>241.433</TD>
    <TD>55.09984</TD>
    <TD>134.179</TD>
    <TD>42.197</TD>
    <TD>22.8436</TD>
    <TD>0.0668</TD>
    <TD>99.0</TD>
    <TD>99.0</TD>
    <TD>22.6914</TD>
    <TD>0.0693</TD>
    <TD>0.93</TD>
  </TR>
  <TR>
    <TD>146.0</TD>
    <TD>241.4304</TD>
    <TD>55.06796</TD>
    <TD>488.252</TD>
    <TD>55.415</TD>
    <TD>24.6723</TD>
    <TD>0.1992</TD>
    <TD>24.8805</TD>
    <TD>0.2858</TD>
    <TD>24.8805</TD>
    <TD>0.2858</TD>
    <TD>0.35</TD>
  </TR>
  <TR>
    <TD>147.0</TD>
    <TD>241.4314</TD>
    <TD>55.10553</TD>
    <TD>71.329</TD>
    <TD>53.093</TD>
    <TD>24.1038</TD>
    <TD>0.1082</TD>
    <TD>24.9337</TD>
    <TD>0.3314</TD>
    <TD>24.9337</TD>
    <TD>0.3314</TD>
    <TD>0.71</TD>
  </TR>
  <TR>
    <TD>148.0</TD>
    <TD>241.4324</TD>
    <TD>55.00579</TD>
    <TD>1173.45</TD>
    <TD>34.416</TD>
    <TD>21.632</TD>
    <TD>0.0405</TD>
    <TD>21.5282</TD>
    <TD>0.0543</TD>
    <TD>21.5282</TD>
    <TD>0.0543</TD>
    <TD>0.0</TD>
  </TR>
  <TR>
    <TD>149.0</TD>
    <TD>241.4312</TD>
    <TD>55.05414</TD>
    <TD>640.916</TD>
    <TD>48.722</TD>
    <TD>24.1015</TD>
    <TD>0.1521</TD>
    <TD>23.8595</TD>
    <TD>0.3791</TD>
    <TD>23.8595</TD>
    <TD>0.3791</TD>
    <TD>0.51</TD>
  </TR>
  <TR>
    <TD>150.0</TD>
    <TD>241.4317</TD>
    <TD>55.10294</TD>
    <TD>100.093</TD>
    <TD>51.207</TD>
    <TD>23.7843</TD>
    <TD>0.096</TD>
    <TD>24.1439</TD>
    <TD>0.1933</TD>
    <TD>23.6674</TD>
    <TD>0.0991</TD>
    <TD>0.63</TD>
  </TR>
  <TR>
    <TD>151.0</TD>
    <TD>241.4308</TD>
    <TD>55.10166</TD>
    <TD>114.486</TD>
    <TD>56.424</TD>
    <TD>24.3007</TD>
    <TD>0.1011</TD>
    <TD>99.0</TD>
    <TD>99.0</TD>
    <TD>24.2405</TD>
    <TD>0.1034</TD>
    <TD>0.69</TD>
  </TR>
  <TR>
    <TD>152.0</TD>
    <TD>241.4307</TD>
    <TD>55.09205</TD>
    <TD>221.204</TD>
    <TD>56.166</TD>
    <TD>25.3176</TD>
    <TD>0.269</TD>
    <TD>25.0587</TD>
    <TD>0.3479</TD>
    <TD>25.0587</TD>
    <TD>0.3479</TD>
    <TD>0.48</TD>
  </TR>
  <TR>
    <TD>153.0</TD>
    <TD>241.4297</TD>
    <TD>55.04495</TD>
    <TD>742.693</TD>
    <TD>56.66</TD>
    <TD>26.0378</TD>
    <TD>0.4025</TD>
    <TD>24.8827</TD>
    <TD>0.2755</TD>
    <TD>24.8827</TD>
    <TD>0.2755</TD>
    <TD>0.36</TD>
  </TR>
  <TR>
    <TD>154.0</TD>
    <TD>241.4305</TD>
    <TD>55.06078</TD>
    <TD>567.618</TD>
    <TD>53.704</TD>
    <TD>25.3721</TD>
    <TD>0.331</TD>
    <TD>23.7616</TD>
    <TD>0.2859</TD>
    <TD>24.3231</TD>
    <TD>0.2515</TD>
    <TD>0.41</TD>
  </TR>
  <TR>
    <TD>155.0</TD>
    <TD>241.4316</TD>
    <TD>55.04264</TD>
    <TD>767.836</TD>
    <TD>44.82</TD>
    <TD>23.4935</TD>
    <TD>0.1165</TD>
    <TD>23.1767</TD>
    <TD>0.2036</TD>
    <TD>23.1767</TD>
    <TD>0.2036</TD>
    <TD>0.48</TD>
  </TR>
  <TR>
    <TD>156.0</TD>
    <TD>241.4291</TD>
    <TD>54.9841</TD>
    <TD>1412.342</TD>
    <TD>52.553</TD>
    <TD>23.6294</TD>
    <TD>0.0942</TD>
    <TD>23.675</TD>
    <TD>0.1369</TD>
    <TD>23.675</TD>
    <TD>0.1369</TD>
    <TD>0.66</TD>
  </TR>
  <TR>
    <TD>157.0</TD>
    <TD>241.4276</TD>
    <TD>54.92902</TD>
    <TD>2015.41</TD>
    <TD>52.681</TD>
    <TD>25.073</TD>
    <TD>0.2532</TD>
    <TD>24.6589</TD>
    <TD>0.3727</TD>
    <TD>24.6589</TD>
    <TD>0.3727</TD>
    <TD>0.47</TD>
  </TR>
  <TR>
    <TD>158.0</TD>
    <TD>241.4307</TD>
    <TD>55.08868</TD>
    <TD>258.597</TD>
    <TD>55.989</TD>
    <TD>25.1055</TD>
    <TD>0.2229</TD>
    <TD>24.7762</TD>
    <TD>0.3042</TD>
    <TD>24.7762</TD>
    <TD>0.3042</TD>
    <TD>0.48</TD>
  </TR>
  <TR>
    <TD>159.0</TD>
    <TD>241.4301</TD>
    <TD>55.07626</TD>
    <TD>396.389</TD>
    <TD>58.32</TD>
    <TD>25.5613</TD>
    <TD>0.2638</TD>
    <TD>25.2588</TD>
    <TD>0.278</TD>
    <TD>25.2588</TD>
    <TD>0.278</TD>
    <TD>0.38</TD>
  </TR>
  <TR>
    <TD>160.0</TD>
    <TD>241.4278</TD>
    <TD>54.97031</TD>
    <TD>1563.651</TD>
    <TD>58.326</TD>
    <TD>25.6323</TD>
    <TD>0.2808</TD>
    <TD>25.1963</TD>
    <TD>0.2629</TD>
    <TD>25.1963</TD>
    <TD>0.2629</TD>
    <TD>0.38</TD>
  </TR>
  <TR>
    <TD>161.0</TD>
    <TD>241.431</TD>
    <TD>55.10625</TD>
    <TD>63.447</TD>
    <TD>56.011</TD>
    <TD>23.6717</TD>
    <TD>0.0706</TD>
    <TD>24.7079</TD>
    <TD>0.2702</TD>
    <TD>23.6245</TD>
    <TD>0.072</TD>
    <TD>0.76</TD>
  </TR>
  <TR>
    <TD>162.0</TD>
    <TD>241.4327</TD>
    <TD>55.10857</TD>
    <TD>37.216</TD>
    <TD>45.15</TD>
    <TD>22.3965</TD>
    <TD>0.0475</TD>
    <TD>23.9934</TD>
    <TD>0.3617</TD>
    <TD>22.3035</TD>
    <TD>0.0489</TD>
    <TD>0.96</TD>
  </TR>
  <TR>
    <TD>163.0</TD>
    <TD>241.4327</TD>
    <TD>55.10283</TD>
    <TD>101.071</TD>
    <TD>44.917</TD>
    <TD>23.1569</TD>
    <TD>0.0704</TD>
    <TD>99.0</TD>
    <TD>99.0</TD>
    <TD>23.0484</TD>
    <TD>0.0727</TD>
    <TD>0.75</TD>
  </TR>
  <TR>
    <TD>164.0</TD>
    <TD>241.4305</TD>
    <TD>54.98407</TD>
    <TD>1412.37</TD>
    <TD>43.327</TD>
    <TD>23.1423</TD>
    <TD>0.0909</TD>
    <TD>22.8435</TD>
    <TD>0.1459</TD>
    <TD>22.8435</TD>
    <TD>0.1459</TD>
    <TD>0.32</TD>
  </TR>
  <TR>
    <TD>165.0</TD>
    <TD>241.4273</TD>
    <TD>54.942</TD>
    <TD>1873.573</TD>
    <TD>56.74</TD>
    <TD>25.1858</TD>
    <TD>0.2393</TD>
    <TD>24.865</TD>
    <TD>0.3297</TD>
    <TD>24.865</TD>
    <TD>0.3297</TD>
    <TD>0.45</TD>
  </TR>
  <TR>
    <TD>166.0</TD>
    <TD>241.4312</TD>
    <TD>55.10586</TD>
    <TD>67.708</TD>
    <TD>54.376</TD>
    <TD>23.7725</TD>
    <TD>0.099</TD>
    <TD>99.0</TD>
    <TD>99.0</TD>
    <TD>23.6388</TD>
    <TD>0.1025</TD>
    <TD>0.72</TD>
  </TR>
  <TR>
    <TD>167.0</TD>
    <TD>241.4312</TD>
    <TD>55.09411</TD>
    <TD>198.209</TD>
    <TD>53.207</TD>
    <TD>24.5546</TD>
    <TD>0.197</TD>
    <TD>24.533</TD>
    <TD>0.3599</TD>
    <TD>24.533</TD>
    <TD>0.3599</TD>
    <TD>0.5</TD>
  </TR>
  <TR>
    <TD>168.0</TD>
    <TD>241.4307</TD>
    <TD>55.10596</TD>
    <TD>66.673</TD>
    <TD>57.656</TD>
    <TD>24.1064</TD>
    <TD>0.1085</TD>
    <TD>99.0</TD>
    <TD>99.0</TD>
    <TD>24.0001</TD>
    <TD>0.1119</TD>
    <TD>0.67</TD>
  </TR>
  <TR>
    <TD>169.0</TD>
    <TD>241.4298</TD>
    <TD>55.08023</TD>
    <TD>352.471</TD>
    <TD>60.484</TD>
    <TD>25.3822</TD>
    <TD>0.2569</TD>
    <TD>25.1105</TD>
    <TD>0.3385</TD>
    <TD>25.1105</TD>
    <TD>0.3385</TD>
    <TD>0.43</TD>
  </TR>
  <TR>
    <TD>170.0</TD>
    <TD>241.4303</TD>
    <TD>55.06114</TD>
    <TD>563.703</TD>
    <TD>54.873</TD>
    <TD>24.819</TD>
    <TD>0.2149</TD>
    <TD>23.6013</TD>
    <TD>0.2604</TD>
    <TD>24.3918</TD>
    <TD>0.2172</TD>
    <TD>0.48</TD>
  </TR>
  <TR>
    <TD>171.0</TD>
    <TD>241.4266</TD>
    <TD>54.93639</TD>
    <TD>1935.033</TD>
    <TD>60.547</TD>
    <TD>25.4682</TD>
    <TD>0.2772</TD>
    <TD>25.0971</TD>
    <TD>0.3344</TD>
    <TD>25.0971</TD>
    <TD>0.3344</TD>
    <TD>0.48</TD>
  </TR>
  <TR>
    <TD>172.0</TD>
    <TD>241.4305</TD>
    <TD>55.10442</TD>
    <TD>83.811</TD>
    <TD>58.865</TD>
    <TD>23.6764</TD>
    <TD>0.0947</TD>
    <TD>25.4144</TD>
    <TD>0.7329</TD>
    <TD>23.543</TD>
    <TD>0.098</TD>
    <TD>0.71</TD>
  </TR>
  <TR>
    <TD>173.0</TD>
    <TD>241.43</TD>
    <TD>55.07698</TD>
    <TD>388.46</TD>
    <TD>59.039</TD>
    <TD>25.4916</TD>
    <TD>0.2831</TD>
    <TD>24.7297</TD>
    <TD>0.38</TD>
    <TD>24.7297</TD>
    <TD>0.38</TD>
    <TD>0.42</TD>
  </TR>
  <TR>
    <TD>174.0</TD>
    <TD>241.4298</TD>
    <TD>55.088</TD>
    <TD>266.319</TD>
    <TD>61.64</TD>
    <TD>25.4451</TD>
    <TD>0.2382</TD>
    <TD>25.0618</TD>
    <TD>0.5064</TD>
    <TD>25.0618</TD>
    <TD>0.5064</TD>
    <TD>0.43</TD>
  </TR>
  <TR>
    <TD>175.0</TD>
    <TD>241.4303</TD>
    <TD>55.10589</TD>
    <TD>67.596</TD>
    <TD>60.181</TD>
    <TD>23.7368</TD>
    <TD>0.0921</TD>
    <TD>23.7298</TD>
    <TD>0.1438</TD>
    <TD>23.7298</TD>
    <TD>0.1438</TD>
    <TD>0.74</TD>
  </TR>
  <TR>
    <TD>176.0</TD>
    <TD>241.4291</TD>
    <TD>54.92973</TD>
    <TD>2007.401</TD>
    <TD>43.454</TD>
    <TD>23.227</TD>
    <TD>0.1078</TD>
    <TD>22.3013</TD>
    <TD>0.1578</TD>
    <TD>22.3013</TD>
    <TD>0.1578</TD>
    <TD>0.0</TD>
  </TR>
  <TR>
    <TD>177.0</TD>
    <TD>241.4261</TD>
    <TD>54.93799</TD>
    <TD>1917.66</TD>
    <TD>63.694</TD>
    <TD>25.9829</TD>
    <TD>0.3833</TD>
    <TD>24.7519</TD>
    <TD>0.3816</TD>
    <TD>24.7519</TD>
    <TD>0.3816</TD>
    <TD>0.35</TD>
  </TR>
  <TR>
    <TD>178.0</TD>
    <TD>241.4349</TD>
    <TD>55.10958</TD>
    <TD>25.52</TD>
    <TD>31.735</TD>
    <TD>21.6025</TD>
    <TD>0.0299</TD>
    <TD>99.0</TD>
    <TD>99.0</TD>
    <TD>21.5368</TD>
    <TD>0.0306</TD>
    <TD>0.92</TD>
  </TR>
  <TR>
    <TD>179.0</TD>
    <TD>241.4367</TD>
    <TD>55.02231</TD>
    <TD>990.916</TD>
    <TD>9.705</TD>
    <TD>18.3801</TD>
    <TD>0.0054</TD>
    <TD>18.3798</TD>
    <TD>0.0060</TD>
    <TD>18.3798</TD>
    <TD>0.0060</TD>
    <TD>0.03</TD>
  </TR>
  <TR>
    <TD>180.0</TD>
    <TD>241.4312</TD>
    <TD>55.10487</TD>
    <TD>78.644</TD>
    <TD>54.199</TD>
    <TD>22.4138</TD>
    <TD>0.0489</TD>
    <TD>22.9823</TD>
    <TD>0.1276</TD>
    <TD>22.3138</TD>
    <TD>0.0504</TD>
    <TD>0.95</TD>
  </TR>
  <TR>
    <TD>181.0</TD>
    <TD>241.4296</TD>
    <TD>55.06102</TD>
    <TD>565.233</TD>
    <TD>59.518</TD>
    <TD>24.4927</TD>
    <TD>0.1865</TD>
    <TD>23.8196</TD>
    <TD>0.2588</TD>
    <TD>23.8196</TD>
    <TD>0.2588</TD>
    <TD>0.36</TD>
  </TR>
  <TR>
    <TD>182.0</TD>
    <TD>241.43</TD>
    <TD>55.10675</TD>
    <TD>58.091</TD>
    <TD>62.073</TD>
    <TD>23.6027</TD>
    <TD>0.0888</TD>
    <TD>99.0</TD>
    <TD>99.0</TD>
    <TD>23.483</TD>
    <TD>0.0918</TD>
    <TD>0.66</TD>
  </TR>
  <TR>
    <TD>183.0</TD>
    <TD>241.4286</TD>
    <TD>55.07073</TD>
    <TD>457.95</TD>
    <TD>67.0</TD>
    <TD>25.4475</TD>
    <TD>0.2387</TD>
    <TD>25.617</TD>
    <TD>0.4127</TD>
    <TD>25.617</TD>
    <TD>0.4127</TD>
    <TD>0.44</TD>
  </TR>
  <TR>
    <TD>184.0</TD>
    <TD>241.429</TD>
    <TD>54.93444</TD>
    <TD>1955.908</TD>
    <TD>44.941</TD>
    <TD>23.0312</TD>
    <TD>0.101</TD>
    <TD>22.6651</TD>
    <TD>0.1814</TD>
    <TD>22.6651</TD>
    <TD>0.1814</TD>
    <TD>0.0</TD>
  </TR>
  <TR>
    <TD>185.0</TD>
    <TD>241.43</TD>
    <TD>55.08995</TD>
    <TD>244.648</TD>
    <TD>60.274</TD>
    <TD>25.2063</TD>
    <TD>0.2653</TD>
    <TD>24.8173</TD>
    <TD>0.3323</TD>
    <TD>24.8173</TD>
    <TD>0.3323</TD>
    <TD>0.41</TD>
  </TR>
  <TR>
    <TD>186.0</TD>
    <TD>241.4286</TD>
    <TD>55.06012</TD>
    <TD>575.312</TD>
    <TD>65.665</TD>
    <TD>25.4671</TD>
    <TD>0.2428</TD>
    <TD>24.926</TD>
    <TD>0.2865</TD>
    <TD>24.926</TD>
    <TD>0.2865</TD>
    <TD>0.37</TD>
  </TR>
  <TR>
    <TD>187.0</TD>
    <TD>241.4281</TD>
    <TD>55.03258</TD>
    <TD>879.503</TD>
    <TD>65.455</TD>
    <TD>25.1827</TD>
    <TD>0.2793</TD>
    <TD>24.2095</TD>
    <TD>0.3047</TD>
    <TD>24.2095</TD>
    <TD>0.3047</TD>
    <TD>0.42</TD>
  </TR>
  <TR>
    <TD>188.0</TD>
    <TD>241.4297</TD>
    <TD>55.08568</TD>
    <TD>292.044</TD>
    <TD>61.475</TD>
    <TD>24.9729</TD>
    <TD>0.2156</TD>
    <TD>25.9231</TD>
    <TD>1.7353</TD>
    <TD>25.9231</TD>
    <TD>1.7353</TD>
    <TD>0.37</TD>
  </TR>
  <TR>
    <TD>189.0</TD>
    <TD>241.4285</TD>
    <TD>55.0611</TD>
    <TD>564.538</TD>
    <TD>66.489</TD>
    <TD>25.4977</TD>
    <TD>0.2846</TD>
    <TD>25.1561</TD>
    <TD>0.3527</TD>
    <TD>25.1561</TD>
    <TD>0.3527</TD>
    <TD>0.38</TD>
  </TR>
  <TR>
    <TD>190.0</TD>
    <TD>241.43</TD>
    <TD>55.09373</TD>
    <TD>202.752</TD>
    <TD>60.547</TD>
    <TD>23.6335</TD>
    <TD>0.1224</TD>
    <TD>23.6594</TD>
    <TD>0.3351</TD>
    <TD>23.2363</TD>
    <TD>0.1246</TD>
    <TD>0.53</TD>
  </TR>
  <TR>
    <TD>191.0</TD>
    <TD>241.4294</TD>
    <TD>55.08752</TD>
    <TD>271.812</TD>
    <TD>64.019</TD>
    <TD>24.8905</TD>
    <TD>0.229</TD>
    <TD>24.6598</TD>
    <TD>0.2949</TD>
    <TD>24.6598</TD>
    <TD>0.2949</TD>
    <TD>0.37</TD>
  </TR>
  <TR>
    <TD>192.0</TD>
    <TD>241.4292</TD>
    <TD>55.08866</TD>
    <TD>259.143</TD>
    <TD>64.959</TD>
    <TD>24.2374</TD>
    <TD>0.1717</TD>
    <TD>24.3743</TD>
    <TD>0.4353</TD>
    <TD>24.3743</TD>
    <TD>0.4353</TD>
    <TD>0.4</TD>
  </TR>
  <TR>
    <TD>193.0</TD>
    <TD>241.4286</TD>
    <TD>55.05393</TD>
    <TD>643.748</TD>
    <TD>65.132</TD>
    <TD>25.1127</TD>
    <TD>0.2794</TD>
    <TD>24.4461</TD>
    <TD>0.4157</TD>
    <TD>24.4461</TD>
    <TD>0.4157</TD>
    <TD>0.37</TD>
  </TR>
  <TR>
    <TD>194.0</TD>
    <TD>241.4283</TD>
    <TD>55.05957</TD>
    <TD>581.483</TD>
    <TD>67.516</TD>
    <TD>25.6264</TD>
    <TD>0.3191</TD>
    <TD>24.0171</TD>
    <TD>0.2916</TD>
    <TD>24.0171</TD>
    <TD>0.2916</TD>
    <TD>0.38</TD>
  </TR>
  <TR>
    <TD>195.0</TD>
    <TD>241.4268</TD>
    <TD>54.98866</TD>
    <TD>1362.628</TD>
    <TD>67.283</TD>
    <TD>25.6347</TD>
    <TD>0.2814</TD>
    <TD>25.0438</TD>
    <TD>0.5949</TD>
    <TD>25.0438</TD>
    <TD>0.5949</TD>
    <TD>0.36</TD>
  </TR>
  <TR>
    <TD>196.0</TD>
    <TD>241.4277</TD>
    <TD>55.04813</TD>
    <TD>707.986</TD>
    <TD>70.0</TD>
    <TD>25.3345</TD>
    <TD>0.2162</TD>
    <TD>25.8866</TD>
    <TD>0.7129</TD>
    <TD>25.8866</TD>
    <TD>0.7129</TD>
    <TD>0.47</TD>
  </TR>
  <TR>
    <TD>197.0</TD>
    <TD>241.4289</TD>
    <TD>54.97686</TD>
    <TD>1491.766</TD>
    <TD>52.583</TD>
    <TD>22.9404</TD>
    <TD>0.0894</TD>
    <TD>22.404</TD>
    <TD>0.1512</TD>
    <TD>22.404</TD>
    <TD>0.1512</TD>
    <TD>0.02</TD>
  </TR>
  <TR>
    <TD>198.0</TD>
    <TD>241.429</TD>
    <TD>55.09482</TD>
    <TD>190.843</TD>
    <TD>67.186</TD>
    <TD>25.2369</TD>
    <TD>0.2504</TD>
    <TD>24.9863</TD>
    <TD>0.3144</TD>
    <TD>24.9863</TD>
    <TD>0.3144</TD>
    <TD>0.42</TD>
  </TR>
  <TR>
    <TD>199.0</TD>
    <TD>241.4276</TD>
    <TD>55.02019</TD>
    <TD>1016.012</TD>
    <TD>66.739</TD>
    <TD>24.9457</TD>
    <TD>0.226</TD>
    <TD>24.4644</TD>
    <TD>0.2414</TD>
    <TD>24.4644</TD>
    <TD>0.2414</TD>
    <TD>0.42</TD>
  </TR>
  <TR>
    <TD>200.0</TD>
    <TD>241.4297</TD>
    <TD>55.1048</TD>
    <TD>79.853</TD>
    <TD>64.126</TD>
    <TD>23.7637</TD>
    <TD>0.0901</TD>
    <TD>25.5942</TD>
    <TD>0.8244</TD>
    <TD>23.6675</TD>
    <TD>0.0928</TD>
    <TD>0.7</TD>
  </TR>
  <TR>
    <TD>201.0</TD>
    <TD>241.4296</TD>
    <TD>55.09287</TD>
    <TD>212.397</TD>
    <TD>63.134</TD>
    <TD>24.0484</TD>
    <TD>0.1406</TD>
    <TD>23.8663</TD>
    <TD>0.227</TD>
    <TD>23.8663</TD>
    <TD>0.227</TD>
    <TD>0.5</TD>
  </TR>
  <TR>
    <TD>202.0</TD>
    <TD>241.429</TD>
    <TD>55.105</TD>
    <TD>77.746</TD>
    <TD>68.285</TD>
    <TD>25.4986</TD>
    <TD>0.2848</TD>
    <TD>25.9002</TD>
    <TD>0.665</TD>
    <TD>25.1255</TD>
    <TD>0.2913</TD>
    <TD>0.55</TD>
  </TR>
  <TR>
    <TD>203.0</TD>
    <TD>241.4343</TD>
    <TD>55.03268</TD>
    <TD>877.158</TD>
    <TD>26.375</TD>
    <TD>19.0825</TD>
    <TD>0.0070</TD>
    <TD>19.0946</TD>
    <TD>0.0073</TD>
    <TD>19.0946</TD>
    <TD>0.0073</TD>
    <TD>0.2</TD>
  </TR>
  <TR>
    <TD>204.0</TD>
    <TD>241.4286</TD>
    <TD>54.96108</TD>
    <TD>1664.631</TD>
    <TD>52.044</TD>
    <TD>21.6676</TD>
    <TD>0.0414</TD>
    <TD>21.5085</TD>
    <TD>0.0642</TD>
    <TD>21.5085</TD>
    <TD>0.0642</TD>
    <TD>0.03</TD>
  </TR>
  <TR>
    <TD>205.0</TD>
    <TD>241.4298</TD>
    <TD>55.10531</TD>
    <TD>74.141</TD>
    <TD>63.53</TD>
    <TD>23.5416</TD>
    <TD>0.0843</TD>
    <TD>99.0</TD>
    <TD>99.0</TD>
    <TD>23.4321</TD>
    <TD>0.087</TD>
    <TD>0.73</TD>
  </TR>
  <TR>
    <TD>206.0</TD>
    <TD>241.4288</TD>
    <TD>55.06625</TD>
    <TD>507.481</TD>
    <TD>65.004</TD>
    <TD>24.8558</TD>
    <TD>0.2087</TD>
    <TD>24.9403</TD>
    <TD>0.4062</TD>
    <TD>24.9403</TD>
    <TD>0.4062</TD>
    <TD>0.37</TD>
  </TR>
  <TR>
    <TD>207.0</TD>
    <TD>241.429</TD>
    <TD>55.05273</TD>
    <TD>657.002</TD>
    <TD>62.546</TD>
    <TD>23.8137</TD>
    <TD>0.1438</TD>
    <TD>23.3639</TD>
    <TD>0.2744</TD>
    <TD>23.3639</TD>
    <TD>0.2744</TD>
    <TD>0.55</TD>
  </TR>
  <TR>
    <TD>208.0</TD>
    <TD>241.4271</TD>
    <TD>55.03636</TD>
    <TD>838.033</TD>
    <TD>72.247</TD>
    <TD>25.9089</TD>
    <TD>0.4109</TD>
    <TD>24.9871</TD>
    <TD>0.3146</TD>
    <TD>24.9871</TD>
    <TD>0.3146</TD>
    <TD>0.33</TD>
  </TR>
  <TR>
    <TD>209.0</TD>
    <TD>241.4281</TD>
    <TD>55.09488</TD>
    <TD>190.316</TD>
    <TD>72.65</TD>
    <TD>25.6143</TD>
    <TD>0.2764</TD>
    <TD>25.6382</TD>
    <TD>0.3907</TD>
    <TD>25.6382</TD>
    <TD>0.3907</TD>
    <TD>0.37</TD>
  </TR>
  <TR>
    <TD>210.0</TD>
    <TD>241.4269</TD>
    <TD>55.00883</TD>
    <TD>1141.18</TD>
    <TD>69.767</TD>
    <TD>25.2251</TD>
    <TD>0.2478</TD>
    <TD>24.8892</TD>
    <TD>0.288</TD>
    <TD>24.8892</TD>
    <TD>0.288</TD>
    <TD>0.41</TD>
  </TR>
  <TR>
    <TD>211.0</TD>
    <TD>241.421</TD>
    <TD>55.02534</TD>
    <TD>960.606</TD>
    <TD>109.513</TD>
    <TD>13.8138</TD>
    <TD>4.0E-4</TD>
    <TD>13.845</TD>
    <TD>4.0E-4</TD>
    <TD>13.845</TD>
    <TD>4.0E-4</TD>
    <TD>0.76</TD>
  </TR>
  <TR>
    <TD>212.0</TD>
    <TD>241.4293</TD>
    <TD>55.1033</TD>
    <TD>96.57</TD>
    <TD>66.007</TD>
    <TD>20.3285</TD>
    <TD>0.0203</TD>
    <TD>99.0</TD>
    <TD>99.0</TD>
    <TD>20.1934</TD>
    <TD>0.021</TD>
    <TD>0.02</TD>
  </TR>
  <TR>
    <TD>213.0</TD>
    <TD>241.433</TD>
    <TD>55.10715</TD>
    <TD>52.917</TD>
    <TD>43.37</TD>
    <TD>20.7004</TD>
    <TD>0.0217</TD>
    <TD>99.0</TD>
    <TD>99.0</TD>
    <TD>20.6082</TD>
    <TD>0.0223</TD>
    <TD>0.02</TD>
  </TR>
  <TR>
    <TD>214.0</TD>
    <TD>241.4342</TD>
    <TD>55.11121</TD>
    <TD>7.482</TD>
    <TD>35.721</TD>
    <TD>21.0792</TD>
    <TD>0.0246</TD>
    <TD>99.0</TD>
    <TD>99.0</TD>
    <TD>21.0022</TD>
    <TD>0.0252</TD>
    <TD>0.06</TD>
  </TR>
  <TR>
    <TD>215.0</TD>
    <TD>241.4316</TD>
    <TD>55.10888</TD>
    <TD>34.026</TD>
    <TD>52.121</TD>
    <TD>20.0834</TD>
    <TD>0.0156</TD>
    <TD>99.0</TD>
    <TD>99.0</TD>
    <TD>20.006</TD>
    <TD>0.016</TD>
    <TD>0.02</TD>
  </TR>
  <TR>
    <TD>216.0</TD>
    <TD>241.4279</TD>
    <TD>55.1118</TD>
    <TD>2.357</TD>
    <TD>76.051</TD>
    <TD>21.4141</TD>
    <TD>0.0303</TD>
    <TD>22.091</TD>
    <TD>0.0888</TD>
    <TD>21.3204</TD>
    <TD>0.0312</TD>
    <TD>0.52</TD>
  </TR>
  <TR>
    <TD>217.0</TD>
    <TD>241.4306</TD>
    <TD>55.10975</TD>
    <TD>24.492</TD>
    <TD>58.742</TD>
    <TD>20.9431</TD>
    <TD>0.0248</TD>
    <TD>99.0</TD>
    <TD>99.0</TD>
    <TD>20.8443</TD>
    <TD>0.0255</TD>
    <TD>0.02</TD>
  </TR>
  <TR>
    <TD>218.0</TD>
    <TD>241.4308</TD>
    <TD>55.11143</TD>
    <TD>5.833</TD>
    <TD>57.29</TD>
    <TD>21.0125</TD>
    <TD>0.0251</TD>
    <TD>21.8926</TD>
    <TD>0.0925</TD>
    <TD>20.9194</TD>
    <TD>0.0259</TD>
    <TD>0.05</TD>
  </TR>
  <TR>
    <TD>219.0</TD>
    <TD>241.4348</TD>
    <TD>55.11029</TD>
    <TD>17.581</TD>
    <TD>31.86</TD>
    <TD>21.2332</TD>
    <TD>0.0264</TD>
    <TD>99.0</TD>
    <TD>99.0</TD>
    <TD>21.156</TD>
    <TD>0.0271</TD>
    <TD>0.11</TD>
  </TR>
  <TR>
    <TD>220.0</TD>
    <TD>241.4233</TD>
    <TD>54.99113</TD>
    <TD>1336.219</TD>
    <TD>89.695</TD>
    <TD>22.4243</TD>
    <TD>0.0633</TD>
    <TD>22.2289</TD>
    <TD>0.0988</TD>
    <TD>22.2289</TD>
    <TD>0.0988</TD>
    <TD>0.23</TD>
  </TR>
  <TR>
    <TD>221.0</TD>
    <TD>241.4273</TD>
    <TD>54.99699</TD>
    <TD>1271.207</TD>
    <TD>65.773</TD>
    <TD>16.0543</TD>
    <TD>0.0013</TD>
    <TD>16.0896</TD>
    <TD>0.0011</TD>
    <TD>16.0896</TD>
    <TD>0.0011</TD>
    <TD>0.96</TD>
  </TR>
  <TR>
    <TD>222.0</TD>
    <TD>241.43</TD>
    <TD>55.08188</TD>
    <TD>334.123</TD>
    <TD>59.285</TD>
    <TD>19.5518</TD>
    <TD>0.0101</TD>
    <TD>19.5698</TD>
    <TD>0.0113</TD>
    <TD>19.5698</TD>
    <TD>0.0113</TD>
    <TD>0.05</TD>
  </TR>
  <TR>
    <TD>223.0</TD>
    <TD>241.4309</TD>
    <TD>54.96762</TD>
    <TD>1592.63</TD>
    <TD>38.514</TD>
    <TD>18.0835</TD>
    <TD>0.0054</TD>
    <TD>18.0727</TD>
    <TD>0.0061</TD>
    <TD>18.0727</TD>
    <TD>0.0061</TD>
    <TD>0.03</TD>
  </TR>
  <TR>
    <TD>224.0</TD>
    <TD>241.433</TD>
    <TD>55.07084</TD>
    <TD>455.84</TD>
    <TD>39.358</TD>
    <TD>20.6649</TD>
    <TD>0.0249</TD>
    <TD>20.7659</TD>
    <TD>0.0348</TD>
    <TD>20.7659</TD>
    <TD>0.0348</TD>
    <TD>0.01</TD>
  </TR>
  <TR>
    <TD>225.0</TD>
    <TD>241.4328</TD>
    <TD>55.08225</TD>
    <TD>329.471</TD>
    <TD>42.045</TD>
    <TD>23.8645</TD>
    <TD>0.1306</TD>
    <TD>24.1339</TD>
    <TD>0.2923</TD>
    <TD>24.1339</TD>
    <TD>0.2923</TD>
    <TD>0.5</TD>
  </TR>
  <TR>
    <TD>226.0</TD>
    <TD>241.4354</TD>
    <TD>54.95454</TD>
    <TD>1734.971</TD>
    <TD>8.113</TD>
    <TD>16.7174</TD>
    <TD>0.0021</TD>
    <TD>16.747</TD>
    <TD>0.0020</TD>
    <TD>16.747</TD>
    <TD>0.0020</TD>
    <TD>0.03</TD>
  </TR>
  <TR>
    <TD>227.0</TD>
    <TD>241.432</TD>
    <TD>55.10183</TD>
    <TD>112.3</TD>
    <TD>48.753</TD>
    <TD>22.1122</TD>
    <TD>0.0466</TD>
    <TD>99.0</TD>
    <TD>99.0</TD>
    <TD>21.9731</TD>
    <TD>0.0483</TD>
    <TD>0.96</TD>
  </TR>
  <TR>
    <TD>228.0</TD>
    <TD>241.4067</TD>
    <TD>54.9355</TD>
    <TD>1948.337</TD>
    <TD>186.021</TD>
    <TD>17.9153</TD>
    <TD>0.0047</TD>
    <TD>17.8978</TD>
    <TD>0.0050</TD>
    <TD>17.8758</TD>
    <TD>0.0048</TD>
    <TD>0.03</TD>
  </TR>
  <TR>
    <TD>229.0</TD>
    <TD>241.4323</TD>
    <TD>55.11164</TD>
    <TD>3.122</TD>
    <TD>47.811</TD>
    <TD>21.8197</TD>
    <TD>0.0356</TD>
    <TD>22.2864</TD>
    <TD>0.0815</TD>
    <TD>21.7339</TD>
    <TD>0.0366</TD>
    <TD>0.98</TD>
  </TR>
  <TR>
    <TD>230.0</TD>
    <TD>241.427</TD>
    <TD>55.06234</TD>
    <TD>551.129</TD>
    <TD>76.082</TD>
    <TD>20.8995</TD>
    <TD>0.0229</TD>
    <TD>20.9114</TD>
    <TD>0.0281</TD>
    <TD>20.9114</TD>
    <TD>0.0281</TD>
    <TD>0.07</TD>
  </TR>
  <TR>
    <TD>231.0</TD>
    <TD>241.4314</TD>
    <TD>55.11072</TD>
    <TD>13.546</TD>
    <TD>53.931</TD>
    <TD>21.2401</TD>
    <TD>0.0274</TD>
    <TD>99.0</TD>
    <TD>99.0</TD>
    <TD>21.1532</TD>
    <TD>0.0282</TD>
    <TD>0.03</TD>
  </TR>
  <TR>
    <TD>232.0</TD>
    <TD>241.4309</TD>
    <TD>55.10121</TD>
    <TD>119.484</TD>
    <TD>55.769</TD>
    <TD>22.3519</TD>
    <TD>0.0564</TD>
    <TD>99.0</TD>
    <TD>99.0</TD>
    <TD>22.1635</TD>
    <TD>0.0586</TD>
    <TD>0.8</TD>
  </TR>
  <TR>
    <TD>233.0</TD>
    <TD>241.4312</TD>
    <TD>55.10372</TD>
    <TD>91.465</TD>
    <TD>54.432</TD>
    <TD>22.4385</TD>
    <TD>0.0557</TD>
    <TD>99.0</TD>
    <TD>99.0</TD>
    <TD>22.2843</TD>
    <TD>0.0577</TD>
    <TD>0.94</TD>
  </TR>
  <TR>
    <TD>234.0</TD>
    <TD>241.4299</TD>
    <TD>55.00831</TD>
    <TD>1146.284</TD>
    <TD>50.979</TD>
    <TD>22.7157</TD>
    <TD>0.0805</TD>
    <TD>22.5327</TD>
    <TD>0.1253</TD>
    <TD>22.5327</TD>
    <TD>0.1253</TD>
    <TD>0.0</TD>
  </TR>
  <TR>
    <TD>235.0</TD>
    <TD>241.4262</TD>
    <TD>54.98806</TD>
    <TD>1369.355</TD>
    <TD>71.265</TD>
    <TD>24.6292</TD>
    <TD>0.1918</TD>
    <TD>24.2122</TD>
    <TD>0.2783</TD>
    <TD>24.2122</TD>
    <TD>0.2783</TD>
    <TD>0.43</TD>
  </TR>
  <TR>
    <TD>236.0</TD>
    <TD>241.4291</TD>
    <TD>55.02504</TD>
    <TD>962.334</TD>
    <TD>57.939</TD>
    <TD>22.8681</TD>
    <TD>0.0847</TD>
    <TD>21.6926</TD>
    <TD>0.097</TD>
    <TD>22.4968</TD>
    <TD>0.0867</TD>
    <TD>0.01</TD>
  </TR>
  <TR>
    <TD>237.0</TD>
    <TD>241.4248</TD>
    <TD>55.10606</TD>
    <TD>66.863</TD>
    <TD>95.099</TD>
    <TD>20.6988</TD>
    <TD>0.0241</TD>
    <TD>99.0</TD>
    <TD>99.0</TD>
    <TD>20.5634</TD>
    <TD>0.025</TD>
    <TD>0.01</TD>
  </TR>
  <TR>
    <TD>238.0</TD>
    <TD>241.4304</TD>
    <TD>55.10232</TD>
    <TD>107.156</TD>
    <TD>59.118</TD>
    <TD>22.3191</TD>
    <TD>0.0474</TD>
    <TD>99.0</TD>
    <TD>99.0</TD>
    <TD>22.2142</TD>
    <TD>0.0489</TD>
    <TD>0.92</TD>
  </TR>
  <TR>
    <TD>239.0</TD>
    <TD>241.4279</TD>
    <TD>55.04076</TD>
    <TD>789.338</TD>
    <TD>67.609</TD>
    <TD>22.3891</TD>
    <TD>0.0736</TD>
    <TD>21.892</TD>
    <TD>0.1337</TD>
    <TD>21.892</TD>
    <TD>0.1337</TD>
    <TD>0.0</TD>
  </TR>
  <TR>
    <TD>240.0</TD>
    <TD>241.401</TD>
    <TD>55.09596</TD>
    <TD>184.036</TD>
    <TD>244.142</TD>
    <TD>14.4909</TD>
    <TD>6.0E-4</TD>
    <TD>14.5247</TD>
    <TD>5.0E-4</TD>
    <TD>14.5247</TD>
    <TD>5.0E-4</TD>
    <TD>0.96</TD>
  </TR>
  <TR>
    <TD>241.0</TD>
    <TD>241.427</TD>
    <TD>55.11075</TD>
    <TD>14.135</TD>
    <TD>81.29</TD>
    <TD>21.1046</TD>
    <TD>0.0261</TD>
    <TD>23.367</TD>
    <TD>0.372</TD>
    <TD>21.0128</TD>
    <TD>0.0269</TD>
    <TD>0.11</TD>
  </TR>
  <TR>
    <TD>242.0</TD>
    <TD>241.4291</TD>
    <TD>55.11083</TD>
    <TD>12.867</TD>
    <TD>68.446</TD>
    <TD>20.5834</TD>
    <TD>0.0206</TD>
    <TD>22.3786</TD>
    <TD>0.1771</TD>
    <TD>20.491</TD>
    <TD>0.0212</TD>
    <TD>0.03</TD>
  </TR>
  <TR>
    <TD>243.0</TD>
    <TD>241.4305</TD>
    <TD>55.09333</TD>
    <TD>207.008</TD>
    <TD>57.23</TD>
    <TD>23.0996</TD>
    <TD>0.0985</TD>
    <TD>23.1304</TD>
    <TD>0.1883</TD>
    <TD>22.649</TD>
    <TD>0.099</TD>
    <TD>0.59</TD>
  </TR>
  <TR>
    <TD>244.0</TD>
    <TD>241.4268</TD>
    <TD>55.10397</TD>
    <TD>89.613</TD>
    <TD>82.171</TD>
    <TD>20.9324</TD>
    <TD>0.0254</TD>
    <TD>99.0</TD>
    <TD>99.0</TD>
    <TD>20.8225</TD>
    <TD>0.0262</TD>
    <TD>0.04</TD>
  </TR>
  <TR>
    <TD>245.0</TD>
    <TD>241.4258</TD>
    <TD>55.09871</TD>
    <TD>148.295</TD>
    <TD>87.95</TD>
    <TD>20.8603</TD>
    <TD>0.0265</TD>
    <TD>21.0498</TD>
    <TD>0.0429</TD>
    <TD>21.0498</TD>
    <TD>0.0429</TD>
    <TD>0.01</TD>
  </TR>
  <TR>
    <TD>246.0</TD>
    <TD>241.4255</TD>
    <TD>55.10966</TD>
    <TD>26.642</TD>
    <TD>90.733</TD>
    <TD>20.9676</TD>
    <TD>0.0248</TD>
    <TD>99.0</TD>
    <TD>99.0</TD>
    <TD>20.8716</TD>
    <TD>0.0256</TD>
    <TD>0.02</TD>
  </TR>
  <TR>
    <TD>247.0</TD>
    <TD>241.43</TD>
    <TD>55.10906</TD>
    <TD>32.37</TD>
    <TD>62.211</TD>
    <TD>22.2031</TD>
    <TD>0.0409</TD>
    <TD>99.0</TD>
    <TD>99.0</TD>
    <TD>22.1285</TD>
    <TD>0.0419</TD>
    <TD>0.95</TD>
  </TR>
  <TR>
    <TD>248.0</TD>
    <TD>241.4283</TD>
    <TD>55.1093</TD>
    <TD>30.04</TD>
    <TD>73.21</TD>
    <TD>20.8998</TD>
    <TD>0.0234</TD>
    <TD>99.0</TD>
    <TD>99.0</TD>
    <TD>20.8125</TD>
    <TD>0.0241</TD>
    <TD>0.02</TD>
  </TR>
  <TR>
    <TD>249.0</TD>
    <TD>241.4251</TD>
    <TD>55.04418</TD>
    <TD>752.103</TD>
    <TD>85.593</TD>
    <TD>21.2917</TD>
    <TD>0.035</TD>
    <TD>21.1591</TD>
    <TD>0.0526</TD>
    <TD>21.1591</TD>
    <TD>0.0526</TD>
    <TD>0.01</TD>
  </TR>
  <TR>
    <TD>250.0</TD>
    <TD>241.43</TD>
    <TD>55.10155</TD>
    <TD>115.8</TD>
    <TD>61.383</TD>
    <TD>22.6364</TD>
    <TD>0.0608</TD>
    <TD>24.1928</TD>
    <TD>0.4283</TD>
    <TD>22.4834</TD>
    <TD>0.0631</TD>
    <TD>0.92</TD>
  </TR>
  <TR>
    <TD>251.0</TD>
    <TD>241.4262</TD>
    <TD>54.9716</TD>
    <TD>1549.921</TD>
    <TD>68.636</TD>
    <TD>22.9419</TD>
    <TD>0.0895</TD>
    <TD>22.73</TD>
    <TD>0.1231</TD>
    <TD>22.73</TD>
    <TD>0.1231</TD>
    <TD>0.53</TD>
  </TR>
  <TR>
    <TD>252.0</TD>
    <TD>241.4285</TD>
    <TD>55.08942</TD>
    <TD>250.835</TD>
    <TD>69.938</TD>
    <TD>22.6113</TD>
    <TD>0.0789</TD>
    <TD>22.6366</TD>
    <TD>0.1847</TD>
    <TD>22.6366</TD>
    <TD>0.1847</TD>
    <TD>0.01</TD>
  </TR>
  <TR>
    <TD>253.0</TD>
    <TD>241.3608</TD>
    <TD>54.99444</TD>
    <TD>1311.424</TD>
    <TD>484.13</TD>
    <TD>15.2763</TD>
    <TD>0.0012</TD>
    <TD>15.3024</TD>
    <TD>0.0011</TD>
    <TD>15.2573</TD>
    <TD>0.0012</TD>
    <TD>0.03</TD>
  </TR>
  <TR>
    <TD>254.0</TD>
    <TD>241.4292</TD>
    <TD>55.10815</TD>
    <TD>42.601</TD>
    <TD>67.543</TD>
    <TD>21.8386</TD>
    <TD>0.0365</TD>
    <TD>99.0</TD>
    <TD>99.0</TD>
    <TD>21.7478</TD>
    <TD>0.0376</TD>
    <TD>0.92</TD>
  </TR>
  <TR>
    <TD>255.0</TD>
    <TD>241.4235</TD>
    <TD>54.95825</TD>
    <TD>1696.556</TD>
    <TD>83.558</TD>
    <TD>20.5651</TD>
    <TD>0.0198</TD>
    <TD>20.5384</TD>
    <TD>0.0239</TD>
    <TD>20.5384</TD>
    <TD>0.0239</TD>
    <TD>0.06</TD>
  </TR>
  <TR>
    <TD>256.0</TD>
    <TD>241.4253</TD>
    <TD>54.96596</TD>
    <TD>1611.825</TD>
    <TD>73.477</TD>
    <TD>21.6708</TD>
    <TD>0.0389</TD>
    <TD>21.533</TD>
    <TD>0.0597</TD>
    <TD>21.533</TD>
    <TD>0.0597</TD>
    <TD>0.02</TD>
  </TR>
  <TR>
    <TD>257.0</TD>
    <TD>241.4262</TD>
    <TD>55.10475</TD>
    <TD>81.149</TD>
    <TD>86.219</TD>
    <TD>21.6762</TD>
    <TD>0.0366</TD>
    <TD>99.0</TD>
    <TD>99.0</TD>
    <TD>21.5559</TD>
    <TD>0.0379</TD>
    <TD>0.02</TD>
  </TR>
  <TR>
    <TD>258.0</TD>
    <TD>241.4245</TD>
    <TD>55.00146</TD>
    <TD>1222.559</TD>
    <TD>83.816</TD>
    <TD>22.1967</TD>
    <TD>0.0657</TD>
    <TD>21.7096</TD>
    <TD>0.1079</TD>
    <TD>21.7096</TD>
    <TD>0.1079</TD>
    <TD>0.0</TD>
  </TR>
  <TR>
    <TD>259.0</TD>
    <TD>241.4264</TD>
    <TD>54.95922</TD>
    <TD>1685.444</TD>
    <TD>65.532</TD>
    <TD>24.1822</TD>
    <TD>0.1685</TD>
    <TD>23.019</TD>
    <TD>0.2002</TD>
    <TD>23.019</TD>
    <TD>0.2002</TD>
    <TD>0.35</TD>
  </TR>
  <TR>
    <TD>260.0</TD>
    <TD>241.4281</TD>
    <TD>55.10537</TD>
    <TD>73.767</TD>
    <TD>73.768</TD>
    <TD>22.0249</TD>
    <TD>0.039</TD>
    <TD>25.4394</TD>
    <TD>1.7001</TD>
    <TD>21.9404</TD>
    <TD>0.0401</TD>
    <TD>0.82</TD>
  </TR>
  <TR>
    <TD>261.0</TD>
    <TD>241.4213</TD>
    <TD>55.01462</TD>
    <TD>1078.542</TD>
    <TD>106.105</TD>
    <TD>21.8105</TD>
    <TD>0.0434</TD>
    <TD>21.8431</TD>
    <TD>0.0663</TD>
    <TD>21.8431</TD>
    <TD>0.0663</TD>
    <TD>0.04</TD>
  </TR>
  <TR>
    <TD>262.0</TD>
    <TD>241.4237</TD>
    <TD>55.00256</TD>
    <TD>1210.603</TD>
    <TD>89.146</TD>
    <TD>21.5622</TD>
    <TD>0.0424</TD>
    <TD>21.3126</TD>
    <TD>0.0754</TD>
    <TD>21.3126</TD>
    <TD>0.0754</TD>
    <TD>0.0</TD>
  </TR>
  <TR>
    <TD>263.0</TD>
    <TD>241.4001</TD>
    <TD>55.02855</TD>
    <TD>929.355</TD>
    <TD>241.327</TD>
    <TD>19.5816</TD>
    <TD>0.0131</TD>
    <TD>19.5604</TD>
    <TD>0.016</TD>
    <TD>19.5604</TD>
    <TD>0.016</TD>
    <TD>0.02</TD>
  </TR>
  <TR>
    <TD>264.0</TD>
    <TD>241.4254</TD>
    <TD>54.92879</TD>
    <TD>2018.332</TD>
    <TD>67.043</TD>
    <TD>24.7596</TD>
    <TD>0.2153</TD>
    <TD>24.0198</TD>
    <TD>0.3166</TD>
    <TD>24.0198</TD>
    <TD>0.3166</TD>
    <TD>0.45</TD>
  </TR>
  <TR>
    <TD>265.0</TD>
    <TD>241.4281</TD>
    <TD>55.10224</TD>
    <TD>108.635</TD>
    <TD>73.916</TD>
    <TD>22.6511</TD>
    <TD>0.0616</TD>
    <TD>23.7196</TD>
    <TD>0.284</TD>
    <TD>22.4947</TD>
    <TD>0.0639</TD>
    <TD>0.9</TD>
  </TR>
  <TR>
    <TD>266.0</TD>
    <TD>241.4274</TD>
    <TD>55.10568</TD>
    <TD>70.5</TD>
    <TD>78.428</TD>
    <TD>22.4109</TD>
    <TD>0.0507</TD>
    <TD>99.0</TD>
    <TD>99.0</TD>
    <TD>22.2963</TD>
    <TD>0.0524</TD>
    <TD>0.95</TD>
  </TR>
  <TR>
    <TD>267.0</TD>
    <TD>241.424</TD>
    <TD>55.11142</TD>
    <TD>7.443</TD>
    <TD>100.402</TD>
    <TD>20.5179</TD>
    <TD>0.02</TD>
    <TD>24.3945</TD>
    <TD>1.1104</TD>
    <TD>20.4256</TD>
    <TD>0.0206</TD>
    <TD>0.02</TD>
  </TR>
  <TR>
    <TD>268.0</TD>
    <TD>241.4292</TD>
    <TD>55.10647</TD>
    <TD>61.283</TD>
    <TD>67.421</TD>
    <TD>24.1023</TD>
    <TD>0.1081</TD>
    <TD>24.6623</TD>
    <TD>0.2669</TD>
    <TD>23.9966</TD>
    <TD>0.1115</TD>
    <TD>0.56</TD>
  </TR>
  <TR>
    <TD>269.0</TD>
    <TD>241.4292</TD>
    <TD>55.10693</TD>
    <TD>56.166</TD>
    <TD>67.441</TD>
    <TD>23.4073</TD>
    <TD>0.0778</TD>
    <TD>24.7928</TD>
    <TD>0.415</TD>
    <TD>23.305</TD>
    <TD>0.0802</TD>
    <TD>0.75</TD>
  </TR>
  <TR>
    <TD>270.0</TD>
    <TD>241.4248</TD>
    <TD>55.10459</TD>
    <TD>83.196</TD>
    <TD>94.675</TD>
    <TD>21.5248</TD>
    <TD>0.0331</TD>
    <TD>99.0</TD>
    <TD>99.0</TD>
    <TD>21.4173</TD>
    <TD>0.0342</TD>
    <TD>0.14</TD>
  </TR>
  <TR>
    <TD>271.0</TD>
    <TD>241.4275</TD>
    <TD>55.10638</TD>
    <TD>62.72</TD>
    <TD>77.694</TD>
    <TD>23.1702</TD>
    <TD>0.0748</TD>
    <TD>99.0</TD>
    <TD>99.0</TD>
    <TD>23.0382</TD>
    <TD>0.0774</TD>
    <TD>0.81</TD>
  </TR>
  <TR>
    <TD>272.0</TD>
    <TD>241.4032</TD>
    <TD>54.93283</TD>
    <TD>1978.044</TD>
    <TD>207.455</TD>
    <TD>17.5284</TD>
    <TD>0.0043</TD>
    <TD>17.4968</TD>
    <TD>0.0051</TD>
    <TD>17.476</TD>
    <TD>0.0044</TD>
    <TD>0.03</TD>
  </TR>
  <TR>
    <TD>273.0</TD>
    <TD>241.426</TD>
    <TD>55.11121</TD>
    <TD>9.314</TD>
    <TD>87.782</TD>
    <TD>21.1914</TD>
    <TD>0.029</TD>
    <TD>22.0161</TD>
    <TD>0.1</TD>
    <TD>21.0762</TD>
    <TD>0.0299</TD>
    <TD>0.36</TD>
  </TR>
  <TR>
    <TD>274.0</TD>
    <TD>241.4211</TD>
    <TD>54.94703</TD>
    <TD>1819.685</TD>
    <TD>96.77</TD>
    <TD>21.3477</TD>
    <TD>0.0332</TD>
    <TD>21.2902</TD>
    <TD>0.043</TD>
    <TD>21.2902</TD>
    <TD>0.043</TD>
    <TD>0.01</TD>
  </TR>
  <TR>
    <TD>275.0</TD>
    <TD>241.4286</TD>
    <TD>55.09526</TD>
    <TD>186.036</TD>
    <TD>69.964</TD>
    <TD>24.5558</TD>
    <TD>0.1972</TD>
    <TD>24.2016</TD>
    <TD>0.3245</TD>
    <TD>24.2016</TD>
    <TD>0.3245</TD>
    <TD>0.43</TD>
  </TR>
  <TR>
    <TD>276.0</TD>
    <TD>241.4274</TD>
    <TD>55.1099</TD>
    <TD>23.533</TD>
    <TD>78.583</TD>
    <TD>21.5037</TD>
    <TD>0.0298</TD>
    <TD>99.0</TD>
    <TD>99.0</TD>
    <TD>21.4271</TD>
    <TD>0.0306</TD>
    <TD>0.91</TD>
  </TR>
  <TR>
    <TD>277.0</TD>
    <TD>241.426</TD>
    <TD>55.07646</TD>
    <TD>395.017</TD>
    <TD>83.764</TD>
    <TD>23.8033</TD>
    <TD>0.1395</TD>
    <TD>23.6204</TD>
    <TD>0.2368</TD>
    <TD>23.6204</TD>
    <TD>0.2368</TD>
    <TD>0.17</TD>
  </TR>
  <TR>
    <TD>278.0</TD>
    <TD>241.4273</TD>
    <TD>55.0951</TD>
    <TD>188.034</TD>
    <TD>77.72</TD>
    <TD>24.281</TD>
    <TD>0.1728</TD>
    <TD>23.9077</TD>
    <TD>0.2134</TD>
    <TD>23.7925</TD>
    <TD>0.1718</TD>
    <TD>0.49</TD>
  </TR>
  <TR>
    <TD>279.0</TD>
    <TD>241.4257</TD>
    <TD>54.94836</TD>
    <TD>1804.407</TD>
    <TD>68.28</TD>
    <TD>24.8546</TD>
    <TD>0.2085</TD>
    <TD>24.3088</TD>
    <TD>0.355</TD>
    <TD>24.3088</TD>
    <TD>0.355</TD>
    <TD>0.48</TD>
  </TR>
  <TR>
    <TD>280.0</TD>
    <TD>241.4276</TD>
    <TD>55.10437</TD>
    <TD>85.077</TD>
    <TD>77.242</TD>
    <TD>22.7609</TD>
    <TD>0.0582</TD>
    <TD>24.3825</TD>
    <TD>0.4072</TD>
    <TD>22.6557</TD>
    <TD>0.06</TD>
    <TD>0.93</TD>
  </TR>
  <TR>
    <TD>281.0</TD>
    <TD>241.4285</TD>
    <TD>55.107</TD>
    <TD>55.551</TD>
    <TD>71.478</TD>
    <TD>24.2505</TD>
    <TD>0.1625</TD>
    <TD>24.5567</TD>
    <TD>0.3296</TD>
    <TD>23.8551</TD>
    <TD>0.1654</TD>
    <TD>0.65</TD>
  </TR>
  <TR>
    <TD>282.0</TD>
    <TD>241.4251</TD>
    <TD>54.93318</TD>
    <TD>1970.399</TD>
    <TD>69.386</TD>
    <TD>25.3999</TD>
    <TD>0.2895</TD>
    <TD>24.884</TD>
    <TD>0.508</TD>
    <TD>24.884</TD>
    <TD>0.508</TD>
    <TD>0.41</TD>
  </TR>
  <TR>
    <TD>283.0</TD>
    <TD>241.4279</TD>
    <TD>55.08412</TD>
    <TD>309.818</TD>
    <TD>72.773</TD>
    <TD>24.9371</TD>
    <TD>0.2388</TD>
    <TD>24.482</TD>
    <TD>0.7211</TD>
    <TD>24.482</TD>
    <TD>0.7211</TD>
    <TD>0.38</TD>
  </TR>
  <TR>
    <TD>284.0</TD>
    <TD>241.4286</TD>
    <TD>55.09998</TD>
    <TD>133.624</TD>
    <TD>70.246</TD>
    <TD>22.6555</TD>
    <TD>0.0403</TD>
    <TD>22.9044</TD>
    <TD>0.0646</TD>
    <TD>22.9044</TD>
    <TD>0.0646</TD>
    <TD>0.66</TD>
  </TR>
  <TR>
    <TD>285.0</TD>
    <TD>241.4103</TD>
    <TD>55.06361</TD>
    <TD>540.537</TD>
    <TD>181.814</TD>
    <TD>19.4429</TD>
    <TD>0.0091</TD>
    <TD>19.451</TD>
    <TD>0.0097</TD>
    <TD>19.451</TD>
    <TD>0.0097</TD>
    <TD>0.08</TD>
  </TR>
  <TR>
    <TD>286.0</TD>
    <TD>241.4243</TD>
    <TD>55.02003</TD>
    <TD>1018.437</TD>
    <TD>87.829</TD>
    <TD>22.9423</TD>
    <TD>0.0933</TD>
    <TD>22.6025</TD>
    <TD>0.1424</TD>
    <TD>22.6025</TD>
    <TD>0.1424</TD>
    <TD>0.04</TD>
  </TR>
  <TR>
    <TD>287.0</TD>
    <TD>241.4268</TD>
    <TD>55.00567</TD>
    <TD>1175.85</TD>
    <TD>70.035</TD>
    <TD>25.3388</TD>
    <TD>0.2986</TD>
    <TD>24.9011</TD>
    <TD>0.516</TD>
    <TD>24.9011</TD>
    <TD>0.516</TD>
    <TD>0.36</TD>
  </TR>
  <TR>
    <TD>288.0</TD>
    <TD>241.4277</TD>
    <TD>55.07891</TD>
    <TD>367.621</TD>
    <TD>73.306</TD>
    <TD>24.4277</TD>
    <TD>0.1903</TD>
    <TD>24.0806</TD>
    <TD>0.2139</TD>
    <TD>24.0806</TD>
    <TD>0.2139</TD>
    <TD>0.48</TD>
  </TR>
  <TR>
    <TD>289.0</TD>
    <TD>241.4279</TD>
    <TD>55.09233</TD>
    <TD>218.703</TD>
    <TD>73.617</TD>
    <TD>25.0813</TD>
    <TD>0.2551</TD>
    <TD>25.1404</TD>
    <TD>0.4458</TD>
    <TD>24.5441</TD>
    <TD>0.2496</TD>
    <TD>0.36</TD>
  </TR>
  <TR>
    <TD>290.0</TD>
    <TD>241.4282</TD>
    <TD>55.10729</TD>
    <TD>52.446</TD>
    <TD>73.801</TD>
    <TD>23.4135</TD>
    <TD>0.0832</TD>
    <TD>27.1089</TD>
    <TD>3.2026</TD>
    <TD>23.2841</TD>
    <TD>0.0861</TD>
    <TD>0.64</TD>
  </TR>
  <TR>
    <TD>291.0</TD>
    <TD>241.4283</TD>
    <TD>55.09092</TD>
    <TD>234.214</TD>
    <TD>71.041</TD>
    <TD>25.4897</TD>
    <TD>0.2826</TD>
    <TD>24.3505</TD>
    <TD>0.228</TD>
    <TD>24.3505</TD>
    <TD>0.228</TD>
    <TD>0.41</TD>
  </TR>
  <TR>
    <TD>292.0</TD>
    <TD>241.4263</TD>
    <TD>54.99157</TD>
    <TD>1330.789</TD>
    <TD>70.979</TD>
    <TD>25.4953</TD>
    <TD>0.284</TD>
    <TD>24.6214</TD>
    <TD>0.355</TD>
    <TD>24.6214</TD>
    <TD>0.355</TD>
    <TD>0.45</TD>
  </TR>
  <TR>
    <TD>293.0</TD>
    <TD>241.4275</TD>
    <TD>55.05608</TD>
    <TD>620.263</TD>
    <TD>72.008</TD>
    <TD>25.8676</TD>
    <TD>0.3959</TD>
    <TD>24.13</TD>
    <TD>0.3113</TD>
    <TD>24.13</TD>
    <TD>0.3113</TD>
    <TD>0.35</TD>
  </TR>
  <TR>
    <TD>294.0</TD>
    <TD>241.4215</TD>
    <TD>55.06199</TD>
    <TD>556.1</TD>
    <TD>110.483</TD>
    <TD>21.3575</TD>
    <TD>0.0332</TD>
    <TD>21.3094</TD>
    <TD>0.0479</TD>
    <TD>21.3094</TD>
    <TD>0.0479</TD>
    <TD>0.06</TD>
  </TR>
  <TR>
    <TD>295.0</TD>
    <TD>241.4236</TD>
    <TD>55.01909</TD>
    <TD>1028.867</TD>
    <TD>91.768</TD>
    <TD>22.4804</TD>
    <TD>0.0681</TD>
    <TD>21.9697</TD>
    <TD>0.1065</TD>
    <TD>22.1662</TD>
    <TD>0.0703</TD>
    <TD>0.0</TD>
  </TR>
  <TR>
    <TD>296.0</TD>
    <TD>241.4253</TD>
    <TD>55.06912</TD>
    <TD>476.442</TD>
    <TD>87.414</TD>
    <TD>24.2783</TD>
    <TD>0.1836</TD>
    <TD>24.1916</TD>
    <TD>0.2823</TD>
    <TD>24.1916</TD>
    <TD>0.2823</TD>
    <TD>0.39</TD>
  </TR>
  <TR>
    <TD>297.0</TD>
    <TD>241.4214</TD>
    <TD>54.93669</TD>
    <TD>1932.717</TD>
    <TD>93.597</TD>
    <TD>21.6274</TD>
    <TD>0.0388</TD>
    <TD>21.5114</TD>
    <TD>0.0629</TD>
    <TD>21.5114</TD>
    <TD>0.0629</TD>
    <TD>0.27</TD>
  </TR>
  <TR>
    <TD>298.0</TD>
    <TD>241.4257</TD>
    <TD>54.98887</TD>
    <TD>1360.605</TD>
    <TD>74.162</TD>
    <TD>25.5408</TD>
    <TD>0.3283</TD>
    <TD>24.3821</TD>
    <TD>0.3827</TD>
    <TD>24.3821</TD>
    <TD>0.3827</TD>
    <TD>0.35</TD>
  </TR>
  <TR>
    <TD>299.0</TD>
    <TD>241.4256</TD>
    <TD>55.1076</TD>
    <TD>49.532</TD>
    <TD>90.291</TD>
    <TD>23.0951</TD>
    <TD>0.0685</TD>
    <TD>99.0</TD>
    <TD>99.0</TD>
    <TD>22.9866</TD>
    <TD>0.0706</TD>
    <TD>0.8</TD>
  </TR>
  <TR>
    <TD>300.0</TD>
    <TD>241.427</TD>
    <TD>55.09541</TD>
    <TD>184.674</TD>
    <TD>79.674</TD>
    <TD>24.8078</TD>
    <TD>0.2248</TD>
    <TD>24.2589</TD>
    <TD>0.2437</TD>
    <TD>24.2713</TD>
    <TD>0.22</TD>
    <TD>0.4</TD>
  </TR>
  <TR>
    <TD>301.0</TD>
    <TD>241.4271</TD>
    <TD>55.06027</TD>
    <TD>573.961</TD>
    <TD>75.296</TD>
    <TD>25.1451</TD>
    <TD>0.27</TD>
    <TD>24.2221</TD>
    <TD>0.3763</TD>
    <TD>24.2221</TD>
    <TD>0.3763</TD>
    <TD>0.41</TD>
  </TR>
  <TR>
    <TD>302.0</TD>
    <TD>241.4274</TD>
    <TD>55.10695</TD>
    <TD>56.439</TD>
    <TD>78.717</TD>
    <TD>23.9593</TD>
    <TD>0.1013</TD>
    <TD>26.1975</TD>
    <TD>1.2835</TD>
    <TD>23.8533</TD>
    <TD>0.1044</TD>
    <TD>0.71</TD>
  </TR>
  <TR>
    <TD>303.0</TD>
    <TD>241.4278</TD>
    <TD>55.0921</TD>
    <TD>221.308</TD>
    <TD>74.61</TD>
    <TD>24.9838</TD>
    <TD>0.2177</TD>
    <TD>25.1381</TD>
    <TD>0.4225</TD>
    <TD>24.6574</TD>
    <TD>0.2243</TD>
    <TD>0.43</TD>
  </TR>
  <TR>
    <TD>304.0</TD>
    <TD>241.4214</TD>
    <TD>54.94931</TD>
    <TD>1794.742</TD>
    <TD>95.411</TD>
    <TD>22.781</TD>
    <TD>0.08</TD>
    <TD>22.4687</TD>
    <TD>0.1326</TD>
    <TD>22.4687</TD>
    <TD>0.1326</TD>
    <TD>0.09</TD>
  </TR>
  <TR>
    <TD>305.0</TD>
    <TD>241.426</TD>
    <TD>55.10888</TD>
    <TD>35.182</TD>
    <TD>87.47</TD>
    <TD>23.1037</TD>
    <TD>0.069</TD>
    <TD>99.0</TD>
    <TD>99.0</TD>
    <TD>22.9938</TD>
    <TD>0.0712</TD>
    <TD>0.92</TD>
  </TR>
  <TR>
    <TD>306.0</TD>
    <TD>241.4263</TD>
    <TD>55.0797</TD>
    <TD>359.121</TD>
    <TD>82.522</TD>
    <TD>24.9076</TD>
    <TD>0.2185</TD>
    <TD>24.2705</TD>
    <TD>0.3702</TD>
    <TD>24.2705</TD>
    <TD>0.3702</TD>
    <TD>0.46</TD>
  </TR>
  <TR>
    <TD>307.0</TD>
    <TD>241.4219</TD>
    <TD>55.10543</TD>
    <TD>74.454</TD>
    <TD>113.144</TD>
    <TD>22.0441</TD>
    <TD>0.0461</TD>
    <TD>24.8183</TD>
    <TD>1.0433</TD>
    <TD>21.894</TD>
    <TD>0.0478</TD>
    <TD>0.9</TD>
  </TR>
  <TR>
    <TD>308.0</TD>
    <TD>241.427</TD>
    <TD>55.10649</TD>
    <TD>61.591</TD>
    <TD>81.377</TD>
    <TD>24.172</TD>
    <TD>0.1344</TD>
    <TD>99.0</TD>
    <TD>99.0</TD>
    <TD>23.9604</TD>
    <TD>0.1397</TD>
    <TD>0.59</TD>
  </TR>
  <TR>
    <TD>309.0</TD>
    <TD>241.426</TD>
    <TD>55.03049</TD>
    <TD>902.87</TD>
    <TD>78.616</TD>
    <TD>24.7656</TD>
    <TD>0.2165</TD>
    <TD>23.6887</TD>
    <TD>0.2712</TD>
    <TD>23.6887</TD>
    <TD>0.2712</TD>
    <TD>0.36</TD>
  </TR>
  <TR>
    <TD>310.0</TD>
    <TD>241.4258</TD>
    <TD>55.0082</TD>
    <TD>1148.279</TD>
    <TD>76.346</TD>
    <TD>25.6795</TD>
    <TD>0.2927</TD>
    <TD>25.637</TD>
    <TD>0.5887</TD>
    <TD>25.637</TD>
    <TD>0.5887</TD>
    <TD>0.41</TD>
  </TR>
  <TR>
    <TD>311.0</TD>
    <TD>241.427</TD>
    <TD>55.06566</TD>
    <TD>514.46</TD>
    <TD>76.426</TD>
    <TD>25.3473</TD>
    <TD>0.2491</TD>
    <TD>24.868</TD>
    <TD>0.4379</TD>
    <TD>24.868</TD>
    <TD>0.4379</TD>
    <TD>0.46</TD>
  </TR>
  <TR>
    <TD>312.0</TD>
    <TD>241.4271</TD>
    <TD>55.06756</TD>
    <TD>493.375</TD>
    <TD>76.322</TD>
    <TD>25.6289</TD>
    <TD>0.28</TD>
    <TD>25.3804</TD>
    <TD>0.3099</TD>
    <TD>25.3804</TD>
    <TD>0.3099</TD>
    <TD>0.37</TD>
  </TR>
  <TR>
    <TD>313.0</TD>
    <TD>241.4275</TD>
    <TD>55.09775</TD>
    <TD>158.612</TD>
    <TD>76.684</TD>
    <TD>25.9161</TD>
    <TD>0.3611</TD>
    <TD>25.2911</TD>
    <TD>0.2861</TD>
    <TD>25.2911</TD>
    <TD>0.2861</TD>
    <TD>0.39</TD>
  </TR>
  <TR>
    <TD>314.0</TD>
    <TD>241.4237</TD>
    <TD>55.01855</TD>
    <TD>1034.813</TD>
    <TD>91.192</TD>
    <TD>24.0283</TD>
    <TD>0.1552</TD>
    <TD>22.777</TD>
    <TD>0.1851</TD>
    <TD>23.52</TD>
    <TD>0.1533</TD>
    <TD>0.53</TD>
  </TR>
  <TR>
    <TD>315.0</TD>
    <TD>241.4239</TD>
    <TD>54.96707</TD>
    <TD>1599.912</TD>
    <TD>82.706</TD>
    <TD>24.4028</TD>
    <TD>0.1927</TD>
    <TD>23.6482</TD>
    <TD>0.2981</TD>
    <TD>23.6482</TD>
    <TD>0.2981</TD>
    <TD>0.42</TD>
  </TR>
  <TR>
    <TD>316.0</TD>
    <TD>241.4265</TD>
    <TD>55.04495</TD>
    <TD>743.315</TD>
    <TD>77.312</TD>
    <TD>25.8862</TD>
    <TD>0.3516</TD>
    <TD>25.0987</TD>
    <TD>0.3349</TD>
    <TD>25.0987</TD>
    <TD>0.3349</TD>
    <TD>0.36</TD>
  </TR>
  <TR>
    <TD>317.0</TD>
    <TD>241.427</TD>
    <TD>55.07124</TD>
    <TD>452.656</TD>
    <TD>77.3</TD>
    <TD>25.9429</TD>
    <TD>0.3699</TD>
    <TD>24.7165</TD>
    <TD>0.3509</TD>
    <TD>24.7165</TD>
    <TD>0.3509</TD>
    <TD>0.38</TD>
  </TR>
  <TR>
    <TD>318.0</TD>
    <TD>241.4194</TD>
    <TD>55.03741</TD>
    <TD>827.977</TD>
    <TD>120.845</TD>
    <TD>21.2104</TD>
    <TD>0.0294</TD>
    <TD>21.1529</TD>
    <TD>0.0408</TD>
    <TD>21.1529</TD>
    <TD>0.0408</TD>
    <TD>0.03</TD>
  </TR>
  <TR>
    <TD>319.0</TD>
    <TD>241.4235</TD>
    <TD>55.10718</TD>
    <TD>54.66</TD>
    <TD>103.362</TD>
    <TD>21.9325</TD>
    <TD>0.0422</TD>
    <TD>99.0</TD>
    <TD>99.0</TD>
    <TD>21.802</TD>
    <TD>0.0436</TD>
    <TD>0.74</TD>
  </TR>
  <TR>
    <TD>320.0</TD>
    <TD>241.4249</TD>
    <TD>55.0747</TD>
    <TD>414.802</TD>
    <TD>91.052</TD>
    <TD>23.9333</TD>
    <TD>0.1389</TD>
    <TD>23.943</TD>
    <TD>0.1945</TD>
    <TD>23.943</TD>
    <TD>0.1945</TD>
    <TD>0.49</TD>
  </TR>
  <TR>
    <TD>321.0</TD>
    <TD>241.4271</TD>
    <TD>55.10894</TD>
    <TD>34.278</TD>
    <TD>80.671</TD>
    <TD>24.1804</TD>
    <TD>0.1002</TD>
    <TD>24.6276</TD>
    <TD>0.2358</TD>
    <TD>24.1095</TD>
    <TD>0.1027</TD>
    <TD>0.68</TD>
  </TR>
  <TR>
    <TD>322.0</TD>
    <TD>241.4256</TD>
    <TD>55.09081</TD>
    <TD>236.102</TD>
    <TD>88.173</TD>
    <TD>24.636</TD>
    <TD>0.1929</TD>
    <TD>24.233</TD>
    <TD>0.5219</TD>
    <TD>24.233</TD>
    <TD>0.5219</TD>
    <TD>0.48</TD>
  </TR>
  <TR>
    <TD>323.0</TD>
    <TD>241.4258</TD>
    <TD>55.04126</TD>
    <TD>784.257</TD>
    <TD>81.004</TD>
    <TD>24.9393</TD>
    <TD>0.2247</TD>
    <TD>25.0061</TD>
    <TD>0.3847</TD>
    <TD>25.0061</TD>
    <TD>0.3847</TD>
    <TD>0.48</TD>
  </TR>
  <TR>
    <TD>324.0</TD>
    <TD>241.4267</TD>
    <TD>55.08653</TD>
    <TD>283.267</TD>
    <TD>80.723</TD>
    <TD>25.4754</TD>
    <TD>0.279</TD>
    <TD>24.6878</TD>
    <TD>0.2402</TD>
    <TD>24.6878</TD>
    <TD>0.2402</TD>
    <TD>0.43</TD>
  </TR>
  <TR>
    <TD>325.0</TD>
    <TD>241.4269</TD>
    <TD>55.10255</TD>
    <TD>105.446</TD>
    <TD>81.316</TD>
    <TD>23.8788</TD>
    <TD>0.0945</TD>
    <TD>24.9255</TD>
    <TD>0.2976</TD>
    <TD>24.9255</TD>
    <TD>0.2976</TD>
    <TD>0.66</TD>
  </TR>
  <TR>
    <TD>326.0</TD>
    <TD>241.4261</TD>
    <TD>55.03269</TD>
    <TD>878.632</TD>
    <TD>78.278</TD>
    <TD>25.4107</TD>
    <TD>0.2311</TD>
    <TD>25.1061</TD>
    <TD>0.3089</TD>
    <TD>25.1061</TD>
    <TD>0.3089</TD>
    <TD>0.45</TD>
  </TR>
  <TR>
    <TD>327.0</TD>
    <TD>241.4269</TD>
    <TD>55.07848</TD>
    <TD>372.458</TD>
    <TD>78.512</TD>
    <TD>25.3334</TD>
    <TD>0.2461</TD>
    <TD>24.9714</TD>
    <TD>0.4004</TD>
    <TD>24.9714</TD>
    <TD>0.4004</TD>
    <TD>0.45</TD>
  </TR>
  <TR>
    <TD>328.0</TD>
    <TD>241.4273</TD>
    <TD>55.10056</TD>
    <TD>127.487</TD>
    <TD>78.447</TD>
    <TD>24.7339</TD>
    <TD>0.1459</TD>
    <TD>26.1147</TD>
    <TD>0.8089</TD>
    <TD>26.1147</TD>
    <TD>0.8089</TD>
    <TD>0.59</TD>
  </TR>
  <TR>
    <TD>329.0</TD>
    <TD>241.4229</TD>
    <TD>54.94185</TD>
    <TD>1876.076</TD>
    <TD>84.52</TD>
    <TD>24.6</TD>
    <TD>0.2052</TD>
    <TD>23.7584</TD>
    <TD>0.2077</TD>
    <TD>23.7584</TD>
    <TD>0.2077</TD>
    <TD>0.09</TD>
  </TR>
  <TR>
    <TD>330.0</TD>
    <TD>241.4268</TD>
    <TD>55.10912</TD>
    <TD>32.384</TD>
    <TD>82.702</TD>
    <TD>24.3807</TD>
    <TD>0.1081</TD>
    <TD>24.8889</TD>
    <TD>0.2541</TD>
    <TD>24.3137</TD>
    <TD>0.1107</TD>
    <TD>0.58</TD>
  </TR>
  <TR>
    <TD>331.0</TD>
    <TD>241.4259</TD>
    <TD>55.06608</TD>
    <TD>510.017</TD>
    <TD>83.292</TD>
    <TD>24.6668</TD>
    <TD>0.227</TD>
    <TD>23.5704</TD>
    <TD>0.2667</TD>
    <TD>23.5704</TD>
    <TD>0.2667</TD>
    <TD>0.35</TD>
  </TR>
  <TR>
    <TD>332.0</TD>
    <TD>241.4267</TD>
    <TD>55.10598</TD>
    <TD>67.296</TD>
    <TD>82.887</TD>
    <TD>24.6522</TD>
    <TD>0.1626</TD>
    <TD>24.5433</TD>
    <TD>0.2258</TD>
    <TD>24.4643</TD>
    <TD>0.1689</TD>
    <TD>0.5</TD>
  </TR>
  <TR>
    <TD>333.0</TD>
    <TD>241.4263</TD>
    <TD>55.10734</TD>
    <TD>52.273</TD>
    <TD>85.741</TD>
    <TD>24.1469</TD>
    <TD>0.1051</TD>
    <TD>99.0</TD>
    <TD>99.0</TD>
    <TD>99.0</TD>
    <TD>99.0</TD>
    <TD>0.66</TD>
  </TR>
  <TR>
    <TD>334.0</TD>
    <TD>241.4264</TD>
    <TD>55.0664</TD>
    <TD>506.318</TD>
    <TD>80.344</TD>
    <TD>25.3563</TD>
    <TD>0.2204</TD>
    <TD>25.3395</TD>
    <TD>0.4165</TD>
    <TD>25.3395</TD>
    <TD>0.4165</TD>
    <TD>0.39</TD>
  </TR>
  <TR>
    <TD>335.0</TD>
    <TD>241.4244</TD>
    <TD>55.10388</TD>
    <TD>91.123</TD>
    <TD>96.99</TD>
    <TD>23.1529</TD>
    <TD>0.0817</TD>
    <TD>24.5951</TD>
    <TD>0.4875</TD>
    <TD>22.9633</TD>
    <TD>0.0849</TD>
    <TD>0.73</TD>
  </TR>
  <TR>
    <TD>336.0</TD>
    <TD>241.4245</TD>
    <TD>55.00456</TD>
    <TD>1188.542</TD>
    <TD>84.327</TD>
    <TD>24.3252</TD>
    <TD>0.1673</TD>
    <TD>23.2839</TD>
    <TD>0.2349</TD>
    <TD>23.2839</TD>
    <TD>0.2349</TD>
    <TD>0.52</TD>
  </TR>
  <TR>
    <TD>337.0</TD>
    <TD>241.426</TD>
    <TD>55.05529</TD>
    <TD>629.313</TD>
    <TD>81.33</TD>
    <TD>25.4724</TD>
    <TD>0.2439</TD>
    <TD>25.2292</TD>
    <TD>0.3769</TD>
    <TD>25.2292</TD>
    <TD>0.3769</TD>
    <TD>0.41</TD>
  </TR>
  <TR>
    <TD>338.0</TD>
    <TD>241.4266</TD>
    <TD>55.08911</TD>
    <TD>254.674</TD>
    <TD>81.599</TD>
    <TD>25.7067</TD>
    <TD>0.2999</TD>
    <TD>25.2959</TD>
    <TD>0.3091</TD>
    <TD>25.2959</TD>
    <TD>0.3091</TD>
    <TD>0.37</TD>
  </TR>
  <TR>
    <TD>339.0</TD>
    <TD>241.427</TD>
    <TD>55.10856</TD>
    <TD>38.587</TD>
    <TD>81.259</TD>
    <TD>25.4077</TD>
    <TD>0.2305</TD>
    <TD>24.65</TD>
    <TD>0.174</TD>
    <TD>24.65</TD>
    <TD>0.174</TD>
    <TD>0.63</TD>
  </TR>
  <TR>
    <TD>340.0</TD>
    <TD>241.4264</TD>
    <TD>55.07744</TD>
    <TD>384.154</TD>
    <TD>81.36</TD>
    <TD>25.2997</TD>
    <TD>0.2648</TD>
    <TD>24.8569</TD>
    <TD>0.2692</TD>
    <TD>24.8569</TD>
    <TD>0.2692</TD>
    <TD>0.38</TD>
  </TR>
  <TR>
    <TD>341.0</TD>
    <TD>241.4247</TD>
    <TD>55.10853</TD>
    <TD>39.399</TD>
    <TD>95.613</TD>
    <TD>22.9354</TD>
    <TD>0.0569</TD>
    <TD>99.0</TD>
    <TD>99.0</TD>
    <TD>22.8628</TD>
    <TD>0.0583</TD>
    <TD>0.88</TD>
  </TR>
  <TR>
    <TD>342.0</TD>
    <TD>241.4231</TD>
    <TD>55.05495</TD>
    <TD>633.646</TD>
    <TD>99.576</TD>
    <TD>24.4042</TD>
    <TD>0.1863</TD>
    <TD>24.0527</TD>
    <TD>0.3401</TD>
    <TD>24.0527</TD>
    <TD>0.3401</TD>
    <TD>0.49</TD>
  </TR>
  <TR>
    <TD>343.0</TD>
    <TD>241.4249</TD>
    <TD>55.04952</TD>
    <TD>693.262</TD>
    <TD>87.482</TD>
    <TD>24.8293</TD>
    <TD>0.2169</TD>
    <TD>24.1875</TD>
    <TD>0.3781</TD>
    <TD>24.1875</TD>
    <TD>0.3781</TD>
    <TD>0.4</TD>
  </TR>
  <TR>
    <TD>344.0</TD>
    <TD>241.4259</TD>
    <TD>55.07719</TD>
    <TD>387.0</TD>
    <TD>84.978</TD>
    <TD>26.0039</TD>
    <TD>0.3905</TD>
    <TD>25.6067</TD>
    <TD>0.4361</TD>
    <TD>25.6067</TD>
    <TD>0.4361</TD>
    <TD>0.36</TD>
  </TR>
  <TR>
    <TD>345.0</TD>
    <TD>241.4263</TD>
    <TD>55.10697</TD>
    <TD>56.409</TD>
    <TD>85.326</TD>
    <TD>24.4092</TD>
    <TD>0.1216</TD>
    <TD>24.2203</TD>
    <TD>0.1582</TD>
    <TD>24.2203</TD>
    <TD>0.1582</TD>
    <TD>0.67</TD>
  </TR>
  <TR>
    <TD>346.0</TD>
    <TD>241.4225</TD>
    <TD>54.93121</TD>
    <TD>1992.381</TD>
    <TD>85.21</TD>
    <TD>25.5307</TD>
    <TD>0.3254</TD>
    <TD>24.7619</TD>
    <TD>0.449</TD>
    <TD>24.7619</TD>
    <TD>0.449</TD>
    <TD>0.36</TD>
  </TR>
  <TR>
    <TD>347.0</TD>
    <TD>241.4185</TD>
    <TD>54.94539</TD>
    <TD>1838.142</TD>
    <TD>113.154</TD>
    <TD>21.9396</TD>
    <TD>0.048</TD>
    <TD>21.8214</TD>
    <TD>0.0738</TD>
    <TD>21.8214</TD>
    <TD>0.0738</TD>
    <TD>0.01</TD>
  </TR>
  <TR>
    <TD>348.0</TD>
    <TD>241.4234</TD>
    <TD>55.04092</TD>
    <TD>788.456</TD>
    <TD>95.906</TD>
    <TD>23.681</TD>
    <TD>0.1377</TD>
    <TD>23.3535</TD>
    <TD>0.1951</TD>
    <TD>23.3535</TD>
    <TD>0.1951</TD>
    <TD>0.39</TD>
  </TR>
  <TR>
    <TD>349.0</TD>
    <TD>241.4228</TD>
    <TD>54.93277</TD>
    <TD>1975.314</TD>
    <TD>83.675</TD>
    <TD>25.7575</TD>
    <TD>0.3137</TD>
    <TD>25.3748</TD>
    <TD>0.4301</TD>
    <TD>25.3748</TD>
    <TD>0.4301</TD>
    <TD>0.38</TD>
  </TR>
  <TR>
    <TD>350.0</TD>
    <TD>241.4239</TD>
    <TD>54.97442</TD>
    <TD>1519.386</TD>
    <TD>83.302</TD>
    <TD>25.7776</TD>
    <TD>0.3193</TD>
    <TD>25.1138</TD>
    <TD>0.4758</TD>
    <TD>25.1138</TD>
    <TD>0.4758</TD>
    <TD>0.42</TD>
  </TR>
  <TR>
    <TD>351.0</TD>
    <TD>241.4262</TD>
    <TD>55.08468</TD>
    <TD>303.948</TD>
    <TD>83.786</TD>
    <TD>25.4754</TD>
    <TD>0.279</TD>
    <TD>24.8504</TD>
    <TD>0.2781</TD>
    <TD>24.8504</TD>
    <TD>0.2781</TD>
    <TD>0.39</TD>
  </TR>
  <TR>
    <TD>352.0</TD>
    <TD>241.4263</TD>
    <TD>55.09168</TD>
    <TD>226.282</TD>
    <TD>83.657</TD>
    <TD>25.8117</TD>
    <TD>0.3291</TD>
    <TD>25.1647</TD>
    <TD>0.2556</TD>
    <TD>25.1647</TD>
    <TD>0.2556</TD>
    <TD>0.38</TD>
  </TR>
  <TR>
    <TD>353.0</TD>
    <TD>241.4236</TD>
    <TD>55.09701</TD>
    <TD>167.705</TD>
    <TD>101.696</TD>
    <TD>24.0836</TD>
    <TD>0.1587</TD>
    <TD>23.9717</TD>
    <TD>0.303</TD>
    <TD>23.9717</TD>
    <TD>0.303</TD>
    <TD>0.48</TD>
  </TR>
  <TR>
    <TD>354.0</TD>
    <TD>241.4246</TD>
    <TD>55.07128</TD>
    <TD>452.7</TD>
    <TD>92.281</TD>
    <TD>23.3704</TD>
    <TD>0.1113</TD>
    <TD>23.3885</TD>
    <TD>0.2391</TD>
    <TD>23.3885</TD>
    <TD>0.2391</TD>
    <TD>0.63</TD>
  </TR>
  <TR>
    <TD>355.0</TD>
    <TD>241.4255</TD>
    <TD>55.10904</TD>
    <TD>33.496</TD>
    <TD>90.511</TD>
    <TD>23.3051</TD>
    <TD>0.0639</TD>
    <TD>99.0</TD>
    <TD>99.0</TD>
    <TD>23.2449</TD>
    <TD>0.0654</TD>
    <TD>0.76</TD>
  </TR>
  <TR>
    <TD>356.0</TD>
    <TD>241.4263</TD>
    <TD>55.09597</TD>
    <TD>178.679</TD>
    <TD>84.374</TD>
    <TD>25.7722</TD>
    <TD>0.3178</TD>
    <TD>25.3332</TD>
    <TD>0.7103</TD>
    <TD>25.3332</TD>
    <TD>0.7103</TD>
    <TD>0.38</TD>
  </TR>
  <TR>
    <TD>357.0</TD>
    <TD>241.4263</TD>
    <TD>55.0965</TD>
    <TD>172.756</TD>
    <TD>84.58</TD>
    <TD>25.14</TD>
    <TD>0.1827</TD>
    <TD>25.126</TD>
    <TD>0.2654</TD>
    <TD>25.126</TD>
    <TD>0.2654</TD>
    <TD>0.41</TD>
  </TR>
  <TR>
    <TD>358.0</TD>
    <TD>241.4236</TD>
    <TD>54.95154</TD>
    <TD>1769.983</TD>
    <TD>82.0</TD>
    <TD>25.9768</TD>
    <TD>0.3812</TD>
    <TD>24.9443</TD>
    <TD>0.3993</TD>
    <TD>24.9443</TD>
    <TD>0.3993</TD>
    <TD>0.36</TD>
  </TR>
  <TR>
    <TD>359.0</TD>
    <TD>241.4218</TD>
    <TD>55.10722</TD>
    <TD>54.57</TD>
    <TD>114.197</TD>
    <TD>21.3013</TD>
    <TD>0.0316</TD>
    <TD>99.0</TD>
    <TD>99.0</TD>
    <TD>21.1698</TD>
    <TD>0.0327</TD>
    <TD>0.03</TD>
  </TR>
  <TR>
    <TD>360.0</TD>
    <TD>241.4246</TD>
    <TD>55.01461</TD>
    <TD>1078.037</TD>
    <TD>85.308</TD>
    <TD>25.7748</TD>
    <TD>0.3185</TD>
    <TD>24.558</TD>
    <TD>0.33</TD>
    <TD>24.558</TD>
    <TD>0.33</TD>
    <TD>0.36</TD>
  </TR>
  <TR>
    <TD>361.0</TD>
    <TD>241.4243</TD>
    <TD>55.09121</TD>
    <TD>231.903</TD>
    <TD>96.203</TD>
    <TD>24.8092</TD>
    <TD>0.2002</TD>
    <TD>24.2624</TD>
    <TD>0.3197</TD>
    <TD>24.2624</TD>
    <TD>0.3197</TD>
    <TD>0.48</TD>
  </TR>
  <TR>
    <TD>362.0</TD>
    <TD>241.4253</TD>
    <TD>55.0881</TD>
    <TD>266.165</TD>
    <TD>89.685</TD>
    <TD>24.9325</TD>
    <TD>0.208</TD>
    <TD>24.5503</TD>
    <TD>0.2545</TD>
    <TD>24.5503</TD>
    <TD>0.2545</TD>
    <TD>0.38</TD>
  </TR>
  <TR>
    <TD>363.0</TD>
    <TD>241.4253</TD>
    <TD>55.08985</TD>
    <TD>246.784</TD>
    <TD>90.031</TD>
    <TD>25.2411</TD>
    <TD>0.2268</TD>
    <TD>24.6709</TD>
    <TD>0.2533</TD>
    <TD>24.6709</TD>
    <TD>0.2533</TD>
    <TD>0.37</TD>
  </TR>
  <TR>
    <TD>364.0</TD>
    <TD>241.4232</TD>
    <TD>55.10657</TD>
    <TD>61.56</TD>
    <TD>105.305</TD>
    <TD>23.0443</TD>
    <TD>0.0757</TD>
    <TD>99.0</TD>
    <TD>99.0</TD>
    <TD>22.8728</TD>
    <TD>0.0786</TD>
    <TD>0.94</TD>
  </TR>
  <TR>
    <TD>365.0</TD>
    <TD>241.4208</TD>
    <TD>55.10609</TD>
    <TD>67.345</TD>
    <TD>120.404</TD>
    <TD>22.2979</TD>
    <TD>0.0508</TD>
    <TD>99.0</TD>
    <TD>99.0</TD>
    <TD>22.1579</TD>
    <TD>0.0527</TD>
    <TD>0.64</TD>
  </TR>
  <TR>
    <TD>366.0</TD>
    <TD>241.4248</TD>
    <TD>55.10355</TD>
    <TD>94.789</TD>
    <TD>94.703</TD>
    <TD>23.9694</TD>
    <TD>0.1175</TD>
    <TD>26.2095</TD>
    <TD>1.2145</TD>
    <TD>23.7887</TD>
    <TD>0.1221</TD>
    <TD>0.59</TD>
  </TR>
  <TR>
    <TD>367.0</TD>
    <TD>241.4252</TD>
    <TD>55.09239</TD>
    <TD>218.672</TD>
    <TD>90.996</TD>
    <TD>25.6583</TD>
    <TD>0.2873</TD>
    <TD>25.1859</TD>
    <TD>0.2605</TD>
    <TD>25.1859</TD>
    <TD>0.2605</TD>
    <TD>0.36</TD>
  </TR>
  <TR>
    <TD>368.0</TD>
    <TD>241.4251</TD>
    <TD>55.0656</TD>
    <TD>515.501</TD>
    <TD>88.495</TD>
    <TD>25.6905</TD>
    <TD>0.3379</TD>
    <TD>24.8746</TD>
    <TD>0.2736</TD>
    <TD>24.8746</TD>
    <TD>0.2736</TD>
    <TD>0.35</TD>
  </TR>
  <TR>
    <TD>369.0</TD>
    <TD>241.4257</TD>
    <TD>55.09406</TD>
    <TD>200.026</TD>
    <TD>88.227</TD>
    <TD>25.6816</TD>
    <TD>0.3352</TD>
    <TD>24.844</TD>
    <TD>0.2765</TD>
    <TD>24.844</TD>
    <TD>0.2765</TD>
    <TD>0.36</TD>
  </TR>
  <TR>
    <TD>370.0</TD>
    <TD>241.4202</TD>
    <TD>55.10231</TD>
    <TD>109.485</TD>
    <TD>123.487</TD>
    <TD>20.4559</TD>
    <TD>0.0185</TD>
    <TD>20.535</TD>
    <TD>0.0254</TD>
    <TD>20.535</TD>
    <TD>0.0254</TD>
    <TD>0.02</TD>
  </TR>
  <TR>
    <TD>371.0</TD>
    <TD>241.425</TD>
    <TD>55.06776</TD>
    <TD>491.638</TD>
    <TD>89.301</TD>
    <TD>25.9847</TD>
    <TD>0.3839</TD>
    <TD>24.8275</TD>
    <TD>0.2622</TD>
    <TD>24.8275</TD>
    <TD>0.2622</TD>
    <TD>0.35</TD>
  </TR>
  <TR>
    <TD>372.0</TD>
    <TD>241.4251</TD>
    <TD>55.10798</TD>
    <TD>45.435</TD>
    <TD>93.305</TD>
    <TD>23.4839</TD>
    <TD>0.0802</TD>
    <TD>25.3739</TD>
    <TD>0.6737</TD>
    <TD>23.3831</TD>
    <TD>0.0827</TD>
    <TD>0.75</TD>
  </TR>
  <TR>
    <TD>373.0</TD>
    <TD>241.4244</TD>
    <TD>55.10824</TD>
    <TD>42.715</TD>
    <TD>97.782</TD>
    <TD>23.6059</TD>
    <TD>0.0858</TD>
    <TD>99.0</TD>
    <TD>99.0</TD>
    <TD>23.501</TD>
    <TD>0.0885</TD>
    <TD>0.69</TD>
  </TR>
  <TR>
    <TD>374.0</TD>
    <TD>241.4246</TD>
    <TD>55.07979</TD>
    <TD>358.461</TD>
    <TD>93.12</TD>
    <TD>24.9148</TD>
    <TD>0.234</TD>
    <TD>24.11</TD>
    <TD>0.2703</TD>
    <TD>24.11</TD>
    <TD>0.2703</TD>
    <TD>0.37</TD>
  </TR>
  <TR>
    <TD>375.0</TD>
    <TD>241.4247</TD>
    <TD>55.08254</TD>
    <TD>327.995</TD>
    <TD>93.249</TD>
    <TD>24.5858</TD>
    <TD>0.1534</TD>
    <TD>24.6471</TD>
    <TD>0.2557</TD>
    <TD>24.6471</TD>
    <TD>0.2557</TD>
    <TD>0.51</TD>
  </TR>
  <TR>
    <TD>376.0</TD>
    <TD>241.4194</TD>
    <TD>54.95645</TD>
    <TD>1717.051</TD>
    <TD>109.446</TD>
    <TD>22.3073</TD>
    <TD>0.0594</TD>
    <TD>22.0911</TD>
    <TD>0.0841</TD>
    <TD>22.0911</TD>
    <TD>0.0841</TD>
    <TD>0.22</TD>
  </TR>
  <TR>
    <TD>377.0</TD>
    <TD>241.4221</TD>
    <TD>55.01722</TD>
    <TD>1049.786</TD>
    <TD>101.498</TD>
    <TD>23.3743</TD>
    <TD>0.115</TD>
    <TD>23.0144</TD>
    <TD>0.2231</TD>
    <TD>23.0144</TD>
    <TD>0.2231</TD>
    <TD>0.57</TD>
  </TR>
  <TR>
    <TD>378.0</TD>
    <TD>241.4244</TD>
    <TD>55.09654</TD>
    <TD>172.746</TD>
    <TD>96.486</TD>
    <TD>25.5855</TD>
    <TD>0.3077</TD>
    <TD>24.597</TD>
    <TD>0.3672</TD>
    <TD>24.597</TD>
    <TD>0.3672</TD>
    <TD>0.4</TD>
  </TR>
  <TR>
    <TD>379.0</TD>
    <TD>241.4245</TD>
    <TD>55.05546</TD>
    <TD>627.661</TD>
    <TD>91.341</TD>
    <TD>25.7714</TD>
    <TD>0.3176</TD>
    <TD>25.1461</TD>
    <TD>0.459</TD>
    <TD>25.1461</TD>
    <TD>0.459</TD>
    <TD>0.39</TD>
  </TR>
  <TR>
    <TD>380.0</TD>
    <TD>241.4245</TD>
    <TD>55.10763</TD>
    <TD>49.481</TD>
    <TD>96.849</TD>
    <TD>23.5851</TD>
    <TD>0.0843</TD>
    <TD>24.9346</TD>
    <TD>0.4581</TD>
    <TD>23.4833</TD>
    <TD>0.0869</TD>
    <TD>0.74</TD>
  </TR>
  <TR>
    <TD>381.0</TD>
    <TD>241.4215</TD>
    <TD>54.95182</TD>
    <TD>1767.225</TD>
    <TD>94.998</TD>
    <TD>25.5337</TD>
    <TD>0.2938</TD>
    <TD>25.2293</TD>
    <TD>0.3614</TD>
    <TD>25.2293</TD>
    <TD>0.3614</TD>
    <TD>0.39</TD>
  </TR>
  <TR>
    <TD>382.0</TD>
    <TD>241.4226</TD>
    <TD>54.97742</TD>
    <TD>1486.74</TD>
    <TD>92.236</TD>
    <TD>25.6711</TD>
    <TD>0.3321</TD>
    <TD>24.5544</TD>
    <TD>0.3802</TD>
    <TD>24.5544</TD>
    <TD>0.3802</TD>
    <TD>0.36</TD>
  </TR>
  <TR>
    <TD>383.0</TD>
    <TD>241.4248</TD>
    <TD>55.08461</TD>
    <TD>304.953</TD>
    <TD>92.365</TD>
    <TD>25.2348</TD>
    <TD>0.2721</TD>
    <TD>25.3617</TD>
    <TD>0.5844</TD>
    <TD>25.3617</TD>
    <TD>0.5844</TD>
    <TD>0.35</TD>
  </TR>
  <TR>
    <TD>384.0</TD>
    <TD>241.4249</TD>
    <TD>55.09536</TD>
    <TD>185.692</TD>
    <TD>93.334</TD>
    <TD>24.9206</TD>
    <TD>0.2058</TD>
    <TD>25.3558</TD>
    <TD>0.3032</TD>
    <TD>25.3558</TD>
    <TD>0.3032</TD>
    <TD>0.41</TD>
  </TR>
  <TR>
    <TD>385.0</TD>
    <TD>241.4153</TD>
    <TD>54.9266</TD>
    <TD>2044.033</TD>
    <TD>130.391</TD>
    <TD>20.5689</TD>
    <TD>0.0188</TD>
    <TD>20.5454</TD>
    <TD>0.0214</TD>
    <TD>20.5454</TD>
    <TD>0.0214</TD>
    <TD>0.06</TD>
  </TR>
  <TR>
    <TD>386.0</TD>
    <TD>241.4201</TD>
    <TD>54.95888</TD>
    <TD>1690.241</TD>
    <TD>104.925</TD>
    <TD>23.9632</TD>
    <TD>0.1574</TD>
    <TD>23.4286</TD>
    <TD>0.2206</TD>
    <TD>23.4286</TD>
    <TD>0.2206</TD>
    <TD>0.3</TD>
  </TR>
  <TR>
    <TD>387.0</TD>
    <TD>241.4238</TD>
    <TD>55.109</TD>
    <TD>34.352</TD>
    <TD>101.614</TD>
    <TD>23.2834</TD>
    <TD>0.0653</TD>
    <TD>25.9326</TD>
    <TD>1.1244</TD>
    <TD>23.2163</TD>
    <TD>0.0668</TD>
    <TD>0.79</TD>
  </TR>
  <TR>
    <TD>388.0</TD>
    <TD>241.4241</TD>
    <TD>55.08638</TD>
    <TD>285.514</TD>
    <TD>97.009</TD>
    <TD>24.6311</TD>
    <TD>0.1819</TD>
    <TD>24.296</TD>
    <TD>0.317</TD>
    <TD>24.296</TD>
    <TD>0.317</TD>
    <TD>0.41</TD>
  </TR>
  <TR>
    <TD>389.0</TD>
    <TD>241.423</TD>
    <TD>55.00679</TD>
    <TD>1164.31</TD>
    <TD>94.324</TD>
    <TD>26.0759</TD>
    <TD>0.4165</TD>
    <TD>24.872</TD>
    <TD>0.4783</TD>
    <TD>24.872</TD>
    <TD>0.4783</TD>
    <TD>0.36</TD>
  </TR>
  <TR>
    <TD>390.0</TD>
    <TD>241.4236</TD>
    <TD>55.03536</TD>
    <TD>849.668</TD>
    <TD>94.337</TD>
    <TD>25.8894</TD>
    <TD>0.3526</TD>
    <TD>25.401</TD>
    <TD>0.6556</TD>
    <TD>25.401</TD>
    <TD>0.6556</TD>
    <TD>0.39</TD>
  </TR>
  <TR>
    <TD>391.0</TD>
    <TD>241.4245</TD>
    <TD>55.08117</TD>
    <TD>343.268</TD>
    <TD>94.41</TD>
    <TD>25.7276</TD>
    <TD>0.3882</TD>
    <TD>24.7361</TD>
    <TD>0.2509</TD>
    <TD>24.7361</TD>
    <TD>0.2509</TD>
    <TD>0.43</TD>
  </TR>
  <TR>
    <TD>392.0</TD>
    <TD>241.421</TD>
    <TD>55.06754</TD>
    <TD>494.837</TD>
    <TD>114.684</TD>
    <TD>22.1187</TD>
    <TD>0.0532</TD>
    <TD>22.0911</TD>
    <TD>0.0783</TD>
    <TD>22.0911</TD>
    <TD>0.0783</TD>
    <TD>0.15</TD>
  </TR>
  <TR>
    <TD>393.0</TD>
    <TD>241.4236</TD>
    <TD>55.09076</TD>
    <TD>237.087</TD>
    <TD>100.779</TD>
    <TD>24.7218</TD>
    <TD>0.1971</TD>
    <TD>24.1464</TD>
    <TD>0.293</TD>
    <TD>24.1464</TD>
    <TD>0.293</TD>
    <TD>0.39</TD>
  </TR>
  <TR>
    <TD>394.0</TD>
    <TD>241.4237</TD>
    <TD>55.07333</TD>
    <TD>430.182</TD>
    <TD>98.045</TD>
    <TD>25.0457</TD>
    <TD>0.23</TD>
    <TD>24.8244</TD>
    <TD>0.3425</TD>
    <TD>24.8244</TD>
    <TD>0.3425</TD>
    <TD>0.46</TD>
  </TR>
  <TR>
    <TD>395.0</TD>
    <TD>241.4244</TD>
    <TD>55.09627</TD>
    <TD>175.708</TD>
    <TD>96.331</TD>
    <TD>25.6982</TD>
    <TD>0.2976</TD>
    <TD>25.0074</TD>
    <TD>0.4138</TD>
    <TD>25.0074</TD>
    <TD>0.4138</TD>
    <TD>0.36</TD>
  </TR>
  <TR>
    <TD>396.0</TD>
    <TD>241.4227</TD>
    <TD>55.10483</TD>
    <TD>80.941</TD>
    <TD>107.758</TD>
    <TD>22.6481</TD>
    <TD>0.0573</TD>
    <TD>99.0</TD>
    <TD>99.0</TD>
    <TD>22.5279</TD>
    <TD>0.0592</TD>
    <TD>0.93</TD>
  </TR>
  <TR>
    <TD>397.0</TD>
    <TD>241.4218</TD>
    <TD>55.10494</TD>
    <TD>79.986</TD>
    <TD>113.794</TD>
    <TD>23.1097</TD>
    <TD>0.0772</TD>
    <TD>99.0</TD>
    <TD>99.0</TD>
    <TD>22.9448</TD>
    <TD>0.0801</TD>
    <TD>0.76</TD>
  </TR>
  <TR>
    <TD>398.0</TD>
    <TD>241.4233</TD>
    <TD>55.10846</TD>
    <TD>40.456</TD>
    <TD>104.383</TD>
    <TD>23.5471</TD>
    <TD>0.0816</TD>
    <TD>99.0</TD>
    <TD>99.0</TD>
    <TD>23.4507</TD>
    <TD>0.084</TD>
    <TD>0.72</TD>
  </TR>
  <TR>
    <TD>399.0</TD>
    <TD>241.4237</TD>
    <TD>55.08995</TD>
    <TD>246.026</TD>
    <TD>99.88</TD>
    <TD>24.6636</TD>
    <TD>0.1872</TD>
    <TD>24.4928</TD>
    <TD>0.311</TD>
    <TD>24.4928</TD>
    <TD>0.311</TD>
    <TD>0.52</TD>
  </TR>
  <TR>
    <TD>400.0</TD>
    <TD>241.4234</TD>
    <TD>55.05172</TD>
    <TD>669.297</TD>
    <TD>97.694</TD>
    <TD>25.7036</TD>
    <TD>0.2991</TD>
    <TD>25.5488</TD>
    <TD>0.3605</TD>
    <TD>25.5488</TD>
    <TD>0.3605</TD>
    <TD>0.4</TD>
  </TR>
  <TR>
    <TD>401.0</TD>
    <TD>241.4244</TD>
    <TD>55.10889</TD>
    <TD>35.441</TD>
    <TD>97.472</TD>
    <TD>24.3083</TD>
    <TD>0.1018</TD>
    <TD>25.9837</TD>
    <TD>0.749</TD>
    <TD>24.2475</TD>
    <TD>0.1041</TD>
    <TD>0.66</TD>
  </TR>
  <TR>
    <TD>402.0</TD>
    <TD>241.4223</TD>
    <TD>55.0845</TD>
    <TD>306.785</TD>
    <TD>108.125</TD>
    <TD>23.8042</TD>
    <TD>0.1304</TD>
    <TD>24.0516</TD>
    <TD>0.3031</TD>
    <TD>24.0516</TD>
    <TD>0.3031</TD>
    <TD>0.6</TD>
  </TR>
  <TR>
    <TD>403.0</TD>
    <TD>241.4215</TD>
    <TD>55.04844</TD>
    <TD>705.856</TD>
    <TD>108.989</TD>
    <TD>22.9948</TD>
    <TD>0.0996</TD>
    <TD>22.5884</TD>
    <TD>0.1503</TD>
    <TD>22.5884</TD>
    <TD>0.1503</TD>
    <TD>0.53</TD>
  </TR>
  <TR>
    <TD>404.0</TD>
    <TD>241.4205</TD>
    <TD>55.00033</TD>
    <TD>1235.766</TD>
    <TD>109.059</TD>
    <TD>23.8949</TD>
    <TD>0.1448</TD>
    <TD>23.3221</TD>
    <TD>0.1941</TD>
    <TD>23.3221</TD>
    <TD>0.1941</TD>
    <TD>0.51</TD>
  </TR>
  <TR>
    <TD>405.0</TD>
    <TD>241.4239</TD>
    <TD>55.10813</TD>
    <TD>44.046</TD>
    <TD>101.02</TD>
    <TD>23.3673</TD>
    <TD>0.07</TD>
    <TD>24.6938</TD>
    <TD>0.3735</TD>
    <TD>23.2922</TD>
    <TD>0.0718</TD>
    <TD>0.76</TD>
  </TR>
  <TR>
    <TD>406.0</TD>
    <TD>241.4223</TD>
    <TD>55.00676</TD>
    <TD>1164.749</TD>
    <TD>98.25</TD>
    <TD>25.553</TD>
    <TD>0.2989</TD>
    <TD>24.8791</TD>
    <TD>0.4751</TD>
    <TD>24.8791</TD>
    <TD>0.4751</TD>
    <TD>0.36</TD>
  </TR>
  <TR>
    <TD>407.0</TD>
    <TD>241.424</TD>
    <TD>55.08793</TD>
    <TD>268.38</TD>
    <TD>98.319</TD>
    <TD>25.7898</TD>
    <TD>0.3228</TD>
    <TD>24.8068</TD>
    <TD>0.381</TD>
    <TD>24.8068</TD>
    <TD>0.381</TD>
    <TD>0.36</TD>
  </TR>
  <TR>
    <TD>408.0</TD>
    <TD>241.421</TD>
    <TD>55.0208</TD>
    <TD>1010.545</TD>
    <TD>108.401</TD>
    <TD>23.1126</TD>
    <TD>0.1064</TD>
    <TD>22.3293</TD>
    <TD>0.1484</TD>
    <TD>22.3293</TD>
    <TD>0.1484</TD>
    <TD>0.56</TD>
  </TR>
  <TR>
    <TD>409.0</TD>
    <TD>241.4236</TD>
    <TD>55.07935</TD>
    <TD>363.504</TD>
    <TD>99.436</TD>
    <TD>25.4565</TD>
    <TD>0.2744</TD>
    <TD>25.0679</TD>
    <TD>0.3257</TD>
    <TD>25.0679</TD>
    <TD>0.3257</TD>
    <TD>0.38</TD>
  </TR>
  <TR>
    <TD>410.0</TD>
    <TD>241.4238</TD>
    <TD>55.08874</TD>
    <TD>259.472</TD>
    <TD>99.458</TD>
    <TD>25.4902</TD>
    <TD>0.2827</TD>
    <TD>25.0421</TD>
    <TD>0.6649</TD>
    <TD>25.0421</TD>
    <TD>0.6649</TD>
    <TD>0.38</TD>
  </TR>
  <TR>
    <TD>411.0</TD>
    <TD>241.4159</TD>
    <TD>55.05502</TD>
    <TD>634.305</TD>
    <TD>145.434</TD>
    <TD>20.2216</TD>
    <TD>0.0164</TD>
    <TD>20.1905</TD>
    <TD>0.0209</TD>
    <TD>20.1905</TD>
    <TD>0.0209</TD>
    <TD>0.02</TD>
  </TR>
  <TR>
    <TD>412.0</TD>
    <TD>241.423</TD>
    <TD>55.09827</TD>
    <TD>153.791</TD>
    <TD>105.223</TD>
    <TD>25.1114</TD>
    <TD>0.2241</TD>
    <TD>25.6138</TD>
    <TD>0.6869</TD>
    <TD>25.6138</TD>
    <TD>0.6869</TD>
    <TD>0.43</TD>
  </TR>
  <TR>
    <TD>413.0</TD>
    <TD>241.423</TD>
    <TD>55.10126</TD>
    <TD>120.525</TD>
    <TD>105.507</TD>
    <TD>24.7432</TD>
    <TD>0.1761</TD>
    <TD>24.4957</TD>
    <TD>0.2231</TD>
    <TD>24.4957</TD>
    <TD>0.2231</TD>
    <TD>0.49</TD>
  </TR>
  <TR>
    <TD>414.0</TD>
    <TD>241.4233</TD>
    <TD>55.10808</TD>
    <TD>44.65</TD>
    <TD>104.725</TD>
    <TD>24.0777</TD>
    <TD>0.0991</TD>
    <TD>25.4501</TD>
    <TD>0.5914</TD>
    <TD>23.997</TD>
    <TD>0.1018</TD>
    <TD>0.69</TD>
  </TR>
  <TR>
    <TD>415.0</TD>
    <TD>241.4233</TD>
    <TD>55.05093</TD>
    <TD>677.973</TD>
    <TD>98.0</TD>
    <TD>25.9733</TD>
    <TD>0.38</TD>
    <TD>24.8605</TD>
    <TD>0.3371</TD>
    <TD>24.8605</TD>
    <TD>0.3371</TD>
    <TD>0.44</TD>
  </TR>
  <TR>
    <TD>416.0</TD>
    <TD>241.4232</TD>
    <TD>55.06664</TD>
    <TD>504.336</TD>
    <TD>100.312</TD>
    <TD>26.2983</TD>
    <TD>0.5084</TD>
    <TD>25.3123</TD>
    <TD>0.2916</TD>
    <TD>25.3123</TD>
    <TD>0.2916</TD>
    <TD>0.35</TD>
  </TR>
  <TR>
    <TD>417.0</TD>
    <TD>241.4148</TD>
    <TD>54.96059</TD>
    <TD>1672.563</TD>
    <TD>138.624</TD>
    <TD>20.9997</TD>
    <TD>0.0311</TD>
    <TD>20.8537</TD>
    <TD>0.051</TD>
    <TD>20.8537</TD>
    <TD>0.051</TD>
    <TD>0.0</TD>
  </TR>
  <TR>
    <TD>418.0</TD>
    <TD>241.42</TD>
    <TD>55.099</TD>
    <TD>146.362</TD>
    <TD>124.206</TD>
    <TD>23.2726</TD>
    <TD>0.1065</TD>
    <TD>22.772</TD>
    <TD>0.2292</TD>
    <TD>22.772</TD>
    <TD>0.2292</TD>
    <TD>0.5</TD>
  </TR>
  <TR>
    <TD>419.0</TD>
    <TD>241.4218</TD>
    <TD>55.10967</TD>
    <TD>27.332</TD>
    <TD>114.562</TD>
    <TD>22.5851</TD>
    <TD>0.051</TD>
    <TD>99.0</TD>
    <TD>99.0</TD>
    <TD>22.4978</TD>
    <TD>0.0524</TD>
    <TD>0.86</TD>
  </TR>
  <TR>
    <TD>420.0</TD>
    <TD>241.4201</TD>
    <TD>55.01674</TD>
    <TD>1055.498</TD>
    <TD>113.528</TD>
    <TD>23.636</TD>
    <TD>0.1345</TD>
    <TD>22.5405</TD>
    <TD>0.1816</TD>
    <TD>22.5405</TD>
    <TD>0.1816</TD>
    <TD>0.06</TD>
  </TR>
  <TR>
    <TD>421.0</TD>
    <TD>241.421</TD>
    <TD>54.98766</TD>
    <TD>1374.8</TD>
    <TD>104.203</TD>
    <TD>25.4319</TD>
    <TD>0.2978</TD>
    <TD>25.3064</TD>
    <TD>0.4042</TD>
    <TD>25.3064</TD>
    <TD>0.4042</TD>
    <TD>0.4</TD>
  </TR>
  <TR>
    <TD>422.0</TD>
    <TD>241.4229</TD>
    <TD>55.05762</TD>
    <TD>604.212</TD>
    <TD>101.663</TD>
    <TD>25.3976</TD>
    <TD>0.2889</TD>
    <TD>24.971</TD>
    <TD>0.4091</TD>
    <TD>24.971</TD>
    <TD>0.4091</TD>
    <TD>0.35</TD>
  </TR>
  <TR>
    <TD>423.0</TD>
    <TD>241.4179</TD>
    <TD>55.01812</TD>
    <TD>1040.729</TD>
    <TD>128.057</TD>
    <TD>21.9324</TD>
    <TD>0.0535</TD>
    <TD>21.5436</TD>
    <TD>0.087</TD>
    <TD>21.5436</TD>
    <TD>0.087</TD>
    <TD>0.0</TD>
  </TR>
  <TR>
    <TD>424.0</TD>
    <TD>241.4207</TD>
    <TD>55.10675</TD>
    <TD>60.111</TD>
    <TD>121.213</TD>
    <TD>22.472</TD>
    <TD>0.0548</TD>
    <TD>99.0</TD>
    <TD>99.0</TD>
    <TD>22.3349</TD>
    <TD>0.0567</TD>
    <TD>0.7</TD>
  </TR>
  <TR>
    <TD>425.0</TD>
    <TD>241.4222</TD>
    <TD>55.0741</TD>
    <TD>422.0</TD>
    <TD>107.567</TD>
    <TD>25.2589</TD>
    <TD>0.2304</TD>
    <TD>24.9596</TD>
    <TD>0.2707</TD>
    <TD>24.9596</TD>
    <TD>0.2707</TD>
    <TD>0.4</TD>
  </TR>
  <TR>
    <TD>426.0</TD>
    <TD>241.4213</TD>
    <TD>54.99115</TD>
    <TD>1336.346</TD>
    <TD>102.311</TD>
    <TD>26.0381</TD>
    <TD>0.4026</TD>
    <TD>25.2602</TD>
    <TD>0.5763</TD>
    <TD>25.2602</TD>
    <TD>0.5763</TD>
    <TD>0.35</TD>
  </TR>
  <TR>
    <TD>427.0</TD>
    <TD>241.4218</TD>
    <TD>55.01168</TD>
    <TD>1110.782</TD>
    <TD>102.38</TD>
    <TD>25.5195</TD>
    <TD>0.3221</TD>
    <TD>24.4329</TD>
    <TD>0.2612</TD>
    <TD>24.4329</TD>
    <TD>0.2612</TD>
    <TD>0.35</TD>
  </TR>
  <TR>
    <TD>428.0</TD>
    <TD>241.4233</TD>
    <TD>55.08929</TD>
    <TD>253.45</TD>
    <TD>102.51</TD>
    <TD>25.6025</TD>
    <TD>0.3124</TD>
    <TD>25.2338</TD>
    <TD>0.461</TD>
    <TD>25.2338</TD>
    <TD>0.461</TD>
    <TD>0.35</TD>
  </TR>
  <TR>
    <TD>429.0</TD>
    <TD>241.4223</TD>
    <TD>55.05896</TD>
    <TD>589.521</TD>
    <TD>105.124</TD>
    <TD>24.7917</TD>
    <TD>0.2097</TD>
    <TD>24.2474</TD>
    <TD>0.352</TD>
    <TD>24.2474</TD>
    <TD>0.352</TD>
    <TD>0.45</TD>
  </TR>
  <TR>
    <TD>430.0</TD>
    <TD>241.4032</TD>
    <TD>54.92721</TD>
    <TD>2039.416</TD>
    <TD>206.764</TD>
    <TD>16.2122</TD>
    <TD>0.0013</TD>
    <TD>16.2356</TD>
    <TD>0.0012</TD>
    <TD>16.2356</TD>
    <TD>0.0012</TD>
    <TD>0.97</TD>
  </TR>
  <TR>
    <TD>431.0</TD>
    <TD>241.4187</TD>
    <TD>55.09277</TD>
    <TD>215.743</TD>
    <TD>132.176</TD>
    <TD>23.23</TD>
    <TD>0.1067</TD>
    <TD>23.3501</TD>
    <TD>0.1781</TD>
    <TD>23.3501</TD>
    <TD>0.1781</TD>
    <TD>0.63</TD>
  </TR>
  <TR>
    <TD>432.0</TD>
    <TD>241.4218</TD>
    <TD>55.09764</TD>
    <TD>161.09</TD>
    <TD>112.823</TD>
    <TD>24.5934</TD>
    <TD>0.204</TD>
    <TD>24.2043</TD>
    <TD>0.3032</TD>
    <TD>24.2043</TD>
    <TD>0.3032</TD>
    <TD>0.5</TD>
  </TR>
  <TR>
    <TD>433.0</TD>
    <TD>241.4228</TD>
    <TD>55.07097</TD>
    <TD>456.563</TD>
    <TD>103.482</TD>
    <TD>25.2954</TD>
    <TD>0.238</TD>
    <TD>24.9136</TD>
    <TD>0.2833</TD>
    <TD>24.9136</TD>
    <TD>0.2833</TD>
    <TD>0.37</TD>
  </TR>
  <TR>
    <TD>434.0</TD>
    <TD>241.4233</TD>
    <TD>55.09613</TD>
    <TD>177.457</TD>
    <TD>103.517</TD>
    <TD>24.2478</TD>
    <TD>0.1501</TD>
    <TD>24.2675</TD>
    <TD>0.3502</TD>
    <TD>24.2675</TD>
    <TD>0.3502</TD>
    <TD>0.5</TD>
  </TR>
  <TR>
    <TD>435.0</TD>
    <TD>241.4208</TD>
    <TD>55.0183</TD>
    <TD>1038.103</TD>
    <TD>109.59</TD>
    <TD>24.9532</TD>
    <TD>0.2275</TD>
    <TD>23.4867</TD>
    <TD>0.2544</TD>
    <TD>23.4867</TD>
    <TD>0.2544</TD>
    <TD>0.42</TD>
  </TR>
  <TR>
    <TD>436.0</TD>
    <TD>241.4226</TD>
    <TD>55.11059</TD>
    <TD>16.944</TD>
    <TD>109.274</TD>
    <TD>23.1753</TD>
    <TD>0.0697</TD>
    <TD>23.6968</TD>
    <TD>0.1724</TD>
    <TD>23.0739</TD>
    <TD>0.0718</TD>
    <TD>0.55</TD>
  </TR>
  <TR>
    <TD>437.0</TD>
    <TD>241.4146</TD>
    <TD>54.96205</TD>
    <TD>1656.626</TD>
    <TD>140.494</TD>
    <TD>23.9888</TD>
    <TD>0.1459</TD>
    <TD>23.5741</TD>
    <TD>0.29</TD>
    <TD>23.5741</TD>
    <TD>0.29</TD>
    <TD>0.56</TD>
  </TR>
  <TR>
    <TD>438.0</TD>
    <TD>241.4216</TD>
    <TD>55.11119</TD>
    <TD>10.517</TD>
    <TD>115.958</TD>
    <TD>22.8405</TD>
    <TD>0.0564</TD>
    <TD>99.0</TD>
    <TD>99.0</TD>
    <TD>22.7581</TD>
    <TD>0.0579</TD>
    <TD>0.84</TD>
  </TR>
  <TR>
    <TD>439.0</TD>
    <TD>241.4222</TD>
    <TD>55.10948</TD>
    <TD>29.354</TD>
    <TD>111.677</TD>
    <TD>24.9579</TD>
    <TD>0.2127</TD>
    <TD>24.6416</TD>
    <TD>0.3157</TD>
    <TD>24.646</TD>
    <TD>0.2197</TD>
    <TD>0.73</TD>
  </TR>
  <TR>
    <TD>440.0</TD>
    <TD>241.4226</TD>
    <TD>55.09739</TD>
    <TD>163.656</TD>
    <TD>108.071</TD>
    <TD>25.0232</TD>
    <TD>0.2073</TD>
    <TD>24.7214</TD>
    <TD>0.2971</TD>
    <TD>24.7214</TD>
    <TD>0.2971</TD>
    <TD>0.48</TD>
  </TR>
  <TR>
    <TD>441.0</TD>
    <TD>241.4176</TD>
    <TD>55.01607</TD>
    <TD>1063.355</TD>
    <TD>129.229</TD>
    <TD>22.3219</TD>
    <TD>0.0632</TD>
    <TD>22.0924</TD>
    <TD>0.1043</TD>
    <TD>22.0924</TD>
    <TD>0.1043</TD>
    <TD>0.1</TD>
  </TR>
  <TR>
    <TD>442.0</TD>
    <TD>241.42</TD>
    <TD>54.99594</TD>
    <TD>1284.042</TD>
    <TD>111.27</TD>
    <TD>25.0593</TD>
    <TD>0.2663</TD>
    <TD>24.3733</TD>
    <TD>0.2832</TD>
    <TD>24.3733</TD>
    <TD>0.2832</TD>
    <TD>0.21</TD>
  </TR>
  <TR>
    <TD>443.0</TD>
    <TD>241.4225</TD>
    <TD>55.08143</TD>
    <TD>340.782</TD>
    <TD>106.601</TD>
    <TD>25.1483</TD>
    <TD>0.2315</TD>
    <TD>25.135</TD>
    <TD>0.346</TD>
    <TD>25.135</TD>
    <TD>0.346</TD>
    <TD>0.52</TD>
  </TR>
  <TR>
    <TD>444.0</TD>
    <TD>241.4226</TD>
    <TD>55.08558</TD>
    <TD>294.676</TD>
    <TD>106.691</TD>
    <TD>25.9596</TD>
    <TD>0.3754</TD>
    <TD>25.6644</TD>
    <TD>0.7015</TD>
    <TD>25.6644</TD>
    <TD>0.7015</TD>
    <TD>0.39</TD>
  </TR>
  <TR>
    <TD>445.0</TD>
    <TD>241.4227</TD>
    <TD>55.09173</TD>
    <TD>226.429</TD>
    <TD>106.693</TD>
    <TD>25.0075</TD>
    <TD>0.2223</TD>
    <TD>24.7959</TD>
    <TD>0.2925</TD>
    <TD>24.7959</TD>
    <TD>0.2925</TD>
    <TD>0.45</TD>
  </TR>
  <TR>
    <TD>446.0</TD>
    <TD>241.4227</TD>
    <TD>55.09355</TD>
    <TD>206.265</TD>
    <TD>106.678</TD>
    <TD>25.6551</TD>
    <TD>0.2865</TD>
    <TD>24.7535</TD>
    <TD>0.3563</TD>
    <TD>24.7535</TD>
    <TD>0.3563</TD>
    <TD>0.42</TD>
  </TR>
  <TR>
    <TD>447.0</TD>
    <TD>241.4231</TD>
    <TD>55.10919</TD>
    <TD>32.417</TD>
    <TD>106.266</TD>
    <TD>25.1271</TD>
    <TD>0.1807</TD>
    <TD>24.7464</TD>
    <TD>0.1894</TD>
    <TD>24.7464</TD>
    <TD>0.1894</TD>
    <TD>0.76</TD>
  </TR>
  <TR>
    <TD>448.0</TD>
    <TD>241.4201</TD>
    <TD>55.10849</TD>
    <TD>40.846</TD>
    <TD>124.62</TD>
    <TD>23.2805</TD>
    <TD>0.0803</TD>
    <TD>99.0</TD>
    <TD>99.0</TD>
    <TD>23.1379</TD>
    <TD>0.0832</TD>
    <TD>0.7</TD>
  </TR>
  <TR>
    <TD>449.0</TD>
    <TD>241.4225</TD>
    <TD>55.10843</TD>
    <TD>40.941</TD>
    <TD>109.922</TD>
    <TD>22.9839</TD>
    <TD>0.0561</TD>
    <TD>99.0</TD>
    <TD>99.0</TD>
    <TD>22.9201</TD>
    <TD>0.0574</TD>
    <TD>0.81</TD>
  </TR>
  <TR>
    <TD>450.0</TD>
    <TD>241.4178</TD>
    <TD>54.93138</TD>
    <TD>1991.324</TD>
    <TD>114.869</TD>
    <TD>23.8897</TD>
    <TD>0.1507</TD>
    <TD>23.5824</TD>
    <TD>0.314</TD>
    <TD>23.5824</TD>
    <TD>0.314</TD>
    <TD>0.08</TD>
  </TR>
  <TR>
    <TD>451.0</TD>
    <TD>241.4223</TD>
    <TD>55.08102</TD>
    <TD>345.33</TD>
    <TD>107.672</TD>
    <TD>25.4508</TD>
    <TD>0.2394</TD>
    <TD>25.0572</TD>
    <TD>0.4233</TD>
    <TD>25.0572</TD>
    <TD>0.4233</TD>
    <TD>0.47</TD>
  </TR>
  <TR>
    <TD>452.0</TD>
    <TD>241.4205</TD>
    <TD>54.99497</TD>
    <TD>1294.672</TD>
    <TD>108.31</TD>
    <TD>25.6536</TD>
    <TD>0.2861</TD>
    <TD>25.3101</TD>
    <TD>0.4055</TD>
    <TD>25.3101</TD>
    <TD>0.4055</TD>
    <TD>0.37</TD>
  </TR>
  <TR>
    <TD>453.0</TD>
    <TD>241.4214</TD>
    <TD>55.04048</TD>
    <TD>793.664</TD>
    <TD>108.731</TD>
    <TD>25.6813</TD>
    <TD>0.2932</TD>
    <TD>25.0743</TD>
    <TD>0.2535</TD>
    <TD>25.0743</TD>
    <TD>0.2535</TD>
    <TD>0.42</TD>
  </TR>
  <TR>
    <TD>454.0</TD>
    <TD>241.421</TD>
    <TD>55.04133</TD>
    <TD>784.37</TD>
    <TD>111.218</TD>
    <TD>25.4245</TD>
    <TD>0.2959</TD>
    <TD>24.6215</TD>
    <TD>0.3853</TD>
    <TD>24.6215</TD>
    <TD>0.3853</TD>
    <TD>0.42</TD>
  </TR>
  <TR>
    <TD>455.0</TD>
    <TD>241.4218</TD>
    <TD>55.10825</TD>
    <TD>43.111</TD>
    <TD>114.393</TD>
    <TD>24.0727</TD>
    <TD>0.1116</TD>
    <TD>24.8277</TD>
    <TD>0.4021</TD>
    <TD>23.9477</TD>
    <TD>0.1154</TD>
    <TD>0.61</TD>
  </TR>
  <TR>
    <TD>456.0</TD>
    <TD>241.4218</TD>
    <TD>55.11176</TD>
    <TD>4.124</TD>
    <TD>114.657</TD>
    <TD>24.05</TD>
    <TD>0.1095</TD>
    <TD>99.0</TD>
    <TD>99.0</TD>
    <TD>23.9291</TD>
    <TD>0.1131</TD>
    <TD>0.65</TD>
  </TR>
  <TR>
    <TD>457.0</TD>
    <TD>241.4223</TD>
    <TD>55.09792</TD>
    <TD>157.8</TD>
    <TD>109.569</TD>
    <TD>24.71</TD>
    <TD>0.1951</TD>
    <TD>24.6168</TD>
    <TD>0.3837</TD>
    <TD>24.6168</TD>
    <TD>0.3837</TD>
    <TD>0.47</TD>
  </TR>
  <TR>
    <TD>458.0</TD>
    <TD>241.4211</TD>
    <TD>55.10872</TD>
    <TD>38.052</TD>
    <TD>118.905</TD>
    <TD>23.3362</TD>
    <TD>0.0755</TD>
    <TD>24.185</TD>
    <TD>0.2715</TD>
    <TD>23.2325</TD>
    <TD>0.0779</TD>
    <TD>0.72</TD>
  </TR>
  <TR>
    <TD>459.0</TD>
    <TD>241.4203</TD>
    <TD>55.10566</TD>
    <TD>72.202</TD>
    <TD>123.287</TD>
    <TD>22.9389</TD>
    <TD>0.0627</TD>
    <TD>24.5683</TD>
    <TD>0.4386</TD>
    <TD>22.8367</TD>
    <TD>0.0646</TD>
    <TD>0.85</TD>
  </TR>
  <TR>
    <TD>460.0</TD>
    <TD>241.4221</TD>
    <TD>55.11201</TD>
    <TD>1.288</TD>
    <TD>112.628</TD>
    <TD>24.2819</TD>
    <TD>0.1092</TD>
    <TD>99.0</TD>
    <TD>99.0</TD>
    <TD>24.2005</TD>
    <TD>0.1121</TD>
    <TD>0.65</TD>
  </TR>
  <TR>
    <TD>461.0</TD>
    <TD>241.419</TD>
    <TD>54.96365</TD>
    <TD>1638.234</TD>
    <TD>113.028</TD>
    <TD>24.9505</TD>
    <TD>0.2416</TD>
    <TD>24.8503</TD>
    <TD>0.3586</TD>
    <TD>24.8503</TD>
    <TD>0.3586</TD>
    <TD>0.43</TD>
  </TR>
  <TR>
    <TD>462.0</TD>
    <TD>241.419</TD>
    <TD>54.94783</TD>
    <TD>1811.347</TD>
    <TD>110.3</TD>
    <TD>25.8418</TD>
    <TD>0.338</TD>
    <TD>25.1136</TD>
    <TD>0.4351</TD>
    <TD>25.1136</TD>
    <TD>0.4351</TD>
    <TD>0.44</TD>
  </TR>
  <TR>
    <TD>463.0</TD>
    <TD>241.4212</TD>
    <TD>55.04478</TD>
    <TD>746.315</TD>
    <TD>110.293</TD>
    <TD>25.5878</TD>
    <TD>0.27</TD>
    <TD>25.2563</TD>
    <TD>0.2774</TD>
    <TD>25.2563</TD>
    <TD>0.2774</TD>
    <TD>0.39</TD>
  </TR>
  <TR>
    <TD>464.0</TD>
    <TD>241.422</TD>
    <TD>55.08941</TD>
    <TD>252.342</TD>
    <TD>110.633</TD>
    <TD>25.5744</TD>
    <TD>0.2668</TD>
    <TD>25.5042</TD>
    <TD>0.3463</TD>
    <TD>25.5042</TD>
    <TD>0.3463</TD>
    <TD>0.36</TD>
  </TR>
  <TR>
    <TD>465.0</TD>
    <TD>241.397</TD>
    <TD>55.05448</TD>
    <TD>643.992</TD>
    <TD>264.361</TD>
    <TD>19.1953</TD>
    <TD>0.0091</TD>
    <TD>19.1867</TD>
    <TD>0.0102</TD>
    <TD>19.1867</TD>
    <TD>0.0102</TD>
    <TD>0.03</TD>
  </TR>
  <TR>
    <TD>466.0</TD>
    <TD>241.4181</TD>
    <TD>55.05708</TD>
    <TD>611.141</TD>
    <TD>131.895</TD>
    <TD>24.4123</TD>
    <TD>0.1736</TD>
    <TD>24.7283</TD>
    <TD>0.3138</TD>
    <TD>24.7283</TD>
    <TD>0.3138</TD>
    <TD>0.42</TD>
  </TR>
  <TR>
    <TD>467.0</TD>
    <TD>241.4217</TD>
    <TD>55.08015</TD>
    <TD>355.048</TD>
    <TD>111.488</TD>
    <TD>25.2268</TD>
    <TD>0.2702</TD>
    <TD>24.4017</TD>
    <TD>0.3419</TD>
    <TD>24.4017</TD>
    <TD>0.3419</TD>
    <TD>0.36</TD>
  </TR>
  <TR>
    <TD>468.0</TD>
    <TD>241.416</TD>
    <TD>54.95458</TD>
    <TD>1738.063</TD>
    <TD>130.051</TD>
    <TD>23.4114</TD>
    <TD>0.1239</TD>
    <TD>22.7987</TD>
    <TD>0.2227</TD>
    <TD>22.7987</TD>
    <TD>0.2227</TD>
    <TD>0.07</TD>
  </TR>
  <TR>
    <TD>469.0</TD>
    <TD>241.4194</TD>
    <TD>55.10813</TD>
    <TD>45.0</TD>
    <TD>129.031</TD>
    <TD>23.0981</TD>
    <TD>0.0686</TD>
    <TD>24.4594</TD>
    <TD>0.4141</TD>
    <TD>22.9892</TD>
    <TD>0.0708</TD>
    <TD>0.88</TD>
  </TR>
  <TR>
    <TD>470.0</TD>
    <TD>241.4192</TD>
    <TD>54.96949</TD>
    <TD>1574.321</TD>
    <TD>112.325</TD>
    <TD>26.1541</TD>
    <TD>0.4467</TD>
    <TD>25.422</TD>
    <TD>0.8317</TD>
    <TD>25.422</TD>
    <TD>0.8317</TD>
    <TD>0.36</TD>
  </TR>
  <TR>
    <TD>471.0</TD>
    <TD>241.4214</TD>
    <TD>55.07118</TD>
    <TD>454.497</TD>
    <TD>112.5</TD>
    <TD>25.6792</TD>
    <TD>0.3345</TD>
    <TD>25.3991</TD>
    <TD>0.4397</TD>
    <TD>25.3991</TD>
    <TD>0.4397</TD>
    <TD>0.39</TD>
  </TR>
  <TR>
    <TD>472.0</TD>
    <TD>241.4188</TD>
    <TD>55.08668</TD>
    <TD>283.321</TD>
    <TD>130.457</TD>
    <TD>23.9478</TD>
    <TD>0.1407</TD>
    <TD>24.4572</TD>
    <TD>0.2671</TD>
    <TD>24.4572</TD>
    <TD>0.2671</TD>
    <TD>0.43</TD>
  </TR>
  <TR>
    <TD>473.0</TD>
    <TD>241.4212</TD>
    <TD>55.08664</TD>
    <TD>283.217</TD>
    <TD>115.778</TD>
    <TD>24.5864</TD>
    <TD>0.1846</TD>
    <TD>24.3945</TD>
    <TD>0.3053</TD>
    <TD>24.3945</TD>
    <TD>0.3053</TD>
    <TD>0.44</TD>
  </TR>
  <TR>
    <TD>474.0</TD>
    <TD>241.4215</TD>
    <TD>55.11058</TD>
    <TD>17.296</TD>
    <TD>116.236</TD>
    <TD>24.2008</TD>
    <TD>0.1019</TD>
    <TD>25.6737</TD>
    <TD>0.541</TD>
    <TD>25.6737</TD>
    <TD>0.541</TD>
    <TD>0.65</TD>
  </TR>
  <TR>
    <TD>475.0</TD>
    <TD>241.4214</TD>
    <TD>55.07923</TD>
    <TD>365.316</TD>
    <TD>113.372</TD>
    <TD>25.7167</TD>
    <TD>0.3025</TD>
    <TD>25.46</TD>
    <TD>0.4647</TD>
    <TD>25.46</TD>
    <TD>0.4647</TD>
    <TD>0.48</TD>
  </TR>
  <TR>
    <TD>476.0</TD>
    <TD>241.4217</TD>
    <TD>55.09578</TD>
    <TD>181.749</TD>
    <TD>113.729</TD>
    <TD>25.2924</TD>
    <TD>0.2373</TD>
    <TD>25.1492</TD>
    <TD>0.3644</TD>
    <TD>25.1492</TD>
    <TD>0.3644</TD>
    <TD>0.4</TD>
  </TR>
  <TR>
    <TD>477.0</TD>
    <TD>241.4199</TD>
    <TD>55.11182</TD>
    <TD>3.835</TD>
    <TD>126.324</TD>
    <TD>23.4575</TD>
    <TD>0.0812</TD>
    <TD>23.6893</TD>
    <TD>0.1652</TD>
    <TD>23.3475</TD>
    <TD>0.0838</TD>
    <TD>0.83</TD>
  </TR>
  <TR>
    <TD>478.0</TD>
    <TD>241.4157</TD>
    <TD>54.95904</TD>
    <TD>1689.308</TD>
    <TD>132.829</TD>
    <TD>22.6835</TD>
    <TD>0.0853</TD>
    <TD>22.6723</TD>
    <TD>0.1893</TD>
    <TD>22.1219</TD>
    <TD>0.0828</TD>
    <TD>0.0</TD>
  </TR>
  <TR>
    <TD>479.0</TD>
    <TD>241.4196</TD>
    <TD>55.03365</TD>
    <TD>869.334</TD>
    <TD>119.315</TD>
    <TD>24.8453</TD>
    <TD>0.2325</TD>
    <TD>24.1965</TD>
    <TD>0.453</TD>
    <TD>24.1965</TD>
    <TD>0.453</TD>
    <TD>0.35</TD>
  </TR>
  <TR>
    <TD>480.0</TD>
    <TD>241.4217</TD>
    <TD>55.10271</TD>
    <TD>104.739</TD>
    <TD>114.373</TD>
    <TD>24.664</TD>
    <TD>0.1515</TD>
    <TD>25.277</TD>
    <TD>0.4092</TD>
    <TD>25.277</TD>
    <TD>0.4092</TD>
    <TD>0.53</TD>
  </TR>
  <TR>
    <TD>481.0</TD>
    <TD>241.4148</TD>
    <TD>54.95566</TD>
    <TD>1726.499</TD>
    <TD>138.383</TD>
    <TD>22.1176</TD>
    <TD>0.0559</TD>
    <TD>21.9776</TD>
    <TD>0.0754</TD>
    <TD>21.9776</TD>
    <TD>0.0754</TD>
    <TD>0.12</TD>
  </TR>
  <TR>
    <TD>482.0</TD>
    <TD>241.4148</TD>
    <TD>54.93559</TD>
    <TD>1945.933</TD>
    <TD>134.94</TD>
    <TD>22.5245</TD>
    <TD>0.068</TD>
    <TD>22.3796</TD>
    <TD>0.0923</TD>
    <TD>22.3796</TD>
    <TD>0.0923</TD>
    <TD>0.01</TD>
  </TR>
  <TR>
    <TD>483.0</TD>
    <TD>241.4204</TD>
    <TD>55.10923</TD>
    <TD>32.592</TD>
    <TD>123.123</TD>
    <TD>23.5556</TD>
    <TD>0.0968</TD>
    <TD>28.8081</TD>
    <TD>20.8518</TD>
    <TD>23.3769</TD>
    <TD>0.1006</TD>
    <TD>0.64</TD>
  </TR>
  <TR>
    <TD>484.0</TD>
    <TD>241.421</TD>
    <TD>55.09822</TD>
    <TD>154.807</TD>
    <TD>118.37</TD>
    <TD>24.7664</TD>
    <TD>0.2167</TD>
    <TD>23.3488</TD>
    <TD>0.1961</TD>
    <TD>23.3488</TD>
    <TD>0.1961</TD>
    <TD>0.36</TD>
  </TR>
  <TR>
    <TD>485.0</TD>
    <TD>241.421</TD>
    <TD>55.09856</TD>
    <TD>151.003</TD>
    <TD>118.0</TD>
    <TD>24.7815</TD>
    <TD>0.2078</TD>
    <TD>23.533</TD>
    <TD>0.214</TD>
    <TD>24.3832</TD>
    <TD>0.2115</TD>
    <TD>0.42</TD>
  </TR>
  <TR>
    <TD>486.0</TD>
    <TD>241.419</TD>
    <TD>55.10985</TD>
    <TD>25.912</TD>
    <TD>131.782</TD>
    <TD>22.5553</TD>
    <TD>0.0529</TD>
    <TD>99.0</TD>
    <TD>99.0</TD>
    <TD>22.4501</TD>
    <TD>0.0546</TD>
    <TD>0.94</TD>
  </TR>
  <TR>
    <TD>487.0</TD>
    <TD>241.4202</TD>
    <TD>55.1101</TD>
    <TD>22.887</TD>
    <TD>124.666</TD>
    <TD>22.7966</TD>
    <TD>0.0531</TD>
    <TD>99.0</TD>
    <TD>99.0</TD>
    <TD>22.725</TD>
    <TD>0.0544</TD>
    <TD>0.89</TD>
  </TR>
  <TR>
    <TD>488.0</TD>
    <TD>241.4196</TD>
    <TD>55.07254</TD>
    <TD>439.804</TD>
    <TD>123.815</TD>
    <TD>23.6527</TD>
    <TD>0.1245</TD>
    <TD>23.1569</TD>
    <TD>0.2079</TD>
    <TD>23.1569</TD>
    <TD>0.2079</TD>
    <TD>0.65</TD>
  </TR>
  <TR>
    <TD>489.0</TD>
    <TD>241.4211</TD>
    <TD>55.11193</TD>
    <TD>2.331</TD>
    <TD>118.88</TD>
    <TD>23.5496</TD>
    <TD>0.0751</TD>
    <TD>24.0104</TD>
    <TD>0.1527</TD>
    <TD>23.478</TD>
    <TD>0.077</TD>
    <TD>0.71</TD>
  </TR>
  <TR>
    <TD>490.0</TD>
    <TD>241.421</TD>
    <TD>55.10907</TD>
    <TD>34.174</TD>
    <TD>119.439</TD>
    <TD>23.9456</TD>
    <TD>0.0946</TD>
    <TD>24.2559</TD>
    <TD>0.1902</TD>
    <TD>23.8609</TD>
    <TD>0.0972</TD>
    <TD>0.75</TD>
  </TR>
  <TR>
    <TD>491.0</TD>
    <TD>241.4205</TD>
    <TD>55.11038</TD>
    <TD>19.719</TD>
    <TD>122.65</TD>
    <TD>24.4385</TD>
    <TD>0.185</TD>
    <TD>24.1903</TD>
    <TD>0.2634</TD>
    <TD>23.9594</TD>
    <TD>0.1844</TD>
    <TD>0.55</TD>
  </TR>
  <TR>
    <TD>492.0</TD>
    <TD>241.4204</TD>
    <TD>55.0569</TD>
    <TD>612.664</TD>
    <TD>117.328</TD>
    <TD>26.7213</TD>
    <TD>0.7449</TD>
    <TD>25.522</TD>
    <TD>0.7324</TD>
    <TD>25.522</TD>
    <TD>0.7324</TD>
    <TD>0.35</TD>
  </TR>
  <TR>
    <TD>493.0</TD>
    <TD>241.4208</TD>
    <TD>55.10818</TD>
    <TD>44.157</TD>
    <TD>120.645</TD>
    <TD>24.1989</TD>
    <TD>0.1174</TD>
    <TD>24.5559</TD>
    <TD>0.2492</TD>
    <TD>24.0773</TD>
    <TD>0.1214</TD>
    <TD>0.69</TD>
  </TR>
  <TR>
    <TD>494.0</TD>
    <TD>241.42</TD>
    <TD>55.1112</TD>
    <TD>10.671</TD>
    <TD>125.511</TD>
    <TD>22.9546</TD>
    <TD>0.0675</TD>
    <TD>23.5293</TD>
    <TD>0.1829</TD>
    <TD>22.8242</TD>
    <TD>0.0698</TD>
    <TD>0.91</TD>
  </TR>
  <TR>
    <TD>495.0</TD>
    <TD>241.4196</TD>
    <TD>55.04645</TD>
    <TD>728.227</TD>
    <TD>120.989</TD>
    <TD>24.5601</TD>
    <TD>0.1608</TD>
    <TD>24.5178</TD>
    <TD>0.2276</TD>
    <TD>24.5178</TD>
    <TD>0.2276</TD>
    <TD>0.87</TD>
  </TR>
  <TR>
    <TD>496.0</TD>
    <TD>241.4187</TD>
    <TD>54.98727</TD>
    <TD>1379.52</TD>
    <TD>118.487</TD>
    <TD>25.5923</TD>
    <TD>0.3096</TD>
    <TD>24.9184</TD>
    <TD>0.4585</TD>
    <TD>24.9184</TD>
    <TD>0.4585</TD>
    <TD>0.42</TD>
  </TR>
  <TR>
    <TD>497.0</TD>
    <TD>241.4197</TD>
    <TD>55.10903</TD>
    <TD>34.959</TD>
    <TD>127.547</TD>
    <TD>23.5773</TD>
    <TD>0.0837</TD>
    <TD>99.0</TD>
    <TD>99.0</TD>
    <TD>23.4767</TD>
    <TD>0.0863</TD>
    <TD>0.73</TD>
  </TR>
  <TR>
    <TD>498.0</TD>
    <TD>241.4206</TD>
    <TD>55.11155</TD>
    <TD>6.708</TD>
    <TD>122.065</TD>
    <TD>23.8241</TD>
    <TD>0.1076</TD>
    <TD>24.2038</TD>
    <TD>0.2318</TD>
    <TD>23.6571</TD>
    <TD>0.1117</TD>
    <TD>0.73</TD>
  </TR>
  <TR>
    <TD>499.0</TD>
    <TD>241.4202</TD>
    <TD>55.08614</TD>
    <TD>288.971</TD>
    <TD>121.854</TD>
    <TD>25.4824</TD>
    <TD>0.3116</TD>
    <TD>24.5369</TD>
    <TD>0.2315</TD>
    <TD>24.5369</TD>
    <TD>0.2315</TD>
    <TD>0.43</TD>
  </TR>
  <TR>
    <TD>500.0</TD>
    <TD>241.4202</TD>
    <TD>55.06992</TD>
    <TD>468.636</TD>
    <TD>119.727</TD>
    <TD>25.8827</TD>
    <TD>0.3505</TD>
    <TD>25.0793</TD>
    <TD>0.4418</TD>
    <TD>25.0793</TD>
    <TD>0.4418</TD>
    <TD>0.4</TD>
  </TR>
  <TR>
    <TD>501.0</TD>
    <TD>241.4168</TD>
    <TD>54.94863</TD>
    <TD>1802.981</TD>
    <TD>124.541</TD>
    <TD>24.3179</TD>
    <TD>0.1725</TD>
    <TD>23.9196</TD>
    <TD>0.2383</TD>
    <TD>23.9196</TD>
    <TD>0.2383</TD>
    <TD>0.5</TD>
  </TR>
  <TR>
    <TD>502.0</TD>
    <TD>241.4198</TD>
    <TD>55.10704</TD>
    <TD>57.062</TD>
    <TD>126.915</TD>
    <TD>22.8004</TD>
    <TD>0.058</TD>
    <TD>99.0</TD>
    <TD>99.0</TD>
    <TD>22.7032</TD>
    <TD>0.0597</TD>
    <TD>0.94</TD>
  </TR>
  <TR>
    <TD>503.0</TD>
    <TD>241.4199</TD>
    <TD>55.05853</TD>
    <TD>594.679</TD>
    <TD>120.655</TD>
    <TD>25.4391</TD>
    <TD>0.3267</TD>
    <TD>25.2889</TD>
    <TD>0.7361</TD>
    <TD>25.2889</TD>
    <TD>0.7361</TD>
    <TD>0.36</TD>
  </TR>
  <TR>
    <TD>504.0</TD>
    <TD>241.4203</TD>
    <TD>55.08175</TD>
    <TD>337.696</TD>
    <TD>120.698</TD>
    <TD>25.9022</TD>
    <TD>0.3567</TD>
    <TD>25.4808</TD>
    <TD>0.3392</TD>
    <TD>25.4808</TD>
    <TD>0.3392</TD>
    <TD>0.35</TD>
  </TR>
  <TR>
    <TD>505.0</TD>
    <TD>241.4206</TD>
    <TD>55.09547</TD>
    <TD>185.452</TD>
    <TD>120.539</TD>
    <TD>25.4177</TD>
    <TD>0.2651</TD>
    <TD>24.864</TD>
    <TD>0.271</TD>
    <TD>24.864</TD>
    <TD>0.271</TD>
    <TD>0.41</TD>
  </TR>
  <TR>
    <TD>506.0</TD>
    <TD>241.4177</TD>
    <TD>55.10915</TD>
    <TD>33.985</TD>
    <TD>140.422</TD>
    <TD>22.5245</TD>
    <TD>0.0566</TD>
    <TD>99.0</TD>
    <TD>99.0</TD>
    <TD>22.3827</TD>
    <TD>0.0587</TD>
    <TD>0.92</TD>
  </TR>
  <TR>
    <TD>507.0</TD>
    <TD>241.4201</TD>
    <TD>55.07417</TD>
    <TD>421.708</TD>
    <TD>121.386</TD>
    <TD>25.7609</TD>
    <TD>0.3146</TD>
    <TD>25.1897</TD>
    <TD>0.2614</TD>
    <TD>25.1897</TD>
    <TD>0.2614</TD>
    <TD>0.36</TD>
  </TR>
  <TR>
    <TD>508.0</TD>
    <TD>241.4203</TD>
    <TD>55.0877</TD>
    <TD>271.685</TD>
    <TD>121.678</TD>
    <TD>26.0248</TD>
    <TD>0.3979</TD>
    <TD>25.4576</TD>
    <TD>0.3322</TD>
    <TD>25.4576</TD>
    <TD>0.3322</TD>
    <TD>0.36</TD>
  </TR>
  <TR>
    <TD>509.0</TD>
    <TD>241.4207</TD>
    <TD>55.11105</TD>
    <TD>12.268</TD>
    <TD>121.636</TD>
    <TD>24.4546</TD>
    <TD>0.1369</TD>
    <TD>25.1476</TD>
    <TD>0.4145</TD>
    <TD>24.3159</TD>
    <TD>0.1418</TD>
    <TD>0.71</TD>
  </TR>
  <TR>
    <TD>510.0</TD>
    <TD>241.4133</TD>
    <TD>54.96907</TD>
    <TD>1579.998</TD>
    <TD>149.371</TD>
    <TD>22.8073</TD>
    <TD>0.0827</TD>
    <TD>22.1792</TD>
    <TD>0.1131</TD>
    <TD>22.1792</TD>
    <TD>0.1131</TD>
    <TD>0.03</TD>
  </TR>
  <TR>
    <TD>511.0</TD>
    <TD>241.4169</TD>
    <TD>55.05567</TD>
    <TD>626.915</TD>
    <TD>139.33</TD>
    <TD>22.7978</TD>
    <TD>0.0754</TD>
    <TD>22.275</TD>
    <TD>0.1103</TD>
    <TD>22.5353</TD>
    <TD>0.0782</TD>
    <TD>0.48</TD>
  </TR>
  <TR>
    <TD>512.0</TD>
    <TD>241.4178</TD>
    <TD>55.10001</TD>
    <TD>135.615</TD>
    <TD>138.343</TD>
    <TD>22.8958</TD>
    <TD>0.0886</TD>
    <TD>22.0405</TD>
    <TD>0.1373</TD>
    <TD>22.4691</TD>
    <TD>0.0896</TD>
    <TD>0.02</TD>
  </TR>
  <TR>
    <TD>513.0</TD>
    <TD>241.4186</TD>
    <TD>55.06002</TD>
    <TD>578.533</TD>
    <TD>128.96</TD>
    <TD>24.7167</TD>
    <TD>0.1962</TD>
    <TD>24.5016</TD>
    <TD>0.4542</TD>
    <TD>24.5016</TD>
    <TD>0.4542</TD>
    <TD>0.49</TD>
  </TR>
  <TR>
    <TD>514.0</TD>
    <TD>241.4174</TD>
    <TD>54.9672</TD>
    <TD>1599.659</TD>
    <TD>123.308</TD>
    <TD>25.7375</TD>
    <TD>0.3082</TD>
    <TD>25.1352</TD>
    <TD>0.4852</TD>
    <TD>25.1352</TD>
    <TD>0.4852</TD>
    <TD>0.38</TD>
  </TR>
  <TR>
    <TD>515.0</TD>
    <TD>241.4174</TD>
    <TD>55.03624</TD>
    <TD>841.277</TD>
    <TD>133.338</TD>
    <TD>25.1649</TD>
    <TD>0.2557</TD>
    <TD>25.2292</TD>
    <TD>0.3769</TD>
    <TD>25.2292</TD>
    <TD>0.3769</TD>
    <TD>0.38</TD>
  </TR>
  <TR>
    <TD>516.0</TD>
    <TD>241.4197</TD>
    <TD>55.10783</TD>
    <TD>48.238</TD>
    <TD>127.415</TD>
    <TD>24.5754</TD>
    <TD>0.152</TD>
    <TD>24.9148</TD>
    <TD>0.3054</TD>
    <TD>24.4088</TD>
    <TD>0.1578</TD>
    <TD>0.62</TD>
  </TR>
  <TR>
    <TD>517.0</TD>
    <TD>241.4154</TD>
    <TD>54.93144</TD>
    <TD>1991.079</TD>
    <TD>130.591</TD>
    <TD>23.9733</TD>
    <TD>0.1079</TD>
    <TD>24.0284</TD>
    <TD>0.1631</TD>
    <TD>24.0284</TD>
    <TD>0.1631</TD>
    <TD>0.64</TD>
  </TR>
  <TR>
    <TD>518.0</TD>
    <TD>241.4195</TD>
    <TD>55.09971</TD>
    <TD>138.528</TD>
    <TD>127.801</TD>
    <TD>25.1894</TD>
    <TD>0.2401</TD>
    <TD>24.7086</TD>
    <TD>0.4377</TD>
    <TD>24.7086</TD>
    <TD>0.4377</TD>
    <TD>0.63</TD>
  </TR>
  <TR>
    <TD>519.0</TD>
    <TD>241.4195</TD>
    <TD>55.08107</TD>
    <TD>345.32</TD>
    <TD>125.685</TD>
    <TD>25.6671</TD>
    <TD>0.2895</TD>
    <TD>25.4332</TD>
    <TD>0.4535</TD>
    <TD>25.4332</TD>
    <TD>0.4535</TD>
    <TD>0.42</TD>
  </TR>
  <TR>
    <TD>520.0</TD>
    <TD>241.4191</TD>
    <TD>55.10655</TD>
    <TD>62.594</TD>
    <TD>131.111</TD>
    <TD>23.6171</TD>
    <TD>0.0963</TD>
    <TD>99.0</TD>
    <TD>99.0</TD>
    <TD>23.46</TD>
    <TD>0.0999</TD>
    <TD>0.63</TD>
  </TR>
  <TR>
    <TD>521.0</TD>
    <TD>241.4181</TD>
    <TD>55.1066</TD>
    <TD>62.262</TD>
    <TD>137.228</TD>
    <TD>22.9647</TD>
    <TD>0.0641</TD>
    <TD>24.022</TD>
    <TD>0.2799</TD>
    <TD>22.8587</TD>
    <TD>0.0661</TD>
    <TD>0.84</TD>
  </TR>
  <TR>
    <TD>522.0</TD>
    <TD>241.4186</TD>
    <TD>55.0597</TD>
    <TD>582.003</TD>
    <TD>128.533</TD>
    <TD>24.7103</TD>
    <TD>0.2165</TD>
    <TD>24.1368</TD>
    <TD>0.3756</TD>
    <TD>24.1368</TD>
    <TD>0.3756</TD>
    <TD>0.45</TD>
  </TR>
  <TR>
    <TD>523.0</TD>
    <TD>241.4194</TD>
    <TD>55.10554</TD>
    <TD>73.74</TD>
    <TD>128.724</TD>
    <TD>24.179</TD>
    <TD>0.1224</TD>
    <TD>24.7457</TD>
    <TD>0.3114</TD>
    <TD>24.7457</TD>
    <TD>0.3114</TD>
    <TD>0.68</TD>
  </TR>
  <TR>
    <TD>524.0</TD>
    <TD>241.4194</TD>
    <TD>55.11043</TD>
    <TD>19.366</TD>
    <TD>129.229</TD>
    <TD>23.7531</TD>
    <TD>0.0934</TD>
    <TD>24.5081</TD>
    <TD>0.2742</TD>
    <TD>24.5081</TD>
    <TD>0.2742</TD>
    <TD>0.71</TD>
  </TR>
  <TR>
    <TD>525.0</TD>
    <TD>241.4175</TD>
    <TD>54.99022</TD>
    <TD>1347.292</TD>
    <TD>126.653</TD>
    <TD>25.6662</TD>
    <TD>0.2893</TD>
    <TD>25.308</TD>
    <TD>0.4048</TD>
    <TD>25.308</TD>
    <TD>0.4048</TD>
    <TD>0.36</TD>
  </TR>
  <TR>
    <TD>526.0</TD>
    <TD>241.4077</TD>
    <TD>54.93799</TD>
    <TD>1920.859</TD>
    <TD>180.119</TD>
    <TD>22.5351</TD>
    <TD>0.0753</TD>
    <TD>22.2898</TD>
    <TD>0.1111</TD>
    <TD>22.2898</TD>
    <TD>0.1111</TD>
    <TD>0.0</TD>
  </TR>
  <TR>
    <TD>527.0</TD>
    <TD>241.4189</TD>
    <TD>55.10729</TD>
    <TD>54.469</TD>
    <TD>132.482</TD>
    <TD>24.2167</TD>
    <TD>0.152</TD>
    <TD>24.1306</TD>
    <TD>0.2239</TD>
    <TD>23.8986</TD>
    <TD>0.1568</TD>
    <TD>0.55</TD>
  </TR>
  <TR>
    <TD>528.0</TD>
    <TD>241.4183</TD>
    <TD>55.09915</TD>
    <TD>145.007</TD>
    <TD>135.149</TD>
    <TD>24.3273</TD>
    <TD>0.174</TD>
    <TD>22.8711</TD>
    <TD>0.1864</TD>
    <TD>23.8702</TD>
    <TD>0.1745</TD>
    <TD>0.45</TD>
  </TR>
  <TR>
    <TD>529.0</TD>
    <TD>241.4189</TD>
    <TD>55.10826</TD>
    <TD>43.682</TD>
    <TD>132.659</TD>
    <TD>23.6899</TD>
    <TD>0.1026</TD>
    <TD>23.554</TD>
    <TD>0.1498</TD>
    <TD>23.5141</TD>
    <TD>0.1065</TD>
    <TD>0.71</TD>
  </TR>
  <TR>
    <TD>530.0</TD>
    <TD>241.4193</TD>
    <TD>55.0947</TD>
    <TD>194.289</TD>
    <TD>128.711</TD>
    <TD>25.4644</TD>
    <TD>0.2422</TD>
    <TD>25.3989</TD>
    <TD>0.3614</TD>
    <TD>25.3989</TD>
    <TD>0.3614</TD>
    <TD>0.39</TD>
  </TR>
  <TR>
    <TD>531.0</TD>
    <TD>241.4179</TD>
    <TD>55.11177</TD>
    <TD>4.77</TD>
    <TD>138.961</TD>
    <TD>22.9787</TD>
    <TD>0.0605</TD>
    <TD>99.0</TD>
    <TD>99.0</TD>
    <TD>22.8944</TD>
    <TD>0.0622</TD>
    <TD>0.77</TD>
  </TR>
  <TR>
    <TD>532.0</TD>
    <TD>241.4186</TD>
    <TD>55.11171</TD>
    <TD>5.357</TD>
    <TD>134.672</TD>
    <TD>23.9877</TD>
    <TD>0.098</TD>
    <TD>24.7341</TD>
    <TD>0.2928</TD>
    <TD>23.8979</TD>
    <TD>0.1008</TD>
    <TD>0.57</TD>
  </TR>
  <TR>
    <TD>533.0</TD>
    <TD>241.416</TD>
    <TD>54.99855</TD>
    <TD>1256.139</TD>
    <TD>137.139</TD>
    <TD>23.8343</TD>
    <TD>0.1306</TD>
    <TD>22.8757</TD>
    <TD>0.1673</TD>
    <TD>22.8757</TD>
    <TD>0.1673</TD>
    <TD>0.61</TD>
  </TR>
  <TR>
    <TD>534.0</TD>
    <TD>241.4186</TD>
    <TD>55.107</TD>
    <TD>57.742</TD>
    <TD>134.361</TD>
    <TD>23.7485</TD>
    <TD>0.0889</TD>
    <TD>23.756</TD>
    <TD>0.142</TD>
    <TD>23.6543</TD>
    <TD>0.0915</TD>
    <TD>0.71</TD>
  </TR>
  <TR>
    <TD>535.0</TD>
    <TD>241.4162</TD>
    <TD>54.97447</TD>
    <TD>1520.298</TD>
    <TD>132.001</TD>
    <TD>25.5487</TD>
    <TD>0.2978</TD>
    <TD>25.1803</TD>
    <TD>0.7753</TD>
    <TD>25.1803</TD>
    <TD>0.7753</TD>
    <TD>0.38</TD>
  </TR>
  <TR>
    <TD>536.0</TD>
    <TD>241.4189</TD>
    <TD>55.10441</TD>
    <TD>86.486</TD>
    <TD>131.973</TD>
    <TD>24.4883</TD>
    <TD>0.141</TD>
    <TD>26.8374</TD>
    <TD>1.8883</TD>
    <TD>26.8374</TD>
    <TD>1.8883</TD>
    <TD>0.73</TD>
  </TR>
  <TR>
    <TD>537.0</TD>
    <TD>241.4192</TD>
    <TD>55.10019</TD>
    <TD>133.333</TD>
    <TD>129.679</TD>
    <TD>25.5588</TD>
    <TD>0.2632</TD>
    <TD>25.6044</TD>
    <TD>0.379</TD>
    <TD>25.6044</TD>
    <TD>0.379</TD>
    <TD>0.36</TD>
  </TR>
  <TR>
    <TD>538.0</TD>
    <TD>241.4193</TD>
    <TD>55.10609</TD>
    <TD>67.738</TD>
    <TD>129.544</TD>
    <TD>24.2203</TD>
    <TD>0.1036</TD>
    <TD>24.6744</TD>
    <TD>0.2285</TD>
    <TD>24.6744</TD>
    <TD>0.2285</TD>
    <TD>0.61</TD>
  </TR>
  <TR>
    <TD>539.0</TD>
    <TD>241.4115</TD>
    <TD>55.03905</TD>
    <TD>811.449</TD>
    <TD>171.053</TD>
    <TD>21.4318</TD>
    <TD>0.0368</TD>
    <TD>21.3396</TD>
    <TD>0.0494</TD>
    <TD>21.3396</TD>
    <TD>0.0494</TD>
    <TD>0.0</TD>
  </TR>
  <TR>
    <TD>540.0</TD>
    <TD>241.4176</TD>
    <TD>55.08282</TD>
    <TD>326.313</TD>
    <TD>137.741</TD>
    <TD>23.9825</TD>
    <TD>0.149</TD>
    <TD>24.0443</TD>
    <TD>0.2389</TD>
    <TD>24.0443</TD>
    <TD>0.2389</TD>
    <TD>0.36</TD>
  </TR>
  <TR>
    <TD>541.0</TD>
    <TD>241.4175</TD>
    <TD>55.03907</TD>
    <TD>810.044</TD>
    <TD>132.949</TD>
    <TD>25.0741</TD>
    <TD>0.2534</TD>
    <TD>24.729</TD>
    <TD>0.2992</TD>
    <TD>24.729</TD>
    <TD>0.2992</TD>
    <TD>0.37</TD>
  </TR>
  <TR>
    <TD>542.0</TD>
    <TD>241.4188</TD>
    <TD>55.08438</TD>
    <TD>308.817</TD>
    <TD>130.679</TD>
    <TD>25.3631</TD>
    <TD>0.3052</TD>
    <TD>24.4204</TD>
    <TD>0.3898</TD>
    <TD>24.4204</TD>
    <TD>0.3898</TD>
    <TD>0.35</TD>
  </TR>
  <TR>
    <TD>543.0</TD>
    <TD>241.4188</TD>
    <TD>55.08935</TD>
    <TD>253.649</TD>
    <TD>130.719</TD>
    <TD>25.9789</TD>
    <TD>0.3819</TD>
    <TD>25.1305</TD>
    <TD>0.3446</TD>
    <TD>25.1305</TD>
    <TD>0.3446</TD>
    <TD>0.36</TD>
  </TR>
  <TR>
    <TD>544.0</TD>
    <TD>241.4192</TD>
    <TD>55.10923</TD>
    <TD>32.825</TD>
    <TD>130.607</TD>
    <TD>24.0398</TD>
    <TD>0.1024</TD>
    <TD>99.0</TD>
    <TD>99.0</TD>
    <TD>23.9431</TD>
    <TD>0.1055</TD>
    <TD>0.67</TD>
  </TR>
  <TR>
    <TD>545.0</TD>
    <TD>241.4162</TD>
    <TD>54.96527</TD>
    <TD>1620.982</TD>
    <TD>130.483</TD>
    <TD>25.7264</TD>
    <TD>0.3489</TD>
    <TD>24.4203</TD>
    <TD>0.344</TD>
    <TD>24.4203</TD>
    <TD>0.344</TD>
    <TD>0.39</TD>
  </TR>
  <TR>
    <TD>546.0</TD>
    <TD>241.4171</TD>
    <TD>55.10749</TD>
    <TD>52.629</TD>
    <TD>143.921</TD>
    <TD>23.1653</TD>
    <TD>0.0691</TD>
    <TD>99.0</TD>
    <TD>99.0</TD>
    <TD>23.0654</TD>
    <TD>0.0712</TD>
    <TD>0.8</TD>
  </TR>
  <TR>
    <TD>547.0</TD>
    <TD>241.4187</TD>
    <TD>55.10904</TD>
    <TD>34.983</TD>
    <TD>133.912</TD>
    <TD>24.2098</TD>
    <TD>0.1027</TD>
    <TD>24.5289</TD>
    <TD>0.1926</TD>
    <TD>24.1361</TD>
    <TD>0.1053</TD>
    <TD>0.67</TD>
  </TR>
  <TR>
    <TD>548.0</TD>
    <TD>241.4169</TD>
    <TD>54.99849</TD>
    <TD>1256.628</TD>
    <TD>131.32</TD>
    <TD>24.6536</TD>
    <TD>0.2058</TD>
    <TD>24.9548</TD>
    <TD>0.436</TD>
    <TD>24.9548</TD>
    <TD>0.436</TD>
    <TD>0.37</TD>
  </TR>
  <TR>
    <TD>549.0</TD>
    <TD>241.4107</TD>
    <TD>54.94944</TD>
    <TD>1795.264</TD>
    <TD>163.025</TD>
    <TD>21.0163</TD>
    <TD>0.0262</TD>
    <TD>20.9569</TD>
    <TD>0.0339</TD>
    <TD>20.9569</TD>
    <TD>0.0339</TD>
    <TD>0.02</TD>
  </TR>
  <TR>
    <TD>550.0</TD>
    <TD>241.416</TD>
    <TD>55.10379</TD>
    <TD>93.956</TD>
    <TD>150.065</TD>
    <TD>21.4182</TD>
    <TD>0.0292</TD>
    <TD>21.5488</TD>
    <TD>0.0436</TD>
    <TD>21.5488</TD>
    <TD>0.0436</TD>
    <TD>0.43</TD>
  </TR>
  <TR>
    <TD>551.0</TD>
    <TD>241.4146</TD>
    <TD>54.99619</TD>
    <TD>1282.344</TD>
    <TD>145.48</TD>
    <TD>24.173</TD>
    <TD>0.1671</TD>
    <TD>23.7921</TD>
    <TD>0.2064</TD>
    <TD>23.7921</TD>
    <TD>0.2064</TD>
    <TD>0.54</TD>
  </TR>
  <TR>
    <TD>552.0</TD>
    <TD>241.4186</TD>
    <TD>55.08964</TD>
    <TD>250.498</TD>
    <TD>132.447</TD>
    <TD>25.5909</TD>
    <TD>0.3092</TD>
    <TD>24.4112</TD>
    <TD>0.3898</TD>
    <TD>24.4112</TD>
    <TD>0.3898</TD>
    <TD>0.46</TD>
  </TR>
  <TR>
    <TD>553.0</TD>
    <TD>241.4161</TD>
    <TD>55.02068</TD>
    <TD>1012.893</TD>
    <TD>139.522</TD>
    <TD>24.1204</TD>
    <TD>0.1594</TD>
    <TD>23.4168</TD>
    <TD>0.2412</TD>
    <TD>23.4168</TD>
    <TD>0.2412</TD>
    <TD>0.48</TD>
  </TR>
  <TR>
    <TD>554.0</TD>
    <TD>241.418</TD>
    <TD>55.05886</TD>
    <TD>591.496</TD>
    <TD>132.469</TD>
    <TD>25.4448</TD>
    <TD>0.2716</TD>
    <TD>25.1149</TD>
    <TD>0.3398</TD>
    <TD>25.1149</TD>
    <TD>0.3398</TD>
    <TD>0.39</TD>
  </TR>
  <TR>
    <TD>555.0</TD>
    <TD>241.4162</TD>
    <TD>55.10806</TD>
    <TD>46.432</TD>
    <TD>149.33</TD>
    <TD>22.6973</TD>
    <TD>0.0616</TD>
    <TD>99.0</TD>
    <TD>99.0</TD>
    <TD>22.5532</TD>
    <TD>0.0638</TD>
    <TD>0.93</TD>
  </TR>
  <TR>
    <TD>556.0</TD>
    <TD>241.4167</TD>
    <TD>55.09996</TD>
    <TD>136.336</TD>
    <TD>145.559</TD>
    <TD>23.5075</TD>
    <TD>0.1159</TD>
    <TD>22.7121</TD>
    <TD>0.1849</TD>
    <TD>23.105</TD>
    <TD>0.1178</TD>
    <TD>0.42</TD>
  </TR>
  <TR>
    <TD>557.0</TD>
    <TD>241.4171</TD>
    <TD>55.10835</TD>
    <TD>43.014</TD>
    <TD>143.565</TD>
    <TD>24.0543</TD>
    <TD>0.1157</TD>
    <TD>99.0</TD>
    <TD>99.0</TD>
    <TD>23.907</TD>
    <TD>0.1199</TD>
    <TD>0.61</TD>
  </TR>
  <TR>
    <TD>558.0</TD>
    <TD>241.4178</TD>
    <TD>55.09545</TD>
    <TD>186.279</TD>
    <TD>138.25</TD>
    <TD>24.2671</TD>
    <TD>0.1763</TD>
    <TD>24.2411</TD>
    <TD>0.3446</TD>
    <TD>24.2411</TD>
    <TD>0.3446</TD>
    <TD>0.48</TD>
  </TR>
  <TR>
    <TD>559.0</TD>
    <TD>241.4178</TD>
    <TD>55.09623</TD>
    <TD>177.537</TD>
    <TD>138.417</TD>
    <TD>24.8755</TD>
    <TD>0.2124</TD>
    <TD>24.244</TD>
    <TD>0.3174</TD>
    <TD>24.244</TD>
    <TD>0.3174</TD>
    <TD>0.43</TD>
  </TR>
  <TR>
    <TD>560.0</TD>
    <TD>241.4119</TD>
    <TD>54.93112</TD>
    <TD>1995.175</TD>
    <TD>152.029</TD>
    <TD>23.3083</TD>
    <TD>0.113</TD>
    <TD>23.0175</TD>
    <TD>0.182</TD>
    <TD>23.0175</TD>
    <TD>0.182</TD>
    <TD>0.01</TD>
  </TR>
  <TR>
    <TD>561.0</TD>
    <TD>241.4171</TD>
    <TD>55.11025</TD>
    <TD>21.847</TD>
    <TD>144.011</TD>
    <TD>22.8482</TD>
    <TD>0.0592</TD>
    <TD>99.0</TD>
    <TD>99.0</TD>
    <TD>22.7513</TD>
    <TD>0.061</TD>
    <TD>0.9</TD>
  </TR>
  <TR>
    <TD>562.0</TD>
    <TD>241.4177</TD>
    <TD>55.10071</TD>
    <TD>127.872</TD>
    <TD>139.232</TD>
    <TD>23.694</TD>
    <TD>0.1266</TD>
    <TD>23.6631</TD>
    <TD>0.4313</TD>
    <TD>23.2876</TD>
    <TD>0.1285</TD>
    <TD>0.49</TD>
  </TR>
  <TR>
    <TD>563.0</TD>
    <TD>241.4182</TD>
    <TD>55.11024</TD>
    <TD>21.774</TD>
    <TD>137.036</TD>
    <TD>23.5914</TD>
    <TD>0.0778</TD>
    <TD>25.1936</TD>
    <TD>0.5897</TD>
    <TD>25.1936</TD>
    <TD>0.5897</TD>
    <TD>0.67</TD>
  </TR>
  <TR>
    <TD>564.0</TD>
    <TD>241.4158</TD>
    <TD>54.97015</TD>
    <TD>1567.653</TD>
    <TD>134.272</TD>
    <TD>25.523</TD>
    <TD>0.255</TD>
    <TD>25.1181</TD>
    <TD>0.4577</TD>
    <TD>25.1181</TD>
    <TD>0.4577</TD>
    <TD>0.37</TD>
  </TR>
  <TR>
    <TD>565.0</TD>
    <TD>241.4178</TD>
    <TD>55.10855</TD>
    <TD>40.625</TD>
    <TD>139.6</TD>
    <TD>23.6651</TD>
    <TD>0.0789</TD>
    <TD>24.5433</TD>
    <TD>0.2654</TD>
    <TD>23.5947</TD>
    <TD>0.0808</TD>
    <TD>0.64</TD>
  </TR>
  <TR>
    <TD>566.0</TD>
    <TD>241.4176</TD>
    <TD>55.08153</TD>
    <TD>340.683</TD>
    <TD>137.98</TD>
    <TD>26.4961</TD>
    <TD>0.6076</TD>
    <TD>24.9853</TD>
    <TD>0.5892</TD>
    <TD>24.9853</TD>
    <TD>0.5892</TD>
    <TD>0.35</TD>
  </TR>
  <TR>
    <TD>567.0</TD>
    <TD>241.418</TD>
    <TD>55.10785</TD>
    <TD>48.387</TD>
    <TD>137.884</TD>
    <TD>24.6282</TD>
    <TD>0.1468</TD>
    <TD>24.4463</TD>
    <TD>0.1863</TD>
    <TD>24.4463</TD>
    <TD>0.1863</TD>
    <TD>0.59</TD>
  </TR>
  <TR>
    <TD>568.0</TD>
    <TD>241.4181</TD>
    <TD>55.11136</TD>
    <TD>9.334</TD>
    <TD>137.724</TD>
    <TD>24.4108</TD>
    <TD>0.1318</TD>
    <TD>24.3041</TD>
    <TD>0.1822</TD>
    <TD>24.3041</TD>
    <TD>0.1822</TD>
    <TD>0.67</TD>
  </TR>
  <TR>
    <TD>569.0</TD>
    <TD>241.418</TD>
    <TD>55.08756</TD>
    <TD>273.708</TD>
    <TD>135.676</TD>
    <TD>25.8325</TD>
    <TD>0.3352</TD>
    <TD>25.6697</TD>
    <TD>0.402</TD>
    <TD>25.6697</TD>
    <TD>0.402</TD>
    <TD>0.42</TD>
  </TR>
  <TR>
    <TD>570.0</TD>
    <TD>241.4122</TD>
    <TD>54.95079</TD>
    <TD>1780.227</TD>
    <TD>153.405</TD>
    <TD>22.5481</TD>
    <TD>0.0717</TD>
    <TD>22.2746</TD>
    <TD>0.0921</TD>
    <TD>22.2746</TD>
    <TD>0.0921</TD>
    <TD>0.0</TD>
  </TR>
  <TR>
    <TD>571.0</TD>
    <TD>241.4162</TD>
    <TD>55.10933</TD>
    <TD>32.319</TD>
    <TD>149.807</TD>
    <TD>22.8367</TD>
    <TD>0.0586</TD>
    <TD>23.3784</TD>
    <TD>0.1535</TD>
    <TD>22.7414</TD>
    <TD>0.0604</TD>
    <TD>0.91</TD>
  </TR>
  <TR>
    <TD>572.0</TD>
    <TD>241.4174</TD>
    <TD>55.10781</TD>
    <TD>48.959</TD>
    <TD>141.746</TD>
    <TD>23.9344</TD>
    <TD>0.1092</TD>
    <TD>99.0</TD>
    <TD>99.0</TD>
    <TD>23.7884</TD>
    <TD>0.1132</TD>
    <TD>0.63</TD>
  </TR>
  <TR>
    <TD>573.0</TD>
    <TD>241.4178</TD>
    <TD>55.10747</TD>
    <TD>52.666</TD>
    <TD>139.224</TD>
    <TD>24.5053</TD>
    <TD>0.143</TD>
    <TD>25.0939</TD>
    <TD>0.3592</TD>
    <TD>24.3557</TD>
    <TD>0.1483</TD>
    <TD>0.73</TD>
  </TR>
  <TR>
    <TD>574.0</TD>
    <TD>241.4176</TD>
    <TD>55.09378</TD>
    <TD>204.807</TD>
    <TD>138.975</TD>
    <TD>25.4426</TD>
    <TD>0.3007</TD>
    <TD>24.8079</TD>
    <TD>0.3045</TD>
    <TD>24.8079</TD>
    <TD>0.3045</TD>
    <TD>0.36</TD>
  </TR>
  <TR>
    <TD>575.0</TD>
    <TD>241.4148</TD>
    <TD>54.94763</TD>
    <TD>1814.31</TD>
    <TD>136.677</TD>
    <TD>25.7926</TD>
    <TD>0.3236</TD>
    <TD>25.2637</TD>
    <TD>0.2792</TD>
    <TD>25.2637</TD>
    <TD>0.2792</TD>
    <TD>0.36</TD>
  </TR>
  <TR>
    <TD>576.0</TD>
    <TD>241.4175</TD>
    <TD>55.06393</TD>
    <TD>535.524</TD>
    <TD>136.481</TD>
    <TD>25.785</TD>
    <TD>0.3677</TD>
    <TD>25.0711</TD>
    <TD>0.3266</TD>
    <TD>25.0711</TD>
    <TD>0.3266</TD>
    <TD>0.36</TD>
  </TR>
  <TR>
    <TD>577.0</TD>
    <TD>241.4181</TD>
    <TD>55.09517</TD>
    <TD>189.319</TD>
    <TD>136.313</TD>
    <TD>25.5812</TD>
    <TD>0.2684</TD>
    <TD>25.6124</TD>
    <TD>0.6689</TD>
    <TD>25.6124</TD>
    <TD>0.6689</TD>
    <TD>0.48</TD>
  </TR>
  <TR>
    <TD>578.0</TD>
    <TD>241.4156</TD>
    <TD>55.00313</TD>
    <TD>1205.968</TD>
    <TD>140.025</TD>
    <TD>24.4302</TD>
    <TD>0.1608</TD>
    <TD>24.32</TD>
    <TD>0.2169</TD>
    <TD>24.32</TD>
    <TD>0.2169</TD>
    <TD>0.7</TD>
  </TR>
  <TR>
    <TD>579.0</TD>
    <TD>241.4155</TD>
    <TD>55.10871</TD>
    <TD>39.336</TD>
    <TD>153.693</TD>
    <TD>23.6074</TD>
    <TD>0.0892</TD>
    <TD>29.5703</TD>
    <TD>38.6978</TD>
    <TD>23.4869</TD>
    <TD>0.0922</TD>
    <TD>0.68</TD>
  </TR>
  <TR>
    <TD>580.0</TD>
    <TD>241.4122</TD>
    <TD>54.94025</TD>
    <TD>1895.454</TD>
    <TD>151.807</TD>
    <TD>23.4669</TD>
    <TD>0.1098</TD>
    <TD>23.248</TD>
    <TD>0.1879</TD>
    <TD>23.248</TD>
    <TD>0.1879</TD>
    <TD>0.36</TD>
  </TR>
  <TR>
    <TD>581.0</TD>
    <TD>241.4162</TD>
    <TD>55.10122</TD>
    <TD>122.468</TD>
    <TD>148.515</TD>
    <TD>23.6922</TD>
    <TD>0.1263</TD>
    <TD>23.8525</TD>
    <TD>0.2302</TD>
    <TD>23.8525</TD>
    <TD>0.2302</TD>
    <TD>0.48</TD>
  </TR>
  <TR>
    <TD>582.0</TD>
    <TD>241.4151</TD>
    <TD>54.97002</TD>
    <TD>1569.238</TD>
    <TD>138.399</TD>
    <TD>25.5747</TD>
    <TD>0.3384</TD>
    <TD>24.9896</TD>
    <TD>0.4662</TD>
    <TD>24.9896</TD>
    <TD>0.4662</TD>
    <TD>0.37</TD>
  </TR>
  <TR>
    <TD>583.0</TD>
    <TD>241.4175</TD>
    <TD>55.08541</TD>
    <TD>297.663</TD>
    <TD>138.687</TD>
    <TD>25.7783</TD>
    <TD>0.3195</TD>
    <TD>25.3328</TD>
    <TD>0.297</TD>
    <TD>25.3328</TD>
    <TD>0.297</TD>
    <TD>0.41</TD>
  </TR>
  <TR>
    <TD>584.0</TD>
    <TD>241.3996</TD>
    <TD>54.97606</TD>
    <TD>1505.836</TD>
    <TD>237.074</TD>
    <TD>19.1039</TD>
    <TD>0.0099</TD>
    <TD>19.0658</TD>
    <TD>0.0119</TD>
    <TD>19.0658</TD>
    <TD>0.0119</TD>
    <TD>0.02</TD>
  </TR>
  <TR>
    <TD>585.0</TD>
    <TD>241.4005</TD>
    <TD>54.9399</TD>
    <TD>1901.339</TD>
    <TD>225.843</TD>
    <TD>18.8183</TD>
    <TD>0.0078</TD>
    <TD>18.8216</TD>
    <TD>0.0089</TD>
    <TD>18.8216</TD>
    <TD>0.0089</TD>
    <TD>0.03</TD>
  </TR>
  <TR>
    <TD>586.0</TD>
    <TD>241.4167</TD>
    <TD>55.11138</TD>
    <TD>9.438</TD>
    <TD>146.523</TD>
    <TD>23.1485</TD>
    <TD>0.0717</TD>
    <TD>99.0</TD>
    <TD>99.0</TD>
    <TD>23.0312</TD>
    <TD>0.074</TD>
    <TD>0.83</TD>
  </TR>
  <TR>
    <TD>587.0</TD>
    <TD>241.414</TD>
    <TD>54.96558</TD>
    <TD>1618.078</TD>
    <TD>144.685</TD>
    <TD>24.3636</TD>
    <TD>0.1516</TD>
    <TD>24.112</TD>
    <TD>0.2761</TD>
    <TD>24.112</TD>
    <TD>0.2761</TD>
    <TD>0.64</TD>
  </TR>
  <TR>
    <TD>588.0</TD>
    <TD>241.4177</TD>
    <TD>55.10144</TD>
    <TD>119.709</TD>
    <TD>139.612</TD>
    <TD>24.8754</TD>
    <TD>0.2123</TD>
    <TD>24.5563</TD>
    <TD>0.2559</TD>
    <TD>24.5563</TD>
    <TD>0.2559</TD>
    <TD>0.44</TD>
  </TR>
  <TR>
    <TD>589.0</TD>
    <TD>241.4148</TD>
    <TD>54.98711</TD>
    <TD>1382.006</TD>
    <TD>143.246</TD>
    <TD>24.938</TD>
    <TD>0.2245</TD>
    <TD>24.776</TD>
    <TD>0.3836</TD>
    <TD>24.776</TD>
    <TD>0.3836</TD>
    <TD>0.37</TD>
  </TR>
  <TR>
    <TD>590.0</TD>
    <TD>241.4169</TD>
    <TD>55.08612</TD>
    <TD>289.952</TD>
    <TD>142.873</TD>
    <TD>25.2618</TD>
    <TD>0.2787</TD>
    <TD>24.8022</TD>
    <TD>0.3654</TD>
    <TD>24.8022</TD>
    <TD>0.3654</TD>
    <TD>0.37</TD>
  </TR>
  <TR>
    <TD>591.0</TD>
    <TD>241.4181</TD>
    <TD>55.11088</TD>
    <TD>14.727</TD>
    <TD>138.0</TD>
    <TD>24.2149</TD>
    <TD>0.0843</TD>
    <TD>24.1677</TD>
    <TD>0.1143</TD>
    <TD>24.1677</TD>
    <TD>0.1143</TD>
    <TD>0.86</TD>
  </TR>
  <TR>
    <TD>592.0</TD>
    <TD>241.406</TD>
    <TD>55.03692</TD>
    <TD>836.03</TD>
    <TD>205.468</TD>
    <TD>19.3638</TD>
    <TD>0.0106</TD>
    <TD>19.305</TD>
    <TD>0.0124</TD>
    <TD>19.3005</TD>
    <TD>0.0108</TD>
    <TD>0.03</TD>
  </TR>
  <TR>
    <TD>593.0</TD>
    <TD>241.415</TD>
    <TD>55.02052</TD>
    <TD>1014.854</TD>
    <TD>146.709</TD>
    <TD>24.7039</TD>
    <TD>0.2049</TD>
    <TD>24.3167</TD>
    <TD>0.3862</TD>
    <TD>24.3167</TD>
    <TD>0.3862</TD>
    <TD>0.45</TD>
  </TR>
  <TR>
    <TD>594.0</TD>
    <TD>241.4173</TD>
    <TD>55.09886</TD>
    <TD>148.495</TD>
    <TD>141.464</TD>
    <TD>25.3983</TD>
    <TD>0.2606</TD>
    <TD>25.4224</TD>
    <TD>0.4491</TD>
    <TD>25.4224</TD>
    <TD>0.4491</TD>
    <TD>0.48</TD>
  </TR>
  <TR>
    <TD>595.0</TD>
    <TD>241.4142</TD>
    <TD>55.07822</TD>
    <TD>378.036</TD>
    <TD>159.051</TD>
    <TD>22.7302</TD>
    <TD>0.0823</TD>
    <TD>22.6903</TD>
    <TD>0.1327</TD>
    <TD>22.6903</TD>
    <TD>0.1327</TD>
    <TD>0.0</TD>
  </TR>
  <TR>
    <TD>596.0</TD>
    <TD>241.4145</TD>
    <TD>54.96972</TD>
    <TD>1572.661</TD>
    <TD>142.292</TD>
    <TD>25.7139</TD>
    <TD>0.3018</TD>
    <TD>25.3692</TD>
    <TD>0.3069</TD>
    <TD>25.3692</TD>
    <TD>0.3069</TD>
    <TD>0.43</TD>
  </TR>
  <TR>
    <TD>597.0</TD>
    <TD>241.4165</TD>
    <TD>55.11023</TD>
    <TD>22.292</TD>
    <TD>147.682</TD>
    <TD>23.6119</TD>
    <TD>0.0792</TD>
    <TD>24.2107</TD>
    <TD>0.2479</TD>
    <TD>23.5339</TD>
    <TD>0.0813</TD>
    <TD>0.7</TD>
  </TR>
  <TR>
    <TD>598.0</TD>
    <TD>241.4156</TD>
    <TD>55.04544</TD>
    <TD>740.146</TD>
    <TD>145.939</TD>
    <TD>24.33</TD>
    <TD>0.1396</TD>
    <TD>24.5386</TD>
    <TD>0.2518</TD>
    <TD>24.5386</TD>
    <TD>0.2518</TD>
    <TD>0.83</TD>
  </TR>
  <TR>
    <TD>599.0</TD>
    <TD>241.4164</TD>
    <TD>55.08964</TD>
    <TD>251.0</TD>
    <TD>145.997</TD>
    <TD>25.5964</TD>
    <TD>0.272</TD>
    <TD>25.1735</TD>
    <TD>0.4244</TD>
    <TD>25.3398</TD>
    <TD>0.2823</TD>
    <TD>0.4</TD>
  </TR>
  <TR>
    <TD>600.0</TD>
    <TD>241.4162</TD>
    <TD>55.11059</TD>
    <TD>18.353</TD>
    <TD>149.695</TD>
    <TD>23.6427</TD>
    <TD>0.092</TD>
    <TD>24.3365</TD>
    <TD>0.2657</TD>
    <TD>23.5158</TD>
    <TD>0.0951</TD>
    <TD>0.68</TD>
  </TR>
  <TR>
    <TD>601.0</TD>
    <TD>241.4144</TD>
    <TD>54.9783</TD>
    <TD>1478.62</TD>
    <TD>144.306</TD>
    <TD>25.4795</TD>
    <TD>0.2455</TD>
    <TD>25.3552</TD>
    <TD>0.303</TD>
    <TD>25.3552</TD>
    <TD>0.303</TD>
    <TD>0.47</TD>
  </TR>
  <TR>
    <TD>602.0</TD>
    <TD>241.3878</TD>
    <TD>55.09976</TD>
    <TD>144.562</TD>
    <TD>327.662</TD>
    <TD>19.255</TD>
    <TD>0.0096</TD>
    <TD>19.2954</TD>
    <TD>0.0109</TD>
    <TD>19.2954</TD>
    <TD>0.0109</TD>
    <TD>0.04</TD>
  </TR>
  <TR>
    <TD>603.0</TD>
    <TD>241.4154</TD>
    <TD>55.10923</TD>
    <TD>33.651</TD>
    <TD>154.936</TD>
    <TD>23.5809</TD>
    <TD>0.084</TD>
    <TD>24.0593</TD>
    <TD>0.2034</TD>
    <TD>23.4797</TD>
    <TD>0.0865</TD>
    <TD>0.62</TD>
  </TR>
  <TR>
    <TD>604.0</TD>
    <TD>241.4155</TD>
    <TD>55.10799</TD>
    <TD>47.328</TD>
    <TD>153.601</TD>
    <TD>23.263</TD>
    <TD>0.0731</TD>
    <TD>27.3603</TD>
    <TD>5.4976</TD>
    <TD>23.1591</TD>
    <TD>0.0753</TD>
    <TD>0.77</TD>
  </TR>
  <TR>
    <TD>605.0</TD>
    <TD>241.4138</TD>
    <TD>55.02205</TD>
    <TD>998.277</TD>
    <TD>154.107</TD>
    <TD>23.7412</TD>
    <TD>0.1401</TD>
    <TD>22.4714</TD>
    <TD>0.1736</TD>
    <TD>22.4714</TD>
    <TD>0.1736</TD>
    <TD>0.63</TD>
  </TR>
  <TR>
    <TD>606.0</TD>
    <TD>241.4159</TD>
    <TD>55.11024</TD>
    <TD>22.318</TD>
    <TD>151.836</TD>
    <TD>22.5988</TD>
    <TD>0.0516</TD>
    <TD>23.9076</TD>
    <TD>0.2248</TD>
    <TD>22.5098</TD>
    <TD>0.053</TD>
    <TD>0.89</TD>
  </TR>
  <TR>
    <TD>607.0</TD>
    <TD>241.4154</TD>
    <TD>55.0395</TD>
    <TD>805.7</TD>
    <TD>146.719</TD>
    <TD>25.6682</TD>
    <TD>0.2898</TD>
    <TD>25.2494</TD>
    <TD>0.3838</TD>
    <TD>25.2494</TD>
    <TD>0.3838</TD>
    <TD>0.4</TD>
  </TR>
  <TR>
    <TD>608.0</TD>
    <TD>241.4158</TD>
    <TD>55.0596</TD>
    <TD>583.681</TD>
    <TD>146.336</TD>
    <TD>26.0143</TD>
    <TD>0.3942</TD>
    <TD>25.1476</TD>
    <TD>0.35</TD>
    <TD>25.1476</TD>
    <TD>0.35</TD>
    <TD>0.36</TD>
  </TR>
  <TR>
    <TD>609.0</TD>
    <TD>241.4162</TD>
    <TD>55.08024</TD>
    <TD>355.188</TD>
    <TD>146.203</TD>
    <TD>25.3016</TD>
    <TD>0.2652</TD>
    <TD>24.8952</TD>
    <TD>0.3001</TD>
    <TD>24.8952</TD>
    <TD>0.3001</TD>
    <TD>0.35</TD>
  </TR>
  <TR>
    <TD>610.0</TD>
    <TD>241.4152</TD>
    <TD>55.11131</TD>
    <TD>10.538</TD>
    <TD>155.863</TD>
    <TD>24.4181</TD>
    <TD>0.142</TD>
    <TD>23.7599</TD>
    <TD>0.1425</TD>
    <TD>24.2489</TD>
    <TD>0.1474</TD>
    <TD>0.57</TD>
  </TR>
  <TR>
    <TD>611.0</TD>
    <TD>241.4115</TD>
    <TD>55.01294</TD>
    <TD>1098.925</TD>
    <TD>167.349</TD>
    <TD>22.9524</TD>
    <TD>0.0932</TD>
    <TD>22.6678</TD>
    <TD>0.169</TD>
    <TD>22.6678</TD>
    <TD>0.169</TD>
    <TD>0.0</TD>
  </TR>
  <TR>
    <TD>612.0</TD>
    <TD>241.4153</TD>
    <TD>55.08892</TD>
    <TD>259.206</TD>
    <TD>152.827</TD>
    <TD>24.5089</TD>
    <TD>0.1724</TD>
    <TD>23.9054</TD>
    <TD>0.2781</TD>
    <TD>23.9054</TD>
    <TD>0.2781</TD>
    <TD>0.37</TD>
  </TR>
  <TR>
    <TD>613.0</TD>
    <TD>241.4158</TD>
    <TD>55.09027</TD>
    <TD>244.122</TD>
    <TD>150.155</TD>
    <TD>25.2108</TD>
    <TD>0.2663</TD>
    <TD>24.5508</TD>
    <TD>0.2481</TD>
    <TD>24.5508</TD>
    <TD>0.2481</TD>
    <TD>0.38</TD>
  </TR>
  <TR>
    <TD>614.0</TD>
    <TD>241.4146</TD>
    <TD>55.01046</TD>
    <TD>1125.551</TD>
    <TD>147.496</TD>
    <TD>25.4704</TD>
    <TD>0.2778</TD>
    <TD>25.0888</TD>
    <TD>0.3815</TD>
    <TD>25.0888</TD>
    <TD>0.3815</TD>
    <TD>0.48</TD>
  </TR>
  <TR>
    <TD>615.0</TD>
    <TD>241.4097</TD>
    <TD>54.95476</TD>
    <TD>1737.199</TD>
    <TD>170.199</TD>
    <TD>21.5591</TD>
    <TD>0.0347</TD>
    <TD>21.5344</TD>
    <TD>0.0457</TD>
    <TD>21.5344</TD>
    <TD>0.0457</TD>
    <TD>0.18</TD>
  </TR>
  <TR>
    <TD>616.0</TD>
    <TD>241.4157</TD>
    <TD>55.08965</TD>
    <TD>250.98</TD>
    <TD>150.865</TD>
    <TD>25.2792</TD>
    <TD>0.2831</TD>
    <TD>24.0054</TD>
    <TD>0.3275</TD>
    <TD>24.0054</TD>
    <TD>0.3275</TD>
    <TD>0.47</TD>
  </TR>
  <TR>
    <TD>617.0</TD>
    <TD>241.414</TD>
    <TD>54.99154</TD>
    <TD>1333.503</TD>
    <TD>148.509</TD>
    <TD>25.5653</TD>
    <TD>0.3022</TD>
    <TD>25.2634</TD>
    <TD>0.4471</TD>
    <TD>25.2634</TD>
    <TD>0.4471</TD>
    <TD>0.41</TD>
  </TR>
  <TR>
    <TD>618.0</TD>
    <TD>241.4157</TD>
    <TD>55.07009</TD>
    <TD>467.681</TD>
    <TD>148.289</TD>
    <TD>25.0931</TD>
    <TD>0.2398</TD>
    <TD>25.1222</TD>
    <TD>0.2461</TD>
    <TD>25.1222</TD>
    <TD>0.2461</TD>
    <TD>0.36</TD>
  </TR>
  <TR>
    <TD>619.0</TD>
    <TD>241.415</TD>
    <TD>55.10111</TD>
    <TD>123.987</TD>
    <TD>156.026</TD>
    <TD>24.4318</TD>
    <TD>0.1978</TD>
    <TD>22.898</TD>
    <TD>0.1721</TD>
    <TD>23.7648</TD>
    <TD>0.1841</TD>
    <TD>0.4</TD>
  </TR>
  <TR>
    <TD>620.0</TD>
    <TD>241.4162</TD>
    <TD>55.10888</TD>
    <TD>37.339</TD>
    <TD>149.285</TD>
    <TD>25.196</TD>
    <TD>0.218</TD>
    <TD>24.8267</TD>
    <TD>0.2403</TD>
    <TD>24.9742</TD>
    <TD>0.2266</TD>
    <TD>0.49</TD>
  </TR>
  <TR>
    <TD>621.0</TD>
    <TD>241.4151</TD>
    <TD>55.10978</TD>
    <TD>27.56</TD>
    <TD>156.456</TD>
    <TD>23.5231</TD>
    <TD>0.0859</TD>
    <TD>25.0961</TD>
    <TD>0.5716</TD>
    <TD>23.4021</TD>
    <TD>0.0888</TD>
    <TD>0.8</TD>
  </TR>
  <TR>
    <TD>622.0</TD>
    <TD>241.4144</TD>
    <TD>55.10123</TD>
    <TD>122.751</TD>
    <TD>160.403</TD>
    <TD>23.1509</TD>
    <TD>0.0982</TD>
    <TD>22.7376</TD>
    <TD>0.2273</TD>
    <TD>22.7376</TD>
    <TD>0.2273</TD>
    <TD>0.67</TD>
  </TR>
  <TR>
    <TD>623.0</TD>
    <TD>241.4144</TD>
    <TD>55.10854</TD>
    <TD>41.519</TD>
    <TD>160.75</TD>
    <TD>22.9124</TD>
    <TD>0.0613</TD>
    <TD>99.0</TD>
    <TD>99.0</TD>
    <TD>22.814</TD>
    <TD>0.0631</TD>
    <TD>0.78</TD>
  </TR>
  <TR>
    <TD>624.0</TD>
    <TD>241.4152</TD>
    <TD>55.08328</TD>
    <TD>321.74</TD>
    <TD>152.998</TD>
    <TD>25.5686</TD>
    <TD>0.3031</TD>
    <TD>25.0113</TD>
    <TD>0.3216</TD>
    <TD>25.0113</TD>
    <TD>0.3216</TD>
    <TD>0.37</TD>
  </TR>
  <TR>
    <TD>625.0</TD>
    <TD>241.4157</TD>
    <TD>55.11215</TD>
    <TD>1.0</TD>
    <TD>152.871</TD>
    <TD>24.8898</TD>
    <TD>0.1474</TD>
    <TD>30.7109</TD>
    <TD>44.1395</TD>
    <TD>30.7109</TD>
    <TD>44.1395</TD>
    <TD>0.55</TD>
  </TR>
  <TR>
    <TD>626.0</TD>
    <TD>241.4146</TD>
    <TD>55.03199</TD>
    <TD>888.66</TD>
    <TD>150.299</TD>
    <TD>25.931</TD>
    <TD>0.3659</TD>
    <TD>25.5134</TD>
    <TD>0.3492</TD>
    <TD>25.5134</TD>
    <TD>0.3492</TD>
    <TD>0.39</TD>
  </TR>
  <TR>
    <TD>627.0</TD>
    <TD>241.4153</TD>
    <TD>55.0686</TD>
    <TD>484.351</TD>
    <TD>150.676</TD>
    <TD>25.6875</TD>
    <TD>0.2948</TD>
    <TD>25.2236</TD>
    <TD>0.375</TD>
    <TD>25.2236</TD>
    <TD>0.375</TD>
    <TD>0.41</TD>
  </TR>
  <TR>
    <TD>628.0</TD>
    <TD>241.4149</TD>
    <TD>55.09439</TD>
    <TD>198.552</TD>
    <TD>156.279</TD>
    <TD>24.655</TD>
    <TD>0.1962</TD>
    <TD>24.5547</TD>
    <TD>0.3029</TD>
    <TD>24.5547</TD>
    <TD>0.3029</TD>
    <TD>0.4</TD>
  </TR>
  <TR>
    <TD>629.0</TD>
    <TD>241.415</TD>
    <TD>55.08415</TD>
    <TD>312.102</TD>
    <TD>154.163</TD>
    <TD>24.5425</TD>
    <TD>0.1949</TD>
    <TD>24.9927</TD>
    <TD>0.3702</TD>
    <TD>24.9927</TD>
    <TD>0.3702</TD>
    <TD>0.37</TD>
  </TR>
  <TR>
    <TD>630.0</TD>
    <TD>241.4153</TD>
    <TD>55.11004</TD>
    <TD>24.635</TD>
    <TD>155.635</TD>
    <TD>23.7698</TD>
    <TD>0.0906</TD>
    <TD>25.462</TD>
    <TD>0.6674</TD>
    <TD>23.6727</TD>
    <TD>0.0933</TD>
    <TD>0.73</TD>
  </TR>
  <TR>
    <TD>631.0</TD>
    <TD>241.4118</TD>
    <TD>54.96554</TD>
    <TD>1618.843</TD>
    <TD>158.722</TD>
    <TD>24.1754</TD>
    <TD>0.152</TD>
    <TD>23.7853</TD>
    <TD>0.2572</TD>
    <TD>23.7853</TD>
    <TD>0.2572</TD>
    <TD>0.48</TD>
  </TR>
  <TR>
    <TD>632.0</TD>
    <TD>241.4156</TD>
    <TD>55.09887</TD>
    <TD>148.665</TD>
    <TD>152.284</TD>
    <TD>25.8686</TD>
    <TD>0.3462</TD>
    <TD>25.4416</TD>
    <TD>0.3274</TD>
    <TD>25.4416</TD>
    <TD>0.3274</TD>
    <TD>0.41</TD>
  </TR>
  <TR>
    <TD>633.0</TD>
    <TD>241.4154</TD>
    <TD>55.08638</TD>
    <TD>287.352</TD>
    <TD>152.288</TD>
    <TD>26.0384</TD>
    <TD>0.4027</TD>
    <TD>24.9601</TD>
    <TD>0.3783</TD>
    <TD>24.9601</TD>
    <TD>0.3783</TD>
    <TD>0.36</TD>
  </TR>
  <TR>
    <TD>634.0</TD>
    <TD>241.4141</TD>
    <TD>55.10411</TD>
    <TD>90.782</TD>
    <TD>162.215</TD>
    <TD>24.4213</TD>
    <TD>0.1674</TD>
    <TD>24.961</TD>
    <TD>0.564</TD>
    <TD>24.961</TD>
    <TD>0.564</TD>
    <TD>0.5</TD>
  </TR>
  <TR>
    <TD>635.0</TD>
    <TD>241.4124</TD>
    <TD>54.95837</TD>
    <TD>1697.259</TD>
    <TD>153.583</TD>
    <TD>25.3244</TD>
    <TD>0.2706</TD>
    <TD>24.2753</TD>
    <TD>0.39</TD>
    <TD>24.2753</TD>
    <TD>0.39</TD>
    <TD>0.42</TD>
  </TR>
  <TR>
    <TD>636.0</TD>
    <TD>241.4144</TD>
    <TD>55.11119</TD>
    <TD>12.0</TD>
    <TD>161.272</TD>
    <TD>24.7923</TD>
    <TD>0.1973</TD>
    <TD>24.868</TD>
    <TD>0.3479</TD>
    <TD>24.868</TD>
    <TD>0.3479</TD>
    <TD>0.49</TD>
  </TR>
  <TR>
    <TD>637.0</TD>
    <TD>241.4121</TD>
    <TD>55.04275</TD>
    <TD>770.506</TD>
    <TD>167.674</TD>
    <TD>23.0576</TD>
    <TD>0.0938</TD>
    <TD>22.8675</TD>
    <TD>0.1335</TD>
    <TD>22.8675</TD>
    <TD>0.1335</TD>
    <TD>0.1</TD>
  </TR>
  <TR>
    <TD>638.0</TD>
    <TD>241.4146</TD>
    <TD>55.11049</TD>
    <TD>19.742</TD>
    <TD>159.819</TD>
    <TD>23.5034</TD>
    <TD>0.0925</TD>
    <TD>23.6786</TD>
    <TD>0.179</TD>
    <TD>23.3386</TD>
    <TD>0.096</TD>
    <TD>0.75</TD>
  </TR>
  <TR>
    <TD>639.0</TD>
    <TD>241.4144</TD>
    <TD>55.03591</TD>
    <TD>845.465</TD>
    <TD>152.0</TD>
    <TD>25.4114</TD>
    <TD>0.2636</TD>
    <TD>25.2145</TD>
    <TD>0.3719</TD>
    <TD>25.2145</TD>
    <TD>0.3719</TD>
    <TD>0.38</TD>
  </TR>
  <TR>
    <TD>640.0</TD>
    <TD>241.4142</TD>
    <TD>55.08847</TD>
    <TD>264.459</TD>
    <TD>159.766</TD>
    <TD>24.6304</TD>
    <TD>0.171</TD>
    <TD>24.3206</TD>
    <TD>0.3706</TD>
    <TD>24.3206</TD>
    <TD>0.3706</TD>
    <TD>0.49</TD>
  </TR>
  <TR>
    <TD>641.0</TD>
    <TD>241.4044</TD>
    <TD>55.06314</TD>
    <TD>546.948</TD>
    <TD>219.092</TD>
    <TD>17.1968</TD>
    <TD>0.0023</TD>
    <TD>17.2225</TD>
    <TD>0.0021</TD>
    <TD>17.2225</TD>
    <TD>0.0021</TD>
    <TD>0.8</TD>
  </TR>
  <TR>
    <TD>642.0</TD>
    <TD>241.4134</TD>
    <TD>55.08577</TD>
    <TD>294.532</TD>
    <TD>164.467</TD>
    <TD>24.9115</TD>
    <TD>0.2193</TD>
    <TD>25.1001</TD>
    <TD>0.3353</TD>
    <TD>25.1001</TD>
    <TD>0.3353</TD>
    <TD>0.43</TD>
  </TR>
  <TR>
    <TD>643.0</TD>
    <TD>241.4149</TD>
    <TD>55.10897</TD>
    <TD>36.619</TD>
    <TD>157.738</TD>
    <TD>24.455</TD>
    <TD>0.1369</TD>
    <TD>25.7237</TD>
    <TD>0.7211</TD>
    <TD>24.3163</TD>
    <TD>0.1418</TD>
    <TD>0.61</TD>
  </TR>
  <TR>
    <TD>644.0</TD>
    <TD>241.4142</TD>
    <TD>55.04708</TD>
    <TD>722.329</TD>
    <TD>155.329</TD>
    <TD>25.6556</TD>
    <TD>0.2866</TD>
    <TD>25.2327</TD>
    <TD>0.2716</TD>
    <TD>25.2327</TD>
    <TD>0.2716</TD>
    <TD>0.45</TD>
  </TR>
  <TR>
    <TD>645.0</TD>
    <TD>241.4147</TD>
    <TD>55.07309</TD>
    <TD>434.716</TD>
    <TD>155.362</TD>
    <TD>25.5358</TD>
    <TD>0.2579</TD>
    <TD>25.142</TD>
    <TD>0.2505</TD>
    <TD>25.142</TD>
    <TD>0.2505</TD>
    <TD>0.36</TD>
  </TR>
  <TR>
    <TD>646.0</TD>
    <TD>241.4081</TD>
    <TD>55.03751</TD>
    <TD>829.042</TD>
    <TD>192.576</TD>
    <TD>20.7736</TD>
    <TD>0.0239</TD>
    <TD>20.6195</TD>
    <TD>0.0292</TD>
    <TD>20.6591</TD>
    <TD>0.0246</TD>
    <TD>0.01</TD>
  </TR>
  <TR>
    <TD>647.0</TD>
    <TD>241.4088</TD>
    <TD>54.94423</TD>
    <TD>1852.483</TD>
    <TD>173.851</TD>
    <TD>23.5133</TD>
    <TD>0.1185</TD>
    <TD>22.8074</TD>
    <TD>0.1961</TD>
    <TD>22.8074</TD>
    <TD>0.1961</TD>
    <TD>0.47</TD>
  </TR>
  <TR>
    <TD>648.0</TD>
    <TD>241.4144</TD>
    <TD>55.10963</TD>
    <TD>29.353</TD>
    <TD>160.791</TD>
    <TD>23.5595</TD>
    <TD>0.0792</TD>
    <TD>99.0</TD>
    <TD>99.0</TD>
    <TD>23.4746</TD>
    <TD>0.0814</TD>
    <TD>0.85</TD>
  </TR>
  <TR>
    <TD>649.0</TD>
    <TD>241.4133</TD>
    <TD>55.05744</TD>
    <TD>608.109</TD>
    <TD>162.001</TD>
    <TD>24.1545</TD>
    <TD>0.1595</TD>
    <TD>23.7939</TD>
    <TD>0.2654</TD>
    <TD>23.7939</TD>
    <TD>0.2654</TD>
    <TD>0.48</TD>
  </TR>
  <TR>
    <TD>650.0</TD>
    <TD>241.4116</TD>
    <TD>54.95883</TD>
    <TD>1692.322</TD>
    <TD>158.783</TD>
    <TD>24.9754</TD>
    <TD>0.247</TD>
    <TD>23.7886</TD>
    <TD>0.2702</TD>
    <TD>23.7886</TD>
    <TD>0.2702</TD>
    <TD>0.48</TD>
  </TR>
  <TR>
    <TD>651.0</TD>
    <TD>241.4118</TD>
    <TD>54.96941</TD>
    <TD>1576.516</TD>
    <TD>158.994</TD>
    <TD>25.0659</TD>
    <TD>0.2341</TD>
    <TD>24.3411</TD>
    <TD>0.35</TD>
    <TD>24.3411</TD>
    <TD>0.35</TD>
    <TD>0.49</TD>
  </TR>
  <TR>
    <TD>652.0</TD>
    <TD>241.4128</TD>
    <TD>55.11047</TD>
    <TD>20.418</TD>
    <TD>171.275</TD>
    <TD>24.144</TD>
    <TD>0.1425</TD>
    <TD>99.0</TD>
    <TD>99.0</TD>
    <TD>23.8635</TD>
    <TD>0.1476</TD>
    <TD>0.74</TD>
  </TR>
  <TR>
    <TD>653.0</TD>
    <TD>241.415</TD>
    <TD>55.11161</TD>
    <TD>7.261</TD>
    <TD>157.656</TD>
    <TD>23.6278</TD>
    <TD>0.0724</TD>
    <TD>23.8264</TD>
    <TD>0.133</TD>
    <TD>23.8264</TD>
    <TD>0.133</TD>
    <TD>0.73</TD>
  </TR>
  <TR>
    <TD>654.0</TD>
    <TD>241.4135</TD>
    <TD>55.10167</TD>
    <TD>118.019</TD>
    <TD>165.781</TD>
    <TD>23.9961</TD>
    <TD>0.1508</TD>
    <TD>23.3773</TD>
    <TD>0.2406</TD>
    <TD>23.519</TD>
    <TD>0.1504</TD>
    <TD>0.49</TD>
  </TR>
  <TR>
    <TD>655.0</TD>
    <TD>241.4142</TD>
    <TD>55.09849</TD>
    <TD>153.251</TD>
    <TD>160.972</TD>
    <TD>25.6084</TD>
    <TD>0.314</TD>
    <TD>25.42</TD>
    <TD>0.4659</TD>
    <TD>25.42</TD>
    <TD>0.4659</TD>
    <TD>0.36</TD>
  </TR>
  <TR>
    <TD>656.0</TD>
    <TD>241.4138</TD>
    <TD>55.05077</TD>
    <TD>681.668</TD>
    <TD>158.32</TD>
    <TD>25.9145</TD>
    <TD>0.3606</TD>
    <TD>25.5804</TD>
    <TD>0.9618</TD>
    <TD>25.5804</TD>
    <TD>0.9618</TD>
    <TD>0.39</TD>
  </TR>
  <TR>
    <TD>657.0</TD>
    <TD>241.413</TD>
    <TD>55.10143</TD>
    <TD>120.835</TD>
    <TD>168.822</TD>
    <TD>24.5029</TD>
    <TD>0.2035</TD>
    <TD>24.1599</TD>
    <TD>0.2993</TD>
    <TD>23.8493</TD>
    <TD>0.1905</TD>
    <TD>0.36</TD>
  </TR>
  <TR>
    <TD>658.0</TD>
    <TD>241.413</TD>
    <TD>55.11003</TD>
    <TD>25.196</TD>
    <TD>169.896</TD>
    <TD>23.33</TD>
    <TD>0.0818</TD>
    <TD>24.2086</TD>
    <TD>0.3184</TD>
    <TD>23.1901</TD>
    <TD>0.0847</TD>
    <TD>0.86</TD>
  </TR>
  <TR>
    <TD>659.0</TD>
    <TD>241.4129</TD>
    <TD>55.11217</TD>
    <TD>1.49</TD>
    <TD>171.058</TD>
    <TD>24.4125</TD>
    <TD>0.1583</TD>
    <TD>24.8638</TD>
    <TD>0.394</TD>
    <TD>24.1521</TD>
    <TD>0.1643</TD>
    <TD>0.51</TD>
  </TR>
  <TR>
    <TD>660.0</TD>
    <TD>241.4138</TD>
    <TD>55.10954</TD>
    <TD>30.454</TD>
    <TD>164.593</TD>
    <TD>23.9512</TD>
    <TD>0.095</TD>
    <TD>24.6923</TD>
    <TD>0.3107</TD>
    <TD>23.8658</TD>
    <TD>0.0976</TD>
    <TD>0.91</TD>
  </TR>
  <TR>
    <TD>661.0</TD>
    <TD>241.4146</TD>
    <TD>55.10873</TD>
    <TD>39.277</TD>
    <TD>159.363</TD>
    <TD>25.217</TD>
    <TD>0.1953</TD>
    <TD>25.1653</TD>
    <TD>0.2558</TD>
    <TD>25.0763</TD>
    <TD>0.2022</TD>
    <TD>0.51</TD>
  </TR>
  <TR>
    <TD>662.0</TD>
    <TD>241.4001</TD>
    <TD>54.9915</TD>
    <TD>1336.529</TD>
    <TD>236.297</TD>
    <TD>19.7954</TD>
    <TD>0.0161</TD>
    <TD>19.6604</TD>
    <TD>0.0225</TD>
    <TD>19.6549</TD>
    <TD>0.0166</TD>
    <TD>0.0</TD>
  </TR>
  <TR>
    <TD>663.0</TD>
    <TD>241.4037</TD>
    <TD>55.03933</TD>
    <TD>809.875</TD>
    <TD>220.337</TD>
    <TD>21.5029</TD>
    <TD>0.0427</TD>
    <TD>21.1333</TD>
    <TD>0.0692</TD>
    <TD>21.1333</TD>
    <TD>0.0692</TD>
    <TD>0.0</TD>
  </TR>
  <TR>
    <TD>664.0</TD>
    <TD>241.4124</TD>
    <TD>55.10964</TD>
    <TD>29.703</TD>
    <TD>173.946</TD>
    <TD>23.1798</TD>
    <TD>0.07</TD>
    <TD>99.0</TD>
    <TD>99.0</TD>
    <TD>23.0778</TD>
    <TD>0.0721</TD>
    <TD>0.76</TD>
  </TR>
  <TR>
    <TD>665.0</TD>
    <TD>241.4139</TD>
    <TD>55.1001</TD>
    <TD>135.455</TD>
    <TD>163.205</TD>
    <TD>25.2621</TD>
    <TD>0.2561</TD>
    <TD>24.9682</TD>
    <TD>0.3093</TD>
    <TD>24.9682</TD>
    <TD>0.3093</TD>
    <TD>0.37</TD>
  </TR>
  <TR>
    <TD>666.0</TD>
    <TD>241.414</TD>
    <TD>55.11043</TD>
    <TD>20.523</TD>
    <TD>163.469</TD>
    <TD>23.7477</TD>
    <TD>0.08</TD>
    <TD>24.3081</TD>
    <TD>0.1829</TD>
    <TD>23.683</TD>
    <TD>0.0819</TD>
    <TD>0.91</TD>
  </TR>
  <TR>
    <TD>667.0</TD>
    <TD>241.4122</TD>
    <TD>55.11009</TD>
    <TD>24.748</TD>
    <TD>174.983</TD>
    <TD>23.305</TD>
    <TD>0.0898</TD>
    <TD>23.9646</TD>
    <TD>0.2992</TD>
    <TD>23.0971</TD>
    <TD>0.0933</TD>
    <TD>0.68</TD>
  </TR>
  <TR>
    <TD>668.0</TD>
    <TD>241.4135</TD>
    <TD>55.11164</TD>
    <TD>7.168</TD>
    <TD>166.93</TD>
    <TD>24.236</TD>
    <TD>0.1213</TD>
    <TD>24.069</TD>
    <TD>0.1609</TD>
    <TD>24.1076</TD>
    <TD>0.1254</TD>
    <TD>0.63</TD>
  </TR>
  <TR>
    <TD>669.0</TD>
    <TD>241.4139</TD>
    <TD>55.10917</TD>
    <TD>34.576</TD>
    <TD>164.236</TD>
    <TD>24.2446</TD>
    <TD>0.1058</TD>
    <TD>25.1604</TD>
    <TD>0.3541</TD>
    <TD>25.1604</TD>
    <TD>0.3541</TD>
    <TD>0.71</TD>
  </TR>
  <TR>
    <TD>670.0</TD>
    <TD>241.4129</TD>
    <TD>55.03005</TD>
    <TD>910.318</TD>
    <TD>161.314</TD>
    <TD>25.9394</TD>
    <TD>0.3687</TD>
    <TD>25.0951</TD>
    <TD>0.5046</TD>
    <TD>25.0951</TD>
    <TD>0.5046</TD>
    <TD>0.38</TD>
  </TR>
  <TR>
    <TD>671.0</TD>
    <TD>241.4142</TD>
    <TD>55.09804</TD>
    <TD>158.274</TD>
    <TD>161.31</TD>
    <TD>25.5166</TD>
    <TD>0.2536</TD>
    <TD>25.7147</TD>
    <TD>0.4508</TD>
    <TD>25.7147</TD>
    <TD>0.4508</TD>
    <TD>0.37</TD>
  </TR>
  <TR>
    <TD>672.0</TD>
    <TD>241.4119</TD>
    <TD>55.11191</TD>
    <TD>4.57</TD>
    <TD>176.915</TD>
    <TD>22.6552</TD>
    <TD>0.055</TD>
    <TD>99.0</TD>
    <TD>99.0</TD>
    <TD>22.5529</TD>
    <TD>0.0567</TD>
    <TD>0.91</TD>
  </TR>
  <TR>
    <TD>673.0</TD>
    <TD>241.4126</TD>
    <TD>55.11099</TD>
    <TD>14.692</TD>
    <TD>172.801</TD>
    <TD>23.5319</TD>
    <TD>0.0836</TD>
    <TD>25.2697</TD>
    <TD>0.6322</TD>
    <TD>23.4239</TD>
    <TD>0.0862</TD>
    <TD>0.66</TD>
  </TR>
  <TR>
    <TD>674.0</TD>
    <TD>241.4133</TD>
    <TD>55.08083</TD>
    <TD>349.297</TD>
    <TD>164.909</TD>
    <TD>25.6852</TD>
    <TD>0.2942</TD>
    <TD>25.1488</TD>
    <TD>0.53</TD>
    <TD>25.1488</TD>
    <TD>0.53</TD>
    <TD>0.42</TD>
  </TR>
  <TR>
    <TD>675.0</TD>
    <TD>241.4138</TD>
    <TD>55.11217</TD>
    <TD>1.231</TD>
    <TD>164.786</TD>
    <TD>24.7328</TD>
    <TD>0.1458</TD>
    <TD>24.7457</TD>
    <TD>0.2013</TD>
    <TD>24.7457</TD>
    <TD>0.2013</TD>
    <TD>0.74</TD>
  </TR>
  <TR>
    <TD>676.0</TD>
    <TD>241.4114</TD>
    <TD>54.97135</TD>
    <TD>1555.312</TD>
    <TD>162.279</TD>
    <TD>25.7445</TD>
    <TD>0.3101</TD>
    <TD>25.4366</TD>
    <TD>0.3508</TD>
    <TD>25.4366</TD>
    <TD>0.3508</TD>
    <TD>0.41</TD>
  </TR>
  <TR>
    <TD>677.0</TD>
    <TD>241.4124</TD>
    <TD>55.01513</TD>
    <TD>1074.664</TD>
    <TD>162.347</TD>
    <TD>25.7207</TD>
    <TD>0.3036</TD>
    <TD>25.2466</TD>
    <TD>0.275</TD>
    <TD>25.2466</TD>
    <TD>0.275</TD>
    <TD>0.41</TD>
  </TR>
  <TR>
    <TD>678.0</TD>
    <TD>241.4086</TD>
    <TD>54.99784</TD>
    <TD>1265.307</TD>
    <TD>183.603</TD>
    <TD>21.8303</TD>
    <TD>0.0432</TD>
    <TD>21.7405</TD>
    <TD>0.0589</TD>
    <TD>21.7405</TD>
    <TD>0.0589</TD>
    <TD>0.02</TD>
  </TR>
  <TR>
    <TD>679.0</TD>
    <TD>241.4121</TD>
    <TD>55.02876</TD>
    <TD>924.759</TD>
    <TD>165.995</TD>
    <TD>25.9797</TD>
    <TD>0.4379</TD>
    <TD>24.9113</TD>
    <TD>0.2938</TD>
    <TD>24.9113</TD>
    <TD>0.2938</TD>
    <TD>0.36</TD>
  </TR>
  <TR>
    <TD>680.0</TD>
    <TD>241.4135</TD>
    <TD>55.10623</TD>
    <TD>67.409</TD>
    <TD>166.184</TD>
    <TD>24.841</TD>
    <TD>0.1767</TD>
    <TD>24.4526</TD>
    <TD>0.1874</TD>
    <TD>24.4526</TD>
    <TD>0.1874</TD>
    <TD>0.49</TD>
  </TR>
  <TR>
    <TD>681.0</TD>
    <TD>241.413</TD>
    <TD>55.08684</TD>
    <TD>282.733</TD>
    <TD>167.215</TD>
    <TD>25.1777</TD>
    <TD>0.2146</TD>
    <TD>24.8895</TD>
    <TD>0.2881</TD>
    <TD>24.8895</TD>
    <TD>0.2881</TD>
    <TD>0.39</TD>
  </TR>
  <TR>
    <TD>682.0</TD>
    <TD>241.4139</TD>
    <TD>55.11188</TD>
    <TD>4.501</TD>
    <TD>164.356</TD>
    <TD>24.2345</TD>
    <TD>0.0957</TD>
    <TD>25.0537</TD>
    <TD>0.2946</TD>
    <TD>25.0537</TD>
    <TD>0.2946</TD>
    <TD>0.66</TD>
  </TR>
  <TR>
    <TD>683.0</TD>
    <TD>241.4133</TD>
    <TD>55.11109</TD>
    <TD>13.365</TD>
    <TD>168.137</TD>
    <TD>24.481</TD>
    <TD>0.1401</TD>
    <TD>24.2348</TD>
    <TD>0.1713</TD>
    <TD>24.2348</TD>
    <TD>0.1713</TD>
    <TD>0.65</TD>
  </TR>
  <TR>
    <TD>684.0</TD>
    <TD>241.4117</TD>
    <TD>55.00833</TD>
    <TD>1149.578</TD>
    <TD>165.302</TD>
    <TD>25.0417</TD>
    <TD>0.2292</TD>
    <TD>24.5843</TD>
    <TD>0.2417</TD>
    <TD>24.5843</TD>
    <TD>0.2417</TD>
    <TD>0.4</TD>
  </TR>
  <TR>
    <TD>685.0</TD>
    <TD>241.4122</TD>
    <TD>55.02776</TD>
    <TD>935.7</TD>
    <TD>165.323</TD>
    <TD>25.7384</TD>
    <TD>0.3084</TD>
    <TD>24.9842</TD>
    <TD>0.2896</TD>
    <TD>24.9842</TD>
    <TD>0.2896</TD>
    <TD>0.42</TD>
  </TR>
  <TR>
    <TD>686.0</TD>
    <TD>241.4125</TD>
    <TD>55.04581</TD>
    <TD>736.674</TD>
    <TD>165.645</TD>
    <TD>25.941</TD>
    <TD>0.3692</TD>
    <TD>25.1101</TD>
    <TD>0.5115</TD>
    <TD>25.1101</TD>
    <TD>0.5115</TD>
    <TD>0.35</TD>
  </TR>
  <TR>
    <TD>687.0</TD>
    <TD>241.4128</TD>
    <TD>55.06041</TD>
    <TD>575.356</TD>
    <TD>165.677</TD>
    <TD>25.8443</TD>
    <TD>0.3388</TD>
    <TD>25.5037</TD>
    <TD>0.3462</TD>
    <TD>25.5037</TD>
    <TD>0.3462</TD>
    <TD>0.41</TD>
  </TR>
  <TR>
    <TD>688.0</TD>
    <TD>241.4132</TD>
    <TD>55.10962</TD>
    <TD>29.698</TD>
    <TD>168.872</TD>
    <TD>24.1257</TD>
    <TD>0.1231</TD>
    <TD>24.6104</TD>
    <TD>0.282</TD>
    <TD>23.9615</TD>
    <TD>0.1278</TD>
    <TD>0.65</TD>
  </TR>
  <TR>
    <TD>689.0</TD>
    <TD>241.4131</TD>
    <TD>55.11182</TD>
    <TD>5.329</TD>
    <TD>169.717</TD>
    <TD>24.3384</TD>
    <TD>0.1406</TD>
    <TD>99.0</TD>
    <TD>99.0</TD>
    <TD>24.1509</TD>
    <TD>0.1461</TD>
    <TD>0.55</TD>
  </TR>
  <TR>
    <TD>690.0</TD>
    <TD>241.412</TD>
    <TD>55.02489</TD>
    <TD>967.322</TD>
    <TD>166.29</TD>
    <TD>26.012</TD>
    <TD>0.3934</TD>
    <TD>25.0763</TD>
    <TD>0.4101</TD>
    <TD>25.0763</TD>
    <TD>0.4101</TD>
    <TD>0.45</TD>
  </TR>
  <TR>
    <TD>691.0</TD>
    <TD>241.4128</TD>
    <TD>55.08912</TD>
    <TD>257.49</TD>
    <TD>168.999</TD>
    <TD>25.3616</TD>
    <TD>0.2523</TD>
    <TD>25.2811</TD>
    <TD>0.395</TD>
    <TD>25.2811</TD>
    <TD>0.395</TD>
    <TD>0.41</TD>
  </TR>
  <TR>
    <TD>692.0</TD>
    <TD>241.4121</TD>
    <TD>55.08048</TD>
    <TD>353.47</TD>
    <TD>172.293</TD>
    <TD>24.4382</TD>
    <TD>0.185</TD>
    <TD>24.1363</TD>
    <TD>0.2656</TD>
    <TD>24.1363</TD>
    <TD>0.2656</TD>
    <TD>0.46</TD>
  </TR>
  <TR>
    <TD>693.0</TD>
    <TD>241.4133</TD>
    <TD>55.10075</TD>
    <TD>128.306</TD>
    <TD>167.304</TD>
    <TD>25.849</TD>
    <TD>0.3402</TD>
    <TD>25.0883</TD>
    <TD>0.3813</TD>
    <TD>25.0883</TD>
    <TD>0.3813</TD>
    <TD>0.37</TD>
  </TR>
  <TR>
    <TD>694.0</TD>
    <TD>241.4123</TD>
    <TD>55.10226</TD>
    <TD>111.804</TD>
    <TD>173.725</TD>
    <TD>24.2571</TD>
    <TD>0.1854</TD>
    <TD>23.1418</TD>
    <TD>0.2245</TD>
    <TD>23.5345</TD>
    <TD>0.1683</TD>
    <TD>0.47</TD>
  </TR>
  <TR>
    <TD>695.0</TD>
    <TD>241.4107</TD>
    <TD>54.98558</TD>
    <TD>1399.537</TD>
    <TD>168.507</TD>
    <TD>25.7709</TD>
    <TD>0.3631</TD>
    <TD>24.8236</TD>
    <TD>0.4205</TD>
    <TD>24.8236</TD>
    <TD>0.4205</TD>
    <TD>0.36</TD>
  </TR>
  <TR>
    <TD>696.0</TD>
    <TD>241.4114</TD>
    <TD>55.01554</TD>
    <TD>1070.329</TD>
    <TD>168.351</TD>
    <TD>26.1037</TD>
    <TD>0.427</TD>
    <TD>25.0288</TD>
    <TD>0.3144</TD>
    <TD>25.0288</TD>
    <TD>0.3144</TD>
    <TD>0.36</TD>
  </TR>
  <TR>
    <TD>697.0</TD>
    <TD>241.412</TD>
    <TD>55.11081</TD>
    <TD>16.71</TD>
    <TD>176.319</TD>
    <TD>23.876</TD>
    <TD>0.0891</TD>
    <TD>24.3152</TD>
    <TD>0.2348</TD>
    <TD>23.799</TD>
    <TD>0.0915</TD>
    <TD>0.66</TD>
  </TR>
  <TR>
    <TD>698.0</TD>
    <TD>241.4117</TD>
    <TD>55.10254</TD>
    <TD>108.713</TD>
    <TD>177.367</TD>
    <TD>23.8745</TD>
    <TD>0.1244</TD>
    <TD>23.5333</TD>
    <TD>0.2617</TD>
    <TD>23.6067</TD>
    <TD>0.129</TD>
    <TD>0.52</TD>
  </TR>
  <TR>
    <TD>699.0</TD>
    <TD>241.4109</TD>
    <TD>55.00843</TD>
    <TD>1148.651</TD>
    <TD>170.707</TD>
    <TD>25.965</TD>
    <TD>0.3772</TD>
    <TD>25.4542</TD>
    <TD>0.3311</TD>
    <TD>25.4542</TD>
    <TD>0.3311</TD>
    <TD>0.35</TD>
  </TR>
  <TR>
    <TD>700.0</TD>
    <TD>241.4123</TD>
    <TD>55.05304</TD>
    <TD>656.948</TD>
    <TD>168.0</TD>
    <TD>25.9316</TD>
    <TD>0.3661</TD>
    <TD>24.8499</TD>
    <TD>0.5094</TD>
    <TD>24.8499</TD>
    <TD>0.5094</TD>
    <TD>0.42</TD>
  </TR>
  <TR>
    <TD>701.0</TD>
    <TD>241.4086</TD>
    <TD>54.95107</TD>
    <TD>1777.753</TD>
    <TD>176.178</TD>
    <TD>24.6974</TD>
    <TD>0.2239</TD>
    <TD>24.2428</TD>
    <TD>0.2402</TD>
    <TD>24.2428</TD>
    <TD>0.2402</TD>
    <TD>0.49</TD>
  </TR>
  <TR>
    <TD>702.0</TD>
    <TD>241.4098</TD>
    <TD>54.96544</TD>
    <TD>1620.321</TD>
    <TD>171.347</TD>
    <TD>25.8651</TD>
    <TD>0.3451</TD>
    <TD>24.5964</TD>
    <TD>0.3906</TD>
    <TD>24.5964</TD>
    <TD>0.3906</TD>
    <TD>0.39</TD>
  </TR>
  <TR>
    <TD>703.0</TD>
    <TD>241.4111</TD>
    <TD>55.02451</TD>
    <TD>971.672</TD>
    <TD>171.651</TD>
    <TD>26.1913</TD>
    <TD>0.4619</TD>
    <TD>24.6269</TD>
    <TD>0.3405</TD>
    <TD>24.6269</TD>
    <TD>0.3405</TD>
    <TD>0.37</TD>
  </TR>
  <TR>
    <TD>704.0</TD>
    <TD>241.4009</TD>
    <TD>54.94373</TD>
    <TD>1859.402</TD>
    <TD>223.562</TD>
    <TD>19.0039</TD>
    <TD>0.0068</TD>
    <TD>19.0161</TD>
    <TD>0.0069</TD>
    <TD>19.0161</TD>
    <TD>0.0069</TD>
    <TD>0.49</TD>
  </TR>
  <TR>
    <TD>705.0</TD>
    <TD>241.4104</TD>
    <TD>55.08736</TD>
    <TD>277.545</TD>
    <TD>184.0</TD>
    <TD>24.5733</TD>
    <TD>0.1825</TD>
    <TD>24.1452</TD>
    <TD>0.3372</TD>
    <TD>24.1452</TD>
    <TD>0.3372</TD>
    <TD>0.35</TD>
  </TR>
  <TR>
    <TD>706.0</TD>
    <TD>241.4115</TD>
    <TD>55.04746</TD>
    <TD>718.646</TD>
    <TD>172.309</TD>
    <TD>25.7557</TD>
    <TD>0.3131</TD>
    <TD>25.5824</TD>
    <TD>0.3716</TD>
    <TD>25.5824</TD>
    <TD>0.3716</TD>
    <TD>0.41</TD>
  </TR>
  <TR>
    <TD>707.0</TD>
    <TD>241.4065</TD>
    <TD>55.00526</TD>
    <TD>1184.282</TD>
    <TD>198.043</TD>
    <TD>22.8071</TD>
    <TD>0.0918</TD>
    <TD>22.1009</TD>
    <TD>0.1488</TD>
    <TD>22.1009</TD>
    <TD>0.1488</TD>
    <TD>0.0</TD>
  </TR>
  <TR>
    <TD>708.0</TD>
    <TD>241.4111</TD>
    <TD>55.103</TD>
    <TD>103.819</TD>
    <TD>181.337</TD>
    <TD>24.694</TD>
    <TD>0.2134</TD>
    <TD>24.4206</TD>
    <TD>0.3085</TD>
    <TD>24.4206</TD>
    <TD>0.3085</TD>
    <TD>0.49</TD>
  </TR>
  <TR>
    <TD>709.0</TD>
    <TD>241.4119</TD>
    <TD>55.09936</TD>
    <TD>144.0</TD>
    <TD>175.978</TD>
    <TD>24.4992</TD>
    <TD>0.1875</TD>
    <TD>24.4079</TD>
    <TD>0.619</TD>
    <TD>24.4079</TD>
    <TD>0.619</TD>
    <TD>0.47</TD>
  </TR>
  <TR>
    <TD>710.0</TD>
    <TD>241.4095</TD>
    <TD>54.96517</TD>
    <TD>1623.334</TD>
    <TD>173.314</TD>
    <TD>26.2089</TD>
    <TD>0.4692</TD>
    <TD>24.5321</TD>
    <TD>0.3595</TD>
    <TD>24.5321</TD>
    <TD>0.3595</TD>
    <TD>0.35</TD>
  </TR>
  <TR>
    <TD>711.0</TD>
    <TD>241.4122</TD>
    <TD>55.09643</TD>
    <TD>176.503</TD>
    <TD>173.589</TD>
    <TD>25.1846</TD>
    <TD>0.2159</TD>
    <TD>25.4763</TD>
    <TD>0.4717</TD>
    <TD>25.4763</TD>
    <TD>0.4717</TD>
    <TD>0.46</TD>
  </TR>
  <TR>
    <TD>712.0</TD>
    <TD>241.4098</TD>
    <TD>55.032</TD>
    <TD>889.447</TD>
    <TD>180.622</TD>
    <TD>23.4393</TD>
    <TD>0.1051</TD>
    <TD>23.3318</TD>
    <TD>0.1448</TD>
    <TD>23.3318</TD>
    <TD>0.1448</TD>
    <TD>0.67</TD>
  </TR>
  <TR>
    <TD>713.0</TD>
    <TD>241.4108</TD>
    <TD>55.11172</TD>
    <TD>6.936</TD>
    <TD>183.732</TD>
    <TD>23.5703</TD>
    <TD>0.0864</TD>
    <TD>25.597</TD>
    <TD>0.8921</TD>
    <TD>23.4561</TD>
    <TD>0.0892</TD>
    <TD>0.73</TD>
  </TR>
  <TR>
    <TD>714.0</TD>
    <TD>241.4115</TD>
    <TD>55.11138</TD>
    <TD>10.505</TD>
    <TD>179.622</TD>
    <TD>23.6199</TD>
    <TD>0.0902</TD>
    <TD>99.0</TD>
    <TD>99.0</TD>
    <TD>23.4971</TD>
    <TD>0.0932</TD>
    <TD>0.67</TD>
  </TR>
  <TR>
    <TD>715.0</TD>
    <TD>241.4111</TD>
    <TD>55.11023</TD>
    <TD>23.405</TD>
    <TD>182.156</TD>
    <TD>23.7184</TD>
    <TD>0.1017</TD>
    <TD>24.4523</TD>
    <TD>0.2952</TD>
    <TD>24.4523</TD>
    <TD>0.2952</TD>
    <TD>0.67</TD>
  </TR>
  <TR>
    <TD>716.0</TD>
    <TD>241.4098</TD>
    <TD>55.00605</TD>
    <TD>1174.979</TD>
    <TD>177.016</TD>
    <TD>22.873</TD>
    <TD>0.0481</TD>
    <TD>23.0062</TD>
    <TD>0.0678</TD>
    <TD>23.0062</TD>
    <TD>0.0678</TD>
    <TD>0.96</TD>
  </TR>
  <TR>
    <TD>717.0</TD>
    <TD>241.4118</TD>
    <TD>55.08073</TD>
    <TD>350.684</TD>
    <TD>174.273</TD>
    <TD>25.4452</TD>
    <TD>0.2382</TD>
    <TD>25.1655</TD>
    <TD>0.275</TD>
    <TD>25.1655</TD>
    <TD>0.275</TD>
    <TD>0.37</TD>
  </TR>
  <TR>
    <TD>718.0</TD>
    <TD>241.4121</TD>
    <TD>55.09867</TD>
    <TD>151.682</TD>
    <TD>174.686</TD>
    <TD>25.5851</TD>
    <TD>0.2693</TD>
    <TD>25.2214</TD>
    <TD>0.2689</TD>
    <TD>25.2214</TD>
    <TD>0.2689</TD>
    <TD>0.41</TD>
  </TR>
  <TR>
    <TD>719.0</TD>
    <TD>241.4113</TD>
    <TD>55.06505</TD>
    <TD>524.344</TD>
    <TD>175.291</TD>
    <TD>25.8261</TD>
    <TD>0.3333</TD>
    <TD>25.4026</TD>
    <TD>0.3162</TD>
    <TD>25.4026</TD>
    <TD>0.3162</TD>
    <TD>0.36</TD>
  </TR>
  <TR>
    <TD>720.0</TD>
    <TD>241.4109</TD>
    <TD>55.04457</TD>
    <TD>750.647</TD>
    <TD>175.712</TD>
    <TD>25.61</TD>
    <TD>0.2753</TD>
    <TD>25.48</TD>
    <TD>0.4732</TD>
    <TD>25.48</TD>
    <TD>0.4732</TD>
    <TD>0.36</TD>
  </TR>
  <TR>
    <TD>721.0</TD>
    <TD>241.4101</TD>
    <TD>55.10318</TD>
    <TD>101.967</TD>
    <TD>187.506</TD>
    <TD>23.8196</TD>
    <TD>0.1289</TD>
    <TD>24.1487</TD>
    <TD>0.2343</TD>
    <TD>24.1487</TD>
    <TD>0.2343</TD>
    <TD>0.5</TD>
  </TR>
  <TR>
    <TD>722.0</TD>
    <TD>241.4092</TD>
    <TD>55.00406</TD>
    <TD>1196.97</TD>
    <TD>180.983</TD>
    <TD>24.6633</TD>
    <TD>0.2262</TD>
    <TD>23.6718</TD>
    <TD>0.3088</TD>
    <TD>23.6718</TD>
    <TD>0.3088</TD>
    <TD>0.41</TD>
  </TR>
  <TR>
    <TD>723.0</TD>
    <TD>241.4106</TD>
    <TD>55.10177</TD>
    <TD>117.588</TD>
    <TD>184.028</TD>
    <TD>24.9175</TD>
    <TD>0.1889</TD>
    <TD>25.0631</TD>
    <TD>0.4052</TD>
    <TD>25.0631</TD>
    <TD>0.4052</TD>
    <TD>0.49</TD>
  </TR>
  <TR>
    <TD>724.0</TD>
    <TD>241.4113</TD>
    <TD>55.09289</TD>
    <TD>216.042</TD>
    <TD>178.715</TD>
    <TD>25.412</TD>
    <TD>0.2638</TD>
    <TD>24.7404</TD>
    <TD>0.2519</TD>
    <TD>24.7404</TD>
    <TD>0.2519</TD>
    <TD>0.35</TD>
  </TR>
  <TR>
    <TD>725.0</TD>
    <TD>241.4115</TD>
    <TD>55.07933</TD>
    <TD>366.257</TD>
    <TD>176.302</TD>
    <TD>25.4841</TD>
    <TD>0.2465</TD>
    <TD>25.0237</TD>
    <TD>0.258</TD>
    <TD>25.0237</TD>
    <TD>0.258</TD>
    <TD>0.38</TD>
  </TR>
  <TR>
    <TD>726.0</TD>
    <TD>241.4117</TD>
    <TD>55.07104</TD>
    <TD>458.034</TD>
    <TD>174.0</TD>
    <TD>25.4058</TD>
    <TD>0.2301</TD>
    <TD>24.8544</TD>
    <TD>0.3679</TD>
    <TD>24.8544</TD>
    <TD>0.3679</TD>
    <TD>0.37</TD>
  </TR>
  <TR>
    <TD>727.0</TD>
    <TD>241.4057</TD>
    <TD>54.95112</TD>
    <TD>1777.808</TD>
    <TD>194.95</TD>
    <TD>22.4289</TD>
    <TD>0.0671</TD>
    <TD>22.3006</TD>
    <TD>0.0951</TD>
    <TD>22.3006</TD>
    <TD>0.0951</TD>
    <TD>0.0</TD>
  </TR>
  <TR>
    <TD>728.0</TD>
    <TD>241.4112</TD>
    <TD>55.05319</TD>
    <TD>655.442</TD>
    <TD>175.0</TD>
    <TD>26.0166</TD>
    <TD>0.4526</TD>
    <TD>24.5837</TD>
    <TD>0.2815</TD>
    <TD>24.5837</TD>
    <TD>0.2815</TD>
    <TD>0.36</TD>
  </TR>
  <TR>
    <TD>729.0</TD>
    <TD>241.4108</TD>
    <TD>55.11084</TD>
    <TD>16.66</TD>
    <TD>183.639</TD>
    <TD>23.7982</TD>
    <TD>0.1012</TD>
    <TD>99.0</TD>
    <TD>99.0</TD>
    <TD>23.6592</TD>
    <TD>0.1049</TD>
    <TD>0.52</TD>
  </TR>
  <TR>
    <TD>730.0</TD>
    <TD>241.4098</TD>
    <TD>55.03657</TD>
    <TD>839.144</TD>
    <TD>181.141</TD>
    <TD>24.4376</TD>
    <TD>0.1849</TD>
    <TD>24.0982</TD>
    <TD>0.2362</TD>
    <TD>24.0982</TD>
    <TD>0.2362</TD>
    <TD>0.43</TD>
  </TR>
  <TR>
    <TD>731.0</TD>
    <TD>241.41</TD>
    <TD>55.04474</TD>
    <TD>749.0</TD>
    <TD>181.04</TD>
    <TD>25.7634</TD>
    <TD>0.3153</TD>
    <TD>24.8522</TD>
    <TD>0.4112</TD>
    <TD>24.8522</TD>
    <TD>0.4112</TD>
    <TD>0.39</TD>
  </TR>
  <TR>
    <TD>732.0</TD>
    <TD>241.411</TD>
    <TD>55.09535</TD>
    <TD>188.762</TD>
    <TD>181.02</TD>
    <TD>24.8876</TD>
    <TD>0.184</TD>
    <TD>25.0757</TD>
    <TD>0.4779</TD>
    <TD>25.0757</TD>
    <TD>0.4779</TD>
    <TD>0.47</TD>
  </TR>
  <TR>
    <TD>733.0</TD>
    <TD>241.4088</TD>
    <TD>54.9703</TD>
    <TD>1567.353</TD>
    <TD>178.302</TD>
    <TD>25.8232</TD>
    <TD>0.3325</TD>
    <TD>25.0185</TD>
    <TD>0.4621</TD>
    <TD>25.0185</TD>
    <TD>0.4621</TD>
    <TD>0.39</TD>
  </TR>
  <TR>
    <TD>734.0</TD>
    <TD>241.4082</TD>
    <TD>55.05974</TD>
    <TD>583.762</TD>
    <TD>194.305</TD>
    <TD>23.8203</TD>
    <TD>0.1354</TD>
    <TD>23.6767</TD>
    <TD>0.2107</TD>
    <TD>23.6767</TD>
    <TD>0.2107</TD>
    <TD>0.67</TD>
  </TR>
  <TR>
    <TD>735.0</TD>
    <TD>241.411</TD>
    <TD>55.10088</TD>
    <TD>127.387</TD>
    <TD>181.772</TD>
    <TD>25.3576</TD>
    <TD>0.2788</TD>
    <TD>24.9534</TD>
    <TD>0.4433</TD>
    <TD>24.9534</TD>
    <TD>0.4433</TD>
    <TD>0.36</TD>
  </TR>
  <TR>
    <TD>736.0</TD>
    <TD>241.4111</TD>
    <TD>55.08519</TD>
    <TD>301.463</TD>
    <TD>179.422</TD>
    <TD>24.938</TD>
    <TD>0.2245</TD>
    <TD>24.3311</TD>
    <TD>0.2382</TD>
    <TD>24.3311</TD>
    <TD>0.2382</TD>
    <TD>0.36</TD>
  </TR>
  <TR>
    <TD>737.0</TD>
    <TD>241.409</TD>
    <TD>55.11208</TD>
    <TD>3.279</TD>
    <TD>195.17</TD>
    <TD>23.2482</TD>
    <TD>0.0854</TD>
    <TD>23.8828</TD>
    <TD>0.2635</TD>
    <TD>23.0583</TD>
    <TD>0.0887</TD>
    <TD>0.68</TD>
  </TR>
  <TR>
    <TD>738.0</TD>
    <TD>241.4084</TD>
    <TD>55.00403</TD>
    <TD>1197.429</TD>
    <TD>185.756</TD>
    <TD>25.1946</TD>
    <TD>0.2823</TD>
    <TD>24.5234</TD>
    <TD>0.499</TD>
    <TD>24.5125</TD>
    <TD>0.261</TD>
    <TD>0.35</TD>
  </TR>
  <TR>
    <TD>739.0</TD>
    <TD>241.4082</TD>
    <TD>54.96108</TD>
    <TD>1668.346</TD>
    <TD>180.306</TD>
    <TD>25.7327</TD>
    <TD>0.3068</TD>
    <TD>25.205</TD>
    <TD>0.5064</TD>
    <TD>25.205</TD>
    <TD>0.5064</TD>
    <TD>0.36</TD>
  </TR>
  <TR>
    <TD>740.0</TD>
    <TD>241.4107</TD>
    <TD>55.071</TD>
    <TD>458.684</TD>
    <TD>180.308</TD>
    <TD>25.7326</TD>
    <TD>0.3068</TD>
    <TD>24.9115</TD>
    <TD>0.5148</TD>
    <TD>24.9115</TD>
    <TD>0.5148</TD>
    <TD>0.42</TD>
  </TR>
  <TR>
    <TD>741.0</TD>
    <TD>241.4107</TD>
    <TD>55.07465</TD>
    <TD>418.296</TD>
    <TD>180.306</TD>
    <TD>25.7468</TD>
    <TD>0.3107</TD>
    <TD>25.302</TD>
    <TD>0.2889</TD>
    <TD>25.302</TD>
    <TD>0.2889</TD>
    <TD>0.36</TD>
  </TR>
  <TR>
    <TD>742.0</TD>
    <TD>241.4055</TD>
    <TD>55.06107</TD>
    <TD>569.603</TD>
    <TD>211.56</TD>
    <TD>21.32</TD>
    <TD>0.0345</TD>
    <TD>21.2041</TD>
    <TD>0.0451</TD>
    <TD>21.2041</TD>
    <TD>0.0451</TD>
    <TD>0.02</TD>
  </TR>
  <TR>
    <TD>743.0</TD>
    <TD>241.41</TD>
    <TD>55.11225</TD>
    <TD>1.163</TD>
    <TD>189.106</TD>
    <TD>24.1401</TD>
    <TD>0.1116</TD>
    <TD>24.5149</TD>
    <TD>0.2337</TD>
    <TD>24.0284</TD>
    <TD>0.1152</TD>
    <TD>0.55</TD>
  </TR>
  <TR>
    <TD>744.0</TD>
    <TD>241.4103</TD>
    <TD>55.11091</TD>
    <TD>16.0</TD>
    <TD>187.025</TD>
    <TD>24.5767</TD>
    <TD>0.1631</TD>
    <TD>99.0</TD>
    <TD>99.0</TD>
    <TD>24.359</TD>
    <TD>0.1695</TD>
    <TD>0.62</TD>
  </TR>
  <TR>
    <TD>745.0</TD>
    <TD>241.4102</TD>
    <TD>55.05628</TD>
    <TD>621.504</TD>
    <TD>181.433</TD>
    <TD>25.4971</TD>
    <TD>0.2845</TD>
    <TD>25.2189</TD>
    <TD>0.3734</TD>
    <TD>25.2189</TD>
    <TD>0.3734</TD>
    <TD>0.44</TD>
  </TR>
  <TR>
    <TD>746.0</TD>
    <TD>241.4104</TD>
    <TD>55.06878</TD>
    <TD>483.293</TD>
    <TD>181.696</TD>
    <TD>26.1231</TD>
    <TD>0.4345</TD>
    <TD>25.18</TD>
    <TD>0.2786</TD>
    <TD>25.18</TD>
    <TD>0.2786</TD>
    <TD>0.35</TD>
  </TR>
  <TR>
    <TD>747.0</TD>
    <TD>241.4108</TD>
    <TD>55.08575</TD>
    <TD>295.323</TD>
    <TD>181.344</TD>
    <TD>25.7494</TD>
    <TD>0.3114</TD>
    <TD>25.6443</TD>
    <TD>0.3929</TD>
    <TD>25.6443</TD>
    <TD>0.3929</TD>
    <TD>0.41</TD>
  </TR>
  <TR>
    <TD>748.0</TD>
    <TD>241.4109</TD>
    <TD>55.09734</TD>
    <TD>166.665</TD>
    <TD>181.669</TD>
    <TD>25.418</TD>
    <TD>0.2326</TD>
    <TD>24.8585</TD>
    <TD>0.3277</TD>
    <TD>24.8585</TD>
    <TD>0.3277</TD>
    <TD>0.47</TD>
  </TR>
  <TR>
    <TD>749.0</TD>
    <TD>241.4102</TD>
    <TD>55.11062</TD>
    <TD>19.3</TD>
    <TD>187.637</TD>
    <TD>23.7403</TD>
    <TD>0.0924</TD>
    <TD>24.6472</TD>
    <TD>0.2633</TD>
    <TD>23.6307</TD>
    <TD>0.0953</TD>
    <TD>0.57</TD>
  </TR>
  <TR>
    <TD>750.0</TD>
    <TD>241.4097</TD>
    <TD>55.06154</TD>
    <TD>563.493</TD>
    <TD>184.994</TD>
    <TD>24.7446</TD>
    <TD>0.2012</TD>
    <TD>25.0165</TD>
    <TD>0.4528</TD>
    <TD>25.0165</TD>
    <TD>0.4528</TD>
    <TD>0.43</TD>
  </TR>
  <TR>
    <TD>751.0</TD>
    <TD>241.3524</TD>
    <TD>54.99806</TD>
    <TD>1273.143</TD>
    <TD>537.227</TD>
    <TD>15.4572</TD>
    <TD>0.0013</TD>
    <TD>15.4735</TD>
    <TD>0.0013</TD>
    <TD>15.4338</TD>
    <TD>0.0013</TD>
    <TD>0.03</TD>
  </TR>
  <TR>
    <TD>752.0</TD>
    <TD>241.4041</TD>
    <TD>54.99928</TD>
    <TD>1250.404</TD>
    <TD>212.291</TD>
    <TD>20.9508</TD>
    <TD>0.0233</TD>
    <TD>20.8483</TD>
    <TD>0.0305</TD>
    <TD>20.8483</TD>
    <TD>0.0305</TD>
    <TD>0.04</TD>
  </TR>
  <TR>
    <TD>753.0</TD>
    <TD>241.4077</TD>
    <TD>55.00773</TD>
    <TD>1156.952</TD>
    <TD>191.038</TD>
    <TD>23.803</TD>
    <TD>0.1424</TD>
    <TD>23.2316</TD>
    <TD>0.2449</TD>
    <TD>23.2316</TD>
    <TD>0.2449</TD>
    <TD>0.6</TD>
  </TR>
  <TR>
    <TD>754.0</TD>
    <TD>241.4096</TD>
    <TD>55.10345</TD>
    <TD>99.079</TD>
    <TD>190.544</TD>
    <TD>24.4629</TD>
    <TD>0.1816</TD>
    <TD>23.9141</TD>
    <TD>0.1948</TD>
    <TD>24.0439</TD>
    <TD>0.1839</TD>
    <TD>0.48</TD>
  </TR>
  <TR>
    <TD>755.0</TD>
    <TD>241.4087</TD>
    <TD>55.02451</TD>
    <TD>972.194</TD>
    <TD>186.781</TD>
    <TD>25.3992</TD>
    <TD>0.2893</TD>
    <TD>24.1611</TD>
    <TD>0.3536</TD>
    <TD>24.1611</TD>
    <TD>0.3536</TD>
    <TD>0.45</TD>
  </TR>
  <TR>
    <TD>756.0</TD>
    <TD>241.4096</TD>
    <TD>55.07158</TD>
    <TD>452.542</TD>
    <TD>187.3</TD>
    <TD>24.1645</TD>
    <TD>0.1609</TD>
    <TD>23.5518</TD>
    <TD>0.2612</TD>
    <TD>23.5518</TD>
    <TD>0.2612</TD>
    <TD>0.37</TD>
  </TR>
  <TR>
    <TD>757.0</TD>
    <TD>241.4085</TD>
    <TD>55.07475</TD>
    <TD>417.632</TD>
    <TD>194.238</TD>
    <TD>24.671</TD>
    <TD>0.199</TD>
    <TD>24.1256</TD>
    <TD>0.2796</TD>
    <TD>24.1256</TD>
    <TD>0.2796</TD>
    <TD>0.48</TD>
  </TR>
  <TR>
    <TD>758.0</TD>
    <TD>241.4098</TD>
    <TD>55.09321</TD>
    <TD>212.811</TD>
    <TD>188.611</TD>
    <TD>24.2946</TD>
    <TD>0.169</TD>
    <TD>24.1994</TD>
    <TD>0.3889</TD>
    <TD>24.1994</TD>
    <TD>0.3889</TD>
    <TD>0.47</TD>
  </TR>
  <TR>
    <TD>759.0</TD>
    <TD>241.4045</TD>
    <TD>55.01222</TD>
    <TD>1108.198</TD>
    <TD>211.588</TD>
    <TD>21.9913</TD>
    <TD>0.0537</TD>
    <TD>21.723</TD>
    <TD>0.0866</TD>
    <TD>21.723</TD>
    <TD>0.0866</TD>
    <TD>0.0</TD>
  </TR>
  <TR>
    <TD>760.0</TD>
    <TD>241.4092</TD>
    <TD>55.11161</TD>
    <TD>8.497</TD>
    <TD>194.041</TD>
    <TD>23.0848</TD>
    <TD>0.0679</TD>
    <TD>99.0</TD>
    <TD>99.0</TD>
    <TD>22.9779</TD>
    <TD>0.07</TD>
    <TD>0.81</TD>
  </TR>
  <TR>
    <TD>761.0</TD>
    <TD>241.4093</TD>
    <TD>55.05414</TD>
    <TD>645.333</TD>
    <TD>186.65</TD>
    <TD>26.1561</TD>
    <TD>0.4475</TD>
    <TD>25.5312</TD>
    <TD>0.8633</TD>
    <TD>25.5312</TD>
    <TD>0.8633</TD>
    <TD>0.4</TD>
  </TR>
  <TR>
    <TD>762.0</TD>
    <TD>241.4099</TD>
    <TD>55.0818</TD>
    <TD>339.308</TD>
    <TD>186.348</TD>
    <TD>25.9724</TD>
    <TD>0.3797</TD>
    <TD>25.3898</TD>
    <TD>0.3126</TD>
    <TD>25.3898</TD>
    <TD>0.3126</TD>
    <TD>0.42</TD>
  </TR>
  <TR>
    <TD>763.0</TD>
    <TD>241.4098</TD>
    <TD>55.09861</TD>
    <TD>152.845</TD>
    <TD>189.013</TD>
    <TD>24.8719</TD>
    <TD>0.2253</TD>
    <TD>24.3746</TD>
    <TD>0.243</TD>
    <TD>24.3746</TD>
    <TD>0.243</TD>
    <TD>0.48</TD>
  </TR>
  <TR>
    <TD>764.0</TD>
    <TD>241.4098</TD>
    <TD>55.0996</TD>
    <TD>141.827</TD>
    <TD>189.026</TD>
    <TD>23.9385</TD>
    <TD>0.1356</TD>
    <TD>24.1638</TD>
    <TD>0.454</TD>
    <TD>24.1638</TD>
    <TD>0.454</TD>
    <TD>0.38</TD>
  </TR>
  <TR>
    <TD>765.0</TD>
    <TD>241.4097</TD>
    <TD>55.08096</TD>
    <TD>348.633</TD>
    <TD>187.283</TD>
    <TD>25.526</TD>
    <TD>0.2557</TD>
    <TD>25.2363</TD>
    <TD>0.2725</TD>
    <TD>25.2363</TD>
    <TD>0.2725</TD>
    <TD>0.37</TD>
  </TR>
  <TR>
    <TD>766.0</TD>
    <TD>241.4072</TD>
    <TD>55.09885</TD>
    <TD>150.711</TD>
    <TD>205.381</TD>
    <TD>22.814</TD>
    <TD>0.0864</TD>
    <TD>22.6988</TD>
    <TD>0.1603</TD>
    <TD>22.6988</TD>
    <TD>0.1603</TD>
    <TD>0.67</TD>
  </TR>
  <TR>
    <TD>767.0</TD>
    <TD>241.4094</TD>
    <TD>55.0955</TD>
    <TD>187.444</TD>
    <TD>191.198</TD>
    <TD>24.6303</TD>
    <TD>0.1919</TD>
    <TD>24.8316</TD>
    <TD>0.3753</TD>
    <TD>24.8316</TD>
    <TD>0.3753</TD>
    <TD>0.43</TD>
  </TR>
  <TR>
    <TD>768.0</TD>
    <TD>241.41</TD>
    <TD>55.10672</TD>
    <TD>62.674</TD>
    <TD>188.269</TD>
    <TD>25.2208</TD>
    <TD>0.1959</TD>
    <TD>25.0811</TD>
    <TD>0.255</TD>
    <TD>25.0811</TD>
    <TD>0.255</TD>
    <TD>0.43</TD>
  </TR>
  <TR>
    <TD>769.0</TD>
    <TD>241.4041</TD>
    <TD>55.01611</TD>
    <TD>1065.483</TD>
    <TD>214.693</TD>
    <TD>21.8602</TD>
    <TD>0.0451</TD>
    <TD>21.8118</TD>
    <TD>0.0624</TD>
    <TD>21.8118</TD>
    <TD>0.0624</TD>
    <TD>0.17</TD>
  </TR>
  <TR>
    <TD>770.0</TD>
    <TD>241.408</TD>
    <TD>55.09923</TD>
    <TD>146.334</TD>
    <TD>200.116</TD>
    <TD>24.1716</TD>
    <TD>0.1515</TD>
    <TD>24.2274</TD>
    <TD>0.2588</TD>
    <TD>24.2274</TD>
    <TD>0.2588</TD>
    <TD>0.64</TD>
  </TR>
  <TR>
    <TD>771.0</TD>
    <TD>241.4064</TD>
    <TD>54.96455</TD>
    <TD>1630.637</TD>
    <TD>192.282</TD>
    <TD>24.5457</TD>
    <TD>0.2036</TD>
    <TD>23.8954</TD>
    <TD>0.272</TD>
    <TD>23.8954</TD>
    <TD>0.272</TD>
    <TD>0.47</TD>
  </TR>
  <TR>
    <TD>772.0</TD>
    <TD>241.4067</TD>
    <TD>54.95972</TD>
    <TD>1683.439</TD>
    <TD>189.51</TD>
    <TD>25.641</TD>
    <TD>0.3233</TD>
    <TD>24.8562</TD>
    <TD>0.4332</TD>
    <TD>24.8562</TD>
    <TD>0.4332</TD>
    <TD>0.38</TD>
  </TR>
  <TR>
    <TD>773.0</TD>
    <TD>241.4087</TD>
    <TD>55.04583</TD>
    <TD>737.191</TD>
    <TD>189.396</TD>
    <TD>24.765</TD>
    <TD>0.2164</TD>
    <TD>24.5557</TD>
    <TD>0.4059</TD>
    <TD>24.5557</TD>
    <TD>0.4059</TD>
    <TD>0.38</TD>
  </TR>
  <TR>
    <TD>774.0</TD>
    <TD>241.4049</TD>
    <TD>54.93905</TD>
    <TD>1909.801</TD>
    <TD>198.017</TD>
    <TD>24.1449</TD>
    <TD>0.1677</TD>
    <TD>23.5487</TD>
    <TD>0.2287</TD>
    <TD>23.5487</TD>
    <TD>0.2287</TD>
    <TD>0.24</TD>
  </TR>
  <TR>
    <TD>775.0</TD>
    <TD>241.4087</TD>
    <TD>55.07596</TD>
    <TD>404.16</TD>
    <TD>193.051</TD>
    <TD>24.7622</TD>
    <TD>0.2043</TD>
    <TD>24.2324</TD>
    <TD>0.277</TD>
    <TD>24.2324</TD>
    <TD>0.277</TD>
    <TD>0.39</TD>
  </TR>
  <TR>
    <TD>776.0</TD>
    <TD>241.4081</TD>
    <TD>55.02457</TD>
    <TD>971.657</TD>
    <TD>190.666</TD>
    <TD>26.0782</TD>
    <TD>0.4174</TD>
    <TD>24.5938</TD>
    <TD>0.3139</TD>
    <TD>24.5938</TD>
    <TD>0.3139</TD>
    <TD>0.36</TD>
  </TR>
  <TR>
    <TD>777.0</TD>
    <TD>241.4097</TD>
    <TD>55.1108</TD>
    <TD>17.4</TD>
    <TD>190.546</TD>
    <TD>24.229</TD>
    <TD>0.1205</TD>
    <TD>24.3411</TD>
    <TD>0.2054</TD>
    <TD>24.3411</TD>
    <TD>0.2054</TD>
    <TD>0.68</TD>
  </TR>
  <TR>
    <TD>778.0</TD>
    <TD>241.4059</TD>
    <TD>54.98604</TD>
    <TD>1395.314</TD>
    <TD>199.059</TD>
    <TD>25.0012</TD>
    <TD>0.2528</TD>
    <TD>23.5756</TD>
    <TD>0.276</TD>
    <TD>23.5756</TD>
    <TD>0.276</TD>
    <TD>0.06</TD>
  </TR>
  <TR>
    <TD>779.0</TD>
    <TD>241.4093</TD>
    <TD>55.09629</TD>
    <TD>178.679</TD>
    <TD>191.69</TD>
    <TD>26.1834</TD>
    <TD>0.4586</TD>
    <TD>25.457</TD>
    <TD>0.7956</TD>
    <TD>25.457</TD>
    <TD>0.7956</TD>
    <TD>0.39</TD>
  </TR>
  <TR>
    <TD>780.0</TD>
    <TD>241.4066</TD>
    <TD>55.08446</TD>
    <TD>310.465</TD>
    <TD>207.612</TD>
    <TD>22.6409</TD>
    <TD>0.0714</TD>
    <TD>22.593</TD>
    <TD>0.1015</TD>
    <TD>22.593</TD>
    <TD>0.1015</TD>
    <TD>0.07</TD>
  </TR>
  <TR>
    <TD>781.0</TD>
    <TD>241.4089</TD>
    <TD>55.10475</TD>
    <TD>84.735</TD>
    <TD>195.03</TD>
    <TD>24.2157</TD>
    <TD>0.1518</TD>
    <TD>24.8249</TD>
    <TD>0.3264</TD>
    <TD>24.8249</TD>
    <TD>0.3264</TD>
    <TD>0.38</TD>
  </TR>
  <TR>
    <TD>782.0</TD>
    <TD>241.4089</TD>
    <TD>55.08082</TD>
    <TD>350.302</TD>
    <TD>192.691</TD>
    <TD>25.8843</TD>
    <TD>0.351</TD>
    <TD>25.3659</TD>
    <TD>0.3059</TD>
    <TD>25.3659</TD>
    <TD>0.3059</TD>
    <TD>0.36</TD>
  </TR>
  <TR>
    <TD>783.0</TD>
    <TD>241.4091</TD>
    <TD>55.09155</TD>
    <TD>231.309</TD>
    <TD>192.706</TD>
    <TD>25.9498</TD>
    <TD>0.3721</TD>
    <TD>25.1447</TD>
    <TD>0.4365</TD>
    <TD>25.1447</TD>
    <TD>0.4365</TD>
    <TD>0.36</TD>
  </TR>
  <TR>
    <TD>784.0</TD>
    <TD>241.3937</TD>
    <TD>55.10471</TD>
    <TD>88.398</TD>
    <TD>291.268</TD>
    <TD>19.8349</TD>
    <TD>0.012</TD>
    <TD>19.8753</TD>
    <TD>0.0133</TD>
    <TD>19.8753</TD>
    <TD>0.0133</TD>
    <TD>0.05</TD>
  </TR>
  <TR>
    <TD>785.0</TD>
    <TD>241.4084</TD>
    <TD>55.10383</TD>
    <TD>95.18</TD>
    <TD>198.599</TD>
    <TD>23.2015</TD>
    <TD>0.104</TD>
    <TD>23.1469</TD>
    <TD>0.1885</TD>
    <TD>23.1469</TD>
    <TD>0.1885</TD>
    <TD>0.49</TD>
  </TR>
  <TR>
    <TD>786.0</TD>
    <TD>241.409</TD>
    <TD>55.09506</TD>
    <TD>192.394</TD>
    <TD>193.676</TD>
    <TD>25.947</TD>
    <TD>0.3712</TD>
    <TD>24.9198</TD>
    <TD>0.2209</TD>
    <TD>24.9198</TD>
    <TD>0.2209</TD>
    <TD>0.37</TD>
  </TR>
  <TR>
    <TD>787.0</TD>
    <TD>241.4091</TD>
    <TD>55.10397</TD>
    <TD>93.443</TD>
    <TD>193.782</TD>
    <TD>24.7563</TD>
    <TD>0.2032</TD>
    <TD>24.1959</TD>
    <TD>0.2149</TD>
    <TD>24.1959</TD>
    <TD>0.2149</TD>
    <TD>0.48</TD>
  </TR>
  <TR>
    <TD>788.0</TD>
    <TD>241.4087</TD>
    <TD>55.11085</TD>
    <TD>17.004</TD>
    <TD>196.9</TD>
    <TD>24.8271</TD>
    <TD>0.1745</TD>
    <TD>24.615</TD>
    <TD>0.2167</TD>
    <TD>24.615</TD>
    <TD>0.2167</TD>
    <TD>0.6</TD>
  </TR>
  <TR>
    <TD>789.0</TD>
    <TD>241.3803</TD>
    <TD>55.10015</TD>
    <TD>141.852</TD>
    <TD>374.887</TD>
    <TD>14.3865</TD>
    <TD>5.0E-4</TD>
    <TD>14.4197</TD>
    <TD>5.0E-4</TD>
    <TD>14.4197</TD>
    <TD>5.0E-4</TD>
    <TD>0.96</TD>
  </TR>
  <TR>
    <TD>790.0</TD>
    <TD>241.4003</TD>
    <TD>54.95045</TD>
    <TD>1786.054</TD>
    <TD>228.367</TD>
    <TD>20.3013</TD>
    <TD>0.0152</TD>
    <TD>20.275</TD>
    <TD>0.0175</TD>
    <TD>20.275</TD>
    <TD>0.0175</TD>
    <TD>0.1</TD>
  </TR>
  <TR>
    <TD>791.0</TD>
    <TD>241.4054</TD>
    <TD>55.0341</TD>
    <TD>867.147</TD>
    <TD>208.635</TD>
    <TD>23.418</TD>
    <TD>0.1179</TD>
    <TD>23.8576</TD>
    <TD>0.2332</TD>
    <TD>23.8576</TD>
    <TD>0.2332</TD>
    <TD>0.61</TD>
  </TR>
  <TR>
    <TD>792.0</TD>
    <TD>241.408</TD>
    <TD>55.0746</TD>
    <TD>419.429</TD>
    <TD>197.802</TD>
    <TD>25.0256</TD>
    <TD>0.2259</TD>
    <TD>24.8236</TD>
    <TD>0.3089</TD>
    <TD>24.674</TD>
    <TD>0.2319</TD>
    <TD>0.45</TD>
  </TR>
  <TR>
    <TD>793.0</TD>
    <TD>241.4088</TD>
    <TD>55.10037</TD>
    <TD>133.523</TD>
    <TD>195.511</TD>
    <TD>25.2386</TD>
    <TD>0.2263</TD>
    <TD>25.6511</TD>
    <TD>0.553</TD>
    <TD>25.6511</TD>
    <TD>0.553</TD>
    <TD>0.45</TD>
  </TR>
  <TR>
    <TD>794.0</TD>
    <TD>241.4045</TD>
    <TD>55.01028</TD>
    <TD>1129.528</TD>
    <TD>211.151</TD>
    <TD>22.7877</TD>
    <TD>0.0851</TD>
    <TD>22.5576</TD>
    <TD>0.1336</TD>
    <TD>22.5576</TD>
    <TD>0.1336</TD>
    <TD>0.0</TD>
  </TR>
  <TR>
    <TD>795.0</TD>
    <TD>241.4074</TD>
    <TD>55.07482</TD>
    <TD>417.116</TD>
    <TD>201.308</TD>
    <TD>24.5517</TD>
    <TD>0.1965</TD>
    <TD>24.289</TD>
    <TD>0.2737</TD>
    <TD>24.289</TD>
    <TD>0.2737</TD>
    <TD>0.35</TD>
  </TR>
  <TR>
    <TD>796.0</TD>
    <TD>241.4083</TD>
    <TD>55.10585</TD>
    <TD>72.723</TD>
    <TD>198.895</TD>
    <TD>25.0488</TD>
    <TD>0.1689</TD>
    <TD>25.2564</TD>
    <TD>0.2774</TD>
    <TD>25.2564</TD>
    <TD>0.2774</TD>
    <TD>0.47</TD>
  </TR>
  <TR>
    <TD>797.0</TD>
    <TD>241.4068</TD>
    <TD>55.10037</TD>
    <TD>133.932</TD>
    <TD>207.857</TD>
    <TD>23.8189</TD>
    <TD>0.1414</TD>
    <TD>23.6274</TD>
    <TD>0.4431</TD>
    <TD>23.6274</TD>
    <TD>0.4431</TD>
    <TD>0.62</TD>
  </TR>
  <TR>
    <TD>798.0</TD>
    <TD>241.4082</TD>
    <TD>55.11156</TD>
    <TD>9.269</TD>
    <TD>200.406</TD>
    <TD>24.1408</TD>
    <TD>0.0886</TD>
    <TD>24.6818</TD>
    <TD>0.23</TD>
    <TD>24.6818</TD>
    <TD>0.23</TD>
    <TD>0.66</TD>
  </TR>
  <TR>
    <TD>799.0</TD>
    <TD>241.4075</TD>
    <TD>55.04744</TD>
    <TD>719.698</TD>
    <TD>197.339</TD>
    <TD>26.1155</TD>
    <TD>0.4315</TD>
    <TD>24.8049</TD>
    <TD>0.3734</TD>
    <TD>24.8049</TD>
    <TD>0.3734</TD>
    <TD>0.36</TD>
  </TR>
  <TR>
    <TD>800.0</TD>
    <TD>241.4069</TD>
    <TD>55.04343</TD>
    <TD>764.076</TD>
    <TD>200.658</TD>
    <TD>24.3697</TD>
    <TD>0.1361</TD>
    <TD>24.5868</TD>
    <TD>0.2422</TD>
    <TD>24.5868</TD>
    <TD>0.2422</TD>
    <TD>0.66</TD>
  </TR>
  <TR>
    <TD>801.0</TD>
    <TD>241.4066</TD>
    <TD>55.0169</TD>
    <TD>1056.289</TD>
    <TD>198.663</TD>
    <TD>26.5779</TD>
    <TD>0.6542</TD>
    <TD>25.0988</TD>
    <TD>0.4973</TD>
    <TD>25.0988</TD>
    <TD>0.4973</TD>
    <TD>0.37</TD>
  </TR>
  <TR>
    <TD>802.0</TD>
    <TD>241.4032</TD>
    <TD>54.98386</TD>
    <TD>1419.77</TD>
    <TD>215.69</TD>
    <TD>23.3181</TD>
    <TD>0.1047</TD>
    <TD>23.1468</TD>
    <TD>0.1514</TD>
    <TD>23.1468</TD>
    <TD>0.1514</TD>
    <TD>0.14</TD>
  </TR>
  <TR>
    <TD>803.0</TD>
    <TD>241.4037</TD>
    <TD>54.98823</TD>
    <TD>1371.758</TD>
    <TD>212.816</TD>
    <TD>22.7529</TD>
    <TD>0.0741</TD>
    <TD>22.7002</TD>
    <TD>0.1272</TD>
    <TD>22.7002</TD>
    <TD>0.1272</TD>
    <TD>0.28</TD>
  </TR>
  <TR>
    <TD>804.0</TD>
    <TD>241.3943</TD>
    <TD>54.99215</TD>
    <TD>1330.467</TD>
    <TD>272.915</TD>
    <TD>18.3896</TD>
    <TD>0.0053</TD>
    <TD>18.3847</TD>
    <TD>0.0056</TD>
    <TD>18.3847</TD>
    <TD>0.0056</TD>
    <TD>0.03</TD>
  </TR>
  <TR>
    <TD>805.0</TD>
    <TD>241.4051</TD>
    <TD>55.09792</TD>
    <TD>161.46</TD>
    <TD>218.512</TD>
    <TD>23.0609</TD>
    <TD>0.093</TD>
    <TD>21.6495</TD>
    <TD>0.1256</TD>
    <TD>22.6833</TD>
    <TD>0.095</TD>
    <TD>0.61</TD>
  </TR>
  <TR>
    <TD>806.0</TD>
    <TD>241.4067</TD>
    <TD>55.10501</TD>
    <TD>82.342</TD>
    <TD>209.158</TD>
    <TD>24.3449</TD>
    <TD>0.1635</TD>
    <TD>24.0164</TD>
    <TD>0.3824</TD>
    <TD>24.0164</TD>
    <TD>0.3824</TD>
    <TD>0.4</TD>
  </TR>
  <TR>
    <TD>807.0</TD>
    <TD>241.4052</TD>
    <TD>55.00731</TD>
    <TD>1161.989</TD>
    <TD>206.308</TD>
    <TD>24.795</TD>
    <TD>0.2104</TD>
    <TD>24.8512</TD>
    <TD>0.5582</TD>
    <TD>24.8512</TD>
    <TD>0.5582</TD>
    <TD>0.47</TD>
  </TR>
  <TR>
    <TD>808.0</TD>
    <TD>241.4076</TD>
    <TD>55.11181</TD>
    <TD>6.617</TD>
    <TD>204.382</TD>
    <TD>24.2402</TD>
    <TD>0.1217</TD>
    <TD>24.151</TD>
    <TD>0.182</TD>
    <TD>24.151</TD>
    <TD>0.182</TD>
    <TD>0.63</TD>
  </TR>
  <TR>
    <TD>809.0</TD>
    <TD>241.4076</TD>
    <TD>55.08726</TD>
    <TD>279.183</TD>
    <TD>201.344</TD>
    <TD>25.3316</TD>
    <TD>0.2724</TD>
    <TD>25.0471</TD>
    <TD>0.3322</TD>
    <TD>25.0471</TD>
    <TD>0.3322</TD>
    <TD>0.36</TD>
  </TR>
  <TR>
    <TD>810.0</TD>
    <TD>241.4078</TD>
    <TD>55.10202</TD>
    <TD>115.344</TD>
    <TD>201.694</TD>
    <TD>25.402</TD>
    <TD>0.2614</TD>
    <TD>24.7874</TD>
    <TD>0.2628</TD>
    <TD>24.7874</TD>
    <TD>0.2628</TD>
    <TD>0.44</TD>
  </TR>
  <TR>
    <TD>811.0</TD>
    <TD>241.407</TD>
    <TD>55.06568</TD>
    <TD>518.28</TD>
    <TD>202.618</TD>
    <TD>25.659</TD>
    <TD>0.2875</TD>
    <TD>24.7323</TD>
    <TD>0.3361</TD>
    <TD>24.7323</TD>
    <TD>0.3361</TD>
    <TD>0.36</TD>
  </TR>
  <TR>
    <TD>812.0</TD>
    <TD>241.4066</TD>
    <TD>55.04839</TD>
    <TD>709.34</TD>
    <TD>203.327</TD>
    <TD>26.0112</TD>
    <TD>0.3931</TD>
    <TD>25.0234</TD>
    <TD>0.5348</TD>
    <TD>25.0234</TD>
    <TD>0.5348</TD>
    <TD>0.35</TD>
  </TR>
  <TR>
    <TD>813.0</TD>
    <TD>241.3911</TD>
    <TD>55.06046</TD>
    <TD>579.124</TD>
    <TD>302.186</TD>
    <TD>16.9875</TD>
    <TD>0.0021</TD>
    <TD>17.0184</TD>
    <TD>0.0019</TD>
    <TD>17.0184</TD>
    <TD>0.0019</TD>
    <TD>0.84</TD>
  </TR>
  <TR>
    <TD>814.0</TD>
    <TD>241.4026</TD>
    <TD>55.10477</TD>
    <TD>85.921</TD>
    <TD>234.723</TD>
    <TD>22.0172</TD>
    <TD>0.0511</TD>
    <TD>22.1679</TD>
    <TD>0.073</TD>
    <TD>22.1679</TD>
    <TD>0.073</TD>
    <TD>0.64</TD>
  </TR>
  <TR>
    <TD>815.0</TD>
    <TD>241.4053</TD>
    <TD>54.99608</TD>
    <TD>1285.313</TD>
    <TD>204.323</TD>
    <TD>25.8144</TD>
    <TD>0.3299</TD>
    <TD>25.3179</TD>
    <TD>0.2931</TD>
    <TD>25.3179</TD>
    <TD>0.2931</TD>
    <TD>0.41</TD>
  </TR>
  <TR>
    <TD>816.0</TD>
    <TD>241.4072</TD>
    <TD>55.10417</TD>
    <TD>91.639</TD>
    <TD>205.712</TD>
    <TD>25.3951</TD>
    <TD>0.228</TD>
    <TD>25.287</TD>
    <TD>0.2851</TD>
    <TD>25.287</TD>
    <TD>0.2851</TD>
    <TD>0.41</TD>
  </TR>
  <TR>
    <TD>817.0</TD>
    <TD>241.4005</TD>
    <TD>55.08515</TD>
    <TD>304.085</TD>
    <TD>246.237</TD>
    <TD>23.8479</TD>
    <TD>0.1599</TD>
    <TD>23.5914</TD>
    <TD>0.3288</TD>
    <TD>23.5914</TD>
    <TD>0.3288</TD>
    <TD>0.52</TD>
  </TR>
  <TR>
    <TD>818.0</TD>
    <TD>241.4028</TD>
    <TD>54.93853</TD>
    <TD>1915.914</TD>
    <TD>211.034</TD>
    <TD>24.3019</TD>
    <TD>0.1701</TD>
    <TD>23.3091</TD>
    <TD>0.2224</TD>
    <TD>23.3091</TD>
    <TD>0.2224</TD>
    <TD>0.57</TD>
  </TR>
  <TR>
    <TD>819.0</TD>
    <TD>241.4065</TD>
    <TD>55.10454</TD>
    <TD>87.607</TD>
    <TD>210.661</TD>
    <TD>24.643</TD>
    <TD>0.1941</TD>
    <TD>24.3043</TD>
    <TD>0.2737</TD>
    <TD>24.2525</TD>
    <TD>0.1978</TD>
    <TD>0.48</TD>
  </TR>
  <TR>
    <TD>820.0</TD>
    <TD>241.4064</TD>
    <TD>55.08011</TD>
    <TD>358.679</TD>
    <TD>208.326</TD>
    <TD>25.77</TD>
    <TD>0.3171</TD>
    <TD>25.2928</TD>
    <TD>0.3284</TD>
    <TD>25.2928</TD>
    <TD>0.3284</TD>
    <TD>0.41</TD>
  </TR>
  <TR>
    <TD>821.0</TD>
    <TD>241.3997</TD>
    <TD>55.09096</TD>
    <TD>239.812</TD>
    <TD>251.87</TD>
    <TD>20.2232</TD>
    <TD>0.0156</TD>
    <TD>20.2385</TD>
    <TD>0.018</TD>
    <TD>20.2385</TD>
    <TD>0.018</TD>
    <TD>0.04</TD>
  </TR>
  <TR>
    <TD>822.0</TD>
    <TD>241.4027</TD>
    <TD>54.95662</TD>
    <TD>1718.125</TD>
    <TD>214.675</TD>
    <TD>24.1219</TD>
    <TD>0.1549</TD>
    <TD>23.6775</TD>
    <TD>0.3259</TD>
    <TD>23.6775</TD>
    <TD>0.3259</TD>
    <TD>0.35</TD>
  </TR>
  <TR>
    <TD>823.0</TD>
    <TD>241.4058</TD>
    <TD>55.10247</TD>
    <TD>110.84</TD>
    <TD>214.878</TD>
    <TD>24.6426</TD>
    <TD>0.1941</TD>
    <TD>24.6346</TD>
    <TD>0.2529</TD>
    <TD>24.6346</TD>
    <TD>0.2529</TD>
    <TD>0.39</TD>
  </TR>
  <TR>
    <TD>824.0</TD>
    <TD>241.4024</TD>
    <TD>54.97877</TD>
    <TD>1475.627</TD>
    <TD>220.042</TD>
    <TD>23.6426</TD>
    <TD>0.1307</TD>
    <TD>23.2475</TD>
    <TD>0.2412</TD>
    <TD>23.2475</TD>
    <TD>0.2412</TD>
    <TD>0.58</TD>
  </TR>
  <TR>
    <TD>825.0</TD>
    <TD>241.4033</TD>
    <TD>55.06926</TD>
    <TD>479.477</TD>
    <TD>226.781</TD>
    <TD>23.8613</TD>
    <TD>0.15</TD>
    <TD>23.5314</TD>
    <TD>0.204</TD>
    <TD>23.5314</TD>
    <TD>0.204</TD>
    <TD>0.62</TD>
  </TR>
  <TR>
    <TD>826.0</TD>
    <TD>241.4042</TD>
    <TD>55.10579</TD>
    <TD>74.218</TD>
    <TD>224.966</TD>
    <TD>23.9854</TD>
    <TD>0.1569</TD>
    <TD>23.3138</TD>
    <TD>0.3108</TD>
    <TD>23.3975</TD>
    <TD>0.1508</TD>
    <TD>0.53</TD>
  </TR>
  <TR>
    <TD>827.0</TD>
    <TD>241.4048</TD>
    <TD>55.05435</TD>
    <TD>643.914</TD>
    <TD>215.069</TD>
    <TD>23.4501</TD>
    <TD>0.0751</TD>
    <TD>23.3004</TD>
    <TD>0.0875</TD>
    <TD>23.3004</TD>
    <TD>0.0875</TD>
    <TD>0.87</TD>
  </TR>
  <TR>
    <TD>828.0</TD>
    <TD>241.4057</TD>
    <TD>55.10575</TD>
    <TD>74.391</TD>
    <TD>215.534</TD>
    <TD>25.2311</TD>
    <TD>0.2916</TD>
    <TD>25.0209</TD>
    <TD>0.4371</TD>
    <TD>25.0209</TD>
    <TD>0.4371</TD>
    <TD>0.35</TD>
  </TR>
  <TR>
    <TD>829.0</TD>
    <TD>241.4032</TD>
    <TD>54.96844</TD>
    <TD>1588.732</TD>
    <TD>213.263</TD>
    <TD>25.0053</TD>
    <TD>0.2538</TD>
    <TD>23.8543</TD>
    <TD>0.262</TD>
    <TD>23.8543</TD>
    <TD>0.262</TD>
    <TD>0.4</TD>
  </TR>
  <TR>
    <TD>830.0</TD>
    <TD>241.4035</TD>
    <TD>54.97788</TD>
    <TD>1485.273</TD>
    <TD>212.719</TD>
    <TD>25.3504</TD>
    <TD>0.277</TD>
    <TD>24.7461</TD>
    <TD>0.2879</TD>
    <TD>24.7461</TD>
    <TD>0.2879</TD>
    <TD>0.39</TD>
  </TR>
  <TR>
    <TD>831.0</TD>
    <TD>241.4054</TD>
    <TD>55.04494</TD>
    <TD>747.691</TD>
    <TD>210.348</TD>
    <TD>25.8861</TD>
    <TD>0.3516</TD>
    <TD>25.2233</TD>
    <TD>0.3749</TD>
    <TD>25.2233</TD>
    <TD>0.3749</TD>
    <TD>0.36</TD>
  </TR>
  <TR>
    <TD>832.0</TD>
    <TD>241.4052</TD>
    <TD>55.10509</TD>
    <TD>81.851</TD>
    <TD>218.947</TD>
    <TD>24.6621</TD>
    <TD>0.187</TD>
    <TD>24.1116</TD>
    <TD>0.3939</TD>
    <TD>24.1116</TD>
    <TD>0.3939</TD>
    <TD>0.51</TD>
  </TR>
  <TR>
    <TD>833.0</TD>
    <TD>241.4043</TD>
    <TD>55.02315</TD>
    <TD>988.018</TD>
    <TD>214.026</TD>
    <TD>23.4842</TD>
    <TD>0.0711</TD>
    <TD>23.5793</TD>
    <TD>0.1119</TD>
    <TD>23.5793</TD>
    <TD>0.1119</TD>
    <TD>0.95</TD>
  </TR>
  <TR>
    <TD>834.0</TD>
    <TD>241.402</TD>
    <TD>54.93714</TD>
    <TD>1931.166</TD>
    <TD>215.637</TD>
    <TD>24.8132</TD>
    <TD>0.2259</TD>
    <TD>23.8132</TD>
    <TD>0.2997</TD>
    <TD>23.8132</TD>
    <TD>0.2997</TD>
    <TD>0.43</TD>
  </TR>
  <TR>
    <TD>835.0</TD>
    <TD>241.4032</TD>
    <TD>54.96756</TD>
    <TD>1598.326</TD>
    <TD>213.322</TD>
    <TD>25.7517</TD>
    <TD>0.312</TD>
    <TD>25.7548</TD>
    <TD>0.9552</TD>
    <TD>25.7548</TD>
    <TD>0.9552</TD>
    <TD>0.44</TD>
  </TR>
  <TR>
    <TD>836.0</TD>
    <TD>241.3724</TD>
    <TD>54.97661</TD>
    <TD>1504.671</TD>
    <TD>408.437</TD>
    <TD>14.6132</TD>
    <TD>6.0E-4</TD>
    <TD>14.6448</TD>
    <TD>5.0E-4</TD>
    <TD>14.6448</TD>
    <TD>5.0E-4</TD>
    <TD>0.95</TD>
  </TR>
  <TR>
    <TD>837.0</TD>
    <TD>241.4016</TD>
    <TD>54.92959</TD>
    <TD>2013.752</TD>
    <TD>217.227</TD>
    <TD>24.3304</TD>
    <TD>0.1866</TD>
    <TD>23.522</TD>
    <TD>0.2628</TD>
    <TD>23.522</TD>
    <TD>0.2628</TD>
    <TD>0.48</TD>
  </TR>
  <TR>
    <TD>838.0</TD>
    <TD>241.4029</TD>
    <TD>54.97967</TD>
    <TD>1465.744</TD>
    <TD>217.177</TD>
    <TD>25.3261</TD>
    <TD>0.2711</TD>
    <TD>23.9391</TD>
    <TD>0.2812</TD>
    <TD>23.9391</TD>
    <TD>0.2812</TD>
    <TD>0.36</TD>
  </TR>
  <TR>
    <TD>839.0</TD>
    <TD>241.4052</TD>
    <TD>55.07217</TD>
    <TD>446.871</TD>
    <TD>214.651</TD>
    <TD>25.4772</TD>
    <TD>0.3102</TD>
    <TD>24.8892</TD>
    <TD>0.288</TD>
    <TD>24.8892</TD>
    <TD>0.288</TD>
    <TD>0.36</TD>
  </TR>
  <TR>
    <TD>840.0</TD>
    <TD>241.4055</TD>
    <TD>55.08657</TD>
    <TD>287.305</TD>
    <TD>214.665</TD>
    <TD>26.2498</TD>
    <TD>0.4868</TD>
    <TD>25.0129</TD>
    <TD>0.4065</TD>
    <TD>25.0129</TD>
    <TD>0.4065</TD>
    <TD>0.39</TD>
  </TR>
  <TR>
    <TD>841.0</TD>
    <TD>241.4057</TD>
    <TD>55.09996</TD>
    <TD>138.707</TD>
    <TD>214.657</TD>
    <TD>25.4701</TD>
    <TD>0.2435</TD>
    <TD>25.1282</TD>
    <TD>0.2475</TD>
    <TD>25.1282</TD>
    <TD>0.2475</TD>
    <TD>0.48</TD>
  </TR>
  <TR>
    <TD>842.0</TD>
    <TD>241.4018</TD>
    <TD>54.96048</TD>
    <TD>1676.0</TD>
    <TD>220.558</TD>
    <TD>25.6284</TD>
    <TD>0.3197</TD>
    <TD>24.3487</TD>
    <TD>0.3891</TD>
    <TD>24.3487</TD>
    <TD>0.3891</TD>
    <TD>0.46</TD>
  </TR>
  <TR>
    <TD>843.0</TD>
    <TD>241.4046</TD>
    <TD>55.06826</TD>
    <TD>490.24</TD>
    <TD>217.952</TD>
    <TD>24.6633</TD>
    <TD>0.176</TD>
    <TD>24.7303</TD>
    <TD>0.2757</TD>
    <TD>24.7303</TD>
    <TD>0.2757</TD>
    <TD>0.7</TD>
  </TR>
  <TR>
    <TD>844.0</TD>
    <TD>241.4037</TD>
    <TD>55.04619</TD>
    <TD>734.178</TD>
    <TD>221.46</TD>
    <TD>24.3262</TD>
    <TD>0.1674</TD>
    <TD>24.2399</TD>
    <TD>0.2582</TD>
    <TD>24.2399</TD>
    <TD>0.2582</TD>
    <TD>0.37</TD>
  </TR>
  <TR>
    <TD>845.0</TD>
    <TD>241.4044</TD>
    <TD>55.0495</TD>
    <TD>697.541</TD>
    <TD>217.459</TD>
    <TD>25.6137</TD>
    <TD>0.3155</TD>
    <TD>24.949</TD>
    <TD>0.2925</TD>
    <TD>24.949</TD>
    <TD>0.2925</TD>
    <TD>0.35</TD>
  </TR>
  <TR>
    <TD>846.0</TD>
    <TD>241.405</TD>
    <TD>55.08549</TD>
    <TD>299.321</TD>
    <TD>217.657</TD>
    <TD>25.8113</TD>
    <TD>0.329</TD>
    <TD>25.2525</TD>
    <TD>0.5723</TD>
    <TD>25.2525</TD>
    <TD>0.5723</TD>
    <TD>0.36</TD>
  </TR>
  <TR>
    <TD>847.0</TD>
    <TD>241.4022</TD>
    <TD>55.0102</TD>
    <TD>1130.815</TD>
    <TD>225.799</TD>
    <TD>23.7444</TD>
    <TD>0.1351</TD>
    <TD>23.1187</TD>
    <TD>0.2144</TD>
    <TD>23.1187</TD>
    <TD>0.2144</TD>
    <TD>0.34</TD>
  </TR>
  <TR>
    <TD>848.0</TD>
    <TD>241.4026</TD>
    <TD>54.99504</TD>
    <TD>1297.181</TD>
    <TD>220.997</TD>
    <TD>25.3268</TD>
    <TD>0.2954</TD>
    <TD>24.2712</TD>
    <TD>0.3651</TD>
    <TD>24.2712</TD>
    <TD>0.3651</TD>
    <TD>0.4</TD>
  </TR>
  <TR>
    <TD>849.0</TD>
    <TD>241.4032</TD>
    <TD>55.00297</TD>
    <TD>1209.987</TD>
    <TD>218.244</TD>
    <TD>25.6655</TD>
    <TD>0.3304</TD>
    <TD>24.998</TD>
    <TD>0.3177</TD>
    <TD>24.998</TD>
    <TD>0.3177</TD>
    <TD>0.36</TD>
  </TR>
  <TR>
    <TD>850.0</TD>
    <TD>241.3983</TD>
    <TD>54.93794</TD>
    <TD>1923.071</TD>
    <TD>238.991</TD>
    <TD>22.7909</TD>
    <TD>0.0846</TD>
    <TD>21.8406</TD>
    <TD>0.1092</TD>
    <TD>22.3603</TD>
    <TD>0.0854</TD>
    <TD>0.0</TD>
  </TR>
  <TR>
    <TD>851.0</TD>
    <TD>241.4042</TD>
    <TD>55.10628</TD>
    <TD>68.772</TD>
    <TD>224.857</TD>
    <TD>24.8161</TD>
    <TD>0.238</TD>
    <TD>23.84</TD>
    <TD>0.3281</TD>
    <TD>23.84</TD>
    <TD>0.3281</TD>
    <TD>0.41</TD>
  </TR>
  <TR>
    <TD>852.0</TD>
    <TD>241.4042</TD>
    <TD>55.07368</TD>
    <TD>430.315</TD>
    <TD>221.606</TD>
    <TD>25.2135</TD>
    <TD>0.267</TD>
    <TD>25.1741</TD>
    <TD>0.2578</TD>
    <TD>25.1741</TD>
    <TD>0.2578</TD>
    <TD>0.38</TD>
  </TR>
  <TR>
    <TD>853.0</TD>
    <TD>241.3986</TD>
    <TD>54.93714</TD>
    <TD>1931.807</TD>
    <TD>237.335</TD>
    <TD>22.1084</TD>
    <TD>0.0495</TD>
    <TD>21.9689</TD>
    <TD>0.0738</TD>
    <TD>21.933</TD>
    <TD>0.0514</TD>
    <TD>0.05</TD>
  </TR>
  <TR>
    <TD>854.0</TD>
    <TD>241.4039</TD>
    <TD>55.08389</TD>
    <TD>317.364</TD>
    <TD>224.356</TD>
    <TD>25.3546</TD>
    <TD>0.278</TD>
    <TD>24.6865</TD>
    <TD>0.3877</TD>
    <TD>24.6865</TD>
    <TD>0.3877</TD>
    <TD>0.36</TD>
  </TR>
  <TR>
    <TD>855.0</TD>
    <TD>241.4032</TD>
    <TD>55.07441</TD>
    <TD>422.501</TD>
    <TD>228.012</TD>
    <TD>26.2016</TD>
    <TD>0.5348</TD>
    <TD>24.7531</TD>
    <TD>0.2452</TD>
    <TD>24.7531</TD>
    <TD>0.2452</TD>
    <TD>0.35</TD>
  </TR>
  <TR>
    <TD>856.0</TD>
    <TD>241.3978</TD>
    <TD>54.96891</TD>
    <TD>1584.523</TD>
    <TD>247.148</TD>
    <TD>22.5761</TD>
    <TD>0.0747</TD>
    <TD>22.4244</TD>
    <TD>0.1398</TD>
    <TD>22.4244</TD>
    <TD>0.1398</TD>
    <TD>0.0</TD>
  </TR>
  <TR>
    <TD>857.0</TD>
    <TD>241.4037</TD>
    <TD>55.08714</TD>
    <TD>281.348</TD>
    <TD>226.318</TD>
    <TD>25.608</TD>
    <TD>0.2748</TD>
    <TD>25.5965</TD>
    <TD>0.3763</TD>
    <TD>25.5965</TD>
    <TD>0.3763</TD>
    <TD>0.4</TD>
  </TR>
  <TR>
    <TD>858.0</TD>
    <TD>241.4039</TD>
    <TD>55.10174</TD>
    <TD>119.309</TD>
    <TD>226.367</TD>
    <TD>25.5125</TD>
    <TD>0.2527</TD>
    <TD>25.1253</TD>
    <TD>0.5095</TD>
    <TD>25.1253</TD>
    <TD>0.5095</TD>
    <TD>0.41</TD>
  </TR>
  <TR>
    <TD>859.0</TD>
    <TD>241.4003</TD>
    <TD>55.05476</TD>
    <TD>640.35</TD>
    <TD>243.569</TD>
    <TD>22.3165</TD>
    <TD>0.0654</TD>
    <TD>22.1937</TD>
    <TD>0.1246</TD>
    <TD>22.1937</TD>
    <TD>0.1246</TD>
    <TD>0.01</TD>
  </TR>
  <TR>
    <TD>860.0</TD>
    <TD>241.3921</TD>
    <TD>54.97294</TD>
    <TD>1541.398</TD>
    <TD>284.066</TD>
    <TD>18.1925</TD>
    <TD>0.0040</TD>
    <TD>18.2082</TD>
    <TD>0.0039</TD>
    <TD>18.2082</TD>
    <TD>0.0039</TD>
    <TD>0.61</TD>
  </TR>
  <TR>
    <TD>861.0</TD>
    <TD>241.4011</TD>
    <TD>55.09983</TD>
    <TD>141.121</TD>
    <TD>243.703</TD>
    <TD>23.3767</TD>
    <TD>0.1068</TD>
    <TD>23.7152</TD>
    <TD>0.3113</TD>
    <TD>23.7152</TD>
    <TD>0.3113</TD>
    <TD>0.38</TD>
  </TR>
  <TR>
    <TD>862.0</TD>
    <TD>241.4009</TD>
    <TD>54.98559</TD>
    <TD>1401.223</TD>
    <TD>230.183</TD>
    <TD>24.3471</TD>
    <TD>0.1833</TD>
    <TD>23.8007</TD>
    <TD>0.1827</TD>
    <TD>23.8007</TD>
    <TD>0.1827</TD>
    <TD>0.39</TD>
  </TR>
  <TR>
    <TD>863.0</TD>
    <TD>241.4014</TD>
    <TD>55.00269</TD>
    <TD>1213.436</TD>
    <TD>229.797</TD>
    <TD>25.3877</TD>
    <TD>0.2863</TD>
    <TD>24.8095</TD>
    <TD>0.4276</TD>
    <TD>24.8095</TD>
    <TD>0.4276</TD>
    <TD>0.35</TD>
  </TR>
  <TR>
    <TD>864.0</TD>
    <TD>241.402</TD>
    <TD>55.10331</TD>
    <TD>102.281</TD>
    <TD>238.669</TD>
    <TD>23.5761</TD>
    <TD>0.1187</TD>
    <TD>23.1086</TD>
    <TD>0.2035</TD>
    <TD>23.1086</TD>
    <TD>0.2035</TD>
    <TD>0.64</TD>
  </TR>
  <TR>
    <TD>865.0</TD>
    <TD>241.4033</TD>
    <TD>55.08869</TD>
    <TD>264.282</TD>
    <TD>228.654</TD>
    <TD>26.3584</TD>
    <TD>0.5367</TD>
    <TD>24.9367</TD>
    <TD>0.4289</TD>
    <TD>24.9367</TD>
    <TD>0.4289</TD>
    <TD>0.35</TD>
  </TR>
  <TR>
    <TD>866.0</TD>
    <TD>241.4036</TD>
    <TD>55.1003</TD>
    <TD>135.335</TD>
    <TD>228.302</TD>
    <TD>25.5607</TD>
    <TD>0.2636</TD>
    <TD>25.2631</TD>
    <TD>0.2791</TD>
    <TD>25.2631</TD>
    <TD>0.2791</TD>
    <TD>0.36</TD>
  </TR>
  <TR>
    <TD>867.0</TD>
    <TD>241.3971</TD>
    <TD>54.93357</TD>
    <TD>1970.97</TD>
    <TD>246.339</TD>
    <TD>22.2029</TD>
    <TD>0.0545</TD>
    <TD>22.1832</TD>
    <TD>0.0917</TD>
    <TD>22.1832</TD>
    <TD>0.0917</TD>
    <TD>0.04</TD>
  </TR>
  <TR>
    <TD>868.0</TD>
    <TD>241.4007</TD>
    <TD>55.02052</TD>
    <TD>1017.562</TD>
    <TD>236.421</TD>
    <TD>24.0788</TD>
    <TD>0.1623</TD>
    <TD>23.3419</TD>
    <TD>0.2434</TD>
    <TD>23.3419</TD>
    <TD>0.2434</TD>
    <TD>0.64</TD>
  </TR>
  <TR>
    <TD>869.0</TD>
    <TD>241.4011</TD>
    <TD>55.10762</TD>
    <TD>54.484</TD>
    <TD>244.532</TD>
    <TD>23.1627</TD>
    <TD>0.0912</TD>
    <TD>23.7753</TD>
    <TD>0.22</TD>
    <TD>23.7753</TD>
    <TD>0.22</TD>
    <TD>0.56</TD>
  </TR>
  <TR>
    <TD>870.0</TD>
    <TD>241.403</TD>
    <TD>55.07784</TD>
    <TD>384.525</TD>
    <TD>229.497</TD>
    <TD>25.5701</TD>
    <TD>0.3035</TD>
    <TD>24.8263</TD>
    <TD>0.4215</TD>
    <TD>24.8263</TD>
    <TD>0.4215</TD>
    <TD>0.38</TD>
  </TR>
  <TR>
    <TD>871.0</TD>
    <TD>241.4015</TD>
    <TD>55.0771</TD>
    <TD>393.086</TD>
    <TD>238.636</TD>
    <TD>24.4036</TD>
    <TD>0.1928</TD>
    <TD>23.5033</TD>
    <TD>0.3224</TD>
    <TD>23.5033</TD>
    <TD>0.3224</TD>
    <TD>0.37</TD>
  </TR>
  <TR>
    <TD>872.0</TD>
    <TD>241.4009</TD>
    <TD>54.97156</TD>
    <TD>1554.978</TD>
    <TD>228.0</TD>
    <TD>25.8947</TD>
    <TD>0.3543</TD>
    <TD>24.5019</TD>
    <TD>0.3706</TD>
    <TD>24.5019</TD>
    <TD>0.3706</TD>
    <TD>0.36</TD>
  </TR>
  <TR>
    <TD>873.0</TD>
    <TD>241.403</TD>
    <TD>55.10637</TD>
    <TD>67.99</TD>
    <TD>232.842</TD>
    <TD>24.7992</TD>
    <TD>0.2111</TD>
    <TD>23.4794</TD>
    <TD>0.232</TD>
    <TD>23.4794</TD>
    <TD>0.232</TD>
    <TD>0.51</TD>
  </TR>
  <TR>
    <TD>874.0</TD>
    <TD>241.3959</TD>
    <TD>54.95254</TD>
    <TD>1763.941</TD>
    <TD>256.751</TD>
    <TD>22.5308</TD>
    <TD>0.0734</TD>
    <TD>21.9244</TD>
    <TD>0.0933</TD>
    <TD>22.1399</TD>
    <TD>0.0748</TD>
    <TD>0.0</TD>
  </TR>
  <TR>
    <TD>875.0</TD>
    <TD>241.3949</TD>
    <TD>54.96421</TD>
    <TD>1636.516</TD>
    <TD>264.678</TD>
    <TD>20.2041</TD>
    <TD>0.0147</TD>
    <TD>20.175</TD>
    <TD>0.0167</TD>
    <TD>20.175</TD>
    <TD>0.0167</TD>
    <TD>0.04</TD>
  </TR>
  <TR>
    <TD>876.0</TD>
    <TD>241.4023</TD>
    <TD>55.10694</TD>
    <TD>61.849</TD>
    <TD>237.344</TD>
    <TD>24.2778</TD>
    <TD>0.178</TD>
    <TD>23.6624</TD>
    <TD>0.3254</TD>
    <TD>23.6624</TD>
    <TD>0.3254</TD>
    <TD>0.48</TD>
  </TR>
  <TR>
    <TD>877.0</TD>
    <TD>241.4029</TD>
    <TD>55.10056</TD>
    <TD>132.651</TD>
    <TD>232.681</TD>
    <TD>25.9775</TD>
    <TD>0.3814</TD>
    <TD>24.9294</TD>
    <TD>0.5598</TD>
    <TD>24.9294</TD>
    <TD>0.5598</TD>
    <TD>0.39</TD>
  </TR>
  <TR>
    <TD>878.0</TD>
    <TD>241.4032</TD>
    <TD>55.11237</TD>
    <TD>1.334</TD>
    <TD>232.285</TD>
    <TD>25.203</TD>
    <TD>0.1929</TD>
    <TD>25.8249</TD>
    <TD>0.4237</TD>
    <TD>25.8249</TD>
    <TD>0.4237</TD>
    <TD>0.41</TD>
  </TR>
  <TR>
    <TD>879.0</TD>
    <TD>241.3996</TD>
    <TD>55.0756</TD>
    <TD>410.024</TD>
    <TD>250.823</TD>
    <TD>24.1703</TD>
    <TD>0.1617</TD>
    <TD>24.6083</TD>
    <TD>0.4428</TD>
    <TD>24.6083</TD>
    <TD>0.4428</TD>
    <TD>0.41</TD>
  </TR>
  <TR>
    <TD>880.0</TD>
    <TD>241.4026</TD>
    <TD>55.10245</TD>
    <TD>111.646</TD>
    <TD>234.575</TD>
    <TD>25.4104</TD>
    <TD>0.2922</TD>
    <TD>24.9949</TD>
    <TD>0.5623</TD>
    <TD>24.9949</TD>
    <TD>0.5623</TD>
    <TD>0.38</TD>
  </TR>
  <TR>
    <TD>881.0</TD>
    <TD>241.397</TD>
    <TD>55.05703</TD>
    <TD>615.835</TD>
    <TD>264.748</TD>
    <TD>21.8537</TD>
    <TD>0.0494</TD>
    <TD>21.518</TD>
    <TD>0.0869</TD>
    <TD>21.518</TD>
    <TD>0.0869</TD>
    <TD>0.0</TD>
  </TR>
  <TR>
    <TD>882.0</TD>
    <TD>241.3943</TD>
    <TD>54.9523</TD>
    <TD>1766.898</TD>
    <TD>266.709</TD>
    <TD>21.6135</TD>
    <TD>0.0413</TD>
    <TD>21.5118</TD>
    <TD>0.0667</TD>
    <TD>21.5118</TD>
    <TD>0.0667</TD>
    <TD>0.01</TD>
  </TR>
  <TR>
    <TD>883.0</TD>
    <TD>241.3852</TD>
    <TD>55.09077</TD>
    <TD>244.83</TD>
    <TD>343.129</TD>
    <TD>15.9406</TD>
    <TD>0.0012</TD>
    <TD>15.973</TD>
    <TD>0.0011</TD>
    <TD>15.973</TD>
    <TD>0.0011</TD>
    <TD>0.91</TD>
  </TR>
  <TR>
    <TD>884.0</TD>
    <TD>241.3977</TD>
    <TD>54.92897</TD>
    <TD>2021.167</TD>
    <TD>241.315</TD>
    <TD>24.5529</TD>
    <TD>0.1792</TD>
    <TD>23.9165</TD>
    <TD>0.2846</TD>
    <TD>23.9165</TD>
    <TD>0.2846</TD>
    <TD>0.48</TD>
  </TR>
  <TR>
    <TD>885.0</TD>
    <TD>241.3996</TD>
    <TD>54.97006</TD>
    <TD>1571.629</TD>
    <TD>236.28</TD>
    <TD>25.4195</TD>
    <TD>0.2329</TD>
    <TD>25.2195</TD>
    <TD>0.2684</TD>
    <TD>25.2195</TD>
    <TD>0.2684</TD>
    <TD>0.4</TD>
  </TR>
  <TR>
    <TD>886.0</TD>
    <TD>241.3923</TD>
    <TD>54.99063</TD>
    <TD>1347.458</TD>
    <TD>285.308</TD>
    <TD>20.6379</TD>
    <TD>0.0243</TD>
    <TD>20.5209</TD>
    <TD>0.0342</TD>
    <TD>20.484</TD>
    <TD>0.0252</TD>
    <TD>0.0</TD>
  </TR>
  <TR>
    <TD>887.0</TD>
    <TD>241.3857</TD>
    <TD>54.93006</TD>
    <TD>2011.248</TD>
    <TD>317.196</TD>
    <TD>18.6374</TD>
    <TD>0.0070</TD>
    <TD>18.6184</TD>
    <TD>0.0081</TD>
    <TD>18.6184</TD>
    <TD>0.0081</TD>
    <TD>0.03</TD>
  </TR>
  <TR>
    <TD>888.0</TD>
    <TD>241.4</TD>
    <TD>54.99784</TD>
    <TD>1266.996</TD>
    <TD>238.0</TD>
    <TD>26.1235</TD>
    <TD>0.4346</TD>
    <TD>25.2739</TD>
    <TD>0.8594</TD>
    <TD>25.2739</TD>
    <TD>0.8594</TD>
    <TD>0.35</TD>
  </TR>
  <TR>
    <TD>889.0</TD>
    <TD>241.3988</TD>
    <TD>55.03878</TD>
    <TD>816.867</TD>
    <TD>250.802</TD>
    <TD>23.4998</TD>
    <TD>0.113</TD>
    <TD>23.0237</TD>
    <TD>0.1955</TD>
    <TD>23.0237</TD>
    <TD>0.1955</TD>
    <TD>0.5</TD>
  </TR>
  <TR>
    <TD>890.0</TD>
    <TD>241.3976</TD>
    <TD>55.08436</TD>
    <TD>313.422</TD>
    <TD>263.976</TD>
    <TD>22.215</TD>
    <TD>0.0609</TD>
    <TD>22.079</TD>
    <TD>0.0861</TD>
    <TD>22.079</TD>
    <TD>0.0861</TD>
    <TD>0.0</TD>
  </TR>
  <TR>
    <TD>891.0</TD>
    <TD>241.3911</TD>
    <TD>55.04157</TD>
    <TD>787.687</TD>
    <TD>300.158</TD>
    <TD>22.922</TD>
    <TD>0.0898</TD>
    <TD>22.5544</TD>
    <TD>0.1664</TD>
    <TD>22.5544</TD>
    <TD>0.1664</TD>
    <TD>0.03</TD>
  </TR>
  <TR>
    <TD>892.0</TD>
    <TD>241.401</TD>
    <TD>55.10407</TD>
    <TD>94.04</TD>
    <TD>245.052</TD>
    <TD>24.9807</TD>
    <TD>0.2332</TD>
    <TD>24.7455</TD>
    <TD>0.7112</TD>
    <TD>24.7455</TD>
    <TD>0.7112</TD>
    <TD>0.38</TD>
  </TR>
  <TR>
    <TD>893.0</TD>
    <TD>241.3998</TD>
    <TD>55.02462</TD>
    <TD>972.66</TD>
    <TD>242.67</TD>
    <TD>25.9142</TD>
    <TD>0.3605</TD>
    <TD>24.8382</TD>
    <TD>0.4515</TD>
    <TD>24.8382</TD>
    <TD>0.4515</TD>
    <TD>0.41</TD>
  </TR>
  <TR>
    <TD>894.0</TD>
    <TD>241.4013</TD>
    <TD>55.10132</TD>
    <TD>124.468</TD>
    <TD>242.566</TD>
    <TD>25.5494</TD>
    <TD>0.298</TD>
    <TD>25.056</TD>
    <TD>0.3222</TD>
    <TD>25.056</TD>
    <TD>0.3222</TD>
    <TD>0.36</TD>
  </TR>
  <TR>
    <TD>895.0</TD>
    <TD>241.3932</TD>
    <TD>54.92832</TD>
    <TD>2028.951</TD>
    <TD>269.552</TD>
    <TD>21.1929</TD>
    <TD>0.0285</TD>
    <TD>21.1124</TD>
    <TD>0.0369</TD>
    <TD>21.1124</TD>
    <TD>0.0369</TD>
    <TD>0.01</TD>
  </TR>
  <TR>
    <TD>896.0</TD>
    <TD>241.3963</TD>
    <TD>54.9957</TD>
    <TD>1291.132</TD>
    <TD>260.61</TD>
    <TD>22.4517</TD>
    <TD>0.0679</TD>
    <TD>22.259</TD>
    <TD>0.0895</TD>
    <TD>22.1233</TD>
    <TD>0.07</TD>
    <TD>0.0</TD>
  </TR>
  <TR>
    <TD>897.0</TD>
    <TD>241.3989</TD>
    <TD>55.06536</TD>
    <TD>523.487</TD>
    <TD>253.815</TD>
    <TD>23.6239</TD>
    <TD>0.1214</TD>
    <TD>23.3606</TD>
    <TD>0.157</TD>
    <TD>23.3606</TD>
    <TD>0.157</TD>
    <TD>0.65</TD>
  </TR>
  <TR>
    <TD>898.0</TD>
    <TD>241.4003</TD>
    <TD>55.07495</TD>
    <TD>417.037</TD>
    <TD>246.096</TD>
    <TD>25.1871</TD>
    <TD>0.2804</TD>
    <TD>24.3242</TD>
    <TD>0.3478</TD>
    <TD>24.3242</TD>
    <TD>0.3478</TD>
    <TD>0.36</TD>
  </TR>
  <TR>
    <TD>899.0</TD>
    <TD>241.3966</TD>
    <TD>55.05087</TD>
    <TD>684.016</TD>
    <TD>266.529</TD>
    <TD>21.7608</TD>
    <TD>0.0413</TD>
    <TD>21.6909</TD>
    <TD>0.0575</TD>
    <TD>21.6909</TD>
    <TD>0.0575</TD>
    <TD>0.08</TD>
  </TR>
  <TR>
    <TD>900.0</TD>
    <TD>241.3923</TD>
    <TD>55.00739</TD>
    <TD>1163.544</TD>
    <TD>287.966</TD>
    <TD>20.8004</TD>
    <TD>0.026</TD>
    <TD>20.6977</TD>
    <TD>0.0351</TD>
    <TD>20.6977</TD>
    <TD>0.0351</TD>
    <TD>0.01</TD>
  </TR>
  <TR>
    <TD>901.0</TD>
    <TD>241.3987</TD>
    <TD>55.00801</TD>
    <TD>1155.557</TD>
    <TD>247.493</TD>
    <TD>24.9627</TD>
    <TD>0.2295</TD>
    <TD>25.3881</TD>
    <TD>0.4353</TD>
    <TD>25.3881</TD>
    <TD>0.4353</TD>
    <TD>0.41</TD>
  </TR>
  <TR>
    <TD>902.0</TD>
    <TD>241.3993</TD>
    <TD>55.09367</TD>
    <TD>209.866</TD>
    <TD>254.563</TD>
    <TD>23.3935</TD>
    <TD>0.1009</TD>
    <TD>22.6967</TD>
    <TD>0.1499</TD>
    <TD>23.112</TD>
    <TD>0.1046</TD>
    <TD>0.58</TD>
  </TR>
  <TR>
    <TD>903.0</TD>
    <TD>241.4004</TD>
    <TD>55.06757</TD>
    <TD>498.711</TD>
    <TD>244.698</TD>
    <TD>25.708</TD>
    <TD>0.3002</TD>
    <TD>25.4823</TD>
    <TD>0.3655</TD>
    <TD>25.4823</TD>
    <TD>0.3655</TD>
    <TD>0.35</TD>
  </TR>
  <TR>
    <TD>904.0</TD>
    <TD>241.3963</TD>
    <TD>55.03167</TD>
    <TD>895.674</TD>
    <TD>266.069</TD>
    <TD>21.7551</TD>
    <TD>0.0418</TD>
    <TD>21.694</TD>
    <TD>0.0562</TD>
    <TD>21.694</TD>
    <TD>0.0562</TD>
    <TD>0.01</TD>
  </TR>
  <TR>
    <TD>905.0</TD>
    <TD>241.4007</TD>
    <TD>55.10196</TD>
    <TD>117.527</TD>
    <TD>246.547</TD>
    <TD>25.4793</TD>
    <TD>0.28</TD>
    <TD>25.2591</TD>
    <TD>0.3872</TD>
    <TD>25.2591</TD>
    <TD>0.3872</TD>
    <TD>0.47</TD>
  </TR>
  <TR>
    <TD>906.0</TD>
    <TD>241.3997</TD>
    <TD>55.10703</TD>
    <TD>61.436</TD>
    <TD>253.485</TD>
    <TD>24.4817</TD>
    <TD>0.1766</TD>
    <TD>25.016</TD>
    <TD>0.6124</TD>
    <TD>25.016</TD>
    <TD>0.6124</TD>
    <TD>0.5</TD>
  </TR>
  <TR>
    <TD>907.0</TD>
    <TD>241.3875</TD>
    <TD>55.05924</TD>
    <TD>593.31</TD>
    <TD>324.861</TD>
    <TD>17.8287</TD>
    <TD>0.0034</TD>
    <TD>17.8531</TD>
    <TD>0.0032</TD>
    <TD>17.8153</TD>
    <TD>0.0034</TD>
    <TD>0.33</TD>
  </TR>
  <TR>
    <TD>908.0</TD>
    <TD>241.4</TD>
    <TD>55.10092</TD>
    <TD>129.202</TD>
    <TD>251.304</TD>
    <TD>25.0939</TD>
    <TD>0.1994</TD>
    <TD>24.9684</TD>
    <TD>0.3094</TD>
    <TD>24.9684</TD>
    <TD>0.3094</TD>
    <TD>0.47</TD>
  </TR>
  <TR>
    <TD>909.0</TD>
    <TD>241.3933</TD>
    <TD>54.9851</TD>
    <TD>1407.951</TD>
    <TD>278.308</TD>
    <TD>21.2379</TD>
    <TD>0.0299</TD>
    <TD>21.1918</TD>
    <TD>0.0374</TD>
    <TD>21.1918</TD>
    <TD>0.0374</TD>
    <TD>0.06</TD>
  </TR>
  <TR>
    <TD>910.0</TD>
    <TD>241.3998</TD>
    <TD>55.1081</TD>
    <TD>49.49</TD>
    <TD>252.926</TD>
    <TD>24.2507</TD>
    <TD>0.1373</TD>
    <TD>24.4961</TD>
    <TD>0.2232</TD>
    <TD>24.4961</TD>
    <TD>0.2232</TD>
    <TD>0.53</TD>
  </TR>
  <TR>
    <TD>911.0</TD>
    <TD>241.3947</TD>
    <TD>54.93997</TD>
    <TD>1901.477</TD>
    <TD>262.052</TD>
    <TD>23.7264</TD>
    <TD>0.1383</TD>
    <TD>23.3775</TD>
    <TD>0.2202</TD>
    <TD>23.3775</TD>
    <TD>0.2202</TD>
    <TD>0.45</TD>
  </TR>
  <TR>
    <TD>912.0</TD>
    <TD>241.3996</TD>
    <TD>55.10677</TD>
    <TD>64.262</TD>
    <TD>254.003</TD>
    <TD>25.0705</TD>
    <TD>0.2351</TD>
    <TD>24.8</TD>
    <TD>0.4704</TD>
    <TD>24.689</TD>
    <TD>0.24</TD>
    <TD>0.38</TD>
  </TR>
  <TR>
    <TD>913.0</TD>
    <TD>241.3995</TD>
    <TD>55.10475</TD>
    <TD>86.794</TD>
    <TD>254.347</TD>
    <TD>25.1779</TD>
    <TD>0.2587</TD>
    <TD>25.0811</TD>
    <TD>0.6433</TD>
    <TD>25.0811</TD>
    <TD>0.6433</TD>
    <TD>0.44</TD>
  </TR>
  <TR>
    <TD>914.0</TD>
    <TD>241.3987</TD>
    <TD>55.05877</TD>
    <TD>596.328</TD>
    <TD>254.218</TD>
    <TD>24.316</TD>
    <TD>0.1722</TD>
    <TD>24.1991</TD>
    <TD>0.3493</TD>
    <TD>24.1991</TD>
    <TD>0.3493</TD>
    <TD>0.36</TD>
  </TR>
  <TR>
    <TD>915.0</TD>
    <TD>241.3945</TD>
    <TD>55.04787</TD>
    <TD>717.499</TD>
    <TD>279.135</TD>
    <TD>21.4914</TD>
    <TD>0.0374</TD>
    <TD>21.4514</TD>
    <TD>0.0532</TD>
    <TD>21.4514</TD>
    <TD>0.0532</TD>
    <TD>0.01</TD>
  </TR>
  <TR>
    <TD>916.0</TD>
    <TD>241.3976</TD>
    <TD>55.0119</TD>
    <TD>1113.026</TD>
    <TD>254.817</TD>
    <TD>25.4429</TD>
    <TD>0.3008</TD>
    <TD>24.6812</TD>
    <TD>0.3636</TD>
    <TD>24.6812</TD>
    <TD>0.3636</TD>
    <TD>0.35</TD>
  </TR>
  <TR>
    <TD>917.0</TD>
    <TD>241.3943</TD>
    <TD>54.95915</TD>
    <TD>1691.967</TD>
    <TD>267.89</TD>
    <TD>22.7915</TD>
    <TD>0.0816</TD>
    <TD>22.576</TD>
    <TD>0.0951</TD>
    <TD>22.576</TD>
    <TD>0.0951</TD>
    <TD>0.27</TD>
  </TR>
  <TR>
    <TD>918.0</TD>
    <TD>241.3977</TD>
    <TD>55.06892</TD>
    <TD>484.371</TD>
    <TD>261.885</TD>
    <TD>23.7934</TD>
    <TD>0.1322</TD>
    <TD>23.2288</TD>
    <TD>0.2407</TD>
    <TD>23.2288</TD>
    <TD>0.2407</TD>
    <TD>0.48</TD>
  </TR>
  <TR>
    <TD>919.0</TD>
    <TD>241.3983</TD>
    <TD>55.06885</TD>
    <TD>485.0</TD>
    <TD>257.977</TD>
    <TD>24.8922</TD>
    <TD>0.2424</TD>
    <TD>23.5671</TD>
    <TD>0.2503</TD>
    <TD>24.2526</TD>
    <TD>0.2282</TD>
    <TD>0.39</TD>
  </TR>
  <TR>
    <TD>920.0</TD>
    <TD>241.3988</TD>
    <TD>55.07986</TD>
    <TD>363.0</TD>
    <TD>255.987</TD>
    <TD>25.6899</TD>
    <TD>0.2954</TD>
    <TD>25.2276</TD>
    <TD>0.4707</TD>
    <TD>25.2276</TD>
    <TD>0.4707</TD>
    <TD>0.42</TD>
  </TR>
  <TR>
    <TD>921.0</TD>
    <TD>241.3975</TD>
    <TD>55.05853</TD>
    <TD>599.243</TD>
    <TD>261.874</TD>
    <TD>23.5984</TD>
    <TD>0.1323</TD>
    <TD>22.2604</TD>
    <TD>0.1406</TD>
    <TD>22.9898</TD>
    <TD>0.1261</TD>
    <TD>0.65</TD>
  </TR>
  <TR>
    <TD>922.0</TD>
    <TD>241.3915</TD>
    <TD>55.03115</TD>
    <TD>902.327</TD>
    <TD>296.231</TD>
    <TD>20.7265</TD>
    <TD>0.0244</TD>
    <TD>20.6363</TD>
    <TD>0.0302</TD>
    <TD>20.6363</TD>
    <TD>0.0302</TD>
    <TD>0.02</TD>
  </TR>
  <TR>
    <TD>923.0</TD>
    <TD>241.3968</TD>
    <TD>55.04709</TD>
    <TD>725.706</TD>
    <TD>264.983</TD>
    <TD>23.8229</TD>
    <TD>0.1508</TD>
    <TD>23.3366</TD>
    <TD>0.1667</TD>
    <TD>23.3366</TD>
    <TD>0.1667</TD>
    <TD>0.29</TD>
  </TR>
  <TR>
    <TD>924.0</TD>
    <TD>241.3993</TD>
    <TD>55.10001</TD>
    <TD>139.492</TD>
    <TD>255.484</TD>
    <TD>25.5015</TD>
    <TD>0.2855</TD>
    <TD>24.7317</TD>
    <TD>0.3867</TD>
    <TD>24.7317</TD>
    <TD>0.3867</TD>
    <TD>0.38</TD>
  </TR>
  <TR>
    <TD>925.0</TD>
    <TD>241.3985</TD>
    <TD>55.10858</TD>
    <TD>44.423</TD>
    <TD>261.395</TD>
    <TD>24.6435</TD>
    <TD>0.1942</TD>
    <TD>23.7995</TD>
    <TD>0.2803</TD>
    <TD>24.2526</TD>
    <TD>0.1979</TD>
    <TD>0.49</TD>
  </TR>
  <TR>
    <TD>926.0</TD>
    <TD>241.3978</TD>
    <TD>55.10874</TD>
    <TD>42.791</TD>
    <TD>265.996</TD>
    <TD>24.5843</TD>
    <TD>0.2023</TD>
    <TD>23.3622</TD>
    <TD>0.1976</TD>
    <TD>24.0538</TD>
    <TD>0.1984</TD>
    <TD>0.49</TD>
  </TR>
  <TR>
    <TD>927.0</TD>
    <TD>241.3893</TD>
    <TD>55.02406</TD>
    <TD>980.842</TD>
    <TD>309.053</TD>
    <TD>20.4927</TD>
    <TD>0.0232</TD>
    <TD>20.4178</TD>
    <TD>0.0302</TD>
    <TD>20.4178</TD>
    <TD>0.0302</TD>
    <TD>0.0</TD>
  </TR>
  <TR>
    <TD>928.0</TD>
    <TD>241.3985</TD>
    <TD>55.10793</TD>
    <TD>51.657</TD>
    <TD>260.999</TD>
    <TD>26.1225</TD>
    <TD>0.4342</TD>
    <TD>25.3757</TD>
    <TD>0.3086</TD>
    <TD>25.3757</TD>
    <TD>0.3086</TD>
    <TD>0.38</TD>
  </TR>
  <TR>
    <TD>929.0</TD>
    <TD>241.3976</TD>
    <TD>55.0763</TD>
    <TD>402.675</TD>
    <TD>263.077</TD>
    <TD>24.8481</TD>
    <TD>0.2073</TD>
    <TD>24.348</TD>
    <TD>0.212</TD>
    <TD>24.348</TD>
    <TD>0.212</TD>
    <TD>0.49</TD>
  </TR>
  <TR>
    <TD>930.0</TD>
    <TD>241.3981</TD>
    <TD>55.10134</TD>
    <TD>124.966</TD>
    <TD>262.775</TD>
    <TD>25.2439</TD>
    <TD>0.2274</TD>
    <TD>24.8068</TD>
    <TD>0.2674</TD>
    <TD>24.8068</TD>
    <TD>0.2674</TD>
    <TD>0.42</TD>
  </TR>
  <TR>
    <TD>931.0</TD>
    <TD>241.3965</TD>
    <TD>55.05843</TD>
    <TD>600.544</TD>
    <TD>267.883</TD>
    <TD>23.7282</TD>
    <TD>0.1248</TD>
    <TD>23.2302</TD>
    <TD>0.2224</TD>
    <TD>23.3703</TD>
    <TD>0.128</TD>
    <TD>0.66</TD>
  </TR>
  <TR>
    <TD>932.0</TD>
    <TD>241.3942</TD>
    <TD>55.02829</TD>
    <TD>933.365</TD>
    <TD>278.622</TD>
    <TD>23.162</TD>
    <TD>0.1004</TD>
    <TD>22.5526</TD>
    <TD>0.1796</TD>
    <TD>22.5526</TD>
    <TD>0.1796</TD>
    <TD>0.62</TD>
  </TR>
  <TR>
    <TD>933.0</TD>
    <TD>241.3945</TD>
    <TD>54.97738</TD>
    <TD>1492.377</TD>
    <TD>269.194</TD>
    <TD>23.7748</TD>
    <TD>0.1301</TD>
    <TD>23.4675</TD>
    <TD>0.1623</TD>
    <TD>23.4675</TD>
    <TD>0.1623</TD>
    <TD>0.55</TD>
  </TR>
  <TR>
    <TD>934.0</TD>
    <TD>241.3983</TD>
    <TD>55.101</TD>
    <TD>128.717</TD>
    <TD>261.705</TD>
    <TD>25.3082</TD>
    <TD>0.2113</TD>
    <TD>25.3105</TD>
    <TD>0.4057</TD>
    <TD>25.3105</TD>
    <TD>0.4057</TD>
    <TD>0.47</TD>
  </TR>
  <TR>
    <TD>935.0</TD>
    <TD>241.3985</TD>
    <TD>55.10948</TD>
    <TD>34.428</TD>
    <TD>261.459</TD>
    <TD>25.4098</TD>
    <TD>0.2633</TD>
    <TD>25.4149</TD>
    <TD>0.4461</TD>
    <TD>25.4149</TD>
    <TD>0.4461</TD>
    <TD>0.4</TD>
  </TR>
  <TR>
    <TD>936.0</TD>
    <TD>241.3983</TD>
    <TD>55.10565</TD>
    <TD>76.976</TD>
    <TD>262.51</TD>
    <TD>25.4041</TD>
    <TD>0.2619</TD>
    <TD>25.1816</TD>
    <TD>0.361</TD>
    <TD>25.1816</TD>
    <TD>0.361</TD>
    <TD>0.48</TD>
  </TR>
  <TR>
    <TD>937.0</TD>
    <TD>241.3975</TD>
    <TD>55.0719</TD>
    <TD>451.401</TD>
    <TD>263.692</TD>
    <TD>25.9027</TD>
    <TD>0.3568</TD>
    <TD>25.1608</TD>
    <TD>0.3397</TD>
    <TD>25.1608</TD>
    <TD>0.3397</TD>
    <TD>0.39</TD>
  </TR>
  <TR>
    <TD>938.0</TD>
    <TD>241.398</TD>
    <TD>55.10048</TD>
    <TD>134.464</TD>
    <TD>263.537</TD>
    <TD>25.3735</TD>
    <TD>0.2549</TD>
    <TD>24.1018</TD>
    <TD>0.2762</TD>
    <TD>24.1018</TD>
    <TD>0.2762</TD>
    <TD>0.47</TD>
  </TR>
  <TR>
    <TD>939.0</TD>
    <TD>241.393</TD>
    <TD>54.96656</TD>
    <TD>1611.043</TD>
    <TD>277.124</TD>
    <TD>23.5218</TD>
    <TD>0.1174</TD>
    <TD>23.4234</TD>
    <TD>0.209</TD>
    <TD>23.4234</TD>
    <TD>0.209</TD>
    <TD>0.61</TD>
  </TR>
  <TR>
    <TD>940.0</TD>
    <TD>241.3957</TD>
    <TD>55.10868</TD>
    <TD>43.829</TD>
    <TD>278.842</TD>
    <TD>24.5137</TD>
    <TD>0.1817</TD>
    <TD>24.6107</TD>
    <TD>0.2688</TD>
    <TD>24.6107</TD>
    <TD>0.2688</TD>
    <TD>0.39</TD>
  </TR>
  <TR>
    <TD>941.0</TD>
    <TD>241.3872</TD>
    <TD>54.92743</TD>
    <TD>2039.753</TD>
    <TD>307.481</TD>
    <TD>20.9091</TD>
    <TD>0.0254</TD>
    <TD>20.8716</TD>
    <TD>0.0356</TD>
    <TD>20.8716</TD>
    <TD>0.0356</TD>
    <TD>0.02</TD>
  </TR>
  <TR>
    <TD>942.0</TD>
    <TD>241.3963</TD>
    <TD>55.03768</TD>
    <TD>829.501</TD>
    <TD>266.504</TD>
    <TD>25.5515</TD>
    <TD>0.2985</TD>
    <TD>25.2619</TD>
    <TD>0.3882</TD>
    <TD>25.2619</TD>
    <TD>0.3882</TD>
    <TD>0.35</TD>
  </TR>
  <TR>
    <TD>943.0</TD>
    <TD>241.3958</TD>
    <TD>55.04078</TD>
    <TD>795.47</TD>
    <TD>269.976</TD>
    <TD>25.7016</TD>
    <TD>0.3413</TD>
    <TD>24.8565</TD>
    <TD>0.4198</TD>
    <TD>24.8565</TD>
    <TD>0.4198</TD>
    <TD>0.41</TD>
  </TR>
  <TR>
    <TD>944.0</TD>
    <TD>241.3963</TD>
    <TD>55.08257</TD>
    <TD>333.541</TD>
    <TD>272.308</TD>
    <TD>25.028</TD>
    <TD>0.2432</TD>
    <TD>24.3119</TD>
    <TD>0.4504</TD>
    <TD>24.3119</TD>
    <TD>0.4504</TD>
    <TD>0.47</TD>
  </TR>
  <TR>
    <TD>945.0</TD>
    <TD>241.3931</TD>
    <TD>54.94538</TD>
    <TD>1842.734</TD>
    <TD>272.997</TD>
    <TD>25.8469</TD>
    <TD>0.3886</TD>
    <TD>25.7573</TD>
    <TD>1.3171</TD>
    <TD>25.7573</TD>
    <TD>1.3171</TD>
    <TD>0.35</TD>
  </TR>
  <TR>
    <TD>946.0</TD>
    <TD>241.3889</TD>
    <TD>54.93695</TD>
    <TD>1935.498</TD>
    <TD>297.981</TD>
    <TD>22.8652</TD>
    <TD>0.0871</TD>
    <TD>22.5942</TD>
    <TD>0.1397</TD>
    <TD>22.5942</TD>
    <TD>0.1397</TD>
    <TD>0.03</TD>
  </TR>
  <TR>
    <TD>947.0</TD>
    <TD>241.3959</TD>
    <TD>55.07531</TD>
    <TD>414.016</TD>
    <TD>273.889</TD>
    <TD>24.3882</TD>
    <TD>0.1549</TD>
    <TD>24.2887</TD>
    <TD>0.2109</TD>
    <TD>24.2887</TD>
    <TD>0.2109</TD>
    <TD>0.51</TD>
  </TR>
  <TR>
    <TD>948.0</TD>
    <TD>241.3944</TD>
    <TD>55.08562</TD>
    <TD>300.121</TD>
    <TD>284.43</TD>
    <TD>23.9812</TD>
    <TD>0.1563</TD>
    <TD>23.6397</TD>
    <TD>0.2197</TD>
    <TD>23.6397</TD>
    <TD>0.2197</TD>
    <TD>0.5</TD>
  </TR>
  <TR>
    <TD>949.0</TD>
    <TD>241.3959</TD>
    <TD>55.10241</TD>
    <TD>113.519</TD>
    <TD>277.002</TD>
    <TD>24.8705</TD>
    <TD>0.1969</TD>
    <TD>24.7201</TD>
    <TD>0.2732</TD>
    <TD>24.7201</TD>
    <TD>0.2732</TD>
    <TD>0.48</TD>
  </TR>
  <TR>
    <TD>950.0</TD>
    <TD>241.3959</TD>
    <TD>55.07871</TD>
    <TD>376.338</TD>
    <TD>274.322</TD>
    <TD>26.1612</TD>
    <TD>0.4496</TD>
    <TD>24.7042</TD>
    <TD>0.347</TD>
    <TD>24.7042</TD>
    <TD>0.347</TD>
    <TD>0.36</TD>
  </TR>
  <TR>
    <TD>951.0</TD>
    <TD>241.3964</TD>
    <TD>55.10655</TD>
    <TD>67.469</TD>
    <TD>274.511</TD>
    <TD>25.5698</TD>
    <TD>0.3034</TD>
    <TD>24.4638</TD>
    <TD>0.3295</TD>
    <TD>24.4638</TD>
    <TD>0.3295</TD>
    <TD>0.35</TD>
  </TR>
  <TR>
    <TD>952.0</TD>
    <TD>241.3958</TD>
    <TD>55.10721</TD>
    <TD>60.21</TD>
    <TD>278.205</TD>
    <TD>25.4343</TD>
    <TD>0.269</TD>
    <TD>24.9893</TD>
    <TD>0.291</TD>
    <TD>24.9893</TD>
    <TD>0.291</TD>
    <TD>0.48</TD>
  </TR>
  <TR>
    <TD>953.0</TD>
    <TD>241.3889</TD>
    <TD>54.9476</TD>
    <TD>1819.175</TD>
    <TD>299.825</TD>
    <TD>22.3595</TD>
    <TD>0.0653</TD>
    <TD>22.078</TD>
    <TD>0.0968</TD>
    <TD>22.078</TD>
    <TD>0.0968</TD>
    <TD>0.0</TD>
  </TR>
  <TR>
    <TD>954.0</TD>
    <TD>241.3937</TD>
    <TD>54.9888</TD>
    <TD>1367.32</TD>
    <TD>276.324</TD>
    <TD>25.859</TD>
    <TD>0.3432</TD>
    <TD>25.2249</TD>
    <TD>0.3754</TD>
    <TD>25.2249</TD>
    <TD>0.3754</TD>
    <TD>0.36</TD>
  </TR>
  <TR>
    <TD>955.0</TD>
    <TD>241.3942</TD>
    <TD>55.06819</TD>
    <TD>493.091</TD>
    <TD>284.126</TD>
    <TD>24.0988</TD>
    <TD>0.1609</TD>
    <TD>23.5958</TD>
    <TD>0.2688</TD>
    <TD>23.5958</TD>
    <TD>0.2688</TD>
    <TD>0.46</TD>
  </TR>
  <TR>
    <TD>956.0</TD>
    <TD>241.3922</TD>
    <TD>55.07281</TD>
    <TD>442.399</TD>
    <TD>297.021</TD>
    <TD>22.9099</TD>
    <TD>0.0932</TD>
    <TD>22.3007</TD>
    <TD>0.1442</TD>
    <TD>22.3007</TD>
    <TD>0.1442</TD>
    <TD>0.17</TD>
  </TR>
  <TR>
    <TD>957.0</TD>
    <TD>241.3917</TD>
    <TD>55.11166</TD>
    <TD>11.639</TD>
    <TD>304.71</TD>
    <TD>23.1164</TD>
    <TD>0.0976</TD>
    <TD>22.8346</TD>
    <TD>0.2024</TD>
    <TD>22.6978</TD>
    <TD>0.0989</TD>
    <TD>0.31</TD>
  </TR>
  <TR>
    <TD>958.0</TD>
    <TD>241.3926</TD>
    <TD>55.08055</TD>
    <TD>356.662</TD>
    <TD>295.659</TD>
    <TD>25.2048</TD>
    <TD>0.2649</TD>
    <TD>24.8165</TD>
    <TD>0.3844</TD>
    <TD>24.8165</TD>
    <TD>0.3844</TD>
    <TD>0.41</TD>
  </TR>
  <TR>
    <TD>959.0</TD>
    <TD>241.3944</TD>
    <TD>55.02892</TD>
    <TD>926.303</TD>
    <TD>277.354</TD>
    <TD>25.5412</TD>
    <TD>0.2591</TD>
    <TD>25.1496</TD>
    <TD>0.2522</TD>
    <TD>25.1496</TD>
    <TD>0.2522</TD>
    <TD>0.47</TD>
  </TR>
  <TR>
    <TD>960.0</TD>
    <TD>241.3959</TD>
    <TD>55.106</TD>
    <TD>73.656</TD>
    <TD>277.339</TD>
    <TD>25.4098</TD>
    <TD>0.2309</TD>
    <TD>25.1837</TD>
    <TD>0.26</TD>
    <TD>25.1837</TD>
    <TD>0.26</TD>
    <TD>0.37</TD>
  </TR>
  <TR>
    <TD>961.0</TD>
    <TD>241.3957</TD>
    <TD>55.07278</TD>
    <TD>441.989</TD>
    <TD>275.0</TD>
    <TD>25.8609</TD>
    <TD>0.3438</TD>
    <TD>25.3284</TD>
    <TD>0.3182</TD>
    <TD>25.3284</TD>
    <TD>0.3182</TD>
    <TD>0.37</TD>
  </TR>
  <TR>
    <TD>962.0</TD>
    <TD>241.394</TD>
    <TD>55.03401</TD>
    <TD>870.356</TD>
    <TD>280.845</TD>
    <TD>25.3293</TD>
    <TD>0.2718</TD>
    <TD>24.9784</TD>
    <TD>0.3004</TD>
    <TD>24.9784</TD>
    <TD>0.3004</TD>
    <TD>0.36</TD>
  </TR>
  <TR>
    <TD>963.0</TD>
    <TD>241.3949</TD>
    <TD>55.08111</TD>
    <TD>349.991</TD>
    <TD>280.699</TD>
    <TD>24.9947</TD>
    <TD>0.2361</TD>
    <TD>24.6406</TD>
    <TD>0.4686</TD>
    <TD>24.6406</TD>
    <TD>0.4686</TD>
    <TD>0.35</TD>
  </TR>
  <TR>
    <TD>964.0</TD>
    <TD>241.3953</TD>
    <TD>55.08297</TD>
    <TD>329.327</TD>
    <TD>278.64</TD>
    <TD>25.9885</TD>
    <TD>0.3852</TD>
    <TD>25.3403</TD>
    <TD>0.6201</TD>
    <TD>25.3403</TD>
    <TD>0.6201</TD>
    <TD>0.36</TD>
  </TR>
  <TR>
    <TD>965.0</TD>
    <TD>241.3849</TD>
    <TD>55.05274</TD>
    <TD>665.637</TD>
    <TD>340.467</TD>
    <TD>17.6776</TD>
    <TD>0.0030</TD>
    <TD>17.7015</TD>
    <TD>0.0028</TD>
    <TD>17.7015</TD>
    <TD>0.0028</TD>
    <TD>0.42</TD>
  </TR>
  <TR>
    <TD>966.0</TD>
    <TD>241.3915</TD>
    <TD>55.06563</TD>
    <TD>521.961</TD>
    <TD>300.507</TD>
    <TD>22.2295</TD>
    <TD>0.0578</TD>
    <TD>22.1701</TD>
    <TD>0.0816</TD>
    <TD>22.1701</TD>
    <TD>0.0816</TD>
    <TD>0.11</TD>
  </TR>
  <TR>
    <TD>967.0</TD>
    <TD>241.3892</TD>
    <TD>54.99507</TD>
    <TD>1299.32</TD>
    <TD>305.355</TD>
    <TD>21.0215</TD>
    <TD>0.0239</TD>
    <TD>20.9691</TD>
    <TD>0.0288</TD>
    <TD>20.9691</TD>
    <TD>0.0288</TD>
    <TD>0.13</TD>
  </TR>
  <TR>
    <TD>968.0</TD>
    <TD>241.3931</TD>
    <TD>55.04253</TD>
    <TD>776.638</TD>
    <TD>287.681</TD>
    <TD>24.5159</TD>
    <TD>0.1904</TD>
    <TD>23.833</TD>
    <TD>0.3151</TD>
    <TD>23.833</TD>
    <TD>0.3151</TD>
    <TD>0.4</TD>
  </TR>
  <TR>
    <TD>969.0</TD>
    <TD>241.3939</TD>
    <TD>55.05055</TD>
    <TD>687.98</TD>
    <TD>283.255</TD>
    <TD>24.7504</TD>
    <TD>0.1901</TD>
    <TD>24.6415</TD>
    <TD>0.2544</TD>
    <TD>24.6415</TD>
    <TD>0.2544</TD>
    <TD>0.81</TD>
  </TR>
  <TR>
    <TD>970.0</TD>
    <TD>241.3942</TD>
    <TD>55.06306</TD>
    <TD>549.778</TD>
    <TD>283.229</TD>
    <TD>25.1307</TD>
    <TD>0.2279</TD>
    <TD>24.9893</TD>
    <TD>0.3485</TD>
    <TD>24.9893</TD>
    <TD>0.3485</TD>
    <TD>0.41</TD>
  </TR>
  <TR>
    <TD>971.0</TD>
    <TD>241.3949</TD>
    <TD>55.07922</TD>
    <TD>370.875</TD>
    <TD>280.629</TD>
    <TD>25.1006</TD>
    <TD>0.2219</TD>
    <TD>24.4641</TD>
    <TD>0.3541</TD>
    <TD>24.4641</TD>
    <TD>0.3541</TD>
    <TD>0.37</TD>
  </TR>
  <TR>
    <TD>972.0</TD>
    <TD>241.3955</TD>
    <TD>55.11015</TD>
    <TD>27.641</TD>
    <TD>280.701</TD>
    <TD>25.8234</TD>
    <TD>0.3326</TD>
    <TD>24.609</TD>
    <TD>0.3239</TD>
    <TD>24.609</TD>
    <TD>0.3239</TD>
    <TD>0.35</TD>
  </TR>
  <TR>
    <TD>973.0</TD>
    <TD>241.3949</TD>
    <TD>55.11007</TD>
    <TD>28.547</TD>
    <TD>284.091</TD>
    <TD>24.7308</TD>
    <TD>0.2307</TD>
    <TD>23.8767</TD>
    <TD>0.3407</TD>
    <TD>23.8767</TD>
    <TD>0.3407</TD>
    <TD>0.38</TD>
  </TR>
  <TR>
    <TD>974.0</TD>
    <TD>241.3936</TD>
    <TD>55.11042</TD>
    <TD>24.93</TD>
    <TD>292.419</TD>
    <TD>24.2577</TD>
    <TD>0.1748</TD>
    <TD>24.0418</TD>
    <TD>0.327</TD>
    <TD>24.0418</TD>
    <TD>0.327</TD>
    <TD>0.37</TD>
  </TR>
  <TR>
    <TD>975.0</TD>
    <TD>241.3951</TD>
    <TD>55.10622</TD>
    <TD>71.327</TD>
    <TD>282.313</TD>
    <TD>25.9384</TD>
    <TD>0.3684</TD>
    <TD>25.0303</TD>
    <TD>0.2268</TD>
    <TD>25.0303</TD>
    <TD>0.2268</TD>
    <TD>0.36</TD>
  </TR>
  <TR>
    <TD>976.0</TD>
    <TD>241.3917</TD>
    <TD>55.08166</TD>
    <TD>344.495</TD>
    <TD>301.022</TD>
    <TD>24.784</TD>
    <TD>0.2083</TD>
    <TD>24.7923</TD>
    <TD>0.2916</TD>
    <TD>24.7923</TD>
    <TD>0.2916</TD>
    <TD>0.47</TD>
  </TR>
  <TR>
    <TD>977.0</TD>
    <TD>241.3948</TD>
    <TD>55.0932</TD>
    <TD>215.988</TD>
    <TD>283.234</TD>
    <TD>25.7247</TD>
    <TD>0.3484</TD>
    <TD>24.9422</TD>
    <TD>0.3021</TD>
    <TD>24.9422</TD>
    <TD>0.3021</TD>
    <TD>0.41</TD>
  </TR>
  <TR>
    <TD>978.0</TD>
    <TD>241.3933</TD>
    <TD>55.06705</TD>
    <TD>505.934</TD>
    <TD>289.441</TD>
    <TD>23.3323</TD>
    <TD>0.0705</TD>
    <TD>23.4663</TD>
    <TD>0.1117</TD>
    <TD>23.4663</TD>
    <TD>0.1117</TD>
    <TD>0.94</TD>
  </TR>
  <TR>
    <TD>979.0</TD>
    <TD>241.3906</TD>
    <TD>54.93417</TD>
    <TD>1965.609</TD>
    <TD>287.233</TD>
    <TD>25.4729</TD>
    <TD>0.309</TD>
    <TD>24.598</TD>
    <TD>0.3675</TD>
    <TD>24.598</TD>
    <TD>0.3675</TD>
    <TD>0.37</TD>
  </TR>
  <TR>
    <TD>980.0</TD>
    <TD>241.3937</TD>
    <TD>55.04542</TD>
    <TD>744.672</TD>
    <TD>284.355</TD>
    <TD>25.8503</TD>
    <TD>0.3406</TD>
    <TD>24.717</TD>
    <TD>0.3696</TD>
    <TD>24.717</TD>
    <TD>0.3696</TD>
    <TD>0.36</TD>
  </TR>
  <TR>
    <TD>981.0</TD>
    <TD>241.3916</TD>
    <TD>55.07149</TD>
    <TD>457.189</TD>
    <TD>300.847</TD>
    <TD>22.743</TD>
    <TD>0.0751</TD>
    <TD>22.3529</TD>
    <TD>0.1219</TD>
    <TD>22.3529</TD>
    <TD>0.1219</TD>
    <TD>0.01</TD>
  </TR>
  <TR>
    <TD>982.0</TD>
    <TD>241.3887</TD>
    <TD>55.0327</TD>
    <TD>885.835</TD>
    <TD>313.773</TD>
    <TD>21.8566</TD>
    <TD>0.0484</TD>
    <TD>21.7548</TD>
    <TD>0.0706</TD>
    <TD>21.7548</TD>
    <TD>0.0706</TD>
    <TD>0.0</TD>
  </TR>
  <TR>
    <TD>983.0</TD>
    <TD>241.39</TD>
    <TD>54.93127</TD>
    <TD>1997.306</TD>
    <TD>290.309</TD>
    <TD>24.8133</TD>
    <TD>0.2259</TD>
    <TD>24.4105</TD>
    <TD>0.4955</TD>
    <TD>24.4105</TD>
    <TD>0.4955</TD>
    <TD>0.43</TD>
  </TR>
  <TR>
    <TD>984.0</TD>
    <TD>241.3937</TD>
    <TD>55.0975</TD>
    <TD>168.532</TD>
    <TD>290.176</TD>
    <TD>24.4832</TD>
    <TD>0.1926</TD>
    <TD>24.2647</TD>
    <TD>0.4129</TD>
    <TD>24.2647</TD>
    <TD>0.4129</TD>
    <TD>0.38</TD>
  </TR>
  <TR>
    <TD>985.0</TD>
    <TD>241.3942</TD>
    <TD>55.1032</TD>
    <TD>105.109</TD>
    <TD>287.869</TD>
    <TD>25.0247</TD>
    <TD>0.2582</TD>
    <TD>24.4672</TD>
    <TD>0.2533</TD>
    <TD>24.4672</TD>
    <TD>0.2533</TD>
    <TD>0.47</TD>
  </TR>
  <TR>
    <TD>986.0</TD>
    <TD>241.3913</TD>
    <TD>55.09439</TD>
    <TD>203.476</TD>
    <TD>305.475</TD>
    <TD>22.7314</TD>
    <TD>0.0719</TD>
    <TD>22.7495</TD>
    <TD>0.1051</TD>
    <TD>22.7495</TD>
    <TD>0.1051</TD>
    <TD>0.64</TD>
  </TR>
  <TR>
    <TD>987.0</TD>
    <TD>241.3941</TD>
    <TD>55.10252</TD>
    <TD>112.69</TD>
    <TD>288.569</TD>
    <TD>24.7648</TD>
    <TD>0.1925</TD>
    <TD>24.5391</TD>
    <TD>0.2986</TD>
    <TD>24.5391</TD>
    <TD>0.2986</TD>
    <TD>0.49</TD>
  </TR>
  <TR>
    <TD>988.0</TD>
    <TD>241.3945</TD>
    <TD>55.10703</TD>
    <TD>62.513</TD>
    <TD>286.484</TD>
    <TD>25.2408</TD>
    <TD>0.2268</TD>
    <TD>24.8655</TD>
    <TD>0.2713</TD>
    <TD>24.8655</TD>
    <TD>0.2713</TD>
    <TD>0.38</TD>
  </TR>
  <TR>
    <TD>989.0</TD>
    <TD>241.3929</TD>
    <TD>55.11084</TD>
    <TD>20.42</TD>
    <TD>297.194</TD>
    <TD>24.2993</TD>
    <TD>0.1635</TD>
    <TD>24.2603</TD>
    <TD>0.263</TD>
    <TD>24.2603</TD>
    <TD>0.263</TD>
    <TD>0.58</TD>
  </TR>
  <TR>
    <TD>990.0</TD>
    <TD>241.3902</TD>
    <TD>55.09156</TD>
    <TD>235.092</TD>
    <TD>311.576</TD>
    <TD>22.5091</TD>
    <TD>0.0704</TD>
    <TD>22.5468</TD>
    <TD>0.148</TD>
    <TD>22.5468</TD>
    <TD>0.148</TD>
    <TD>0.08</TD>
  </TR>
  <TR>
    <TD>991.0</TD>
    <TD>241.3915</TD>
    <TD>55.10401</TD>
    <TD>96.625</TD>
    <TD>305.242</TD>
    <TD>23.2397</TD>
    <TD>0.102</TD>
    <TD>23.0622</TD>
    <TD>0.1539</TD>
    <TD>23.0622</TD>
    <TD>0.1539</TD>
    <TD>0.0</TD>
  </TR>
  <TR>
    <TD>992.0</TD>
    <TD>241.3928</TD>
    <TD>55.05483</TD>
    <TD>641.002</TD>
    <TD>291.007</TD>
    <TD>24.4489</TD>
    <TD>0.1635</TD>
    <TD>24.1642</TD>
    <TD>0.1885</TD>
    <TD>24.1642</TD>
    <TD>0.1885</TD>
    <TD>0.82</TD>
  </TR>
  <TR>
    <TD>993.0</TD>
    <TD>241.3933</TD>
    <TD>55.07802</TD>
    <TD>384.553</TD>
    <TD>290.773</TD>
    <TD>25.1688</TD>
    <TD>0.2357</TD>
    <TD>25.1263</TD>
    <TD>0.3569</TD>
    <TD>25.1263</TD>
    <TD>0.3569</TD>
    <TD>0.48</TD>
  </TR>
  <TR>
    <TD>994.0</TD>
    <TD>241.3904</TD>
    <TD>54.93449</TD>
    <TD>1962.145</TD>
    <TD>288.64</TD>
    <TD>25.3464</TD>
    <TD>0.276</TD>
    <TD>24.7076</TD>
    <TD>0.4272</TD>
    <TD>24.7076</TD>
    <TD>0.4272</TD>
    <TD>0.47</TD>
  </TR>
  <TR>
    <TD>995.0</TD>
    <TD>241.3942</TD>
    <TD>55.10886</TD>
    <TD>42.229</TD>
    <TD>288.598</TD>
    <TD>25.0115</TD>
    <TD>0.2052</TD>
    <TD>25.2659</TD>
    <TD>0.4199</TD>
    <TD>25.2659</TD>
    <TD>0.4199</TD>
    <TD>0.46</TD>
  </TR>
  <TR>
    <TD>996.0</TD>
    <TD>241.3841</TD>
    <TD>55.05886</TD>
    <TD>598.169</TD>
    <TD>346.083</TD>
    <TD>18.9498</TD>
    <TD>0.0070</TD>
    <TD>18.9655</TD>
    <TD>0.0071</TD>
    <TD>18.9216</TD>
    <TD>0.0071</TD>
    <TD>0.16</TD>
  </TR>
  <TR>
    <TD>997.0</TD>
    <TD>241.3866</TD>
    <TD>54.96655</TD>
    <TD>1612.292</TD>
    <TD>317.585</TD>
    <TD>21.8164</TD>
    <TD>0.0491</TD>
    <TD>21.5858</TD>
    <TD>0.0756</TD>
    <TD>21.5858</TD>
    <TD>0.0756</TD>
    <TD>0.0</TD>
  </TR>
  <TR>
    <TD>998.0</TD>
    <TD>241.3905</TD>
    <TD>55.03632</TD>
    <TD>845.599</TD>
    <TD>303.34</TD>
    <TD>23.1483</TD>
    <TD>0.0928</TD>
    <TD>23.0294</TD>
    <TD>0.1432</TD>
    <TD>23.0294</TD>
    <TD>0.1432</TD>
    <TD>0.61</TD>
  </TR>
  <TR>
    <TD>999.0</TD>
    <TD>241.3907</TD>
    <TD>54.95085</TD>
    <TD>1783.296</TD>
    <TD>289.3</TD>
    <TD>25.5913</TD>
    <TD>0.2708</TD>
    <TD>25.6114</TD>
    <TD>0.4107</TD>
    <TD>25.6114</TD>
    <TD>0.4107</TD>
    <TD>0.42</TD>
  </TR>
  <TR>
    <TD>1000.0</TD>
    <TD>241.3938</TD>
    <TD>55.09323</TD>
    <TD>215.828</TD>
    <TD>289.39</TD>
    <TD>24.3115</TD>
    <TD>0.1716</TD>
    <TD>23.6629</TD>
    <TD>0.2575</TD>
    <TD>23.6629</TD>
    <TD>0.2575</TD>
    <TD>0.43</TD>
  </TR>
  <TR>
    <TD>1001.0</TD>
    <TD>241.3925</TD>
    <TD>55.05648</TD>
    <TD>622.884</TD>
    <TD>293.001</TD>
    <TD>25.0797</TD>
    <TD>0.2547</TD>
    <TD>23.1763</TD>
    <TD>0.2123</TD>
    <TD>23.1763</TD>
    <TD>0.2123</TD>
    <TD>0.48</TD>
  </TR>
  <TR>
    <TD>1002.0</TD>
    <TD>241.394</TD>
    <TD>55.11122</TD>
    <TD>16.045</TD>
    <TD>290.219</TD>
    <TD>25.3546</TD>
    <TD>0.2507</TD>
    <TD>24.9436</TD>
    <TD>0.3025</TD>
    <TD>24.9436</TD>
    <TD>0.3025</TD>
    <TD>0.39</TD>
  </TR>
  <TR>
    <TD>1003.0</TD>
    <TD>241.3846</TD>
    <TD>54.92716</TD>
    <TD>2043.091</TD>
    <TD>323.991</TD>
    <TD>20.6693</TD>
    <TD>0.0223</TD>
    <TD>20.5664</TD>
    <TD>0.0281</TD>
    <TD>20.5629</TD>
    <TD>0.023</TD>
    <TD>0.02</TD>
  </TR>
  <TR>
    <TD>1004.0</TD>
    <TD>241.3923</TD>
    <TD>55.0525</TD>
    <TD>666.814</TD>
    <TD>294.028</TD>
    <TD>24.9968</TD>
    <TD>0.2202</TD>
    <TD>25.0035</TD>
    <TD>0.3738</TD>
    <TD>25.0035</TD>
    <TD>0.3738</TD>
    <TD>0.48</TD>
  </TR>
  <TR>
    <TD>1005.0</TD>
    <TD>241.3882</TD>
    <TD>55.01945</TD>
    <TD>1031.776</TD>
    <TD>315.371</TD>
    <TD>22.2423</TD>
    <TD>0.0589</TD>
    <TD>22.1101</TD>
    <TD>0.0812</TD>
    <TD>22.1101</TD>
    <TD>0.0812</TD>
    <TD>0.0</TD>
  </TR>
  <TR>
    <TD>1006.0</TD>
    <TD>241.3889</TD>
    <TD>54.95066</TD>
    <TD>1785.738</TD>
    <TD>300.751</TD>
    <TD>23.3927</TD>
    <TD>0.1047</TD>
    <TD>23.0731</TD>
    <TD>0.1533</TD>
    <TD>23.0731</TD>
    <TD>0.1533</TD>
    <TD>0.22</TD>
  </TR>
  <TR>
    <TD>1007.0</TD>
    <TD>241.3917</TD>
    <TD>55.1075</TD>
    <TD>57.825</TD>
    <TD>303.836</TD>
    <TD>24.468</TD>
    <TD>0.1973</TD>
    <TD>24.3148</TD>
    <TD>0.3056</TD>
    <TD>24.3148</TD>
    <TD>0.3056</TD>
    <TD>0.49</TD>
  </TR>
  <TR>
    <TD>1008.0</TD>
    <TD>241.3897</TD>
    <TD>54.94498</TD>
    <TD>1847.662</TD>
    <TD>294.693</TD>
    <TD>26.3347</TD>
    <TD>0.5254</TD>
    <TD>24.8999</TD>
    <TD>0.3994</TD>
    <TD>24.8999</TD>
    <TD>0.3994</TD>
    <TD>0.36</TD>
  </TR>
  <TR>
    <TD>1009.0</TD>
    <TD>241.3895</TD>
    <TD>54.95304</TD>
    <TD>1759.628</TD>
    <TD>296.966</TD>
    <TD>25.3054</TD>
    <TD>0.2661</TD>
    <TD>23.7226</TD>
    <TD>0.2515</TD>
    <TD>23.7226</TD>
    <TD>0.2515</TD>
    <TD>0.36</TD>
  </TR>
  <TR>
    <TD>1010.0</TD>
    <TD>241.3861</TD>
    <TD>55.01711</TD>
    <TD>1057.872</TD>
    <TD>327.882</TD>
    <TD>20.6988</TD>
    <TD>0.0216</TD>
    <TD>20.6568</TD>
    <TD>0.0277</TD>
    <TD>20.6568</TD>
    <TD>0.0277</TD>
    <TD>0.02</TD>
  </TR>
  <TR>
    <TD>1011.0</TD>
    <TD>241.3896</TD>
    <TD>55.01603</TD>
    <TD>1069.063</TD>
    <TD>305.758</TD>
    <TD>23.887</TD>
    <TD>0.1503</TD>
    <TD>23.3332</TD>
    <TD>0.2311</TD>
    <TD>23.3332</TD>
    <TD>0.2311</TD>
    <TD>0.45</TD>
  </TR>
  <TR>
    <TD>1012.0</TD>
    <TD>241.3906</TD>
    <TD>55.00958</TD>
    <TD>1139.833</TD>
    <TD>298.823</TD>
    <TD>25.2252</TD>
    <TD>0.2698</TD>
    <TD>24.3316</TD>
    <TD>0.3943</TD>
    <TD>24.3316</TD>
    <TD>0.3943</TD>
    <TD>0.35</TD>
  </TR>
  <TR>
    <TD>1013.0</TD>
    <TD>241.3924</TD>
    <TD>55.07643</TD>
    <TD>402.314</TD>
    <TD>296.313</TD>
    <TD>25.9818</TD>
    <TD>0.3829</TD>
    <TD>25.577</TD>
    <TD>0.6476</TD>
    <TD>25.577</TD>
    <TD>0.6476</TD>
    <TD>0.36</TD>
  </TR>
  <TR>
    <TD>1014.0</TD>
    <TD>241.3929</TD>
    <TD>55.10958</TD>
    <TD>34.434</TD>
    <TD>296.507</TD>
    <TD>24.8408</TD>
    <TD>0.1919</TD>
    <TD>24.7091</TD>
    <TD>0.2704</TD>
    <TD>24.7091</TD>
    <TD>0.2704</TD>
    <TD>0.38</TD>
  </TR>
  <TR>
    <TD>1015.0</TD>
    <TD>241.385</TD>
    <TD>55.10889</TD>
    <TD>43.792</TD>
    <TD>346.71</TD>
    <TD>23.8642</TD>
    <TD>0.1306</TD>
    <TD>24.3479</TD>
    <TD>0.5095</TD>
    <TD>24.3479</TD>
    <TD>0.5095</TD>
    <TD>0.48</TD>
  </TR>
  <TR>
    <TD>1016.0</TD>
    <TD>241.3912</TD>
    <TD>55.08535</TD>
    <TD>303.75</TD>
    <TD>304.805</TD>
    <TD>24.7053</TD>
    <TD>0.2052</TD>
    <TD>24.6398</TD>
    <TD>0.361</TD>
    <TD>24.6398</TD>
    <TD>0.361</TD>
    <TD>0.42</TD>
  </TR>
  <TR>
    <TD>1017.0</TD>
    <TD>241.392</TD>
    <TD>55.06735</TD>
    <TD>502.802</TD>
    <TD>297.607</TD>
    <TD>25.4104</TD>
    <TD>0.2922</TD>
    <TD>24.8922</TD>
    <TD>0.5467</TD>
    <TD>24.8922</TD>
    <TD>0.5467</TD>
    <TD>0.36</TD>
  </TR>
  <TR>
    <TD>1018.0</TD>
    <TD>241.3922</TD>
    <TD>55.07847</TD>
    <TD>379.796</TD>
    <TD>297.616</TD>
    <TD>24.6935</TD>
    <TD>0.203</TD>
    <TD>24.8685</TD>
    <TD>0.272</TD>
    <TD>24.8685</TD>
    <TD>0.272</TD>
    <TD>0.37</TD>
  </TR>
  <TR>
    <TD>1019.0</TD>
    <TD>241.389</TD>
    <TD>55.01004</TD>
    <TD>1134.992</TD>
    <TD>308.719</TD>
    <TD>23.7943</TD>
    <TD>0.1384</TD>
    <TD>23.4826</TD>
    <TD>0.2507</TD>
    <TD>23.4826</TD>
    <TD>0.2507</TD>
    <TD>0.57</TD>
  </TR>
  <TR>
    <TD>1020.0</TD>
    <TD>241.392</TD>
    <TD>55.10184</TD>
    <TD>120.642</TD>
    <TD>301.32</TD>
    <TD>25.2396</TD>
    <TD>0.2733</TD>
    <TD>24.7355</TD>
    <TD>0.2932</TD>
    <TD>24.7355</TD>
    <TD>0.2932</TD>
    <TD>0.36</TD>
  </TR>
  <TR>
    <TD>1021.0</TD>
    <TD>241.3903</TD>
    <TD>55.11215</TD>
    <TD>6.455</TD>
    <TD>313.156</TD>
    <TD>23.4973</TD>
    <TD>0.1189</TD>
    <TD>22.9854</TD>
    <TD>0.1715</TD>
    <TD>23.0375</TD>
    <TD>0.1191</TD>
    <TD>0.49</TD>
  </TR>
  <TR>
    <TD>1022.0</TD>
    <TD>241.3921</TD>
    <TD>55.09319</TD>
    <TD>216.672</TD>
    <TD>299.719</TD>
    <TD>25.6023</TD>
    <TD>0.2735</TD>
    <TD>25.3964</TD>
    <TD>0.3144</TD>
    <TD>25.3964</TD>
    <TD>0.3144</TD>
    <TD>0.44</TD>
  </TR>
  <TR>
    <TD>1023.0</TD>
    <TD>241.3865</TD>
    <TD>54.93551</TD>
    <TD>1951.68</TD>
    <TD>312.987</TD>
    <TD>24.5474</TD>
    <TD>0.2194</TD>
    <TD>23.7357</TD>
    <TD>0.3512</TD>
    <TD>23.7357</TD>
    <TD>0.3512</TD>
    <TD>0.45</TD>
  </TR>
  <TR>
    <TD>1024.0</TD>
    <TD>241.3923</TD>
    <TD>55.1084</TD>
    <TD>47.655</TD>
    <TD>300.336</TD>
    <TD>25.78</TD>
    <TD>0.32</TD>
    <TD>25.5124</TD>
    <TD>0.3489</TD>
    <TD>25.5124</TD>
    <TD>0.3489</TD>
    <TD>0.37</TD>
  </TR>
  <TR>
    <TD>1025.0</TD>
    <TD>241.3846</TD>
    <TD>54.98665</TD>
    <TD>1392.589</TD>
    <TD>333.415</TD>
    <TD>22.0456</TD>
    <TD>0.0551</TD>
    <TD>21.9524</TD>
    <TD>0.0819</TD>
    <TD>21.9524</TD>
    <TD>0.0819</TD>
    <TD>0.0</TD>
  </TR>
  <TR>
    <TD>1026.0</TD>
    <TD>241.3885</TD>
    <TD>54.94027</TD>
    <TD>1899.334</TD>
    <TD>301.338</TD>
    <TD>25.9259</TD>
    <TD>0.3643</TD>
    <TD>25.1929</TD>
    <TD>0.2621</TD>
    <TD>25.1929</TD>
    <TD>0.2621</TD>
    <TD>0.36</TD>
  </TR>
  <TR>
    <TD>1027.0</TD>
    <TD>241.3914</TD>
    <TD>55.06814</TD>
    <TD>494.173</TD>
    <TD>301.484</TD>
    <TD>25.2316</TD>
    <TD>0.2713</TD>
    <TD>24.6291</TD>
    <TD>0.306</TD>
    <TD>24.6291</TD>
    <TD>0.306</TD>
    <TD>0.36</TD>
  </TR>
  <TR>
    <TD>1028.0</TD>
    <TD>241.388</TD>
    <TD>54.95669</TD>
    <TD>1720.0</TD>
    <TD>307.44</TD>
    <TD>25.2072</TD>
    <TD>0.2655</TD>
    <TD>24.4742</TD>
    <TD>0.3653</TD>
    <TD>24.4742</TD>
    <TD>0.3653</TD>
    <TD>0.42</TD>
  </TR>
  <TR>
    <TD>1029.0</TD>
    <TD>241.391</TD>
    <TD>55.07481</TD>
    <TD>420.507</TD>
    <TD>304.977</TD>
    <TD>25.7325</TD>
    <TD>0.3508</TD>
    <TD>24.7387</TD>
    <TD>0.3891</TD>
    <TD>24.7387</TD>
    <TD>0.3891</TD>
    <TD>0.4</TD>
  </TR>
  <TR>
    <TD>1030.0</TD>
    <TD>241.3913</TD>
    <TD>55.08039</TD>
    <TD>358.704</TD>
    <TD>303.358</TD>
    <TD>25.6387</TD>
    <TD>0.2824</TD>
    <TD>25.1469</TD>
    <TD>0.3498</TD>
    <TD>25.1469</TD>
    <TD>0.3498</TD>
    <TD>0.38</TD>
  </TR>
  <TR>
    <TD>1031.0</TD>
    <TD>241.3332</TD>
    <TD>55.04255</TD>
    <TD>787.642</TD>
    <TD>664.355</TD>
    <TD>15.4162</TD>
    <TD>0.0018</TD>
    <TD>15.6595</TD>
    <TD>0.0027</TD>
    <TD>15.6595</TD>
    <TD>0.0027</TD>
    <TD>0.0</TD>
  </TR>
  <TR>
    <TD>1032.0</TD>
    <TD>241.3887</TD>
    <TD>55.05122</TD>
    <TD>681.695</TD>
    <TD>316.647</TD>
    <TD>24.3292</TD>
    <TD>0.1921</TD>
    <TD>23.4731</TD>
    <TD>0.2548</TD>
    <TD>23.4731</TD>
    <TD>0.2548</TD>
    <TD>0.35</TD>
  </TR>
  <TR>
    <TD>1033.0</TD>
    <TD>241.3796</TD>
    <TD>54.92847</TD>
    <TD>2029.636</TD>
    <TD>355.168</TD>
    <TD>18.9953</TD>
    <TD>0.0081</TD>
    <TD>18.9731</TD>
    <TD>0.0094</TD>
    <TD>18.9731</TD>
    <TD>0.0094</TD>
    <TD>0.03</TD>
  </TR>
  <TR>
    <TD>1034.0</TD>
    <TD>241.3902</TD>
    <TD>55.08596</TD>
    <TD>297.203</TD>
    <TD>311.425</TD>
    <TD>24.3376</TD>
    <TD>0.1625</TD>
    <TD>24.4645</TD>
    <TD>0.2582</TD>
    <TD>24.4645</TD>
    <TD>0.2582</TD>
    <TD>0.38</TD>
  </TR>
  <TR>
    <TD>1035.0</TD>
    <TD>241.391</TD>
    <TD>55.07998</TD>
    <TD>363.328</TD>
    <TD>305.327</TD>
    <TD>25.8007</TD>
    <TD>0.3259</TD>
    <TD>25.2736</TD>
    <TD>0.2817</TD>
    <TD>25.2736</TD>
    <TD>0.2817</TD>
    <TD>0.36</TD>
  </TR>
  <TR>
    <TD>1036.0</TD>
    <TD>241.3915</TD>
    <TD>55.10809</TD>
    <TD>51.314</TD>
    <TD>305.635</TD>
    <TD>25.4941</TD>
    <TD>0.2486</TD>
    <TD>25.1071</TD>
    <TD>0.2428</TD>
    <TD>25.1071</TD>
    <TD>0.2428</TD>
    <TD>0.45</TD>
  </TR>
  <TR>
    <TD>1037.0</TD>
    <TD>241.3777</TD>
    <TD>54.99329</TD>
    <TD>1320.939</TD>
    <TD>377.576</TD>
    <TD>19.0202</TD>
    <TD>0.0089</TD>
    <TD>19.0131</TD>
    <TD>0.0108</TD>
    <TD>19.0131</TD>
    <TD>0.0108</TD>
    <TD>0.03</TD>
  </TR>
  <TR>
    <TD>1038.0</TD>
    <TD>241.387</TD>
    <TD>55.0026</TD>
    <TD>1217.133</TD>
    <TD>320.19</TD>
    <TD>22.6737</TD>
    <TD>0.054</TD>
    <TD>22.668</TD>
    <TD>0.0772</TD>
    <TD>22.668</TD>
    <TD>0.0772</TD>
    <TD>0.75</TD>
  </TR>
  <TR>
    <TD>1039.0</TD>
    <TD>241.3878</TD>
    <TD>54.94657</TD>
    <TD>1830.642</TD>
    <TD>306.698</TD>
    <TD>25.6028</TD>
    <TD>0.2736</TD>
    <TD>25.6297</TD>
    <TD>0.3877</TD>
    <TD>25.6297</TD>
    <TD>0.3877</TD>
    <TD>0.45</TD>
  </TR>
  <TR>
    <TD>1040.0</TD>
    <TD>241.3912</TD>
    <TD>55.11021</TD>
    <TD>27.828</TD>
    <TD>307.381</TD>
    <TD>25.1597</TD>
    <TD>0.2338</TD>
    <TD>24.8628</TD>
    <TD>0.2812</TD>
    <TD>24.8628</TD>
    <TD>0.2812</TD>
    <TD>0.47</TD>
  </TR>
  <TR>
    <TD>1041.0</TD>
    <TD>241.3886</TD>
    <TD>55.01822</TD>
    <TD>1045.202</TD>
    <TD>312.692</TD>
    <TD>24.2999</TD>
    <TD>0.1758</TD>
    <TD>24.6175</TD>
    <TD>0.5266</TD>
    <TD>24.6175</TD>
    <TD>0.5266</TD>
    <TD>0.47</TD>
  </TR>
  <TR>
    <TD>1042.0</TD>
    <TD>241.3909</TD>
    <TD>55.10331</TD>
    <TD>104.501</TD>
    <TD>308.498</TD>
    <TD>25.347</TD>
    <TD>0.249</TD>
    <TD>25.6617</TD>
    <TD>1.1524</TD>
    <TD>25.6617</TD>
    <TD>1.1524</TD>
    <TD>0.37</TD>
  </TR>
  <TR>
    <TD>1043.0</TD>
    <TD>241.3878</TD>
    <TD>54.98742</TD>
    <TD>1383.562</TD>
    <TD>313.24</TD>
    <TD>25.1872</TD>
    <TD>0.2804</TD>
    <TD>24.3883</TD>
    <TD>0.3849</TD>
    <TD>24.3883</TD>
    <TD>0.3849</TD>
    <TD>0.39</TD>
  </TR>
  <TR>
    <TD>1044.0</TD>
    <TD>241.3879</TD>
    <TD>55.07738</TD>
    <TD>392.687</TD>
    <TD>324.416</TD>
    <TD>23.8076</TD>
    <TD>0.14</TD>
    <TD>23.3677</TD>
    <TD>0.1958</TD>
    <TD>23.3677</TD>
    <TD>0.1958</TD>
    <TD>0.55</TD>
  </TR>
  <TR>
    <TD>1045.0</TD>
    <TD>241.3866</TD>
    <TD>55.04927</TD>
    <TD>703.604</TD>
    <TD>329.478</TD>
    <TD>23.0413</TD>
    <TD>0.0957</TD>
    <TD>22.8207</TD>
    <TD>0.1366</TD>
    <TD>22.8207</TD>
    <TD>0.1366</TD>
    <TD>0.0</TD>
  </TR>
  <TR>
    <TD>1046.0</TD>
    <TD>241.3886</TD>
    <TD>55.00529</TD>
    <TD>1187.232</TD>
    <TD>310.751</TD>
    <TD>25.9911</TD>
    <TD>0.4424</TD>
    <TD>24.3725</TD>
    <TD>0.3468</TD>
    <TD>24.3725</TD>
    <TD>0.3468</TD>
    <TD>0.44</TD>
  </TR>
  <TR>
    <TD>1047.0</TD>
    <TD>241.3843</TD>
    <TD>54.9487</TD>
    <TD>1807.992</TD>
    <TD>329.038</TD>
    <TD>24.4657</TD>
    <TD>0.1896</TD>
    <TD>23.4953</TD>
    <TD>0.2546</TD>
    <TD>23.4953</TD>
    <TD>0.2546</TD>
    <TD>0.5</TD>
  </TR>
  <TR>
    <TD>1048.0</TD>
    <TD>241.3865</TD>
    <TD>55.02962</TD>
    <TD>920.131</TD>
    <TD>327.577</TD>
    <TD>22.6222</TD>
    <TD>0.0748</TD>
    <TD>22.3999</TD>
    <TD>0.1096</TD>
    <TD>22.3999</TD>
    <TD>0.1096</TD>
    <TD>0.01</TD>
  </TR>
  <TR>
    <TD>1049.0</TD>
    <TD>241.3893</TD>
    <TD>55.11236</TD>
    <TD>4.333</TD>
    <TD>319.861</TD>
    <TD>24.6943</TD>
    <TD>0.1809</TD>
    <TD>23.6335</TD>
    <TD>0.2836</TD>
    <TD>24.4299</TD>
    <TD>0.1877</TD>
    <TD>0.42</TD>
  </TR>
  <TR>
    <TD>1050.0</TD>
    <TD>241.3857</TD>
    <TD>54.93805</TD>
    <TD>1923.995</TD>
    <TD>318.484</TD>
    <TD>24.1095</TD>
    <TD>0.1152</TD>
    <TD>24.121</TD>
    <TD>0.1595</TD>
    <TD>24.121</TD>
    <TD>0.1595</TD>
    <TD>0.86</TD>
  </TR>
  <TR>
    <TD>1051.0</TD>
    <TD>241.3902</TD>
    <TD>55.10232</TD>
    <TD>115.69</TD>
    <TD>313.286</TD>
    <TD>25.6635</TD>
    <TD>0.2886</TD>
    <TD>25.2987</TD>
    <TD>0.3099</TD>
    <TD>25.2987</TD>
    <TD>0.3099</TD>
    <TD>0.42</TD>
  </TR>
  <TR>
    <TD>1052.0</TD>
    <TD>241.3864</TD>
    <TD>55.09355</TD>
    <TD>213.829</TD>
    <TD>335.928</TD>
    <TD>23.0416</TD>
    <TD>0.0903</TD>
    <TD>22.9287</TD>
    <TD>0.1375</TD>
    <TD>22.9287</TD>
    <TD>0.1375</TD>
    <TD>0.35</TD>
  </TR>
  <TR>
    <TD>1053.0</TD>
    <TD>241.3876</TD>
    <TD>55.01832</TD>
    <TD>1044.295</TD>
    <TD>319.15</TD>
    <TD>24.5307</TD>
    <TD>0.2009</TD>
    <TD>24.1423</TD>
    <TD>0.3754</TD>
    <TD>24.1423</TD>
    <TD>0.3754</TD>
    <TD>0.5</TD>
  </TR>
  <TR>
    <TD>1054.0</TD>
    <TD>241.3866</TD>
    <TD>54.95988</TD>
    <TD>1685.316</TD>
    <TD>316.315</TD>
    <TD>26.2052</TD>
    <TD>0.4677</TD>
    <TD>25.6079</TD>
    <TD>0.3802</TD>
    <TD>25.6079</TD>
    <TD>0.3802</TD>
    <TD>0.35</TD>
  </TR>
  <TR>
    <TD>1055.0</TD>
    <TD>241.3838</TD>
    <TD>54.93452</TD>
    <TD>1962.88</TD>
    <TD>329.916</TD>
    <TD>23.3006</TD>
    <TD>0.1046</TD>
    <TD>23.121</TD>
    <TD>0.1439</TD>
    <TD>23.121</TD>
    <TD>0.1439</TD>
    <TD>0.0</TD>
  </TR>
  <TR>
    <TD>1056.0</TD>
    <TD>241.3762</TD>
    <TD>55.05888</TD>
    <TD>599.508</TD>
    <TD>396.19</TD>
    <TD>17.7261</TD>
    <TD>0.0032</TD>
    <TD>17.751</TD>
    <TD>0.0029</TD>
    <TD>17.751</TD>
    <TD>0.0029</TD>
    <TD>0.32</TD>
  </TR>
  <TR>
    <TD>1057.0</TD>
    <TD>241.3857</TD>
    <TD>55.03054</TD>
    <TD>910.168</TD>
    <TD>332.435</TD>
    <TD>23.2171</TD>
    <TD>0.1094</TD>
    <TD>22.7444</TD>
    <TD>0.1681</TD>
    <TD>22.7444</TD>
    <TD>0.1681</TD>
    <TD>0.0</TD>
  </TR>
  <TR>
    <TD>1058.0</TD>
    <TD>241.3863</TD>
    <TD>55.03448</TD>
    <TD>866.67</TD>
    <TD>329.543</TD>
    <TD>24.4599</TD>
    <TD>0.1958</TD>
    <TD>23.2149</TD>
    <TD>0.2262</TD>
    <TD>23.2149</TD>
    <TD>0.2262</TD>
    <TD>0.48</TD>
  </TR>
  <TR>
    <TD>1059.0</TD>
    <TD>241.3853</TD>
    <TD>55.03141</TD>
    <TD>900.675</TD>
    <TD>335.444</TD>
    <TD>22.9869</TD>
    <TD>0.0942</TD>
    <TD>22.6325</TD>
    <TD>0.1114</TD>
    <TD>22.6325</TD>
    <TD>0.1114</TD>
    <TD>0.09</TD>
  </TR>
  <TR>
    <TD>1060.0</TD>
    <TD>241.3877</TD>
    <TD>55.09617</TD>
    <TD>184.476</TD>
    <TD>328.025</TD>
    <TD>24.1979</TD>
    <TD>0.1658</TD>
    <TD>24.2687</TD>
    <TD>0.2828</TD>
    <TD>24.2687</TD>
    <TD>0.2828</TD>
    <TD>0.49</TD>
  </TR>
  <TR>
    <TD>1061.0</TD>
    <TD>241.2975</TD>
    <TD>55.09278</TD>
    <TD>239.42</TD>
    <TD>895.102</TD>
    <TD>11.54</TD>
    <TD>1.0E-4</TD>
    <TD>11.5537</TD>
    <TD>1.0E-4</TD>
    <TD>11.5537</TD>
    <TD>1.0E-4</TD>
    <TD>0.85</TD>
  </TR>
  <TR>
    <TD>1062.0</TD>
    <TD>241.3876</TD>
    <TD>55.03792</TD>
    <TD>828.511</TD>
    <TD>321.547</TD>
    <TD>25.4722</TD>
    <TD>0.2782</TD>
    <TD>24.9496</TD>
    <TD>0.4717</TD>
    <TD>24.9496</TD>
    <TD>0.4717</TD>
    <TD>0.37</TD>
  </TR>
  <TR>
    <TD>1063.0</TD>
    <TD>241.3882</TD>
    <TD>55.11133</TD>
    <TD>15.946</TD>
    <TD>326.523</TD>
    <TD>24.8244</TD>
    <TD>0.2159</TD>
    <TD>24.3503</TD>
    <TD>0.228</TD>
    <TD>24.3503</TD>
    <TD>0.228</TD>
    <TD>0.35</TD>
  </TR>
  <TR>
    <TD>1064.0</TD>
    <TD>241.3889</TD>
    <TD>55.10823</TD>
    <TD>50.284</TD>
    <TD>321.654</TD>
    <TD>25.7604</TD>
    <TD>0.3145</TD>
    <TD>25.1362</TD>
    <TD>0.2492</TD>
    <TD>25.1362</TD>
    <TD>0.2492</TD>
    <TD>0.38</TD>
  </TR>
  <TR>
    <TD>1065.0</TD>
    <TD>241.3881</TD>
    <TD>55.07571</TD>
    <TD>411.167</TD>
    <TD>323.369</TD>
    <TD>25.4445</TD>
    <TD>0.3012</TD>
    <TD>24.0572</TD>
    <TD>0.3068</TD>
    <TD>24.0572</TD>
    <TD>0.3068</TD>
    <TD>0.35</TD>
  </TR>
  <TR>
    <TD>1066.0</TD>
    <TD>241.3823</TD>
    <TD>55.01409</TD>
    <TD>1091.815</TD>
    <TD>351.947</TD>
    <TD>22.1904</TD>
    <TD>0.0551</TD>
    <TD>22.104</TD>
    <TD>0.0796</TD>
    <TD>22.104</TD>
    <TD>0.0796</TD>
    <TD>0.05</TD>
  </TR>
  <TR>
    <TD>1067.0</TD>
    <TD>241.3866</TD>
    <TD>55.0204</TD>
    <TD>1021.64</TD>
    <TD>325.307</TD>
    <TD>25.7243</TD>
    <TD>0.3046</TD>
    <TD>25.0909</TD>
    <TD>0.4364</TD>
    <TD>25.0909</TD>
    <TD>0.4364</TD>
    <TD>0.36</TD>
  </TR>
  <TR>
    <TD>1068.0</TD>
    <TD>241.3843</TD>
    <TD>55.01638</TD>
    <TD>1066.263</TD>
    <TD>339.711</TD>
    <TD>23.0542</TD>
    <TD>0.0924</TD>
    <TD>22.6383</TD>
    <TD>0.1491</TD>
    <TD>22.6383</TD>
    <TD>0.1491</TD>
    <TD>0.0</TD>
  </TR>
  <TR>
    <TD>1069.0</TD>
    <TD>241.385</TD>
    <TD>54.95981</TD>
    <TD>1686.315</TD>
    <TD>326.289</TD>
    <TD>25.8373</TD>
    <TD>0.3367</TD>
    <TD>25.1577</TD>
    <TD>0.3532</TD>
    <TD>25.1577</TD>
    <TD>0.3532</TD>
    <TD>0.47</TD>
  </TR>
  <TR>
    <TD>1070.0</TD>
    <TD>241.3848</TD>
    <TD>54.95914</TD>
    <TD>1693.678</TD>
    <TD>327.668</TD>
    <TD>25.9013</TD>
    <TD>0.3564</TD>
    <TD>25.6942</TD>
    <TD>0.7019</TD>
    <TD>25.6942</TD>
    <TD>0.7019</TD>
    <TD>0.36</TD>
  </TR>
  <TR>
    <TD>1071.0</TD>
    <TD>241.3864</TD>
    <TD>55.02752</TD>
    <TD>943.295</TD>
    <TD>327.645</TD>
    <TD>25.9585</TD>
    <TD>0.375</TD>
    <TD>25.0512</TD>
    <TD>0.4932</TD>
    <TD>25.0512</TD>
    <TD>0.4932</TD>
    <TD>0.43</TD>
  </TR>
  <TR>
    <TD>1072.0</TD>
    <TD>241.3873</TD>
    <TD>55.07076</TD>
    <TD>466.001</TD>
    <TD>327.509</TD>
    <TD>25.5619</TD>
    <TD>0.3013</TD>
    <TD>24.9126</TD>
    <TD>0.4561</TD>
    <TD>24.9126</TD>
    <TD>0.4561</TD>
    <TD>0.39</TD>
  </TR>
  <TR>
    <TD>1073.0</TD>
    <TD>241.3832</TD>
    <TD>55.00143</TD>
    <TD>1230.616</TD>
    <TD>344.15</TD>
    <TD>22.4013</TD>
    <TD>0.0673</TD>
    <TD>22.1791</TD>
    <TD>0.0883</TD>
    <TD>22.1791</TD>
    <TD>0.0883</TD>
    <TD>0.0</TD>
  </TR>
  <TR>
    <TD>1074.0</TD>
    <TD>241.3847</TD>
    <TD>55.02576</TD>
    <TD>962.972</TD>
    <TD>338.011</TD>
    <TD>23.8976</TD>
    <TD>0.1381</TD>
    <TD>23.3783</TD>
    <TD>0.2345</TD>
    <TD>23.3783</TD>
    <TD>0.2345</TD>
    <TD>0.43</TD>
  </TR>
  <TR>
    <TD>1075.0</TD>
    <TD>241.3872</TD>
    <TD>55.07395</TD>
    <TD>430.807</TD>
    <TD>328.612</TD>
    <TD>25.5282</TD>
    <TD>0.3246</TD>
    <TD>24.2336</TD>
    <TD>0.3396</TD>
    <TD>24.2336</TD>
    <TD>0.3396</TD>
    <TD>0.36</TD>
  </TR>
  <TR>
    <TD>1076.0</TD>
    <TD>241.3823</TD>
    <TD>54.92727</TD>
    <TD>2042.265</TD>
    <TD>338.438</TD>
    <TD>23.4821</TD>
    <TD>0.1173</TD>
    <TD>22.7882</TD>
    <TD>0.166</TD>
    <TD>22.7882</TD>
    <TD>0.166</TD>
    <TD>0.24</TD>
  </TR>
  <TR>
    <TD>1077.0</TD>
    <TD>241.3859</TD>
    <TD>55.07368</TD>
    <TD>433.972</TD>
    <TD>336.625</TD>
    <TD>24.0113</TD>
    <TD>0.1219</TD>
    <TD>24.0254</TD>
    <TD>0.1808</TD>
    <TD>24.0254</TD>
    <TD>0.1808</TD>
    <TD>0.7</TD>
  </TR>
  <TR>
    <TD>1078.0</TD>
    <TD>241.3832</TD>
    <TD>54.97379</TD>
    <TD>1533.7</TD>
    <TD>339.944</TD>
    <TD>24.1177</TD>
    <TD>0.1681</TD>
    <TD>23.5206</TD>
    <TD>0.2116</TD>
    <TD>23.5206</TD>
    <TD>0.2116</TD>
    <TD>0.36</TD>
  </TR>
  <TR>
    <TD>1079.0</TD>
    <TD>241.3827</TD>
    <TD>55.03192</TD>
    <TD>895.524</TD>
    <TD>351.903</TD>
    <TD>22.7588</TD>
    <TD>0.0753</TD>
    <TD>22.6525</TD>
    <TD>0.1071</TD>
    <TD>22.6525</TD>
    <TD>0.1071</TD>
    <TD>0.08</TD>
  </TR>
  <TR>
    <TD>1080.0</TD>
    <TD>241.3845</TD>
    <TD>55.04528</TD>
    <TD>747.977</TD>
    <TD>342.215</TD>
    <TD>23.789</TD>
    <TD>0.1317</TD>
    <TD>23.5743</TD>
    <TD>0.1773</TD>
    <TD>23.5743</TD>
    <TD>0.1773</TD>
    <TD>0.65</TD>
  </TR>
  <TR>
    <TD>1081.0</TD>
    <TD>241.3854</TD>
    <TD>55.03885</TD>
    <TD>818.692</TD>
    <TD>335.379</TD>
    <TD>25.9461</TD>
    <TD>0.3709</TD>
    <TD>25.212</TD>
    <TD>0.4519</TD>
    <TD>25.212</TD>
    <TD>0.4519</TD>
    <TD>0.44</TD>
  </TR>
  <TR>
    <TD>1082.0</TD>
    <TD>241.3867</TD>
    <TD>55.10491</TD>
    <TD>87.682</TD>
    <TD>335.302</TD>
    <TD>25.8569</TD>
    <TD>0.3426</TD>
    <TD>25.6277</TD>
    <TD>0.3871</TD>
    <TD>25.6277</TD>
    <TD>0.3871</TD>
    <TD>0.42</TD>
  </TR>
  <TR>
    <TD>1083.0</TD>
    <TD>241.3827</TD>
    <TD>54.95165</TD>
    <TD>1776.0</TD>
    <TD>339.998</TD>
    <TD>25.627</TD>
    <TD>0.2795</TD>
    <TD>24.8836</TD>
    <TD>0.4232</TD>
    <TD>24.8836</TD>
    <TD>0.4232</TD>
    <TD>0.42</TD>
  </TR>
  <TR>
    <TD>1084.0</TD>
    <TD>241.3833</TD>
    <TD>54.96004</TD>
    <TD>1684.195</TD>
    <TD>337.405</TD>
    <TD>25.7689</TD>
    <TD>0.4029</TD>
    <TD>24.5052</TD>
    <TD>0.3876</TD>
    <TD>24.5052</TD>
    <TD>0.3876</TD>
    <TD>0.36</TD>
  </TR>
  <TR>
    <TD>1085.0</TD>
    <TD>241.3864</TD>
    <TD>55.1059</TD>
    <TD>76.676</TD>
    <TD>337.346</TD>
    <TD>25.6345</TD>
    <TD>0.2813</TD>
    <TD>25.3775</TD>
    <TD>0.3091</TD>
    <TD>25.3775</TD>
    <TD>0.3091</TD>
    <TD>0.38</TD>
  </TR>
  <TR>
    <TD>1086.0</TD>
    <TD>241.373</TD>
    <TD>54.94348</TD>
    <TD>1866.862</TD>
    <TD>399.365</TD>
    <TD>19.6049</TD>
    <TD>0.0112</TD>
    <TD>19.5881</TD>
    <TD>0.0129</TD>
    <TD>19.5881</TD>
    <TD>0.0129</TD>
    <TD>0.03</TD>
  </TR>
  <TR>
    <TD>1087.0</TD>
    <TD>241.3853</TD>
    <TD>55.0479</TD>
    <TD>718.986</TD>
    <TD>337.673</TD>
    <TD>25.9869</TD>
    <TD>0.3847</TD>
    <TD>25.7101</TD>
    <TD>0.7122</TD>
    <TD>25.7101</TD>
    <TD>0.7122</TD>
    <TD>0.36</TD>
  </TR>
  <TR>
    <TD>1088.0</TD>
    <TD>241.3821</TD>
    <TD>54.97005</TD>
    <TD>1574.873</TD>
    <TD>346.45</TD>
    <TD>25.033</TD>
    <TD>0.2443</TD>
    <TD>23.8699</TD>
    <TD>0.4471</TD>
    <TD>23.8699</TD>
    <TD>0.4471</TD>
    <TD>0.35</TD>
  </TR>
  <TR>
    <TD>1089.0</TD>
    <TD>241.3863</TD>
    <TD>55.10627</TD>
    <TD>72.66</TD>
    <TD>338.327</TD>
    <TD>25.3847</TD>
    <TD>0.2259</TD>
    <TD>25.2953</TD>
    <TD>0.2872</TD>
    <TD>25.2953</TD>
    <TD>0.2872</TD>
    <TD>0.38</TD>
  </TR>
  <TR>
    <TD>1090.0</TD>
    <TD>241.3863</TD>
    <TD>55.11026</TD>
    <TD>28.22</TD>
    <TD>338.389</TD>
    <TD>25.3252</TD>
    <TD>0.2708</TD>
    <TD>25.1042</TD>
    <TD>0.3498</TD>
    <TD>25.1042</TD>
    <TD>0.3498</TD>
    <TD>0.35</TD>
  </TR>
  <TR>
    <TD>1091.0</TD>
    <TD>241.3776</TD>
    <TD>55.01833</TD>
    <TD>1046.093</TD>
    <TD>382.011</TD>
    <TD>20.5958</TD>
    <TD>0.0184</TD>
    <TD>20.5522</TD>
    <TD>0.0215</TD>
    <TD>20.5522</TD>
    <TD>0.0215</TD>
    <TD>0.08</TD>
  </TR>
  <TR>
    <TD>1092.0</TD>
    <TD>241.3813</TD>
    <TD>55.0238</TD>
    <TD>985.172</TD>
    <TD>359.167</TD>
    <TD>23.6989</TD>
    <TD>0.1447</TD>
    <TD>23.5011</TD>
    <TD>0.2274</TD>
    <TD>23.5011</TD>
    <TD>0.2274</TD>
    <TD>0.36</TD>
  </TR>
  <TR>
    <TD>1093.0</TD>
    <TD>241.3853</TD>
    <TD>55.0722</TD>
    <TD>450.52</TD>
    <TD>340.523</TD>
    <TD>25.757</TD>
    <TD>0.3586</TD>
    <TD>25.0175</TD>
    <TD>0.3576</TD>
    <TD>25.0175</TD>
    <TD>0.3576</TD>
    <TD>0.43</TD>
  </TR>
  <TR>
    <TD>1094.0</TD>
    <TD>241.3821</TD>
    <TD>54.9409</TD>
    <TD>1893.494</TD>
    <TD>341.497</TD>
    <TD>25.6596</TD>
    <TD>0.3287</TD>
    <TD>25.3834</TD>
    <TD>0.4335</TD>
    <TD>25.3834</TD>
    <TD>0.4335</TD>
    <TD>0.37</TD>
  </TR>
  <TR>
    <TD>1095.0</TD>
    <TD>241.3757</TD>
    <TD>54.92908</TD>
    <TD>2023.624</TD>
    <TD>380.291</TD>
    <TD>21.8477</TD>
    <TD>0.0473</TD>
    <TD>21.3507</TD>
    <TD>0.0701</TD>
    <TD>21.3507</TD>
    <TD>0.0701</TD>
    <TD>0.02</TD>
  </TR>
  <TR>
    <TD>1096.0</TD>
    <TD>241.385</TD>
    <TD>55.0844</TD>
    <TD>315.511</TD>
    <TD>343.49</TD>
    <TD>25.4085</TD>
    <TD>0.263</TD>
    <TD>24.4676</TD>
    <TD>0.3553</TD>
    <TD>24.4676</TD>
    <TD>0.3553</TD>
    <TD>0.39</TD>
  </TR>
  <TR>
    <TD>1097.0</TD>
    <TD>241.3645</TD>
    <TD>55.02859</TD>
    <TD>935.609</TD>
    <TD>465.917</TD>
    <TD>15.5026</TD>
    <TD>9.0E-4</TD>
    <TD>15.5336</TD>
    <TD>8.0E-4</TD>
    <TD>15.5336</TD>
    <TD>8.0E-4</TD>
    <TD>0.99</TD>
  </TR>
  <TR>
    <TD>1098.0</TD>
    <TD>241.3849</TD>
    <TD>55.08602</TD>
    <TD>297.541</TD>
    <TD>344.496</TD>
    <TD>25.5403</TD>
    <TD>0.2956</TD>
    <TD>25.1191</TD>
    <TD>0.3411</TD>
    <TD>25.1191</TD>
    <TD>0.3411</TD>
    <TD>0.42</TD>
  </TR>
  <TR>
    <TD>1099.0</TD>
    <TD>241.3853</TD>
    <TD>55.10344</TD>
    <TD>104.276</TD>
    <TD>344.335</TD>
    <TD>24.8997</TD>
    <TD>0.2021</TD>
    <TD>24.9444</TD>
    <TD>0.5241</TD>
    <TD>24.9444</TD>
    <TD>0.5241</TD>
    <TD>0.44</TD>
  </TR>
  <TR>
    <TD>1100.0</TD>
    <TD>241.3839</TD>
    <TD>55.06832</TD>
    <TD>493.719</TD>
    <TD>348.485</TD>
    <TD>24.8087</TD>
    <TD>0.2364</TD>
    <TD>24.2162</TD>
    <TD>0.2455</TD>
    <TD>24.2162</TD>
    <TD>0.2455</TD>
    <TD>0.48</TD>
  </TR>
  <TR>
    <TD>1101.0</TD>
    <TD>241.3851</TD>
    <TD>55.10636</TD>
    <TD>71.817</TD>
    <TD>345.392</TD>
    <TD>25.2524</TD>
    <TD>0.2539</TD>
    <TD>24.847</TD>
    <TD>0.4853</TD>
    <TD>24.847</TD>
    <TD>0.4853</TD>
    <TD>0.43</TD>
  </TR>
  <TR>
    <TD>1102.0</TD>
    <TD>241.3783</TD>
    <TD>54.99953</TD>
    <TD>1252.402</TD>
    <TD>375.009</TD>
    <TD>21.8112</TD>
    <TD>0.0458</TD>
    <TD>21.4839</TD>
    <TD>0.07</TD>
    <TD>21.4839</TD>
    <TD>0.07</TD>
    <TD>0.18</TD>
  </TR>
  <TR>
    <TD>1103.0</TD>
    <TD>241.3822</TD>
    <TD>55.06925</TD>
    <TD>483.793</TD>
    <TD>359.73</TD>
    <TD>23.3929</TD>
    <TD>0.1101</TD>
    <TD>23.2706</TD>
    <TD>0.15</TD>
    <TD>23.2706</TD>
    <TD>0.15</TD>
    <TD>0.67</TD>
  </TR>
  <TR>
    <TD>1104.0</TD>
    <TD>241.3837</TD>
    <TD>55.06337</TD>
    <TD>548.413</TD>
    <TD>349.14</TD>
    <TD>24.7495</TD>
    <TD>0.202</TD>
    <TD>24.2269</TD>
    <TD>0.3007</TD>
    <TD>24.2269</TD>
    <TD>0.3007</TD>
    <TD>0.37</TD>
  </TR>
  <TR>
    <TD>1105.0</TD>
    <TD>241.3851</TD>
    <TD>55.11225</TD>
    <TD>6.409</TD>
    <TD>346.504</TD>
    <TD>25.4407</TD>
    <TD>0.2706</TD>
    <TD>25.1335</TD>
    <TD>0.3456</TD>
    <TD>25.1335</TD>
    <TD>0.3456</TD>
    <TD>0.41</TD>
  </TR>
  <TR>
    <TD>1106.0</TD>
    <TD>241.3797</TD>
    <TD>54.95295</TD>
    <TD>1762.269</TD>
    <TD>358.994</TD>
    <TD>23.7734</TD>
    <TD>0.1442</TD>
    <TD>23.1282</TD>
    <TD>0.2649</TD>
    <TD>23.1282</TD>
    <TD>0.2649</TD>
    <TD>0.67</TD>
  </TR>
  <TR>
    <TD>1107.0</TD>
    <TD>241.3757</TD>
    <TD>55.10828</TD>
    <TD>52.431</TD>
    <TD>405.005</TD>
    <TD>21.3732</TD>
    <TD>0.035</TD>
    <TD>21.4127</TD>
    <TD>0.0494</TD>
    <TD>21.4127</TD>
    <TD>0.0494</TD>
    <TD>0.01</TD>
  </TR>
  <TR>
    <TD>1108.0</TD>
    <TD>241.3831</TD>
    <TD>55.0483</TD>
    <TD>715.0</TD>
    <TD>350.981</TD>
    <TD>25.7748</TD>
    <TD>0.3185</TD>
    <TD>25.5763</TD>
    <TD>0.3978</TD>
    <TD>25.5763</TD>
    <TD>0.3978</TD>
    <TD>0.42</TD>
  </TR>
  <TR>
    <TD>1109.0</TD>
    <TD>241.3818</TD>
    <TD>54.97684</TD>
    <TD>1500.495</TD>
    <TD>349.496</TD>
    <TD>25.7109</TD>
    <TD>0.3441</TD>
    <TD>24.9966</TD>
    <TD>0.4925</TD>
    <TD>24.9966</TD>
    <TD>0.4925</TD>
    <TD>0.39</TD>
  </TR>
  <TR>
    <TD>1110.0</TD>
    <TD>241.3839</TD>
    <TD>55.08314</TD>
    <TD>329.682</TD>
    <TD>350.333</TD>
    <TD>25.8585</TD>
    <TD>0.3431</TD>
    <TD>25.627</TD>
    <TD>0.8063</TD>
    <TD>25.627</TD>
    <TD>0.8063</TD>
    <TD>0.35</TD>
  </TR>
  <TR>
    <TD>1111.0</TD>
    <TD>241.377</TD>
    <TD>54.93569</TD>
    <TD>1951.318</TD>
    <TD>373.04</TD>
    <TD>22.7793</TD>
    <TD>0.0799</TD>
    <TD>22.7178</TD>
    <TD>0.1203</TD>
    <TD>22.7178</TD>
    <TD>0.1203</TD>
    <TD>0.02</TD>
  </TR>
  <TR>
    <TD>1112.0</TD>
    <TD>241.3807</TD>
    <TD>54.9466</TD>
    <TD>1831.494</TD>
    <TD>351.487</TD>
    <TD>25.6042</TD>
    <TD>0.3129</TD>
    <TD>25.1874</TD>
    <TD>0.3629</TD>
    <TD>25.1874</TD>
    <TD>0.3629</TD>
    <TD>0.37</TD>
  </TR>
  <TR>
    <TD>1113.0</TD>
    <TD>241.3838</TD>
    <TD>55.09338</TD>
    <TD>216.249</TD>
    <TD>352.342</TD>
    <TD>25.9489</TD>
    <TD>0.3718</TD>
    <TD>24.9819</TD>
    <TD>0.2334</TD>
    <TD>24.9819</TD>
    <TD>0.2334</TD>
    <TD>0.43</TD>
  </TR>
  <TR>
    <TD>1114.0</TD>
    <TD>241.3827</TD>
    <TD>55.06755</TD>
    <TD>502.5</TD>
    <TD>356.046</TD>
    <TD>25.2443</TD>
    <TD>0.2744</TD>
    <TD>25.1297</TD>
    <TD>0.8425</TD>
    <TD>25.1297</TD>
    <TD>0.8425</TD>
    <TD>0.45</TD>
  </TR>
  <TR>
    <TD>1115.0</TD>
    <TD>241.3829</TD>
    <TD>55.07955</TD>
    <TD>369.699</TD>
    <TD>356.154</TD>
    <TD>24.7542</TD>
    <TD>0.2029</TD>
    <TD>24.6028</TD>
    <TD>0.3048</TD>
    <TD>24.6028</TD>
    <TD>0.3048</TD>
    <TD>0.45</TD>
  </TR>
  <TR>
    <TD>1116.0</TD>
    <TD>241.3835</TD>
    <TD>55.11067</TD>
    <TD>24.268</TD>
    <TD>356.263</TD>
    <TD>25.7278</TD>
    <TD>0.3494</TD>
    <TD>24.9108</TD>
    <TD>0.2937</TD>
    <TD>24.9108</TD>
    <TD>0.2937</TD>
    <TD>0.37</TD>
  </TR>
  <TR>
    <TD>1117.0</TD>
    <TD>241.3785</TD>
    <TD>54.97657</TD>
    <TD>1504.059</TD>
    <TD>370.158</TD>
    <TD>22.9257</TD>
    <TD>0.0937</TD>
    <TD>21.8084</TD>
    <TD>0.1111</TD>
    <TD>21.8084</TD>
    <TD>0.1111</TD>
    <TD>0.01</TD>
  </TR>
  <TR>
    <TD>1118.0</TD>
    <TD>241.3828</TD>
    <TD>55.07863</TD>
    <TD>379.821</TD>
    <TD>356.775</TD>
    <TD>24.7381</TD>
    <TD>0.2113</TD>
    <TD>24.7411</TD>
    <TD>0.2611</TD>
    <TD>24.7411</TD>
    <TD>0.2611</TD>
    <TD>0.36</TD>
  </TR>
  <TR>
    <TD>1119.0</TD>
    <TD>241.3837</TD>
    <TD>55.1121</TD>
    <TD>8.316</TD>
    <TD>355.344</TD>
    <TD>25.7677</TD>
    <TD>0.3165</TD>
    <TD>25.1748</TD>
    <TD>0.4711</TD>
    <TD>25.1748</TD>
    <TD>0.4711</TD>
    <TD>0.37</TD>
  </TR>
  <TR>
    <TD>1120.0</TD>
    <TD>241.3768</TD>
    <TD>54.97333</TD>
    <TD>1539.874</TD>
    <TD>380.089</TD>
    <TD>22.7425</TD>
    <TD>0.0853</TD>
    <TD>22.5245</TD>
    <TD>0.1461</TD>
    <TD>22.5245</TD>
    <TD>0.1461</TD>
    <TD>0.01</TD>
  </TR>
  <TR>
    <TD>1121.0</TD>
    <TD>241.3788</TD>
    <TD>54.93426</TD>
    <TD>1966.645</TD>
    <TD>361.51</TD>
    <TD>24.3448</TD>
    <TD>0.1767</TD>
    <TD>23.9338</TD>
    <TD>0.2185</TD>
    <TD>23.9338</TD>
    <TD>0.2185</TD>
    <TD>0.54</TD>
  </TR>
  <TR>
    <TD>1122.0</TD>
    <TD>241.3785</TD>
    <TD>54.94187</TD>
    <TD>1883.597</TD>
    <TD>364.892</TD>
    <TD>24.5653</TD>
    <TD>0.2152</TD>
    <TD>23.8833</TD>
    <TD>0.301</TD>
    <TD>23.8833</TD>
    <TD>0.301</TD>
    <TD>0.35</TD>
  </TR>
  <TR>
    <TD>1123.0</TD>
    <TD>241.3833</TD>
    <TD>55.10958</TD>
    <TD>36.478</TD>
    <TD>357.491</TD>
    <TD>25.604</TD>
    <TD>0.3128</TD>
    <TD>25.227</TD>
    <TD>0.3761</TD>
    <TD>25.227</TD>
    <TD>0.3761</TD>
    <TD>0.36</TD>
  </TR>
  <TR>
    <TD>1124.0</TD>
    <TD>241.3729</TD>
    <TD>54.94918</TD>
    <TD>1804.614</TD>
    <TD>400.758</TD>
    <TD>21.0672</TD>
    <TD>0.0314</TD>
    <TD>20.9002</TD>
    <TD>0.0476</TD>
    <TD>20.9002</TD>
    <TD>0.0476</TD>
    <TD>0.0</TD>
  </TR>
  <TR>
    <TD>1125.0</TD>
    <TD>241.3791</TD>
    <TD>54.95043</TD>
    <TD>1789.968</TD>
    <TD>362.173</TD>
    <TD>25.0194</TD>
    <TD>0.2247</TD>
    <TD>24.076</TD>
    <TD>0.3313</TD>
    <TD>24.076</TD>
    <TD>0.3313</TD>
    <TD>0.39</TD>
  </TR>
  <TR>
    <TD>1126.0</TD>
    <TD>241.3821</TD>
    <TD>55.08663</TD>
    <TD>291.374</TD>
    <TD>362.223</TD>
    <TD>25.5674</TD>
    <TD>0.3362</TD>
    <TD>24.933</TD>
    <TD>0.2996</TD>
    <TD>24.933</TD>
    <TD>0.2996</TD>
    <TD>0.37</TD>
  </TR>
  <TR>
    <TD>1127.0</TD>
    <TD>241.3797</TD>
    <TD>54.95887</TD>
    <TD>1697.528</TD>
    <TD>359.517</TD>
    <TD>25.5554</TD>
    <TD>0.2996</TD>
    <TD>24.8853</TD>
    <TD>0.2762</TD>
    <TD>24.8853</TD>
    <TD>0.2762</TD>
    <TD>0.46</TD>
  </TR>
  <TR>
    <TD>1128.0</TD>
    <TD>241.3784</TD>
    <TD>54.95042</TD>
    <TD>1790.11</TD>
    <TD>366.562</TD>
    <TD>25.0756</TD>
    <TD>0.2538</TD>
    <TD>24.3031</TD>
    <TD>0.3531</TD>
    <TD>24.3031</TD>
    <TD>0.3531</TD>
    <TD>0.35</TD>
  </TR>
  <TR>
    <TD>1129.0</TD>
    <TD>241.3798</TD>
    <TD>55.00631</TD>
    <TD>1177.647</TD>
    <TD>366.231</TD>
    <TD>24.9863</TD>
    <TD>0.2495</TD>
    <TD>24.4133</TD>
    <TD>0.2567</TD>
    <TD>24.4133</TD>
    <TD>0.2567</TD>
    <TD>0.37</TD>
  </TR>
  <TR>
    <TD>1130.0</TD>
    <TD>241.3775</TD>
    <TD>54.9705</TD>
    <TD>1570.678</TD>
    <TD>375.468</TD>
    <TD>23.4852</TD>
    <TD>0.1195</TD>
    <TD>23.0214</TD>
    <TD>0.1687</TD>
    <TD>23.0214</TD>
    <TD>0.1687</TD>
    <TD>0.35</TD>
  </TR>
  <TR>
    <TD>1131.0</TD>
    <TD>241.3734</TD>
    <TD>54.93055</TD>
    <TD>2008.041</TD>
    <TD>394.79</TD>
    <TD>20.56</TD>
    <TD>0.0215</TD>
    <TD>20.4666</TD>
    <TD>0.0281</TD>
    <TD>20.4666</TD>
    <TD>0.0281</TD>
    <TD>0.01</TD>
  </TR>
  <TR>
    <TD>1132.0</TD>
    <TD>241.3655</TD>
    <TD>54.98954</TD>
    <TD>1364.256</TD>
    <TD>454.193</TD>
    <TD>22.1674</TD>
    <TD>0.0653</TD>
    <TD>21.0247</TD>
    <TD>0.0735</TD>
    <TD>21.6797</TD>
    <TD>0.0649</TD>
    <TD>0.01</TD>
  </TR>
  <TR>
    <TD>1133.0</TD>
    <TD>241.3744</TD>
    <TD>54.96727</TD>
    <TD>1606.574</TD>
    <TD>394.226</TD>
    <TD>24.8428</TD>
    <TD>0.2195</TD>
    <TD>24.7147</TD>
    <TD>0.3439</TD>
    <TD>24.7147</TD>
    <TD>0.3439</TD>
    <TD>0.38</TD>
  </TR>
  <TR>
    <TD>1134.0</TD>
    <TD>241.3813</TD>
    <TD>55.0627</TD>
    <TD>556.323</TD>
    <TD>364.689</TD>
    <TD>25.9613</TD>
    <TD>0.376</TD>
    <TD>25.1938</TD>
    <TD>0.2623</TD>
    <TD>25.1938</TD>
    <TD>0.2623</TD>
    <TD>0.35</TD>
  </TR>
  <TR>
    <TD>1135.0</TD>
    <TD>241.3804</TD>
    <TD>55.08497</TD>
    <TD>310.102</TD>
    <TD>372.723</TD>
    <TD>23.2783</TD>
    <TD>0.0995</TD>
    <TD>22.7065</TD>
    <TD>0.1788</TD>
    <TD>22.7065</TD>
    <TD>0.1788</TD>
    <TD>0.66</TD>
  </TR>
  <TR>
    <TD>1136.0</TD>
    <TD>241.3804</TD>
    <TD>55.03367</TD>
    <TD>876.707</TD>
    <TD>366.621</TD>
    <TD>25.7722</TD>
    <TD>0.3178</TD>
    <TD>25.1932</TD>
    <TD>0.2622</TD>
    <TD>25.1932</TD>
    <TD>0.2622</TD>
    <TD>0.36</TD>
  </TR>
  <TR>
    <TD>1137.0</TD>
    <TD>241.3807</TD>
    <TD>55.09681</TD>
    <TD>178.836</TD>
    <TD>372.168</TD>
    <TD>23.3469</TD>
    <TD>0.109</TD>
    <TD>23.2176</TD>
    <TD>0.2323</TD>
    <TD>23.2176</TD>
    <TD>0.2323</TD>
    <TD>0.62</TD>
  </TR>
  <TR>
    <TD>1138.0</TD>
    <TD>241.3792</TD>
    <TD>54.99816</TD>
    <TD>1267.323</TD>
    <TD>368.665</TD>
    <TD>25.7769</TD>
    <TD>0.3191</TD>
    <TD>24.7134</TD>
    <TD>0.3803</TD>
    <TD>24.7134</TD>
    <TD>0.3803</TD>
    <TD>0.36</TD>
  </TR>
  <TR>
    <TD>1139.0</TD>
    <TD>241.3815</TD>
    <TD>55.10446</TD>
    <TD>93.712</TD>
    <TD>368.334</TD>
    <TD>26.0869</TD>
    <TD>0.4206</TD>
    <TD>25.5316</TD>
    <TD>0.355</TD>
    <TD>25.5316</TD>
    <TD>0.355</TD>
    <TD>0.45</TD>
  </TR>
  <TR>
    <TD>1140.0</TD>
    <TD>241.3816</TD>
    <TD>55.11249</TD>
    <TD>4.502</TD>
    <TD>368.517</TD>
    <TD>25.264</TD>
    <TD>0.2315</TD>
    <TD>25.3708</TD>
    <TD>0.4285</TD>
    <TD>25.3708</TD>
    <TD>0.4285</TD>
    <TD>0.44</TD>
  </TR>
  <TR>
    <TD>1141.0</TD>
    <TD>241.376</TD>
    <TD>55.0441</TD>
    <TD>762.605</TD>
    <TD>395.163</TD>
    <TD>21.3004</TD>
    <TD>0.0313</TD>
    <TD>21.2553</TD>
    <TD>0.0412</TD>
    <TD>21.2553</TD>
    <TD>0.0412</TD>
    <TD>0.02</TD>
  </TR>
  <TR>
    <TD>1142.0</TD>
    <TD>241.3752</TD>
    <TD>54.97355</TD>
    <TD>1537.686</TD>
    <TD>390.664</TD>
    <TD>23.2492</TD>
    <TD>0.1014</TD>
    <TD>22.0845</TD>
    <TD>0.1177</TD>
    <TD>22.8704</TD>
    <TD>0.1036</TD>
    <TD>0.02</TD>
  </TR>
  <TR>
    <TD>1143.0</TD>
    <TD>241.3814</TD>
    <TD>55.11175</TD>
    <TD>12.687</TD>
    <TD>369.383</TD>
    <TD>25.5628</TD>
    <TD>0.2641</TD>
    <TD>25.0817</TD>
    <TD>0.2374</TD>
    <TD>25.0817</TD>
    <TD>0.2374</TD>
    <TD>0.41</TD>
  </TR>
  <TR>
    <TD>1144.0</TD>
    <TD>241.3807</TD>
    <TD>55.10361</TD>
    <TD>103.265</TD>
    <TD>373.22</TD>
    <TD>24.8751</TD>
    <TD>0.1977</TD>
    <TD>24.4863</TD>
    <TD>0.4069</TD>
    <TD>24.4863</TD>
    <TD>0.4069</TD>
    <TD>0.47</TD>
  </TR>
  <TR>
    <TD>1145.0</TD>
    <TD>241.3808</TD>
    <TD>55.10741</TD>
    <TD>61.048</TD>
    <TD>372.807</TD>
    <TD>25.1007</TD>
    <TD>0.222</TD>
    <TD>24.6019</TD>
    <TD>0.2455</TD>
    <TD>24.6019</TD>
    <TD>0.2455</TD>
    <TD>0.46</TD>
  </TR>
  <TR>
    <TD>1146.0</TD>
    <TD>241.3802</TD>
    <TD>55.07427</TD>
    <TD>428.664</TD>
    <TD>372.651</TD>
    <TD>25.896</TD>
    <TD>0.3547</TD>
    <TD>25.0635</TD>
    <TD>0.3244</TD>
    <TD>25.0635</TD>
    <TD>0.3244</TD>
    <TD>0.42</TD>
  </TR>
  <TR>
    <TD>1147.0</TD>
    <TD>241.3788</TD>
    <TD>55.01362</TD>
    <TD>1097.542</TD>
    <TD>373.532</TD>
    <TD>25.3407</TD>
    <TD>0.2477</TD>
    <TD>25.2701</TD>
    <TD>0.5488</TD>
    <TD>25.2701</TD>
    <TD>0.5488</TD>
    <TD>0.46</TD>
  </TR>
  <TR>
    <TD>1148.0</TD>
    <TD>241.3726</TD>
    <TD>55.0084</TD>
    <TD>1156.112</TD>
    <TD>411.79</TD>
    <TD>20.0695</TD>
    <TD>0.0135</TD>
    <TD>20.0454</TD>
    <TD>0.0151</TD>
    <TD>20.0454</TD>
    <TD>0.0151</TD>
    <TD>0.04</TD>
  </TR>
  <TR>
    <TD>1149.0</TD>
    <TD>241.3805</TD>
    <TD>55.1063</TD>
    <TD>73.516</TD>
    <TD>374.461</TD>
    <TD>25.4979</TD>
    <TD>0.2847</TD>
    <TD>25.5369</TD>
    <TD>0.4983</TD>
    <TD>25.5369</TD>
    <TD>0.4983</TD>
    <TD>0.46</TD>
  </TR>
  <TR>
    <TD>1150.0</TD>
    <TD>241.3805</TD>
    <TD>55.10874</TD>
    <TD>46.298</TD>
    <TD>374.653</TD>
    <TD>25.4564</TD>
    <TD>0.2406</TD>
    <TD>25.5896</TD>
    <TD>0.6718</TD>
    <TD>25.5896</TD>
    <TD>0.6718</TD>
    <TD>0.48</TD>
  </TR>
  <TR>
    <TD>1151.0</TD>
    <TD>241.3806</TD>
    <TD>55.11051</TD>
    <TD>26.657</TD>
    <TD>374.314</TD>
    <TD>25.5083</TD>
    <TD>0.2517</TD>
    <TD>25.8842</TD>
    <TD>0.4879</TD>
    <TD>25.8842</TD>
    <TD>0.4879</TD>
    <TD>0.36</TD>
  </TR>
  <TR>
    <TD>1152.0</TD>
    <TD>241.372</TD>
    <TD>54.99614</TD>
    <TD>1290.787</TD>
    <TD>413.971</TD>
    <TD>23.6228</TD>
    <TD>0.1284</TD>
    <TD>21.9408</TD>
    <TD>0.1032</TD>
    <TD>23.1207</TD>
    <TD>0.1271</TD>
    <TD>0.55</TD>
  </TR>
  <TR>
    <TD>1153.0</TD>
    <TD>241.3777</TD>
    <TD>55.04129</TD>
    <TD>793.268</TD>
    <TD>384.261</TD>
    <TD>24.1815</TD>
    <TD>0.178</TD>
    <TD>23.0911</TD>
    <TD>0.2189</TD>
    <TD>23.0911</TD>
    <TD>0.2189</TD>
    <TD>0.37</TD>
  </TR>
  <TR>
    <TD>1154.0</TD>
    <TD>241.3794</TD>
    <TD>55.06263</TD>
    <TD>557.536</TD>
    <TD>376.496</TD>
    <TD>25.6307</TD>
    <TD>0.3203</TD>
    <TD>25.2527</TD>
    <TD>0.385</TD>
    <TD>25.2527</TD>
    <TD>0.385</TD>
    <TD>0.39</TD>
  </TR>
  <TR>
    <TD>1155.0</TD>
    <TD>241.3803</TD>
    <TD>55.10935</TD>
    <TD>39.659</TD>
    <TD>376.318</TD>
    <TD>26.0247</TD>
    <TD>0.3979</TD>
    <TD>26.1315</TD>
    <TD>1.2808</TD>
    <TD>26.1315</TD>
    <TD>1.2808</TD>
    <TD>0.36</TD>
  </TR>
  <TR>
    <TD>1156.0</TD>
    <TD>241.3783</TD>
    <TD>55.04946</TD>
    <TD>703.087</TD>
    <TD>381.639</TD>
    <TD>24.2473</TD>
    <TD>0.1677</TD>
    <TD>24.0283</TD>
    <TD>0.2381</TD>
    <TD>24.0283</TD>
    <TD>0.2381</TD>
    <TD>0.4</TD>
  </TR>
  <TR>
    <TD>1157.0</TD>
    <TD>241.3772</TD>
    <TD>54.96844</TD>
    <TD>1593.336</TD>
    <TD>377.319</TD>
    <TD>25.9547</TD>
    <TD>0.3738</TD>
    <TD>24.9221</TD>
    <TD>0.4232</TD>
    <TD>24.9221</TD>
    <TD>0.4232</TD>
    <TD>0.36</TD>
  </TR>
  <TR>
    <TD>1158.0</TD>
    <TD>241.3794</TD>
    <TD>55.07076</TD>
    <TD>467.68</TD>
    <TD>377.671</TD>
    <TD>25.5875</TD>
    <TD>0.2699</TD>
    <TD>25.2201</TD>
    <TD>0.3738</TD>
    <TD>25.2201</TD>
    <TD>0.3738</TD>
    <TD>0.42</TD>
  </TR>
  <TR>
    <TD>1159.0</TD>
    <TD>241.3771</TD>
    <TD>54.99024</TD>
    <TD>1354.518</TD>
    <TD>380.934</TD>
    <TD>25.106</TD>
    <TD>0.2426</TD>
    <TD>23.852</TD>
    <TD>0.2749</TD>
    <TD>23.852</TD>
    <TD>0.2749</TD>
    <TD>0.36</TD>
  </TR>
  <TR>
    <TD>1160.0</TD>
    <TD>241.3788</TD>
    <TD>55.05302</TD>
    <TD>663.668</TD>
    <TD>378.666</TD>
    <TD>26.0471</TD>
    <TD>0.4059</TD>
    <TD>24.0461</TD>
    <TD>0.2524</TD>
    <TD>24.0461</TD>
    <TD>0.2524</TD>
    <TD>0.45</TD>
  </TR>
  <TR>
    <TD>1161.0</TD>
    <TD>241.3789</TD>
    <TD>55.05339</TD>
    <TD>659.643</TD>
    <TD>378.315</TD>
    <TD>25.7285</TD>
    <TD>0.3057</TD>
    <TD>25.4784</TD>
    <TD>0.4725</TD>
    <TD>25.4784</TD>
    <TD>0.4725</TD>
    <TD>0.35</TD>
  </TR>
  <TR>
    <TD>1162.0</TD>
    <TD>241.3788</TD>
    <TD>55.07605</TD>
    <TD>409.242</TD>
    <TD>382.002</TD>
    <TD>25.4695</TD>
    <TD>0.3613</TD>
    <TD>24.6115</TD>
    <TD>0.2887</TD>
    <TD>24.6115</TD>
    <TD>0.2887</TD>
    <TD>0.36</TD>
  </TR>
  <TR>
    <TD>1163.0</TD>
    <TD>241.3729</TD>
    <TD>54.99605</TD>
    <TD>1291.526</TD>
    <TD>408.509</TD>
    <TD>23.9367</TD>
    <TD>0.1503</TD>
    <TD>20.6818</TD>
    <TD>0.0641</TD>
    <TD>23.4046</TD>
    <TD>0.1473</TD>
    <TD>0.53</TD>
  </TR>
  <TR>
    <TD>1164.0</TD>
    <TD>241.3766</TD>
    <TD>54.96832</TD>
    <TD>1594.699</TD>
    <TD>380.62</TD>
    <TD>26.0026</TD>
    <TD>0.3901</TD>
    <TD>25.0795</TD>
    <TD>0.3545</TD>
    <TD>25.0795</TD>
    <TD>0.3545</TD>
    <TD>0.36</TD>
  </TR>
  <TR>
    <TD>1165.0</TD>
    <TD>241.3761</TD>
    <TD>55.09177</TD>
    <TD>235.664</TD>
    <TD>400.741</TD>
    <TD>22.7895</TD>
    <TD>0.0837</TD>
    <TD>22.6572</TD>
    <TD>0.1721</TD>
    <TD>22.6572</TD>
    <TD>0.1721</TD>
    <TD>0.0</TD>
  </TR>
  <TR>
    <TD>1166.0</TD>
    <TD>241.3675</TD>
    <TD>54.94799</TD>
    <TD>1818.591</TD>
    <TD>434.55</TD>
    <TD>19.043</TD>
    <TD>0.0079</TD>
    <TD>19.0475</TD>
    <TD>0.0084</TD>
    <TD>19.0475</TD>
    <TD>0.0084</TD>
    <TD>0.03</TD>
  </TR>
  <TR>
    <TD>1167.0</TD>
    <TD>241.3789</TD>
    <TD>55.07468</TD>
    <TD>424.379</TD>
    <TD>381.264</TD>
    <TD>25.6904</TD>
    <TD>0.2956</TD>
    <TD>25.1543</TD>
    <TD>0.4835</TD>
    <TD>25.1543</TD>
    <TD>0.4835</TD>
    <TD>0.38</TD>
  </TR>
  <TR>
    <TD>1168.0</TD>
    <TD>241.3792</TD>
    <TD>55.1121</TD>
    <TD>9.33</TD>
    <TD>383.719</TD>
    <TD>24.6589</TD>
    <TD>0.2068</TD>
    <TD>24.3933</TD>
    <TD>0.2884</TD>
    <TD>24.3933</TD>
    <TD>0.2884</TD>
    <TD>0.5</TD>
  </TR>
  <TR>
    <TD>1169.0</TD>
    <TD>241.3732</TD>
    <TD>54.93916</TD>
    <TD>1914.011</TD>
    <TD>397.687</TD>
    <TD>22.5553</TD>
    <TD>0.0745</TD>
    <TD>22.3879</TD>
    <TD>0.1139</TD>
    <TD>22.3879</TD>
    <TD>0.1139</TD>
    <TD>0.02</TD>
  </TR>
  <TR>
    <TD>1170.0</TD>
    <TD>241.375</TD>
    <TD>54.93663</TD>
    <TD>1941.34</TD>
    <TD>385.738</TD>
    <TD>25.2137</TD>
    <TD>0.3059</TD>
    <TD>23.8532</TD>
    <TD>0.3195</TD>
    <TD>23.8532</TD>
    <TD>0.3195</TD>
    <TD>0.35</TD>
  </TR>
  <TR>
    <TD>1171.0</TD>
    <TD>241.3762</TD>
    <TD>55.10726</TD>
    <TD>63.716</TD>
    <TD>402.06</TD>
    <TD>22.6078</TD>
    <TD>0.0673</TD>
    <TD>22.3764</TD>
    <TD>0.1016</TD>
    <TD>22.3764</TD>
    <TD>0.1016</TD>
    <TD>0.12</TD>
  </TR>
  <TR>
    <TD>1172.0</TD>
    <TD>241.3772</TD>
    <TD>55.11088</TD>
    <TD>23.294</TD>
    <TD>396.229</TD>
    <TD>23.4192</TD>
    <TD>0.1163</TD>
    <TD>23.4537</TD>
    <TD>0.1866</TD>
    <TD>23.4537</TD>
    <TD>0.1866</TD>
    <TD>0.44</TD>
  </TR>
  <TR>
    <TD>1173.0</TD>
    <TD>241.3779</TD>
    <TD>55.10456</TD>
    <TD>93.311</TD>
    <TD>390.598</TD>
    <TD>24.9386</TD>
    <TD>0.2527</TD>
    <TD>23.7815</TD>
    <TD>0.3332</TD>
    <TD>23.7815</TD>
    <TD>0.3332</TD>
    <TD>0.44</TD>
  </TR>
  <TR>
    <TD>1174.0</TD>
    <TD>241.3756</TD>
    <TD>54.98958</TD>
    <TD>1362.023</TD>
    <TD>390.174</TD>
    <TD>24.5751</TD>
    <TD>0.2007</TD>
    <TD>23.574</TD>
    <TD>0.2453</TD>
    <TD>23.574</TD>
    <TD>0.2453</TD>
    <TD>0.47</TD>
  </TR>
  <TR>
    <TD>1175.0</TD>
    <TD>241.3717</TD>
    <TD>54.97031</TD>
    <TD>1573.784</TD>
    <TD>412.228</TD>
    <TD>21.9946</TD>
    <TD>0.0513</TD>
    <TD>21.8306</TD>
    <TD>0.0777</TD>
    <TD>21.8306</TD>
    <TD>0.0777</TD>
    <TD>0.03</TD>
  </TR>
  <TR>
    <TD>1176.0</TD>
    <TD>241.378</TD>
    <TD>55.07901</TD>
    <TD>376.663</TD>
    <TD>387.318</TD>
    <TD>26.0763</TD>
    <TD>0.4166</TD>
    <TD>25.1953</TD>
    <TD>0.5431</TD>
    <TD>25.1953</TD>
    <TD>0.5431</TD>
    <TD>0.35</TD>
  </TR>
  <TR>
    <TD>1177.0</TD>
    <TD>241.3735</TD>
    <TD>55.0692</TD>
    <TD>486.033</TD>
    <TD>414.161</TD>
    <TD>23.9133</TD>
    <TD>0.1539</TD>
    <TD>23.1495</TD>
    <TD>0.2294</TD>
    <TD>23.1495</TD>
    <TD>0.2294</TD>
    <TD>0.45</TD>
  </TR>
  <TR>
    <TD>1178.0</TD>
    <TD>241.3752</TD>
    <TD>55.05406</TD>
    <TD>652.973</TD>
    <TD>401.817</TD>
    <TD>23.5391</TD>
    <TD>0.1148</TD>
    <TD>23.0946</TD>
    <TD>0.1747</TD>
    <TD>23.0946</TD>
    <TD>0.1747</TD>
    <TD>0.26</TD>
  </TR>
  <TR>
    <TD>1179.0</TD>
    <TD>241.3751</TD>
    <TD>54.96425</TD>
    <TD>1639.512</TD>
    <TD>389.493</TD>
    <TD>25.8231</TD>
    <TD>0.3804</TD>
    <TD>24.9924</TD>
    <TD>0.4905</TD>
    <TD>24.9924</TD>
    <TD>0.4905</TD>
    <TD>0.36</TD>
  </TR>
  <TR>
    <TD>1180.0</TD>
    <TD>241.3684</TD>
    <TD>54.99193</TD>
    <TD>1337.511</TD>
    <TD>436.138</TD>
    <TD>21.3194</TD>
    <TD>0.0406</TD>
    <TD>20.0331</TD>
    <TD>0.0426</TD>
    <TD>20.9798</TD>
    <TD>0.0418</TD>
    <TD>0.0</TD>
  </TR>
  <TR>
    <TD>1181.0</TD>
    <TD>241.3773</TD>
    <TD>55.09262</TD>
    <TD>225.983</TD>
    <TD>393.208</TD>
    <TD>25.2801</TD>
    <TD>0.2602</TD>
    <TD>24.8812</TD>
    <TD>0.377</TD>
    <TD>24.8812</TD>
    <TD>0.377</TD>
    <TD>0.43</TD>
  </TR>
  <TR>
    <TD>1182.0</TD>
    <TD>241.3713</TD>
    <TD>54.96034</TD>
    <TD>1682.92</TD>
    <TD>412.656</TD>
    <TD>21.8397</TD>
    <TD>0.0422</TD>
    <TD>21.8446</TD>
    <TD>0.0675</TD>
    <TD>21.8446</TD>
    <TD>0.0675</TD>
    <TD>0.07</TD>
  </TR>
  <TR>
    <TD>1183.0</TD>
    <TD>241.366</TD>
    <TD>54.98129</TD>
    <TD>1454.526</TD>
    <TD>449.278</TD>
    <TD>20.1749</TD>
    <TD>0.0187</TD>
    <TD>20.0798</TD>
    <TD>0.0232</TD>
    <TD>20.0798</TD>
    <TD>0.0232</TD>
    <TD>0.01</TD>
  </TR>
  <TR>
    <TD>1184.0</TD>
    <TD>241.3764</TD>
    <TD>55.08079</TD>
    <TD>357.241</TD>
    <TD>397.274</TD>
    <TD>25.699</TD>
    <TD>0.3405</TD>
    <TD>24.601</TD>
    <TD>0.2453</TD>
    <TD>24.601</TD>
    <TD>0.2453</TD>
    <TD>0.35</TD>
  </TR>
  <TR>
    <TD>1185.0</TD>
    <TD>241.3747</TD>
    <TD>54.98251</TD>
    <TD>1439.666</TD>
    <TD>394.684</TD>
    <TD>25.6786</TD>
    <TD>0.2925</TD>
    <TD>24.4202</TD>
    <TD>0.3325</TD>
    <TD>24.4202</TD>
    <TD>0.3325</TD>
    <TD>0.41</TD>
  </TR>
  <TR>
    <TD>1186.0</TD>
    <TD>241.3729</TD>
    <TD>54.96488</TD>
    <TD>1633.043</TD>
    <TD>403.851</TD>
    <TD>23.8946</TD>
    <TD>0.1545</TD>
    <TD>23.3519</TD>
    <TD>0.168</TD>
    <TD>23.3519</TD>
    <TD>0.168</TD>
    <TD>0.36</TD>
  </TR>
  <TR>
    <TD>1187.0</TD>
    <TD>241.3755</TD>
    <TD>55.05284</TD>
    <TD>666.33</TD>
    <TD>399.515</TD>
    <TD>25.0751</TD>
    <TD>0.236</TD>
    <TD>24.4513</TD>
    <TD>0.3835</TD>
    <TD>24.4513</TD>
    <TD>0.3835</TD>
    <TD>0.47</TD>
  </TR>
  <TR>
    <TD>1188.0</TD>
    <TD>241.3767</TD>
    <TD>55.08157</TD>
    <TD>348.502</TD>
    <TD>395.561</TD>
    <TD>25.6794</TD>
    <TD>0.3346</TD>
    <TD>25.1541</TD>
    <TD>0.3521</TD>
    <TD>25.1541</TD>
    <TD>0.3521</TD>
    <TD>0.44</TD>
  </TR>
  <TR>
    <TD>1189.0</TD>
    <TD>241.3717</TD>
    <TD>54.99639</TD>
    <TD>1288.004</TD>
    <TD>415.965</TD>
    <TD>22.8216</TD>
    <TD>0.0923</TD>
    <TD>21.1063</TD>
    <TD>0.0692</TD>
    <TD>22.2203</TD>
    <TD>0.0882</TD>
    <TD>0.03</TD>
  </TR>
  <TR>
    <TD>1190.0</TD>
    <TD>241.3724</TD>
    <TD>55.07447</TD>
    <TD>427.932</TD>
    <TD>422.084</TD>
    <TD>23.8326</TD>
    <TD>0.1492</TD>
    <TD>22.9356</TD>
    <TD>0.2152</TD>
    <TD>22.9356</TD>
    <TD>0.2152</TD>
    <TD>0.35</TD>
  </TR>
  <TR>
    <TD>1191.0</TD>
    <TD>241.3709</TD>
    <TD>54.93535</TD>
    <TD>1956.037</TD>
    <TD>411.364</TD>
    <TD>23.0081</TD>
    <TD>0.0929</TD>
    <TD>22.8521</TD>
    <TD>0.199</TD>
    <TD>22.8521</TD>
    <TD>0.199</TD>
    <TD>0.01</TD>
  </TR>
  <TR>
    <TD>1192.0</TD>
    <TD>241.3705</TD>
    <TD>55.01295</TD>
    <TD>1106.413</TD>
    <TD>425.605</TD>
    <TD>21.6064</TD>
    <TD>0.0383</TD>
    <TD>21.5012</TD>
    <TD>0.0495</TD>
    <TD>21.5012</TD>
    <TD>0.0495</TD>
    <TD>0.02</TD>
  </TR>
  <TR>
    <TD>1193.0</TD>
    <TD>241.3725</TD>
    <TD>55.00044</TD>
    <TD>1243.503</TD>
    <TD>411.522</TD>
    <TD>23.7612</TD>
    <TD>0.1427</TD>
    <TD>22.3998</TD>
    <TD>0.1421</TD>
    <TD>22.3998</TD>
    <TD>0.1421</TD>
    <TD>0.61</TD>
  </TR>
  <TR>
    <TD>1194.0</TD>
    <TD>241.3718</TD>
    <TD>55.07163</TD>
    <TD>459.498</TD>
    <TD>425.703</TD>
    <TD>24.2627</TD>
    <TD>0.1643</TD>
    <TD>23.7672</TD>
    <TD>0.2887</TD>
    <TD>23.7672</TD>
    <TD>0.2887</TD>
    <TD>0.46</TD>
  </TR>
  <TR>
    <TD>1195.0</TD>
    <TD>241.3746</TD>
    <TD>55.03851</TD>
    <TD>824.491</TD>
    <TD>403.497</TD>
    <TD>25.6179</TD>
    <TD>0.3167</TD>
    <TD>24.9482</TD>
    <TD>0.4412</TD>
    <TD>24.9482</TD>
    <TD>0.4412</TD>
    <TD>0.42</TD>
  </TR>
  <TR>
    <TD>1196.0</TD>
    <TD>241.3753</TD>
    <TD>55.08884</TD>
    <TD>268.292</TD>
    <TD>405.71</TD>
    <TD>25.8614</TD>
    <TD>0.344</TD>
    <TD>24.8758</TD>
    <TD>0.413</TD>
    <TD>24.8758</TD>
    <TD>0.413</TD>
    <TD>0.43</TD>
  </TR>
  <TR>
    <TD>1197.0</TD>
    <TD>241.3755</TD>
    <TD>55.08019</TD>
    <TD>363.984</TD>
    <TD>403.0</TD>
    <TD>25.9458</TD>
    <TD>0.3708</TD>
    <TD>25.1129</TD>
    <TD>0.4656</TD>
    <TD>25.1129</TD>
    <TD>0.4656</TD>
    <TD>0.43</TD>
  </TR>
  <TR>
    <TD>1198.0</TD>
    <TD>241.3667</TD>
    <TD>54.95443</TD>
    <TD>1748.317</TD>
    <TD>440.993</TD>
    <TD>22.5835</TD>
    <TD>0.0814</TD>
    <TD>22.0782</TD>
    <TD>0.1386</TD>
    <TD>22.0782</TD>
    <TD>0.1386</TD>
    <TD>0.0</TD>
  </TR>
  <TR>
    <TD>1199.0</TD>
    <TD>241.3749</TD>
    <TD>55.08281</TD>
    <TD>335.196</TD>
    <TD>407.393</TD>
    <TD>25.4648</TD>
    <TD>0.3067</TD>
    <TD>25.2362</TD>
    <TD>0.462</TD>
    <TD>25.2362</TD>
    <TD>0.462</TD>
    <TD>0.47</TD>
  </TR>
  <TR>
    <TD>1200.0</TD>
    <TD>241.3691</TD>
    <TD>55.07538</TD>
    <TD>418.53</TD>
    <TD>442.651</TD>
    <TD>20.4875</TD>
    <TD>0.0202</TD>
    <TD>20.4603</TD>
    <TD>0.0254</TD>
    <TD>20.4603</TD>
    <TD>0.0254</TD>
    <TD>0.02</TD>
  </TR>
  <TR>
    <TD>1201.0</TD>
    <TD>241.3732</TD>
    <TD>55.06168</TD>
    <TD>569.223</TD>
    <TD>415.569</TD>
    <TD>23.936</TD>
    <TD>0.1466</TD>
    <TD>24.0007</TD>
    <TD>0.4762</TD>
    <TD>24.0007</TD>
    <TD>0.4762</TD>
    <TD>0.54</TD>
  </TR>
  <TR>
    <TD>1202.0</TD>
    <TD>241.3747</TD>
    <TD>55.08123</TD>
    <TD>352.693</TD>
    <TD>408.33</TD>
    <TD>25.6372</TD>
    <TD>0.282</TD>
    <TD>25.0433</TD>
    <TD>0.4813</TD>
    <TD>25.0433</TD>
    <TD>0.4813</TD>
    <TD>0.4</TD>
  </TR>
  <TR>
    <TD>1203.0</TD>
    <TD>241.361</TD>
    <TD>55.05966</TD>
    <TD>593.864</TD>
    <TD>491.93</TD>
    <TD>21.2029</TD>
    <TD>0.0287</TD>
    <TD>21.044</TD>
    <TD>0.0435</TD>
    <TD>21.0941</TD>
    <TD>0.0296</TD>
    <TD>0.01</TD>
  </TR>
  <TR>
    <TD>1204.0</TD>
    <TD>241.3736</TD>
    <TD>55.07519</TD>
    <TD>419.782</TD>
    <TD>414.728</TD>
    <TD>24.7668</TD>
    <TD>0.2277</TD>
    <TD>24.1196</TD>
    <TD>0.3815</TD>
    <TD>24.1196</TD>
    <TD>0.3815</TD>
    <TD>0.37</TD>
  </TR>
  <TR>
    <TD>1205.0</TD>
    <TD>241.3684</TD>
    <TD>55.08075</TD>
    <TD>359.258</TD>
    <TD>448.176</TD>
    <TD>20.2968</TD>
    <TD>0.0188</TD>
    <TD>20.195</TD>
    <TD>0.0247</TD>
    <TD>20.195</TD>
    <TD>0.0247</TD>
    <TD>0.01</TD>
  </TR>
  <TR>
    <TD>1206.0</TD>
    <TD>241.3739</TD>
    <TD>55.06274</TD>
    <TD>557.315</TD>
    <TD>411.28</TD>
    <TD>24.9878</TD>
    <TD>0.2184</TD>
    <TD>25.4427</TD>
    <TD>0.3527</TD>
    <TD>25.4427</TD>
    <TD>0.3527</TD>
    <TD>0.45</TD>
  </TR>
  <TR>
    <TD>1207.0</TD>
    <TD>241.3747</TD>
    <TD>55.10525</TD>
    <TD>86.297</TD>
    <TD>411.312</TD>
    <TD>25.5899</TD>
    <TD>0.2705</TD>
    <TD>25.27</TD>
    <TD>0.2808</TD>
    <TD>25.27</TD>
    <TD>0.2808</TD>
    <TD>0.38</TD>
  </TR>
  <TR>
    <TD>1208.0</TD>
    <TD>241.3734</TD>
    <TD>55.08971</TD>
    <TD>259.002</TD>
    <TD>417.402</TD>
    <TD>25.1883</TD>
    <TD>0.2398</TD>
    <TD>24.6804</TD>
    <TD>0.2863</TD>
    <TD>24.6804</TD>
    <TD>0.2863</TD>
    <TD>0.36</TD>
  </TR>
  <TR>
    <TD>1209.0</TD>
    <TD>241.3731</TD>
    <TD>55.03316</TD>
    <TD>883.677</TD>
    <TD>412.334</TD>
    <TD>26.0888</TD>
    <TD>0.4213</TD>
    <TD>25.1278</TD>
    <TD>0.315</TD>
    <TD>25.1278</TD>
    <TD>0.315</TD>
    <TD>0.36</TD>
  </TR>
  <TR>
    <TD>1210.0</TD>
    <TD>241.3721</TD>
    <TD>55.07334</TD>
    <TD>440.519</TD>
    <TD>423.884</TD>
    <TD>23.4021</TD>
    <TD>0.1074</TD>
    <TD>23.2739</TD>
    <TD>0.2065</TD>
    <TD>23.2739</TD>
    <TD>0.2065</TD>
    <TD>0.71</TD>
  </TR>
  <TR>
    <TD>1211.0</TD>
    <TD>241.3729</TD>
    <TD>55.05124</TD>
    <TD>684.449</TD>
    <TD>416.22</TD>
    <TD>25.1597</TD>
    <TD>0.2338</TD>
    <TD>24.2744</TD>
    <TD>0.3044</TD>
    <TD>24.2744</TD>
    <TD>0.3044</TD>
    <TD>0.36</TD>
  </TR>
  <TR>
    <TD>1212.0</TD>
    <TD>241.3694</TD>
    <TD>54.99629</TD>
    <TD>1289.555</TD>
    <TD>430.218</TD>
    <TD>23.4921</TD>
    <TD>0.1203</TD>
    <TD>21.0124</TD>
    <TD>0.0642</TD>
    <TD>23.0019</TD>
    <TD>0.1195</TD>
    <TD>0.56</TD>
  </TR>
  <TR>
    <TD>1213.0</TD>
    <TD>241.3725</TD>
    <TD>55.08569</TD>
    <TD>303.753</TD>
    <TD>422.501</TD>
    <TD>24.7916</TD>
    <TD>0.2216</TD>
    <TD>24.1339</TD>
    <TD>0.3806</TD>
    <TD>24.1339</TD>
    <TD>0.3806</TD>
    <TD>0.48</TD>
  </TR>
  <TR>
    <TD>1214.0</TD>
    <TD>241.3731</TD>
    <TD>55.0932</TD>
    <TD>220.326</TD>
    <TD>419.48</TD>
    <TD>25.2327</TD>
    <TD>0.2716</TD>
    <TD>24.5234</TD>
    <TD>0.2944</TD>
    <TD>24.5234</TD>
    <TD>0.2944</TD>
    <TD>0.38</TD>
  </TR>
  <TR>
    <TD>1215.0</TD>
    <TD>241.3741</TD>
    <TD>55.10274</TD>
    <TD>114.325</TD>
    <TD>414.694</TD>
    <TD>25.284</TD>
    <TD>0.2069</TD>
    <TD>25.4676</TD>
    <TD>0.3351</TD>
    <TD>25.4676</TD>
    <TD>0.3351</TD>
    <TD>0.47</TD>
  </TR>
  <TR>
    <TD>1216.0</TD>
    <TD>241.3742</TD>
    <TD>55.1099</TD>
    <TD>34.757</TD>
    <TD>414.585</TD>
    <TD>25.4426</TD>
    <TD>0.3007</TD>
    <TD>24.8967</TD>
    <TD>0.3005</TD>
    <TD>24.8967</TD>
    <TD>0.3005</TD>
    <TD>0.42</TD>
  </TR>
  <TR>
    <TD>1217.0</TD>
    <TD>241.3633</TD>
    <TD>54.94848</TD>
    <TD>1813.893</TD>
    <TD>461.555</TD>
    <TD>21.3953</TD>
    <TD>0.0357</TD>
    <TD>21.335</TD>
    <TD>0.0556</TD>
    <TD>21.335</TD>
    <TD>0.0556</TD>
    <TD>0.01</TD>
  </TR>
  <TR>
    <TD>1218.0</TD>
    <TD>241.3733</TD>
    <TD>55.11013</TD>
    <TD>32.362</TD>
    <TD>420.328</TD>
    <TD>24.9144</TD>
    <TD>0.2198</TD>
    <TD>24.6102</TD>
    <TD>0.2687</TD>
    <TD>24.6102</TD>
    <TD>0.2687</TD>
    <TD>0.4</TD>
  </TR>
  <TR>
    <TD>1219.0</TD>
    <TD>241.3726</TD>
    <TD>55.03074</TD>
    <TD>910.486</TD>
    <TD>415.0</TD>
    <TD>25.5868</TD>
    <TD>0.308</TD>
    <TD>25.2782</TD>
    <TD>0.394</TD>
    <TD>25.2782</TD>
    <TD>0.394</TD>
    <TD>0.39</TD>
  </TR>
  <TR>
    <TD>1220.0</TD>
    <TD>241.3723</TD>
    <TD>55.05706</TD>
    <TD>620.387</TD>
    <TD>420.23</TD>
    <TD>25.2942</TD>
    <TD>0.2635</TD>
    <TD>24.0406</TD>
    <TD>0.3085</TD>
    <TD>24.0406</TD>
    <TD>0.3085</TD>
    <TD>0.43</TD>
  </TR>
  <TR>
    <TD>1221.0</TD>
    <TD>241.3733</TD>
    <TD>55.09481</TD>
    <TD>202.511</TD>
    <TD>418.576</TD>
    <TD>25.7845</TD>
    <TD>0.3675</TD>
    <TD>24.8324</TD>
    <TD>0.3023</TD>
    <TD>24.8324</TD>
    <TD>0.3023</TD>
    <TD>0.36</TD>
  </TR>
  <TR>
    <TD>1222.0</TD>
    <TD>241.3734</TD>
    <TD>55.0969</TD>
    <TD>179.311</TD>
    <TD>418.334</TD>
    <TD>26.1229</TD>
    <TD>0.4344</TD>
    <TD>25.0563</TD>
    <TD>0.3922</TD>
    <TD>25.0563</TD>
    <TD>0.3922</TD>
    <TD>0.36</TD>
  </TR>
  <TR>
    <TD>1223.0</TD>
    <TD>241.3734</TD>
    <TD>55.10479</TD>
    <TD>91.671</TD>
    <TD>419.345</TD>
    <TD>26.1896</TD>
    <TD>0.4611</TD>
    <TD>25.314</TD>
    <TD>0.2921</TD>
    <TD>25.314</TD>
    <TD>0.2921</TD>
    <TD>0.38</TD>
  </TR>
  <TR>
    <TD>1224.0</TD>
    <TD>241.3683</TD>
    <TD>55.00638</TD>
    <TD>1179.045</TD>
    <TD>438.463</TD>
    <TD>23.469</TD>
    <TD>0.1234</TD>
    <TD>22.8216</TD>
    <TD>0.1647</TD>
    <TD>22.8216</TD>
    <TD>0.1647</TD>
    <TD>0.16</TD>
  </TR>
  <TR>
    <TD>1225.0</TD>
    <TD>241.3726</TD>
    <TD>55.09365</TD>
    <TD>215.491</TD>
    <TD>423.083</TD>
    <TD>25.2345</TD>
    <TD>0.272</TD>
    <TD>24.693</TD>
    <TD>0.4413</TD>
    <TD>24.693</TD>
    <TD>0.4413</TD>
    <TD>0.43</TD>
  </TR>
  <TR>
    <TD>1226.0</TD>
    <TD>241.3673</TD>
    <TD>54.96973</TD>
    <TD>1580.871</TD>
    <TD>439.292</TD>
    <TD>22.8067</TD>
    <TD>0.0858</TD>
    <TD>22.6617</TD>
    <TD>0.1575</TD>
    <TD>22.6617</TD>
    <TD>0.1575</TD>
    <TD>0.0</TD>
  </TR>
  <TR>
    <TD>1227.0</TD>
    <TD>241.3696</TD>
    <TD>55.08307</TD>
    <TD>333.366</TD>
    <TD>440.544</TD>
    <TD>24.1747</TD>
    <TD>0.1624</TD>
    <TD>23.5014</TD>
    <TD>0.2765</TD>
    <TD>23.5014</TD>
    <TD>0.2765</TD>
    <TD>0.42</TD>
  </TR>
  <TR>
    <TD>1228.0</TD>
    <TD>241.3709</TD>
    <TD>55.03304</TD>
    <TD>885.448</TD>
    <TD>425.825</TD>
    <TD>24.6676</TD>
    <TD>0.2271</TD>
    <TD>23.8004</TD>
    <TD>0.4003</TD>
    <TD>23.8004</TD>
    <TD>0.4003</TD>
    <TD>0.46</TD>
  </TR>
  <TR>
    <TD>1229.0</TD>
    <TD>241.3716</TD>
    <TD>55.04854</TD>
    <TD>714.466</TD>
    <TD>423.497</TD>
    <TD>25.7679</TD>
    <TD>0.3621</TD>
    <TD>24.9456</TD>
    <TD>0.2916</TD>
    <TD>24.9456</TD>
    <TD>0.2916</TD>
    <TD>0.4</TD>
  </TR>
  <TR>
    <TD>1230.0</TD>
    <TD>241.3723</TD>
    <TD>55.08534</TD>
    <TD>307.663</TD>
    <TD>423.666</TD>
    <TD>26.0589</TD>
    <TD>0.4102</TD>
    <TD>25.357</TD>
    <TD>0.3035</TD>
    <TD>25.357</TD>
    <TD>0.3035</TD>
    <TD>0.36</TD>
  </TR>
  <TR>
    <TD>1231.0</TD>
    <TD>241.3703</TD>
    <TD>55.03311</TD>
    <TD>884.827</TD>
    <TD>429.569</TD>
    <TD>25.0912</TD>
    <TD>0.2573</TD>
    <TD>24.6652</TD>
    <TD>0.4576</TD>
    <TD>24.5431</TD>
    <TD>0.2509</TD>
    <TD>0.46</TD>
  </TR>
  <TR>
    <TD>1232.0</TD>
    <TD>241.3724</TD>
    <TD>55.10763</TD>
    <TD>60.294</TD>
    <TD>425.616</TD>
    <TD>25.5584</TD>
    <TD>0.2631</TD>
    <TD>25.1982</TD>
    <TD>0.2634</TD>
    <TD>25.1982</TD>
    <TD>0.2634</TD>
    <TD>0.38</TD>
  </TR>
  <TR>
    <TD>1233.0</TD>
    <TD>241.3672</TD>
    <TD>55.07159</TD>
    <TD>460.862</TD>
    <TD>454.256</TD>
    <TD>21.7594</TD>
    <TD>0.0457</TD>
    <TD>21.6782</TD>
    <TD>0.0629</TD>
    <TD>21.6782</TD>
    <TD>0.0629</TD>
    <TD>0.01</TD>
  </TR>
  <TR>
    <TD>1234.0</TD>
    <TD>241.3705</TD>
    <TD>55.10757</TD>
    <TD>61.385</TD>
    <TD>437.509</TD>
    <TD>24.3996</TD>
    <TD>0.1643</TD>
    <TD>24.8047</TD>
    <TD>0.4941</TD>
    <TD>24.8047</TD>
    <TD>0.4941</TD>
    <TD>0.37</TD>
  </TR>
  <TR>
    <TD>1235.0</TD>
    <TD>241.3701</TD>
    <TD>55.04162</TD>
    <TD>791.099</TD>
    <TD>432.14</TD>
    <TD>24.7651</TD>
    <TD>0.2164</TD>
    <TD>24.1854</TD>
    <TD>0.4174</TD>
    <TD>24.1854</TD>
    <TD>0.4174</TD>
    <TD>0.36</TD>
  </TR>
  <TR>
    <TD>1236.0</TD>
    <TD>241.3714</TD>
    <TD>55.10363</TD>
    <TD>104.919</TD>
    <TD>431.48</TD>
    <TD>24.6178</TD>
    <TD>0.1898</TD>
    <TD>24.2273</TD>
    <TD>0.3684</TD>
    <TD>24.2273</TD>
    <TD>0.3684</TD>
    <TD>0.47</TD>
  </TR>
  <TR>
    <TD>1237.0</TD>
    <TD>241.3709</TD>
    <TD>55.06333</TD>
    <TD>551.387</TD>
    <TD>430.011</TD>
    <TD>25.5433</TD>
    <TD>0.329</TD>
    <TD>24.407</TD>
    <TD>0.4939</TD>
    <TD>24.407</TD>
    <TD>0.4939</TD>
    <TD>0.39</TD>
  </TR>
  <TR>
    <TD>1238.0</TD>
    <TD>241.3711</TD>
    <TD>55.07033</TD>
    <TD>474.023</TD>
    <TD>429.869</TD>
    <TD>25.1667</TD>
    <TD>0.2561</TD>
    <TD>24.5309</TD>
    <TD>0.4086</TD>
    <TD>24.5309</TD>
    <TD>0.4086</TD>
    <TD>0.35</TD>
  </TR>
  <TR>
    <TD>1239.0</TD>
    <TD>241.3708</TD>
    <TD>55.10726</TD>
    <TD>64.813</TD>
    <TD>435.717</TD>
    <TD>24.3255</TD>
    <TD>0.1466</TD>
    <TD>24.9142</TD>
    <TD>0.4202</TD>
    <TD>24.9142</TD>
    <TD>0.4202</TD>
    <TD>0.5</TD>
  </TR>
  <TR>
    <TD>1240.0</TD>
    <TD>241.371</TD>
    <TD>55.0858</TD>
    <TD>302.829</TD>
    <TD>431.875</TD>
    <TD>25.223</TD>
    <TD>0.2692</TD>
    <TD>24.8285</TD>
    <TD>0.2921</TD>
    <TD>24.8285</TD>
    <TD>0.2921</TD>
    <TD>0.36</TD>
  </TR>
  <TR>
    <TD>1241.0</TD>
    <TD>241.3708</TD>
    <TD>55.05189</TD>
    <TD>677.668</TD>
    <TD>429.341</TD>
    <TD>26.0736</TD>
    <TD>0.4156</TD>
    <TD>24.7793</TD>
    <TD>0.3716</TD>
    <TD>24.7793</TD>
    <TD>0.3716</TD>
    <TD>0.36</TD>
  </TR>
  <TR>
    <TD>1242.0</TD>
    <TD>241.3709</TD>
    <TD>55.05818</TD>
    <TD>608.324</TD>
    <TD>429.362</TD>
    <TD>25.4803</TD>
    <TD>0.2456</TD>
    <TD>25.2421</TD>
    <TD>0.2739</TD>
    <TD>25.2421</TD>
    <TD>0.2739</TD>
    <TD>0.43</TD>
  </TR>
  <TR>
    <TD>1243.0</TD>
    <TD>241.3592</TD>
    <TD>55.05926</TD>
    <TD>598.55</TD>
    <TD>503.273</TD>
    <TD>18.9871</TD>
    <TD>0.0093</TD>
    <TD>18.9321</TD>
    <TD>0.0113</TD>
    <TD>18.9321</TD>
    <TD>0.0113</TD>
    <TD>0.03</TD>
  </TR>
  <TR>
    <TD>1244.0</TD>
    <TD>241.3677</TD>
    <TD>54.92904</TD>
    <TD>2025.455</TD>
    <TD>430.501</TD>
    <TD>25.67</TD>
    <TD>0.3318</TD>
    <TD>25.2301</TD>
    <TD>0.3772</TD>
    <TD>25.2301</TD>
    <TD>0.3772</TD>
    <TD>0.38</TD>
  </TR>
  <TR>
    <TD>1245.0</TD>
    <TD>241.3712</TD>
    <TD>55.08627</TD>
    <TD>297.581</TD>
    <TD>430.721</TD>
    <TD>25.8387</TD>
    <TD>0.3371</TD>
    <TD>25.4134</TD>
    <TD>0.3662</TD>
    <TD>25.4134</TD>
    <TD>0.3662</TD>
    <TD>0.4</TD>
  </TR>
  <TR>
    <TD>1246.0</TD>
    <TD>241.3681</TD>
    <TD>55.06374</TD>
    <TD>547.389</TD>
    <TD>447.697</TD>
    <TD>23.1117</TD>
    <TD>0.0948</TD>
    <TD>22.9672</TD>
    <TD>0.1244</TD>
    <TD>22.9672</TD>
    <TD>0.1244</TD>
    <TD>0.08</TD>
  </TR>
  <TR>
    <TD>1247.0</TD>
    <TD>241.3685</TD>
    <TD>55.01514</TD>
    <TD>1082.763</TD>
    <TD>439.02</TD>
    <TD>24.542</TD>
    <TD>0.203</TD>
    <TD>23.7527</TD>
    <TD>0.3948</TD>
    <TD>23.7527</TD>
    <TD>0.3948</TD>
    <TD>0.49</TD>
  </TR>
  <TR>
    <TD>1248.0</TD>
    <TD>241.3714</TD>
    <TD>55.10239</TD>
    <TD>118.687</TD>
    <TD>431.326</TD>
    <TD>25.7073</TD>
    <TD>0.3</TD>
    <TD>25.4685</TD>
    <TD>0.4683</TD>
    <TD>25.4685</TD>
    <TD>0.4683</TD>
    <TD>0.36</TD>
  </TR>
  <TR>
    <TD>1249.0</TD>
    <TD>241.3614</TD>
    <TD>54.97309</TD>
    <TD>1545.104</TD>
    <TD>476.912</TD>
    <TD>22.4405</TD>
    <TD>0.0678</TD>
    <TD>22.3576</TD>
    <TD>0.11</TD>
    <TD>22.3576</TD>
    <TD>0.11</TD>
    <TD>0.0</TD>
  </TR>
  <TR>
    <TD>1250.0</TD>
    <TD>241.3661</TD>
    <TD>54.92771</TD>
    <TD>2040.154</TD>
    <TD>439.991</TD>
    <TD>24.0996</TD>
    <TD>0.161</TD>
    <TD>23.8687</TD>
    <TD>0.3094</TD>
    <TD>23.8687</TD>
    <TD>0.3094</TD>
    <TD>0.5</TD>
  </TR>
  <TR>
    <TD>1251.0</TD>
    <TD>241.3663</TD>
    <TD>55.08713</TD>
    <TD>288.93</TD>
    <TD>461.65</TD>
    <TD>23.1974</TD>
    <TD>0.0996</TD>
    <TD>22.6149</TD>
    <TD>0.1686</TD>
    <TD>22.6149</TD>
    <TD>0.1686</TD>
    <TD>0.51</TD>
  </TR>
  <TR>
    <TD>1252.0</TD>
    <TD>241.3708</TD>
    <TD>55.08882</TD>
    <TD>269.347</TD>
    <TD>433.671</TD>
    <TD>26.1038</TD>
    <TD>0.427</TD>
    <TD>25.5034</TD>
    <TD>0.8638</TD>
    <TD>25.5034</TD>
    <TD>0.8638</TD>
    <TD>0.35</TD>
  </TR>
  <TR>
    <TD>1253.0</TD>
    <TD>241.3712</TD>
    <TD>55.10487</TD>
    <TD>91.301</TD>
    <TD>433.344</TD>
    <TD>25.9963</TD>
    <TD>0.3879</TD>
    <TD>25.5246</TD>
    <TD>0.7986</TD>
    <TD>25.5246</TD>
    <TD>0.7986</TD>
    <TD>0.42</TD>
  </TR>
  <TR>
    <TD>1254.0</TD>
    <TD>241.3687</TD>
    <TD>55.06039</TD>
    <TD>584.249</TD>
    <TD>443.651</TD>
    <TD>23.7065</TD>
    <TD>0.1333</TD>
    <TD>23.1795</TD>
    <TD>0.206</TD>
    <TD>23.1795</TD>
    <TD>0.206</TD>
    <TD>0.49</TD>
  </TR>
  <TR>
    <TD>1255.0</TD>
    <TD>241.3715</TD>
    <TD>55.10426</TD>
    <TD>97.961</TD>
    <TD>431.0</TD>
    <TD>24.9815</TD>
    <TD>0.2172</TD>
    <TD>25.1206</TD>
    <TD>0.427</TD>
    <TD>25.1206</TD>
    <TD>0.427</TD>
    <TD>0.38</TD>
  </TR>
  <TR>
    <TD>1256.0</TD>
    <TD>241.3652</TD>
    <TD>54.95902</TD>
    <TD>1698.424</TD>
    <TD>451.231</TD>
    <TD>23.1385</TD>
    <TD>0.1032</TD>
    <TD>22.9345</TD>
    <TD>0.1436</TD>
    <TD>22.9345</TD>
    <TD>0.1436</TD>
    <TD>0.01</TD>
  </TR>
  <TR>
    <TD>1257.0</TD>
    <TD>241.3652</TD>
    <TD>55.05782</TD>
    <TD>613.392</TD>
    <TD>465.402</TD>
    <TD>23.0447</TD>
    <TD>0.0949</TD>
    <TD>22.9169</TD>
    <TD>0.2017</TD>
    <TD>22.9169</TD>
    <TD>0.2017</TD>
    <TD>0.6</TD>
  </TR>
  <TR>
    <TD>1258.0</TD>
    <TD>241.3676</TD>
    <TD>54.99884</TD>
    <TD>1261.915</TD>
    <TD>442.052</TD>
    <TD>24.0884</TD>
    <TD>0.1637</TD>
    <TD>22.2648</TD>
    <TD>0.1063</TD>
    <TD>22.2648</TD>
    <TD>0.1063</TD>
    <TD>0.49</TD>
  </TR>
  <TR>
    <TD>1259.0</TD>
    <TD>241.3702</TD>
    <TD>55.11058</TD>
    <TD>28.024</TD>
    <TD>440.087</TD>
    <TD>22.7819</TD>
    <TD>0.0432</TD>
    <TD>22.7683</TD>
    <TD>0.0564</TD>
    <TD>22.7683</TD>
    <TD>0.0564</TD>
    <TD>0.99</TD>
  </TR>
  <TR>
    <TD>1260.0</TD>
    <TD>241.367</TD>
    <TD>54.94075</TD>
    <TD>1897.671</TD>
    <TD>436.692</TD>
    <TD>26.0097</TD>
    <TD>0.3926</TD>
    <TD>25.373</TD>
    <TD>0.6272</TD>
    <TD>25.373</TD>
    <TD>0.6272</TD>
    <TD>0.39</TD>
  </TR>
  <TR>
    <TD>1261.0</TD>
    <TD>241.3702</TD>
    <TD>55.0816</TD>
    <TD>349.472</TD>
    <TD>436.486</TD>
    <TD>25.4277</TD>
    <TD>0.2675</TD>
    <TD>24.8925</TD>
    <TD>0.4478</TD>
    <TD>24.8925</TD>
    <TD>0.4478</TD>
    <TD>0.45</TD>
  </TR>
  <TR>
    <TD>1262.0</TD>
    <TD>241.3685</TD>
    <TD>55.10645</TD>
    <TD>74.297</TD>
    <TD>450.538</TD>
    <TD>23.0223</TD>
    <TD>0.0951</TD>
    <TD>23.0823</TD>
    <TD>0.2222</TD>
    <TD>23.0823</TD>
    <TD>0.2222</TD>
    <TD>0.62</TD>
  </TR>
  <TR>
    <TD>1263.0</TD>
    <TD>241.3613</TD>
    <TD>55.08502</TD>
    <TD>313.299</TD>
    <TD>492.886</TD>
    <TD>19.2769</TD>
    <TD>0.0102</TD>
    <TD>19.2555</TD>
    <TD>0.0118</TD>
    <TD>19.2555</TD>
    <TD>0.0118</TD>
    <TD>0.03</TD>
  </TR>
  <TR>
    <TD>1264.0</TD>
    <TD>241.3691</TD>
    <TD>55.03561</TD>
    <TD>857.499</TD>
    <TD>437.509</TD>
    <TD>25.6121</TD>
    <TD>0.3151</TD>
    <TD>25.117</TD>
    <TD>0.3405</TD>
    <TD>25.117</TD>
    <TD>0.3405</TD>
    <TD>0.38</TD>
  </TR>
  <TR>
    <TD>1265.0</TD>
    <TD>241.3679</TD>
    <TD>54.9646</TD>
    <TD>1636.979</TD>
    <TD>435.0</TD>
    <TD>26.274</TD>
    <TD>0.4974</TD>
    <TD>25.0147</TD>
    <TD>0.3226</TD>
    <TD>25.0147</TD>
    <TD>0.3226</TD>
    <TD>0.4</TD>
  </TR>
  <TR>
    <TD>1266.0</TD>
    <TD>241.3689</TD>
    <TD>55.03428</TD>
    <TD>872.113</TD>
    <TD>438.656</TD>
    <TD>24.8956</TD>
    <TD>0.1853</TD>
    <TD>24.9067</TD>
    <TD>0.2816</TD>
    <TD>24.9067</TD>
    <TD>0.2816</TD>
    <TD>0.72</TD>
  </TR>
  <TR>
    <TD>1267.0</TD>
    <TD>241.357</TD>
    <TD>54.99113</TD>
    <TD>1348.335</TD>
    <TD>507.885</TD>
    <TD>18.0246</TD>
    <TD>0.0040</TD>
    <TD>18.0439</TD>
    <TD>0.0039</TD>
    <TD>18.0062</TD>
    <TD>0.0041</TD>
    <TD>0.2</TD>
  </TR>
  <TR>
    <TD>1268.0</TD>
    <TD>241.3697</TD>
    <TD>55.09696</TD>
    <TD>179.294</TD>
    <TD>441.933</TD>
    <TD>26.1972</TD>
    <TD>0.4643</TD>
    <TD>25.1876</TD>
    <TD>0.4877</TD>
    <TD>25.1876</TD>
    <TD>0.4877</TD>
    <TD>0.35</TD>
  </TR>
  <TR>
    <TD>1269.0</TD>
    <TD>241.3698</TD>
    <TD>55.09217</TD>
    <TD>232.481</TD>
    <TD>440.479</TD>
    <TD>25.5733</TD>
    <TD>0.3044</TD>
    <TD>25.0445</TD>
    <TD>0.3189</TD>
    <TD>25.0445</TD>
    <TD>0.3189</TD>
    <TD>0.35</TD>
  </TR>
  <TR>
    <TD>1270.0</TD>
    <TD>241.3701</TD>
    <TD>55.10827</TD>
    <TD>53.705</TD>
    <TD>440.668</TD>
    <TD>25.6192</TD>
    <TD>0.2776</TD>
    <TD>25.2866</TD>
    <TD>0.285</TD>
    <TD>25.2866</TD>
    <TD>0.285</TD>
    <TD>0.36</TD>
  </TR>
  <TR>
    <TD>1271.0</TD>
    <TD>241.3686</TD>
    <TD>55.04778</TD>
    <TD>723.499</TD>
    <TD>442.434</TD>
    <TD>25.4018</TD>
    <TD>0.2614</TD>
    <TD>25.1808</TD>
    <TD>0.3607</TD>
    <TD>25.1808</TD>
    <TD>0.3607</TD>
    <TD>0.37</TD>
  </TR>
  <TR>
    <TD>1272.0</TD>
    <TD>241.367</TD>
    <TD>54.96799</TD>
    <TD>1600.035</TD>
    <TD>441.0</TD>
    <TD>25.9286</TD>
    <TD>0.3652</TD>
    <TD>24.8523</TD>
    <TD>0.3672</TD>
    <TD>24.8523</TD>
    <TD>0.3672</TD>
    <TD>0.39</TD>
  </TR>
  <TR>
    <TD>1273.0</TD>
    <TD>241.3681</TD>
    <TD>55.03243</TD>
    <TD>892.66</TD>
    <TD>443.701</TD>
    <TD>25.8622</TD>
    <TD>0.3442</TD>
    <TD>24.8321</TD>
    <TD>0.4038</TD>
    <TD>24.8321</TD>
    <TD>0.4038</TD>
    <TD>0.39</TD>
  </TR>
  <TR>
    <TD>1274.0</TD>
    <TD>241.3626</TD>
    <TD>54.97048</TD>
    <TD>1573.493</TD>
    <TD>469.42</TD>
    <TD>21.9405</TD>
    <TD>0.0513</TD>
    <TD>21.5805</TD>
    <TD>0.0664</TD>
    <TD>21.6674</TD>
    <TD>0.0532</TD>
    <TD>0.0</TD>
  </TR>
  <TR>
    <TD>1275.0</TD>
    <TD>241.3653</TD>
    <TD>54.97147</TD>
    <TD>1562.197</TD>
    <TD>452.32</TD>
    <TD>24.4741</TD>
    <TD>0.2054</TD>
    <TD>23.1519</TD>
    <TD>0.2232</TD>
    <TD>23.1519</TD>
    <TD>0.2232</TD>
    <TD>0.36</TD>
  </TR>
  <TR>
    <TD>1276.0</TD>
    <TD>241.3691</TD>
    <TD>55.08628</TD>
    <TD>297.857</TD>
    <TD>444.37</TD>
    <TD>25.2859</TD>
    <TD>0.2615</TD>
    <TD>25.0328</TD>
    <TD>0.3155</TD>
    <TD>25.0328</TD>
    <TD>0.3155</TD>
    <TD>0.41</TD>
  </TR>
  <TR>
    <TD>1277.0</TD>
    <TD>241.3693</TD>
    <TD>55.1028</TD>
    <TD>114.618</TD>
    <TD>444.707</TD>
    <TD>25.3927</TD>
    <TD>0.2275</TD>
    <TD>25.1706</TD>
    <TD>0.257</TD>
    <TD>25.1706</TD>
    <TD>0.257</TD>
    <TD>0.38</TD>
  </TR>
  <TR>
    <TD>1278.0</TD>
    <TD>241.3686</TD>
    <TD>55.09238</TD>
    <TD>230.323</TD>
    <TD>447.792</TD>
    <TD>24.7861</TD>
    <TD>0.2205</TD>
    <TD>23.2145</TD>
    <TD>0.2322</TD>
    <TD>23.2145</TD>
    <TD>0.2322</TD>
    <TD>0.41</TD>
  </TR>
  <TR>
    <TD>1279.0</TD>
    <TD>241.3643</TD>
    <TD>54.97072</TD>
    <TD>1570.578</TD>
    <TD>458.551</TD>
    <TD>23.8933</TD>
    <TD>0.1445</TD>
    <TD>22.6012</TD>
    <TD>0.1819</TD>
    <TD>23.4052</TD>
    <TD>0.1437</TD>
    <TD>0.24</TD>
  </TR>
  <TR>
    <TD>1280.0</TD>
    <TD>241.3683</TD>
    <TD>55.10921</TD>
    <TD>43.656</TD>
    <TD>451.551</TD>
    <TD>25.1917</TD>
    <TD>0.2406</TD>
    <TD>24.7682</TD>
    <TD>0.2486</TD>
    <TD>24.7682</TD>
    <TD>0.2486</TD>
    <TD>0.37</TD>
  </TR>
  <TR>
    <TD>1281.0</TD>
    <TD>241.3672</TD>
    <TD>55.01029</TD>
    <TD>1136.292</TD>
    <TD>446.295</TD>
    <TD>25.8175</TD>
    <TD>0.3308</TD>
    <TD>25.143</TD>
    <TD>0.2871</TD>
    <TD>25.143</TD>
    <TD>0.2871</TD>
    <TD>0.46</TD>
  </TR>
  <TR>
    <TD>1282.0</TD>
    <TD>241.365</TD>
    <TD>55.00825</TD>
    <TD>1159.136</TD>
    <TD>459.681</TD>
    <TD>23.3249</TD>
    <TD>0.1101</TD>
    <TD>22.9121</TD>
    <TD>0.1269</TD>
    <TD>22.9121</TD>
    <TD>0.1269</TD>
    <TD>0.01</TD>
  </TR>
  <TR>
    <TD>1283.0</TD>
    <TD>241.3677</TD>
    <TD>55.04714</TD>
    <TD>730.65</TD>
    <TD>448.306</TD>
    <TD>25.5596</TD>
    <TD>0.2634</TD>
    <TD>25.6156</TD>
    <TD>0.6532</TD>
    <TD>25.6156</TD>
    <TD>0.6532</TD>
    <TD>0.47</TD>
  </TR>
  <TR>
    <TD>1284.0</TD>
    <TD>241.3655</TD>
    <TD>55.08509</TD>
    <TD>311.699</TD>
    <TD>466.413</TD>
    <TD>23.4372</TD>
    <TD>0.1182</TD>
    <TD>22.6205</TD>
    <TD>0.2298</TD>
    <TD>22.6205</TD>
    <TD>0.2298</TD>
    <TD>0.54</TD>
  </TR>
  <TR>
    <TD>1285.0</TD>
    <TD>241.366</TD>
    <TD>55.01143</TD>
    <TD>1124.0</TD>
    <TD>454.039</TD>
    <TD>26.0139</TD>
    <TD>0.394</TD>
    <TD>25.8185</TD>
    <TD>0.5284</TD>
    <TD>25.8185</TD>
    <TD>0.5284</TD>
    <TD>0.35</TD>
  </TR>
  <TR>
    <TD>1286.0</TD>
    <TD>241.3617</TD>
    <TD>55.06047</TD>
    <TD>584.738</TD>
    <TD>487.665</TD>
    <TD>21.6889</TD>
    <TD>0.0445</TD>
    <TD>21.6256</TD>
    <TD>0.0761</TD>
    <TD>21.4436</TD>
    <TD>0.0462</TD>
    <TD>0.0</TD>
  </TR>
  <TR>
    <TD>1287.0</TD>
    <TD>241.3656</TD>
    <TD>55.059</TD>
    <TD>600.242</TD>
    <TD>463.072</TD>
    <TD>24.4901</TD>
    <TD>0.2012</TD>
    <TD>23.5761</TD>
    <TD>0.3563</TD>
    <TD>23.5761</TD>
    <TD>0.3563</TD>
    <TD>0.44</TD>
  </TR>
  <TR>
    <TD>1288.0</TD>
    <TD>241.3647</TD>
    <TD>55.00426</TD>
    <TD>1202.97</TD>
    <TD>460.804</TD>
    <TD>24.3886</TD>
    <TD>0.177</TD>
    <TD>23.8344</TD>
    <TD>0.2486</TD>
    <TD>23.8344</TD>
    <TD>0.2486</TD>
    <TD>0.43</TD>
  </TR>
  <TR>
    <TD>1289.0</TD>
    <TD>241.3666</TD>
    <TD>55.03538</TD>
    <TD>860.471</TD>
    <TD>453.51</TD>
    <TD>25.5087</TD>
    <TD>0.2874</TD>
    <TD>25.6138</TD>
    <TD>0.5345</TD>
    <TD>25.6138</TD>
    <TD>0.5345</TD>
    <TD>0.35</TD>
  </TR>
  <TR>
    <TD>1290.0</TD>
    <TD>241.3672</TD>
    <TD>55.06844</TD>
    <TD>495.649</TD>
    <TD>453.707</TD>
    <TD>26.1021</TD>
    <TD>0.4264</TD>
    <TD>25.4704</TD>
    <TD>0.336</TD>
    <TD>25.4704</TD>
    <TD>0.336</TD>
    <TD>0.35</TD>
  </TR>
  <TR>
    <TD>1291.0</TD>
    <TD>241.3613</TD>
    <TD>54.97019</TD>
    <TD>1576.888</TD>
    <TD>477.175</TD>
    <TD>21.7354</TD>
    <TD>0.0381</TD>
    <TD>21.5206</TD>
    <TD>0.0508</TD>
    <TD>21.61</TD>
    <TD>0.0394</TD>
    <TD>0.02</TD>
  </TR>
  <TR>
    <TD>1292.0</TD>
    <TD>241.3641</TD>
    <TD>54.98719</TD>
    <TD>1390.258</TD>
    <TD>462.123</TD>
    <TD>24.0139</TD>
    <TD>0.1532</TD>
    <TD>22.8095</TD>
    <TD>0.1693</TD>
    <TD>22.8095</TD>
    <TD>0.1693</TD>
    <TD>0.35</TD>
  </TR>
  <TR>
    <TD>1293.0</TD>
    <TD>241.3662</TD>
    <TD>55.02511</TD>
    <TD>973.642</TD>
    <TD>454.716</TD>
    <TD>25.8791</TD>
    <TD>0.3494</TD>
    <TD>25.0474</TD>
    <TD>0.4096</TD>
    <TD>25.0474</TD>
    <TD>0.4096</TD>
    <TD>0.39</TD>
  </TR>
  <TR>
    <TD>1294.0</TD>
    <TD>241.3618</TD>
    <TD>54.94877</TD>
    <TD>1811.061</TD>
    <TD>470.818</TD>
    <TD>22.7108</TD>
    <TD>0.0774</TD>
    <TD>22.2948</TD>
    <TD>0.1163</TD>
    <TD>22.3671</TD>
    <TD>0.0795</TD>
    <TD>0.01</TD>
  </TR>
  <TR>
    <TD>1295.0</TD>
    <TD>241.3315</TD>
    <TD>55.02415</TD>
    <TD>990.362</TD>
    <TD>672.629</TD>
    <TD>14.5559</TD>
    <TD>6.0E-4</TD>
    <TD>14.5863</TD>
    <TD>5.0E-4</TD>
    <TD>14.5863</TD>
    <TD>5.0E-4</TD>
    <TD>0.94</TD>
  </TR>
  <TR>
    <TD>1296.0</TD>
    <TD>241.3653</TD>
    <TD>55.05489</TD>
    <TD>645.633</TD>
    <TD>463.929</TD>
    <TD>24.1636</TD>
    <TD>0.1751</TD>
    <TD>23.513</TD>
    <TD>0.2362</TD>
    <TD>23.513</TD>
    <TD>0.2362</TD>
    <TD>0.5</TD>
  </TR>
  <TR>
    <TD>1297.0</TD>
    <TD>241.3673</TD>
    <TD>55.11147</TD>
    <TD>18.689</TD>
    <TD>458.691</TD>
    <TD>25.5083</TD>
    <TD>0.3476</TD>
    <TD>25.0504</TD>
    <TD>0.4491</TD>
    <TD>24.5424</TD>
    <TD>0.2776</TD>
    <TD>0.41</TD>
  </TR>
  <TR>
    <TD>1298.0</TD>
    <TD>241.3653</TD>
    <TD>55.07922</TD>
    <TD>376.763</TD>
    <TD>467.298</TD>
    <TD>24.2805</TD>
    <TD>0.1728</TD>
    <TD>23.1093</TD>
    <TD>0.1997</TD>
    <TD>23.1093</TD>
    <TD>0.1997</TD>
    <TD>0.54</TD>
  </TR>
  <TR>
    <TD>1299.0</TD>
    <TD>241.363</TD>
    <TD>54.96421</TD>
    <TD>1642.075</TD>
    <TD>465.762</TD>
    <TD>24.4956</TD>
    <TD>0.1869</TD>
    <TD>23.9792</TD>
    <TD>0.4594</TD>
    <TD>23.9792</TD>
    <TD>0.4594</TD>
    <TD>0.38</TD>
  </TR>
  <TR>
    <TD>1300.0</TD>
    <TD>241.36</TD>
    <TD>54.9704</TD>
    <TD>1574.822</TD>
    <TD>485.772</TD>
    <TD>21.1153</TD>
    <TD>0.0283</TD>
    <TD>21.0192</TD>
    <TD>0.0397</TD>
    <TD>20.995</TD>
    <TD>0.0292</TD>
    <TD>0.01</TD>
  </TR>
  <TR>
    <TD>1301.0</TD>
    <TD>241.3649</TD>
    <TD>55.09122</TD>
    <TD>243.963</TD>
    <TD>471.161</TD>
    <TD>23.7271</TD>
    <TD>0.1275</TD>
    <TD>23.4137</TD>
    <TD>0.1766</TD>
    <TD>23.4137</TD>
    <TD>0.1766</TD>
    <TD>0.53</TD>
  </TR>
  <TR>
    <TD>1302.0</TD>
    <TD>241.3641</TD>
    <TD>54.96097</TD>
    <TD>1677.306</TD>
    <TD>458.322</TD>
    <TD>25.7995</TD>
    <TD>0.3256</TD>
    <TD>25.7703</TD>
    <TD>0.4402</TD>
    <TD>25.7703</TD>
    <TD>0.4402</TD>
    <TD>0.36</TD>
  </TR>
  <TR>
    <TD>1303.0</TD>
    <TD>241.3672</TD>
    <TD>55.10728</TD>
    <TD>65.299</TD>
    <TD>458.361</TD>
    <TD>25.9582</TD>
    <TD>0.3749</TD>
    <TD>25.484</TD>
    <TD>0.3401</TD>
    <TD>25.484</TD>
    <TD>0.3401</TD>
    <TD>0.4</TD>
  </TR>
  <TR>
    <TD>1304.0</TD>
    <TD>241.3658</TD>
    <TD>55.09103</TD>
    <TD>245.852</TD>
    <TD>465.82</TD>
    <TD>24.5325</TD>
    <TD>0.2012</TD>
    <TD>24.3457</TD>
    <TD>0.2996</TD>
    <TD>23.9537</TD>
    <TD>0.194</TD>
    <TD>0.49</TD>
  </TR>
  <TR>
    <TD>1305.0</TD>
    <TD>241.362</TD>
    <TD>54.93684</TD>
    <TD>1941.21</TD>
    <TD>467.724</TD>
    <TD>24.5438</TD>
    <TD>0.2111</TD>
    <TD>23.4283</TD>
    <TD>0.2488</TD>
    <TD>23.4283</TD>
    <TD>0.2488</TD>
    <TD>0.49</TD>
  </TR>
  <TR>
    <TD>1306.0</TD>
    <TD>241.3657</TD>
    <TD>55.04339</TD>
    <TD>772.452</TD>
    <TD>460.47</TD>
    <TD>25.5422</TD>
    <TD>0.2961</TD>
    <TD>24.3122</TD>
    <TD>0.3346</TD>
    <TD>24.3122</TD>
    <TD>0.3346</TD>
    <TD>0.36</TD>
  </TR>
  <TR>
    <TD>1307.0</TD>
    <TD>241.3665</TD>
    <TD>55.10291</TD>
    <TD>113.998</TD>
    <TD>462.754</TD>
    <TD>25.4318</TD>
    <TD>0.2684</TD>
    <TD>25.3321</TD>
    <TD>0.476</TD>
    <TD>25.3321</TD>
    <TD>0.476</TD>
    <TD>0.45</TD>
  </TR>
  <TR>
    <TD>1308.0</TD>
    <TD>241.3645</TD>
    <TD>55.0691</TD>
    <TD>488.85</TD>
    <TD>471.233</TD>
    <TD>24.4888</TD>
    <TD>0.1858</TD>
    <TD>23.2143</TD>
    <TD>0.2316</TD>
    <TD>23.2143</TD>
    <TD>0.2316</TD>
    <TD>0.48</TD>
  </TR>
  <TR>
    <TD>1309.0</TD>
    <TD>241.3662</TD>
    <TD>55.09737</TD>
    <TD>175.474</TD>
    <TD>463.789</TD>
    <TD>24.9408</TD>
    <TD>0.2395</TD>
    <TD>24.7945</TD>
    <TD>0.2832</TD>
    <TD>24.7945</TD>
    <TD>0.2832</TD>
    <TD>0.41</TD>
  </TR>
  <TR>
    <TD>1310.0</TD>
    <TD>241.366</TD>
    <TD>55.06847</TD>
    <TD>495.504</TD>
    <TD>461.565</TD>
    <TD>25.5961</TD>
    <TD>0.3106</TD>
    <TD>25.1865</TD>
    <TD>0.5084</TD>
    <TD>25.1865</TD>
    <TD>0.5084</TD>
    <TD>0.42</TD>
  </TR>
  <TR>
    <TD>1311.0</TD>
    <TD>241.3668</TD>
    <TD>55.11148</TD>
    <TD>18.689</TD>
    <TD>461.414</TD>
    <TD>24.7605</TD>
    <TD>0.204</TD>
    <TD>24.1199</TD>
    <TD>0.3317</TD>
    <TD>24.1199</TD>
    <TD>0.3317</TD>
    <TD>0.42</TD>
  </TR>
  <TR>
    <TD>1312.0</TD>
    <TD>241.3589</TD>
    <TD>54.98893</TD>
    <TD>1372.167</TD>
    <TD>495.433</TD>
    <TD>22.5187</TD>
    <TD>0.0758</TD>
    <TD>21.255</TD>
    <TD>0.0906</TD>
    <TD>22.0584</TD>
    <TD>0.0759</TD>
    <TD>0.01</TD>
  </TR>
  <TR>
    <TD>1313.0</TD>
    <TD>241.365</TD>
    <TD>55.04512</TD>
    <TD>753.512</TD>
    <TD>464.99</TD>
    <TD>25.3956</TD>
    <TD>0.26</TD>
    <TD>24.7087</TD>
    <TD>0.3786</TD>
    <TD>24.7087</TD>
    <TD>0.3786</TD>
    <TD>0.43</TD>
  </TR>
  <TR>
    <TD>1314.0</TD>
    <TD>241.3626</TD>
    <TD>54.93148</TD>
    <TD>1999.682</TD>
    <TD>462.638</TD>
    <TD>26.094</TD>
    <TD>0.4233</TD>
    <TD>25.3789</TD>
    <TD>0.5262</TD>
    <TD>25.3789</TD>
    <TD>0.5262</TD>
    <TD>0.37</TD>
  </TR>
  <TR>
    <TD>1315.0</TD>
    <TD>241.3663</TD>
    <TD>55.09639</TD>
    <TD>186.319</TD>
    <TD>462.677</TD>
    <TD>26.205</TD>
    <TD>0.4675</TD>
    <TD>25.3403</TD>
    <TD>0.6314</TD>
    <TD>25.3403</TD>
    <TD>0.6314</TD>
    <TD>0.36</TD>
  </TR>
  <TR>
    <TD>1316.0</TD>
    <TD>241.3661</TD>
    <TD>55.11208</TD>
    <TD>12.121</TD>
    <TD>465.803</TD>
    <TD>24.9589</TD>
    <TD>0.2434</TD>
    <TD>24.231</TD>
    <TD>0.2699</TD>
    <TD>24.231</TD>
    <TD>0.2699</TD>
    <TD>0.46</TD>
  </TR>
  <TR>
    <TD>1317.0</TD>
    <TD>241.3661</TD>
    <TD>55.11294</TD>
    <TD>2.549</TD>
    <TD>466.272</TD>
    <TD>25.5181</TD>
    <TD>0.3217</TD>
    <TD>24.8555</TD>
    <TD>0.3604</TD>
    <TD>24.8555</TD>
    <TD>0.3604</TD>
    <TD>0.41</TD>
  </TR>
  <TR>
    <TD>1318.0</TD>
    <TD>241.3663</TD>
    <TD>55.10852</TD>
    <TD>51.682</TD>
    <TD>464.359</TD>
    <TD>25.7706</TD>
    <TD>0.3173</TD>
    <TD>25.4977</TD>
    <TD>0.3443</TD>
    <TD>25.4977</TD>
    <TD>0.3443</TD>
    <TD>0.36</TD>
  </TR>
  <TR>
    <TD>1319.0</TD>
    <TD>241.3627</TD>
    <TD>54.98687</TD>
    <TD>1394.017</TD>
    <TD>471.036</TD>
    <TD>24.9282</TD>
    <TD>0.2225</TD>
    <TD>24.0669</TD>
    <TD>0.3598</TD>
    <TD>24.0669</TD>
    <TD>0.3598</TD>
    <TD>0.47</TD>
  </TR>
  <TR>
    <TD>1320.0</TD>
    <TD>241.3636</TD>
    <TD>55.02545</TD>
    <TD>970.365</TD>
    <TD>470.961</TD>
    <TD>24.4847</TD>
    <TD>0.1928</TD>
    <TD>23.5052</TD>
    <TD>0.2705</TD>
    <TD>23.5052</TD>
    <TD>0.2705</TD>
    <TD>0.58</TD>
  </TR>
  <TR>
    <TD>1321.0</TD>
    <TD>241.3634</TD>
    <TD>55.07043</TD>
    <TD>474.351</TD>
    <TD>478.311</TD>
    <TD>23.5015</TD>
    <TD>0.127</TD>
    <TD>23.4834</TD>
    <TD>0.3496</TD>
    <TD>23.4834</TD>
    <TD>0.3496</TD>
    <TD>0.1</TD>
  </TR>
  <TR>
    <TD>1322.0</TD>
    <TD>241.3651</TD>
    <TD>55.03636</TD>
    <TD>849.976</TD>
    <TD>463.0</TD>
    <TD>26.0534</TD>
    <TD>0.4082</TD>
    <TD>25.6225</TD>
    <TD>0.4148</TD>
    <TD>25.6225</TD>
    <TD>0.4148</TD>
    <TD>0.35</TD>
  </TR>
  <TR>
    <TD>1323.0</TD>
    <TD>241.3639</TD>
    <TD>55.0236</TD>
    <TD>990.658</TD>
    <TD>468.7</TD>
    <TD>24.8843</TD>
    <TD>0.1835</TD>
    <TD>24.8155</TD>
    <TD>0.2594</TD>
    <TD>24.8155</TD>
    <TD>0.2594</TD>
    <TD>0.45</TD>
  </TR>
  <TR>
    <TD>1324.0</TD>
    <TD>241.3626</TD>
    <TD>54.9519</TD>
    <TD>1776.713</TD>
    <TD>466.359</TD>
    <TD>26.0654</TD>
    <TD>0.4126</TD>
    <TD>25.2954</TD>
    <TD>0.5007</TD>
    <TD>25.2954</TD>
    <TD>0.5007</TD>
    <TD>0.35</TD>
  </TR>
  <TR>
    <TD>1325.0</TD>
    <TD>241.366</TD>
    <TD>55.11081</TD>
    <TD>26.297</TD>
    <TD>466.298</TD>
    <TD>25.5863</TD>
    <TD>0.2696</TD>
    <TD>25.2902</TD>
    <TD>0.3075</TD>
    <TD>25.2902</TD>
    <TD>0.3075</TD>
    <TD>0.37</TD>
  </TR>
  <TR>
    <TD>1326.0</TD>
    <TD>241.3442</TD>
    <TD>55.09274</TD>
    <TD>231.109</TD>
    <TD>601.914</TD>
    <TD>20.2253</TD>
    <TD>0.0196</TD>
    <TD>20.1682</TD>
    <TD>0.0265</TD>
    <TD>20.1682</TD>
    <TD>0.0265</TD>
    <TD>0.01</TD>
  </TR>
  <TR>
    <TD>1327.0</TD>
    <TD>241.3613</TD>
    <TD>55.01122</TD>
    <TD>1127.18</TD>
    <TD>483.174</TD>
    <TD>23.3288</TD>
    <TD>0.1136</TD>
    <TD>23.1778</TD>
    <TD>0.1679</TD>
    <TD>23.1778</TD>
    <TD>0.1679</TD>
    <TD>0.01</TD>
  </TR>
  <TR>
    <TD>1328.0</TD>
    <TD>241.3651</TD>
    <TD>55.09256</TD>
    <TD>229.0</TD>
    <TD>470.015</TD>
    <TD>25.6938</TD>
    <TD>0.2965</TD>
    <TD>25.2466</TD>
    <TD>0.398</TD>
    <TD>25.2466</TD>
    <TD>0.398</TD>
    <TD>0.4</TD>
  </TR>
  <TR>
    <TD>1329.0</TD>
    <TD>241.3646</TD>
    <TD>55.07948</TD>
    <TD>374.0</TD>
    <TD>471.928</TD>
    <TD>25.7521</TD>
    <TD>0.3122</TD>
    <TD>24.7338</TD>
    <TD>0.4966</TD>
    <TD>24.7338</TD>
    <TD>0.4966</TD>
    <TD>0.39</TD>
  </TR>
  <TR>
    <TD>1330.0</TD>
    <TD>241.3644</TD>
    <TD>55.06081</TD>
    <TD>580.467</TD>
    <TD>470.446</TD>
    <TD>25.5486</TD>
    <TD>0.2978</TD>
    <TD>24.7563</TD>
    <TD>0.452</TD>
    <TD>24.7563</TD>
    <TD>0.452</TD>
    <TD>0.44</TD>
  </TR>
  <TR>
    <TD>1331.0</TD>
    <TD>241.3653</TD>
    <TD>55.10881</TD>
    <TD>48.695</TD>
    <TD>470.385</TD>
    <TD>25.6893</TD>
    <TD>0.2953</TD>
    <TD>25.1716</TD>
    <TD>0.2572</TD>
    <TD>25.1716</TD>
    <TD>0.2572</TD>
    <TD>0.4</TD>
  </TR>
  <TR>
    <TD>1332.0</TD>
    <TD>241.3608</TD>
    <TD>55.08853</TD>
    <TD>274.566</TD>
    <TD>496.678</TD>
    <TD>21.6014</TD>
    <TD>0.0457</TD>
    <TD>21.3714</TD>
    <TD>0.0722</TD>
    <TD>21.3714</TD>
    <TD>0.0722</TD>
    <TD>0.0</TD>
  </TR>
  <TR>
    <TD>1333.0</TD>
    <TD>241.3605</TD>
    <TD>54.98334</TD>
    <TD>1433.105</TD>
    <TD>484.7</TD>
    <TD>24.0587</TD>
    <TD>0.1552</TD>
    <TD>22.8355</TD>
    <TD>0.1781</TD>
    <TD>22.8355</TD>
    <TD>0.1781</TD>
    <TD>0.47</TD>
  </TR>
  <TR>
    <TD>1334.0</TD>
    <TD>241.3641</TD>
    <TD>55.05373</TD>
    <TD>658.665</TD>
    <TD>471.663</TD>
    <TD>25.8871</TD>
    <TD>0.3519</TD>
    <TD>25.2939</TD>
    <TD>0.3996</TD>
    <TD>25.2939</TD>
    <TD>0.3996</TD>
    <TD>0.35</TD>
  </TR>
  <TR>
    <TD>1335.0</TD>
    <TD>241.35</TD>
    <TD>55.09711</TD>
    <TD>181.578</TD>
    <TD>565.939</TD>
    <TD>17.9819</TD>
    <TD>0.0037</TD>
    <TD>18.0054</TD>
    <TD>0.0035</TD>
    <TD>18.0054</TD>
    <TD>0.0035</TD>
    <TD>0.29</TD>
  </TR>
  <TR>
    <TD>1336.0</TD>
    <TD>241.3634</TD>
    <TD>55.07104</TD>
    <TD>467.674</TD>
    <TD>478.316</TD>
    <TD>24.9747</TD>
    <TD>0.2469</TD>
    <TD>23.895</TD>
    <TD>0.3364</TD>
    <TD>24.3935</TD>
    <TD>0.2379</TD>
    <TD>0.36</TD>
  </TR>
  <TR>
    <TD>1337.0</TD>
    <TD>241.3649</TD>
    <TD>55.10553</TD>
    <TD>85.215</TD>
    <TD>472.627</TD>
    <TD>25.3795</TD>
    <TD>0.2842</TD>
    <TD>24.7158</TD>
    <TD>0.2463</TD>
    <TD>24.7158</TD>
    <TD>0.2463</TD>
    <TD>0.42</TD>
  </TR>
  <TR>
    <TD>1338.0</TD>
    <TD>241.365</TD>
    <TD>55.11056</TD>
    <TD>29.308</TD>
    <TD>472.651</TD>
    <TD>25.4536</TD>
    <TD>0.24</TD>
    <TD>25.4016</TD>
    <TD>0.3159</TD>
    <TD>25.4016</TD>
    <TD>0.3159</TD>
    <TD>0.41</TD>
  </TR>
  <TR>
    <TD>1339.0</TD>
    <TD>241.3574</TD>
    <TD>55.06231</TD>
    <TD>565.189</TD>
    <TD>514.684</TD>
    <TD>21.0367</TD>
    <TD>0.031</TD>
    <TD>20.8781</TD>
    <TD>0.0476</TD>
    <TD>20.8781</TD>
    <TD>0.0476</TD>
    <TD>0.0</TD>
  </TR>
  <TR>
    <TD>1340.0</TD>
    <TD>241.3608</TD>
    <TD>54.92728</TD>
    <TD>2045.785</TD>
    <TD>473.405</TD>
    <TD>25.4475</TD>
    <TD>0.302</TD>
    <TD>24.626</TD>
    <TD>0.4415</TD>
    <TD>24.626</TD>
    <TD>0.4415</TD>
    <TD>0.47</TD>
  </TR>
  <TR>
    <TD>1341.0</TD>
    <TD>241.3609</TD>
    <TD>54.93123</TD>
    <TD>2002.675</TD>
    <TD>473.31</TD>
    <TD>26.1272</TD>
    <TD>0.4361</TD>
    <TD>24.9259</TD>
    <TD>0.4472</TD>
    <TD>24.9259</TD>
    <TD>0.4472</TD>
    <TD>0.35</TD>
  </TR>
  <TR>
    <TD>1342.0</TD>
    <TD>241.3643</TD>
    <TD>55.08872</TD>
    <TD>271.808</TD>
    <TD>474.395</TD>
    <TD>25.5336</TD>
    <TD>0.3262</TD>
    <TD>25.1595</TD>
    <TD>0.6222</TD>
    <TD>25.1595</TD>
    <TD>0.6222</TD>
    <TD>0.39</TD>
  </TR>
  <TR>
    <TD>1343.0</TD>
    <TD>241.3589</TD>
    <TD>54.98343</TD>
    <TD>1432.401</TD>
    <TD>494.211</TD>
    <TD>23.38</TD>
    <TD>0.1236</TD>
    <TD>22.9518</TD>
    <TD>0.2384</TD>
    <TD>22.9518</TD>
    <TD>0.2384</TD>
    <TD>0.6</TD>
  </TR>
  <TR>
    <TD>1344.0</TD>
    <TD>241.3618</TD>
    <TD>54.97797</TD>
    <TD>1491.698</TD>
    <TD>475.65</TD>
    <TD>25.6659</TD>
    <TD>0.2892</TD>
    <TD>25.2317</TD>
    <TD>0.5615</TD>
    <TD>25.2317</TD>
    <TD>0.5615</TD>
    <TD>0.48</TD>
  </TR>
  <TR>
    <TD>1345.0</TD>
    <TD>241.3586</TD>
    <TD>55.11032</TD>
    <TD>33.252</TD>
    <TD>513.344</TD>
    <TD>21.1074</TD>
    <TD>0.0323</TD>
    <TD>21.0808</TD>
    <TD>0.0472</TD>
    <TD>21.0808</TD>
    <TD>0.0472</TD>
    <TD>0.0</TD>
  </TR>
  <TR>
    <TD>1346.0</TD>
    <TD>241.364</TD>
    <TD>55.11088</TD>
    <TD>25.933</TD>
    <TD>478.958</TD>
    <TD>24.9699</TD>
    <TD>0.2309</TD>
    <TD>24.439</TD>
    <TD>0.3862</TD>
    <TD>24.439</TD>
    <TD>0.3862</TD>
    <TD>0.48</TD>
  </TR>
  <TR>
    <TD>1347.0</TD>
    <TD>241.3548</TD>
    <TD>54.95116</TD>
    <TD>1786.096</TD>
    <TD>515.111</TD>
    <TD>20.819</TD>
    <TD>0.0258</TD>
    <TD>20.7642</TD>
    <TD>0.038</TD>
    <TD>20.7642</TD>
    <TD>0.038</TD>
    <TD>0.01</TD>
  </TR>
  <TR>
    <TD>1348.0</TD>
    <TD>241.3631</TD>
    <TD>55.07126</TD>
    <TD>465.317</TD>
    <TD>480.319</TD>
    <TD>24.8001</TD>
    <TD>0.2233</TD>
    <TD>24.2221</TD>
    <TD>0.3857</TD>
    <TD>24.2718</TD>
    <TD>0.2191</TD>
    <TD>0.48</TD>
  </TR>
  <TR>
    <TD>1349.0</TD>
    <TD>241.3554</TD>
    <TD>54.97071</TD>
    <TD>1572.187</TD>
    <TD>514.438</TD>
    <TD>19.701</TD>
    <TD>0.0106</TD>
    <TD>19.7004</TD>
    <TD>0.0117</TD>
    <TD>19.7004</TD>
    <TD>0.0117</TD>
    <TD>0.04</TD>
  </TR>
  <TR>
    <TD>1350.0</TD>
    <TD>241.3626</TD>
    <TD>55.05241</TD>
    <TD>673.504</TD>
    <TD>481.016</TD>
    <TD>25.0533</TD>
    <TD>0.2315</TD>
    <TD>24.8563</TD>
    <TD>0.309</TD>
    <TD>24.8563</TD>
    <TD>0.309</TD>
    <TD>0.38</TD>
  </TR>
  <TR>
    <TD>1351.0</TD>
    <TD>241.3592</TD>
    <TD>55.08071</TD>
    <TD>361.418</TD>
    <TD>505.792</TD>
    <TD>21.8409</TD>
    <TD>0.047</TD>
    <TD>21.6487</TD>
    <TD>0.0589</TD>
    <TD>21.6487</TD>
    <TD>0.0589</TD>
    <TD>0.0</TD>
  </TR>
  <TR>
    <TD>1352.0</TD>
    <TD>241.3638</TD>
    <TD>55.10548</TD>
    <TD>85.985</TD>
    <TD>479.506</TD>
    <TD>25.5974</TD>
    <TD>0.311</TD>
    <TD>25.2702</TD>
    <TD>0.3911</TD>
    <TD>25.2702</TD>
    <TD>0.3911</TD>
    <TD>0.43</TD>
  </TR>
  <TR>
    <TD>1353.0</TD>
    <TD>241.3631</TD>
    <TD>55.11023</TD>
    <TD>33.353</TD>
    <TD>484.817</TD>
    <TD>25.039</TD>
    <TD>0.2615</TD>
    <TD>24.7474</TD>
    <TD>0.443</TD>
    <TD>24.7474</TD>
    <TD>0.443</TD>
    <TD>0.47</TD>
  </TR>
  <TR>
    <TD>1354.0</TD>
    <TD>241.3572</TD>
    <TD>54.9573</TD>
    <TD>1718.526</TD>
    <TD>500.952</TD>
    <TD>21.712</TD>
    <TD>0.0389</TD>
    <TD>21.6481</TD>
    <TD>0.052</TD>
    <TD>21.6481</TD>
    <TD>0.052</TD>
    <TD>0.01</TD>
  </TR>
  <TR>
    <TD>1355.0</TD>
    <TD>241.3633</TD>
    <TD>55.08767</TD>
    <TD>283.635</TD>
    <TD>480.707</TD>
    <TD>25.6235</TD>
    <TD>0.2786</TD>
    <TD>25.4695</TD>
    <TD>0.3357</TD>
    <TD>25.4695</TD>
    <TD>0.3357</TD>
    <TD>0.41</TD>
  </TR>
  <TR>
    <TD>1356.0</TD>
    <TD>241.3636</TD>
    <TD>55.10068</TD>
    <TD>139.315</TD>
    <TD>480.299</TD>
    <TD>25.6916</TD>
    <TD>0.2959</TD>
    <TD>24.9909</TD>
    <TD>0.3038</TD>
    <TD>24.9909</TD>
    <TD>0.3038</TD>
    <TD>0.38</TD>
  </TR>
  <TR>
    <TD>1357.0</TD>
    <TD>241.3637</TD>
    <TD>55.10334</TD>
    <TD>109.68</TD>
    <TD>480.297</TD>
    <TD>25.7379</TD>
    <TD>0.3082</TD>
    <TD>25.4103</TD>
    <TD>0.3183</TD>
    <TD>25.4103</TD>
    <TD>0.3183</TD>
    <TD>0.39</TD>
  </TR>
  <TR>
    <TD>1358.0</TD>
    <TD>241.3527</TD>
    <TD>55.11221</TD>
    <TD>13.416</TD>
    <TD>550.619</TD>
    <TD>18.0867</TD>
    <TD>0.0040</TD>
    <TD>18.1087</TD>
    <TD>0.0038</TD>
    <TD>18.1087</TD>
    <TD>0.0038</TD>
    <TD>0.16</TD>
  </TR>
  <TR>
    <TD>1359.0</TD>
    <TD>241.36</TD>
    <TD>55.04781</TD>
    <TD>724.805</TD>
    <TD>496.76</TD>
    <TD>23.5219</TD>
    <TD>0.1215</TD>
    <TD>23.029</TD>
    <TD>0.1955</TD>
    <TD>23.029</TD>
    <TD>0.1955</TD>
    <TD>0.54</TD>
  </TR>
  <TR>
    <TD>1360.0</TD>
    <TD>241.3604</TD>
    <TD>54.96102</TD>
    <TD>1677.369</TD>
    <TD>481.702</TD>
    <TD>25.7156</TD>
    <TD>0.3022</TD>
    <TD>25.3317</TD>
    <TD>0.604</TD>
    <TD>25.3317</TD>
    <TD>0.604</TD>
    <TD>0.36</TD>
  </TR>
  <TR>
    <TD>1361.0</TD>
    <TD>241.3625</TD>
    <TD>55.09522</TD>
    <TD>200.09</TD>
    <TD>486.99</TD>
    <TD>24.5777</TD>
    <TD>0.1832</TD>
    <TD>24.2828</TD>
    <TD>0.2098</TD>
    <TD>24.2828</TD>
    <TD>0.2098</TD>
    <TD>0.7</TD>
  </TR>
  <TR>
    <TD>1362.0</TD>
    <TD>241.361</TD>
    <TD>55.0079</TD>
    <TD>1163.664</TD>
    <TD>484.697</TD>
    <TD>26.2082</TD>
    <TD>0.4689</TD>
    <TD>25.1662</TD>
    <TD>0.4451</TD>
    <TD>25.1662</TD>
    <TD>0.4451</TD>
    <TD>0.45</TD>
  </TR>
  <TR>
    <TD>1363.0</TD>
    <TD>241.3541</TD>
    <TD>54.9674</TD>
    <TD>1608.671</TD>
    <TD>522.334</TD>
    <TD>19.8736</TD>
    <TD>0.0127</TD>
    <TD>19.8512</TD>
    <TD>0.0151</TD>
    <TD>19.8512</TD>
    <TD>0.0151</TD>
    <TD>0.03</TD>
  </TR>
  <TR>
    <TD>1364.0</TD>
    <TD>241.3597</TD>
    <TD>55.07725</TD>
    <TD>399.623</TD>
    <TD>502.523</TD>
    <TD>24.5943</TD>
    <TD>0.1952</TD>
    <TD>24.9583</TD>
    <TD>0.3684</TD>
    <TD>24.9583</TD>
    <TD>0.3684</TD>
    <TD>0.45</TD>
  </TR>
  <TR>
    <TD>1365.0</TD>
    <TD>241.3603</TD>
    <TD>55.07852</TD>
    <TD>385.492</TD>
    <TD>498.412</TD>
    <TD>23.7864</TD>
    <TD>0.1486</TD>
    <TD>22.9776</TD>
    <TD>0.2407</TD>
    <TD>22.9776</TD>
    <TD>0.2407</TD>
    <TD>0.47</TD>
  </TR>
  <TR>
    <TD>1366.0</TD>
    <TD>241.3611</TD>
    <TD>55.05584</TD>
    <TD>635.932</TD>
    <TD>490.5</TD>
    <TD>24.3337</TD>
    <TD>0.14</TD>
    <TD>24.4246</TD>
    <TD>0.2272</TD>
    <TD>24.4246</TD>
    <TD>0.2272</TD>
    <TD>0.63</TD>
  </TR>
  <TR>
    <TD>1367.0</TD>
    <TD>241.3625</TD>
    <TD>55.08109</TD>
    <TD>356.683</TD>
    <TD>485.305</TD>
    <TD>26.1043</TD>
    <TD>0.4272</TD>
    <TD>25.3179</TD>
    <TD>0.2931</TD>
    <TD>25.3179</TD>
    <TD>0.2931</TD>
    <TD>0.36</TD>
  </TR>
  <TR>
    <TD>1368.0</TD>
    <TD>241.3583</TD>
    <TD>55.08318</TD>
    <TD>334.328</TD>
    <TD>511.846</TD>
    <TD>22.0502</TD>
    <TD>0.0545</TD>
    <TD>21.7301</TD>
    <TD>0.0906</TD>
    <TD>21.7668</TD>
    <TD>0.0564</TD>
    <TD>0.0</TD>
  </TR>
  <TR>
    <TD>1369.0</TD>
    <TD>241.3597</TD>
    <TD>54.96438</TD>
    <TD>1640.707</TD>
    <TD>486.346</TD>
    <TD>26.3141</TD>
    <TD>0.5157</TD>
    <TD>24.9375</TD>
    <TD>0.4445</TD>
    <TD>24.9375</TD>
    <TD>0.4445</TD>
    <TD>0.35</TD>
  </TR>
  <TR>
    <TD>1370.0</TD>
    <TD>241.3626</TD>
    <TD>55.10149</TD>
    <TD>130.511</TD>
    <TD>486.558</TD>
    <TD>25.2735</TD>
    <TD>0.2334</TD>
    <TD>25.3845</TD>
    <TD>0.4339</TD>
    <TD>25.3845</TD>
    <TD>0.4339</TD>
    <TD>0.47</TD>
  </TR>
  <TR>
    <TD>1371.0</TD>
    <TD>241.3567</TD>
    <TD>55.03331</TD>
    <TD>885.134</TD>
    <TD>515.564</TD>
    <TD>20.6659</TD>
    <TD>0.0196</TD>
    <TD>20.6377</TD>
    <TD>0.0237</TD>
    <TD>20.6377</TD>
    <TD>0.0237</TD>
    <TD>0.04</TD>
  </TR>
  <TR>
    <TD>1372.0</TD>
    <TD>241.36</TD>
    <TD>55.07092</TD>
    <TD>469.626</TD>
    <TD>499.398</TD>
    <TD>23.7896</TD>
    <TD>0.1318</TD>
    <TD>22.785</TD>
    <TD>0.1813</TD>
    <TD>22.785</TD>
    <TD>0.1813</TD>
    <TD>0.61</TD>
  </TR>
  <TR>
    <TD>1373.0</TD>
    <TD>241.3599</TD>
    <TD>55.02203</TD>
    <TD>1008.636</TD>
    <TD>493.675</TD>
    <TD>24.5886</TD>
    <TD>0.2116</TD>
    <TD>23.5733</TD>
    <TD>0.287</TD>
    <TD>23.5733</TD>
    <TD>0.287</TD>
    <TD>0.37</TD>
  </TR>
  <TR>
    <TD>1374.0</TD>
    <TD>241.359</TD>
    <TD>54.94665</TD>
    <TD>1834.679</TD>
    <TD>488.328</TD>
    <TD>25.9424</TD>
    <TD>0.3697</TD>
    <TD>24.9479</TD>
    <TD>0.2922</TD>
    <TD>24.9479</TD>
    <TD>0.2922</TD>
    <TD>0.36</TD>
  </TR>
  <TR>
    <TD>1375.0</TD>
    <TD>241.3612</TD>
    <TD>55.05049</TD>
    <TD>694.999</TD>
    <TD>489.213</TD>
    <TD>25.6047</TD>
    <TD>0.313</TD>
    <TD>25.1737</TD>
    <TD>0.4121</TD>
    <TD>25.1737</TD>
    <TD>0.4121</TD>
    <TD>0.44</TD>
  </TR>
  <TR>
    <TD>1376.0</TD>
    <TD>241.3622</TD>
    <TD>55.11176</TD>
    <TD>16.531</TD>
    <TD>490.489</TD>
    <TD>25.3821</TD>
    <TD>0.2569</TD>
    <TD>25.4401</TD>
    <TD>0.4564</TD>
    <TD>25.4401</TD>
    <TD>0.4564</TD>
    <TD>0.47</TD>
  </TR>
  <TR>
    <TD>1377.0</TD>
    <TD>241.3579</TD>
    <TD>54.97148</TD>
    <TD>1563.394</TD>
    <TD>498.68</TD>
    <TD>24.7312</TD>
    <TD>0.2307</TD>
    <TD>23.1707</TD>
    <TD>0.2214</TD>
    <TD>23.1707</TD>
    <TD>0.2214</TD>
    <TD>0.38</TD>
  </TR>
  <TR>
    <TD>1378.0</TD>
    <TD>241.3587</TD>
    <TD>55.06908</TD>
    <TD>490.171</TD>
    <TD>507.699</TD>
    <TD>22.4257</TD>
    <TD>0.0693</TD>
    <TD>22.3999</TD>
    <TD>0.1093</TD>
    <TD>22.3999</TD>
    <TD>0.1093</TD>
    <TD>0.0</TD>
  </TR>
  <TR>
    <TD>1379.0</TD>
    <TD>241.3603</TD>
    <TD>55.05198</TD>
    <TD>678.741</TD>
    <TD>495.009</TD>
    <TD>25.588</TD>
    <TD>0.3084</TD>
    <TD>25.0252</TD>
    <TD>0.543</TD>
    <TD>25.0252</TD>
    <TD>0.543</TD>
    <TD>0.35</TD>
  </TR>
  <TR>
    <TD>1380.0</TD>
    <TD>241.3596</TD>
    <TD>55.02505</TD>
    <TD>975.504</TD>
    <TD>495.999</TD>
    <TD>24.7136</TD>
    <TD>0.1716</TD>
    <TD>25.1134</TD>
    <TD>0.3901</TD>
    <TD>25.1134</TD>
    <TD>0.3901</TD>
    <TD>0.65</TD>
  </TR>
  <TR>
    <TD>1381.0</TD>
    <TD>241.3607</TD>
    <TD>55.10442</TD>
    <TD>98.33</TD>
    <TD>499.108</TD>
    <TD>25.1795</TD>
    <TD>0.259</TD>
    <TD>24.6573</TD>
    <TD>0.5314</TD>
    <TD>24.6573</TD>
    <TD>0.5314</TD>
    <TD>0.47</TD>
  </TR>
  <TR>
    <TD>1382.0</TD>
    <TD>241.3533</TD>
    <TD>55.00663</TD>
    <TD>1179.027</TD>
    <TD>533.328</TD>
    <TD>21.5177</TD>
    <TD>0.036</TD>
    <TD>21.3826</TD>
    <TD>0.0572</TD>
    <TD>21.3826</TD>
    <TD>0.0572</TD>
    <TD>0.07</TD>
  </TR>
  <TR>
    <TD>1383.0</TD>
    <TD>241.3569</TD>
    <TD>54.95826</TD>
    <TD>1708.184</TD>
    <TD>502.934</TD>
    <TD>23.8374</TD>
    <TD>0.1407</TD>
    <TD>23.057</TD>
    <TD>0.2157</TD>
    <TD>23.057</TD>
    <TD>0.2157</TD>
    <TD>0.48</TD>
  </TR>
  <TR>
    <TD>1384.0</TD>
    <TD>241.3597</TD>
    <TD>55.07059</TD>
    <TD>473.291</TD>
    <TD>501.337</TD>
    <TD>25.3269</TD>
    <TD>0.2954</TD>
    <TD>24.301</TD>
    <TD>0.3343</TD>
    <TD>24.301</TD>
    <TD>0.3343</TD>
    <TD>0.45</TD>
  </TR>
  <TR>
    <TD>1385.0</TD>
    <TD>241.3582</TD>
    <TD>55.01954</TD>
    <TD>1036.342</TD>
    <TD>504.047</TD>
    <TD>24.9156</TD>
    <TD>0.2342</TD>
    <TD>23.7829</TD>
    <TD>0.3165</TD>
    <TD>23.7829</TD>
    <TD>0.3165</TD>
    <TD>0.35</TD>
  </TR>
  <TR>
    <TD>1386.0</TD>
    <TD>241.3502</TD>
    <TD>55.01656</TD>
    <TD>1070.455</TD>
    <TD>554.045</TD>
    <TD>20.4629</TD>
    <TD>0.0251</TD>
    <TD>20.3084</TD>
    <TD>0.035</TD>
    <TD>20.3084</TD>
    <TD>0.035</TD>
    <TD>0.0</TD>
  </TR>
  <TR>
    <TD>1387.0</TD>
    <TD>241.3558</TD>
    <TD>54.94326</TD>
    <TD>1872.145</TD>
    <TD>507.561</TD>
    <TD>23.9137</TD>
    <TD>0.1506</TD>
    <TD>23.5476</TD>
    <TD>0.2058</TD>
    <TD>23.5476</TD>
    <TD>0.2058</TD>
    <TD>0.64</TD>
  </TR>
  <TR>
    <TD>1388.0</TD>
    <TD>241.3572</TD>
    <TD>55.03935</TD>
    <TD>818.49</TD>
    <TD>513.161</TD>
    <TD>22.8777</TD>
    <TD>0.0872</TD>
    <TD>22.5873</TD>
    <TD>0.1121</TD>
    <TD>22.5873</TD>
    <TD>0.1121</TD>
    <TD>0.0</TD>
  </TR>
  <TR>
    <TD>1389.0</TD>
    <TD>241.3546</TD>
    <TD>54.93035</TD>
    <TD>2013.265</TD>
    <TD>513.282</TD>
    <TD>23.0883</TD>
    <TD>0.1009</TD>
    <TD>22.6659</TD>
    <TD>0.1429</TD>
    <TD>22.6659</TD>
    <TD>0.1429</TD>
    <TD>0.29</TD>
  </TR>
  <TR>
    <TD>1390.0</TD>
    <TD>241.3602</TD>
    <TD>55.09542</TD>
    <TD>198.256</TD>
    <TD>501.01</TD>
    <TD>25.3828</TD>
    <TD>0.257</TD>
    <TD>24.6264</TD>
    <TD>0.2794</TD>
    <TD>24.6264</TD>
    <TD>0.2794</TD>
    <TD>0.47</TD>
  </TR>
  <TR>
    <TD>1391.0</TD>
    <TD>241.3572</TD>
    <TD>54.94781</TD>
    <TD>1822.294</TD>
    <TD>499.379</TD>
    <TD>26.2736</TD>
    <TD>0.4973</TD>
    <TD>24.9153</TD>
    <TD>0.2838</TD>
    <TD>24.9153</TD>
    <TD>0.2838</TD>
    <TD>0.36</TD>
  </TR>
  <TR>
    <TD>1392.0</TD>
    <TD>241.3593</TD>
    <TD>55.03654</TD>
    <TD>849.022</TD>
    <TD>499.504</TD>
    <TD>25.5496</TD>
    <TD>0.298</TD>
    <TD>25.2229</TD>
    <TD>0.7555</TD>
    <TD>25.2229</TD>
    <TD>0.7555</TD>
    <TD>0.4</TD>
  </TR>
  <TR>
    <TD>1393.0</TD>
    <TD>241.3566</TD>
    <TD>54.92949</TD>
    <TD>2022.348</TD>
    <TD>500.324</TD>
    <TD>25.7691</TD>
    <TD>0.3169</TD>
    <TD>25.8309</TD>
    <TD>1.0242</TD>
    <TD>25.8309</TD>
    <TD>1.0242</TD>
    <TD>0.41</TD>
  </TR>
  <TR>
    <TD>1394.0</TD>
    <TD>241.3536</TD>
    <TD>54.9632</TD>
    <TD>1654.731</TD>
    <TD>524.915</TD>
    <TD>22.5565</TD>
    <TD>0.0778</TD>
    <TD>22.3161</TD>
    <TD>0.1032</TD>
    <TD>22.3161</TD>
    <TD>0.1032</TD>
    <TD>0.0</TD>
  </TR>
  <TR>
    <TD>1395.0</TD>
    <TD>241.3533</TD>
    <TD>54.92933</TD>
    <TD>2024.628</TD>
    <TD>520.846</TD>
    <TD>23.5536</TD>
    <TD>0.1271</TD>
    <TD>23.1921</TD>
    <TD>0.1724</TD>
    <TD>23.1921</TD>
    <TD>0.1724</TD>
    <TD>0.01</TD>
  </TR>
  <TR>
    <TD>1396.0</TD>
    <TD>241.3569</TD>
    <TD>55.08342</TD>
    <TD>331.935</TD>
    <TD>520.657</TD>
    <TD>22.9524</TD>
    <TD>0.0941</TD>
    <TD>22.4505</TD>
    <TD>0.1563</TD>
    <TD>22.455</TD>
    <TD>0.0933</TD>
    <TD>0.01</TD>
  </TR>
  <TR>
    <TD>1397.0</TD>
    <TD>241.3594</TD>
    <TD>55.06399</TD>
    <TD>546.327</TD>
    <TD>502.337</TD>
    <TD>26.031</TD>
    <TD>0.4001</TD>
    <TD>25.0664</TD>
    <TD>0.4268</TD>
    <TD>25.0664</TD>
    <TD>0.4268</TD>
    <TD>0.4</TD>
  </TR>
  <TR>
    <TD>1398.0</TD>
    <TD>241.3592</TD>
    <TD>55.06562</TD>
    <TD>528.307</TD>
    <TD>503.667</TD>
    <TD>26.257</TD>
    <TD>0.4899</TD>
    <TD>25.2682</TD>
    <TD>0.2803</TD>
    <TD>25.2682</TD>
    <TD>0.2803</TD>
    <TD>0.36</TD>
  </TR>
  <TR>
    <TD>1399.0</TD>
    <TD>241.3559</TD>
    <TD>55.09951</TD>
    <TD>153.781</TD>
    <TD>528.966</TD>
    <TD>24.7375</TD>
    <TD>0.1879</TD>
    <TD>25.3189</TD>
    <TD>0.425</TD>
    <TD>25.3189</TD>
    <TD>0.425</TD>
    <TD>0.37</TD>
  </TR>
  <TR>
    <TD>1400.0</TD>
    <TD>241.3571</TD>
    <TD>55.07407</TD>
    <TD>435.381</TD>
    <TD>518.225</TD>
    <TD>24.7901</TD>
    <TD>0.2094</TD>
    <TD>24.4966</TD>
    <TD>0.3607</TD>
    <TD>24.4966</TD>
    <TD>0.3607</TD>
    <TD>0.38</TD>
  </TR>
  <TR>
    <TD>1401.0</TD>
    <TD>241.3576</TD>
    <TD>55.02835</TD>
    <TD>939.508</TD>
    <TD>509.002</TD>
    <TD>25.5411</TD>
    <TD>0.2958</TD>
    <TD>24.724</TD>
    <TD>0.3336</TD>
    <TD>24.724</TD>
    <TD>0.3336</TD>
    <TD>0.42</TD>
  </TR>
  <TR>
    <TD>1402.0</TD>
    <TD>241.3509</TD>
    <TD>54.9521</TD>
    <TD>1776.442</TD>
    <TD>539.618</TD>
    <TD>21.6677</TD>
    <TD>0.0462</TD>
    <TD>21.2319</TD>
    <TD>0.0729</TD>
    <TD>21.2319</TD>
    <TD>0.0729</TD>
    <TD>0.0</TD>
  </TR>
  <TR>
    <TD>1403.0</TD>
    <TD>241.3493</TD>
    <TD>55.04465</TD>
    <TD>761.617</TD>
    <TD>563.796</TD>
    <TD>19.5063</TD>
    <TD>0.0096</TD>
    <TD>19.5071</TD>
    <TD>0.0102</TD>
    <TD>19.5071</TD>
    <TD>0.0102</TD>
    <TD>0.04</TD>
  </TR>
  <TR>
    <TD>1404.0</TD>
    <TD>241.3498</TD>
    <TD>54.92756</TD>
    <TD>2044.47</TD>
    <TD>542.608</TD>
    <TD>20.9219</TD>
    <TD>0.0251</TD>
    <TD>20.8405</TD>
    <TD>0.0307</TD>
    <TD>20.8405</TD>
    <TD>0.0307</TD>
    <TD>0.02</TD>
  </TR>
  <TR>
    <TD>1405.0</TD>
    <TD>241.359</TD>
    <TD>55.09377</TD>
    <TD>216.819</TD>
    <TD>508.375</TD>
    <TD>24.6534</TD>
    <TD>0.1959</TD>
    <TD>24.8362</TD>
    <TD>0.5352</TD>
    <TD>24.8362</TD>
    <TD>0.5352</TD>
    <TD>0.48</TD>
  </TR>
  <TR>
    <TD>1406.0</TD>
    <TD>241.3554</TD>
    <TD>54.93476</TD>
    <TD>1965.04</TD>
    <TD>508.479</TD>
    <TD>25.7784</TD>
    <TD>0.3655</TD>
    <TD>24.8669</TD>
    <TD>0.4374</TD>
    <TD>24.8669</TD>
    <TD>0.4374</TD>
    <TD>0.35</TD>
  </TR>
  <TR>
    <TD>1407.0</TD>
    <TD>241.3548</TD>
    <TD>55.08863</TD>
    <TD>274.576</TD>
    <TD>534.552</TD>
    <TD>22.1626</TD>
    <TD>0.0578</TD>
    <TD>22.0136</TD>
    <TD>0.0771</TD>
    <TD>22.0136</TD>
    <TD>0.0771</TD>
    <TD>0.0</TD>
  </TR>
  <TR>
    <TD>1408.0</TD>
    <TD>241.3572</TD>
    <TD>55.06771</TD>
    <TD>505.627</TD>
    <TD>516.766</TD>
    <TD>24.7923</TD>
    <TD>0.233</TD>
    <TD>23.8081</TD>
    <TD>0.2969</TD>
    <TD>23.8081</TD>
    <TD>0.2969</TD>
    <TD>0.47</TD>
  </TR>
  <TR>
    <TD>1409.0</TD>
    <TD>241.3526</TD>
    <TD>54.96029</TD>
    <TD>1686.682</TD>
    <TD>530.554</TD>
    <TD>21.9835</TD>
    <TD>0.0478</TD>
    <TD>21.782</TD>
    <TD>0.0743</TD>
    <TD>21.782</TD>
    <TD>0.0743</TD>
    <TD>0.0</TD>
  </TR>
  <TR>
    <TD>1410.0</TD>
    <TD>241.3549</TD>
    <TD>54.92804</TD>
    <TD>2038.47</TD>
    <TD>510.472</TD>
    <TD>25.799</TD>
    <TD>0.3723</TD>
    <TD>24.9182</TD>
    <TD>0.2845</TD>
    <TD>24.9182</TD>
    <TD>0.2845</TD>
    <TD>0.35</TD>
  </TR>
  <TR>
    <TD>1411.0</TD>
    <TD>241.3552</TD>
    <TD>54.97325</TD>
    <TD>1544.521</TD>
    <TD>516.234</TD>
    <TD>24.8949</TD>
    <TD>0.2299</TD>
    <TD>24.3</TD>
    <TD>0.4015</TD>
    <TD>24.3</TD>
    <TD>0.4015</TD>
    <TD>0.43</TD>
  </TR>
  <TR>
    <TD>1412.0</TD>
    <TD>241.3582</TD>
    <TD>55.07386</TD>
    <TD>437.476</TD>
    <TD>511.479</TD>
    <TD>25.6206</TD>
    <TD>0.3175</TD>
    <TD>25.052</TD>
    <TD>0.321</TD>
    <TD>25.052</TD>
    <TD>0.321</TD>
    <TD>0.42</TD>
  </TR>
  <TR>
    <TD>1413.0</TD>
    <TD>241.3527</TD>
    <TD>54.94812</TD>
    <TD>1819.67</TD>
    <TD>527.851</TD>
    <TD>22.622</TD>
    <TD>0.0747</TD>
    <TD>22.3734</TD>
    <TD>0.1127</TD>
    <TD>22.3734</TD>
    <TD>0.1127</TD>
    <TD>0.0</TD>
  </TR>
  <TR>
    <TD>1414.0</TD>
    <TD>241.3579</TD>
    <TD>55.11181</TD>
    <TD>16.85</TD>
    <TD>517.589</TD>
    <TD>24.7443</TD>
    <TD>0.2011</TD>
    <TD>24.4335</TD>
    <TD>0.2563</TD>
    <TD>24.4335</TD>
    <TD>0.2563</TD>
    <TD>0.37</TD>
  </TR>
  <TR>
    <TD>1415.0</TD>
    <TD>241.355</TD>
    <TD>54.94209</TD>
    <TD>1885.131</TD>
    <TD>512.661</TD>
    <TD>25.2308</TD>
    <TD>0.2711</TD>
    <TD>24.694</TD>
    <TD>0.456</TD>
    <TD>24.694</TD>
    <TD>0.456</TD>
    <TD>0.38</TD>
  </TR>
  <TR>
    <TD>1416.0</TD>
    <TD>241.3575</TD>
    <TD>55.07593</TD>
    <TD>414.646</TD>
    <TD>515.678</TD>
    <TD>25.2372</TD>
    <TD>0.2727</TD>
    <TD>25.0603</TD>
    <TD>0.4342</TD>
    <TD>24.7122</TD>
    <TD>0.2679</TD>
    <TD>0.36</TD>
  </TR>
  <TR>
    <TD>1417.0</TD>
    <TD>241.3528</TD>
    <TD>54.9642</TD>
    <TD>1643.866</TD>
    <TD>530.102</TD>
    <TD>22.5752</TD>
    <TD>0.0654</TD>
    <TD>22.455</TD>
    <TD>0.0904</TD>
    <TD>22.455</TD>
    <TD>0.0904</TD>
    <TD>0.07</TD>
  </TR>
  <TR>
    <TD>1418.0</TD>
    <TD>241.3541</TD>
    <TD>54.95872</TD>
    <TD>1703.546</TD>
    <TD>520.593</TD>
    <TD>24.6489</TD>
    <TD>0.2143</TD>
    <TD>23.2553</TD>
    <TD>0.2308</TD>
    <TD>23.2553</TD>
    <TD>0.2308</TD>
    <TD>0.38</TD>
  </TR>
  <TR>
    <TD>1419.0</TD>
    <TD>241.3575</TD>
    <TD>55.11275</TD>
    <TD>6.488</TD>
    <TD>520.348</TD>
    <TD>24.8758</TD>
    <TD>0.1979</TD>
    <TD>24.4983</TD>
    <TD>0.3571</TD>
    <TD>24.4983</TD>
    <TD>0.3571</TD>
    <TD>0.48</TD>
  </TR>
  <TR>
    <TD>1420.0</TD>
    <TD>241.3533</TD>
    <TD>55.10309</TD>
    <TD>114.611</TD>
    <TD>545.48</TD>
    <TD>23.4219</TD>
    <TD>0.1183</TD>
    <TD>23.2916</TD>
    <TD>0.314</TD>
    <TD>23.2916</TD>
    <TD>0.314</TD>
    <TD>0.61</TD>
  </TR>
  <TR>
    <TD>1421.0</TD>
    <TD>241.3576</TD>
    <TD>55.07361</TD>
    <TD>440.335</TD>
    <TD>515.318</TD>
    <TD>26.0539</TD>
    <TD>0.4084</TD>
    <TD>25.3175</TD>
    <TD>0.6291</TD>
    <TD>25.3175</TD>
    <TD>0.6291</TD>
    <TD>0.35</TD>
  </TR>
  <TR>
    <TD>1422.0</TD>
    <TD>241.3464</TD>
    <TD>54.93707</TD>
    <TD>1941.254</TD>
    <TD>565.678</TD>
    <TD>18.5505</TD>
    <TD>0.0051</TD>
    <TD>18.5615</TD>
    <TD>0.0051</TD>
    <TD>18.5615</TD>
    <TD>0.0051</TD>
    <TD>0.07</TD>
  </TR>
  <TR>
    <TD>1423.0</TD>
    <TD>241.3536</TD>
    <TD>55.03715</TD>
    <TD>843.345</TD>
    <TD>535.2</TD>
    <TD>23.2595</TD>
    <TD>0.1024</TD>
    <TD>23.0712</TD>
    <TD>0.1659</TD>
    <TD>23.0712</TD>
    <TD>0.1659</TD>
    <TD>0.51</TD>
  </TR>
  <TR>
    <TD>1424.0</TD>
    <TD>241.3562</TD>
    <TD>55.0425</TD>
    <TD>784.0</TD>
    <TD>520.019</TD>
    <TD>25.8839</TD>
    <TD>0.3509</TD>
    <TD>24.9017</TD>
    <TD>0.4302</TD>
    <TD>24.9017</TD>
    <TD>0.4302</TD>
    <TD>0.43</TD>
  </TR>
  <TR>
    <TD>1425.0</TD>
    <TD>241.3571</TD>
    <TD>55.08771</TD>
    <TD>284.406</TD>
    <TD>519.746</TD>
    <TD>25.1849</TD>
    <TD>0.2391</TD>
    <TD>24.7894</TD>
    <TD>0.5557</TD>
    <TD>24.7894</TD>
    <TD>0.5557</TD>
    <TD>0.48</TD>
  </TR>
  <TR>
    <TD>1426.0</TD>
    <TD>241.3557</TD>
    <TD>55.00485</TD>
    <TD>1198.096</TD>
    <TD>517.531</TD>
    <TD>25.1682</TD>
    <TD>0.2564</TD>
    <TD>24.1106</TD>
    <TD>0.2836</TD>
    <TD>24.1106</TD>
    <TD>0.2836</TD>
    <TD>0.45</TD>
  </TR>
  <TR>
    <TD>1427.0</TD>
    <TD>241.3545</TD>
    <TD>54.93734</TD>
    <TD>1936.983</TD>
    <TD>515.0</TD>
    <TD>25.7511</TD>
    <TD>0.3119</TD>
    <TD>24.8666</TD>
    <TD>0.3211</TD>
    <TD>24.8666</TD>
    <TD>0.3211</TD>
    <TD>0.36</TD>
  </TR>
  <TR>
    <TD>1428.0</TD>
    <TD>241.3572</TD>
    <TD>55.07615</TD>
    <TD>412.35</TD>
    <TD>517.722</TD>
    <TD>25.2848</TD>
    <TD>0.2845</TD>
    <TD>24.5894</TD>
    <TD>0.2428</TD>
    <TD>24.5894</TD>
    <TD>0.2428</TD>
    <TD>0.35</TD>
  </TR>
  <TR>
    <TD>1429.0</TD>
    <TD>241.3574</TD>
    <TD>55.08216</TD>
    <TD>345.779</TD>
    <TD>517.352</TD>
    <TD>25.2958</TD>
    <TD>0.2638</TD>
    <TD>24.6383</TD>
    <TD>0.3913</TD>
    <TD>24.6383</TD>
    <TD>0.3913</TD>
    <TD>0.39</TD>
  </TR>
  <TR>
    <TD>1430.0</TD>
    <TD>241.3534</TD>
    <TD>54.98007</TD>
    <TD>1470.115</TD>
    <TD>528.475</TD>
    <TD>24.8126</TD>
    <TD>0.2009</TD>
    <TD>24.5544</TD>
    <TD>0.3135</TD>
    <TD>24.5544</TD>
    <TD>0.3135</TD>
    <TD>0.45</TD>
  </TR>
  <TR>
    <TD>1431.0</TD>
    <TD>241.3541</TD>
    <TD>54.9805</TD>
    <TD>1465.329</TD>
    <TD>524.32</TD>
    <TD>24.801</TD>
    <TD>0.2235</TD>
    <TD>24.1392</TD>
    <TD>0.3723</TD>
    <TD>24.1392</TD>
    <TD>0.3723</TD>
    <TD>0.38</TD>
  </TR>
  <TR>
    <TD>1432.0</TD>
    <TD>241.3546</TD>
    <TD>54.98049</TD>
    <TD>1465.316</TD>
    <TD>521.303</TD>
    <TD>25.7482</TD>
    <TD>0.3111</TD>
    <TD>24.4044</TD>
    <TD>0.3278</TD>
    <TD>24.4044</TD>
    <TD>0.3278</TD>
    <TD>0.36</TD>
  </TR>
  <TR>
    <TD>1433.0</TD>
    <TD>241.3557</TD>
    <TD>55.02886</TD>
    <TD>934.244</TD>
    <TD>521.214</TD>
    <TD>25.6728</TD>
    <TD>0.3326</TD>
    <TD>24.6315</TD>
    <TD>0.4523</TD>
    <TD>24.6315</TD>
    <TD>0.4523</TD>
    <TD>0.35</TD>
  </TR>
  <TR>
    <TD>1434.0</TD>
    <TD>241.3511</TD>
    <TD>54.95301</TD>
    <TD>1766.436</TD>
    <TD>538.842</TD>
    <TD>23.5773</TD>
    <TD>0.1359</TD>
    <TD>22.2802</TD>
    <TD>0.1803</TD>
    <TD>22.8432</TD>
    <TD>0.1228</TD>
    <TD>0.05</TD>
  </TR>
  <TR>
    <TD>1435.0</TD>
    <TD>241.3532</TD>
    <TD>54.95045</TD>
    <TD>1794.092</TD>
    <TD>525.264</TD>
    <TD>24.5097</TD>
    <TD>0.1725</TD>
    <TD>23.96</TD>
    <TD>0.2866</TD>
    <TD>23.96</TD>
    <TD>0.2866</TD>
    <TD>0.65</TD>
  </TR>
  <TR>
    <TD>1436.0</TD>
    <TD>241.3549</TD>
    <TD>55.01075</TD>
    <TD>1133.508</TD>
    <TD>523.524</TD>
    <TD>25.7308</TD>
    <TD>0.3503</TD>
    <TD>24.432</TD>
    <TD>0.4261</TD>
    <TD>24.432</TD>
    <TD>0.4261</TD>
    <TD>0.41</TD>
  </TR>
  <TR>
    <TD>1437.0</TD>
    <TD>241.3396</TD>
    <TD>54.92996</TD>
    <TD>2019.954</TD>
    <TD>607.363</TD>
    <TD>19.364</TD>
    <TD>0.0117</TD>
    <TD>19.2107</TD>
    <TD>0.0156</TD>
    <TD>19.2717</TD>
    <TD>0.0121</TD>
    <TD>0.03</TD>
  </TR>
  <TR>
    <TD>1438.0</TD>
    <TD>241.3554</TD>
    <TD>55.04436</TD>
    <TD>763.656</TD>
    <TD>525.286</TD>
    <TD>25.6905</TD>
    <TD>0.2956</TD>
    <TD>25.5127</TD>
    <TD>0.349</TD>
    <TD>25.5127</TD>
    <TD>0.349</TD>
    <TD>0.41</TD>
  </TR>
  <TR>
    <TD>1439.0</TD>
    <TD>241.3506</TD>
    <TD>54.95899</TD>
    <TD>1701.256</TD>
    <TD>542.58</TD>
    <TD>21.8924</TD>
    <TD>0.0447</TD>
    <TD>21.6966</TD>
    <TD>0.0707</TD>
    <TD>21.6966</TD>
    <TD>0.0707</TD>
    <TD>0.19</TD>
  </TR>
  <TR>
    <TD>1440.0</TD>
    <TD>241.3548</TD>
    <TD>55.02568</TD>
    <TD>969.402</TD>
    <TD>526.514</TD>
    <TD>24.9225</TD>
    <TD>0.1717</TD>
    <TD>24.7761</TD>
    <TD>0.2503</TD>
    <TD>24.7761</TD>
    <TD>0.2503</TD>
    <TD>0.57</TD>
  </TR>
  <TR>
    <TD>1441.0</TD>
    <TD>241.3509</TD>
    <TD>54.96804</TD>
    <TD>1602.204</TD>
    <TD>542.497</TD>
    <TD>24.1624</TD>
    <TD>0.1703</TD>
    <TD>23.582</TD>
    <TD>0.22</TD>
    <TD>23.582</TD>
    <TD>0.22</TD>
    <TD>0.38</TD>
  </TR>
  <TR>
    <TD>1442.0</TD>
    <TD>241.3557</TD>
    <TD>55.10447</TD>
    <TD>98.756</TD>
    <TD>530.416</TD>
    <TD>25.2696</TD>
    <TD>0.2578</TD>
    <TD>24.4214</TD>
    <TD>0.3591</TD>
    <TD>24.4214</TD>
    <TD>0.3591</TD>
    <TD>0.39</TD>
  </TR>
  <TR>
    <TD>1443.0</TD>
    <TD>241.3558</TD>
    <TD>55.10496</TD>
    <TD>93.321</TD>
    <TD>530.312</TD>
    <TD>25.9174</TD>
    <TD>0.3615</TD>
    <TD>25.8654</TD>
    <TD>0.4797</TD>
    <TD>25.8654</TD>
    <TD>0.4797</TD>
    <TD>0.39</TD>
  </TR>
  <TR>
    <TD>1444.0</TD>
    <TD>241.3518</TD>
    <TD>54.94918</TD>
    <TD>1808.196</TD>
    <TD>533.907</TD>
    <TD>24.2842</TD>
    <TD>0.1341</TD>
    <TD>24.5083</TD>
    <TD>0.245</TD>
    <TD>24.5083</TD>
    <TD>0.245</TD>
    <TD>0.75</TD>
  </TR>
  <TR>
    <TD>1445.0</TD>
    <TD>241.3545</TD>
    <TD>55.07322</TD>
    <TD>445.284</TD>
    <TD>534.353</TD>
    <TD>25.9672</TD>
    <TD>0.3779</TD>
    <TD>24.9741</TD>
    <TD>0.4438</TD>
    <TD>24.9741</TD>
    <TD>0.4438</TD>
    <TD>0.37</TD>
  </TR>
  <TR>
    <TD>1446.0</TD>
    <TD>241.3535</TD>
    <TD>55.05781</TD>
    <TD>615.648</TD>
    <TD>538.687</TD>
    <TD>25.9204</TD>
    <TD>0.3625</TD>
    <TD>25.1373</TD>
    <TD>0.3468</TD>
    <TD>25.1373</TD>
    <TD>0.3468</TD>
    <TD>0.37</TD>
  </TR>
  <TR>
    <TD>1447.0</TD>
    <TD>241.3468</TD>
    <TD>54.96548</TD>
    <TD>1630.909</TD>
    <TD>567.865</TD>
    <TD>21.5117</TD>
    <TD>0.0358</TD>
    <TD>21.3846</TD>
    <TD>0.0483</TD>
    <TD>21.3846</TD>
    <TD>0.0483</TD>
    <TD>0.06</TD>
  </TR>
  <TR>
    <TD>1448.0</TD>
    <TD>241.3505</TD>
    <TD>55.042</TD>
    <TD>790.582</TD>
    <TD>555.49</TD>
    <TD>22.4813</TD>
    <TD>0.0649</TD>
    <TD>22.1246</TD>
    <TD>0.1102</TD>
    <TD>22.1246</TD>
    <TD>0.1102</TD>
    <TD>0.05</TD>
  </TR>
  <TR>
    <TD>1449.0</TD>
    <TD>241.3504</TD>
    <TD>54.94435</TD>
    <TD>1861.218</TD>
    <TD>542.047</TD>
    <TD>25.4355</TD>
    <TD>0.2693</TD>
    <TD>25.0688</TD>
    <TD>0.3126</TD>
    <TD>25.0688</TD>
    <TD>0.3126</TD>
    <TD>0.38</TD>
  </TR>
  <TR>
    <TD>1450.0</TD>
    <TD>241.3442</TD>
    <TD>54.92756</TD>
    <TD>2045.382</TD>
    <TD>577.766</TD>
    <TD>20.3769</TD>
    <TD>0.0163</TD>
    <TD>20.3792</TD>
    <TD>0.0193</TD>
    <TD>20.3792</TD>
    <TD>0.0193</TD>
    <TD>0.1</TD>
  </TR>
  <TR>
    <TD>1451.0</TD>
    <TD>241.3473</TD>
    <TD>54.96425</TD>
    <TD>1644.302</TD>
    <TD>564.388</TD>
    <TD>21.6182</TD>
    <TD>0.0365</TD>
    <TD>21.4918</TD>
    <TD>0.0528</TD>
    <TD>21.4918</TD>
    <TD>0.0528</TD>
    <TD>0.06</TD>
  </TR>
  <TR>
    <TD>1452.0</TD>
    <TD>241.3515</TD>
    <TD>54.97998</TD>
    <TD>1471.492</TD>
    <TD>540.52</TD>
    <TD>25.6079</TD>
    <TD>0.3139</TD>
    <TD>25.2151</TD>
    <TD>0.704</TD>
    <TD>25.2151</TD>
    <TD>0.704</TD>
    <TD>0.36</TD>
  </TR>
  <TR>
    <TD>1453.0</TD>
    <TD>241.3485</TD>
    <TD>54.95164</TD>
    <TD>1781.838</TD>
    <TD>555.013</TD>
    <TD>23.4891</TD>
    <TD>0.12</TD>
    <TD>22.6156</TD>
    <TD>0.1696</TD>
    <TD>22.6156</TD>
    <TD>0.1696</TD>
    <TD>0.43</TD>
  </TR>
  <TR>
    <TD>1454.0</TD>
    <TD>241.3484</TD>
    <TD>54.95572</TD>
    <TD>1737.278</TD>
    <TD>556.197</TD>
    <TD>23.1118</TD>
    <TD>0.1008</TD>
    <TD>22.5028</TD>
    <TD>0.1793</TD>
    <TD>22.5028</TD>
    <TD>0.1793</TD>
    <TD>0.02</TD>
  </TR>
  <TR>
    <TD>1455.0</TD>
    <TD>241.3526</TD>
    <TD>55.05344</TD>
    <TD>664.007</TD>
    <TD>544.199</TD>
    <TD>25.4507</TD>
    <TD>0.3029</TD>
    <TD>24.8717</TD>
    <TD>0.3226</TD>
    <TD>24.8717</TD>
    <TD>0.3226</TD>
    <TD>0.37</TD>
  </TR>
  <TR>
    <TD>1456.0</TD>
    <TD>241.3455</TD>
    <TD>55.09957</TD>
    <TD>155.108</TD>
    <TD>594.49</TD>
    <TD>18.5322</TD>
    <TD>0.0052</TD>
    <TD>18.5422</TD>
    <TD>0.0051</TD>
    <TD>18.5422</TD>
    <TD>0.0051</TD>
    <TD>0.09</TD>
  </TR>
  <TR>
    <TD>1457.0</TD>
    <TD>241.3526</TD>
    <TD>55.04098</TD>
    <TD>801.453</TD>
    <TD>542.466</TD>
    <TD>25.5564</TD>
    <TD>0.2998</TD>
    <TD>24.8827</TD>
    <TD>0.5192</TD>
    <TD>24.8827</TD>
    <TD>0.5192</TD>
    <TD>0.38</TD>
  </TR>
  <TR>
    <TD>1458.0</TD>
    <TD>241.3533</TD>
    <TD>55.1049</TD>
    <TD>94.417</TD>
    <TD>545.763</TD>
    <TD>25.297</TD>
    <TD>0.2641</TD>
    <TD>24.6391</TD>
    <TD>0.4292</TD>
    <TD>24.6391</TD>
    <TD>0.4292</TD>
    <TD>0.37</TD>
  </TR>
  <TR>
    <TD>1459.0</TD>
    <TD>241.3513</TD>
    <TD>55.10413</TD>
    <TD>103.425</TD>
    <TD>558.119</TD>
    <TD>24.643</TD>
    <TD>0.2132</TD>
    <TD>24.6323</TD>
    <TD>0.3131</TD>
    <TD>24.6323</TD>
    <TD>0.3131</TD>
    <TD>0.35</TD>
  </TR>
  <TR>
    <TD>1460.0</TD>
    <TD>241.3477</TD>
    <TD>55.06413</TD>
    <TD>546.971</TD>
    <TD>576.135</TD>
    <TD>22.6578</TD>
    <TD>0.0834</TD>
    <TD>22.4453</TD>
    <TD>0.1178</TD>
    <TD>22.4453</TD>
    <TD>0.1178</TD>
    <TD>0.0</TD>
  </TR>
  <TR>
    <TD>1461.0</TD>
    <TD>241.3528</TD>
    <TD>55.09112</TD>
    <TD>247.469</TD>
    <TD>547.484</TD>
    <TD>25.6548</TD>
    <TD>0.3273</TD>
    <TD>25.1227</TD>
    <TD>0.3422</TD>
    <TD>25.1227</TD>
    <TD>0.3422</TD>
    <TD>0.44</TD>
  </TR>
  <TR>
    <TD>1462.0</TD>
    <TD>241.3501</TD>
    <TD>54.97444</TD>
    <TD>1532.296</TD>
    <TD>548.68</TD>
    <TD>25.638</TD>
    <TD>0.2822</TD>
    <TD>25.382</TD>
    <TD>0.415</TD>
    <TD>25.382</TD>
    <TD>0.415</TD>
    <TD>0.42</TD>
  </TR>
  <TR>
    <TD>1463.0</TD>
    <TD>241.3447</TD>
    <TD>55.10089</TD>
    <TD>140.658</TD>
    <TD>599.289</TD>
    <TD>22.1786</TD>
    <TD>0.0596</TD>
    <TD>22.0102</TD>
    <TD>0.0858</TD>
    <TD>21.8559</TD>
    <TD>0.0615</TD>
    <TD>0.01</TD>
  </TR>
  <TR>
    <TD>1464.0</TD>
    <TD>241.352</TD>
    <TD>55.10567</TD>
    <TD>86.221</TD>
    <TD>554.194</TD>
    <TD>23.8751</TD>
    <TD>0.0991</TD>
    <TD>24.0005</TD>
    <TD>0.1628</TD>
    <TD>24.0005</TD>
    <TD>0.1628</TD>
    <TD>0.65</TD>
  </TR>
  <TR>
    <TD>1465.0</TD>
    <TD>241.3441</TD>
    <TD>54.92989</TD>
    <TD>2019.961</TD>
    <TD>578.886</TD>
    <TD>21.9602</TD>
    <TD>0.0538</TD>
    <TD>21.3046</TD>
    <TD>0.0821</TD>
    <TD>21.3046</TD>
    <TD>0.0821</TD>
    <TD>0.0</TD>
  </TR>
  <TR>
    <TD>1466.0</TD>
    <TD>241.3493</TD>
    <TD>54.98044</TD>
    <TD>1466.813</TD>
    <TD>554.407</TD>
    <TD>25.5948</TD>
    <TD>0.3446</TD>
    <TD>24.7863</TD>
    <TD>0.3384</TD>
    <TD>24.7863</TD>
    <TD>0.3384</TD>
    <TD>0.35</TD>
  </TR>
  <TR>
    <TD>1467.0</TD>
    <TD>241.3517</TD>
    <TD>55.06385</TD>
    <TD>549.287</TD>
    <TD>550.717</TD>
    <TD>25.7679</TD>
    <TD>0.3166</TD>
    <TD>25.307</TD>
    <TD>0.3327</TD>
    <TD>25.307</TD>
    <TD>0.3327</TD>
    <TD>0.38</TD>
  </TR>
  <TR>
    <TD>1468.0</TD>
    <TD>241.3486</TD>
    <TD>54.92976</TD>
    <TD>2020.696</TD>
    <TD>550.667</TD>
    <TD>25.9215</TD>
    <TD>0.3629</TD>
    <TD>25.1015</TD>
    <TD>0.4087</TD>
    <TD>25.1015</TD>
    <TD>0.4087</TD>
    <TD>0.41</TD>
  </TR>
  <TR>
    <TD>1469.0</TD>
    <TD>241.343</TD>
    <TD>54.99251</TD>
    <TD>1335.628</TD>
    <TD>595.93</TD>
    <TD>19.8479</TD>
    <TD>0.0132</TD>
    <TD>19.7984</TD>
    <TD>0.0163</TD>
    <TD>19.7984</TD>
    <TD>0.0163</TD>
    <TD>0.03</TD>
  </TR>
  <TR>
    <TD>1470.0</TD>
    <TD>241.3508</TD>
    <TD>55.05019</TD>
    <TD>700.209</TD>
    <TD>554.752</TD>
    <TD>24.7534</TD>
    <TD>0.2027</TD>
    <TD>23.9265</TD>
    <TD>0.3148</TD>
    <TD>23.9265</TD>
    <TD>0.3148</TD>
    <TD>0.44</TD>
  </TR>
  <TR>
    <TD>1471.0</TD>
    <TD>241.3489</TD>
    <TD>54.98411</TD>
    <TD>1426.628</TD>
    <TD>557.293</TD>
    <TD>24.726</TD>
    <TD>0.2297</TD>
    <TD>23.808</TD>
    <TD>0.3719</TD>
    <TD>23.808</TD>
    <TD>0.3719</TD>
    <TD>0.37</TD>
  </TR>
  <TR>
    <TD>1472.0</TD>
    <TD>241.3486</TD>
    <TD>55.00626</TD>
    <TD>1183.831</TD>
    <TD>562.398</TD>
    <TD>24.395</TD>
    <TD>0.1977</TD>
    <TD>23.1139</TD>
    <TD>0.2113</TD>
    <TD>23.1139</TD>
    <TD>0.2113</TD>
    <TD>0.48</TD>
  </TR>
  <TR>
    <TD>1473.0</TD>
    <TD>241.3515</TD>
    <TD>55.0857</TD>
    <TD>307.724</TD>
    <TD>554.751</TD>
    <TD>25.6203</TD>
    <TD>0.3174</TD>
    <TD>25.3233</TD>
    <TD>0.4575</TD>
    <TD>25.3233</TD>
    <TD>0.4575</TD>
    <TD>0.42</TD>
  </TR>
  <TR>
    <TD>1474.0</TD>
    <TD>241.3483</TD>
    <TD>54.95325</TD>
    <TD>1764.335</TD>
    <TD>556.658</TD>
    <TD>25.5225</TD>
    <TD>0.2909</TD>
    <TD>24.4987</TD>
    <TD>0.3267</TD>
    <TD>24.4987</TD>
    <TD>0.3267</TD>
    <TD>0.48</TD>
  </TR>
  <TR>
    <TD>1475.0</TD>
    <TD>241.3501</TD>
    <TD>55.02411</TD>
    <TD>987.523</TD>
    <TD>555.649</TD>
    <TD>25.1196</TD>
    <TD>0.2257</TD>
    <TD>24.6509</TD>
    <TD>0.3805</TD>
    <TD>24.6509</TD>
    <TD>0.3805</TD>
    <TD>0.36</TD>
  </TR>
  <TR>
    <TD>1476.0</TD>
    <TD>241.3477</TD>
    <TD>54.95329</TD>
    <TD>1764.0</TD>
    <TD>560.489</TD>
    <TD>25.4685</TD>
    <TD>0.2773</TD>
    <TD>24.3648</TD>
    <TD>0.3641</TD>
    <TD>25.1152</TD>
    <TD>0.2846</TD>
    <TD>0.35</TD>
  </TR>
  <TR>
    <TD>1477.0</TD>
    <TD>241.3468</TD>
    <TD>55.00384</TD>
    <TD>1210.773</TD>
    <TD>573.485</TD>
    <TD>22.7351</TD>
    <TD>0.0874</TD>
    <TD>21.4235</TD>
    <TD>0.0928</TD>
    <TD>21.4235</TD>
    <TD>0.0928</TD>
    <TD>0.01</TD>
  </TR>
  <TR>
    <TD>1478.0</TD>
    <TD>241.3484</TD>
    <TD>54.97487</TD>
    <TD>1527.95</TD>
    <TD>559.016</TD>
    <TD>24.9929</TD>
    <TD>0.2357</TD>
    <TD>24.4456</TD>
    <TD>0.4468</TD>
    <TD>24.4456</TD>
    <TD>0.4468</TD>
    <TD>0.47</TD>
  </TR>
  <TR>
    <TD>1479.0</TD>
    <TD>241.3484</TD>
    <TD>55.06069</TD>
    <TD>584.829</TD>
    <TD>571.168</TD>
    <TD>22.8351</TD>
    <TD>0.0779</TD>
    <TD>22.7854</TD>
    <TD>0.1389</TD>
    <TD>22.7854</TD>
    <TD>0.1389</TD>
    <TD>0.1</TD>
  </TR>
  <TR>
    <TD>1480.0</TD>
    <TD>241.3471</TD>
    <TD>54.9526</TD>
    <TD>1771.627</TD>
    <TD>564.062</TD>
    <TD>24.5044</TD>
    <TD>0.1962</TD>
    <TD>23.5994</TD>
    <TD>0.3439</TD>
    <TD>23.5994</TD>
    <TD>0.3439</TD>
    <TD>0.39</TD>
  </TR>
  <TR>
    <TD>1481.0</TD>
    <TD>241.348</TD>
    <TD>54.98177</TD>
    <TD>1452.492</TD>
    <TD>562.914</TD>
    <TD>24.4141</TD>
    <TD>0.1811</TD>
    <TD>23.5943</TD>
    <TD>0.2726</TD>
    <TD>23.5943</TD>
    <TD>0.2726</TD>
    <TD>0.47</TD>
  </TR>
  <TR>
    <TD>1482.0</TD>
    <TD>241.3482</TD>
    <TD>55.08055</TD>
    <TD>365.365</TD>
    <TD>575.171</TD>
    <TD>22.5285</TD>
    <TD>0.0769</TD>
    <TD>22.1895</TD>
    <TD>0.0903</TD>
    <TD>22.0448</TD>
    <TD>0.0766</TD>
    <TD>0.0</TD>
  </TR>
  <TR>
    <TD>1483.0</TD>
    <TD>241.3472</TD>
    <TD>54.97413</TD>
    <TD>1536.208</TD>
    <TD>566.532</TD>
    <TD>24.5722</TD>
    <TD>0.2166</TD>
    <TD>23.4117</TD>
    <TD>0.286</TD>
    <TD>23.4117</TD>
    <TD>0.286</TD>
    <TD>0.41</TD>
  </TR>
  <TR>
    <TD>1484.0</TD>
    <TD>241.3443</TD>
    <TD>55.10404</TD>
    <TD>105.752</TD>
    <TD>602.338</TD>
    <TD>22.6969</TD>
    <TD>0.0864</TD>
    <TD>22.6861</TD>
    <TD>0.1949</TD>
    <TD>22.6861</TD>
    <TD>0.1949</TD>
    <TD>0.1</TD>
  </TR>
  <TR>
    <TD>1485.0</TD>
    <TD>241.3343</TD>
    <TD>54.98193</TD>
    <TD>1453.089</TD>
    <TD>648.795</TD>
    <TD>17.8264</TD>
    <TD>0.0034</TD>
    <TD>17.8474</TD>
    <TD>0.0032</TD>
    <TD>17.8474</TD>
    <TD>0.0032</TD>
    <TD>0.36</TD>
  </TR>
  <TR>
    <TD>1486.0</TD>
    <TD>241.3422</TD>
    <TD>54.92908</TD>
    <TD>2029.127</TD>
    <TD>590.511</TD>
    <TD>21.2966</TD>
    <TD>0.0327</TD>
    <TD>20.9527</TD>
    <TD>0.0488</TD>
    <TD>21.1453</TD>
    <TD>0.0339</TD>
    <TD>0.04</TD>
  </TR>
  <TR>
    <TD>1487.0</TD>
    <TD>241.3494</TD>
    <TD>55.0591</TD>
    <TD>602.235</TD>
    <TD>564.841</TD>
    <TD>25.1298</TD>
    <TD>0.2837</TD>
    <TD>24.2735</TD>
    <TD>0.4091</TD>
    <TD>24.2735</TD>
    <TD>0.4091</TD>
    <TD>0.36</TD>
  </TR>
  <TR>
    <TD>1488.0</TD>
    <TD>241.347</TD>
    <TD>55.00811</TD>
    <TD>1163.878</TD>
    <TD>572.796</TD>
    <TD>24.0152</TD>
    <TD>0.1686</TD>
    <TD>23.3539</TD>
    <TD>0.1704</TD>
    <TD>23.3539</TD>
    <TD>0.1704</TD>
    <TD>0.04</TD>
  </TR>
  <TR>
    <TD>1489.0</TD>
    <TD>241.3507</TD>
    <TD>55.10649</TD>
    <TD>77.322</TD>
    <TD>562.289</TD>
    <TD>25.491</TD>
    <TD>0.248</TD>
    <TD>25.3878</TD>
    <TD>0.312</TD>
    <TD>25.3878</TD>
    <TD>0.312</TD>
    <TD>0.41</TD>
  </TR>
  <TR>
    <TD>1490.0</TD>
    <TD>241.3474</TD>
    <TD>55.01321</TD>
    <TD>1107.786</TD>
    <TD>570.867</TD>
    <TD>24.2551</TD>
    <TD>0.1632</TD>
    <TD>23.7835</TD>
    <TD>0.3547</TD>
    <TD>23.7835</TD>
    <TD>0.3547</TD>
    <TD>0.45</TD>
  </TR>
  <TR>
    <TD>1491.0</TD>
    <TD>241.3489</TD>
    <TD>55.08489</TD>
    <TD>317.166</TD>
    <TD>571.156</TD>
    <TD>24.4707</TD>
    <TD>0.1749</TD>
    <TD>24.5941</TD>
    <TD>0.3195</TD>
    <TD>24.5941</TD>
    <TD>0.3195</TD>
    <TD>0.44</TD>
  </TR>
  <TR>
    <TD>1492.0</TD>
    <TD>241.3494</TD>
    <TD>55.07717</TD>
    <TD>402.578</TD>
    <TD>567.203</TD>
    <TD>25.3545</TD>
    <TD>0.278</TD>
    <TD>25.0279</TD>
    <TD>0.3265</TD>
    <TD>25.0279</TD>
    <TD>0.3265</TD>
    <TD>0.37</TD>
  </TR>
  <TR>
    <TD>1493.0</TD>
    <TD>241.347</TD>
    <TD>55.08932</TD>
    <TD>268.53</TD>
    <TD>583.458</TD>
    <TD>23.0686</TD>
    <TD>0.0865</TD>
    <TD>23.0105</TD>
    <TD>0.1279</TD>
    <TD>23.0105</TD>
    <TD>0.1279</TD>
    <TD>0.33</TD>
  </TR>
  <TR>
    <TD>1494.0</TD>
    <TD>241.3495</TD>
    <TD>55.10573</TD>
    <TD>86.0</TD>
    <TD>569.982</TD>
    <TD>26.5215</TD>
    <TD>0.6217</TD>
    <TD>25.0198</TD>
    <TD>0.369</TD>
    <TD>25.0198</TD>
    <TD>0.369</TD>
    <TD>0.35</TD>
  </TR>
  <TR>
    <TD>1495.0</TD>
    <TD>241.3468</TD>
    <TD>54.97257</TD>
    <TD>1553.354</TD>
    <TD>568.69</TD>
    <TD>25.8237</TD>
    <TD>0.3326</TD>
    <TD>24.5904</TD>
    <TD>0.3792</TD>
    <TD>24.5904</TD>
    <TD>0.3792</TD>
    <TD>0.41</TD>
  </TR>
  <TR>
    <TD>1496.0</TD>
    <TD>241.3482</TD>
    <TD>55.02676</TD>
    <TD>958.704</TD>
    <TD>568.344</TD>
    <TD>25.6303</TD>
    <TD>0.2803</TD>
    <TD>24.9788</TD>
    <TD>0.412</TD>
    <TD>24.9788</TD>
    <TD>0.412</TD>
    <TD>0.38</TD>
  </TR>
  <TR>
    <TD>1497.0</TD>
    <TD>241.3487</TD>
    <TD>55.08363</TD>
    <TD>331.136</TD>
    <TD>572.144</TD>
    <TD>24.2483</TD>
    <TD>0.1622</TD>
    <TD>23.6999</TD>
    <TD>0.2921</TD>
    <TD>23.6999</TD>
    <TD>0.2921</TD>
    <TD>0.46</TD>
  </TR>
  <TR>
    <TD>1498.0</TD>
    <TD>241.3475</TD>
    <TD>55.03081</TD>
    <TD>914.286</TD>
    <TD>572.958</TD>
    <TD>24.3527</TD>
    <TD>0.1341</TD>
    <TD>24.3376</TD>
    <TD>0.2047</TD>
    <TD>24.3376</TD>
    <TD>0.2047</TD>
    <TD>0.58</TD>
  </TR>
  <TR>
    <TD>1499.0</TD>
    <TD>241.3486</TD>
    <TD>55.10437</TD>
    <TD>101.229</TD>
    <TD>575.136</TD>
    <TD>24.9885</TD>
    <TD>0.25</TD>
    <TD>24.1665</TD>
    <TD>0.3219</TD>
    <TD>24.1665</TD>
    <TD>0.3219</TD>
    <TD>0.36</TD>
  </TR>
  <TR>
    <TD>1500.0</TD>
    <TD>241.3487</TD>
    <TD>55.06586</TD>
    <TD>527.642</TD>
    <TD>570.291</TD>
    <TD>25.7109</TD>
    <TD>0.301</TD>
    <TD>25.5825</TD>
    <TD>0.3716</TD>
    <TD>25.5825</TD>
    <TD>0.3716</TD>
    <TD>0.36</TD>
  </TR>
  <TR>
    <TD>1501.0</TD>
    <TD>241.3421</TD>
    <TD>54.9701</TD>
    <TD>1581.159</TD>
    <TD>598.049</TD>
    <TD>21.1331</TD>
    <TD>0.0271</TD>
    <TD>21.0816</TD>
    <TD>0.0347</TD>
    <TD>21.0816</TD>
    <TD>0.0347</TD>
    <TD>0.02</TD>
  </TR>
  <TR>
    <TD>1502.0</TD>
    <TD>241.3486</TD>
    <TD>55.09217</TD>
    <TD>236.573</TD>
    <TD>573.762</TD>
    <TD>25.4227</TD>
    <TD>0.2954</TD>
    <TD>24.7446</TD>
    <TD>0.4419</TD>
    <TD>24.7446</TD>
    <TD>0.4419</TD>
    <TD>0.44</TD>
  </TR>
  <TR>
    <TD>1503.0</TD>
    <TD>241.3453</TD>
    <TD>54.94418</TD>
    <TD>1863.869</TD>
    <TD>573.921</TD>
    <TD>24.481</TD>
    <TD>0.1922</TD>
    <TD>23.9587</TD>
    <TD>0.3628</TD>
    <TD>23.9587</TD>
    <TD>0.3628</TD>
    <TD>0.03</TD>
  </TR>
  <TR>
    <TD>1504.0</TD>
    <TD>241.3467</TD>
    <TD>55.02196</TD>
    <TD>1011.738</TD>
    <TD>576.782</TD>
    <TD>24.7322</TD>
    <TD>0.2208</TD>
    <TD>24.0385</TD>
    <TD>0.3079</TD>
    <TD>24.0385</TD>
    <TD>0.3079</TD>
    <TD>0.41</TD>
  </TR>
  <TR>
    <TD>1505.0</TD>
    <TD>241.3456</TD>
    <TD>54.9554</TD>
    <TD>1741.337</TD>
    <TD>573.682</TD>
    <TD>25.7778</TD>
    <TD>0.3193</TD>
    <TD>25.3042</TD>
    <TD>0.2895</TD>
    <TD>25.3042</TD>
    <TD>0.2895</TD>
    <TD>0.4</TD>
  </TR>
  <TR>
    <TD>1506.0</TD>
    <TD>241.3479</TD>
    <TD>55.05301</TD>
    <TD>669.681</TD>
    <TD>573.305</TD>
    <TD>25.7052</TD>
    <TD>0.2995</TD>
    <TD>25.4097</TD>
    <TD>0.3182</TD>
    <TD>25.4097</TD>
    <TD>0.3182</TD>
    <TD>0.41</TD>
  </TR>
  <TR>
    <TD>1507.0</TD>
    <TD>241.3469</TD>
    <TD>55.07206</TD>
    <TD>459.491</TD>
    <TD>582.484</TD>
    <TD>25.0515</TD>
    <TD>0.2645</TD>
    <TD>25.1374</TD>
    <TD>0.3468</TD>
    <TD>25.1374</TD>
    <TD>0.3468</TD>
    <TD>0.36</TD>
  </TR>
  <TR>
    <TD>1508.0</TD>
    <TD>241.346</TD>
    <TD>54.97615</TD>
    <TD>1514.317</TD>
    <TD>574.326</TD>
    <TD>25.7232</TD>
    <TD>0.3043</TD>
    <TD>25.4121</TD>
    <TD>0.4449</TD>
    <TD>25.4121</TD>
    <TD>0.4449</TD>
    <TD>0.36</TD>
  </TR>
  <TR>
    <TD>1509.0</TD>
    <TD>241.3458</TD>
    <TD>55.07545</TD>
    <TD>422.211</TD>
    <TD>589.222</TD>
    <TD>24.7031</TD>
    <TD>0.2048</TD>
    <TD>24.3204</TD>
    <TD>0.3403</TD>
    <TD>24.3204</TD>
    <TD>0.3403</TD>
    <TD>0.39</TD>
  </TR>
  <TR>
    <TD>1510.0</TD>
    <TD>241.3475</TD>
    <TD>55.08052</TD>
    <TD>365.849</TD>
    <TD>579.31</TD>
    <TD>23.825</TD>
    <TD>0.136</TD>
    <TD>23.1137</TD>
    <TD>0.1999</TD>
    <TD>23.3971</TD>
    <TD>0.1374</TD>
    <TD>0.59</TD>
  </TR>
  <TR>
    <TD>1511.0</TD>
    <TD>241.3457</TD>
    <TD>54.98538</TD>
    <TD>1413.362</TD>
    <TD>577.728</TD>
    <TD>25.1209</TD>
    <TD>0.2459</TD>
    <TD>24.5031</TD>
    <TD>0.2376</TD>
    <TD>24.5031</TD>
    <TD>0.2376</TD>
    <TD>0.36</TD>
  </TR>
  <TR>
    <TD>1512.0</TD>
    <TD>241.3384</TD>
    <TD>54.92897</TD>
    <TD>2030.983</TD>
    <TD>614.434</TD>
    <TD>20.9948</TD>
    <TD>0.028</TD>
    <TD>20.6026</TD>
    <TD>0.0415</TD>
    <TD>20.8534</TD>
    <TD>0.029</TD>
    <TD>0.01</TD>
  </TR>
  <TR>
    <TD>1513.0</TD>
    <TD>241.3478</TD>
    <TD>55.07604</TD>
    <TD>415.348</TD>
    <TD>577.282</TD>
    <TD>25.7701</TD>
    <TD>0.3172</TD>
    <TD>25.2889</TD>
    <TD>0.2856</TD>
    <TD>25.2889</TD>
    <TD>0.2856</TD>
    <TD>0.36</TD>
  </TR>
  <TR>
    <TD>1514.0</TD>
    <TD>241.3418</TD>
    <TD>55.0071</TD>
    <TD>1175.879</TD>
    <TD>605.26</TD>
    <TD>21.7302</TD>
    <TD>0.0441</TD>
    <TD>21.5371</TD>
    <TD>0.0633</TD>
    <TD>21.5371</TD>
    <TD>0.0633</TD>
    <TD>0.0</TD>
  </TR>
  <TR>
    <TD>1515.0</TD>
    <TD>241.3443</TD>
    <TD>54.95082</TD>
    <TD>1791.537</TD>
    <TD>581.037</TD>
    <TD>25.4571</TD>
    <TD>0.2745</TD>
    <TD>24.7595</TD>
    <TD>0.4533</TD>
    <TD>24.7595</TD>
    <TD>0.4533</TD>
    <TD>0.37</TD>
  </TR>
  <TR>
    <TD>1516.0</TD>
    <TD>241.3468</TD>
    <TD>55.03951</TD>
    <TD>818.684</TD>
    <TD>578.693</TD>
    <TD>25.7447</TD>
    <TD>0.3101</TD>
    <TD>25.5932</TD>
    <TD>0.5246</TD>
    <TD>25.5932</TD>
    <TD>0.5246</TD>
    <TD>0.37</TD>
  </TR>
  <TR>
    <TD>1517.0</TD>
    <TD>241.3481</TD>
    <TD>55.10112</TD>
    <TD>137.479</TD>
    <TD>578.421</TD>
    <TD>25.4001</TD>
    <TD>0.261</TD>
    <TD>24.3043</TD>
    <TD>0.3353</TD>
    <TD>24.3043</TD>
    <TD>0.3353</TD>
    <TD>0.37</TD>
  </TR>
  <TR>
    <TD>1518.0</TD>
    <TD>241.344</TD>
    <TD>55.06073</TD>
    <TD>585.189</TD>
    <TD>598.95</TD>
    <TD>23.5185</TD>
    <TD>0.129</TD>
    <TD>22.9144</TD>
    <TD>0.2137</TD>
    <TD>22.9144</TD>
    <TD>0.2137</TD>
    <TD>0.09</TD>
  </TR>
  <TR>
    <TD>1519.0</TD>
    <TD>241.3451</TD>
    <TD>55.00905</TD>
    <TD>1153.818</TD>
    <TD>584.958</TD>
    <TD>25.292</TD>
    <TD>0.2864</TD>
    <TD>24.6963</TD>
    <TD>0.283</TD>
    <TD>24.6963</TD>
    <TD>0.283</TD>
    <TD>0.36</TD>
  </TR>
  <TR>
    <TD>1520.0</TD>
    <TD>241.3458</TD>
    <TD>55.02147</TD>
    <TD>1017.332</TD>
    <TD>582.685</TD>
    <TD>25.749</TD>
    <TD>0.3113</TD>
    <TD>25.5098</TD>
    <TD>0.3481</TD>
    <TD>25.5098</TD>
    <TD>0.3481</TD>
    <TD>0.35</TD>
  </TR>
  <TR>
    <TD>1521.0</TD>
    <TD>241.3475</TD>
    <TD>55.10482</TD>
    <TD>96.497</TD>
    <TD>582.509</TD>
    <TD>25.5786</TD>
    <TD>0.3058</TD>
    <TD>25.3363</TD>
    <TD>0.4153</TD>
    <TD>25.3363</TD>
    <TD>0.4153</TD>
    <TD>0.36</TD>
  </TR>
  <TR>
    <TD>1522.0</TD>
    <TD>241.3444</TD>
    <TD>55.02948</TD>
    <TD>929.502</TD>
    <TD>592.492</TD>
    <TD>25.1337</TD>
    <TD>0.2673</TD>
    <TD>24.9623</TD>
    <TD>0.4773</TD>
    <TD>24.9623</TD>
    <TD>0.4773</TD>
    <TD>0.39</TD>
  </TR>
  <TR>
    <TD>1523.0</TD>
    <TD>241.3472</TD>
    <TD>55.10865</TD>
    <TD>53.994</TD>
    <TD>584.763</TD>
    <TD>25.5557</TD>
    <TD>0.2997</TD>
    <TD>24.7742</TD>
    <TD>0.443</TD>
    <TD>24.7742</TD>
    <TD>0.443</TD>
    <TD>0.48</TD>
  </TR>
  <TR>
    <TD>1524.0</TD>
    <TD>241.3453</TD>
    <TD>55.01104</TD>
    <TD>1131.991</TD>
    <TD>584.24</TD>
    <TD>25.7341</TD>
    <TD>0.3513</TD>
    <TD>24.7278</TD>
    <TD>0.3733</TD>
    <TD>24.7278</TD>
    <TD>0.3733</TD>
    <TD>0.37</TD>
  </TR>
  <TR>
    <TD>1525.0</TD>
    <TD>241.3443</TD>
    <TD>54.97853</TD>
    <TD>1488.529</TD>
    <TD>585.515</TD>
    <TD>25.6077</TD>
    <TD>0.3138</TD>
    <TD>25.0727</TD>
    <TD>0.3271</TD>
    <TD>25.0727</TD>
    <TD>0.3271</TD>
    <TD>0.41</TD>
  </TR>
  <TR>
    <TD>1526.0</TD>
    <TD>241.3459</TD>
    <TD>55.04698</TD>
    <TD>736.489</TD>
    <TD>585.524</TD>
    <TD>25.6169</TD>
    <TD>0.3164</TD>
    <TD>25.2185</TD>
    <TD>0.3732</TD>
    <TD>25.2185</TD>
    <TD>0.3732</TD>
    <TD>0.41</TD>
  </TR>
  <TR>
    <TD>1527.0</TD>
    <TD>241.3371</TD>
    <TD>55.03126</TD>
    <TD>911.211</TD>
    <TD>638.523</TD>
    <TD>20.9263</TD>
    <TD>0.0288</TD>
    <TD>20.8069</TD>
    <TD>0.0494</TD>
    <TD>20.8069</TD>
    <TD>0.0494</TD>
    <TD>0.0</TD>
  </TR>
  <TR>
    <TD>1528.0</TD>
    <TD>241.3427</TD>
    <TD>54.93771</TD>
    <TD>1934.936</TD>
    <TD>588.986</TD>
    <TD>24.6784</TD>
    <TD>0.2201</TD>
    <TD>23.8837</TD>
    <TD>0.3974</TD>
    <TD>23.8837</TD>
    <TD>0.3974</TD>
    <TD>0.48</TD>
  </TR>
  <TR>
    <TD>1529.0</TD>
    <TD>241.3461</TD>
    <TD>55.066</TD>
    <TD>526.63</TD>
    <TD>586.32</TD>
    <TD>25.889</TD>
    <TD>0.3525</TD>
    <TD>25.2714</TD>
    <TD>0.2811</TD>
    <TD>25.2714</TD>
    <TD>0.2811</TD>
    <TD>0.38</TD>
  </TR>
  <TR>
    <TD>1530.0</TD>
    <TD>241.3454</TD>
    <TD>55.08065</TD>
    <TD>364.786</TD>
    <TD>592.369</TD>
    <TD>25.304</TD>
    <TD>0.2658</TD>
    <TD>24.8675</TD>
    <TD>0.582</TD>
    <TD>24.8675</TD>
    <TD>0.582</TD>
    <TD>0.36</TD>
  </TR>
  <TR>
    <TD>1531.0</TD>
    <TD>241.3463</TD>
    <TD>55.10801</TD>
    <TD>61.333</TD>
    <TD>589.957</TD>
    <TD>25.2582</TD>
    <TD>0.2988</TD>
    <TD>24.5532</TD>
    <TD>0.2616</TD>
    <TD>24.5532</TD>
    <TD>0.2616</TD>
    <TD>0.35</TD>
  </TR>
  <TR>
    <TD>1532.0</TD>
    <TD>241.3437</TD>
    <TD>55.00082</TD>
    <TD>1244.456</TD>
    <TD>592.755</TD>
    <TD>24.6143</TD>
    <TD>0.1892</TD>
    <TD>22.8102</TD>
    <TD>0.1378</TD>
    <TD>22.8102</TD>
    <TD>0.1378</TD>
    <TD>0.45</TD>
  </TR>
  <TR>
    <TD>1533.0</TD>
    <TD>241.3459</TD>
    <TD>55.08031</TD>
    <TD>368.481</TD>
    <TD>589.484</TD>
    <TD>25.4454</TD>
    <TD>0.2717</TD>
    <TD>25.1474</TD>
    <TD>0.4906</TD>
    <TD>25.1474</TD>
    <TD>0.4906</TD>
    <TD>0.46</TD>
  </TR>
  <TR>
    <TD>1534.0</TD>
    <TD>241.3391</TD>
    <TD>54.93528</TD>
    <TD>1961.987</TD>
    <TD>611.114</TD>
    <TD>22.3686</TD>
    <TD>0.0631</TD>
    <TD>22.2393</TD>
    <TD>0.1135</TD>
    <TD>22.2393</TD>
    <TD>0.1135</TD>
    <TD>0.0</TD>
  </TR>
  <TR>
    <TD>1535.0</TD>
    <TD>241.3419</TD>
    <TD>54.93755</TD>
    <TD>1936.838</TD>
    <TD>594.118</TD>
    <TD>24.9229</TD>
    <TD>0.2357</TD>
    <TD>24.1657</TD>
    <TD>0.375</TD>
    <TD>24.1657</TD>
    <TD>0.375</TD>
    <TD>0.39</TD>
  </TR>
  <TR>
    <TD>1536.0</TD>
    <TD>241.3427</TD>
    <TD>55.09718</TD>
    <TD>182.165</TD>
    <TD>611.632</TD>
    <TD>22.4246</TD>
    <TD>0.0648</TD>
    <TD>22.1607</TD>
    <TD>0.102</TD>
    <TD>22.1607</TD>
    <TD>0.102</TD>
    <TD>0.0</TD>
  </TR>
  <TR>
    <TD>1537.0</TD>
    <TD>241.3423</TD>
    <TD>54.96926</TD>
    <TD>1590.348</TD>
    <TD>596.738</TD>
    <TD>23.6888</TD>
    <TD>0.0991</TD>
    <TD>23.8132</TD>
    <TD>0.1629</TD>
    <TD>23.8132</TD>
    <TD>0.1629</TD>
    <TD>0.69</TD>
  </TR>
  <TR>
    <TD>1538.0</TD>
    <TD>241.3445</TD>
    <TD>55.04266</TD>
    <TD>784.334</TD>
    <TD>593.686</TD>
    <TD>25.8495</TD>
    <TD>0.3403</TD>
    <TD>25.1522</TD>
    <TD>0.428</TD>
    <TD>25.1522</TD>
    <TD>0.428</TD>
    <TD>0.36</TD>
  </TR>
  <TR>
    <TD>1539.0</TD>
    <TD>241.3312</TD>
    <TD>55.00928</TD>
    <TD>1153.724</TD>
    <TD>672.173</TD>
    <TD>19.7896</TD>
    <TD>0.0159</TD>
    <TD>19.724</TD>
    <TD>0.0204</TD>
    <TD>19.724</TD>
    <TD>0.0204</TD>
    <TD>0.0</TD>
  </TR>
  <TR>
    <TD>1540.0</TD>
    <TD>241.3454</TD>
    <TD>55.0955</TD>
    <TD>200.304</TD>
    <TD>594.637</TD>
    <TD>25.7311</TD>
    <TD>0.3064</TD>
    <TD>25.1468</TD>
    <TD>0.5473</TD>
    <TD>25.1468</TD>
    <TD>0.5473</TD>
    <TD>0.36</TD>
  </TR>
  <TR>
    <TD>1541.0</TD>
    <TD>241.3449</TD>
    <TD>55.07012</TD>
    <TD>481.344</TD>
    <TD>594.303</TD>
    <TD>25.6832</TD>
    <TD>0.2937</TD>
    <TD>24.7124</TD>
    <TD>0.3799</TD>
    <TD>24.7124</TD>
    <TD>0.3799</TD>
    <TD>0.37</TD>
  </TR>
  <TR>
    <TD>1542.0</TD>
    <TD>241.3436</TD>
    <TD>55.00894</TD>
    <TD>1155.308</TD>
    <TD>594.654</TD>
    <TD>25.9206</TD>
    <TD>0.3626</TD>
    <TD>25.3675</TD>
    <TD>0.4272</TD>
    <TD>25.3675</TD>
    <TD>0.4272</TD>
    <TD>0.39</TD>
  </TR>
  <TR>
    <TD>1543.0</TD>
    <TD>241.345</TD>
    <TD>55.07226</TD>
    <TD>457.707</TD>
    <TD>594.361</TD>
    <TD>25.6901</TD>
    <TD>0.2955</TD>
    <TD>25.3235</TD>
    <TD>0.2946</TD>
    <TD>25.3235</TD>
    <TD>0.2946</TD>
    <TD>0.36</TD>
  </TR>
  <TR>
    <TD>1544.0</TD>
    <TD>241.3451</TD>
    <TD>55.10408</TD>
    <TD>105.236</TD>
    <TD>597.585</TD>
    <TD>24.4186</TD>
    <TD>0.167</TD>
    <TD>24.1114</TD>
    <TD>0.2132</TD>
    <TD>24.0982</TD>
    <TD>0.1723</TD>
    <TD>0.43</TD>
  </TR>
  <TR>
    <TD>1545.0</TD>
    <TD>241.3444</TD>
    <TD>55.10465</TD>
    <TD>99.001</TD>
    <TD>601.719</TD>
    <TD>24.5362</TD>
    <TD>0.2019</TD>
    <TD>23.6689</TD>
    <TD>0.2552</TD>
    <TD>23.6689</TD>
    <TD>0.2552</TD>
    <TD>0.38</TD>
  </TR>
  <TR>
    <TD>1546.0</TD>
    <TD>241.3434</TD>
    <TD>55.0804</TD>
    <TD>367.912</TD>
    <TD>605.108</TD>
    <TD>24.7544</TD>
    <TD>0.2252</TD>
    <TD>24.0749</TD>
    <TD>0.2192</TD>
    <TD>24.0749</TD>
    <TD>0.2192</TD>
    <TD>0.35</TD>
  </TR>
  <TR>
    <TD>1547.0</TD>
    <TD>241.344</TD>
    <TD>55.04795</TD>
    <TD>726.191</TD>
    <TD>597.584</TD>
    <TD>25.3925</TD>
    <TD>0.2876</TD>
    <TD>24.5055</TD>
    <TD>0.3954</TD>
    <TD>24.5055</TD>
    <TD>0.3954</TD>
    <TD>0.35</TD>
  </TR>
  <TR>
    <TD>1548.0</TD>
    <TD>241.3448</TD>
    <TD>55.08626</TD>
    <TD>302.779</TD>
    <TD>597.423</TD>
    <TD>25.7276</TD>
    <TD>0.3882</TD>
    <TD>24.6123</TD>
    <TD>0.3963</TD>
    <TD>24.6123</TD>
    <TD>0.3963</TD>
    <TD>0.35</TD>
  </TR>
  <TR>
    <TD>1549.0</TD>
    <TD>241.345</TD>
    <TD>55.10857</TD>
    <TD>55.334</TD>
    <TD>598.69</TD>
    <TD>25.7298</TD>
    <TD>0.306</TD>
    <TD>25.6163</TD>
    <TD>0.3831</TD>
    <TD>25.6163</TD>
    <TD>0.3831</TD>
    <TD>0.52</TD>
  </TR>
  <TR>
    <TD>1550.0</TD>
    <TD>241.3391</TD>
    <TD>55.0644</TD>
    <TD>545.58</TD>
    <TD>630.49</TD>
    <TD>21.2876</TD>
    <TD>0.0353</TD>
    <TD>21.1935</TD>
    <TD>0.0505</TD>
    <TD>21.1935</TD>
    <TD>0.0505</TD>
    <TD>0.01</TD>
  </TR>
  <TR>
    <TD>1551.0</TD>
    <TD>241.3443</TD>
    <TD>55.09024</TD>
    <TD>258.834</TD>
    <TD>601.049</TD>
    <TD>24.5515</TD>
    <TD>0.1696</TD>
    <TD>24.3415</TD>
    <TD>0.2108</TD>
    <TD>24.3415</TD>
    <TD>0.2108</TD>
    <TD>0.73</TD>
  </TR>
  <TR>
    <TD>1552.0</TD>
    <TD>241.3401</TD>
    <TD>54.9457</TD>
    <TD>1848.167</TD>
    <TD>606.421</TD>
    <TD>24.6515</TD>
    <TD>0.1956</TD>
    <TD>23.7254</TD>
    <TD>0.355</TD>
    <TD>23.7254</TD>
    <TD>0.355</TD>
    <TD>0.44</TD>
  </TR>
  <TR>
    <TD>1553.0</TD>
    <TD>241.34</TD>
    <TD>54.95717</TD>
    <TD>1722.899</TD>
    <TD>609.003</TD>
    <TD>23.8199</TD>
    <TD>0.1416</TD>
    <TD>23.3753</TD>
    <TD>0.2128</TD>
    <TD>23.3753</TD>
    <TD>0.2128</TD>
    <TD>0.65</TD>
  </TR>
  <TR>
    <TD>1554.0</TD>
    <TD>241.3411</TD>
    <TD>55.07711</TD>
    <TD>404.787</TD>
    <TD>619.117</TD>
    <TD>23.0382</TD>
    <TD>0.0888</TD>
    <TD>22.5928</TD>
    <TD>0.1392</TD>
    <TD>22.5928</TD>
    <TD>0.1392</TD>
    <TD>0.21</TD>
  </TR>
  <TR>
    <TD>1555.0</TD>
    <TD>241.3432</TD>
    <TD>55.068</TD>
    <TD>505.061</TD>
    <TD>605.02</TD>
    <TD>24.5341</TD>
    <TD>0.1354</TD>
    <TD>24.629</TD>
    <TD>0.2194</TD>
    <TD>24.629</TD>
    <TD>0.2194</TD>
    <TD>0.75</TD>
  </TR>
  <TR>
    <TD>1556.0</TD>
    <TD>241.3402</TD>
    <TD>54.97451</TD>
    <TD>1533.216</TD>
    <TD>610.939</TD>
    <TD>24.4137</TD>
    <TD>0.1738</TD>
    <TD>23.9025</TD>
    <TD>0.2738</TD>
    <TD>23.9025</TD>
    <TD>0.2738</TD>
    <TD>0.49</TD>
  </TR>
  <TR>
    <TD>1557.0</TD>
    <TD>241.3399</TD>
    <TD>55.07021</TD>
    <TD>481.228</TD>
    <TD>626.138</TD>
    <TD>21.8566</TD>
    <TD>0.0477</TD>
    <TD>21.4758</TD>
    <TD>0.0761</TD>
    <TD>21.4758</TD>
    <TD>0.0761</TD>
    <TD>0.01</TD>
  </TR>
  <TR>
    <TD>1558.0</TD>
    <TD>241.3429</TD>
    <TD>55.04505</TD>
    <TD>758.288</TD>
    <TD>603.673</TD>
    <TD>25.9363</TD>
    <TD>0.3677</TD>
    <TD>24.8831</TD>
    <TD>0.401</TD>
    <TD>24.8831</TD>
    <TD>0.401</TD>
    <TD>0.36</TD>
  </TR>
  <TR>
    <TD>1559.0</TD>
    <TD>241.3443</TD>
    <TD>55.11315</TD>
    <TD>4.661</TD>
    <TD>603.671</TD>
    <TD>25.8679</TD>
    <TD>0.3459</TD>
    <TD>25.0095</TD>
    <TD>0.4827</TD>
    <TD>25.0095</TD>
    <TD>0.4827</TD>
    <TD>0.39</TD>
  </TR>
  <TR>
    <TD>1560.0</TD>
    <TD>241.3362</TD>
    <TD>55.03341</TD>
    <TD>887.765</TD>
    <TD>644.336</TD>
    <TD>20.5766</TD>
    <TD>0.0194</TD>
    <TD>20.5267</TD>
    <TD>0.0231</TD>
    <TD>20.5013</TD>
    <TD>0.0199</TD>
    <TD>0.07</TD>
  </TR>
  <TR>
    <TD>1561.0</TD>
    <TD>241.3427</TD>
    <TD>55.07441</TD>
    <TD>434.295</TD>
    <TD>609.072</TD>
    <TD>24.7128</TD>
    <TD>0.1955</TD>
    <TD>24.6226</TD>
    <TD>0.3042</TD>
    <TD>24.6226</TD>
    <TD>0.3042</TD>
    <TD>0.43</TD>
  </TR>
  <TR>
    <TD>1562.0</TD>
    <TD>241.3422</TD>
    <TD>55.06289</TD>
    <TD>561.645</TD>
    <TD>610.667</TD>
    <TD>25.0018</TD>
    <TD>0.253</TD>
    <TD>23.8412</TD>
    <TD>0.3338</TD>
    <TD>23.8412</TD>
    <TD>0.3338</TD>
    <TD>0.35</TD>
  </TR>
  <TR>
    <TD>1563.0</TD>
    <TD>241.3389</TD>
    <TD>54.92749</TD>
    <TD>2046.987</TD>
    <TD>611.353</TD>
    <TD>24.7543</TD>
    <TD>0.2143</TD>
    <TD>23.9245</TD>
    <TD>0.2737</TD>
    <TD>23.9245</TD>
    <TD>0.2737</TD>
    <TD>0.38</TD>
  </TR>
  <TR>
    <TD>1564.0</TD>
    <TD>241.3396</TD>
    <TD>54.93901</TD>
    <TD>1921.241</TD>
    <TD>608.953</TD>
    <TD>25.5236</TD>
    <TD>0.2912</TD>
    <TD>24.4958</TD>
    <TD>0.3843</TD>
    <TD>24.4958</TD>
    <TD>0.3843</TD>
    <TD>0.42</TD>
  </TR>
  <TR>
    <TD>1565.0</TD>
    <TD>241.3419</TD>
    <TD>55.02652</TD>
    <TD>962.48</TD>
    <TD>607.461</TD>
    <TD>25.8778</TD>
    <TD>0.3996</TD>
    <TD>25.0369</TD>
    <TD>0.4436</TD>
    <TD>25.0369</TD>
    <TD>0.4436</TD>
    <TD>0.42</TD>
  </TR>
  <TR>
    <TD>1566.0</TD>
    <TD>241.3363</TD>
    <TD>54.9892</TD>
    <TD>1373.052</TD>
    <TD>637.374</TD>
    <TD>21.4229</TD>
    <TD>0.0394</TD>
    <TD>21.3082</TD>
    <TD>0.0533</TD>
    <TD>21.3082</TD>
    <TD>0.0533</TD>
    <TD>0.0</TD>
  </TR>
  <TR>
    <TD>1567.0</TD>
    <TD>241.3398</TD>
    <TD>54.98746</TD>
    <TD>1391.584</TD>
    <TD>615.182</TD>
    <TD>24.8528</TD>
    <TD>0.234</TD>
    <TD>24.5526</TD>
    <TD>0.3077</TD>
    <TD>24.5526</TD>
    <TD>0.3077</TD>
    <TD>0.26</TD>
  </TR>
  <TR>
    <TD>1568.0</TD>
    <TD>241.3419</TD>
    <TD>55.08251</TD>
    <TD>344.856</TD>
    <TD>614.789</TD>
    <TD>24.0407</TD>
    <TD>0.1569</TD>
    <TD>23.6778</TD>
    <TD>0.3531</TD>
    <TD>23.6778</TD>
    <TD>0.3531</TD>
    <TD>0.47</TD>
  </TR>
  <TR>
    <TD>1569.0</TD>
    <TD>241.3326</TD>
    <TD>54.92827</TD>
    <TD>2039.463</TD>
    <TD>650.811</TD>
    <TD>20.3079</TD>
    <TD>0.0178</TD>
    <TD>20.2243</TD>
    <TD>0.023</TD>
    <TD>20.2243</TD>
    <TD>0.023</TD>
    <TD>0.02</TD>
  </TR>
  <TR>
    <TD>1570.0</TD>
    <TD>241.3418</TD>
    <TD>55.06253</TD>
    <TD>565.695</TD>
    <TD>613.088</TD>
    <TD>23.9638</TD>
    <TD>0.1465</TD>
    <TD>24.0041</TD>
    <TD>0.3235</TD>
    <TD>24.0041</TD>
    <TD>0.3235</TD>
    <TD>0.37</TD>
  </TR>
  <TR>
    <TD>1571.0</TD>
    <TD>241.3379</TD>
    <TD>54.97232</TD>
    <TD>1557.623</TD>
    <TD>625.026</TD>
    <TD>23.5565</TD>
    <TD>0.1274</TD>
    <TD>22.7763</TD>
    <TD>0.198</TD>
    <TD>22.7763</TD>
    <TD>0.198</TD>
    <TD>0.05</TD>
  </TR>
  <TR>
    <TD>1572.0</TD>
    <TD>241.3378</TD>
    <TD>54.94101</TD>
    <TD>1899.715</TD>
    <TD>620.411</TD>
    <TD>23.2501</TD>
    <TD>0.1059</TD>
    <TD>23.2209</TD>
    <TD>0.1721</TD>
    <TD>23.2209</TD>
    <TD>0.1721</TD>
    <TD>0.0</TD>
  </TR>
  <TR>
    <TD>1573.0</TD>
    <TD>241.3429</TD>
    <TD>55.1065</TD>
    <TD>78.695</TD>
    <TD>611.68</TD>
    <TD>25.8857</TD>
    <TD>0.3515</TD>
    <TD>24.9175</TD>
    <TD>0.364</TD>
    <TD>24.9175</TD>
    <TD>0.364</TD>
    <TD>0.37</TD>
  </TR>
  <TR>
    <TD>1574.0</TD>
    <TD>241.3378</TD>
    <TD>55.04303</TD>
    <TD>781.466</TD>
    <TD>635.402</TD>
    <TD>22.8449</TD>
    <TD>0.0813</TD>
    <TD>22.6652</TD>
    <TD>0.132</TD>
    <TD>22.6652</TD>
    <TD>0.132</TD>
    <TD>0.0</TD>
  </TR>
  <TR>
    <TD>1575.0</TD>
    <TD>241.3348</TD>
    <TD>54.92902</TD>
    <TD>2031.025</TD>
    <TD>637.185</TD>
    <TD>23.044</TD>
    <TD>0.1021</TD>
    <TD>21.6134</TD>
    <TD>0.1103</TD>
    <TD>22.4447</TD>
    <TD>0.0977</TD>
    <TD>0.39</TD>
  </TR>
  <TR>
    <TD>1576.0</TD>
    <TD>241.3429</TD>
    <TD>55.10714</TD>
    <TD>71.662</TD>
    <TD>611.318</TD>
    <TD>26.4706</TD>
    <TD>0.5938</TD>
    <TD>25.393</TD>
    <TD>0.6508</TD>
    <TD>25.393</TD>
    <TD>0.6508</TD>
    <TD>0.35</TD>
  </TR>
  <TR>
    <TD>1577.0</TD>
    <TD>241.3392</TD>
    <TD>54.94375</TD>
    <TD>1869.633</TD>
    <TD>612.306</TD>
    <TD>25.5372</TD>
    <TD>0.2582</TD>
    <TD>25.4353</TD>
    <TD>0.3256</TD>
    <TD>25.4353</TD>
    <TD>0.3256</TD>
    <TD>0.36</TD>
  </TR>
  <TR>
    <TD>1578.0</TD>
    <TD>241.3404</TD>
    <TD>55.05833</TD>
    <TD>612.319</TD>
    <TD>621.344</TD>
    <TD>25.4037</TD>
    <TD>0.3165</TD>
    <TD>24.6382</TD>
    <TD>0.3268</TD>
    <TD>24.6382</TD>
    <TD>0.3268</TD>
    <TD>0.35</TD>
  </TR>
  <TR>
    <TD>1579.0</TD>
    <TD>241.3427</TD>
    <TD>55.10607</TD>
    <TD>83.493</TD>
    <TD>612.519</TD>
    <TD>25.6317</TD>
    <TD>0.3206</TD>
    <TD>24.5556</TD>
    <TD>0.4335</TD>
    <TD>24.5556</TD>
    <TD>0.4335</TD>
    <TD>0.41</TD>
  </TR>
  <TR>
    <TD>1580.0</TD>
    <TD>241.3384</TD>
    <TD>55.04705</TD>
    <TD>737.086</TD>
    <TD>632.477</TD>
    <TD>21.8403</TD>
    <TD>0.0445</TD>
    <TD>21.6556</TD>
    <TD>0.0575</TD>
    <TD>21.6556</TD>
    <TD>0.0575</TD>
    <TD>0.0</TD>
  </TR>
  <TR>
    <TD>1581.0</TD>
    <TD>241.3399</TD>
    <TD>54.97952</TD>
    <TD>1478.498</TD>
    <TD>613.562</TD>
    <TD>25.8104</TD>
    <TD>0.3761</TD>
    <TD>24.8508</TD>
    <TD>0.2678</TD>
    <TD>24.8508</TD>
    <TD>0.2678</TD>
    <TD>0.41</TD>
  </TR>
  <TR>
    <TD>1582.0</TD>
    <TD>241.3422</TD>
    <TD>55.10527</TD>
    <TD>92.532</TD>
    <TD>616.002</TD>
    <TD>25.6358</TD>
    <TD>0.3218</TD>
    <TD>24.8914</TD>
    <TD>0.2777</TD>
    <TD>24.8914</TD>
    <TD>0.2777</TD>
    <TD>0.47</TD>
  </TR>
  <TR>
    <TD>1583.0</TD>
    <TD>241.3426</TD>
    <TD>55.10829</TD>
    <TD>58.939</TD>
    <TD>613.796</TD>
    <TD>25.4912</TD>
    <TD>0.2829</TD>
    <TD>24.9087</TD>
    <TD>0.2706</TD>
    <TD>24.9087</TD>
    <TD>0.2706</TD>
    <TD>0.48</TD>
  </TR>
  <TR>
    <TD>1584.0</TD>
    <TD>241.3397</TD>
    <TD>55.08459</TD>
    <TD>322.219</TD>
    <TD>628.746</TD>
    <TD>23.3709</TD>
    <TD>0.113</TD>
    <TD>23.284</TD>
    <TD>0.2606</TD>
    <TD>23.284</TD>
    <TD>0.2606</TD>
    <TD>0.44</TD>
  </TR>
  <TR>
    <TD>1585.0</TD>
    <TD>241.333</TD>
    <TD>54.97223</TD>
    <TD>1559.392</TD>
    <TD>655.402</TD>
    <TD>20.253</TD>
    <TD>0.0174</TD>
    <TD>20.1859</TD>
    <TD>0.0205</TD>
    <TD>20.1859</TD>
    <TD>0.0205</TD>
    <TD>0.03</TD>
  </TR>
  <TR>
    <TD>1586.0</TD>
    <TD>241.3343</TD>
    <TD>55.03425</TD>
    <TD>878.81</TD>
    <TD>656.19</TD>
    <TD>19.0187</TD>
    <TD>0.0067</TD>
    <TD>19.0125</TD>
    <TD>0.0070</TD>
    <TD>18.9962</TD>
    <TD>0.0068</TD>
    <TD>0.04</TD>
  </TR>
  <TR>
    <TD>1587.0</TD>
    <TD>241.3028</TD>
    <TD>54.93079</TD>
    <TD>2016.719</TD>
    <TD>838.426</TD>
    <TD>17.0795</TD>
    <TD>0.0032</TD>
    <TD>17.1139</TD>
    <TD>0.0032</TD>
    <TD>17.1139</TD>
    <TD>0.0032</TD>
    <TD>0.03</TD>
  </TR>
  <TR>
    <TD>1588.0</TD>
    <TD>241.3393</TD>
    <TD>54.97485</TD>
    <TD>1529.683</TD>
    <TD>616.373</TD>
    <TD>25.6576</TD>
    <TD>0.2871</TD>
    <TD>24.9961</TD>
    <TD>0.5072</TD>
    <TD>24.9961</TD>
    <TD>0.5072</TD>
    <TD>0.41</TD>
  </TR>
  <TR>
    <TD>1589.0</TD>
    <TD>241.342</TD>
    <TD>55.10982</TD>
    <TD>42.004</TD>
    <TD>617.498</TD>
    <TD>25.4375</TD>
    <TD>0.2698</TD>
    <TD>25.1594</TD>
    <TD>0.3538</TD>
    <TD>25.1594</TD>
    <TD>0.3538</TD>
    <TD>0.41</TD>
  </TR>
  <TR>
    <TD>1590.0</TD>
    <TD>241.3406</TD>
    <TD>55.10228</TD>
    <TD>125.997</TD>
    <TD>625.517</TD>
    <TD>24.6481</TD>
    <TD>0.2318</TD>
    <TD>24.0828</TD>
    <TD>0.4439</TD>
    <TD>23.732</TD>
    <TD>0.1905</TD>
    <TD>0.35</TD>
  </TR>
  <TR>
    <TD>1591.0</TD>
    <TD>241.3412</TD>
    <TD>55.08644</TD>
    <TD>301.502</TD>
    <TD>619.518</TD>
    <TD>25.6585</TD>
    <TD>0.3284</TD>
    <TD>24.8208</TD>
    <TD>0.4906</TD>
    <TD>24.8208</TD>
    <TD>0.4906</TD>
    <TD>0.41</TD>
  </TR>
  <TR>
    <TD>1592.0</TD>
    <TD>241.3367</TD>
    <TD>54.93466</TD>
    <TD>1969.19</TD>
    <TD>626.539</TD>
    <TD>24.6197</TD>
    <TD>0.1997</TD>
    <TD>23.7045</TD>
    <TD>0.2649</TD>
    <TD>23.7045</TD>
    <TD>0.2649</TD>
    <TD>0.51</TD>
  </TR>
  <TR>
    <TD>1593.0</TD>
    <TD>241.3396</TD>
    <TD>55.06271</TD>
    <TD>564.216</TD>
    <TD>627.141</TD>
    <TD>24.6349</TD>
    <TD>0.2117</TD>
    <TD>24.2803</TD>
    <TD>0.2858</TD>
    <TD>24.2803</TD>
    <TD>0.2858</TD>
    <TD>0.09</TD>
  </TR>
  <TR>
    <TD>1594.0</TD>
    <TD>241.3354</TD>
    <TD>55.01856</TD>
    <TD>1051.109</TD>
    <TD>647.597</TD>
    <TD>24.1462</TD>
    <TD>0.1812</TD>
    <TD>22.4178</TD>
    <TD>0.1442</TD>
    <TD>22.4178</TD>
    <TD>0.1442</TD>
    <TD>0.36</TD>
  </TR>
  <TR>
    <TD>1595.0</TD>
    <TD>241.3399</TD>
    <TD>55.08202</TD>
    <TD>350.635</TD>
    <TD>627.189</TD>
    <TD>25.3656</TD>
    <TD>0.3058</TD>
    <TD>24.3205</TD>
    <TD>0.3558</TD>
    <TD>24.3205</TD>
    <TD>0.3558</TD>
    <TD>0.41</TD>
  </TR>
  <TR>
    <TD>1596.0</TD>
    <TD>241.3381</TD>
    <TD>54.95701</TD>
    <TD>1724.978</TD>
    <TD>621.0</TD>
    <TD>26.3055</TD>
    <TD>0.5118</TD>
    <TD>24.8287</TD>
    <TD>0.3594</TD>
    <TD>24.8287</TD>
    <TD>0.3594</TD>
    <TD>0.36</TD>
  </TR>
  <TR>
    <TD>1597.0</TD>
    <TD>241.3386</TD>
    <TD>54.99358</TD>
    <TD>1324.65</TD>
    <TD>623.709</TD>
    <TD>26.1854</TD>
    <TD>0.4594</TD>
    <TD>24.4722</TD>
    <TD>0.3362</TD>
    <TD>24.4722</TD>
    <TD>0.3362</TD>
    <TD>0.35</TD>
  </TR>
  <TR>
    <TD>1598.0</TD>
    <TD>241.3393</TD>
    <TD>55.02331</TD>
    <TD>998.306</TD>
    <TD>623.702</TD>
    <TD>26.0465</TD>
    <TD>0.4057</TD>
    <TD>24.9308</TD>
    <TD>0.4108</TD>
    <TD>24.9308</TD>
    <TD>0.4108</TD>
    <TD>0.4</TD>
  </TR>
  <TR>
    <TD>1599.0</TD>
    <TD>241.3401</TD>
    <TD>55.10238</TD>
    <TD>125.045</TD>
    <TD>628.748</TD>
    <TD>24.127</TD>
    <TD>0.165</TD>
    <TD>23.2106</TD>
    <TD>0.2197</TD>
    <TD>23.5798</TD>
    <TD>0.1609</TD>
    <TD>0.41</TD>
  </TR>
  <TR>
    <TD>1600.0</TD>
    <TD>241.3387</TD>
    <TD>55.07075</TD>
    <TD>475.515</TD>
    <TD>633.865</TD>
    <TD>23.339</TD>
    <TD>0.1083</TD>
    <TD>22.6352</TD>
    <TD>0.1681</TD>
    <TD>22.9192</TD>
    <TD>0.1096</TD>
    <TD>0.41</TD>
  </TR>
  <TR>
    <TD>1601.0</TD>
    <TD>241.3379</TD>
    <TD>54.96833</TD>
    <TD>1601.289</TD>
    <TD>624.363</TD>
    <TD>25.8462</TD>
    <TD>0.3394</TD>
    <TD>24.9649</TD>
    <TD>0.432</TD>
    <TD>24.9649</TD>
    <TD>0.432</TD>
    <TD>0.36</TD>
  </TR>
  <TR>
    <TD>1602.0</TD>
    <TD>241.3406</TD>
    <TD>55.09603</TD>
    <TD>195.324</TD>
    <TD>624.67</TD>
    <TD>25.9314</TD>
    <TD>0.3661</TD>
    <TD>24.5876</TD>
    <TD>0.3592</TD>
    <TD>24.5876</TD>
    <TD>0.3592</TD>
    <TD>0.43</TD>
  </TR>
  <TR>
    <TD>1603.0</TD>
    <TD>241.3366</TD>
    <TD>54.95822</TD>
    <TD>1712.007</TD>
    <TD>630.775</TD>
    <TD>25.0804</TD>
    <TD>0.2549</TD>
    <TD>24.2625</TD>
    <TD>0.2946</TD>
    <TD>24.2625</TD>
    <TD>0.2946</TD>
    <TD>0.37</TD>
  </TR>
  <TR>
    <TD>1604.0</TD>
    <TD>241.3356</TD>
    <TD>54.9604</TD>
    <TD>1688.274</TD>
    <TD>637.359</TD>
    <TD>23.0724</TD>
    <TD>0.0904</TD>
    <TD>22.7727</TD>
    <TD>0.1422</TD>
    <TD>22.7727</TD>
    <TD>0.1422</TD>
    <TD>0.01</TD>
  </TR>
  <TR>
    <TD>1605.0</TD>
    <TD>241.3403</TD>
    <TD>55.0877</TD>
    <TD>287.671</TD>
    <TD>625.352</TD>
    <TD>26.18</TD>
    <TD>0.4572</TD>
    <TD>25.1696</TD>
    <TD>0.4348</TD>
    <TD>25.1696</TD>
    <TD>0.4348</TD>
    <TD>0.39</TD>
  </TR>
  <TR>
    <TD>1606.0</TD>
    <TD>241.3356</TD>
    <TD>54.95341</TD>
    <TD>1764.707</TD>
    <TD>635.93</TD>
    <TD>24.8818</TD>
    <TD>0.2524</TD>
    <TD>23.9916</TD>
    <TD>0.4347</TD>
    <TD>23.9916</TD>
    <TD>0.4347</TD>
    <TD>0.33</TD>
  </TR>
  <TR>
    <TD>1607.0</TD>
    <TD>241.3379</TD>
    <TD>54.98267</TD>
    <TD>1444.282</TD>
    <TD>626.326</TD>
    <TD>25.7486</TD>
    <TD>0.3112</TD>
    <TD>25.2417</TD>
    <TD>0.4768</TD>
    <TD>25.2417</TD>
    <TD>0.4768</TD>
    <TD>0.42</TD>
  </TR>
  <TR>
    <TD>1608.0</TD>
    <TD>241.328</TD>
    <TD>54.93083</TD>
    <TD>2012.338</TD>
    <TD>680.254</TD>
    <TD>19.3447</TD>
    <TD>0.0101</TD>
    <TD>19.3311</TD>
    <TD>0.0117</TD>
    <TD>19.3311</TD>
    <TD>0.0117</TD>
    <TD>0.03</TD>
  </TR>
  <TR>
    <TD>1609.0</TD>
    <TD>241.3378</TD>
    <TD>54.98523</TD>
    <TD>1416.307</TD>
    <TD>627.672</TD>
    <TD>25.898</TD>
    <TD>0.3553</TD>
    <TD>25.1546</TD>
    <TD>0.4939</TD>
    <TD>25.1546</TD>
    <TD>0.4939</TD>
    <TD>0.37</TD>
  </TR>
  <TR>
    <TD>1610.0</TD>
    <TD>241.3404</TD>
    <TD>55.10682</TD>
    <TD>75.662</TD>
    <TD>627.293</TD>
    <TD>25.4631</TD>
    <TD>0.242</TD>
    <TD>25.2601</TD>
    <TD>0.4849</TD>
    <TD>25.2601</TD>
    <TD>0.4849</TD>
    <TD>0.45</TD>
  </TR>
  <TR>
    <TD>1611.0</TD>
    <TD>241.3377</TD>
    <TD>54.98566</TD>
    <TD>1411.612</TD>
    <TD>628.278</TD>
    <TD>25.8038</TD>
    <TD>0.3268</TD>
    <TD>25.0247</TD>
    <TD>0.4109</TD>
    <TD>25.0247</TD>
    <TD>0.4109</TD>
    <TD>0.37</TD>
  </TR>
  <TR>
    <TD>1612.0</TD>
    <TD>241.3401</TD>
    <TD>55.09827</TD>
    <TD>170.644</TD>
    <TD>628.421</TD>
    <TD>25.206</TD>
    <TD>0.2436</TD>
    <TD>24.9157</TD>
    <TD>0.2839</TD>
    <TD>24.9157</TD>
    <TD>0.2839</TD>
    <TD>0.44</TD>
  </TR>
  <TR>
    <TD>1613.0</TD>
    <TD>241.3329</TD>
    <TD>54.95199</TD>
    <TD>1780.622</TD>
    <TD>653.163</TD>
    <TD>21.8099</TD>
    <TD>0.0469</TD>
    <TD>21.6809</TD>
    <TD>0.0742</TD>
    <TD>21.6809</TD>
    <TD>0.0742</TD>
    <TD>0.02</TD>
  </TR>
  <TR>
    <TD>1614.0</TD>
    <TD>241.3329</TD>
    <TD>55.01647</TD>
    <TD>1074.527</TD>
    <TD>662.554</TD>
    <TD>21.6037</TD>
    <TD>0.0406</TD>
    <TD>21.4618</TD>
    <TD>0.0539</TD>
    <TD>21.4618</TD>
    <TD>0.0539</TD>
    <TD>0.01</TD>
  </TR>
  <TR>
    <TD>1615.0</TD>
    <TD>241.3293</TD>
    <TD>55.03039</TD>
    <TD>922.177</TD>
    <TD>687.095</TD>
    <TD>21.8263</TD>
    <TD>0.0494</TD>
    <TD>21.5158</TD>
    <TD>0.0825</TD>
    <TD>21.5158</TD>
    <TD>0.0825</TD>
    <TD>0.0</TD>
  </TR>
  <TR>
    <TD>1616.0</TD>
    <TD>241.3372</TD>
    <TD>54.98597</TD>
    <TD>1408.275</TD>
    <TD>631.375</TD>
    <TD>25.9334</TD>
    <TD>0.3667</TD>
    <TD>24.8357</TD>
    <TD>0.4316</TD>
    <TD>24.8357</TD>
    <TD>0.4316</TD>
    <TD>0.41</TD>
  </TR>
  <TR>
    <TD>1617.0</TD>
    <TD>241.3314</TD>
    <TD>54.93313</TD>
    <TD>1986.75</TD>
    <TD>659.51</TD>
    <TD>22.5295</TD>
    <TD>0.0739</TD>
    <TD>22.1497</TD>
    <TD>0.1172</TD>
    <TD>22.127</TD>
    <TD>0.0751</TD>
    <TD>0.0</TD>
  </TR>
  <TR>
    <TD>1618.0</TD>
    <TD>241.3359</TD>
    <TD>54.9512</TD>
    <TD>1788.744</TD>
    <TD>633.977</TD>
    <TD>25.7192</TD>
    <TD>0.3467</TD>
    <TD>24.5664</TD>
    <TD>0.3755</TD>
    <TD>24.5664</TD>
    <TD>0.3755</TD>
    <TD>0.4</TD>
  </TR>
  <TR>
    <TD>1619.0</TD>
    <TD>241.3387</TD>
    <TD>55.10345</TD>
    <TD>113.373</TD>
    <TD>637.543</TD>
    <TD>25.7358</TD>
    <TD>0.3911</TD>
    <TD>24.768</TD>
    <TD>0.5219</TD>
    <TD>24.768</TD>
    <TD>0.5219</TD>
    <TD>0.42</TD>
  </TR>
  <TR>
    <TD>1620.0</TD>
    <TD>241.3316</TD>
    <TD>55.08132</TD>
    <TD>359.952</TD>
    <TD>679.713</TD>
    <TD>20.3555</TD>
    <TD>0.0199</TD>
    <TD>20.2651</TD>
    <TD>0.0265</TD>
    <TD>20.2651</TD>
    <TD>0.0265</TD>
    <TD>0.02</TD>
  </TR>
  <TR>
    <TD>1621.0</TD>
    <TD>241.3387</TD>
    <TD>55.11007</TD>
    <TD>39.866</TD>
    <TD>638.357</TD>
    <TD>24.4177</TD>
    <TD>0.1816</TD>
    <TD>24.0789</TD>
    <TD>0.3638</TD>
    <TD>24.0789</TD>
    <TD>0.3638</TD>
    <TD>0.38</TD>
  </TR>
  <TR>
    <TD>1622.0</TD>
    <TD>241.3354</TD>
    <TD>55.08692</TD>
    <TD>297.263</TD>
    <TD>656.451</TD>
    <TD>23.7702</TD>
    <TD>0.1438</TD>
    <TD>23.8714</TD>
    <TD>0.3783</TD>
    <TD>23.8714</TD>
    <TD>0.3783</TD>
    <TD>0.35</TD>
  </TR>
  <TR>
    <TD>1623.0</TD>
    <TD>241.3323</TD>
    <TD>55.08703</TD>
    <TD>296.64</TD>
    <TD>675.754</TD>
    <TD>19.484</TD>
    <TD>0.0093</TD>
    <TD>19.4757</TD>
    <TD>0.01</TD>
    <TD>19.4506</TD>
    <TD>0.0095</TD>
    <TD>0.04</TD>
  </TR>
  <TR>
    <TD>1624.0</TD>
    <TD>241.3281</TD>
    <TD>54.95145</TD>
    <TD>1787.365</TD>
    <TD>683.168</TD>
    <TD>19.9765</TD>
    <TD>0.0132</TD>
    <TD>19.9581</TD>
    <TD>0.0149</TD>
    <TD>19.9581</TD>
    <TD>0.0149</TD>
    <TD>0.04</TD>
  </TR>
  <TR>
    <TD>1625.0</TD>
    <TD>241.3352</TD>
    <TD>55.0957</TD>
    <TD>199.98</TD>
    <TD>658.553</TD>
    <TD>22.8012</TD>
    <TD>0.0831</TD>
    <TD>22.3462</TD>
    <TD>0.1584</TD>
    <TD>22.3462</TD>
    <TD>0.1584</TD>
    <TD>0.04</TD>
  </TR>
  <TR>
    <TD>1626.0</TD>
    <TD>241.3282</TD>
    <TD>54.96667</TD>
    <TD>1620.967</TD>
    <TD>684.553</TD>
    <TD>22.3999</TD>
    <TD>0.0677</TD>
    <TD>22.2559</TD>
    <TD>0.0962</TD>
    <TD>22.2559</TD>
    <TD>0.0962</TD>
    <TD>0.0</TD>
  </TR>
  <TR>
    <TD>1627.0</TD>
    <TD>241.3365</TD>
    <TD>55.05728</TD>
    <TD>624.705</TD>
    <TD>645.937</TD>
    <TD>24.0072</TD>
    <TD>0.1562</TD>
    <TD>23.5569</TD>
    <TD>0.189</TD>
    <TD>23.5569</TD>
    <TD>0.189</TD>
    <TD>0.52</TD>
  </TR>
  <TR>
    <TD>1628.0</TD>
    <TD>241.3361</TD>
    <TD>54.99295</TD>
    <TD>1332.0</TD>
    <TD>638.95</TD>
    <TD>25.8217</TD>
    <TD>0.332</TD>
    <TD>24.7846</TD>
    <TD>0.3866</TD>
    <TD>24.7846</TD>
    <TD>0.3866</TD>
    <TD>0.38</TD>
  </TR>
  <TR>
    <TD>1629.0</TD>
    <TD>241.3386</TD>
    <TD>55.11116</TD>
    <TD>27.828</TD>
    <TD>639.188</TD>
    <TD>24.9771</TD>
    <TD>0.2164</TD>
    <TD>24.8856</TD>
    <TD>0.5027</TD>
    <TD>24.8856</TD>
    <TD>0.5027</TD>
    <TD>0.5</TD>
  </TR>
  <TR>
    <TD>1630.0</TD>
    <TD>241.3385</TD>
    <TD>55.09625</TD>
    <TD>193.32</TD>
    <TD>637.694</TD>
    <TD>26.1659</TD>
    <TD>0.4514</TD>
    <TD>25.515</TD>
    <TD>0.3497</TD>
    <TD>25.515</TD>
    <TD>0.3497</TD>
    <TD>0.36</TD>
  </TR>
  <TR>
    <TD>1631.0</TD>
    <TD>241.3348</TD>
    <TD>55.04561</TD>
    <TD>753.647</TD>
    <TD>655.023</TD>
    <TD>22.878</TD>
    <TD>0.0855</TD>
    <TD>22.4497</TD>
    <TD>0.1467</TD>
    <TD>22.4497</TD>
    <TD>0.1467</TD>
    <TD>0.0</TD>
  </TR>
  <TR>
    <TD>1632.0</TD>
    <TD>241.3357</TD>
    <TD>55.07908</TD>
    <TD>383.966</TD>
    <TD>653.695</TD>
    <TD>23.8076</TD>
    <TD>0.137</TD>
    <TD>23.56</TD>
    <TD>0.2169</TD>
    <TD>23.56</TD>
    <TD>0.2169</TD>
    <TD>0.47</TD>
  </TR>
  <TR>
    <TD>1633.0</TD>
    <TD>241.3381</TD>
    <TD>55.1001</TD>
    <TD>150.682</TD>
    <TD>640.673</TD>
    <TD>25.794</TD>
    <TD>0.324</TD>
    <TD>25.715</TD>
    <TD>0.8741</TD>
    <TD>25.715</TD>
    <TD>0.8741</TD>
    <TD>0.46</TD>
  </TR>
  <TR>
    <TD>1634.0</TD>
    <TD>241.3345</TD>
    <TD>54.97671</TD>
    <TD>1510.105</TD>
    <TD>646.584</TD>
    <TD>25.0053</TD>
    <TD>0.2683</TD>
    <TD>24.0185</TD>
    <TD>0.36</TD>
    <TD>24.0185</TD>
    <TD>0.36</TD>
    <TD>0.35</TD>
  </TR>
  <TR>
    <TD>1635.0</TD>
    <TD>241.3341</TD>
    <TD>54.95656</TD>
    <TD>1730.575</TD>
    <TD>646.247</TD>
    <TD>24.7317</TD>
    <TD>0.2207</TD>
    <TD>24.4523</TD>
    <TD>0.2809</TD>
    <TD>24.4523</TD>
    <TD>0.2809</TD>
    <TD>0.49</TD>
  </TR>
  <TR>
    <TD>1636.0</TD>
    <TD>241.3298</TD>
    <TD>55.08686</TD>
    <TD>298.981</TD>
    <TD>691.246</TD>
    <TD>19.6831</TD>
    <TD>0.012</TD>
    <TD>19.6414</TD>
    <TD>0.0142</TD>
    <TD>19.6241</TD>
    <TD>0.0123</TD>
    <TD>0.03</TD>
  </TR>
  <TR>
    <TD>1637.0</TD>
    <TD>241.3309</TD>
    <TD>54.93635</TD>
    <TD>1951.703</TD>
    <TD>663.194</TD>
    <TD>22.5564</TD>
    <TD>0.0723</TD>
    <TD>22.3724</TD>
    <TD>0.1088</TD>
    <TD>22.3724</TD>
    <TD>0.1088</TD>
    <TD>0.01</TD>
  </TR>
  <TR>
    <TD>1638.0</TD>
    <TD>241.3379</TD>
    <TD>55.10885</TD>
    <TD>53.668</TD>
    <TD>643.327</TD>
    <TD>25.5317</TD>
    <TD>0.257</TD>
    <TD>25.4133</TD>
    <TD>0.3192</TD>
    <TD>25.4133</TD>
    <TD>0.3192</TD>
    <TD>0.42</TD>
  </TR>
  <TR>
    <TD>1639.0</TD>
    <TD>241.3353</TD>
    <TD>55.02149</TD>
    <TD>1018.96</TD>
    <TD>648.38</TD>
    <TD>24.1476</TD>
    <TD>0.1374</TD>
    <TD>24.0075</TD>
    <TD>0.1779</TD>
    <TD>24.0075</TD>
    <TD>0.1779</TD>
    <TD>0.64</TD>
  </TR>
  <TR>
    <TD>1640.0</TD>
    <TD>241.3298</TD>
    <TD>55.10495</TD>
    <TD>98.474</TD>
    <TD>693.37</TD>
    <TD>21.3532</TD>
    <TD>0.0337</TD>
    <TD>21.3316</TD>
    <TD>0.0461</TD>
    <TD>21.3316</TD>
    <TD>0.0461</TD>
    <TD>0.01</TD>
  </TR>
  <TR>
    <TD>1641.0</TD>
    <TD>241.333</TD>
    <TD>54.9359</TD>
    <TD>1956.268</TD>
    <TD>649.828</TD>
    <TD>24.826</TD>
    <TD>0.2285</TD>
    <TD>24.0928</TD>
    <TD>0.3406</TD>
    <TD>24.0928</TD>
    <TD>0.3406</TD>
    <TD>0.36</TD>
  </TR>
  <TR>
    <TD>1642.0</TD>
    <TD>241.3312</TD>
    <TD>55.04049</TD>
    <TD>810.658</TD>
    <TD>676.713</TD>
    <TD>21.4511</TD>
    <TD>0.0386</TD>
    <TD>21.2443</TD>
    <TD>0.0648</TD>
    <TD>21.2443</TD>
    <TD>0.0648</TD>
    <TD>0.0</TD>
  </TR>
  <TR>
    <TD>1643.0</TD>
    <TD>241.338</TD>
    <TD>55.11161</TD>
    <TD>22.969</TD>
    <TD>643.0</TD>
    <TD>25.6973</TD>
    <TD>0.2974</TD>
    <TD>24.5711</TD>
    <TD>0.2844</TD>
    <TD>24.5711</TD>
    <TD>0.2844</TD>
    <TD>0.39</TD>
  </TR>
  <TR>
    <TD>1644.0</TD>
    <TD>241.3316</TD>
    <TD>54.93428</TD>
    <TD>1974.154</TD>
    <TD>658.469</TD>
    <TD>23.3355</TD>
    <TD>0.1111</TD>
    <TD>23.089</TD>
    <TD>0.2134</TD>
    <TD>23.089</TD>
    <TD>0.2134</TD>
    <TD>0.0</TD>
  </TR>
  <TR>
    <TD>1645.0</TD>
    <TD>241.336</TD>
    <TD>55.07362</TD>
    <TD>444.364</TD>
    <TD>651.221</TD>
    <TD>23.9553</TD>
    <TD>0.1698</TD>
    <TD>23.622</TD>
    <TD>0.2869</TD>
    <TD>23.622</TD>
    <TD>0.2869</TD>
    <TD>0.35</TD>
  </TR>
  <TR>
    <TD>1646.0</TD>
    <TD>241.3331</TD>
    <TD>55.0825</TD>
    <TD>346.682</TD>
    <TD>670.316</TD>
    <TD>22.2174</TD>
    <TD>0.0552</TD>
    <TD>22.1344</TD>
    <TD>0.1026</TD>
    <TD>22.1344</TD>
    <TD>0.1026</TD>
    <TD>0.03</TD>
  </TR>
  <TR>
    <TD>1647.0</TD>
    <TD>241.333</TD>
    <TD>55.07739</TD>
    <TD>403.169</TD>
    <TD>670.279</TD>
    <TD>22.1893</TD>
    <TD>0.0551</TD>
    <TD>22.1206</TD>
    <TD>0.0855</TD>
    <TD>22.1206</TD>
    <TD>0.0855</TD>
    <TD>0.01</TD>
  </TR>
  <TR>
    <TD>1648.0</TD>
    <TD>241.3337</TD>
    <TD>55.0705</TD>
    <TD>479.195</TD>
    <TD>665.194</TD>
    <TD>23.6147</TD>
    <TD>0.1204</TD>
    <TD>23.089</TD>
    <TD>0.1482</TD>
    <TD>23.231</TD>
    <TD>0.1229</TD>
    <TD>0.65</TD>
  </TR>
  <TR>
    <TD>1649.0</TD>
    <TD>241.33</TD>
    <TD>54.93319</TD>
    <TD>1986.266</TD>
    <TD>668.194</TD>
    <TD>23.1206</TD>
    <TD>0.1016</TD>
    <TD>22.4977</TD>
    <TD>0.1568</TD>
    <TD>22.6261</TD>
    <TD>0.1008</TD>
    <TD>0.01</TD>
  </TR>
  <TR>
    <TD>1650.0</TD>
    <TD>241.3353</TD>
    <TD>55.05834</TD>
    <TD>613.187</TD>
    <TD>653.672</TD>
    <TD>25.1265</TD>
    <TD>0.2656</TD>
    <TD>24.4884</TD>
    <TD>0.6621</TD>
    <TD>24.4884</TD>
    <TD>0.6621</TD>
    <TD>0.37</TD>
  </TR>
  <TR>
    <TD>1651.0</TD>
    <TD>241.334</TD>
    <TD>55.01141</TD>
    <TD>1129.924</TD>
    <TD>655.074</TD>
    <TD>24.8632</TD>
    <TD>0.2362</TD>
    <TD>24.4533</TD>
    <TD>0.3178</TD>
    <TD>24.4533</TD>
    <TD>0.3178</TD>
    <TD>0.47</TD>
  </TR>
  <TR>
    <TD>1652.0</TD>
    <TD>241.3355</TD>
    <TD>55.10212</TD>
    <TD>128.812</TD>
    <TD>657.281</TD>
    <TD>24.3639</TD>
    <TD>0.1861</TD>
    <TD>23.3746</TD>
    <TD>0.2478</TD>
    <TD>23.3746</TD>
    <TD>0.2478</TD>
    <TD>0.51</TD>
  </TR>
  <TR>
    <TD>1653.0</TD>
    <TD>241.3339</TD>
    <TD>55.01347</TD>
    <TD>1107.268</TD>
    <TD>655.877</TD>
    <TD>25.1958</TD>
    <TD>0.2826</TD>
    <TD>24.5975</TD>
    <TD>0.2656</TD>
    <TD>24.5975</TD>
    <TD>0.2656</TD>
    <TD>0.43</TD>
  </TR>
  <TR>
    <TD>1654.0</TD>
    <TD>241.3325</TD>
    <TD>54.93709</TD>
    <TD>1943.326</TD>
    <TD>653.292</TD>
    <TD>26.1055</TD>
    <TD>0.4277</TD>
    <TD>25.0585</TD>
    <TD>0.5048</TD>
    <TD>25.0585</TD>
    <TD>0.5048</TD>
    <TD>0.36</TD>
  </TR>
  <TR>
    <TD>1655.0</TD>
    <TD>241.3333</TD>
    <TD>55.01911</TD>
    <TD>1045.476</TD>
    <TD>660.49</TD>
    <TD>24.6552</TD>
    <TD>0.2156</TD>
    <TD>23.7412</TD>
    <TD>0.2529</TD>
    <TD>23.7412</TD>
    <TD>0.2529</TD>
    <TD>0.37</TD>
  </TR>
  <TR>
    <TD>1656.0</TD>
    <TD>241.3321</TD>
    <TD>54.94876</TD>
    <TD>1816.05</TD>
    <TD>657.682</TD>
    <TD>25.9051</TD>
    <TD>0.3576</TD>
    <TD>24.9824</TD>
    <TD>0.4471</TD>
    <TD>24.9824</TD>
    <TD>0.4471</TD>
    <TD>0.36</TD>
  </TR>
  <TR>
    <TD>1657.0</TD>
    <TD>241.3349</TD>
    <TD>55.07264</TD>
    <TD>455.341</TD>
    <TD>657.703</TD>
    <TD>25.9335</TD>
    <TD>0.3668</TD>
    <TD>25.0104</TD>
    <TD>0.3092</TD>
    <TD>25.0104</TD>
    <TD>0.3092</TD>
    <TD>0.36</TD>
  </TR>
  <TR>
    <TD>1658.0</TD>
    <TD>241.3307</TD>
    <TD>55.06535</TD>
    <TD>536.62</TD>
    <TD>682.897</TD>
    <TD>21.963</TD>
    <TD>0.0485</TD>
    <TD>21.8365</TD>
    <TD>0.0622</TD>
    <TD>21.8365</TD>
    <TD>0.0622</TD>
    <TD>0.04</TD>
  </TR>
  <TR>
    <TD>1659.0</TD>
    <TD>241.3258</TD>
    <TD>54.95792</TD>
    <TD>1717.017</TD>
    <TD>698.541</TD>
    <TD>20.9186</TD>
    <TD>0.0273</TD>
    <TD>20.8535</TD>
    <TD>0.036</TD>
    <TD>20.8535</TD>
    <TD>0.036</TD>
    <TD>0.01</TD>
  </TR>
  <TR>
    <TD>1660.0</TD>
    <TD>241.3316</TD>
    <TD>54.97871</TD>
    <TD>1488.767</TD>
    <TD>665.273</TD>
    <TD>24.851</TD>
    <TD>0.2456</TD>
    <TD>23.2381</TD>
    <TD>0.2771</TD>
    <TD>23.2381</TD>
    <TD>0.2771</TD>
    <TD>0.32</TD>
  </TR>
  <TR>
    <TD>1661.0</TD>
    <TD>241.3346</TD>
    <TD>55.11229</TD>
    <TD>16.072</TD>
    <TD>664.288</TD>
    <TD>23.7145</TD>
    <TD>0.0942</TD>
    <TD>23.6362</TD>
    <TD>0.1252</TD>
    <TD>23.6362</TD>
    <TD>0.1252</TD>
    <TD>0.64</TD>
  </TR>
  <TR>
    <TD>1662.0</TD>
    <TD>241.3345</TD>
    <TD>55.11335</TD>
    <TD>4.342</TD>
    <TD>665.307</TD>
    <TD>24.7607</TD>
    <TD>0.2265</TD>
    <TD>24.3184</TD>
    <TD>0.3784</TD>
    <TD>24.3184</TD>
    <TD>0.3784</TD>
    <TD>0.35</TD>
  </TR>
  <TR>
    <TD>1663.0</TD>
    <TD>241.325</TD>
    <TD>55.05167</TD>
    <TD>688.583</TD>
    <TD>717.512</TD>
    <TD>18.9818</TD>
    <TD>0.0085</TD>
    <TD>18.9592</TD>
    <TD>0.0098</TD>
    <TD>18.9592</TD>
    <TD>0.0098</TD>
    <TD>0.03</TD>
  </TR>
  <TR>
    <TD>1664.0</TD>
    <TD>241.3279</TD>
    <TD>54.93268</TD>
    <TD>1992.222</TD>
    <TD>681.262</TD>
    <TD>22.3149</TD>
    <TD>0.0649</TD>
    <TD>21.863</TD>
    <TD>0.0997</TD>
    <TD>21.863</TD>
    <TD>0.0997</TD>
    <TD>0.0</TD>
  </TR>
  <TR>
    <TD>1665.0</TD>
    <TD>241.3333</TD>
    <TD>55.03994</TD>
    <TD>816.317</TD>
    <TD>663.31</TD>
    <TD>25.5792</TD>
    <TD>0.268</TD>
    <TD>25.3419</TD>
    <TD>0.7908</TD>
    <TD>25.3419</TD>
    <TD>0.7908</TD>
    <TD>0.38</TD>
  </TR>
  <TR>
    <TD>1666.0</TD>
    <TD>241.3314</TD>
    <TD>54.95903</TD>
    <TD>1703.982</TD>
    <TD>663.652</TD>
    <TD>26.094</TD>
    <TD>0.4233</TD>
    <TD>25.0096</TD>
    <TD>0.4584</TD>
    <TD>25.0096</TD>
    <TD>0.4584</TD>
    <TD>0.35</TD>
  </TR>
  <TR>
    <TD>1667.0</TD>
    <TD>241.329</TD>
    <TD>55.01454</TD>
    <TD>1096.46</TD>
    <TD>686.913</TD>
    <TD>22.1528</TD>
    <TD>0.0562</TD>
    <TD>21.8205</TD>
    <TD>0.0845</TD>
    <TD>21.8205</TD>
    <TD>0.0845</TD>
    <TD>0.0</TD>
  </TR>
  <TR>
    <TD>1668.0</TD>
    <TD>241.3323</TD>
    <TD>55.04868</TD>
    <TD>720.31</TD>
    <TD>670.835</TD>
    <TD>24.1804</TD>
    <TD>0.1682</TD>
    <TD>24.0215</TD>
    <TD>0.2753</TD>
    <TD>24.0215</TD>
    <TD>0.2753</TD>
    <TD>0.54</TD>
  </TR>
  <TR>
    <TD>1669.0</TD>
    <TD>241.3328</TD>
    <TD>55.07053</TD>
    <TD>479.081</TD>
    <TD>670.838</TD>
    <TD>24.6598</TD>
    <TD>0.207</TD>
    <TD>24.4719</TD>
    <TD>0.3005</TD>
    <TD>24.1581</TD>
    <TD>0.2049</TD>
    <TD>0.36</TD>
  </TR>
  <TR>
    <TD>1670.0</TD>
    <TD>241.3337</TD>
    <TD>55.10593</TD>
    <TD>86.858</TD>
    <TD>669.267</TD>
    <TD>24.7524</TD>
    <TD>0.2026</TD>
    <TD>24.0946</TD>
    <TD>0.3493</TD>
    <TD>24.0946</TD>
    <TD>0.3493</TD>
    <TD>0.46</TD>
  </TR>
  <TR>
    <TD>1671.0</TD>
    <TD>241.332</TD>
    <TD>55.00417</TD>
    <TD>1209.657</TD>
    <TD>666.669</TD>
    <TD>26.0212</TD>
    <TD>0.3966</TD>
    <TD>25.2381</TD>
    <TD>0.595</TD>
    <TD>25.2381</TD>
    <TD>0.595</TD>
    <TD>0.36</TD>
  </TR>
  <TR>
    <TD>1672.0</TD>
    <TD>241.3334</TD>
    <TD>55.07252</TD>
    <TD>457.004</TD>
    <TD>667.219</TD>
    <TD>25.8098</TD>
    <TD>0.3759</TD>
    <TD>24.9312</TD>
    <TD>0.2991</TD>
    <TD>24.9312</TD>
    <TD>0.2991</TD>
    <TD>0.42</TD>
  </TR>
  <TR>
    <TD>1673.0</TD>
    <TD>241.3339</TD>
    <TD>55.10201</TD>
    <TD>130.349</TD>
    <TD>667.674</TD>
    <TD>25.8154</TD>
    <TD>0.3302</TD>
    <TD>25.4744</TD>
    <TD>0.3372</TD>
    <TD>25.4744</TD>
    <TD>0.3372</TD>
    <TD>0.35</TD>
  </TR>
  <TR>
    <TD>1674.0</TD>
    <TD>241.3336</TD>
    <TD>55.09986</TD>
    <TD>154.243</TD>
    <TD>669.19</TD>
    <TD>25.2504</TD>
    <TD>0.2534</TD>
    <TD>24.6203</TD>
    <TD>0.4263</TD>
    <TD>24.6203</TD>
    <TD>0.4263</TD>
    <TD>0.44</TD>
  </TR>
  <TR>
    <TD>1675.0</TD>
    <TD>241.3329</TD>
    <TD>55.06579</TD>
    <TD>531.362</TD>
    <TD>669.651</TD>
    <TD>25.5211</TD>
    <TD>0.2546</TD>
    <TD>25.2238</TD>
    <TD>0.4691</TD>
    <TD>25.2238</TD>
    <TD>0.4691</TD>
    <TD>0.47</TD>
  </TR>
  <TR>
    <TD>1676.0</TD>
    <TD>241.332</TD>
    <TD>55.04975</TD>
    <TD>708.474</TD>
    <TD>672.951</TD>
    <TD>25.3349</TD>
    <TD>0.2464</TD>
    <TD>24.8518</TD>
    <TD>0.268</TD>
    <TD>24.8518</TD>
    <TD>0.268</TD>
    <TD>0.42</TD>
  </TR>
  <TR>
    <TD>1677.0</TD>
    <TD>241.3295</TD>
    <TD>54.95812</TD>
    <TD>1714.201</TD>
    <TD>675.063</TD>
    <TD>25.367</TD>
    <TD>0.2535</TD>
    <TD>25.0498</TD>
    <TD>0.3073</TD>
    <TD>25.0498</TD>
    <TD>0.3073</TD>
    <TD>0.6</TD>
  </TR>
  <TR>
    <TD>1678.0</TD>
    <TD>241.3312</TD>
    <TD>55.02844</TD>
    <TD>943.274</TD>
    <TD>675.298</TD>
    <TD>24.1685</TD>
    <TD>0.1712</TD>
    <TD>23.068</TD>
    <TD>0.1994</TD>
    <TD>23.068</TD>
    <TD>0.1994</TD>
    <TD>0.48</TD>
  </TR>
  <TR>
    <TD>1679.0</TD>
    <TD>241.3315</TD>
    <TD>55.06129</TD>
    <TD>581.331</TD>
    <TD>677.373</TD>
    <TD>23.2876</TD>
    <TD>0.0702</TD>
    <TD>23.2836</TD>
    <TD>0.0967</TD>
    <TD>23.2836</TD>
    <TD>0.0967</TD>
    <TD>0.72</TD>
  </TR>
  <TR>
    <TD>1680.0</TD>
    <TD>241.3287</TD>
    <TD>54.96272</TD>
    <TD>1664.054</TD>
    <TD>680.976</TD>
    <TD>23.6955</TD>
    <TD>0.132</TD>
    <TD>22.9847</TD>
    <TD>0.2046</TD>
    <TD>22.9847</TD>
    <TD>0.2046</TD>
    <TD>0.67</TD>
  </TR>
  <TR>
    <TD>1681.0</TD>
    <TD>241.327</TD>
    <TD>54.94182</TD>
    <TD>1892.571</TD>
    <TD>688.645</TD>
    <TD>23.099</TD>
    <TD>0.0938</TD>
    <TD>22.6971</TD>
    <TD>0.1663</TD>
    <TD>22.6971</TD>
    <TD>0.1663</TD>
    <TD>0.07</TD>
  </TR>
  <TR>
    <TD>1682.0</TD>
    <TD>241.3149</TD>
    <TD>54.96686</TD>
    <TD>1621.152</TD>
    <TD>768.511</TD>
    <TD>18.3568</TD>
    <TD>0.0064</TD>
    <TD>18.3284</TD>
    <TD>0.0075</TD>
    <TD>18.3284</TD>
    <TD>0.0075</TD>
    <TD>0.03</TD>
  </TR>
  <TR>
    <TD>1683.0</TD>
    <TD>241.3289</TD>
    <TD>55.08237</TD>
    <TD>348.834</TD>
    <TD>696.838</TD>
    <TD>22.1621</TD>
    <TD>0.0577</TD>
    <TD>21.9401</TD>
    <TD>0.0843</TD>
    <TD>21.9401</TD>
    <TD>0.0843</TD>
    <TD>0.0</TD>
  </TR>
  <TR>
    <TD>1684.0</TD>
    <TD>241.3314</TD>
    <TD>55.07366</TD>
    <TD>444.7</TD>
    <TD>679.723</TD>
    <TD>25.0302</TD>
    <TD>0.2437</TD>
    <TD>24.62</TD>
    <TD>0.291</TD>
    <TD>24.62</TD>
    <TD>0.291</TD>
    <TD>0.36</TD>
  </TR>
  <TR>
    <TD>1685.0</TD>
    <TD>241.33</TD>
    <TD>54.97949</TD>
    <TD>1480.479</TD>
    <TD>675.546</TD>
    <TD>25.4167</TD>
    <TD>0.2649</TD>
    <TD>25.045</TD>
    <TD>0.319</TD>
    <TD>25.045</TD>
    <TD>0.319</TD>
    <TD>0.4</TD>
  </TR>
  <TR>
    <TD>1686.0</TD>
    <TD>241.3291</TD>
    <TD>54.95909</TD>
    <TD>1703.75</TD>
    <TD>677.988</TD>
    <TD>25.2031</TD>
    <TD>0.2844</TD>
    <TD>24.821</TD>
    <TD>0.4565</TD>
    <TD>24.821</TD>
    <TD>0.4565</TD>
    <TD>0.43</TD>
  </TR>
  <TR>
    <TD>1687.0</TD>
    <TD>241.3289</TD>
    <TD>54.99223</TD>
    <TD>1341.195</TD>
    <TD>684.449</TD>
    <TD>24.5395</TD>
    <TD>0.1944</TD>
    <TD>23.6792</TD>
    <TD>0.2563</TD>
    <TD>23.6792</TD>
    <TD>0.2563</TD>
    <TD>0.41</TD>
  </TR>
  <TR>
    <TD>1688.0</TD>
    <TD>241.3297</TD>
    <TD>55.05616</TD>
    <TD>638.258</TD>
    <TD>688.393</TD>
    <TD>23.8657</TD>
    <TD>0.141</TD>
    <TD>23.5266</TD>
    <TD>0.2056</TD>
    <TD>23.5266</TD>
    <TD>0.2056</TD>
    <TD>0.64</TD>
  </TR>
  <TR>
    <TD>1689.0</TD>
    <TD>241.3313</TD>
    <TD>55.07932</TD>
    <TD>382.148</TD>
    <TD>681.193</TD>
    <TD>24.6128</TD>
    <TD>0.1571</TD>
    <TD>24.6854</TD>
    <TD>0.2483</TD>
    <TD>24.6854</TD>
    <TD>0.2483</TD>
    <TD>0.71</TD>
  </TR>
  <TR>
    <TD>1690.0</TD>
    <TD>241.3269</TD>
    <TD>54.95744</TD>
    <TD>1722.118</TD>
    <TD>691.704</TD>
    <TD>22.8021</TD>
    <TD>0.0534</TD>
    <TD>22.8153</TD>
    <TD>0.0792</TD>
    <TD>22.73</TD>
    <TD>0.0547</TD>
    <TD>0.75</TD>
  </TR>
  <TR>
    <TD>1691.0</TD>
    <TD>241.3148</TD>
    <TD>54.92962</TD>
    <TD>2027.603</TD>
    <TD>762.989</TD>
    <TD>23.0473</TD>
    <TD>0.094</TD>
    <TD>22.5866</TD>
    <TD>0.1564</TD>
    <TD>22.5866</TD>
    <TD>0.1564</TD>
    <TD>0.13</TD>
  </TR>
  <TR>
    <TD>1692.0</TD>
    <TD>241.3154</TD>
    <TD>54.98</TD>
    <TD>1477.347</TD>
    <TD>767.268</TD>
    <TD>19.1746</TD>
    <TD>0.0124</TD>
    <TD>19.1098</TD>
    <TD>0.0161</TD>
    <TD>19.1098</TD>
    <TD>0.0161</TD>
    <TD>0.0</TD>
  </TR>
  <TR>
    <TD>1693.0</TD>
    <TD>241.3274</TD>
    <TD>55.00028</TD>
    <TD>1253.112</TD>
    <TD>695.173</TD>
    <TD>23.0409</TD>
    <TD>0.0924</TD>
    <TD>22.8605</TD>
    <TD>0.1247</TD>
    <TD>22.8605</TD>
    <TD>0.1247</TD>
    <TD>0.0</TD>
  </TR>
  <TR>
    <TD>1694.0</TD>
    <TD>241.326</TD>
    <TD>55.06007</TD>
    <TD>595.811</TD>
    <TD>712.317</TD>
    <TD>20.3728</TD>
    <TD>0.0164</TD>
    <TD>20.3719</TD>
    <TD>0.0193</TD>
    <TD>20.3719</TD>
    <TD>0.0193</TD>
    <TD>0.04</TD>
  </TR>
  <TR>
    <TD>1695.0</TD>
    <TD>241.3186</TD>
    <TD>55.07571</TD>
    <TD>424.447</TD>
    <TD>760.384</TD>
    <TD>20.7349</TD>
    <TD>0.0269</TD>
    <TD>20.7109</TD>
    <TD>0.0372</TD>
    <TD>20.7109</TD>
    <TD>0.0372</TD>
    <TD>0.0</TD>
  </TR>
  <TR>
    <TD>1696.0</TD>
    <TD>241.3315</TD>
    <TD>55.09198</TD>
    <TD>241.975</TD>
    <TD>681.675</TD>
    <TD>25.4735</TD>
    <TD>0.2442</TD>
    <TD>25.4585</TD>
    <TD>0.3324</TD>
    <TD>25.4585</TD>
    <TD>0.3324</TD>
    <TD>0.41</TD>
  </TR>
  <TR>
    <TD>1697.0</TD>
    <TD>241.3274</TD>
    <TD>55.08448</TD>
    <TD>325.778</TD>
    <TD>706.328</TD>
    <TD>22.2255</TD>
    <TD>0.0622</TD>
    <TD>22.0201</TD>
    <TD>0.0877</TD>
    <TD>22.0201</TD>
    <TD>0.0877</TD>
    <TD>0.01</TD>
  </TR>
  <TR>
    <TD>1698.0</TD>
    <TD>241.3298</TD>
    <TD>55.06143</TD>
    <TD>580.076</TD>
    <TD>688.534</TD>
    <TD>23.7893</TD>
    <TD>0.1044</TD>
    <TD>23.8301</TD>
    <TD>0.1546</TD>
    <TD>23.8301</TD>
    <TD>0.1546</TD>
    <TD>0.65</TD>
  </TR>
  <TR>
    <TD>1699.0</TD>
    <TD>241.3308</TD>
    <TD>55.09779</TD>
    <TD>177.712</TD>
    <TD>686.327</TD>
    <TD>25.5377</TD>
    <TD>0.2583</TD>
    <TD>25.4179</TD>
    <TD>0.3205</TD>
    <TD>25.4179</TD>
    <TD>0.3205</TD>
    <TD>0.47</TD>
  </TR>
  <TR>
    <TD>1700.0</TD>
    <TD>241.3308</TD>
    <TD>55.09492</TD>
    <TD>209.503</TD>
    <TD>686.515</TD>
    <TD>25.5819</TD>
    <TD>0.3067</TD>
    <TD>24.8559</TD>
    <TD>0.3911</TD>
    <TD>24.8559</TD>
    <TD>0.3911</TD>
    <TD>0.38</TD>
  </TR>
  <TR>
    <TD>1701.0</TD>
    <TD>241.3292</TD>
    <TD>55.0475</TD>
    <TD>733.803</TD>
    <TD>690.233</TD>
    <TD>25.1152</TD>
    <TD>0.2446</TD>
    <TD>24.5582</TD>
    <TD>0.4569</TD>
    <TD>24.5582</TD>
    <TD>0.4569</TD>
    <TD>0.35</TD>
  </TR>
  <TR>
    <TD>1702.0</TD>
    <TD>241.3257</TD>
    <TD>54.99691</TD>
    <TD>1290.404</TD>
    <TD>704.849</TD>
    <TD>22.8261</TD>
    <TD>0.0841</TD>
    <TD>22.5601</TD>
    <TD>0.1186</TD>
    <TD>22.5601</TD>
    <TD>0.1186</TD>
    <TD>0.0</TD>
  </TR>
  <TR>
    <TD>1703.0</TD>
    <TD>241.3246</TD>
    <TD>55.07574</TD>
    <TD>422.987</TD>
    <TD>722.851</TD>
    <TD>22.7968</TD>
    <TD>0.0843</TD>
    <TD>22.5433</TD>
    <TD>0.1136</TD>
    <TD>22.5433</TD>
    <TD>0.1136</TD>
    <TD>0.02</TD>
  </TR>
  <TR>
    <TD>1704.0</TD>
    <TD>241.3218</TD>
    <TD>55.07123</TD>
    <TD>473.332</TD>
    <TD>739.637</TD>
    <TD>22.7507</TD>
    <TD>0.0859</TD>
    <TD>22.4994</TD>
    <TD>0.1762</TD>
    <TD>22.4994</TD>
    <TD>0.1762</TD>
    <TD>0.0</TD>
  </TR>
  <TR>
    <TD>1705.0</TD>
    <TD>241.3293</TD>
    <TD>55.10987</TD>
    <TD>43.935</TD>
    <TD>697.694</TD>
    <TD>23.9356</TD>
    <TD>0.1465</TD>
    <TD>23.8531</TD>
    <TD>0.2474</TD>
    <TD>23.8531</TD>
    <TD>0.2474</TD>
    <TD>0.48</TD>
  </TR>
  <TR>
    <TD>1706.0</TD>
    <TD>241.3229</TD>
    <TD>54.95523</TD>
    <TD>1746.888</TD>
    <TD>716.13</TD>
    <TD>22.0258</TD>
    <TD>0.0576</TD>
    <TD>21.5787</TD>
    <TD>0.1</TD>
    <TD>21.5787</TD>
    <TD>0.1</TD>
    <TD>0.0</TD>
  </TR>
  <TR>
    <TD>1707.0</TD>
    <TD>241.3172</TD>
    <TD>55.00622</TD>
    <TD>1189.732</TD>
    <TD>760.066</TD>
    <TD>18.5612</TD>
    <TD>0.0061</TD>
    <TD>18.5597</TD>
    <TD>0.0065</TD>
    <TD>18.5597</TD>
    <TD>0.0065</TD>
    <TD>0.03</TD>
  </TR>
  <TR>
    <TD>1708.0</TD>
    <TD>241.3226</TD>
    <TD>54.94314</TD>
    <TD>1878.889</TD>
    <TD>716.21</TD>
    <TD>22.3809</TD>
    <TD>0.0657</TD>
    <TD>22.0269</TD>
    <TD>0.1075</TD>
    <TD>22.0269</TD>
    <TD>0.1075</TD>
    <TD>0.05</TD>
  </TR>
  <TR>
    <TD>1709.0</TD>
    <TD>241.3255</TD>
    <TD>54.97805</TD>
    <TD>1496.987</TD>
    <TD>703.815</TD>
    <TD>23.7254</TD>
    <TD>0.1355</TD>
    <TD>23.244</TD>
    <TD>0.1707</TD>
    <TD>23.244</TD>
    <TD>0.1707</TD>
    <TD>0.62</TD>
  </TR>
  <TR>
    <TD>1710.0</TD>
    <TD>241.3296</TD>
    <TD>55.09483</TD>
    <TD>210.701</TD>
    <TD>693.614</TD>
    <TD>25.7704</TD>
    <TD>0.3173</TD>
    <TD>25.4094</TD>
    <TD>0.3181</TD>
    <TD>25.4094</TD>
    <TD>0.3181</TD>
    <TD>0.37</TD>
  </TR>
  <TR>
    <TD>1711.0</TD>
    <TD>241.3241</TD>
    <TD>55.10433</TD>
    <TD>106.454</TD>
    <TD>729.282</TD>
    <TD>19.9464</TD>
    <TD>0.0136</TD>
    <TD>19.9536</TD>
    <TD>0.0163</TD>
    <TD>19.9536</TD>
    <TD>0.0163</TD>
    <TD>0.04</TD>
  </TR>
  <TR>
    <TD>1712.0</TD>
    <TD>241.3295</TD>
    <TD>55.09837</TD>
    <TD>171.465</TD>
    <TD>694.501</TD>
    <TD>25.5705</TD>
    <TD>0.3036</TD>
    <TD>25.1552</TD>
    <TD>0.5693</TD>
    <TD>25.1552</TD>
    <TD>0.5693</TD>
    <TD>0.36</TD>
  </TR>
  <TR>
    <TD>1713.0</TD>
    <TD>241.3241</TD>
    <TD>54.9449</TD>
    <TD>1859.424</TD>
    <TD>706.974</TD>
    <TD>23.4337</TD>
    <TD>0.1178</TD>
    <TD>22.9228</TD>
    <TD>0.1886</TD>
    <TD>22.9228</TD>
    <TD>0.1886</TD>
    <TD>0.04</TD>
  </TR>
  <TR>
    <TD>1714.0</TD>
    <TD>241.3201</TD>
    <TD>54.95419</TD>
    <TD>1758.703</TD>
    <TD>733.878</TD>
    <TD>21.6797</TD>
    <TD>0.0477</TD>
    <TD>21.4335</TD>
    <TD>0.0693</TD>
    <TD>21.4335</TD>
    <TD>0.0693</TD>
    <TD>0.01</TD>
  </TR>
  <TR>
    <TD>1715.0</TD>
    <TD>241.3292</TD>
    <TD>55.10664</TD>
    <TD>79.789</TD>
    <TD>697.767</TD>
    <TD>25.6861</TD>
    <TD>0.3366</TD>
    <TD>24.6632</TD>
    <TD>0.2889</TD>
    <TD>24.6632</TD>
    <TD>0.2889</TD>
    <TD>0.37</TD>
  </TR>
  <TR>
    <TD>1716.0</TD>
    <TD>241.3262</TD>
    <TD>55.01911</TD>
    <TD>1046.667</TD>
    <TD>705.108</TD>
    <TD>24.7428</TD>
    <TD>0.2229</TD>
    <TD>24.606</TD>
    <TD>0.4031</TD>
    <TD>24.606</TD>
    <TD>0.4031</TD>
    <TD>0.27</TD>
  </TR>
  <TR>
    <TD>1717.0</TD>
    <TD>241.3288</TD>
    <TD>55.0854</TD>
    <TD>315.305</TD>
    <TD>697.318</TD>
    <TD>25.836</TD>
    <TD>0.3363</TD>
    <TD>25.2529</TD>
    <TD>0.5725</TD>
    <TD>25.2529</TD>
    <TD>0.5725</TD>
    <TD>0.39</TD>
  </TR>
  <TR>
    <TD>1718.0</TD>
    <TD>241.3238</TD>
    <TD>54.93694</TD>
    <TD>1946.385</TD>
    <TD>707.632</TD>
    <TD>23.3783</TD>
    <TD>0.0875</TD>
    <TD>23.7781</TD>
    <TD>0.1897</TD>
    <TD>23.7781</TD>
    <TD>0.1897</TD>
    <TD>0.56</TD>
  </TR>
  <TR>
    <TD>1719.0</TD>
    <TD>241.3288</TD>
    <TD>55.11172</TD>
    <TD>23.452</TD>
    <TD>700.931</TD>
    <TD>25.6008</TD>
    <TD>0.3119</TD>
    <TD>24.988</TD>
    <TD>0.303</TD>
    <TD>24.988</TD>
    <TD>0.303</TD>
    <TD>0.48</TD>
  </TR>
  <TR>
    <TD>1720.0</TD>
    <TD>241.3241</TD>
    <TD>54.97243</TD>
    <TD>1558.701</TD>
    <TD>711.327</TD>
    <TD>23.3342</TD>
    <TD>0.1062</TD>
    <TD>22.8415</TD>
    <TD>0.1559</TD>
    <TD>22.8415</TD>
    <TD>0.1559</TD>
    <TD>0.18</TD>
  </TR>
  <TR>
    <TD>1721.0</TD>
    <TD>241.3272</TD>
    <TD>55.0204</TD>
    <TD>1032.353</TD>
    <TD>699.286</TD>
    <TD>25.8331</TD>
    <TD>0.3354</TD>
    <TD>24.5535</TD>
    <TD>0.3133</TD>
    <TD>24.5535</TD>
    <TD>0.3133</TD>
    <TD>0.38</TD>
  </TR>
  <TR>
    <TD>1722.0</TD>
    <TD>241.3254</TD>
    <TD>54.96456</TD>
    <TD>1644.522</TD>
    <TD>701.996</TD>
    <TD>25.3951</TD>
    <TD>0.314</TD>
    <TD>24.2221</TD>
    <TD>0.4016</TD>
    <TD>24.2221</TD>
    <TD>0.4016</TD>
    <TD>0.36</TD>
  </TR>
  <TR>
    <TD>1723.0</TD>
    <TD>241.3281</TD>
    <TD>55.11367</TD>
    <TD>1.932</TD>
    <TD>705.089</TD>
    <TD>24.6939</TD>
    <TD>0.2134</TD>
    <TD>24.1708</TD>
    <TD>0.198</TD>
    <TD>24.1708</TD>
    <TD>0.198</TD>
    <TD>0.48</TD>
  </TR>
  <TR>
    <TD>1724.0</TD>
    <TD>241.3289</TD>
    <TD>55.11277</TD>
    <TD>11.787</TD>
    <TD>700.379</TD>
    <TD>25.3055</TD>
    <TD>0.2661</TD>
    <TD>24.7603</TD>
    <TD>0.4429</TD>
    <TD>24.7603</TD>
    <TD>0.4429</TD>
    <TD>0.37</TD>
  </TR>
  <TR>
    <TD>1725.0</TD>
    <TD>241.3216</TD>
    <TD>55.08778</TD>
    <TD>290.345</TD>
    <TD>743.469</TD>
    <TD>19.9689</TD>
    <TD>0.0139</TD>
    <TD>19.9213</TD>
    <TD>0.0162</TD>
    <TD>19.9213</TD>
    <TD>0.0162</TD>
    <TD>0.03</TD>
  </TR>
  <TR>
    <TD>1726.0</TD>
    <TD>241.3249</TD>
    <TD>55.02159</TD>
    <TD>1019.716</TD>
    <TD>713.415</TD>
    <TD>23.8021</TD>
    <TD>0.1451</TD>
    <TD>23.0315</TD>
    <TD>0.2253</TD>
    <TD>23.0315</TD>
    <TD>0.2253</TD>
    <TD>0.03</TD>
  </TR>
  <TR>
    <TD>1727.0</TD>
    <TD>241.3204</TD>
    <TD>55.01451</TD>
    <TD>1098.209</TD>
    <TD>741.237</TD>
    <TD>19.4247</TD>
    <TD>0.0089</TD>
    <TD>19.4163</TD>
    <TD>0.0095</TD>
    <TD>19.4163</TD>
    <TD>0.0095</TD>
    <TD>0.04</TD>
  </TR>
  <TR>
    <TD>1728.0</TD>
    <TD>241.3241</TD>
    <TD>54.94637</TD>
    <TD>1843.422</TD>
    <TD>707.485</TD>
    <TD>24.6526</TD>
    <TD>0.2241</TD>
    <TD>24.1741</TD>
    <TD>0.3969</TD>
    <TD>24.1741</TD>
    <TD>0.3969</TD>
    <TD>0.37</TD>
  </TR>
  <TR>
    <TD>1729.0</TD>
    <TD>241.3189</TD>
    <TD>55.09304</TD>
    <TD>232.613</TD>
    <TD>760.616</TD>
    <TD>22.207</TD>
    <TD>0.0626</TD>
    <TD>21.3475</TD>
    <TD>0.089</TD>
    <TD>21.3475</TD>
    <TD>0.089</TD>
    <TD>0.01</TD>
  </TR>
  <TR>
    <TD>1730.0</TD>
    <TD>241.3085</TD>
    <TD>54.95437</TD>
    <TD>1758.574</TD>
    <TD>806.236</TD>
    <TD>17.9675</TD>
    <TD>0.0037</TD>
    <TD>17.9893</TD>
    <TD>0.0035</TD>
    <TD>17.9893</TD>
    <TD>0.0035</TD>
    <TD>0.17</TD>
  </TR>
  <TR>
    <TD>1731.0</TD>
    <TD>241.3192</TD>
    <TD>55.00102</TD>
    <TD>1246.481</TD>
    <TD>746.733</TD>
    <TD>20.1797</TD>
    <TD>0.0165</TD>
    <TD>20.1357</TD>
    <TD>0.0202</TD>
    <TD>20.1357</TD>
    <TD>0.0202</TD>
    <TD>0.03</TD>
  </TR>
  <TR>
    <TD>1732.0</TD>
    <TD>241.3255</TD>
    <TD>54.99179</TD>
    <TD>1346.523</TD>
    <TD>705.497</TD>
    <TD>25.4554</TD>
    <TD>0.2741</TD>
    <TD>24.8366</TD>
    <TD>0.432</TD>
    <TD>24.8366</TD>
    <TD>0.432</TD>
    <TD>0.47</TD>
  </TR>
  <TR>
    <TD>1733.0</TD>
    <TD>241.3206</TD>
    <TD>54.96605</TD>
    <TD>1629.024</TD>
    <TD>732.643</TD>
    <TD>21.8225</TD>
    <TD>0.0443</TD>
    <TD>21.6642</TD>
    <TD>0.0581</TD>
    <TD>21.6642</TD>
    <TD>0.0581</TD>
    <TD>0.01</TD>
  </TR>
  <TR>
    <TD>1734.0</TD>
    <TD>241.3205</TD>
    <TD>55.00581</TD>
    <TD>1193.677</TD>
    <TD>738.964</TD>
    <TD>20.6838</TD>
    <TD>0.0202</TD>
    <TD>20.6392</TD>
    <TD>0.0243</TD>
    <TD>20.6106</TD>
    <TD>0.0207</TD>
    <TD>0.03</TD>
  </TR>
  <TR>
    <TD>1735.0</TD>
    <TD>241.327</TD>
    <TD>55.07657</TD>
    <TD>413.308</TD>
    <TD>707.681</TD>
    <TD>25.9334</TD>
    <TD>0.3667</TD>
    <TD>25.4856</TD>
    <TD>0.4756</TD>
    <TD>25.4856</TD>
    <TD>0.4756</TD>
    <TD>0.41</TD>
  </TR>
  <TR>
    <TD>1736.0</TD>
    <TD>241.3264</TD>
    <TD>55.07146</TD>
    <TD>470.0</TD>
    <TD>710.896</TD>
    <TD>25.5835</TD>
    <TD>0.269</TD>
    <TD>24.857</TD>
    <TD>0.3184</TD>
    <TD>24.857</TD>
    <TD>0.3184</TD>
    <TD>0.41</TD>
  </TR>
  <TR>
    <TD>1737.0</TD>
    <TD>241.3263</TD>
    <TD>55.05786</TD>
    <TD>620.142</TD>
    <TD>709.601</TD>
    <TD>24.6976</TD>
    <TD>0.2038</TD>
    <TD>24.9117</TD>
    <TD>0.2939</TD>
    <TD>24.9117</TD>
    <TD>0.2939</TD>
    <TD>0.45</TD>
  </TR>
  <TR>
    <TD>1738.0</TD>
    <TD>241.3267</TD>
    <TD>55.09277</TD>
    <TD>234.153</TD>
    <TD>711.843</TD>
    <TD>25.3227</TD>
    <TD>0.2943</TD>
    <TD>24.6708</TD>
    <TD>0.2765</TD>
    <TD>24.6708</TD>
    <TD>0.2765</TD>
    <TD>0.35</TD>
  </TR>
  <TR>
    <TD>1739.0</TD>
    <TD>241.3258</TD>
    <TD>55.04985</TD>
    <TD>708.502</TD>
    <TD>711.633</TD>
    <TD>25.0139</TD>
    <TD>0.2236</TD>
    <TD>23.8394</TD>
    <TD>0.2515</TD>
    <TD>23.8394</TD>
    <TD>0.2515</TD>
    <TD>0.48</TD>
  </TR>
  <TR>
    <TD>1740.0</TD>
    <TD>241.3251</TD>
    <TD>55.0382</TD>
    <TD>837.03</TD>
    <TD>714.996</TD>
    <TD>25.1859</TD>
    <TD>0.2801</TD>
    <TD>24.5539</TD>
    <TD>0.353</TD>
    <TD>24.5539</TD>
    <TD>0.353</TD>
    <TD>0.42</TD>
  </TR>
  <TR>
    <TD>1741.0</TD>
    <TD>241.3231</TD>
    <TD>55.0931</TD>
    <TD>231.074</TD>
    <TD>734.214</TD>
    <TD>22.9726</TD>
    <TD>0.0949</TD>
    <TD>21.7278</TD>
    <TD>0.1229</TD>
    <TD>21.7278</TD>
    <TD>0.1229</TD>
    <TD>0.2</TD>
  </TR>
  <TR>
    <TD>1742.0</TD>
    <TD>241.3265</TD>
    <TD>55.09781</TD>
    <TD>178.321</TD>
    <TD>713.67</TD>
    <TD>25.5448</TD>
    <TD>0.2599</TD>
    <TD>25.3706</TD>
    <TD>0.3072</TD>
    <TD>25.3706</TD>
    <TD>0.3072</TD>
    <TD>0.4</TD>
  </TR>
  <TR>
    <TD>1743.0</TD>
    <TD>241.3253</TD>
    <TD>55.03937</TD>
    <TD>824.024</TD>
    <TD>713.515</TD>
    <TD>25.786</TD>
    <TD>0.368</TD>
    <TD>24.9009</TD>
    <TD>0.2801</TD>
    <TD>24.9009</TD>
    <TD>0.2801</TD>
    <TD>0.35</TD>
  </TR>
  <TR>
    <TD>1744.0</TD>
    <TD>241.3233</TD>
    <TD>54.95415</TD>
    <TD>1758.639</TD>
    <TD>713.705</TD>
    <TD>26.0276</TD>
    <TD>0.3989</TD>
    <TD>25.4197</TD>
    <TD>0.5462</TD>
    <TD>25.4197</TD>
    <TD>0.5462</TD>
    <TD>0.36</TD>
  </TR>
  <TR>
    <TD>1745.0</TD>
    <TD>241.3254</TD>
    <TD>55.0445</TD>
    <TD>767.598</TD>
    <TD>713.612</TD>
    <TD>25.2762</TD>
    <TD>0.2593</TD>
    <TD>24.821</TD>
    <TD>0.3569</TD>
    <TD>24.821</TD>
    <TD>0.3569</TD>
    <TD>0.35</TD>
  </TR>
  <TR>
    <TD>1746.0</TD>
    <TD>241.3247</TD>
    <TD>55.03846</TD>
    <TD>834.169</TD>
    <TD>717.187</TD>
    <TD>25.1978</TD>
    <TD>0.283</TD>
    <TD>23.8995</TD>
    <TD>0.3119</TD>
    <TD>24.5109</TD>
    <TD>0.2611</TD>
    <TD>0.35</TD>
  </TR>
  <TR>
    <TD>1747.0</TD>
    <TD>241.3219</TD>
    <TD>54.93798</TD>
    <TD>1935.319</TD>
    <TD>719.658</TD>
    <TD>23.7354</TD>
    <TD>0.1032</TD>
    <TD>23.7926</TD>
    <TD>0.1548</TD>
    <TD>23.7926</TD>
    <TD>0.1548</TD>
    <TD>0.81</TD>
  </TR>
  <TR>
    <TD>1748.0</TD>
    <TD>241.3255</TD>
    <TD>55.09827</TD>
    <TD>173.416</TD>
    <TD>719.759</TD>
    <TD>25.5186</TD>
    <TD>0.3218</TD>
    <TD>24.6602</TD>
    <TD>0.5621</TD>
    <TD>24.6602</TD>
    <TD>0.5621</TD>
    <TD>0.39</TD>
  </TR>
  <TR>
    <TD>1749.0</TD>
    <TD>241.3142</TD>
    <TD>54.94121</TD>
    <TD>1901.266</TD>
    <TD>768.732</TD>
    <TD>19.8268</TD>
    <TD>0.0136</TD>
    <TD>19.8118</TD>
    <TD>0.0165</TD>
    <TD>19.8118</TD>
    <TD>0.0165</TD>
    <TD>0.03</TD>
  </TR>
  <TR>
    <TD>1750.0</TD>
    <TD>241.3217</TD>
    <TD>54.92881</TD>
    <TD>2035.34</TD>
    <TD>719.653</TD>
    <TD>25.7092</TD>
    <TD>0.3005</TD>
    <TD>25.084</TD>
    <TD>0.6382</TD>
    <TD>25.084</TD>
    <TD>0.6382</TD>
    <TD>0.37</TD>
  </TR>
  <TR>
    <TD>1751.0</TD>
    <TD>241.3253</TD>
    <TD>55.08725</TD>
    <TD>295.559</TD>
    <TD>719.543</TD>
    <TD>25.2408</TD>
    <TD>0.2268</TD>
    <TD>24.8914</TD>
    <TD>0.2777</TD>
    <TD>24.8914</TD>
    <TD>0.2777</TD>
    <TD>0.41</TD>
  </TR>
  <TR>
    <TD>1752.0</TD>
    <TD>241.3224</TD>
    <TD>55.0054</TD>
    <TD>1197.837</TD>
    <TD>726.978</TD>
    <TD>24.206</TD>
    <TD>0.1721</TD>
    <TD>23.9976</TD>
    <TD>0.3234</TD>
    <TD>23.9976</TD>
    <TD>0.3234</TD>
    <TD>0.41</TD>
  </TR>
  <TR>
    <TD>1753.0</TD>
    <TD>241.324</TD>
    <TD>55.08107</TD>
    <TD>364.104</TD>
    <TD>726.989</TD>
    <TD>24.2024</TD>
    <TD>0.1611</TD>
    <TD>23.4858</TD>
    <TD>0.2468</TD>
    <TD>23.4858</TD>
    <TD>0.2468</TD>
    <TD>0.49</TD>
  </TR>
  <TR>
    <TD>1754.0</TD>
    <TD>241.3243</TD>
    <TD>55.08208</TD>
    <TD>352.903</TD>
    <TD>725.76</TD>
    <TD>24.9074</TD>
    <TD>0.2325</TD>
    <TD>24.4365</TD>
    <TD>0.3044</TD>
    <TD>24.4365</TD>
    <TD>0.3044</TD>
    <TD>0.41</TD>
  </TR>
  <TR>
    <TD>1755.0</TD>
    <TD>241.3226</TD>
    <TD>55.07709</TD>
    <TD>408.42</TD>
    <TD>735.269</TD>
    <TD>22.8971</TD>
    <TD>0.0869</TD>
    <TD>22.6205</TD>
    <TD>0.1139</TD>
    <TD>22.6205</TD>
    <TD>0.1139</TD>
    <TD>0.01</TD>
  </TR>
  <TR>
    <TD>1756.0</TD>
    <TD>241.3197</TD>
    <TD>54.95029</TD>
    <TD>1801.289</TD>
    <TD>735.276</TD>
    <TD>23.2852</TD>
    <TD>0.1077</TD>
    <TD>22.8489</TD>
    <TD>0.1767</TD>
    <TD>22.8489</TD>
    <TD>0.1767</TD>
    <TD>0.58</TD>
  </TR>
  <TR>
    <TD>1757.0</TD>
    <TD>241.3211</TD>
    <TD>54.951</TD>
    <TD>1793.37</TD>
    <TD>726.697</TD>
    <TD>24.6147</TD>
    <TD>0.2166</TD>
    <TD>23.6173</TD>
    <TD>0.2836</TD>
    <TD>23.6173</TD>
    <TD>0.2836</TD>
    <TD>0.29</TD>
  </TR>
  <TR>
    <TD>1758.0</TD>
    <TD>241.3237</TD>
    <TD>55.04476</TD>
    <TD>764.965</TD>
    <TD>724.69</TD>
    <TD>25.6164</TD>
    <TD>0.3163</TD>
    <TD>24.8783</TD>
    <TD>0.2852</TD>
    <TD>24.8783</TD>
    <TD>0.2852</TD>
    <TD>0.39</TD>
  </TR>
  <TR>
    <TD>1759.0</TD>
    <TD>241.3211</TD>
    <TD>54.92983</TD>
    <TD>2024.347</TD>
    <TD>723.335</TD>
    <TD>25.8983</TD>
    <TD>0.3554</TD>
    <TD>25.8598</TD>
    <TD>0.9982</TD>
    <TD>25.8598</TD>
    <TD>0.9982</TD>
    <TD>0.36</TD>
  </TR>
  <TR>
    <TD>1760.0</TD>
    <TD>241.323</TD>
    <TD>55.00825</TD>
    <TD>1166.497</TD>
    <TD>723.438</TD>
    <TD>25.5166</TD>
    <TD>0.2894</TD>
    <TD>24.7629</TD>
    <TD>0.3385</TD>
    <TD>24.7629</TD>
    <TD>0.3385</TD>
    <TD>0.37</TD>
  </TR>
  <TR>
    <TD>1761.0</TD>
    <TD>241.3236</TD>
    <TD>55.03729</TD>
    <TD>847.292</TD>
    <TD>724.297</TD>
    <TD>26.1187</TD>
    <TD>0.4327</TD>
    <TD>25.24</TD>
    <TD>0.3132</TD>
    <TD>25.24</TD>
    <TD>0.3132</TD>
    <TD>0.37</TD>
  </TR>
  <TR>
    <TD>1762.0</TD>
    <TD>241.3205</TD>
    <TD>54.92794</TD>
    <TD>2044.991</TD>
    <TD>727.038</TD>
    <TD>25.2289</TD>
    <TD>0.2486</TD>
    <TD>24.4894</TD>
    <TD>0.3704</TD>
    <TD>24.4894</TD>
    <TD>0.3704</TD>
    <TD>0.37</TD>
  </TR>
  <TR>
    <TD>1763.0</TD>
    <TD>241.3215</TD>
    <TD>55.07064</TD>
    <TD>479.96</TD>
    <TD>741.734</TD>
    <TD>23.6728</TD>
    <TD>0.1268</TD>
    <TD>22.9885</TD>
    <TD>0.2097</TD>
    <TD>23.2453</TD>
    <TD>0.1281</TD>
    <TD>0.07</TD>
  </TR>
  <TR>
    <TD>1764.0</TD>
    <TD>241.321</TD>
    <TD>54.96183</TD>
    <TD>1675.128</TD>
    <TD>729.321</TD>
    <TD>24.8767</TD>
    <TD>0.2391</TD>
    <TD>23.948</TD>
    <TD>0.3681</TD>
    <TD>23.948</TD>
    <TD>0.3681</TD>
    <TD>0.37</TD>
  </TR>
  <TR>
    <TD>1765.0</TD>
    <TD>241.3225</TD>
    <TD>55.01975</TD>
    <TD>1040.366</TD>
    <TD>728.283</TD>
    <TD>26.0731</TD>
    <TD>0.4154</TD>
    <TD>26.5917</TD>
    <TD>2.4934</TD>
    <TD>26.5917</TD>
    <TD>2.4934</TD>
    <TD>0.37</TD>
  </TR>
  <TR>
    <TD>1766.0</TD>
    <TD>241.3198</TD>
    <TD>54.95992</TD>
    <TD>1696.145</TD>
    <TD>736.605</TD>
    <TD>24.6073</TD>
    <TD>0.2152</TD>
    <TD>23.8075</TD>
    <TD>0.251</TD>
    <TD>23.8075</TD>
    <TD>0.251</TD>
    <TD>0.45</TD>
  </TR>
  <TR>
    <TD>1767.0</TD>
    <TD>241.3165</TD>
    <TD>55.02839</TD>
    <TD>946.363</TD>
    <TD>767.361</TD>
    <TD>20.5127</TD>
    <TD>0.0212</TD>
    <TD>20.467</TD>
    <TD>0.0268</TD>
    <TD>20.467</TD>
    <TD>0.0268</TD>
    <TD>0.01</TD>
  </TR>
  <TR>
    <TD>1768.0</TD>
    <TD>241.3228</TD>
    <TD>55.06493</TD>
    <TD>542.766</TD>
    <TD>732.99</TD>
    <TD>24.1026</TD>
    <TD>0.1523</TD>
    <TD>23.8569</TD>
    <TD>0.2678</TD>
    <TD>23.8569</TD>
    <TD>0.2678</TD>
    <TD>0.49</TD>
  </TR>
  <TR>
    <TD>1769.0</TD>
    <TD>241.3199</TD>
    <TD>55.08455</TD>
    <TD>326.418</TD>
    <TD>753.578</TD>
    <TD>22.5765</TD>
    <TD>0.0736</TD>
    <TD>22.1021</TD>
    <TD>0.1346</TD>
    <TD>22.2158</TD>
    <TD>0.0754</TD>
    <TD>0.0</TD>
  </TR>
  <TR>
    <TD>1770.0</TD>
    <TD>241.3239</TD>
    <TD>55.11075</TD>
    <TD>35.254</TD>
    <TD>731.58</TD>
    <TD>25.5525</TD>
    <TD>0.3317</TD>
    <TD>24.9007</TD>
    <TD>0.291</TD>
    <TD>24.9007</TD>
    <TD>0.291</TD>
    <TD>0.41</TD>
  </TR>
  <TR>
    <TD>1771.0</TD>
    <TD>241.3124</TD>
    <TD>54.98886</TD>
    <TD>1380.776</TD>
    <TD>787.302</TD>
    <TD>19.3118</TD>
    <TD>0.0099</TD>
    <TD>19.2908</TD>
    <TD>0.0114</TD>
    <TD>19.2908</TD>
    <TD>0.0114</TD>
    <TD>0.03</TD>
  </TR>
  <TR>
    <TD>1772.0</TD>
    <TD>241.3193</TD>
    <TD>55.03584</TD>
    <TD>863.955</TD>
    <TD>750.605</TD>
    <TD>22.5504</TD>
    <TD>0.0696</TD>
    <TD>22.354</TD>
    <TD>0.096</TD>
    <TD>22.354</TD>
    <TD>0.096</TD>
    <TD>0.0</TD>
  </TR>
  <TR>
    <TD>1773.0</TD>
    <TD>241.3234</TD>
    <TD>55.09657</TD>
    <TD>192.573</TD>
    <TD>732.635</TD>
    <TD>24.872</TD>
    <TD>0.2253</TD>
    <TD>23.913</TD>
    <TD>0.3027</TD>
    <TD>23.913</TD>
    <TD>0.3027</TD>
    <TD>0.43</TD>
  </TR>
  <TR>
    <TD>1774.0</TD>
    <TD>241.3026</TD>
    <TD>54.95707</TD>
    <TD>1730.002</TD>
    <TD>843.753</TD>
    <TD>16.0465</TD>
    <TD>0.0012</TD>
    <TD>16.0756</TD>
    <TD>0.0011</TD>
    <TD>16.0756</TD>
    <TD>0.0011</TD>
    <TD>0.98</TD>
  </TR>
  <TR>
    <TD>1775.0</TD>
    <TD>241.3202</TD>
    <TD>54.95859</TD>
    <TD>1710.639</TD>
    <TD>733.68</TD>
    <TD>26.1008</TD>
    <TD>0.4259</TD>
    <TD>25.3779</TD>
    <TD>0.618</TD>
    <TD>25.3779</TD>
    <TD>0.618</TD>
    <TD>0.35</TD>
  </TR>
  <TR>
    <TD>1776.0</TD>
    <TD>241.3203</TD>
    <TD>54.96054</TD>
    <TD>1689.3</TD>
    <TD>733.351</TD>
    <TD>25.8015</TD>
    <TD>0.3262</TD>
    <TD>25.2175</TD>
    <TD>0.2679</TD>
    <TD>25.2175</TD>
    <TD>0.2679</TD>
    <TD>0.38</TD>
  </TR>
  <TR>
    <TD>1777.0</TD>
    <TD>241.3186</TD>
    <TD>55.08438</TD>
    <TD>328.545</TD>
    <TD>761.381</TD>
    <TD>22.0151</TD>
    <TD>0.0507</TD>
    <TD>21.6628</TD>
    <TD>0.0752</TD>
    <TD>21.7874</TD>
    <TD>0.0527</TD>
    <TD>0.14</TD>
  </TR>
  <TR>
    <TD>1778.0</TD>
    <TD>241.323</TD>
    <TD>55.11015</TD>
    <TD>42.0</TD>
    <TD>736.997</TD>
    <TD>25.7178</TD>
    <TD>0.3028</TD>
    <TD>24.9122</TD>
    <TD>0.4344</TD>
    <TD>24.9122</TD>
    <TD>0.4344</TD>
    <TD>0.48</TD>
  </TR>
  <TR>
    <TD>1779.0</TD>
    <TD>241.3204</TD>
    <TD>54.986</TD>
    <TD>1410.807</TD>
    <TD>736.822</TD>
    <TD>25.4512</TD>
    <TD>0.3302</TD>
    <TD>24.1827</TD>
    <TD>0.3189</TD>
    <TD>24.1827</TD>
    <TD>0.3189</TD>
    <TD>0.37</TD>
  </TR>
  <TR>
    <TD>1780.0</TD>
    <TD>241.3218</TD>
    <TD>55.09318</TD>
    <TD>230.513</TD>
    <TD>742.325</TD>
    <TD>23.6529</TD>
    <TD>0.1271</TD>
    <TD>22.3439</TD>
    <TD>0.1514</TD>
    <TD>23.2034</TD>
    <TD>0.1277</TD>
    <TD>0.53</TD>
  </TR>
  <TR>
    <TD>1781.0</TD>
    <TD>241.3223</TD>
    <TD>55.07929</TD>
    <TD>384.195</TD>
    <TD>738.004</TD>
    <TD>25.3783</TD>
    <TD>0.256</TD>
    <TD>24.8835</TD>
    <TD>0.2645</TD>
    <TD>24.8835</TD>
    <TD>0.2645</TD>
    <TD>0.45</TD>
  </TR>
  <TR>
    <TD>1782.0</TD>
    <TD>241.3172</TD>
    <TD>54.97261</TD>
    <TD>1557.808</TD>
    <TD>754.532</TD>
    <TD>23.5084</TD>
    <TD>0.1259</TD>
    <TD>23.0006</TD>
    <TD>0.187</TD>
    <TD>23.0006</TD>
    <TD>0.187</TD>
    <TD>0.49</TD>
  </TR>
  <TR>
    <TD>1783.0</TD>
    <TD>241.3198</TD>
    <TD>55.10049</TD>
    <TD>149.879</TD>
    <TD>756.32</TD>
    <TD>22.3301</TD>
    <TD>0.0592</TD>
    <TD>22.2542</TD>
    <TD>0.0798</TD>
    <TD>22.2542</TD>
    <TD>0.0798</TD>
    <TD>0.11</TD>
  </TR>
  <TR>
    <TD>1784.0</TD>
    <TD>241.3224</TD>
    <TD>55.07596</TD>
    <TD>421.001</TD>
    <TD>736.495</TD>
    <TD>25.1526</TD>
    <TD>0.2529</TD>
    <TD>24.4713</TD>
    <TD>0.3484</TD>
    <TD>24.4713</TD>
    <TD>0.3484</TD>
    <TD>0.37</TD>
  </TR>
  <TR>
    <TD>1785.0</TD>
    <TD>241.3188</TD>
    <TD>55.05063</TD>
    <TD>701.168</TD>
    <TD>756.122</TD>
    <TD>22.5746</TD>
    <TD>0.0723</TD>
    <TD>22.3979</TD>
    <TD>0.1223</TD>
    <TD>22.3979</TD>
    <TD>0.1223</TD>
    <TD>0.0</TD>
  </TR>
  <TR>
    <TD>1786.0</TD>
    <TD>241.321</TD>
    <TD>55.04673</TD>
    <TD>743.791</TD>
    <TD>741.915</TD>
    <TD>25.4673</TD>
    <TD>0.277</TD>
    <TD>24.8561</TD>
    <TD>0.2795</TD>
    <TD>24.8561</TD>
    <TD>0.2795</TD>
    <TD>0.36</TD>
  </TR>
  <TR>
    <TD>1787.0</TD>
    <TD>241.3202</TD>
    <TD>55.02775</TD>
    <TD>952.817</TD>
    <TD>743.814</TD>
    <TD>24.1246</TD>
    <TD>0.1735</TD>
    <TD>23.6137</TD>
    <TD>0.2667</TD>
    <TD>23.6137</TD>
    <TD>0.2667</TD>
    <TD>0.45</TD>
  </TR>
  <TR>
    <TD>1788.0</TD>
    <TD>241.3182</TD>
    <TD>54.95225</TD>
    <TD>1780.127</TD>
    <TD>745.142</TD>
    <TD>24.8712</TD>
    <TD>0.2251</TD>
    <TD>24.0421</TD>
    <TD>0.3406</TD>
    <TD>24.0421</TD>
    <TD>0.3406</TD>
    <TD>0.48</TD>
  </TR>
  <TR>
    <TD>1789.0</TD>
    <TD>241.3141</TD>
    <TD>54.97084</TD>
    <TD>1577.757</TD>
    <TD>773.638</TD>
    <TD>20.2516</TD>
    <TD>0.0149</TD>
    <TD>20.2277</TD>
    <TD>0.0171</TD>
    <TD>20.2277</TD>
    <TD>0.0171</TD>
    <TD>0.05</TD>
  </TR>
  <TR>
    <TD>1790.0</TD>
    <TD>241.2978</TD>
    <TD>55.01587</TD>
    <TD>1087.133</TD>
    <TD>883.171</TD>
    <TD>16.0565</TD>
    <TD>0.0012</TD>
    <TD>16.0883</TD>
    <TD>0.0011</TD>
    <TD>16.0883</TD>
    <TD>0.0011</TD>
    <TD>0.94</TD>
  </TR>
  <TR>
    <TD>1791.0</TD>
    <TD>241.3214</TD>
    <TD>55.09044</TD>
    <TD>260.935</TD>
    <TD>744.464</TD>
    <TD>25.0744</TD>
    <TD>0.2359</TD>
    <TD>24.6905</TD>
    <TD>0.3236</TD>
    <TD>24.6905</TD>
    <TD>0.3236</TD>
    <TD>0.46</TD>
  </TR>
  <TR>
    <TD>1792.0</TD>
    <TD>241.3181</TD>
    <TD>55.06598</TD>
    <TD>531.97</TD>
    <TD>762.425</TD>
    <TD>21.8831</TD>
    <TD>0.0421</TD>
    <TD>21.7607</TD>
    <TD>0.0551</TD>
    <TD>21.7607</TD>
    <TD>0.0551</TD>
    <TD>0.17</TD>
  </TR>
  <TR>
    <TD>1793.0</TD>
    <TD>241.3218</TD>
    <TD>55.10907</TD>
    <TD>54.301</TD>
    <TD>744.318</TD>
    <TD>25.7191</TD>
    <TD>0.3032</TD>
    <TD>25.1494</TD>
    <TD>0.4031</TD>
    <TD>25.1494</TD>
    <TD>0.4031</TD>
    <TD>0.41</TD>
  </TR>
  <TR>
    <TD>1794.0</TD>
    <TD>241.3209</TD>
    <TD>55.08541</TD>
    <TD>316.743</TD>
    <TD>746.984</TD>
    <TD>25.0072</TD>
    <TD>0.2542</TD>
    <TD>24.2151</TD>
    <TD>0.2417</TD>
    <TD>24.2151</TD>
    <TD>0.2417</TD>
    <TD>0.48</TD>
  </TR>
  <TR>
    <TD>1795.0</TD>
    <TD>241.3177</TD>
    <TD>54.98398</TD>
    <TD>1433.347</TD>
    <TD>753.183</TD>
    <TD>23.5955</TD>
    <TD>0.123</TD>
    <TD>22.9981</TD>
    <TD>0.1794</TD>
    <TD>22.9981</TD>
    <TD>0.1794</TD>
    <TD>0.48</TD>
  </TR>
  <TR>
    <TD>1796.0</TD>
    <TD>241.3161</TD>
    <TD>54.95645</TD>
    <TD>1734.613</TD>
    <TD>759.188</TD>
    <TD>22.9001</TD>
    <TD>0.0853</TD>
    <TD>22.6114</TD>
    <TD>0.1268</TD>
    <TD>22.6114</TD>
    <TD>0.1268</TD>
    <TD>0.21</TD>
  </TR>
  <TR>
    <TD>1797.0</TD>
    <TD>241.3209</TD>
    <TD>55.09988</TD>
    <TD>156.367</TD>
    <TD>749.19</TD>
    <TD>24.6141</TD>
    <TD>0.1792</TD>
    <TD>24.773</TD>
    <TD>0.2497</TD>
    <TD>24.773</TD>
    <TD>0.2497</TD>
    <TD>0.48</TD>
  </TR>
  <TR>
    <TD>1798.0</TD>
    <TD>241.3149</TD>
    <TD>54.98881</TD>
    <TD>1380.957</TD>
    <TD>771.594</TD>
    <TD>21.5005</TD>
    <TD>0.0354</TD>
    <TD>21.3568</TD>
    <TD>0.0475</TD>
    <TD>21.3572</TD>
    <TD>0.0367</TD>
    <TD>0.02</TD>
  </TR>
  <TR>
    <TD>1799.0</TD>
    <TD>241.3207</TD>
    <TD>55.09611</TD>
    <TD>198.225</TD>
    <TD>750.045</TD>
    <TD>25.1231</TD>
    <TD>0.2463</TD>
    <TD>24.858</TD>
    <TD>0.3276</TD>
    <TD>24.858</TD>
    <TD>0.3276</TD>
    <TD>0.42</TD>
  </TR>
  <TR>
    <TD>1800.0</TD>
    <TD>241.3189</TD>
    <TD>55.03762</TD>
    <TD>844.466</TD>
    <TD>753.852</TD>
    <TD>25.2557</TD>
    <TD>0.2772</TD>
    <TD>24.4547</TD>
    <TD>0.2505</TD>
    <TD>24.4547</TD>
    <TD>0.2505</TD>
    <TD>0.43</TD>
  </TR>
  <TR>
    <TD>1801.0</TD>
    <TD>241.3123</TD>
    <TD>54.98426</TD>
    <TD>1431.26</TD>
    <TD>787.5</TD>
    <TD>19.5425</TD>
    <TD>0.0093</TD>
    <TD>19.5363</TD>
    <TD>0.0101</TD>
    <TD>19.5363</TD>
    <TD>0.0101</TD>
    <TD>0.04</TD>
  </TR>
  <TR>
    <TD>1802.0</TD>
    <TD>241.3205</TD>
    <TD>55.09484</TD>
    <TD>212.327</TD>
    <TD>750.654</TD>
    <TD>25.9275</TD>
    <TD>0.3648</TD>
    <TD>25.5771</TD>
    <TD>0.3698</TD>
    <TD>25.5771</TD>
    <TD>0.3698</TD>
    <TD>0.36</TD>
  </TR>
  <TR>
    <TD>1803.0</TD>
    <TD>241.3096</TD>
    <TD>54.99148</TD>
    <TD>1352.607</TD>
    <TD>805.634</TD>
    <TD>20.5324</TD>
    <TD>0.0223</TD>
    <TD>20.3184</TD>
    <TD>0.0301</TD>
    <TD>20.3981</TD>
    <TD>0.0231</TD>
    <TD>0.01</TD>
  </TR>
  <TR>
    <TD>1804.0</TD>
    <TD>241.3165</TD>
    <TD>54.95229</TD>
    <TD>1780.059</TD>
    <TD>756.127</TD>
    <TD>25.0924</TD>
    <TD>0.2397</TD>
    <TD>24.519</TD>
    <TD>0.2596</TD>
    <TD>24.519</TD>
    <TD>0.2596</TD>
    <TD>0.37</TD>
  </TR>
  <TR>
    <TD>1805.0</TD>
    <TD>241.3201</TD>
    <TD>55.10741</TD>
    <TD>73.021</TD>
    <TD>754.845</TD>
    <TD>25.126</TD>
    <TD>0.247</TD>
    <TD>24.9175</TD>
    <TD>0.3458</TD>
    <TD>24.9175</TD>
    <TD>0.3458</TD>
    <TD>0.49</TD>
  </TR>
  <TR>
    <TD>1806.0</TD>
    <TD>241.3137</TD>
    <TD>54.97585</TD>
    <TD>1523.047</TD>
    <TD>777.361</TD>
    <TD>22.799</TD>
    <TD>0.0867</TD>
    <TD>22.5286</TD>
    <TD>0.1139</TD>
    <TD>22.5286</TD>
    <TD>0.1139</TD>
    <TD>0.0</TD>
  </TR>
  <TR>
    <TD>1807.0</TD>
    <TD>241.3192</TD>
    <TD>55.07366</TD>
    <TD>447.003</TD>
    <TD>756.224</TD>
    <TD>25.3758</TD>
    <TD>0.2555</TD>
    <TD>24.9444</TD>
    <TD>0.3027</TD>
    <TD>24.9444</TD>
    <TD>0.3027</TD>
    <TD>0.37</TD>
  </TR>
  <TR>
    <TD>1808.0</TD>
    <TD>241.3085</TD>
    <TD>54.99076</TD>
    <TD>1360.644</TD>
    <TD>811.982</TD>
    <TD>20.2946</TD>
    <TD>0.0204</TD>
    <TD>19.9794</TD>
    <TD>0.0264</TD>
    <TD>20.1492</TD>
    <TD>0.0212</TD>
    <TD>0.0</TD>
  </TR>
  <TR>
    <TD>1809.0</TD>
    <TD>241.3193</TD>
    <TD>55.10932</TD>
    <TD>51.971</TD>
    <TD>760.032</TD>
    <TD>25.4901</TD>
    <TD>0.3137</TD>
    <TD>24.8283</TD>
    <TD>0.2726</TD>
    <TD>24.8283</TD>
    <TD>0.2726</TD>
    <TD>0.37</TD>
  </TR>
  <TR>
    <TD>1810.0</TD>
    <TD>241.3194</TD>
    <TD>55.0941</TD>
    <TD>220.731</TD>
    <TD>757.55</TD>
    <TD>25.3028</TD>
    <TD>0.2655</TD>
    <TD>24.0371</TD>
    <TD>0.277</TD>
    <TD>24.0371</TD>
    <TD>0.277</TD>
    <TD>0.47</TD>
  </TR>
  <TR>
    <TD>1811.0</TD>
    <TD>241.3185</TD>
    <TD>55.08683</TD>
    <TD>301.407</TD>
    <TD>762.796</TD>
    <TD>24.6101</TD>
    <TD>0.207</TD>
    <TD>23.8889</TD>
    <TD>0.2861</TD>
    <TD>23.8889</TD>
    <TD>0.2861</TD>
    <TD>0.48</TD>
  </TR>
  <TR>
    <TD>1812.0</TD>
    <TD>241.3181</TD>
    <TD>55.03974</TD>
    <TD>821.303</TD>
    <TD>758.681</TD>
    <TD>25.7796</TD>
    <TD>0.3199</TD>
    <TD>24.9614</TD>
    <TD>0.462</TD>
    <TD>24.9614</TD>
    <TD>0.462</TD>
    <TD>0.35</TD>
  </TR>
  <TR>
    <TD>1813.0</TD>
    <TD>241.3073</TD>
    <TD>55.00491</TD>
    <TD>1205.78</TD>
    <TD>821.977</TD>
    <TD>19.3351</TD>
    <TD>0.0113</TD>
    <TD>19.2902</TD>
    <TD>0.0137</TD>
    <TD>19.2902</TD>
    <TD>0.0137</TD>
    <TD>0.03</TD>
  </TR>
  <TR>
    <TD>1814.0</TD>
    <TD>241.3151</TD>
    <TD>54.93504</TD>
    <TD>1968.487</TD>
    <TD>761.994</TD>
    <TD>25.7208</TD>
    <TD>0.3472</TD>
    <TD>24.7902</TD>
    <TD>0.4078</TD>
    <TD>24.7902</TD>
    <TD>0.4078</TD>
    <TD>0.43</TD>
  </TR>
  <TR>
    <TD>1815.0</TD>
    <TD>241.3185</TD>
    <TD>55.09532</TD>
    <TD>207.412</TD>
    <TD>763.438</TD>
    <TD>25.0628</TD>
    <TD>0.2509</TD>
    <TD>24.5579</TD>
    <TD>0.3038</TD>
    <TD>24.5579</TD>
    <TD>0.3038</TD>
    <TD>0.48</TD>
  </TR>
  <TR>
    <TD>1816.0</TD>
    <TD>241.3179</TD>
    <TD>55.0421</TD>
    <TD>795.373</TD>
    <TD>760.39</TD>
    <TD>25.0008</TD>
    <TD>0.2032</TD>
    <TD>24.5849</TD>
    <TD>0.4169</TD>
    <TD>24.5849</TD>
    <TD>0.4169</TD>
    <TD>0.48</TD>
  </TR>
  <TR>
    <TD>1817.0</TD>
    <TD>241.317</TD>
    <TD>55.09274</TD>
    <TD>236.261</TD>
    <TD>772.975</TD>
    <TD>23.8299</TD>
    <TD>0.1488</TD>
    <TD>22.5825</TD>
    <TD>0.1637</TD>
    <TD>23.1866</TD>
    <TD>0.1399</TD>
    <TD>0.54</TD>
  </TR>
  <TR>
    <TD>1818.0</TD>
    <TD>241.3141</TD>
    <TD>54.95782</TD>
    <TD>1719.991</TD>
    <TD>771.703</TD>
    <TD>24.3907</TD>
    <TD>0.209</TD>
    <TD>23.2115</TD>
    <TD>0.2673</TD>
    <TD>23.2115</TD>
    <TD>0.2673</TD>
    <TD>0.35</TD>
  </TR>
  <TR>
    <TD>1819.0</TD>
    <TD>241.3154</TD>
    <TD>55.00762</TD>
    <TD>1174.697</TD>
    <TD>771.349</TD>
    <TD>23.5676</TD>
    <TD>0.12</TD>
    <TD>22.7594</TD>
    <TD>0.1788</TD>
    <TD>22.7594</TD>
    <TD>0.1788</TD>
    <TD>0.64</TD>
  </TR>
  <TR>
    <TD>1820.0</TD>
    <TD>241.3156</TD>
    <TD>54.95526</TD>
    <TD>1747.7</TD>
    <TD>762.347</TD>
    <TD>25.822</TD>
    <TD>0.3321</TD>
    <TD>25.0885</TD>
    <TD>0.3318</TD>
    <TD>25.0885</TD>
    <TD>0.3318</TD>
    <TD>0.43</TD>
  </TR>
  <TR>
    <TD>1821.0</TD>
    <TD>241.3142</TD>
    <TD>54.9744</TD>
    <TD>1538.78</TD>
    <TD>773.796</TD>
    <TD>24.3107</TD>
    <TD>0.1775</TD>
    <TD>23.8174</TD>
    <TD>0.3705</TD>
    <TD>23.8174</TD>
    <TD>0.3705</TD>
    <TD>0.4</TD>
  </TR>
  <TR>
    <TD>1822.0</TD>
    <TD>241.3176</TD>
    <TD>55.06818</TD>
    <TD>507.766</TD>
    <TD>765.715</TD>
    <TD>25.5516</TD>
    <TD>0.2986</TD>
    <TD>24.8284</TD>
    <TD>0.3516</TD>
    <TD>24.8284</TD>
    <TD>0.3516</TD>
    <TD>0.41</TD>
  </TR>
  <TR>
    <TD>1823.0</TD>
    <TD>241.3126</TD>
    <TD>54.98656</TD>
    <TD>1405.959</TD>
    <TD>786.09</TD>
    <TD>22.3272</TD>
    <TD>0.0639</TD>
    <TD>22.1464</TD>
    <TD>0.0985</TD>
    <TD>22.1464</TD>
    <TD>0.0985</TD>
    <TD>0.0</TD>
  </TR>
  <TR>
    <TD>1824.0</TD>
    <TD>241.3168</TD>
    <TD>55.09418</TD>
    <TD>220.296</TD>
    <TD>774.31</TD>
    <TD>23.6422</TD>
    <TD>0.1306</TD>
    <TD>22.4967</TD>
    <TD>0.1837</TD>
    <TD>22.4967</TD>
    <TD>0.1837</TD>
    <TD>0.22</TD>
  </TR>
  <TR>
    <TD>1825.0</TD>
    <TD>241.3117</TD>
    <TD>55.05215</TD>
    <TD>685.723</TD>
    <TD>800.729</TD>
    <TD>20.9777</TD>
    <TD>0.0276</TD>
    <TD>20.8952</TD>
    <TD>0.0371</TD>
    <TD>20.8952</TD>
    <TD>0.0371</TD>
    <TD>0.01</TD>
  </TR>
  <TR>
    <TD>1826.0</TD>
    <TD>241.3074</TD>
    <TD>55.07884</TD>
    <TD>391.847</TD>
    <TD>831.009</TD>
    <TD>21.0626</TD>
    <TD>0.0317</TD>
    <TD>20.9242</TD>
    <TD>0.0489</TD>
    <TD>20.86</TD>
    <TD>0.033</TD>
    <TD>0.01</TD>
  </TR>
  <TR>
    <TD>1827.0</TD>
    <TD>241.315</TD>
    <TD>55.0425</TD>
    <TD>791.423</TD>
    <TD>778.504</TD>
    <TD>24.9382</TD>
    <TD>0.239</TD>
    <TD>24.9639</TD>
    <TD>0.4924</TD>
    <TD>24.9639</TD>
    <TD>0.4924</TD>
    <TD>0.37</TD>
  </TR>
  <TR>
    <TD>1828.0</TD>
    <TD>241.3176</TD>
    <TD>55.07193</TD>
    <TD>466.367</TD>
    <TD>766.413</TD>
    <TD>25.3914</TD>
    <TD>0.2873</TD>
    <TD>24.6719</TD>
    <TD>0.4135</TD>
    <TD>24.6719</TD>
    <TD>0.4135</TD>
    <TD>0.36</TD>
  </TR>
  <TR>
    <TD>1829.0</TD>
    <TD>241.3161</TD>
    <TD>55.09291</TD>
    <TD>234.593</TD>
    <TD>778.583</TD>
    <TD>23.2415</TD>
    <TD>0.1118</TD>
    <TD>22.8242</TD>
    <TD>0.2022</TD>
    <TD>22.6428</TD>
    <TD>0.107</TD>
    <TD>0.41</TD>
  </TR>
  <TR>
    <TD>1830.0</TD>
    <TD>241.3133</TD>
    <TD>54.94547</TD>
    <TD>1854.951</TD>
    <TD>774.743</TD>
    <TD>23.9783</TD>
    <TD>0.1184</TD>
    <TD>24.0727</TD>
    <TD>0.185</TD>
    <TD>24.0727</TD>
    <TD>0.185</TD>
    <TD>0.69</TD>
  </TR>
  <TR>
    <TD>1831.0</TD>
    <TD>241.3158</TD>
    <TD>55.03862</TD>
    <TD>834.015</TD>
    <TD>772.974</TD>
    <TD>24.1171</TD>
    <TD>0.1222</TD>
    <TD>24.1316</TD>
    <TD>0.1831</TD>
    <TD>24.1316</TD>
    <TD>0.1831</TD>
    <TD>0.93</TD>
  </TR>
  <TR>
    <TD>1832.0</TD>
    <TD>241.3061</TD>
    <TD>55.11278</TD>
    <TD>16.025</TD>
    <TD>843.731</TD>
    <TD>18.8986</TD>
    <TD>0.0066</TD>
    <TD>18.8999</TD>
    <TD>0.0070</TD>
    <TD>18.8999</TD>
    <TD>0.0070</TD>
    <TD>0.03</TD>
  </TR>
  <TR>
    <TD>1833.0</TD>
    <TD>241.315</TD>
    <TD>55.04375</TD>
    <TD>777.701</TD>
    <TD>778.878</TD>
    <TD>24.4773</TD>
    <TD>0.206</TD>
    <TD>24.0323</TD>
    <TD>0.2688</TD>
    <TD>24.0323</TD>
    <TD>0.2688</TD>
    <TD>0.05</TD>
  </TR>
  <TR>
    <TD>1834.0</TD>
    <TD>241.3173</TD>
    <TD>55.09892</TD>
    <TD>167.702</TD>
    <TD>771.645</TD>
    <TD>25.8207</TD>
    <TD>0.3317</TD>
    <TD>25.3092</TD>
    <TD>0.2908</TD>
    <TD>25.3092</TD>
    <TD>0.2908</TD>
    <TD>0.41</TD>
  </TR>
  <TR>
    <TD>1835.0</TD>
    <TD>241.3164</TD>
    <TD>55.07878</TD>
    <TD>390.883</TD>
    <TD>774.838</TD>
    <TD>24.8651</TD>
    <TD>0.2239</TD>
    <TD>24.7997</TD>
    <TD>0.3349</TD>
    <TD>24.7997</TD>
    <TD>0.3349</TD>
    <TD>0.37</TD>
  </TR>
  <TR>
    <TD>1836.0</TD>
    <TD>241.3168</TD>
    <TD>55.08247</TD>
    <TD>349.961</TD>
    <TD>772.476</TD>
    <TD>25.4888</TD>
    <TD>0.2823</TD>
    <TD>25.1088</TD>
    <TD>0.338</TD>
    <TD>25.1088</TD>
    <TD>0.338</TD>
    <TD>0.48</TD>
  </TR>
  <TR>
    <TD>1837.0</TD>
    <TD>241.3111</TD>
    <TD>54.95743</TD>
    <TD>1724.743</TD>
    <TD>790.702</TD>
    <TD>23.7054</TD>
    <TD>0.1331</TD>
    <TD>23.1335</TD>
    <TD>0.2474</TD>
    <TD>23.1335</TD>
    <TD>0.2474</TD>
    <TD>0.09</TD>
  </TR>
  <TR>
    <TD>1838.0</TD>
    <TD>241.3169</TD>
    <TD>55.10615</TD>
    <TD>87.638</TD>
    <TD>775.202</TD>
    <TD>24.4833</TD>
    <TD>0.1926</TD>
    <TD>23.2992</TD>
    <TD>0.1977</TD>
    <TD>23.2992</TD>
    <TD>0.1977</TD>
    <TD>0.36</TD>
  </TR>
  <TR>
    <TD>1839.0</TD>
    <TD>241.3129</TD>
    <TD>54.97274</TD>
    <TD>1557.096</TD>
    <TD>781.517</TD>
    <TD>24.024</TD>
    <TD>0.1586</TD>
    <TD>24.0332</TD>
    <TD>0.336</TD>
    <TD>24.0332</TD>
    <TD>0.336</TD>
    <TD>0.46</TD>
  </TR>
  <TR>
    <TD>1840.0</TD>
    <TD>241.315</TD>
    <TD>55.06527</TD>
    <TD>540.412</TD>
    <TD>781.618</TD>
    <TD>25.2744</TD>
    <TD>0.2589</TD>
    <TD>24.7774</TD>
    <TD>0.2507</TD>
    <TD>24.7774</TD>
    <TD>0.2507</TD>
    <TD>0.38</TD>
  </TR>
  <TR>
    <TD>1841.0</TD>
    <TD>241.3128</TD>
    <TD>54.96077</TD>
    <TD>1688.054</TD>
    <TD>780.796</TD>
    <TD>25.2108</TD>
    <TD>0.2447</TD>
    <TD>24.3587</TD>
    <TD>0.3357</TD>
    <TD>24.3587</TD>
    <TD>0.3357</TD>
    <TD>0.48</TD>
  </TR>
  <TR>
    <TD>1842.0</TD>
    <TD>241.3136</TD>
    <TD>55.00869</TD>
    <TD>1163.271</TD>
    <TD>783.082</TD>
    <TD>23.7482</TD>
    <TD>0.097</TD>
    <TD>23.8173</TD>
    <TD>0.1471</TD>
    <TD>23.8173</TD>
    <TD>0.1471</TD>
    <TD>0.64</TD>
  </TR>
  <TR>
    <TD>1843.0</TD>
    <TD>241.2877</TD>
    <TD>54.95285</TD>
    <TD>1778.436</TD>
    <TD>936.352</TD>
    <TD>17.0731</TD>
    <TD>0.0029</TD>
    <TD>17.0834</TD>
    <TD>0.0030</TD>
    <TD>17.0834</TD>
    <TD>0.0030</TD>
    <TD>0.03</TD>
  </TR>
  <TR>
    <TD>1844.0</TD>
    <TD>241.3139</TD>
    <TD>54.99806</TD>
    <TD>1279.806</TD>
    <TD>779.428</TD>
    <TD>25.4856</TD>
    <TD>0.3125</TD>
    <TD>24.8105</TD>
    <TD>0.3138</TD>
    <TD>24.8105</TD>
    <TD>0.3138</TD>
    <TD>0.44</TD>
  </TR>
  <TR>
    <TD>1845.0</TD>
    <TD>241.3123</TD>
    <TD>54.9594</TD>
    <TD>1703.016</TD>
    <TD>783.149</TD>
    <TD>24.8272</TD>
    <TD>0.2165</TD>
    <TD>24.026</TD>
    <TD>0.3184</TD>
    <TD>24.026</TD>
    <TD>0.3184</TD>
    <TD>0.42</TD>
  </TR>
  <TR>
    <TD>1846.0</TD>
    <TD>241.316</TD>
    <TD>55.10439</TD>
    <TD>107.257</TD>
    <TD>780.388</TD>
    <TD>25.5146</TD>
    <TD>0.2531</TD>
    <TD>25.136</TD>
    <TD>0.3173</TD>
    <TD>25.136</TD>
    <TD>0.3173</TD>
    <TD>0.39</TD>
  </TR>
  <TR>
    <TD>1847.0</TD>
    <TD>241.3126</TD>
    <TD>55.03855</TD>
    <TD>835.292</TD>
    <TD>793.173</TD>
    <TD>23.372</TD>
    <TD>0.1098</TD>
    <TD>23.156</TD>
    <TD>0.1559</TD>
    <TD>23.156</TD>
    <TD>0.1559</TD>
    <TD>0.01</TD>
  </TR>
  <TR>
    <TD>1848.0</TD>
    <TD>241.3134</TD>
    <TD>54.99391</TD>
    <TD>1325.296</TD>
    <TD>781.691</TD>
    <TD>25.8056</TD>
    <TD>0.3273</TD>
    <TD>25.4573</TD>
    <TD>0.4636</TD>
    <TD>25.4573</TD>
    <TD>0.4636</TD>
    <TD>0.43</TD>
  </TR>
  <TR>
    <TD>1849.0</TD>
    <TD>241.3154</TD>
    <TD>55.0921</TD>
    <TD>243.637</TD>
    <TD>782.74</TD>
    <TD>25.7696</TD>
    <TD>0.317</TD>
    <TD>25.1755</TD>
    <TD>0.2581</TD>
    <TD>25.1755</TD>
    <TD>0.2581</TD>
    <TD>0.38</TD>
  </TR>
  <TR>
    <TD>1850.0</TD>
    <TD>241.3138</TD>
    <TD>55.08691</TD>
    <TD>301.415</TD>
    <TD>791.965</TD>
    <TD>23.7276</TD>
    <TD>0.106</TD>
    <TD>23.7654</TD>
    <TD>0.1633</TD>
    <TD>23.7654</TD>
    <TD>0.1633</TD>
    <TD>0.57</TD>
  </TR>
  <TR>
    <TD>1851.0</TD>
    <TD>241.3106</TD>
    <TD>54.94904</TD>
    <TD>1816.492</TD>
    <TD>792.438</TD>
    <TD>24.0064</TD>
    <TD>0.1561</TD>
    <TD>23.5402</TD>
    <TD>0.2463</TD>
    <TD>23.5402</TD>
    <TD>0.2463</TD>
    <TD>0.66</TD>
  </TR>
  <TR>
    <TD>1852.0</TD>
    <TD>241.3151</TD>
    <TD>55.09746</TD>
    <TD>184.328</TD>
    <TD>785.317</TD>
    <TD>25.7481</TD>
    <TD>0.3111</TD>
    <TD>25.3372</TD>
    <TD>0.2982</TD>
    <TD>25.3372</TD>
    <TD>0.2982</TD>
    <TD>0.35</TD>
  </TR>
  <TR>
    <TD>1853.0</TD>
    <TD>241.3143</TD>
    <TD>55.09632</TD>
    <TD>197.125</TD>
    <TD>790.389</TD>
    <TD>24.9659</TD>
    <TD>0.245</TD>
    <TD>24.2506</TD>
    <TD>0.234</TD>
    <TD>24.2506</TD>
    <TD>0.234</TD>
    <TD>0.48</TD>
  </TR>
  <TR>
    <TD>1854.0</TD>
    <TD>241.3108</TD>
    <TD>55.02375</TD>
    <TD>998.4</TD>
    <TD>802.693</TD>
    <TD>22.5795</TD>
    <TD>0.0683</TD>
    <TD>22.2787</TD>
    <TD>0.1159</TD>
    <TD>22.2787</TD>
    <TD>0.1159</TD>
    <TD>0.01</TD>
  </TR>
  <TR>
    <TD>1855.0</TD>
    <TD>241.3051</TD>
    <TD>55.07826</TD>
    <TD>398.683</TD>
    <TD>845.46</TD>
    <TD>20.5238</TD>
    <TD>0.023</TD>
    <TD>20.4334</TD>
    <TD>0.0353</TD>
    <TD>20.3697</TD>
    <TD>0.0239</TD>
    <TD>0.0</TD>
  </TR>
  <TR>
    <TD>1856.0</TD>
    <TD>241.3147</TD>
    <TD>55.08489</TD>
    <TD>323.615</TD>
    <TD>786.415</TD>
    <TD>25.1971</TD>
    <TD>0.2417</TD>
    <TD>24.5893</TD>
    <TD>0.3834</TD>
    <TD>24.5893</TD>
    <TD>0.3834</TD>
    <TD>0.48</TD>
  </TR>
  <TR>
    <TD>1857.0</TD>
    <TD>241.3113</TD>
    <TD>55.06057</TD>
    <TD>592.954</TD>
    <TD>804.301</TD>
    <TD>23.5781</TD>
    <TD>0.1277</TD>
    <TD>23.2868</TD>
    <TD>0.2179</TD>
    <TD>23.2868</TD>
    <TD>0.2179</TD>
    <TD>0.03</TD>
  </TR>
  <TR>
    <TD>1858.0</TD>
    <TD>241.3093</TD>
    <TD>55.09717</TD>
    <TD>188.56</TD>
    <TD>821.768</TD>
    <TD>23.9424</TD>
    <TD>0.151</TD>
    <TD>23.9008</TD>
    <TD>0.3483</TD>
    <TD>23.9008</TD>
    <TD>0.3483</TD>
    <TD>0.45</TD>
  </TR>
  <TR>
    <TD>1859.0</TD>
    <TD>241.3088</TD>
    <TD>54.95759</TD>
    <TD>1723.394</TD>
    <TD>805.032</TD>
    <TD>22.4358</TD>
    <TD>0.0618</TD>
    <TD>22.3451</TD>
    <TD>0.0849</TD>
    <TD>22.3451</TD>
    <TD>0.0849</TD>
    <TD>0.13</TD>
  </TR>
  <TR>
    <TD>1860.0</TD>
    <TD>241.3143</TD>
    <TD>55.10312</TD>
    <TD>121.686</TD>
    <TD>790.659</TD>
    <TD>25.7338</TD>
    <TD>0.3071</TD>
    <TD>25.4409</TD>
    <TD>0.3272</TD>
    <TD>25.4409</TD>
    <TD>0.3272</TD>
    <TD>0.37</TD>
  </TR>
  <TR>
    <TD>1861.0</TD>
    <TD>241.3102</TD>
    <TD>55.01365</TD>
    <TD>1109.426</TD>
    <TD>804.62</TD>
    <TD>23.0679</TD>
    <TD>0.098</TD>
    <TD>22.2255</TD>
    <TD>0.1082</TD>
    <TD>22.5984</TD>
    <TD>0.0979</TD>
    <TD>0.01</TD>
  </TR>
  <TR>
    <TD>1862.0</TD>
    <TD>241.3107</TD>
    <TD>55.01363</TD>
    <TD>1109.518</TD>
    <TD>801.515</TD>
    <TD>23.3048</TD>
    <TD>0.1096</TD>
    <TD>22.577</TD>
    <TD>0.1379</TD>
    <TD>22.8284</TD>
    <TD>0.1094</TD>
    <TD>0.58</TD>
  </TR>
  <TR>
    <TD>1863.0</TD>
    <TD>241.3099</TD>
    <TD>54.9314</TD>
    <TD>2008.919</TD>
    <TD>793.946</TD>
    <TD>24.8951</TD>
    <TD>0.23</TD>
    <TD>23.8147</TD>
    <TD>0.272</TD>
    <TD>23.8147</TD>
    <TD>0.272</TD>
    <TD>0.42</TD>
  </TR>
  <TR>
    <TD>1864.0</TD>
    <TD>241.3095</TD>
    <TD>55.10981</TD>
    <TD>48.383</TD>
    <TD>821.626</TD>
    <TD>22.0801</TD>
    <TD>0.0559</TD>
    <TD>21.9078</TD>
    <TD>0.0921</TD>
    <TD>21.9078</TD>
    <TD>0.0921</TD>
    <TD>0.0</TD>
  </TR>
  <TR>
    <TD>1865.0</TD>
    <TD>241.3104</TD>
    <TD>54.96243</TD>
    <TD>1670.249</TD>
    <TD>795.594</TD>
    <TD>25.5113</TD>
    <TD>0.3197</TD>
    <TD>24.6</TD>
    <TD>0.3872</TD>
    <TD>24.6</TD>
    <TD>0.3872</TD>
    <TD>0.36</TD>
  </TR>
  <TR>
    <TD>1866.0</TD>
    <TD>241.3112</TD>
    <TD>55.00883</TD>
    <TD>1162.126</TD>
    <TD>798.139</TD>
    <TD>24.8937</TD>
    <TD>0.2297</TD>
    <TD>24.1306</TD>
    <TD>0.3281</TD>
    <TD>24.1306</TD>
    <TD>0.3281</TD>
    <TD>0.37</TD>
  </TR>
  <TR>
    <TD>1867.0</TD>
    <TD>241.3091</TD>
    <TD>54.98529</TD>
    <TD>1420.513</TD>
    <TD>807.826</TD>
    <TD>23.7097</TD>
    <TD>0.1437</TD>
    <TD>23.3888</TD>
    <TD>0.2408</TD>
    <TD>23.3888</TD>
    <TD>0.2408</TD>
    <TD>0.63</TD>
  </TR>
  <TR>
    <TD>1868.0</TD>
    <TD>241.3132</TD>
    <TD>55.07186</TD>
    <TD>467.969</TD>
    <TD>794.0</TD>
    <TD>25.4673</TD>
    <TD>0.2429</TD>
    <TD>24.7242</TD>
    <TD>0.3659</TD>
    <TD>24.7242</TD>
    <TD>0.3659</TD>
    <TD>0.42</TD>
  </TR>
  <TR>
    <TD>1869.0</TD>
    <TD>241.3111</TD>
    <TD>55.06756</TD>
    <TD>515.77</TD>
    <TD>806.59</TD>
    <TD>24.0211</TD>
    <TD>0.1542</TD>
    <TD>23.605</TD>
    <TD>0.2547</TD>
    <TD>23.605</TD>
    <TD>0.2547</TD>
    <TD>0.52</TD>
  </TR>
  <TR>
    <TD>1870.0</TD>
    <TD>241.3117</TD>
    <TD>55.09918</TD>
    <TD>165.845</TD>
    <TD>806.624</TD>
    <TD>24.369</TD>
    <TD>0.187</TD>
    <TD>23.7564</TD>
    <TD>0.2535</TD>
    <TD>23.7564</TD>
    <TD>0.2535</TD>
    <TD>0.37</TD>
  </TR>
  <TR>
    <TD>1871.0</TD>
    <TD>241.306</TD>
    <TD>54.94529</TD>
    <TD>1858.085</TD>
    <TD>820.98</TD>
    <TD>21.0374</TD>
    <TD>0.025</TD>
    <TD>20.9877</TD>
    <TD>0.034</TD>
    <TD>20.9877</TD>
    <TD>0.034</TD>
    <TD>0.03</TD>
  </TR>
  <TR>
    <TD>1872.0</TD>
    <TD>241.309</TD>
    <TD>54.99459</TD>
    <TD>1318.643</TD>
    <TD>809.364</TD>
    <TD>23.2361</TD>
    <TD>0.1045</TD>
    <TD>23.1051</TD>
    <TD>0.2057</TD>
    <TD>23.1051</TD>
    <TD>0.2057</TD>
    <TD>0.17</TD>
  </TR>
  <TR>
    <TD>1873.0</TD>
    <TD>241.3117</TD>
    <TD>55.03599</TD>
    <TD>863.676</TD>
    <TD>798.659</TD>
    <TD>25.7119</TD>
    <TD>0.3012</TD>
    <TD>25.3208</TD>
    <TD>0.2938</TD>
    <TD>25.3208</TD>
    <TD>0.2938</TD>
    <TD>0.4</TD>
  </TR>
  <TR>
    <TD>1874.0</TD>
    <TD>241.3126</TD>
    <TD>55.07826</TD>
    <TD>397.265</TD>
    <TD>798.639</TD>
    <TD>25.5356</TD>
    <TD>0.2579</TD>
    <TD>25.4896</TD>
    <TD>0.3418</TD>
    <TD>25.4896</TD>
    <TD>0.3418</TD>
    <TD>0.4</TD>
  </TR>
  <TR>
    <TD>1875.0</TD>
    <TD>241.3078</TD>
    <TD>54.93833</TD>
    <TD>1933.684</TD>
    <TD>808.269</TD>
    <TD>23.9361</TD>
    <TD>0.1571</TD>
    <TD>23.2437</TD>
    <TD>0.278</TD>
    <TD>23.2437</TD>
    <TD>0.278</TD>
    <TD>0.34</TD>
  </TR>
  <TR>
    <TD>1876.0</TD>
    <TD>241.3115</TD>
    <TD>55.10142</TD>
    <TD>141.101</TD>
    <TD>808.139</TD>
    <TD>24.6844</TD>
    <TD>0.2116</TD>
    <TD>24.2732</TD>
    <TD>0.4632</TD>
    <TD>24.2732</TD>
    <TD>0.4632</TD>
    <TD>0.48</TD>
  </TR>
  <TR>
    <TD>1877.0</TD>
    <TD>241.3115</TD>
    <TD>55.10824</TD>
    <TD>65.381</TD>
    <TD>808.944</TD>
    <TD>25.2391</TD>
    <TD>0.2509</TD>
    <TD>24.3376</TD>
    <TD>0.3326</TD>
    <TD>24.3376</TD>
    <TD>0.3326</TD>
    <TD>0.48</TD>
  </TR>
  <TR>
    <TD>1878.0</TD>
    <TD>241.3118</TD>
    <TD>55.10532</TD>
    <TD>97.775</TD>
    <TD>806.81</TD>
    <TD>25.2589</TD>
    <TD>0.2553</TD>
    <TD>24.4145</TD>
    <TD>0.3639</TD>
    <TD>24.4145</TD>
    <TD>0.3639</TD>
    <TD>0.4</TD>
  </TR>
  <TR>
    <TD>1879.0</TD>
    <TD>241.3124</TD>
    <TD>55.09074</TD>
    <TD>259.217</TD>
    <TD>801.594</TD>
    <TD>25.1857</TD>
    <TD>0.2393</TD>
    <TD>24.2848</TD>
    <TD>0.3201</TD>
    <TD>24.2848</TD>
    <TD>0.3201</TD>
    <TD>0.44</TD>
  </TR>
  <TR>
    <TD>1880.0</TD>
    <TD>241.3126</TD>
    <TD>55.11111</TD>
    <TD>33.337</TD>
    <TD>802.674</TD>
    <TD>26.0278</TD>
    <TD>0.399</TD>
    <TD>24.9559</TD>
    <TD>0.4203</TD>
    <TD>24.9559</TD>
    <TD>0.4203</TD>
    <TD>0.36</TD>
  </TR>
  <TR>
    <TD>1881.0</TD>
    <TD>241.3116</TD>
    <TD>55.08712</TD>
    <TD>299.485</TD>
    <TD>805.988</TD>
    <TD>25.21</TD>
    <TD>0.2207</TD>
    <TD>25.0742</TD>
    <TD>0.3276</TD>
    <TD>25.0742</TD>
    <TD>0.3276</TD>
    <TD>0.47</TD>
  </TR>
  <TR>
    <TD>1882.0</TD>
    <TD>241.3118</TD>
    <TD>55.09673</TD>
    <TD>193.0</TD>
    <TD>805.989</TD>
    <TD>25.9711</TD>
    <TD>0.3793</TD>
    <TD>25.2245</TD>
    <TD>0.5155</TD>
    <TD>25.2245</TD>
    <TD>0.5155</TD>
    <TD>0.44</TD>
  </TR>
  <TR>
    <TD>1883.0</TD>
    <TD>241.3108</TD>
    <TD>55.0687</TD>
    <TD>503.227</TD>
    <TD>808.434</TD>
    <TD>25.3356</TD>
    <TD>0.2978</TD>
    <TD>24.6793</TD>
    <TD>0.286</TD>
    <TD>24.6793</TD>
    <TD>0.286</TD>
    <TD>0.47</TD>
  </TR>
  <TR>
    <TD>1884.0</TD>
    <TD>241.3099</TD>
    <TD>55.04217</TD>
    <TD>795.906</TD>
    <TD>810.597</TD>
    <TD>24.4101</TD>
    <TD>0.1873</TD>
    <TD>23.9214</TD>
    <TD>0.2876</TD>
    <TD>23.9214</TD>
    <TD>0.2876</TD>
    <TD>0.39</TD>
  </TR>
  <TR>
    <TD>1885.0</TD>
    <TD>241.3109</TD>
    <TD>55.03504</TD>
    <TD>874.272</TD>
    <TD>803.595</TD>
    <TD>25.5358</TD>
    <TD>0.2579</TD>
    <TD>25.2104</TD>
    <TD>0.2863</TD>
    <TD>25.2104</TD>
    <TD>0.2863</TD>
    <TD>0.41</TD>
  </TR>
  <TR>
    <TD>1886.0</TD>
    <TD>241.2913</TD>
    <TD>55.05486</TD>
    <TD>659.395</TD>
    <TD>928.839</TD>
    <TD>20.6797</TD>
    <TD>0.0231</TD>
    <TD>20.6369</TD>
    <TD>0.0297</TD>
    <TD>20.6369</TD>
    <TD>0.0297</TD>
    <TD>0.01</TD>
  </TR>
  <TR>
    <TD>1887.0</TD>
    <TD>241.3085</TD>
    <TD>54.94209</TD>
    <TD>1892.644</TD>
    <TD>804.688</TD>
    <TD>26.018</TD>
    <TD>0.3955</TD>
    <TD>25.1362</TD>
    <TD>0.5146</TD>
    <TD>25.1362</TD>
    <TD>0.5146</TD>
    <TD>0.36</TD>
  </TR>
  <TR>
    <TD>1888.0</TD>
    <TD>241.3104</TD>
    <TD>55.01972</TD>
    <TD>1042.69</TD>
    <TD>804.332</TD>
    <TD>25.9776</TD>
    <TD>0.3815</TD>
    <TD>26.1255</TD>
    <TD>0.6072</TD>
    <TD>26.1255</TD>
    <TD>0.6072</TD>
    <TD>0.39</TD>
  </TR>
  <TR>
    <TD>1889.0</TD>
    <TD>241.3078</TD>
    <TD>55.01013</TD>
    <TD>1148.404</TD>
    <TD>819.223</TD>
    <TD>22.9546</TD>
    <TD>0.0886</TD>
    <TD>22.7894</TD>
    <TD>0.1407</TD>
    <TD>22.7894</TD>
    <TD>0.1407</TD>
    <TD>0.0</TD>
  </TR>
  <TR>
    <TD>1890.0</TD>
    <TD>241.3058</TD>
    <TD>55.04006</TD>
    <TD>819.892</TD>
    <TD>835.864</TD>
    <TD>21.4532</TD>
    <TD>0.0365</TD>
    <TD>21.2205</TD>
    <TD>0.0585</TD>
    <TD>21.2205</TD>
    <TD>0.0585</TD>
    <TD>0.01</TD>
  </TR>
  <TR>
    <TD>1891.0</TD>
    <TD>241.3096</TD>
    <TD>55.01419</TD>
    <TD>1103.6</TD>
    <TD>808.775</TD>
    <TD>25.4366</TD>
    <TD>0.2991</TD>
    <TD>23.9175</TD>
    <TD>0.283</TD>
    <TD>23.9175</TD>
    <TD>0.283</TD>
    <TD>0.41</TD>
  </TR>
  <TR>
    <TD>1892.0</TD>
    <TD>241.3041</TD>
    <TD>54.97323</TD>
    <TD>1553.224</TD>
    <TD>837.098</TD>
    <TD>22.3616</TD>
    <TD>0.0693</TD>
    <TD>22.0533</TD>
    <TD>0.1248</TD>
    <TD>22.0533</TD>
    <TD>0.1248</TD>
    <TD>0.0</TD>
  </TR>
  <TR>
    <TD>1893.0</TD>
    <TD>241.3043</TD>
    <TD>54.99416</TD>
    <TD>1324.104</TD>
    <TD>838.805</TD>
    <TD>22.0078</TD>
    <TD>0.0569</TD>
    <TD>21.7564</TD>
    <TD>0.0748</TD>
    <TD>21.7564</TD>
    <TD>0.0748</TD>
    <TD>0.01</TD>
  </TR>
  <TR>
    <TD>1894.0</TD>
    <TD>241.3084</TD>
    <TD>54.9773</TD>
    <TD>1507.98</TD>
    <TD>810.522</TD>
    <TD>25.1465</TD>
    <TD>0.2515</TD>
    <TD>24.4653</TD>
    <TD>0.3885</TD>
    <TD>24.4653</TD>
    <TD>0.3885</TD>
    <TD>0.48</TD>
  </TR>
  <TR>
    <TD>1895.0</TD>
    <TD>241.3093</TD>
    <TD>55.03571</TD>
    <TD>867.144</TD>
    <TD>813.754</TD>
    <TD>25.1033</TD>
    <TD>0.277</TD>
    <TD>23.9683</TD>
    <TD>0.2926</TD>
    <TD>23.9683</TD>
    <TD>0.2926</TD>
    <TD>0.38</TD>
  </TR>
  <TR>
    <TD>1896.0</TD>
    <TD>241.308</TD>
    <TD>55.11336</TD>
    <TD>9.229</TD>
    <TD>831.7</TD>
    <TD>22.4905</TD>
    <TD>0.0648</TD>
    <TD>22.4269</TD>
    <TD>0.0942</TD>
    <TD>22.2376</TD>
    <TD>0.0673</TD>
    <TD>0.11</TD>
  </TR>
  <TR>
    <TD>1897.0</TD>
    <TD>241.3093</TD>
    <TD>55.08321</TD>
    <TD>343.194</TD>
    <TD>820.174</TD>
    <TD>24.8458</TD>
    <TD>0.2326</TD>
    <TD>24.1034</TD>
    <TD>0.346</TD>
    <TD>24.1034</TD>
    <TD>0.346</TD>
    <TD>0.42</TD>
  </TR>
  <TR>
    <TD>1898.0</TD>
    <TD>241.3092</TD>
    <TD>55.03946</TD>
    <TD>825.922</TD>
    <TD>814.787</TD>
    <TD>24.8857</TD>
    <TD>0.2281</TD>
    <TD>24.5651</TD>
    <TD>0.3926</TD>
    <TD>24.5651</TD>
    <TD>0.3926</TD>
    <TD>0.45</TD>
  </TR>
  <TR>
    <TD>1899.0</TD>
    <TD>241.3087</TD>
    <TD>55.05495</TD>
    <TD>655.389</TD>
    <TD>819.7</TD>
    <TD>23.9987</TD>
    <TD>0.1625</TD>
    <TD>23.3165</TD>
    <TD>0.2576</TD>
    <TD>23.3165</TD>
    <TD>0.2576</TD>
    <TD>0.18</TD>
  </TR>
  <TR>
    <TD>1900.0</TD>
    <TD>241.3085</TD>
    <TD>54.98197</TD>
    <TD>1456.938</TD>
    <TD>811.0</TD>
    <TD>25.6986</TD>
    <TD>0.2977</TD>
    <TD>25.1484</TD>
    <TD>0.2708</TD>
    <TD>25.1484</TD>
    <TD>0.2708</TD>
    <TD>0.38</TD>
  </TR>
  <TR>
    <TD>1901.0</TD>
    <TD>241.3079</TD>
    <TD>55.09476</TD>
    <TD>215.599</TD>
    <TD>830.345</TD>
    <TD>23.7904</TD>
    <TD>0.1319</TD>
    <TD>22.6752</TD>
    <TD>0.163</TD>
    <TD>22.6752</TD>
    <TD>0.163</TD>
    <TD>0.49</TD>
  </TR>
  <TR>
    <TD>1902.0</TD>
    <TD>241.3077</TD>
    <TD>54.97379</TD>
    <TD>1546.495</TD>
    <TD>814.489</TD>
    <TD>25.5414</TD>
    <TD>0.2959</TD>
    <TD>25.1507</TD>
    <TD>0.5119</TD>
    <TD>25.1507</TD>
    <TD>0.5119</TD>
    <TD>0.45</TD>
  </TR>
  <TR>
    <TD>1903.0</TD>
    <TD>241.309</TD>
    <TD>55.09048</TD>
    <TD>262.738</TD>
    <TD>822.595</TD>
    <TD>24.5997</TD>
    <TD>0.2137</TD>
    <TD>23.0411</TD>
    <TD>0.2331</TD>
    <TD>23.0411</TD>
    <TD>0.2331</TD>
    <TD>0.36</TD>
  </TR>
  <TR>
    <TD>1904.0</TD>
    <TD>241.3089</TD>
    <TD>55.10099</TD>
    <TD>146.283</TD>
    <TD>824.276</TD>
    <TD>23.5883</TD>
    <TD>0.1289</TD>
    <TD>23.0714</TD>
    <TD>0.2414</TD>
    <TD>23.0714</TD>
    <TD>0.2414</TD>
    <TD>0.49</TD>
  </TR>
  <TR>
    <TD>1905.0</TD>
    <TD>241.31</TD>
    <TD>55.09922</TD>
    <TD>165.699</TD>
    <TD>817.559</TD>
    <TD>25.2081</TD>
    <TD>0.2857</TD>
    <TD>24.5406</TD>
    <TD>0.3534</TD>
    <TD>24.5406</TD>
    <TD>0.3534</TD>
    <TD>0.36</TD>
  </TR>
  <TR>
    <TD>1906.0</TD>
    <TD>241.3026</TD>
    <TD>55.02547</TD>
    <TD>980.934</TD>
    <TD>854.193</TD>
    <TD>20.3704</TD>
    <TD>0.0162</TD>
    <TD>20.331</TD>
    <TD>0.019</TD>
    <TD>20.331</TD>
    <TD>0.019</TD>
    <TD>0.03</TD>
  </TR>
  <TR>
    <TD>1907.0</TD>
    <TD>241.3099</TD>
    <TD>55.10536</TD>
    <TD>97.661</TD>
    <TD>818.674</TD>
    <TD>25.7133</TD>
    <TD>0.3016</TD>
    <TD>24.7703</TD>
    <TD>0.388</TD>
    <TD>24.7703</TD>
    <TD>0.388</TD>
    <TD>0.41</TD>
  </TR>
  <TR>
    <TD>1908.0</TD>
    <TD>241.3079</TD>
    <TD>55.015</TD>
    <TD>1095.001</TD>
    <TD>819.22</TD>
    <TD>25.6652</TD>
    <TD>0.3304</TD>
    <TD>24.8997</TD>
    <TD>0.2907</TD>
    <TD>24.8997</TD>
    <TD>0.2907</TD>
    <TD>0.43</TD>
  </TR>
  <TR>
    <TD>1909.0</TD>
    <TD>241.3058</TD>
    <TD>55.01916</TD>
    <TD>1049.615</TD>
    <TD>832.999</TD>
    <TD>22.6456</TD>
    <TD>0.0843</TD>
    <TD>22.2885</TD>
    <TD>0.1327</TD>
    <TD>22.2885</TD>
    <TD>0.1327</TD>
    <TD>0.01</TD>
  </TR>
  <TR>
    <TD>1910.0</TD>
    <TD>241.3075</TD>
    <TD>55.05475</TD>
    <TD>657.787</TD>
    <TD>827.256</TD>
    <TD>24.8315</TD>
    <TD>0.2042</TD>
    <TD>23.7952</TD>
    <TD>0.2792</TD>
    <TD>23.7952</TD>
    <TD>0.2792</TD>
    <TD>0.5</TD>
  </TR>
  <TR>
    <TD>1911.0</TD>
    <TD>241.3082</TD>
    <TD>55.09081</TD>
    <TD>259.213</TD>
    <TD>827.786</TD>
    <TD>24.1834</TD>
    <TD>0.1686</TD>
    <TD>22.5615</TD>
    <TD>0.1344</TD>
    <TD>23.6465</TD>
    <TD>0.165</TD>
    <TD>0.37</TD>
  </TR>
  <TR>
    <TD>1912.0</TD>
    <TD>241.3066</TD>
    <TD>55.10249</TD>
    <TD>130.056</TD>
    <TD>839.181</TD>
    <TD>22.7244</TD>
    <TD>0.0776</TD>
    <TD>22.5746</TD>
    <TD>0.1416</TD>
    <TD>22.5746</TD>
    <TD>0.1416</TD>
    <TD>0.15</TD>
  </TR>
  <TR>
    <TD>1913.0</TD>
    <TD>241.3059</TD>
    <TD>55.02418</TD>
    <TD>994.536</TD>
    <TD>833.536</TD>
    <TD>23.7106</TD>
    <TD>0.1363</TD>
    <TD>22.8246</TD>
    <TD>0.2093</TD>
    <TD>22.8246</TD>
    <TD>0.2093</TD>
    <TD>0.56</TD>
  </TR>
  <TR>
    <TD>1914.0</TD>
    <TD>241.3073</TD>
    <TD>55.00894</TD>
    <TD>1161.634</TD>
    <TD>822.289</TD>
    <TD>25.8559</TD>
    <TD>0.3423</TD>
    <TD>25.4877</TD>
    <TD>0.3413</TD>
    <TD>25.4877</TD>
    <TD>0.3413</TD>
    <TD>0.39</TD>
  </TR>
  <TR>
    <TD>1915.0</TD>
    <TD>241.3039</TD>
    <TD>55.03051</TD>
    <TD>925.238</TD>
    <TD>846.632</TD>
    <TD>22.075</TD>
    <TD>0.0557</TD>
    <TD>21.9354</TD>
    <TD>0.0995</TD>
    <TD>21.9354</TD>
    <TD>0.0995</TD>
    <TD>0.0</TD>
  </TR>
  <TR>
    <TD>1916.0</TD>
    <TD>241.3008</TD>
    <TD>54.97988</TD>
    <TD>1480.965</TD>
    <TD>858.563</TD>
    <TD>22.5306</TD>
    <TD>0.0739</TD>
    <TD>22.2106</TD>
    <TD>0.1221</TD>
    <TD>22.2106</TD>
    <TD>0.1221</TD>
    <TD>0.0</TD>
  </TR>
  <TR>
    <TD>1917.0</TD>
    <TD>241.3082</TD>
    <TD>55.09706</TD>
    <TD>189.99</TD>
    <TD>828.784</TD>
    <TD>24.1948</TD>
    <TD>0.1653</TD>
    <TD>23.0105</TD>
    <TD>0.1967</TD>
    <TD>23.0105</TD>
    <TD>0.1967</TD>
    <TD>0.47</TD>
  </TR>
  <TR>
    <TD>1918.0</TD>
    <TD>241.303</TD>
    <TD>55.01921</TD>
    <TD>1049.576</TD>
    <TD>850.836</TD>
    <TD>21.8112</TD>
    <TD>0.0444</TD>
    <TD>21.4179</TD>
    <TD>0.0739</TD>
    <TD>21.4179</TD>
    <TD>0.0739</TD>
    <TD>0.01</TD>
  </TR>
  <TR>
    <TD>1919.0</TD>
    <TD>241.3085</TD>
    <TD>55.08969</TD>
    <TD>271.594</TD>
    <TD>825.703</TD>
    <TD>25.7651</TD>
    <TD>0.3158</TD>
    <TD>24.6648</TD>
    <TD>0.3525</TD>
    <TD>24.6648</TD>
    <TD>0.3525</TD>
    <TD>0.36</TD>
  </TR>
  <TR>
    <TD>1920.0</TD>
    <TD>241.3024</TD>
    <TD>54.96177</TD>
    <TD>1678.731</TD>
    <TD>845.931</TD>
    <TD>23.6546</TD>
    <TD>0.1248</TD>
    <TD>23.1186</TD>
    <TD>0.2144</TD>
    <TD>23.1186</TD>
    <TD>0.2144</TD>
    <TD>0.51</TD>
  </TR>
  <TR>
    <TD>1921.0</TD>
    <TD>241.305</TD>
    <TD>55.00819</TD>
    <TD>1170.176</TD>
    <TD>836.827</TD>
    <TD>23.407</TD>
    <TD>0.1115</TD>
    <TD>23.1521</TD>
    <TD>0.1946</TD>
    <TD>23.1521</TD>
    <TD>0.1946</TD>
    <TD>0.19</TD>
  </TR>
  <TR>
    <TD>1922.0</TD>
    <TD>241.2934</TD>
    <TD>54.95525</TD>
    <TD>1751.392</TD>
    <TD>901.2</TD>
    <TD>20.5372</TD>
    <TD>0.0232</TD>
    <TD>20.4458</TD>
    <TD>0.0359</TD>
    <TD>20.4458</TD>
    <TD>0.0359</TD>
    <TD>0.01</TD>
  </TR>
  <TR>
    <TD>1923.0</TD>
    <TD>241.3025</TD>
    <TD>55.07824</TD>
    <TD>399.36</TD>
    <TD>862.127</TD>
    <TD>21.1692</TD>
    <TD>0.0322</TD>
    <TD>20.9919</TD>
    <TD>0.0409</TD>
    <TD>20.9928</TD>
    <TD>0.0334</TD>
    <TD>0.0</TD>
  </TR>
  <TR>
    <TD>1924.0</TD>
    <TD>241.3068</TD>
    <TD>55.08039</TD>
    <TD>374.764</TD>
    <TD>835.297</TD>
    <TD>23.3792</TD>
    <TD>0.0897</TD>
    <TD>23.219</TD>
    <TD>0.1381</TD>
    <TD>23.219</TD>
    <TD>0.1381</TD>
    <TD>0.67</TD>
  </TR>
  <TR>
    <TD>1925.0</TD>
    <TD>241.3072</TD>
    <TD>55.04176</TD>
    <TD>800.99</TD>
    <TD>827.5</TD>
    <TD>25.6099</TD>
    <TD>0.3145</TD>
    <TD>24.6097</TD>
    <TD>0.4222</TD>
    <TD>24.6097</TD>
    <TD>0.4222</TD>
    <TD>0.47</TD>
  </TR>
  <TR>
    <TD>1926.0</TD>
    <TD>241.3078</TD>
    <TD>55.06866</TD>
    <TD>504.251</TD>
    <TD>827.547</TD>
    <TD>25.0725</TD>
    <TD>0.2165</TD>
    <TD>25.0047</TD>
    <TD>0.3197</TD>
    <TD>25.0047</TD>
    <TD>0.3197</TD>
    <TD>0.43</TD>
  </TR>
  <TR>
    <TD>1927.0</TD>
    <TD>241.3067</TD>
    <TD>55.03882</TD>
    <TD>833.337</TD>
    <TD>830.322</TD>
    <TD>25.7092</TD>
    <TD>0.3005</TD>
    <TD>24.559</TD>
    <TD>0.3774</TD>
    <TD>24.559</TD>
    <TD>0.3774</TD>
    <TD>0.37</TD>
  </TR>
  <TR>
    <TD>1928.0</TD>
    <TD>241.3043</TD>
    <TD>55.02417</TD>
    <TD>994.875</TD>
    <TD>843.43</TD>
    <TD>23.9362</TD>
    <TD>0.1502</TD>
    <TD>23.0349</TD>
    <TD>0.2128</TD>
    <TD>23.0349</TD>
    <TD>0.2128</TD>
    <TD>0.51</TD>
  </TR>
  <TR>
    <TD>1929.0</TD>
    <TD>241.3045</TD>
    <TD>54.99727</TD>
    <TD>1290.015</TD>
    <TD>837.917</TD>
    <TD>25.0668</TD>
    <TD>0.2681</TD>
    <TD>24.2007</TD>
    <TD>0.2275</TD>
    <TD>24.2007</TD>
    <TD>0.2275</TD>
    <TD>0.48</TD>
  </TR>
  <TR>
    <TD>1930.0</TD>
    <TD>241.3049</TD>
    <TD>54.98875</TD>
    <TD>1383.293</TD>
    <TD>834.349</TD>
    <TD>25.9423</TD>
    <TD>0.3697</TD>
    <TD>25.2123</TD>
    <TD>0.5311</TD>
    <TD>25.2123</TD>
    <TD>0.5311</TD>
    <TD>0.39</TD>
  </TR>
  <TR>
    <TD>1931.0</TD>
    <TD>241.3053</TD>
    <TD>55.09927</TD>
    <TD>166.02</TD>
    <TD>846.778</TD>
    <TD>23.9481</TD>
    <TD>0.1518</TD>
    <TD>23.5939</TD>
    <TD>0.2866</TD>
    <TD>23.5939</TD>
    <TD>0.2866</TD>
    <TD>0.2</TD>
  </TR>
  <TR>
    <TD>1932.0</TD>
    <TD>241.3037</TD>
    <TD>54.96922</TD>
    <TD>1597.109</TD>
    <TD>838.891</TD>
    <TD>24.2254</TD>
    <TD>0.1274</TD>
    <TD>24.2903</TD>
    <TD>0.2013</TD>
    <TD>24.2903</TD>
    <TD>0.2013</TD>
    <TD>0.61</TD>
  </TR>
  <TR>
    <TD>1933.0</TD>
    <TD>241.3043</TD>
    <TD>54.98013</TD>
    <TD>1477.707</TD>
    <TD>836.636</TD>
    <TD>26.066</TD>
    <TD>0.4128</TD>
    <TD>25.3134</TD>
    <TD>0.2919</TD>
    <TD>25.3134</TD>
    <TD>0.2919</TD>
    <TD>0.36</TD>
  </TR>
  <TR>
    <TD>1934.0</TD>
    <TD>241.3032</TD>
    <TD>54.99466</TD>
    <TD>1318.832</TD>
    <TD>845.828</TD>
    <TD>23.5946</TD>
    <TD>0.1206</TD>
    <TD>23.0637</TD>
    <TD>0.1853</TD>
    <TD>23.1919</TD>
    <TD>0.1226</TD>
    <TD>0.63</TD>
  </TR>
  <TR>
    <TD>1935.0</TD>
    <TD>241.3051</TD>
    <TD>55.02485</TD>
    <TD>987.266</TD>
    <TD>838.364</TD>
    <TD>25.9718</TD>
    <TD>0.3795</TD>
    <TD>25.3146</TD>
    <TD>0.2922</TD>
    <TD>25.3146</TD>
    <TD>0.2922</TD>
    <TD>0.36</TD>
  </TR>
  <TR>
    <TD>1936.0</TD>
    <TD>241.3048</TD>
    <TD>55.0538</TD>
    <TD>668.75</TD>
    <TD>844.563</TD>
    <TD>24.7341</TD>
    <TD>0.1993</TD>
    <TD>24.3359</TD>
    <TD>0.548</TD>
    <TD>24.3359</TD>
    <TD>0.548</TD>
    <TD>0.43</TD>
  </TR>
  <TR>
    <TD>1937.0</TD>
    <TD>241.3015</TD>
    <TD>54.99678</TD>
    <TD>1295.932</TD>
    <TD>857.059</TD>
    <TD>22.621</TD>
    <TD>0.0728</TD>
    <TD>22.3946</TD>
    <TD>0.0948</TD>
    <TD>22.3946</TD>
    <TD>0.0948</TD>
    <TD>0.02</TD>
  </TR>
  <TR>
    <TD>1938.0</TD>
    <TD>241.3058</TD>
    <TD>55.09649</TD>
    <TD>196.729</TD>
    <TD>843.745</TD>
    <TD>24.1666</TD>
    <TD>0.1612</TD>
    <TD>23.8402</TD>
    <TD>0.2894</TD>
    <TD>23.8402</TD>
    <TD>0.2894</TD>
    <TD>0.38</TD>
  </TR>
  <TR>
    <TD>1939.0</TD>
    <TD>241.3015</TD>
    <TD>55.10821</TD>
    <TD>67.564</TD>
    <TD>871.971</TD>
    <TD>23.2431</TD>
    <TD>0.1009</TD>
    <TD>23.3259</TD>
    <TD>0.2243</TD>
    <TD>23.3259</TD>
    <TD>0.2243</TD>
    <TD>0.28</TD>
  </TR>
  <TR>
    <TD>1940.0</TD>
    <TD>241.3044</TD>
    <TD>55.06079</TD>
    <TD>591.767</TD>
    <TD>847.471</TD>
    <TD>24.9055</TD>
    <TD>0.2579</TD>
    <TD>24.0039</TD>
    <TD>0.2943</TD>
    <TD>24.0039</TD>
    <TD>0.2943</TD>
    <TD>0.42</TD>
  </TR>
  <TR>
    <TD>1941.0</TD>
    <TD>241.3047</TD>
    <TD>55.08824</TD>
    <TD>288.304</TD>
    <TD>849.659</TD>
    <TD>24.7077</TD>
    <TD>0.216</TD>
    <TD>23.4035</TD>
    <TD>0.1912</TD>
    <TD>24.1554</TD>
    <TD>0.2103</TD>
    <TD>0.36</TD>
  </TR>
  <TR>
    <TD>1942.0</TD>
    <TD>241.3039</TD>
    <TD>55.02342</TD>
    <TD>1003.203</TD>
    <TD>845.647</TD>
    <TD>24.6981</TD>
    <TD>0.224</TD>
    <TD>23.6635</TD>
    <TD>0.354</TD>
    <TD>23.6635</TD>
    <TD>0.354</TD>
    <TD>0.36</TD>
  </TR>
  <TR>
    <TD>1943.0</TD>
    <TD>241.3037</TD>
    <TD>55.02384</TD>
    <TD>998.616</TD>
    <TD>847.304</TD>
    <TD>24.7276</TD>
    <TD>0.2199</TD>
    <TD>24.1142</TD>
    <TD>0.3658</TD>
    <TD>24.1522</TD>
    <TD>0.2123</TD>
    <TD>0.45</TD>
  </TR>
  <TR>
    <TD>1944.0</TD>
    <TD>241.3043</TD>
    <TD>55.0969</TD>
    <TD>192.545</TD>
    <TD>853.242</TD>
    <TD>23.7816</TD>
    <TD>0.1339</TD>
    <TD>22.2533</TD>
    <TD>0.1241</TD>
    <TD>23.3458</TD>
    <TD>0.135</TD>
    <TD>0.27</TD>
  </TR>
  <TR>
    <TD>1945.0</TD>
    <TD>241.3023</TD>
    <TD>55.07403</TD>
    <TD>445.951</TD>
    <TD>862.9</TD>
    <TD>22.8568</TD>
    <TD>0.0881</TD>
    <TD>22.6182</TD>
    <TD>0.1276</TD>
    <TD>22.6182</TD>
    <TD>0.1276</TD>
    <TD>0.01</TD>
  </TR>
  <TR>
    <TD>1946.0</TD>
    <TD>241.2881</TD>
    <TD>54.97477</TD>
    <TD>1538.9</TD>
    <TD>937.501</TD>
    <TD>21.3705</TD>
    <TD>0.036</TD>
    <TD>21.327</TD>
    <TD>0.0476</TD>
    <TD>21.327</TD>
    <TD>0.0476</TD>
    <TD>0.0</TD>
  </TR>
  <TR>
    <TD>1947.0</TD>
    <TD>241.3038</TD>
    <TD>55.03333</TD>
    <TD>894.292</TD>
    <TD>847.648</TD>
    <TD>25.9044</TD>
    <TD>0.3574</TD>
    <TD>25.0536</TD>
    <TD>0.4411</TD>
    <TD>25.0536</TD>
    <TD>0.4411</TD>
    <TD>0.36</TD>
  </TR>
  <TR>
    <TD>1948.0</TD>
    <TD>241.303</TD>
    <TD>55.08655</TD>
    <TD>307.384</TD>
    <TD>860.042</TD>
    <TD>23.5429</TD>
    <TD>0.1196</TD>
    <TD>23.0865</TD>
    <TD>0.2155</TD>
    <TD>23.0865</TD>
    <TD>0.2155</TD>
    <TD>0.68</TD>
  </TR>
  <TR>
    <TD>1949.0</TD>
    <TD>241.3031</TD>
    <TD>55.00784</TD>
    <TD>1174.331</TD>
    <TD>848.325</TD>
    <TD>25.8074</TD>
    <TD>0.3279</TD>
    <TD>25.1745</TD>
    <TD>0.3587</TD>
    <TD>25.1745</TD>
    <TD>0.3587</TD>
    <TD>0.39</TD>
  </TR>
  <TR>
    <TD>1950.0</TD>
    <TD>241.3039</TD>
    <TD>55.04641</TD>
    <TD>750.307</TD>
    <TD>848.648</TD>
    <TD>25.9976</TD>
    <TD>0.3883</TD>
    <TD>25.642</TD>
    <TD>0.3921</TD>
    <TD>25.642</TD>
    <TD>0.3921</TD>
    <TD>0.46</TD>
  </TR>
  <TR>
    <TD>1951.0</TD>
    <TD>241.3029</TD>
    <TD>55.00719</TD>
    <TD>1181.47</TD>
    <TD>849.505</TD>
    <TD>25.5074</TD>
    <TD>0.2871</TD>
    <TD>24.9759</TD>
    <TD>0.4196</TD>
    <TD>24.9759</TD>
    <TD>0.4196</TD>
    <TD>0.48</TD>
  </TR>
  <TR>
    <TD>1952.0</TD>
    <TD>241.2982</TD>
    <TD>54.9732</TD>
    <TD>1554.495</TD>
    <TD>874.076</TD>
    <TD>21.8885</TD>
    <TD>0.0475</TD>
    <TD>21.7471</TD>
    <TD>0.0615</TD>
    <TD>21.7471</TD>
    <TD>0.0615</TD>
    <TD>0.05</TD>
  </TR>
  <TR>
    <TD>1953.0</TD>
    <TD>241.3027</TD>
    <TD>55.0658</TD>
    <TD>536.709</TD>
    <TD>858.815</TD>
    <TD>23.9775</TD>
    <TD>0.1521</TD>
    <TD>23.426</TD>
    <TD>0.2458</TD>
    <TD>23.426</TD>
    <TD>0.2458</TD>
    <TD>0.51</TD>
  </TR>
  <TR>
    <TD>1954.0</TD>
    <TD>241.299</TD>
    <TD>54.94185</TD>
    <TD>1896.676</TD>
    <TD>864.256</TD>
    <TD>24.6985</TD>
    <TD>0.2142</TD>
    <TD>23.6249</TD>
    <TD>0.2672</TD>
    <TD>23.6249</TD>
    <TD>0.2672</TD>
    <TD>0.42</TD>
  </TR>
  <TR>
    <TD>1955.0</TD>
    <TD>241.2996</TD>
    <TD>54.94417</TD>
    <TD>1871.271</TD>
    <TD>860.743</TD>
    <TD>25.0942</TD>
    <TD>0.258</TD>
    <TD>24.2157</TD>
    <TD>0.2306</TD>
    <TD>24.2157</TD>
    <TD>0.2306</TD>
    <TD>0.36</TD>
  </TR>
  <TR>
    <TD>1956.0</TD>
    <TD>241.2999</TD>
    <TD>54.93663</TD>
    <TD>1953.509</TD>
    <TD>857.482</TD>
    <TD>25.5258</TD>
    <TD>0.2918</TD>
    <TD>24.8167</TD>
    <TD>0.4178</TD>
    <TD>24.8167</TD>
    <TD>0.4178</TD>
    <TD>0.48</TD>
  </TR>
  <TR>
    <TD>1957.0</TD>
    <TD>241.3001</TD>
    <TD>55.05587</TD>
    <TD>646.761</TD>
    <TD>873.835</TD>
    <TD>23.3218</TD>
    <TD>0.1158</TD>
    <TD>22.7541</TD>
    <TD>0.2092</TD>
    <TD>22.7541</TD>
    <TD>0.2092</TD>
    <TD>0.0</TD>
  </TR>
  <TR>
    <TD>1958.0</TD>
    <TD>241.3014</TD>
    <TD>55.02039</TD>
    <TD>1036.876</TD>
    <TD>860.718</TD>
    <TD>25.1887</TD>
    <TD>0.2808</TD>
    <TD>23.973</TD>
    <TD>0.3319</TD>
    <TD>23.973</TD>
    <TD>0.3319</TD>
    <TD>0.35</TD>
  </TR>
  <TR>
    <TD>1959.0</TD>
    <TD>241.3007</TD>
    <TD>54.98624</TD>
    <TD>1411.493</TD>
    <TD>860.493</TD>
    <TD>25.6279</TD>
    <TD>0.3195</TD>
    <TD>24.6961</TD>
    <TD>0.5101</TD>
    <TD>24.6961</TD>
    <TD>0.5101</TD>
    <TD>0.41</TD>
  </TR>
  <TR>
    <TD>1960.0</TD>
    <TD>241.2957</TD>
    <TD>55.11038</TD>
    <TD>44.613</TD>
    <TD>908.732</TD>
    <TD>19.7546</TD>
    <TD>0.0109</TD>
    <TD>19.752</TD>
    <TD>0.0121</TD>
    <TD>19.752</TD>
    <TD>0.0121</TD>
    <TD>0.04</TD>
  </TR>
  <TR>
    <TD>1961.0</TD>
    <TD>241.2904</TD>
    <TD>55.0793</TD>
    <TD>389.776</TD>
    <TD>937.702</TD>
    <TD>19.9315</TD>
    <TD>0.0122</TD>
    <TD>19.9283</TD>
    <TD>0.0139</TD>
    <TD>19.9283</TD>
    <TD>0.0139</TD>
    <TD>0.04</TD>
  </TR>
  <TR>
    <TD>1962.0</TD>
    <TD>241.2946</TD>
    <TD>54.92874</TD>
    <TD>2040.34</TD>
    <TD>889.715</TD>
    <TD>22.3086</TD>
    <TD>0.059</TD>
    <TD>21.9643</TD>
    <TD>0.1003</TD>
    <TD>21.9643</TD>
    <TD>0.1003</TD>
    <TD>0.01</TD>
  </TR>
  <TR>
    <TD>1963.0</TD>
    <TD>241.2969</TD>
    <TD>55.04794</TD>
    <TD>734.683</TD>
    <TD>893.172</TD>
    <TD>21.0226</TD>
    <TD>0.0258</TD>
    <TD>20.9405</TD>
    <TD>0.0356</TD>
    <TD>20.9405</TD>
    <TD>0.0356</TD>
    <TD>0.03</TD>
  </TR>
  <TR>
    <TD>1964.0</TD>
    <TD>241.283</TD>
    <TD>55.07334</TD>
    <TD>456.947</TD>
    <TD>983.745</TD>
    <TD>15.726</TD>
    <TD>0.0010</TD>
    <TD>15.7561</TD>
    <TD>9.0E-4</TD>
    <TD>15.7561</TD>
    <TD>9.0E-4</TD>
    <TD>0.94</TD>
  </TR>
  <TR>
    <TD>1965.0</TD>
    <TD>241.2936</TD>
    <TD>55.08682</TD>
    <TD>306.006</TD>
    <TD>919.107</TD>
    <TD>22.5836</TD>
    <TD>0.0808</TD>
    <TD>21.4512</TD>
    <TD>0.096</TD>
    <TD>21.4512</TD>
    <TD>0.096</TD>
    <TD>0.02</TD>
  </TR>
  <TR>
    <TD>1966.0</TD>
    <TD>241.3008</TD>
    <TD>55.03343</TD>
    <TD>893.68</TD>
    <TD>866.342</TD>
    <TD>25.8862</TD>
    <TD>0.3516</TD>
    <TD>24.7134</TD>
    <TD>0.3499</TD>
    <TD>24.7134</TD>
    <TD>0.3499</TD>
    <TD>0.36</TD>
  </TR>
  <TR>
    <TD>1967.0</TD>
    <TD>241.2935</TD>
    <TD>55.04191</TD>
    <TD>801.698</TD>
    <TD>913.617</TD>
    <TD>19.0035</TD>
    <TD>0.0068</TD>
    <TD>19.0037</TD>
    <TD>0.0071</TD>
    <TD>19.0037</TD>
    <TD>0.0071</TD>
    <TD>0.04</TD>
  </TR>
  <TR>
    <TD>1968.0</TD>
    <TD>241.296</TD>
    <TD>54.96201</TD>
    <TD>1677.171</TD>
    <TD>885.795</TD>
    <TD>23.7995</TD>
    <TD>0.1448</TD>
    <TD>23.3511</TD>
    <TD>0.2255</TD>
    <TD>23.3511</TD>
    <TD>0.2255</TD>
    <TD>0.49</TD>
  </TR>
  <TR>
    <TD>1969.0</TD>
    <TD>241.3001</TD>
    <TD>55.03527</TD>
    <TD>873.529</TD>
    <TD>870.975</TD>
    <TD>25.8218</TD>
    <TD>0.38</TD>
    <TD>24.3555</TD>
    <TD>0.3481</TD>
    <TD>24.3555</TD>
    <TD>0.3481</TD>
    <TD>0.35</TD>
  </TR>
  <TR>
    <TD>1970.0</TD>
    <TD>241.3008</TD>
    <TD>55.07131</TD>
    <TD>476.24</TD>
    <TD>871.821</TD>
    <TD>24.747</TD>
    <TD>0.1767</TD>
    <TD>24.6951</TD>
    <TD>0.2826</TD>
    <TD>24.6951</TD>
    <TD>0.2826</TD>
    <TD>0.62</TD>
  </TR>
  <TR>
    <TD>1971.0</TD>
    <TD>241.3004</TD>
    <TD>55.05496</TD>
    <TD>656.768</TD>
    <TD>871.858</TD>
    <TD>25.083</TD>
    <TD>0.272</TD>
    <TD>24.7124</TD>
    <TD>0.4342</TD>
    <TD>24.7124</TD>
    <TD>0.4342</TD>
    <TD>0.45</TD>
  </TR>
  <TR>
    <TD>1972.0</TD>
    <TD>241.2994</TD>
    <TD>55.0186</TD>
    <TD>1056.945</TD>
    <TD>873.136</TD>
    <TD>24.1112</TD>
    <TD>0.1216</TD>
    <TD>24.119</TD>
    <TD>0.181</TD>
    <TD>24.119</TD>
    <TD>0.181</TD>
    <TD>0.82</TD>
  </TR>
  <TR>
    <TD>1973.0</TD>
    <TD>241.3</TD>
    <TD>55.03237</TD>
    <TD>905.507</TD>
    <TD>871.504</TD>
    <TD>25.7369</TD>
    <TD>0.3522</TD>
    <TD>25.2523</TD>
    <TD>0.3849</TD>
    <TD>25.2523</TD>
    <TD>0.3849</TD>
    <TD>0.34</TD>
  </TR>
  <TR>
    <TD>1974.0</TD>
    <TD>241.2824</TD>
    <TD>54.97196</TD>
    <TD>1570.527</TD>
    <TD>973.052</TD>
    <TD>15.8294</TD>
    <TD>0.0011</TD>
    <TD>15.8575</TD>
    <TD>0.0010</TD>
    <TD>15.8575</TD>
    <TD>0.0010</TD>
    <TD>0.99</TD>
  </TR>
  <TR>
    <TD>1975.0</TD>
    <TD>241.3011</TD>
    <TD>55.1087</TD>
    <TD>62.271</TD>
    <TD>874.349</TD>
    <TD>25.4251</TD>
    <TD>0.2341</TD>
    <TD>25.3651</TD>
    <TD>0.3057</TD>
    <TD>25.3651</TD>
    <TD>0.3057</TD>
    <TD>0.48</TD>
  </TR>
  <TR>
    <TD>1976.0</TD>
    <TD>241.2974</TD>
    <TD>54.99779</TD>
    <TD>1285.472</TD>
    <TD>883.048</TD>
    <TD>24.7186</TD>
    <TD>0.2281</TD>
    <TD>23.6911</TD>
    <TD>0.2839</TD>
    <TD>23.6911</TD>
    <TD>0.2839</TD>
    <TD>0.42</TD>
  </TR>
  <TR>
    <TD>1977.0</TD>
    <TD>241.2957</TD>
    <TD>54.97661</TD>
    <TD>1517.653</TD>
    <TD>889.943</TD>
    <TD>22.5945</TD>
    <TD>0.0652</TD>
    <TD>22.4792</TD>
    <TD>0.0875</TD>
    <TD>22.4792</TD>
    <TD>0.0875</TD>
    <TD>0.04</TD>
  </TR>
  <TR>
    <TD>1978.0</TD>
    <TD>241.2986</TD>
    <TD>55.03627</TD>
    <TD>862.797</TD>
    <TD>880.932</TD>
    <TD>25.1314</TD>
    <TD>0.2667</TD>
    <TD>23.7099</TD>
    <TD>0.296</TD>
    <TD>23.7099</TD>
    <TD>0.296</TD>
    <TD>0.37</TD>
  </TR>
  <TR>
    <TD>1979.0</TD>
    <TD>241.2991</TD>
    <TD>55.04122</TD>
    <TD>808.29</TD>
    <TD>878.653</TD>
    <TD>25.7732</TD>
    <TD>0.3181</TD>
    <TD>25.2767</TD>
    <TD>0.2825</TD>
    <TD>25.2767</TD>
    <TD>0.2825</TD>
    <TD>0.37</TD>
  </TR>
  <TR>
    <TD>1980.0</TD>
    <TD>241.2976</TD>
    <TD>55.06259</TD>
    <TD>573.048</TD>
    <TD>890.766</TD>
    <TD>24.0488</TD>
    <TD>0.1621</TD>
    <TD>23.0602</TD>
    <TD>0.2083</TD>
    <TD>23.0602</TD>
    <TD>0.2083</TD>
    <TD>0.54</TD>
  </TR>
  <TR>
    <TD>1981.0</TD>
    <TD>241.2967</TD>
    <TD>54.94846</TD>
    <TD>1824.972</TD>
    <TD>879.471</TD>
    <TD>25.8469</TD>
    <TD>0.3886</TD>
    <TD>24.5375</TD>
    <TD>0.319</TD>
    <TD>24.5375</TD>
    <TD>0.319</TD>
    <TD>0.41</TD>
  </TR>
  <TR>
    <TD>1982.0</TD>
    <TD>241.2956</TD>
    <TD>54.98586</TD>
    <TD>1416.427</TD>
    <TD>892.27</TD>
    <TD>23.7297</TD>
    <TD>0.1413</TD>
    <TD>22.8724</TD>
    <TD>0.1944</TD>
    <TD>22.8724</TD>
    <TD>0.1944</TD>
    <TD>0.39</TD>
  </TR>
  <TR>
    <TD>1983.0</TD>
    <TD>241.2955</TD>
    <TD>54.93573</TD>
    <TD>1963.994</TD>
    <TD>884.681</TD>
    <TD>23.9562</TD>
    <TD>0.1113</TD>
    <TD>23.8815</TD>
    <TD>0.1496</TD>
    <TD>23.8815</TD>
    <TD>0.1496</TD>
    <TD>0.64</TD>
  </TR>
  <TR>
    <TD>1984.0</TD>
    <TD>241.2974</TD>
    <TD>54.99414</TD>
    <TD>1325.503</TD>
    <TD>882.49</TD>
    <TD>25.5639</TD>
    <TD>0.3018</TD>
    <TD>24.5142</TD>
    <TD>0.4024</TD>
    <TD>24.5142</TD>
    <TD>0.4024</TD>
    <TD>0.48</TD>
  </TR>
  <TR>
    <TD>1985.0</TD>
    <TD>241.2949</TD>
    <TD>55.00072</TD>
    <TD>1253.767</TD>
    <TD>899.074</TD>
    <TD>22.773</TD>
    <TD>0.0754</TD>
    <TD>22.4486</TD>
    <TD>0.1106</TD>
    <TD>22.4486</TD>
    <TD>0.1106</TD>
    <TD>0.05</TD>
  </TR>
  <TR>
    <TD>1986.0</TD>
    <TD>241.298</TD>
    <TD>55.06857</TD>
    <TD>506.976</TD>
    <TD>888.687</TD>
    <TD>23.8434</TD>
    <TD>0.101</TD>
    <TD>23.8905</TD>
    <TD>0.1571</TD>
    <TD>23.8905</TD>
    <TD>0.1571</TD>
    <TD>0.64</TD>
  </TR>
  <TR>
    <TD>1987.0</TD>
    <TD>241.2948</TD>
    <TD>54.969</TD>
    <TD>1600.974</TD>
    <TD>894.775</TD>
    <TD>23.5403</TD>
    <TD>0.1214</TD>
    <TD>23.1443</TD>
    <TD>0.2138</TD>
    <TD>23.1443</TD>
    <TD>0.2138</TD>
    <TD>0.28</TD>
  </TR>
  <TR>
    <TD>1988.0</TD>
    <TD>241.2951</TD>
    <TD>55.03882</TD>
    <TD>835.364</TD>
    <TD>903.249</TD>
    <TD>22.5756</TD>
    <TD>0.0735</TD>
    <TD>22.1925</TD>
    <TD>0.1163</TD>
    <TD>22.1925</TD>
    <TD>0.1163</TD>
    <TD>0.0</TD>
  </TR>
  <TR>
    <TD>1989.0</TD>
    <TD>241.2977</TD>
    <TD>55.04531</TD>
    <TD>763.559</TD>
    <TD>887.976</TD>
    <TD>25.5627</TD>
    <TD>0.3348</TD>
    <TD>23.9993</TD>
    <TD>0.3347</TD>
    <TD>23.9993</TD>
    <TD>0.3347</TD>
    <TD>0.46</TD>
  </TR>
  <TR>
    <TD>1990.0</TD>
    <TD>241.2962</TD>
    <TD>54.98062</TD>
    <TD>1473.713</TD>
    <TD>887.997</TD>
    <TD>25.1423</TD>
    <TD>0.2694</TD>
    <TD>24.2302</TD>
    <TD>0.3465</TD>
    <TD>24.2302</TD>
    <TD>0.3465</TD>
    <TD>0.47</TD>
  </TR>
  <TR>
    <TD>1991.0</TD>
    <TD>241.2949</TD>
    <TD>54.96756</TD>
    <TD>1616.69</TD>
    <TD>893.781</TD>
    <TD>24.0602</TD>
    <TD>0.1638</TD>
    <TD>23.6166</TD>
    <TD>0.2761</TD>
    <TD>23.6166</TD>
    <TD>0.2761</TD>
    <TD>0.2</TD>
  </TR>
  <TR>
    <TD>1992.0</TD>
    <TD>241.2975</TD>
    <TD>55.02948</TD>
    <TD>937.67</TD>
    <TD>886.675</TD>
    <TD>26.0255</TD>
    <TD>0.3982</TD>
    <TD>25.4403</TD>
    <TD>0.6796</TD>
    <TD>25.4403</TD>
    <TD>0.6796</TD>
    <TD>0.37</TD>
  </TR>
  <TR>
    <TD>1993.0</TD>
    <TD>241.2939</TD>
    <TD>55.06432</TD>
    <TD>554.673</TD>
    <TD>914.33</TD>
    <TD>22.7436</TD>
    <TD>0.0847</TD>
    <TD>22.3525</TD>
    <TD>0.1256</TD>
    <TD>22.3525</TD>
    <TD>0.1256</TD>
    <TD>0.0</TD>
  </TR>
  <TR>
    <TD>1994.0</TD>
    <TD>241.2878</TD>
    <TD>55.00158</TD>
    <TD>1245.53</TD>
    <TD>943.735</TD>
    <TD>20.6851</TD>
    <TD>0.0255</TD>
    <TD>20.4933</TD>
    <TD>0.0352</TD>
    <TD>20.4933</TD>
    <TD>0.0352</TD>
    <TD>0.0</TD>
  </TR>
  <TR>
    <TD>1995.0</TD>
    <TD>241.2932</TD>
    <TD>55.02793</TD>
    <TD>955.422</TD>
    <TD>913.261</TD>
    <TD>22.1146</TD>
    <TD>0.0554</TD>
    <TD>21.9051</TD>
    <TD>0.0704</TD>
    <TD>21.9051</TD>
    <TD>0.0704</TD>
    <TD>0.0</TD>
  </TR>
  <TR>
    <TD>1996.0</TD>
    <TD>241.2953</TD>
    <TD>54.99642</TD>
    <TD>1300.795</TD>
    <TD>895.952</TD>
    <TD>23.934</TD>
    <TD>0.1534</TD>
    <TD>23.3897</TD>
    <TD>0.3035</TD>
    <TD>23.3897</TD>
    <TD>0.3035</TD>
    <TD>0.42</TD>
  </TR>
  <TR>
    <TD>1997.0</TD>
    <TD>241.2945</TD>
    <TD>54.96722</TD>
    <TD>1620.414</TD>
    <TD>896.203</TD>
    <TD>24.6721</TD>
    <TD>0.2093</TD>
    <TD>24.1127</TD>
    <TD>0.2235</TD>
    <TD>24.158</TD>
    <TD>0.2063</TD>
    <TD>0.38</TD>
  </TR>
  <TR>
    <TD>1998.0</TD>
    <TD>241.2935</TD>
    <TD>54.94563</TD>
    <TD>1856.348</TD>
    <TD>898.883</TD>
    <TD>24.2701</TD>
    <TD>0.1822</TD>
    <TD>22.9939</TD>
    <TD>0.2134</TD>
    <TD>22.9939</TD>
    <TD>0.2134</TD>
    <TD>0.5</TD>
  </TR>
  <TR>
    <TD>1999.0</TD>
    <TD>241.2935</TD>
    <TD>55.00786</TD>
    <TD>1175.752</TD>
    <TD>909.025</TD>
    <TD>22.7472</TD>
    <TD>0.0595</TD>
    <TD>22.7766</TD>
    <TD>0.0872</TD>
    <TD>22.7766</TD>
    <TD>0.0872</TD>
    <TD>0.86</TD>
  </TR>
  <TR>
    <TD>2000.0</TD>
    <TD>241.2946</TD>
    <TD>55.00684</TD>
    <TD>1186.718</TD>
    <TD>901.673</TD>
    <TD>23.8228</TD>
    <TD>0.1358</TD>
    <TD>23.4565</TD>
    <TD>0.2329</TD>
    <TD>23.4565</TD>
    <TD>0.2329</TD>
    <TD>0.59</TD>
  </TR>
  <TR>
    <TD>2001.0</TD>
    <TD>241.2954</TD>
    <TD>55.01247</TD>
    <TD>1124.818</TD>
    <TD>897.552</TD>
    <TD>24.7919</TD>
    <TD>0.2437</TD>
    <TD>24.0386</TD>
    <TD>0.218</TD>
    <TD>24.0386</TD>
    <TD>0.218</TD>
    <TD>0.12</TD>
  </TR>
  <TR>
    <TD>2002.0</TD>
    <TD>241.2952</TD>
    <TD>54.98816</TD>
    <TD>1391.326</TD>
    <TD>895.006</TD>
    <TD>26.0509</TD>
    <TD>0.4073</TD>
    <TD>24.3469</TD>
    <TD>0.3321</TD>
    <TD>24.3469</TD>
    <TD>0.3321</TD>
    <TD>0.36</TD>
  </TR>
  <TR>
    <TD>2003.0</TD>
    <TD>241.294</TD>
    <TD>54.947</TD>
    <TD>1841.281</TD>
    <TD>895.989</TD>
    <TD>23.8</TD>
    <TD>0.1014</TD>
    <TD>23.6219</TD>
    <TD>0.1236</TD>
    <TD>23.6219</TD>
    <TD>0.1236</TD>
    <TD>0.83</TD>
  </TR>
  <TR>
    <TD>2004.0</TD>
    <TD>241.296</TD>
    <TD>55.02544</TD>
    <TD>982.288</TD>
    <TD>895.298</TD>
    <TD>26.2011</TD>
    <TD>0.4659</TD>
    <TD>24.9567</TD>
    <TD>0.2946</TD>
    <TD>24.9567</TD>
    <TD>0.2946</TD>
    <TD>0.35</TD>
  </TR>
  <TR>
    <TD>2005.0</TD>
    <TD>241.2901</TD>
    <TD>55.0658</TD>
    <TD>538.944</TD>
    <TD>938.008</TD>
    <TD>20.7877</TD>
    <TD>0.0264</TD>
    <TD>20.714</TD>
    <TD>0.0367</TD>
    <TD>20.714</TD>
    <TD>0.0367</TD>
    <TD>0.0</TD>
  </TR>
  <TR>
    <TD>2006.0</TD>
    <TD>241.2946</TD>
    <TD>54.99869</TD>
    <TD>1276.037</TD>
    <TD>900.278</TD>
    <TD>24.8164</TD>
    <TD>0.1729</TD>
    <TD>24.8155</TD>
    <TD>0.2594</TD>
    <TD>24.8155</TD>
    <TD>0.2594</TD>
    <TD>0.63</TD>
  </TR>
  <TR>
    <TD>2007.0</TD>
    <TD>241.294</TD>
    <TD>54.95296</TD>
    <TD>1776.258</TD>
    <TD>897.432</TD>
    <TD>25.1806</TD>
    <TD>0.2382</TD>
    <TD>24.8304</TD>
    <TD>0.3195</TD>
    <TD>24.8304</TD>
    <TD>0.3195</TD>
    <TD>0.38</TD>
  </TR>
  <TR>
    <TD>2008.0</TD>
    <TD>241.2961</TD>
    <TD>55.05434</TD>
    <TD>664.337</TD>
    <TD>898.66</TD>
    <TD>26.023</TD>
    <TD>0.3972</TD>
    <TD>25.3249</TD>
    <TD>0.2949</TD>
    <TD>25.3249</TD>
    <TD>0.2949</TD>
    <TD>0.35</TD>
  </TR>
  <TR>
    <TD>2009.0</TD>
    <TD>241.288</TD>
    <TD>54.98535</TD>
    <TD>1423.226</TD>
    <TD>939.694</TD>
    <TD>20.4306</TD>
    <TD>0.0174</TD>
    <TD>20.3929</TD>
    <TD>0.021</TD>
    <TD>20.3929</TD>
    <TD>0.021</TD>
    <TD>0.03</TD>
  </TR>
  <TR>
    <TD>2010.0</TD>
    <TD>241.2939</TD>
    <TD>55.10298</TD>
    <TD>126.964</TD>
    <TD>919.004</TD>
    <TD>22.9583</TD>
    <TD>0.0982</TD>
    <TD>22.6204</TD>
    <TD>0.1388</TD>
    <TD>22.6204</TD>
    <TD>0.1388</TD>
    <TD>0.0</TD>
  </TR>
  <TR>
    <TD>2011.0</TD>
    <TD>241.2738</TD>
    <TD>55.03112</TD>
    <TD>923.685</TD>
    <TD>1035.875</TD>
    <TD>16.6589</TD>
    <TD>0.0017</TD>
    <TD>16.6875</TD>
    <TD>0.0016</TD>
    <TD>16.6875</TD>
    <TD>0.0016</TD>
    <TD>0.53</TD>
  </TR>
  <TR>
    <TD>2012.0</TD>
    <TD>241.2937</TD>
    <TD>54.96065</TD>
    <TD>1692.339</TD>
    <TD>900.297</TD>
    <TD>26.0696</TD>
    <TD>0.4141</TD>
    <TD>24.8059</TD>
    <TD>0.3807</TD>
    <TD>24.8059</TD>
    <TD>0.3807</TD>
    <TD>0.41</TD>
  </TR>
  <TR>
    <TD>2013.0</TD>
    <TD>241.2926</TD>
    <TD>54.94283</TD>
    <TD>1887.0</TD>
    <TD>904.011</TD>
    <TD>25.9171</TD>
    <TD>0.3614</TD>
    <TD>25.0556</TD>
    <TD>0.4419</TD>
    <TD>25.0556</TD>
    <TD>0.4419</TD>
    <TD>0.39</TD>
  </TR>
  <TR>
    <TD>2014.0</TD>
    <TD>241.2952</TD>
    <TD>55.0341</TD>
    <TD>887.331</TD>
    <TD>901.668</TD>
    <TD>25.9788</TD>
    <TD>0.3819</TD>
    <TD>25.1828</TD>
    <TD>0.4746</TD>
    <TD>25.1828</TD>
    <TD>0.4746</TD>
    <TD>0.37</TD>
  </TR>
  <TR>
    <TD>2015.0</TD>
    <TD>241.293</TD>
    <TD>54.94643</TD>
    <TD>1847.735</TD>
    <TD>902.559</TD>
    <TD>25.4625</TD>
    <TD>0.3061</TD>
    <TD>24.4448</TD>
    <TD>0.344</TD>
    <TD>24.4448</TD>
    <TD>0.344</TD>
    <TD>0.36</TD>
  </TR>
  <TR>
    <TD>2016.0</TD>
    <TD>241.2933</TD>
    <TD>55.00883</TD>
    <TD>1165.1</TD>
    <TD>910.372</TD>
    <TD>24.3996</TD>
    <TD>0.1787</TD>
    <TD>24.1062</TD>
    <TD>0.3275</TD>
    <TD>24.1062</TD>
    <TD>0.3275</TD>
    <TD>0.47</TD>
  </TR>
  <TR>
    <TD>2017.0</TD>
    <TD>241.2802</TD>
    <TD>55.08314</TD>
    <TD>349.088</TD>
    <TD>1002.247</TD>
    <TD>15.7476</TD>
    <TD>0.0010</TD>
    <TD>15.7767</TD>
    <TD>9.0E-4</TD>
    <TD>15.7767</TD>
    <TD>9.0E-4</TD>
    <TD>0.95</TD>
  </TR>
  <TR>
    <TD>2018.0</TD>
    <TD>241.2917</TD>
    <TD>55.03186</TD>
    <TD>912.565</TD>
    <TD>923.387</TD>
    <TD>22.9585</TD>
    <TD>0.0899</TD>
    <TD>22.2765</TD>
    <TD>0.1344</TD>
    <TD>22.2765</TD>
    <TD>0.1344</TD>
    <TD>0.24</TD>
  </TR>
  <TR>
    <TD>2019.0</TD>
    <TD>241.2934</TD>
    <TD>54.98927</TD>
    <TD>1379.499</TD>
    <TD>906.484</TD>
    <TD>25.5631</TD>
    <TD>0.3016</TD>
    <TD>25.2409</TD>
    <TD>0.3809</TD>
    <TD>25.2409</TD>
    <TD>0.3809</TD>
    <TD>0.35</TD>
  </TR>
  <TR>
    <TD>2020.0</TD>
    <TD>241.2943</TD>
    <TD>55.02379</TD>
    <TD>1000.766</TD>
    <TD>906.222</TD>
    <TD>25.7277</TD>
    <TD>0.3493</TD>
    <TD>24.9045</TD>
    <TD>0.292</TD>
    <TD>24.9045</TD>
    <TD>0.292</TD>
    <TD>0.36</TD>
  </TR>
  <TR>
    <TD>2021.0</TD>
    <TD>241.2925</TD>
    <TD>55.0641</TD>
    <TD>557.316</TD>
    <TD>922.542</TD>
    <TD>23.241</TD>
    <TD>0.1144</TD>
    <TD>22.8611</TD>
    <TD>0.1778</TD>
    <TD>22.5711</TD>
    <TD>0.1063</TD>
    <TD>0.39</TD>
  </TR>
  <TR>
    <TD>2022.0</TD>
    <TD>241.2898</TD>
    <TD>54.98711</TD>
    <TD>1403.706</TD>
    <TD>928.567</TD>
    <TD>22.2054</TD>
    <TD>0.0611</TD>
    <TD>21.8341</TD>
    <TD>0.0969</TD>
    <TD>21.8341</TD>
    <TD>0.0969</TD>
    <TD>0.02</TD>
  </TR>
  <TR>
    <TD>2023.0</TD>
    <TD>241.2917</TD>
    <TD>54.94481</TD>
    <TD>1865.539</TD>
    <TD>910.356</TD>
    <TD>25.2684</TD>
    <TD>0.2804</TD>
    <TD>24.4666</TD>
    <TD>0.3387</TD>
    <TD>24.4666</TD>
    <TD>0.3387</TD>
    <TD>0.45</TD>
  </TR>
  <TR>
    <TD>2024.0</TD>
    <TD>241.2927</TD>
    <TD>54.98509</TD>
    <TD>1425.34</TD>
    <TD>910.279</TD>
    <TD>25.8132</TD>
    <TD>0.3295</TD>
    <TD>25.2163</TD>
    <TD>0.3066</TD>
    <TD>25.2163</TD>
    <TD>0.3066</TD>
    <TD>0.36</TD>
  </TR>
  <TR>
    <TD>2025.0</TD>
    <TD>241.2933</TD>
    <TD>55.01282</TD>
    <TD>1121.352</TD>
    <TD>910.719</TD>
    <TD>25.8375</TD>
    <TD>0.3367</TD>
    <TD>25.3939</TD>
    <TD>0.3137</TD>
    <TD>25.3939</TD>
    <TD>0.3137</TD>
    <TD>0.37</TD>
  </TR>
  <TR>
    <TD>2026.0</TD>
    <TD>241.2922</TD>
    <TD>54.98252</TD>
    <TD>1453.489</TD>
    <TD>912.969</TD>
    <TD>25.2413</TD>
    <TD>0.2737</TD>
    <TD>24.265</TD>
    <TD>0.413</TD>
    <TD>24.265</TD>
    <TD>0.413</TD>
    <TD>0.35</TD>
  </TR>
  <TR>
    <TD>2027.0</TD>
    <TD>241.2936</TD>
    <TD>55.03603</TD>
    <TD>866.365</TD>
    <TD>912.321</TD>
    <TD>25.8972</TD>
    <TD>0.3551</TD>
    <TD>25.044</TD>
    <TD>0.3187</TD>
    <TD>25.044</TD>
    <TD>0.3187</TD>
    <TD>0.38</TD>
  </TR>
  <TR>
    <TD>2028.0</TD>
    <TD>241.2915</TD>
    <TD>55.04389</TD>
    <TD>780.165</TD>
    <TD>926.168</TD>
    <TD>24.0764</TD>
    <TD>0.162</TD>
    <TD>23.0959</TD>
    <TD>0.2204</TD>
    <TD>23.5162</TD>
    <TD>0.1573</TD>
    <TD>0.12</TD>
  </TR>
  <TR>
    <TD>2029.0</TD>
    <TD>241.292</TD>
    <TD>55.04365</TD>
    <TD>782.805</TD>
    <TD>923.325</TD>
    <TD>24.1628</TD>
    <TD>0.1656</TD>
    <TD>23.0616</TD>
    <TD>0.2316</TD>
    <TD>23.6477</TD>
    <TD>0.1632</TD>
    <TD>0.49</TD>
  </TR>
  <TR>
    <TD>2030.0</TD>
    <TD>241.2865</TD>
    <TD>55.00314</TD>
    <TD>1228.672</TD>
    <TD>951.766</TD>
    <TD>21.3183</TD>
    <TD>0.0365</TD>
    <TD>21.0857</TD>
    <TD>0.0493</TD>
    <TD>21.0972</TD>
    <TD>0.038</TD>
    <TD>0.0</TD>
  </TR>
  <TR>
    <TD>2031.0</TD>
    <TD>241.2701</TD>
    <TD>55.01938</TD>
    <TD>1053.123</TD>
    <TD>1056.905</TD>
    <TD>21.044</TD>
    <TD>0.0317</TD>
    <TD>20.8136</TD>
    <TD>0.0515</TD>
    <TD>20.8351</TD>
    <TD>0.033</TD>
    <TD>0.0</TD>
  </TR>
  <TR>
    <TD>2032.0</TD>
    <TD>241.2869</TD>
    <TD>54.96487</TD>
    <TD>1647.357</TD>
    <TD>943.28</TD>
    <TD>21.6187</TD>
    <TD>0.0437</TD>
    <TD>21.5847</TD>
    <TD>0.064</TD>
    <TD>21.3582</TD>
    <TD>0.0454</TD>
    <TD>0.0</TD>
  </TR>
  <TR>
    <TD>2033.0</TD>
    <TD>241.292</TD>
    <TD>54.99871</TD>
    <TD>1276.317</TD>
    <TD>916.672</TD>
    <TD>25.2868</TD>
    <TD>0.285</TD>
    <TD>25.032</TD>
    <TD>0.5241</TD>
    <TD>25.032</TD>
    <TD>0.5241</TD>
    <TD>0.37</TD>
  </TR>
  <TR>
    <TD>2034.0</TD>
    <TD>241.2923</TD>
    <TD>55.01135</TD>
    <TD>1137.661</TD>
    <TD>916.674</TD>
    <TD>25.4994</TD>
    <TD>0.2498</TD>
    <TD>25.229</TD>
    <TD>0.5601</TD>
    <TD>25.229</TD>
    <TD>0.5601</TD>
    <TD>0.38</TD>
  </TR>
  <TR>
    <TD>2035.0</TD>
    <TD>241.2906</TD>
    <TD>54.97274</TD>
    <TD>1560.778</TD>
    <TD>921.384</TD>
    <TD>24.6344</TD>
    <TD>0.1926</TD>
    <TD>24.0058</TD>
    <TD>0.2886</TD>
    <TD>24.0058</TD>
    <TD>0.2886</TD>
    <TD>0.41</TD>
  </TR>
  <TR>
    <TD>2036.0</TD>
    <TD>241.2914</TD>
    <TD>55.0377</TD>
    <TD>848.373</TD>
    <TD>925.919</TD>
    <TD>24.654</TD>
    <TD>0.2059</TD>
    <TD>24.1034</TD>
    <TD>0.4362</TD>
    <TD>24.1034</TD>
    <TD>0.4362</TD>
    <TD>0.44</TD>
  </TR>
  <TR>
    <TD>2037.0</TD>
    <TD>241.2905</TD>
    <TD>54.98566</TD>
    <TD>1419.452</TD>
    <TD>924.49</TD>
    <TD>24.9903</TD>
    <TD>0.2352</TD>
    <TD>24.258</TD>
    <TD>0.3124</TD>
    <TD>24.258</TD>
    <TD>0.3124</TD>
    <TD>0.41</TD>
  </TR>
  <TR>
    <TD>2038.0</TD>
    <TD>241.2854</TD>
    <TD>55.01515</TD>
    <TD>1097.076</TD>
    <TD>960.643</TD>
    <TD>23.4906</TD>
    <TD>0.1162</TD>
    <TD>23.1349</TD>
    <TD>0.217</TD>
    <TD>23.1349</TD>
    <TD>0.217</TD>
    <TD>0.36</TD>
  </TR>
  <TR>
    <TD>2039.0</TD>
    <TD>241.2898</TD>
    <TD>55.00214</TD>
    <TD>1239.045</TD>
    <TD>930.971</TD>
    <TD>24.3429</TD>
    <TD>0.1826</TD>
    <TD>23.388</TD>
    <TD>0.2308</TD>
    <TD>23.79</TD>
    <TD>0.1778</TD>
    <TD>0.49</TD>
  </TR>
  <TR>
    <TD>2040.0</TD>
    <TD>241.2883</TD>
    <TD>55.10872</TD>
    <TD>64.371</TD>
    <TD>955.028</TD>
    <TD>21.4509</TD>
    <TD>0.0376</TD>
    <TD>21.4116</TD>
    <TD>0.0526</TD>
    <TD>21.4116</TD>
    <TD>0.0526</TD>
    <TD>0.01</TD>
  </TR>
  <TR>
    <TD>2041.0</TD>
    <TD>241.2861</TD>
    <TD>54.99346</TD>
    <TD>1334.761</TD>
    <TD>953.115</TD>
    <TD>22.0808</TD>
    <TD>0.055</TD>
    <TD>21.7977</TD>
    <TD>0.0889</TD>
    <TD>21.7977</TD>
    <TD>0.0889</TD>
    <TD>0.02</TD>
  </TR>
  <TR>
    <TD>2042.0</TD>
    <TD>241.291</TD>
    <TD>55.03262</TD>
    <TD>904.225</TD>
    <TD>928.12</TD>
    <TD>24.1412</TD>
    <TD>0.1671</TD>
    <TD>23.4319</TD>
    <TD>0.248</TD>
    <TD>23.4319</TD>
    <TD>0.248</TD>
    <TD>0.38</TD>
  </TR>
  <TR>
    <TD>2043.0</TD>
    <TD>241.2893</TD>
    <TD>54.93566</TD>
    <TD>1965.71</TD>
    <TD>923.633</TD>
    <TD>25.6507</TD>
    <TD>0.2854</TD>
    <TD>24.744</TD>
    <TD>0.3726</TD>
    <TD>24.744</TD>
    <TD>0.3726</TD>
    <TD>0.38</TD>
  </TR>
  <TR>
    <TD>2044.0</TD>
    <TD>241.2912</TD>
    <TD>55.0161</TD>
    <TD>1085.666</TD>
    <TD>924.329</TD>
    <TD>25.8193</TD>
    <TD>0.3313</TD>
    <TD>25.2895</TD>
    <TD>0.3981</TD>
    <TD>25.2895</TD>
    <TD>0.3981</TD>
    <TD>0.35</TD>
  </TR>
  <TR>
    <TD>2045.0</TD>
    <TD>241.2909</TD>
    <TD>55.04785</TD>
    <TD>736.665</TD>
    <TD>930.512</TD>
    <TD>25.1568</TD>
    <TD>0.2538</TD>
    <TD>24.7116</TD>
    <TD>0.2945</TD>
    <TD>24.7116</TD>
    <TD>0.2945</TD>
    <TD>0.45</TD>
  </TR>
  <TR>
    <TD>2046.0</TD>
    <TD>241.2887</TD>
    <TD>54.97772</TD>
    <TD>1506.622</TD>
    <TD>934.454</TD>
    <TD>24.1348</TD>
    <TD>0.1567</TD>
    <TD>23.7383</TD>
    <TD>0.2746</TD>
    <TD>23.7383</TD>
    <TD>0.2746</TD>
    <TD>0.43</TD>
  </TR>
  <TR>
    <TD>2047.0</TD>
    <TD>241.2887</TD>
    <TD>54.98211</TD>
    <TD>1458.563</TD>
    <TD>935.17</TD>
    <TD>24.1212</TD>
    <TD>0.1641</TD>
    <TD>23.6545</TD>
    <TD>0.2977</TD>
    <TD>23.6545</TD>
    <TD>0.2977</TD>
    <TD>0.51</TD>
  </TR>
  <TR>
    <TD>2048.0</TD>
    <TD>241.2896</TD>
    <TD>54.97186</TD>
    <TD>1570.498</TD>
    <TD>927.503</TD>
    <TD>25.626</TD>
    <TD>0.319</TD>
    <TD>24.9668</TD>
    <TD>0.4488</TD>
    <TD>24.9668</TD>
    <TD>0.4488</TD>
    <TD>0.36</TD>
  </TR>
  <TR>
    <TD>2049.0</TD>
    <TD>241.2869</TD>
    <TD>54.9661</TD>
    <TD>1633.9</TD>
    <TD>943.95</TD>
    <TD>22.7522</TD>
    <TD>0.0817</TD>
    <TD>22.568</TD>
    <TD>0.1132</TD>
    <TD>22.3517</TD>
    <TD>0.0831</TD>
    <TD>0.0</TD>
  </TR>
  <TR>
    <TD>2050.0</TD>
    <TD>241.2885</TD>
    <TD>54.93393</TD>
    <TD>1984.641</TD>
    <TD>928.697</TD>
    <TD>25.4991</TD>
    <TD>0.2497</TD>
    <TD>25.0538</TD>
    <TD>0.4504</TD>
    <TD>25.0538</TD>
    <TD>0.4504</TD>
    <TD>0.42</TD>
  </TR>
  <TR>
    <TD>2051.0</TD>
    <TD>241.29</TD>
    <TD>54.99155</TD>
    <TD>1355.009</TD>
    <TD>928.318</TD>
    <TD>25.6145</TD>
    <TD>0.2764</TD>
    <TD>25.369</TD>
    <TD>0.3068</TD>
    <TD>25.369</TD>
    <TD>0.3068</TD>
    <TD>0.44</TD>
  </TR>
  <TR>
    <TD>2052.0</TD>
    <TD>241.2913</TD>
    <TD>55.0583</TD>
    <TD>621.49</TD>
    <TD>929.472</TD>
    <TD>25.3947</TD>
    <TD>0.2598</TD>
    <TD>25.2806</TD>
    <TD>0.3949</TD>
    <TD>25.2806</TD>
    <TD>0.3949</TD>
    <TD>0.38</TD>
  </TR>
  <TR>
    <TD>2053.0</TD>
    <TD>241.2861</TD>
    <TD>54.9592</TD>
    <TD>1709.426</TD>
    <TD>947.633</TD>
    <TD>22.8404</TD>
    <TD>0.0852</TD>
    <TD>22.7505</TD>
    <TD>0.1323</TD>
    <TD>22.7505</TD>
    <TD>0.1323</TD>
    <TD>0.0</TD>
  </TR>
  <TR>
    <TD>2054.0</TD>
    <TD>241.2883</TD>
    <TD>54.9303</TD>
    <TD>2024.318</TD>
    <TD>929.326</TD>
    <TD>25.1786</TD>
    <TD>0.2588</TD>
    <TD>25.5482</TD>
    <TD>0.3603</TD>
    <TD>25.5482</TD>
    <TD>0.3603</TD>
    <TD>0.36</TD>
  </TR>
  <TR>
    <TD>2055.0</TD>
    <TD>241.2862</TD>
    <TD>54.93733</TD>
    <TD>1948.01</TD>
    <TD>943.672</TD>
    <TD>23.305</TD>
    <TD>0.1097</TD>
    <TD>22.9903</TD>
    <TD>0.1369</TD>
    <TD>22.9903</TD>
    <TD>0.1369</TD>
    <TD>0.02</TD>
  </TR>
  <TR>
    <TD>2056.0</TD>
    <TD>241.2894</TD>
    <TD>54.98276</TD>
    <TD>1451.302</TD>
    <TD>930.623</TD>
    <TD>25.7228</TD>
    <TD>0.3042</TD>
    <TD>25.4809</TD>
    <TD>0.3392</TD>
    <TD>25.4809</TD>
    <TD>0.3392</TD>
    <TD>0.36</TD>
  </TR>
  <TR>
    <TD>2057.0</TD>
    <TD>241.2904</TD>
    <TD>55.06167</TD>
    <TD>584.479</TD>
    <TD>935.518</TD>
    <TD>25.1374</TD>
    <TD>0.2856</TD>
    <TD>24.4583</TD>
    <TD>0.2621</TD>
    <TD>24.4583</TD>
    <TD>0.2621</TD>
    <TD>0.37</TD>
  </TR>
  <TR>
    <TD>2058.0</TD>
    <TD>241.2777</TD>
    <TD>55.09579</TD>
    <TD>209.611</TD>
    <TD>1019.743</TD>
    <TD>19.485</TD>
    <TD>0.0111</TD>
    <TD>19.4602</TD>
    <TD>0.0131</TD>
    <TD>19.4602</TD>
    <TD>0.0131</TD>
    <TD>0.03</TD>
  </TR>
  <TR>
    <TD>2059.0</TD>
    <TD>241.2879</TD>
    <TD>54.93396</TD>
    <TD>1984.452</TD>
    <TD>932.469</TD>
    <TD>25.6709</TD>
    <TD>0.332</TD>
    <TD>24.41</TD>
    <TD>0.3055</TD>
    <TD>24.41</TD>
    <TD>0.3055</TD>
    <TD>0.38</TD>
  </TR>
  <TR>
    <TD>2060.0</TD>
    <TD>241.2873</TD>
    <TD>54.93114</TD>
    <TD>2015.313</TD>
    <TD>935.656</TD>
    <TD>25.0665</TD>
    <TD>0.2681</TD>
    <TD>23.7977</TD>
    <TD>0.2913</TD>
    <TD>23.7977</TD>
    <TD>0.2913</TD>
    <TD>0.36</TD>
  </TR>
  <TR>
    <TD>2061.0</TD>
    <TD>241.2827</TD>
    <TD>55.04498</TD>
    <TD>769.721</TD>
    <TD>981.87</TD>
    <TD>19.945</TD>
    <TD>0.0125</TD>
    <TD>19.9239</TD>
    <TD>0.0144</TD>
    <TD>19.9239</TD>
    <TD>0.0144</TD>
    <TD>0.03</TD>
  </TR>
  <TR>
    <TD>2062.0</TD>
    <TD>241.2859</TD>
    <TD>54.96547</TD>
    <TD>1640.972</TD>
    <TD>949.841</TD>
    <TD>23.2896</TD>
    <TD>0.114</TD>
    <TD>22.7622</TD>
    <TD>0.1587</TD>
    <TD>22.7003</TD>
    <TD>0.1095</TD>
    <TD>0.65</TD>
  </TR>
  <TR>
    <TD>2063.0</TD>
    <TD>241.2876</TD>
    <TD>55.03306</TD>
    <TD>899.969</TD>
    <TD>949.179</TD>
    <TD>24.146</TD>
    <TD>0.1678</TD>
    <TD>23.669</TD>
    <TD>0.3091</TD>
    <TD>23.669</TD>
    <TD>0.3091</TD>
    <TD>0.37</TD>
  </TR>
  <TR>
    <TD>2064.0</TD>
    <TD>241.2893</TD>
    <TD>55.03308</TD>
    <TD>899.5</TD>
    <TD>938.543</TD>
    <TD>25.3268</TD>
    <TD>0.2446</TD>
    <TD>24.7631</TD>
    <TD>0.3979</TD>
    <TD>24.7631</TD>
    <TD>0.3979</TD>
    <TD>0.41</TD>
  </TR>
  <TR>
    <TD>2065.0</TD>
    <TD>241.2896</TD>
    <TD>55.0456</TD>
    <TD>761.657</TD>
    <TD>938.322</TD>
    <TD>25.8615</TD>
    <TD>0.344</TD>
    <TD>25.1642</TD>
    <TD>0.5279</TD>
    <TD>25.1642</TD>
    <TD>0.5279</TD>
    <TD>0.36</TD>
  </TR>
  <TR>
    <TD>2066.0</TD>
    <TD>241.2856</TD>
    <TD>54.96323</TD>
    <TD>1665.431</TD>
    <TD>951.716</TD>
    <TD>23.1464</TD>
    <TD>0.1015</TD>
    <TD>22.8133</TD>
    <TD>0.1286</TD>
    <TD>22.8133</TD>
    <TD>0.1286</TD>
    <TD>0.01</TD>
  </TR>
  <TR>
    <TD>2067.0</TD>
    <TD>241.2855</TD>
    <TD>54.93546</TD>
    <TD>1968.466</TD>
    <TD>947.484</TD>
    <TD>23.8631</TD>
    <TD>0.1407</TD>
    <TD>23.4473</TD>
    <TD>0.2401</TD>
    <TD>23.4473</TD>
    <TD>0.2401</TD>
    <TD>0.5</TD>
  </TR>
  <TR>
    <TD>2068.0</TD>
    <TD>241.2866</TD>
    <TD>54.929</TD>
    <TD>2038.721</TD>
    <TD>939.667</TD>
    <TD>25.7112</TD>
    <TD>0.301</TD>
    <TD>25.0053</TD>
    <TD>0.3845</TD>
    <TD>25.0053</TD>
    <TD>0.3845</TD>
    <TD>0.36</TD>
  </TR>
  <TR>
    <TD>2069.0</TD>
    <TD>241.2886</TD>
    <TD>55.0288</TD>
    <TD>946.689</TD>
    <TD>942.314</TD>
    <TD>25.814</TD>
    <TD>0.3298</TD>
    <TD>25.3658</TD>
    <TD>0.4266</TD>
    <TD>25.3658</TD>
    <TD>0.4266</TD>
    <TD>0.36</TD>
  </TR>
  <TR>
    <TD>2070.0</TD>
    <TD>241.2886</TD>
    <TD>55.04135</TD>
    <TD>808.677</TD>
    <TD>944.333</TD>
    <TD>24.5853</TD>
    <TD>0.211</TD>
    <TD>23.3683</TD>
    <TD>0.2192</TD>
    <TD>23.3683</TD>
    <TD>0.2192</TD>
    <TD>0.37</TD>
  </TR>
  <TR>
    <TD>2071.0</TD>
    <TD>241.2894</TD>
    <TD>55.10582</TD>
    <TD>96.356</TD>
    <TD>947.675</TD>
    <TD>24.5406</TD>
    <TD>0.2027</TD>
    <TD>24.3031</TD>
    <TD>0.4026</TD>
    <TD>24.3031</TD>
    <TD>0.4026</TD>
    <TD>0.36</TD>
  </TR>
  <TR>
    <TD>2072.0</TD>
    <TD>241.2872</TD>
    <TD>54.99379</TD>
    <TD>1330.953</TD>
    <TD>946.074</TD>
    <TD>24.4536</TD>
    <TD>0.1641</TD>
    <TD>24.2535</TD>
    <TD>0.2043</TD>
    <TD>24.2535</TD>
    <TD>0.2043</TD>
    <TD>0.71</TD>
  </TR>
  <TR>
    <TD>2073.0</TD>
    <TD>241.2893</TD>
    <TD>55.09679</TD>
    <TD>196.461</TD>
    <TD>947.137</TD>
    <TD>24.4379</TD>
    <TD>0.1776</TD>
    <TD>23.2018</TD>
    <TD>0.2366</TD>
    <TD>24.038</TD>
    <TD>0.1806</TD>
    <TD>0.46</TD>
  </TR>
  <TR>
    <TD>2074.0</TD>
    <TD>241.2854</TD>
    <TD>54.95745</TD>
    <TD>1728.581</TD>
    <TD>951.961</TD>
    <TD>23.934</TD>
    <TD>0.1427</TD>
    <TD>23.2572</TD>
    <TD>0.2841</TD>
    <TD>23.2572</TD>
    <TD>0.2841</TD>
    <TD>0.55</TD>
  </TR>
  <TR>
    <TD>2075.0</TD>
    <TD>241.2838</TD>
    <TD>54.98046</TD>
    <TD>1477.413</TD>
    <TD>965.192</TD>
    <TD>22.2289</TD>
    <TD>0.0645</TD>
    <TD>21.9762</TD>
    <TD>0.0954</TD>
    <TD>21.9762</TD>
    <TD>0.0954</TD>
    <TD>0.0</TD>
  </TR>
  <TR>
    <TD>2076.0</TD>
    <TD>241.2845</TD>
    <TD>54.99217</TD>
    <TD>1349.132</TD>
    <TD>962.771</TD>
    <TD>22.8716</TD>
    <TD>0.0876</TD>
    <TD>22.545</TD>
    <TD>0.1378</TD>
    <TD>22.545</TD>
    <TD>0.1378</TD>
    <TD>0.0</TD>
  </TR>
  <TR>
    <TD>2077.0</TD>
    <TD>241.2882</TD>
    <TD>55.03166</TD>
    <TD>915.321</TD>
    <TD>945.303</TD>
    <TD>25.8847</TD>
    <TD>0.3512</TD>
    <TD>24.7706</TD>
    <TD>0.4359</TD>
    <TD>24.7706</TD>
    <TD>0.4359</TD>
    <TD>0.36</TD>
  </TR>
  <TR>
    <TD>2078.0</TD>
    <TD>241.2854</TD>
    <TD>54.93235</TD>
    <TD>2002.408</TD>
    <TD>947.814</TD>
    <TD>25.277</TD>
    <TD>0.2595</TD>
    <TD>25.1296</TD>
    <TD>0.5207</TD>
    <TD>25.1296</TD>
    <TD>0.5207</TD>
    <TD>0.36</TD>
  </TR>
  <TR>
    <TD>2079.0</TD>
    <TD>241.2792</TD>
    <TD>55.06394</TD>
    <TD>561.373</TD>
    <TD>1006.417</TD>
    <TD>22.172</TD>
    <TD>0.0523</TD>
    <TD>22.1069</TD>
    <TD>0.0709</TD>
    <TD>22.1069</TD>
    <TD>0.0709</TD>
    <TD>0.16</TD>
  </TR>
  <TR>
    <TD>2080.0</TD>
    <TD>241.2717</TD>
    <TD>54.98064</TD>
    <TD>1477.365</TD>
    <TD>1041.555</TD>
    <TD>19.2359</TD>
    <TD>0.0099</TD>
    <TD>19.2212</TD>
    <TD>0.0117</TD>
    <TD>19.2212</TD>
    <TD>0.0117</TD>
    <TD>0.03</TD>
  </TR>
  <TR>
    <TD>2081.0</TD>
    <TD>241.2865</TD>
    <TD>55.06599</TD>
    <TD>537.526</TD>
    <TD>961.029</TD>
    <TD>23.6411</TD>
    <TD>0.1281</TD>
    <TD>23.3161</TD>
    <TD>0.1616</TD>
    <TD>23.3161</TD>
    <TD>0.1616</TD>
    <TD>0.61</TD>
  </TR>
  <TR>
    <TD>2082.0</TD>
    <TD>241.2855</TD>
    <TD>54.94364</TD>
    <TD>1879.311</TD>
    <TD>948.679</TD>
    <TD>25.5336</TD>
    <TD>0.2574</TD>
    <TD>25.1871</TD>
    <TD>0.2608</TD>
    <TD>25.1871</TD>
    <TD>0.2608</TD>
    <TD>0.41</TD>
  </TR>
  <TR>
    <TD>2083.0</TD>
    <TD>241.2876</TD>
    <TD>55.09543</TD>
    <TD>211.777</TD>
    <TD>957.682</TD>
    <TD>24.2977</TD>
    <TD>0.1633</TD>
    <TD>23.2733</TD>
    <TD>0.2353</TD>
    <TD>23.93</TD>
    <TD>0.1671</TD>
    <TD>0.42</TD>
  </TR>
  <TR>
    <TD>2084.0</TD>
    <TD>241.2814</TD>
    <TD>54.9938</TD>
    <TD>1331.781</TD>
    <TD>982.752</TD>
    <TD>20.7099</TD>
    <TD>0.0263</TD>
    <TD>20.5171</TD>
    <TD>0.0394</TD>
    <TD>20.5171</TD>
    <TD>0.0394</TD>
    <TD>0.0</TD>
  </TR>
  <TR>
    <TD>2085.0</TD>
    <TD>241.2861</TD>
    <TD>55.02444</TD>
    <TD>995.014</TD>
    <TD>957.432</TD>
    <TD>25.0037</TD>
    <TD>0.2534</TD>
    <TD>24.1066</TD>
    <TD>0.3299</TD>
    <TD>24.1066</TD>
    <TD>0.3299</TD>
    <TD>0.33</TD>
  </TR>
  <TR>
    <TD>2086.0</TD>
    <TD>241.2842</TD>
    <TD>55.09482</TD>
    <TD>219.159</TD>
    <TD>979.168</TD>
    <TD>23.757</TD>
    <TD>0.131</TD>
    <TD>22.9186</TD>
    <TD>0.1913</TD>
    <TD>22.9186</TD>
    <TD>0.1913</TD>
    <TD>0.38</TD>
  </TR>
  <TR>
    <TD>2087.0</TD>
    <TD>241.2856</TD>
    <TD>54.97759</TD>
    <TD>1508.489</TD>
    <TD>953.497</TD>
    <TD>25.6705</TD>
    <TD>0.3319</TD>
    <TD>25.0827</TD>
    <TD>0.3301</TD>
    <TD>25.0827</TD>
    <TD>0.3301</TD>
    <TD>0.38</TD>
  </TR>
  <TR>
    <TD>2088.0</TD>
    <TD>241.287</TD>
    <TD>55.0395</TD>
    <TD>829.327</TD>
    <TD>954.303</TD>
    <TD>25.8264</TD>
    <TD>0.3334</TD>
    <TD>24.8497</TD>
    <TD>0.45</TD>
    <TD>24.8497</TD>
    <TD>0.45</TD>
    <TD>0.43</TD>
  </TR>
  <TR>
    <TD>2089.0</TD>
    <TD>241.2834</TD>
    <TD>54.92866</TD>
    <TD>2042.92</TD>
    <TD>959.81</TD>
    <TD>24.7496</TD>
    <TD>0.2242</TD>
    <TD>24.0032</TD>
    <TD>0.3516</TD>
    <TD>24.0032</TD>
    <TD>0.3516</TD>
    <TD>0.48</TD>
  </TR>
  <TR>
    <TD>2090.0</TD>
    <TD>241.2866</TD>
    <TD>55.07855</TD>
    <TD>398.714</TD>
    <TD>961.837</TD>
    <TD>23.7853</TD>
    <TD>0.1373</TD>
    <TD>23.647</TD>
    <TD>0.2036</TD>
    <TD>23.647</TD>
    <TD>0.2036</TD>
    <TD>0.49</TD>
  </TR>
  <TR>
    <TD>2091.0</TD>
    <TD>241.2859</TD>
    <TD>55.01062</TD>
    <TD>1146.691</TD>
    <TD>957.057</TD>
    <TD>23.7966</TD>
    <TD>0.1011</TD>
    <TD>23.8284</TD>
    <TD>0.1486</TD>
    <TD>23.8284</TD>
    <TD>0.1486</TD>
    <TD>0.67</TD>
  </TR>
  <TR>
    <TD>2092.0</TD>
    <TD>241.2852</TD>
    <TD>55.00954</TD>
    <TD>1158.653</TD>
    <TD>960.849</TD>
    <TD>25.061</TD>
    <TD>0.2331</TD>
    <TD>24.849</TD>
    <TD>0.3887</TD>
    <TD>24.849</TD>
    <TD>0.3887</TD>
    <TD>0.42</TD>
  </TR>
  <TR>
    <TD>2093.0</TD>
    <TD>241.2869</TD>
    <TD>55.04611</TD>
    <TD>756.492</TD>
    <TD>955.496</TD>
    <TD>25.4233</TD>
    <TD>0.2664</TD>
    <TD>25.3827</TD>
    <TD>0.6083</TD>
    <TD>25.3827</TD>
    <TD>0.6083</TD>
    <TD>0.35</TD>
  </TR>
  <TR>
    <TD>2094.0</TD>
    <TD>241.2873</TD>
    <TD>55.10664</TD>
    <TD>87.581</TD>
    <TD>960.725</TD>
    <TD>25.1311</TD>
    <TD>0.2667</TD>
    <TD>24.4774</TD>
    <TD>0.2612</TD>
    <TD>24.4774</TD>
    <TD>0.2612</TD>
    <TD>0.35</TD>
  </TR>
  <TR>
    <TD>2095.0</TD>
    <TD>241.2695</TD>
    <TD>54.94648</TD>
    <TD>1850.7</TD>
    <TD>1049.556</TD>
    <TD>21.4024</TD>
    <TD>0.036</TD>
    <TD>21.2387</TD>
    <TD>0.0587</TD>
    <TD>21.2387</TD>
    <TD>0.0587</TD>
    <TD>0.01</TD>
  </TR>
  <TR>
    <TD>2096.0</TD>
    <TD>241.2812</TD>
    <TD>54.93138</TD>
    <TD>2013.599</TD>
    <TD>973.663</TD>
    <TD>22.3272</TD>
    <TD>0.0604</TD>
    <TD>22.2006</TD>
    <TD>0.0934</TD>
    <TD>22.2006</TD>
    <TD>0.0934</TD>
    <TD>0.08</TD>
  </TR>
  <TR>
    <TD>2097.0</TD>
    <TD>241.287</TD>
    <TD>55.09574</TD>
    <TD>208.522</TD>
    <TD>961.305</TD>
    <TD>23.9208</TD>
    <TD>0.1516</TD>
    <TD>23.052</TD>
    <TD>0.2278</TD>
    <TD>23.052</TD>
    <TD>0.2278</TD>
    <TD>0.36</TD>
  </TR>
  <TR>
    <TD>2098.0</TD>
    <TD>241.2843</TD>
    <TD>55.0564</TD>
    <TD>643.583</TD>
    <TD>973.05</TD>
    <TD>23.8484</TD>
    <TD>0.1452</TD>
    <TD>23.0542</TD>
    <TD>0.2082</TD>
    <TD>23.0542</TD>
    <TD>0.2082</TD>
    <TD>0.05</TD>
  </TR>
  <TR>
    <TD>2099.0</TD>
    <TD>241.2851</TD>
    <TD>55.01372</TD>
    <TD>1112.81</TD>
    <TD>961.972</TD>
    <TD>25.7295</TD>
    <TD>0.3888</TD>
    <TD>24.7001</TD>
    <TD>0.3394</TD>
    <TD>24.7001</TD>
    <TD>0.3394</TD>
    <TD>0.4</TD>
  </TR>
  <TR>
    <TD>2100.0</TD>
    <TD>241.2858</TD>
    <TD>55.08343</TD>
    <TD>344.961</TD>
    <TD>967.267</TD>
    <TD>24.1618</TD>
    <TD>0.1554</TD>
    <TD>23.4043</TD>
    <TD>0.2553</TD>
    <TD>23.4043</TD>
    <TD>0.2553</TD>
    <TD>0.51</TD>
  </TR>
  <TR>
    <TD>2101.0</TD>
    <TD>241.2855</TD>
    <TD>55.02606</TD>
    <TD>977.335</TD>
    <TD>961.691</TD>
    <TD>25.7421</TD>
    <TD>0.3094</TD>
    <TD>25.2395</TD>
    <TD>0.5655</TD>
    <TD>25.2395</TD>
    <TD>0.5655</TD>
    <TD>0.38</TD>
  </TR>
  <TR>
    <TD>2102.0</TD>
    <TD>241.2845</TD>
    <TD>54.99095</TD>
    <TD>1362.468</TD>
    <TD>962.484</TD>
    <TD>25.2629</TD>
    <TD>0.2312</TD>
    <TD>24.7934</TD>
    <TD>0.4091</TD>
    <TD>24.7934</TD>
    <TD>0.4091</TD>
    <TD>0.37</TD>
  </TR>
  <TR>
    <TD>2103.0</TD>
    <TD>241.2826</TD>
    <TD>54.9356</TD>
    <TD>1967.411</TD>
    <TD>965.996</TD>
    <TD>25.4452</TD>
    <TD>0.3014</TD>
    <TD>24.1726</TD>
    <TD>0.3336</TD>
    <TD>24.1726</TD>
    <TD>0.3336</TD>
    <TD>0.35</TD>
  </TR>
  <TR>
    <TD>2104.0</TD>
    <TD>241.2865</TD>
    <TD>55.09943</TD>
    <TD>167.63</TD>
    <TD>964.727</TD>
    <TD>25.9233</TD>
    <TD>0.3634</TD>
    <TD>25.0143</TD>
    <TD>0.3776</TD>
    <TD>25.0143</TD>
    <TD>0.3776</TD>
    <TD>0.36</TD>
  </TR>
  <TR>
    <TD>2105.0</TD>
    <TD>241.283</TD>
    <TD>55.00187</TD>
    <TD>1243.163</TD>
    <TD>973.465</TD>
    <TD>24.6654</TD>
    <TD>0.2175</TD>
    <TD>24.2283</TD>
    <TD>0.2409</TD>
    <TD>24.2283</TD>
    <TD>0.2409</TD>
    <TD>0.42</TD>
  </TR>
  <TR>
    <TD>2106.0</TD>
    <TD>241.2795</TD>
    <TD>54.95366</TD>
    <TD>1770.926</TD>
    <TD>988.058</TD>
    <TD>22.3508</TD>
    <TD>0.0621</TD>
    <TD>22.0839</TD>
    <TD>0.0906</TD>
    <TD>22.0839</TD>
    <TD>0.0906</TD>
    <TD>0.0</TD>
  </TR>
  <TR>
    <TD>2107.0</TD>
    <TD>241.283</TD>
    <TD>54.96662</TD>
    <TD>1628.836</TD>
    <TD>968.394</TD>
    <TD>25.0791</TD>
    <TD>0.2178</TD>
    <TD>25.1265</TD>
    <TD>0.357</TD>
    <TD>25.1265</TD>
    <TD>0.357</TD>
    <TD>0.39</TD>
  </TR>
  <TR>
    <TD>2108.0</TD>
    <TD>241.2837</TD>
    <TD>55.05651</TD>
    <TD>642.465</TD>
    <TD>976.992</TD>
    <TD>24.4283</TD>
    <TD>0.1834</TD>
    <TD>23.6658</TD>
    <TD>0.2877</TD>
    <TD>23.9586</TD>
    <TD>0.1832</TD>
    <TD>0.43</TD>
  </TR>
  <TR>
    <TD>2109.0</TD>
    <TD>241.2854</TD>
    <TD>55.09614</TD>
    <TD>204.364</TD>
    <TD>971.272</TD>
    <TD>25.6517</TD>
    <TD>0.2856</TD>
    <TD>25.1205</TD>
    <TD>0.2457</TD>
    <TD>25.1205</TD>
    <TD>0.2457</TD>
    <TD>0.42</TD>
  </TR>
  <TR>
    <TD>2110.0</TD>
    <TD>241.2837</TD>
    <TD>55.02501</TD>
    <TD>989.162</TD>
    <TD>972.682</TD>
    <TD>25.1424</TD>
    <TD>0.2506</TD>
    <TD>24.6898</TD>
    <TD>0.3362</TD>
    <TD>24.6898</TD>
    <TD>0.3362</TD>
    <TD>0.36</TD>
  </TR>
  <TR>
    <TD>2111.0</TD>
    <TD>241.2708</TD>
    <TD>54.95754</TD>
    <TD>1729.843</TD>
    <TD>1043.318</TD>
    <TD>20.0796</TD>
    <TD>0.0156</TD>
    <TD>20.0269</TD>
    <TD>0.0183</TD>
    <TD>20.0269</TD>
    <TD>0.0183</TD>
    <TD>0.03</TD>
  </TR>
  <TR>
    <TD>2112.0</TD>
    <TD>241.2795</TD>
    <TD>54.97885</TD>
    <TD>1495.719</TD>
    <TD>992.412</TD>
    <TD>22.9327</TD>
    <TD>0.0934</TD>
    <TD>22.2412</TD>
    <TD>0.1425</TD>
    <TD>22.2412</TD>
    <TD>0.1425</TD>
    <TD>0.0</TD>
  </TR>
  <TR>
    <TD>2113.0</TD>
    <TD>241.2804</TD>
    <TD>54.9551</TD>
    <TD>1755.02</TD>
    <TD>983.008</TD>
    <TD>24.7112</TD>
    <TD>0.2167</TD>
    <TD>23.7978</TD>
    <TD>0.3091</TD>
    <TD>23.7978</TD>
    <TD>0.3091</TD>
    <TD>0.48</TD>
  </TR>
  <TR>
    <TD>2114.0</TD>
    <TD>241.2841</TD>
    <TD>55.08655</TD>
    <TD>310.696</TD>
    <TD>978.676</TD>
    <TD>25.4493</TD>
    <TD>0.239</TD>
    <TD>24.8751</TD>
    <TD>0.4541</TD>
    <TD>24.8751</TD>
    <TD>0.4541</TD>
    <TD>0.47</TD>
  </TR>
  <TR>
    <TD>2115.0</TD>
    <TD>241.2419</TD>
    <TD>55.04613</TD>
    <TD>763.739</TD>
    <TD>1237.302</TD>
    <TD>17.6801</TD>
    <TD>0.0044</TD>
    <TD>17.6716</TD>
    <TD>0.0048</TD>
    <TD>17.6716</TD>
    <TD>0.0048</TD>
    <TD>0.03</TD>
  </TR>
  <TR>
    <TD>2116.0</TD>
    <TD>241.2819</TD>
    <TD>55.02017</TD>
    <TD>1042.53</TD>
    <TD>982.993</TD>
    <TD>25.2704</TD>
    <TD>0.2809</TD>
    <TD>24.4735</TD>
    <TD>0.3324</TD>
    <TD>24.4735</TD>
    <TD>0.3324</TD>
    <TD>0.35</TD>
  </TR>
  <TR>
    <TD>2117.0</TD>
    <TD>241.2831</TD>
    <TD>55.09501</TD>
    <TD>217.211</TD>
    <TD>985.938</TD>
    <TD>24.5713</TD>
    <TD>0.2</TD>
    <TD>23.4076</TD>
    <TD>0.2145</TD>
    <TD>23.4076</TD>
    <TD>0.2145</TD>
    <TD>0.37</TD>
  </TR>
  <TR>
    <TD>2118.0</TD>
    <TD>241.27</TD>
    <TD>55.07343</TD>
    <TD>458.226</TD>
    <TD>1064.983</TD>
    <TD>19.5704</TD>
    <TD>0.0123</TD>
    <TD>19.5431</TD>
    <TD>0.0151</TD>
    <TD>19.5431</TD>
    <TD>0.0151</TD>
    <TD>0.03</TD>
  </TR>
  <TR>
    <TD>2119.0</TD>
    <TD>241.2766</TD>
    <TD>55.06601</TD>
    <TD>538.977</TD>
    <TD>1022.89</TD>
    <TD>20.6617</TD>
    <TD>0.0206</TD>
    <TD>20.578</TD>
    <TD>0.0255</TD>
    <TD>20.578</TD>
    <TD>0.0255</TD>
    <TD>0.03</TD>
  </TR>
  <TR>
    <TD>2120.0</TD>
    <TD>241.2771</TD>
    <TD>54.97765</TD>
    <TD>1509.247</TD>
    <TD>1007.212</TD>
    <TD>21.5235</TD>
    <TD>0.0386</TD>
    <TD>21.3799</TD>
    <TD>0.0566</TD>
    <TD>21.3799</TD>
    <TD>0.0566</TD>
    <TD>0.01</TD>
  </TR>
  <TR>
    <TD>2121.0</TD>
    <TD>241.2828</TD>
    <TD>55.05327</TD>
    <TD>678.363</TD>
    <TD>982.321</TD>
    <TD>25.742</TD>
    <TD>0.3094</TD>
    <TD>25.0033</TD>
    <TD>0.4213</TD>
    <TD>25.0033</TD>
    <TD>0.4213</TD>
    <TD>0.37</TD>
  </TR>
  <TR>
    <TD>2122.0</TD>
    <TD>241.2811</TD>
    <TD>55.08703</TD>
    <TD>305.928</TD>
    <TD>997.234</TD>
    <TD>23.4009</TD>
    <TD>0.1161</TD>
    <TD>22.701</TD>
    <TD>0.1773</TD>
    <TD>22.701</TD>
    <TD>0.1773</TD>
    <TD>0.13</TD>
  </TR>
  <TR>
    <TD>2123.0</TD>
    <TD>241.2799</TD>
    <TD>55.00783</TD>
    <TD>1178.3</TD>
    <TD>994.178</TD>
    <TD>23.8865</TD>
    <TD>0.147</TD>
    <TD>23.2385</TD>
    <TD>0.2488</TD>
    <TD>23.2385</TD>
    <TD>0.2488</TD>
    <TD>0.48</TD>
  </TR>
  <TR>
    <TD>2124.0</TD>
    <TD>241.2822</TD>
    <TD>55.09365</TD>
    <TD>232.427</TD>
    <TD>991.178</TD>
    <TD>25.1489</TD>
    <TD>0.2316</TD>
    <TD>24.8</TD>
    <TD>0.3501</TD>
    <TD>24.8</TD>
    <TD>0.3501</TD>
    <TD>0.44</TD>
  </TR>
  <TR>
    <TD>2125.0</TD>
    <TD>241.2766</TD>
    <TD>54.95179</TD>
    <TD>1791.774</TD>
    <TD>1005.96</TD>
    <TD>22.6324</TD>
    <TD>0.0804</TD>
    <TD>22.1273</TD>
    <TD>0.1295</TD>
    <TD>22.1273</TD>
    <TD>0.1295</TD>
    <TD>0.02</TD>
  </TR>
  <TR>
    <TD>2126.0</TD>
    <TD>241.2802</TD>
    <TD>55.09295</TD>
    <TD>240.609</TD>
    <TD>1003.705</TD>
    <TD>23.4176</TD>
    <TD>0.1213</TD>
    <TD>22.2821</TD>
    <TD>0.1292</TD>
    <TD>22.2821</TD>
    <TD>0.1292</TD>
    <TD>0.37</TD>
  </TR>
  <TR>
    <TD>2127.0</TD>
    <TD>241.28</TD>
    <TD>55.11181</TD>
    <TD>31.49</TD>
    <TD>1007.236</TD>
    <TD>23.365</TD>
    <TD>0.1108</TD>
    <TD>23.1124</TD>
    <TD>0.1499</TD>
    <TD>23.1124</TD>
    <TD>0.1499</TD>
    <TD>0.06</TD>
  </TR>
  <TR>
    <TD>2128.0</TD>
    <TD>241.282</TD>
    <TD>55.10195</TD>
    <TD>140.497</TD>
    <TD>993.523</TD>
    <TD>25.6003</TD>
    <TD>0.3118</TD>
    <TD>24.9107</TD>
    <TD>0.4553</TD>
    <TD>24.9107</TD>
    <TD>0.4553</TD>
    <TD>0.44</TD>
  </TR>
  <TR>
    <TD>2129.0</TD>
    <TD>241.2779</TD>
    <TD>54.94822</TD>
    <TD>1830.476</TD>
    <TD>996.974</TD>
    <TD>25.3832</TD>
    <TD>0.3107</TD>
    <TD>24.6517</TD>
    <TD>0.3539</TD>
    <TD>24.6517</TD>
    <TD>0.3539</TD>
    <TD>0.37</TD>
  </TR>
  <TR>
    <TD>2130.0</TD>
    <TD>241.2819</TD>
    <TD>55.10654</TD>
    <TD>89.632</TD>
    <TD>994.682</TD>
    <TD>25.7672</TD>
    <TD>0.3164</TD>
    <TD>24.9866</TD>
    <TD>0.3681</TD>
    <TD>24.9866</TD>
    <TD>0.3681</TD>
    <TD>0.39</TD>
  </TR>
  <TR>
    <TD>2131.0</TD>
    <TD>241.276</TD>
    <TD>54.97836</TD>
    <TD>1501.664</TD>
    <TD>1014.162</TD>
    <TD>22.916</TD>
    <TD>0.0884</TD>
    <TD>22.5237</TD>
    <TD>0.1567</TD>
    <TD>22.5104</TD>
    <TD>0.0898</TD>
    <TD>0.0</TD>
  </TR>
  <TR>
    <TD>2132.0</TD>
    <TD>241.2615</TD>
    <TD>55.10743</TD>
    <TD>83.332</TD>
    <TD>1122.861</TD>
    <TD>17.8405</TD>
    <TD>0.0035</TD>
    <TD>17.8685</TD>
    <TD>0.0033</TD>
    <TD>17.8685</TD>
    <TD>0.0033</TD>
    <TD>0.14</TD>
  </TR>
  <TR>
    <TD>2133.0</TD>
    <TD>241.2807</TD>
    <TD>55.08579</TD>
    <TD>319.745</TD>
    <TD>999.44</TD>
    <TD>25.0093</TD>
    <TD>0.2392</TD>
    <TD>24.7197</TD>
    <TD>0.289</TD>
    <TD>24.7197</TD>
    <TD>0.289</TD>
    <TD>0.48</TD>
  </TR>
  <TR>
    <TD>2134.0</TD>
    <TD>241.2729</TD>
    <TD>54.95253</TD>
    <TD>1784.191</TD>
    <TD>1029.371</TD>
    <TD>20.4519</TD>
    <TD>0.0179</TD>
    <TD>20.3805</TD>
    <TD>0.0226</TD>
    <TD>20.3805</TD>
    <TD>0.0226</TD>
    <TD>0.03</TD>
  </TR>
  <TR>
    <TD>2135.0</TD>
    <TD>241.2799</TD>
    <TD>55.0553</TD>
    <TD>656.551</TD>
    <TD>1000.517</TD>
    <TD>25.5854</TD>
    <TD>0.3077</TD>
    <TD>24.4769</TD>
    <TD>0.3461</TD>
    <TD>24.4769</TD>
    <TD>0.3461</TD>
    <TD>0.35</TD>
  </TR>
  <TR>
    <TD>2136.0</TD>
    <TD>241.2761</TD>
    <TD>54.93462</TD>
    <TD>1979.0</TD>
    <TD>1006.517</TD>
    <TD>25.4257</TD>
    <TD>0.267</TD>
    <TD>24.8161</TD>
    <TD>0.3477</TD>
    <TD>24.8161</TD>
    <TD>0.3477</TD>
    <TD>0.47</TD>
  </TR>
  <TR>
    <TD>2137.0</TD>
    <TD>241.2791</TD>
    <TD>55.02406</TD>
    <TD>1000.348</TD>
    <TD>1001.318</TD>
    <TD>25.9436</TD>
    <TD>0.3701</TD>
    <TD>25.2451</TD>
    <TD>0.4658</TD>
    <TD>25.2451</TD>
    <TD>0.4658</TD>
    <TD>0.35</TD>
  </TR>
  <TR>
    <TD>2138.0</TD>
    <TD>241.2655</TD>
    <TD>54.95098</TD>
    <TD>1802.208</TD>
    <TD>1075.587</TD>
    <TD>17.4138</TD>
    <TD>0.0026</TD>
    <TD>17.4343</TD>
    <TD>0.0024</TD>
    <TD>17.4343</TD>
    <TD>0.0024</TD>
    <TD>0.49</TD>
  </TR>
  <TR>
    <TD>2139.0</TD>
    <TD>241.277</TD>
    <TD>54.9542</TD>
    <TD>1765.373</TD>
    <TD>1004.176</TD>
    <TD>25.2213</TD>
    <TD>0.247</TD>
    <TD>24.4451</TD>
    <TD>0.3669</TD>
    <TD>24.4451</TD>
    <TD>0.3669</TD>
    <TD>0.45</TD>
  </TR>
  <TR>
    <TD>2140.0</TD>
    <TD>241.2783</TD>
    <TD>55.09284</TD>
    <TD>242.141</TD>
    <TD>1015.507</TD>
    <TD>23.8657</TD>
    <TD>0.1443</TD>
    <TD>22.1944</TD>
    <TD>0.157</TD>
    <TD>23.3525</TD>
    <TD>0.1423</TD>
    <TD>0.58</TD>
  </TR>
  <TR>
    <TD>2141.0</TD>
    <TD>241.2762</TD>
    <TD>54.92944</TD>
    <TD>2035.468</TD>
    <TD>1004.97</TD>
    <TD>25.7635</TD>
    <TD>0.3607</TD>
    <TD>24.9541</TD>
    <TD>0.4737</TD>
    <TD>24.9541</TD>
    <TD>0.4737</TD>
    <TD>0.39</TD>
  </TR>
  <TR>
    <TD>2142.0</TD>
    <TD>241.2777</TD>
    <TD>54.97498</TD>
    <TD>1538.337</TD>
    <TD>1002.667</TD>
    <TD>25.9403</TD>
    <TD>0.369</TD>
    <TD>24.7123</TD>
    <TD>0.4342</TD>
    <TD>24.7123</TD>
    <TD>0.4342</TD>
    <TD>0.36</TD>
  </TR>
  <TR>
    <TD>2143.0</TD>
    <TD>241.2783</TD>
    <TD>55.00281</TD>
    <TD>1233.543</TD>
    <TD>1003.517</TD>
    <TD>25.5805</TD>
    <TD>0.3063</TD>
    <TD>24.7975</TD>
    <TD>0.4106</TD>
    <TD>24.7975</TD>
    <TD>0.4106</TD>
    <TD>0.37</TD>
  </TR>
  <TR>
    <TD>2144.0</TD>
    <TD>241.2783</TD>
    <TD>55.02424</TD>
    <TD>998.515</TD>
    <TD>1006.526</TD>
    <TD>25.769</TD>
    <TD>0.3625</TD>
    <TD>24.943</TD>
    <TD>0.4969</TD>
    <TD>24.943</TD>
    <TD>0.4969</TD>
    <TD>0.38</TD>
  </TR>
  <TR>
    <TD>2145.0</TD>
    <TD>241.2798</TD>
    <TD>55.0937</TD>
    <TD>232.305</TD>
    <TD>1006.337</TD>
    <TD>25.4711</TD>
    <TD>0.2437</TD>
    <TD>25.296</TD>
    <TD>0.2874</TD>
    <TD>25.296</TD>
    <TD>0.2874</TD>
    <TD>0.46</TD>
  </TR>
  <TR>
    <TD>2146.0</TD>
    <TD>241.2783</TD>
    <TD>55.0369</TD>
    <TD>859.374</TD>
    <TD>1008.305</TD>
    <TD>26.2719</TD>
    <TD>0.4965</TD>
    <TD>25.3479</TD>
    <TD>0.5387</TD>
    <TD>25.3479</TD>
    <TD>0.5387</TD>
    <TD>0.35</TD>
  </TR>
  <TR>
    <TD>2147.0</TD>
    <TD>241.2776</TD>
    <TD>55.08575</TD>
    <TD>320.721</TD>
    <TD>1019.42</TD>
    <TD>24.0597</TD>
    <TD>0.151</TD>
    <TD>23.4613</TD>
    <TD>0.2649</TD>
    <TD>23.4613</TD>
    <TD>0.2649</TD>
    <TD>0.53</TD>
  </TR>
  <TR>
    <TD>2148.0</TD>
    <TD>241.2738</TD>
    <TD>55.06314</TD>
    <TD>571.106</TD>
    <TD>1039.942</TD>
    <TD>21.8516</TD>
    <TD>0.0465</TD>
    <TD>21.7753</TD>
    <TD>0.0698</TD>
    <TD>21.7753</TD>
    <TD>0.0698</TD>
    <TD>0.01</TD>
  </TR>
  <TR>
    <TD>2149.0</TD>
    <TD>241.276</TD>
    <TD>54.9909</TD>
    <TD>1364.463</TD>
    <TD>1015.87</TD>
    <TD>25.1294</TD>
    <TD>0.2477</TD>
    <TD>24.5708</TD>
    <TD>0.3537</TD>
    <TD>24.5708</TD>
    <TD>0.3537</TD>
    <TD>0.47</TD>
  </TR>
  <TR>
    <TD>2150.0</TD>
    <TD>241.2744</TD>
    <TD>54.94075</TD>
    <TD>1912.523</TD>
    <TD>1018.269</TD>
    <TD>24.5663</TD>
    <TD>0.1904</TD>
    <TD>24.2953</TD>
    <TD>0.3649</TD>
    <TD>24.2953</TD>
    <TD>0.3649</TD>
    <TD>0.46</TD>
  </TR>
  <TR>
    <TD>2151.0</TD>
    <TD>241.2757</TD>
    <TD>54.96623</TD>
    <TD>1634.207</TD>
    <TD>1013.677</TD>
    <TD>24.9805</TD>
    <TD>0.2624</TD>
    <TD>24.1221</TD>
    <TD>0.3541</TD>
    <TD>24.1221</TD>
    <TD>0.3541</TD>
    <TD>0.48</TD>
  </TR>
  <TR>
    <TD>2152.0</TD>
    <TD>241.2746</TD>
    <TD>55.01444</TD>
    <TD>1106.612</TD>
    <TD>1028.3</TD>
    <TD>23.5181</TD>
    <TD>0.1308</TD>
    <TD>23.0702</TD>
    <TD>0.1982</TD>
    <TD>23.0702</TD>
    <TD>0.1982</TD>
    <TD>0.01</TD>
  </TR>
  <TR>
    <TD>2153.0</TD>
    <TD>241.2787</TD>
    <TD>55.09369</TD>
    <TD>232.638</TD>
    <TD>1013.299</TD>
    <TD>25.9846</TD>
    <TD>0.3839</TD>
    <TD>25.0693</TD>
    <TD>0.3748</TD>
    <TD>25.0693</TD>
    <TD>0.3748</TD>
    <TD>0.41</TD>
  </TR>
  <TR>
    <TD>2154.0</TD>
    <TD>241.2763</TD>
    <TD>55.09332</TD>
    <TD>237.132</TD>
    <TD>1028.383</TD>
    <TD>23.3959</TD>
    <TD>0.1156</TD>
    <TD>22.7739</TD>
    <TD>0.1886</TD>
    <TD>22.7739</TD>
    <TD>0.1886</TD>
    <TD>0.04</TD>
  </TR>
  <TR>
    <TD>2155.0</TD>
    <TD>241.2721</TD>
    <TD>54.98184</TD>
    <TD>1464.167</TD>
    <TD>1038.972</TD>
    <TD>22.2164</TD>
    <TD>0.0613</TD>
    <TD>21.9818</TD>
    <TD>0.0939</TD>
    <TD>21.8797</TD>
    <TD>0.0631</TD>
    <TD>0.0</TD>
  </TR>
  <TR>
    <TD>2156.0</TD>
    <TD>241.2737</TD>
    <TD>54.92941</TD>
    <TD>2036.122</TD>
    <TD>1020.332</TD>
    <TD>25.0978</TD>
    <TD>0.2915</TD>
    <TD>24.1225</TD>
    <TD>0.3369</TD>
    <TD>24.1225</TD>
    <TD>0.3369</TD>
    <TD>0.36</TD>
  </TR>
  <TR>
    <TD>2157.0</TD>
    <TD>241.2755</TD>
    <TD>54.99045</TD>
    <TD>1369.387</TD>
    <TD>1019.167</TD>
    <TD>24.4434</TD>
    <TD>0.193</TD>
    <TD>23.4585</TD>
    <TD>0.2324</TD>
    <TD>23.4585</TD>
    <TD>0.2324</TD>
    <TD>0.44</TD>
  </TR>
  <TR>
    <TD>2158.0</TD>
    <TD>241.2768</TD>
    <TD>55.06709</TD>
    <TD>527.062</TD>
    <TD>1021.894</TD>
    <TD>23.8557</TD>
    <TD>0.1021</TD>
    <TD>23.7479</TD>
    <TD>0.1328</TD>
    <TD>23.7479</TD>
    <TD>0.1328</TD>
    <TD>0.74</TD>
  </TR>
  <TR>
    <TD>2159.0</TD>
    <TD>241.2767</TD>
    <TD>55.0251</TD>
    <TD>989.34</TD>
    <TD>1016.345</TD>
    <TD>25.8171</TD>
    <TD>0.3307</TD>
    <TD>25.3497</TD>
    <TD>0.3015</TD>
    <TD>25.3497</TD>
    <TD>0.3015</TD>
    <TD>0.35</TD>
  </TR>
  <TR>
    <TD>2160.0</TD>
    <TD>241.2783</TD>
    <TD>55.10669</TD>
    <TD>88.658</TD>
    <TD>1017.323</TD>
    <TD>25.5727</TD>
    <TD>0.2664</TD>
    <TD>25.3309</TD>
    <TD>0.2965</TD>
    <TD>25.3309</TD>
    <TD>0.2965</TD>
    <TD>0.38</TD>
  </TR>
  <TR>
    <TD>2161.0</TD>
    <TD>241.2739</TD>
    <TD>55.03792</TD>
    <TD>848.901</TD>
    <TD>1036.116</TD>
    <TD>22.9753</TD>
    <TD>0.0872</TD>
    <TD>22.4582</TD>
    <TD>0.1232</TD>
    <TD>22.4582</TD>
    <TD>0.1232</TD>
    <TD>0.19</TD>
  </TR>
  <TR>
    <TD>2162.0</TD>
    <TD>241.2745</TD>
    <TD>54.95769</TD>
    <TD>1727.69</TD>
    <TD>1020.307</TD>
    <TD>25.673</TD>
    <TD>0.291</TD>
    <TD>25.1728</TD>
    <TD>0.4917</TD>
    <TD>25.1728</TD>
    <TD>0.4917</TD>
    <TD>0.41</TD>
  </TR>
  <TR>
    <TD>2163.0</TD>
    <TD>241.2723</TD>
    <TD>55.00852</TD>
    <TD>1172.015</TD>
    <TD>1041.868</TD>
    <TD>23.3148</TD>
    <TD>0.1121</TD>
    <TD>22.8093</TD>
    <TD>0.2095</TD>
    <TD>22.8093</TD>
    <TD>0.2095</TD>
    <TD>0.09</TD>
  </TR>
  <TR>
    <TD>2164.0</TD>
    <TD>241.2765</TD>
    <TD>55.09299</TD>
    <TD>240.788</TD>
    <TD>1026.807</TD>
    <TD>24.2698</TD>
    <TD>0.1711</TD>
    <TD>22.9907</TD>
    <TD>0.202</TD>
    <TD>23.7919</TD>
    <TD>0.1706</TD>
    <TD>0.42</TD>
  </TR>
  <TR>
    <TD>2165.0</TD>
    <TD>241.2718</TD>
    <TD>54.95458</TD>
    <TD>1762.036</TD>
    <TD>1036.224</TD>
    <TD>23.4047</TD>
    <TD>0.1058</TD>
    <TD>22.752</TD>
    <TD>0.1502</TD>
    <TD>22.752</TD>
    <TD>0.1502</TD>
    <TD>0.65</TD>
  </TR>
  <TR>
    <TD>2166.0</TD>
    <TD>241.2754</TD>
    <TD>55.05597</TD>
    <TD>649.821</TD>
    <TD>1028.698</TD>
    <TD>23.9225</TD>
    <TD>0.1032</TD>
    <TD>24.0925</TD>
    <TD>0.1686</TD>
    <TD>24.0925</TD>
    <TD>0.1686</TD>
    <TD>0.71</TD>
  </TR>
  <TR>
    <TD>2167.0</TD>
    <TD>241.2763</TD>
    <TD>55.11407</TD>
    <TD>7.099</TD>
    <TD>1030.983</TD>
    <TD>22.5961</TD>
    <TD>0.0418</TD>
    <TD>22.5996</TD>
    <TD>0.0525</TD>
    <TD>22.5996</TD>
    <TD>0.0525</TD>
    <TD>0.96</TD>
  </TR>
  <TR>
    <TD>2168.0</TD>
    <TD>241.2744</TD>
    <TD>55.02678</TD>
    <TD>971.19</TD>
    <TD>1031.385</TD>
    <TD>24.8033</TD>
    <TD>0.2353</TD>
    <TD>24.2844</TD>
    <TD>0.4008</TD>
    <TD>24.2844</TD>
    <TD>0.4008</TD>
    <TD>0.37</TD>
  </TR>
  <TR>
    <TD>2169.0</TD>
    <TD>241.2727</TD>
    <TD>54.98528</TD>
    <TD>1426.424</TD>
    <TD>1035.866</TD>
    <TD>23.5772</TD>
    <TD>0.1277</TD>
    <TD>22.9887</TD>
    <TD>0.2012</TD>
    <TD>22.9887</TD>
    <TD>0.2012</TD>
    <TD>0.68</TD>
  </TR>
  <TR>
    <TD>2170.0</TD>
    <TD>241.276</TD>
    <TD>55.10378</TD>
    <TD>121.3</TD>
    <TD>1031.459</TD>
    <TD>24.6972</TD>
    <TD>0.2332</TD>
    <TD>23.8684</TD>
    <TD>0.366</TD>
    <TD>23.8684</TD>
    <TD>0.366</TD>
    <TD>0.37</TD>
  </TR>
  <TR>
    <TD>2171.0</TD>
    <TD>241.2763</TD>
    <TD>55.09159</TD>
    <TD>256.328</TD>
    <TD>1028.326</TD>
    <TD>25.9639</TD>
    <TD>0.3768</TD>
    <TD>25.382</TD>
    <TD>0.7221</TD>
    <TD>25.382</TD>
    <TD>0.7221</TD>
    <TD>0.37</TD>
  </TR>
  <TR>
    <TD>2172.0</TD>
    <TD>241.273</TD>
    <TD>55.1004</TD>
    <TD>159.292</TD>
    <TD>1049.719</TD>
    <TD>21.7735</TD>
    <TD>0.0423</TD>
    <TD>21.7023</TD>
    <TD>0.0531</TD>
    <TD>21.7023</TD>
    <TD>0.0531</TD>
    <TD>0.02</TD>
  </TR>
  <TR>
    <TD>2173.0</TD>
    <TD>241.2701</TD>
    <TD>55.02303</TD>
    <TD>1013.134</TD>
    <TD>1057.474</TD>
    <TD>22.1663</TD>
    <TD>0.0576</TD>
    <TD>21.7781</TD>
    <TD>0.0987</TD>
    <TD>21.7781</TD>
    <TD>0.0987</TD>
    <TD>0.01</TD>
  </TR>
  <TR>
    <TD>2174.0</TD>
    <TD>241.273</TD>
    <TD>55.10362</TD>
    <TD>123.64</TD>
    <TD>1050.085</TD>
    <TD>23.7642</TD>
    <TD>0.1375</TD>
    <TD>23.5443</TD>
    <TD>0.2027</TD>
    <TD>23.5443</TD>
    <TD>0.2027</TD>
    <TD>0.0</TD>
  </TR>
  <TR>
    <TD>2175.0</TD>
    <TD>241.2736</TD>
    <TD>55.00547</TD>
    <TD>1205.14</TD>
    <TD>1033.264</TD>
    <TD>25.798</TD>
    <TD>0.4136</TD>
    <TD>24.775</TD>
    <TD>0.2501</TD>
    <TD>24.775</TD>
    <TD>0.2501</TD>
    <TD>0.36</TD>
  </TR>
  <TR>
    <TD>2176.0</TD>
    <TD>241.2741</TD>
    <TD>55.0087</TD>
    <TD>1169.709</TD>
    <TD>1030.686</TD>
    <TD>25.7085</TD>
    <TD>0.3004</TD>
    <TD>25.0052</TD>
    <TD>0.4037</TD>
    <TD>25.0052</TD>
    <TD>0.4037</TD>
    <TD>0.41</TD>
  </TR>
  <TR>
    <TD>2177.0</TD>
    <TD>241.2706</TD>
    <TD>54.95226</TD>
    <TD>1787.576</TD>
    <TD>1043.877</TD>
    <TD>24.2976</TD>
    <TD>0.1754</TD>
    <TD>23.2394</TD>
    <TD>0.2338</TD>
    <TD>23.2394</TD>
    <TD>0.2338</TD>
    <TD>0.35</TD>
  </TR>
  <TR>
    <TD>2178.0</TD>
    <TD>241.2724</TD>
    <TD>54.94658</TD>
    <TD>1849.236</TD>
    <TD>1031.617</TD>
    <TD>25.2896</TD>
    <TD>0.2624</TD>
    <TD>23.9527</TD>
    <TD>0.2586</TD>
    <TD>23.9527</TD>
    <TD>0.2586</TD>
    <TD>0.48</TD>
  </TR>
  <TR>
    <TD>2179.0</TD>
    <TD>241.2716</TD>
    <TD>54.94676</TD>
    <TD>1847.391</TD>
    <TD>1036.814</TD>
    <TD>24.3555</TD>
    <TD>0.1784</TD>
    <TD>24.2157</TD>
    <TD>0.3993</TD>
    <TD>24.2157</TD>
    <TD>0.3993</TD>
    <TD>0.45</TD>
  </TR>
  <TR>
    <TD>2180.0</TD>
    <TD>241.2718</TD>
    <TD>54.92939</TD>
    <TD>2036.707</TD>
    <TD>1032.328</TD>
    <TD>25.9162</TD>
    <TD>0.3612</TD>
    <TD>25.3266</TD>
    <TD>0.5283</TD>
    <TD>25.3266</TD>
    <TD>0.5283</TD>
    <TD>0.36</TD>
  </TR>
  <TR>
    <TD>2181.0</TD>
    <TD>241.2729</TD>
    <TD>55.02096</TD>
    <TD>1035.361</TD>
    <TD>1039.599</TD>
    <TD>24.1565</TD>
    <TD>0.1646</TD>
    <TD>23.8681</TD>
    <TD>0.3408</TD>
    <TD>23.8681</TD>
    <TD>0.3408</TD>
    <TD>0.38</TD>
  </TR>
  <TR>
    <TD>2182.0</TD>
    <TD>241.2298</TD>
    <TD>55.01366</TD>
    <TD>1122.214</TD>
    <TD>1308.249</TD>
    <TD>13.6612</TD>
    <TD>4.0E-4</TD>
    <TD>13.6862</TD>
    <TD>3.0E-4</TD>
    <TD>13.6862</TD>
    <TD>3.0E-4</TD>
    <TD>0.79</TD>
  </TR>
  <TR>
    <TD>2183.0</TD>
    <TD>241.2677</TD>
    <TD>55.02004</TD>
    <TD>1046.342</TD>
    <TD>1072.187</TD>
    <TD>19.252</TD>
    <TD>0.0080</TD>
    <TD>19.2449</TD>
    <TD>0.0085</TD>
    <TD>19.2449</TD>
    <TD>0.0085</TD>
    <TD>0.03</TD>
  </TR>
  <TR>
    <TD>2184.0</TD>
    <TD>241.2721</TD>
    <TD>55.02722</TD>
    <TD>966.822</TD>
    <TD>1045.768</TD>
    <TD>24.1157</TD>
    <TD>0.1678</TD>
    <TD>22.9438</TD>
    <TD>0.2013</TD>
    <TD>22.9438</TD>
    <TD>0.2013</TD>
    <TD>0.4</TD>
  </TR>
  <TR>
    <TD>2185.0</TD>
    <TD>241.2738</TD>
    <TD>55.07732</TD>
    <TD>414.546</TD>
    <TD>1041.563</TD>
    <TD>24.5062</TD>
    <TD>0.2114</TD>
    <TD>23.792</TD>
    <TD>0.2649</TD>
    <TD>23.792</TD>
    <TD>0.2649</TD>
    <TD>0.45</TD>
  </TR>
  <TR>
    <TD>2186.0</TD>
    <TD>241.275</TD>
    <TD>55.10091</TD>
    <TD>153.261</TD>
    <TD>1037.399</TD>
    <TD>25.5764</TD>
    <TD>0.2673</TD>
    <TD>25.0915</TD>
    <TD>0.3584</TD>
    <TD>25.0915</TD>
    <TD>0.3584</TD>
    <TD>0.37</TD>
  </TR>
  <TR>
    <TD>2187.0</TD>
    <TD>241.2748</TD>
    <TD>55.09321</TD>
    <TD>238.664</TD>
    <TD>1037.325</TD>
    <TD>25.709</TD>
    <TD>0.3005</TD>
    <TD>25.2679</TD>
    <TD>0.2803</TD>
    <TD>25.2679</TD>
    <TD>0.2803</TD>
    <TD>0.38</TD>
  </TR>
  <TR>
    <TD>2188.0</TD>
    <TD>241.2744</TD>
    <TD>55.10139</TD>
    <TD>148.142</TD>
    <TD>1041.148</TD>
    <TD>24.9474</TD>
    <TD>0.241</TD>
    <TD>23.5833</TD>
    <TD>0.2289</TD>
    <TD>23.5833</TD>
    <TD>0.2289</TD>
    <TD>0.45</TD>
  </TR>
  <TR>
    <TD>2189.0</TD>
    <TD>241.2695</TD>
    <TD>54.98513</TD>
    <TD>1428.606</TD>
    <TD>1055.979</TD>
    <TD>23.433</TD>
    <TD>0.1229</TD>
    <TD>23.0045</TD>
    <TD>0.1585</TD>
    <TD>23.0045</TD>
    <TD>0.1585</TD>
    <TD>0.01</TD>
  </TR>
  <TR>
    <TD>2190.0</TD>
    <TD>241.2715</TD>
    <TD>55.02686</TD>
    <TD>970.821</TD>
    <TD>1049.564</TD>
    <TD>24.4326</TD>
    <TD>0.1841</TD>
    <TD>23.106</TD>
    <TD>0.2417</TD>
    <TD>23.106</TD>
    <TD>0.2417</TD>
    <TD>0.49</TD>
  </TR>
  <TR>
    <TD>2191.0</TD>
    <TD>241.2702</TD>
    <TD>55.01225</TD>
    <TD>1131.403</TD>
    <TD>1055.418</TD>
    <TD>23.5187</TD>
    <TD>0.1271</TD>
    <TD>23.1068</TD>
    <TD>0.2366</TD>
    <TD>23.1068</TD>
    <TD>0.2366</TD>
    <TD>0.36</TD>
  </TR>
  <TR>
    <TD>2192.0</TD>
    <TD>241.2742</TD>
    <TD>55.11002</TD>
    <TD>52.374</TD>
    <TD>1043.473</TD>
    <TD>25.1828</TD>
    <TD>0.2387</TD>
    <TD>24.6874</TD>
    <TD>0.2953</TD>
    <TD>24.6874</TD>
    <TD>0.2953</TD>
    <TD>0.37</TD>
  </TR>
  <TR>
    <TD>2193.0</TD>
    <TD>241.2711</TD>
    <TD>54.95001</TD>
    <TD>1812.012</TD>
    <TD>1040.341</TD>
    <TD>25.8251</TD>
    <TD>0.3331</TD>
    <TD>24.1947</TD>
    <TD>0.289</TD>
    <TD>24.1947</TD>
    <TD>0.289</TD>
    <TD>0.36</TD>
  </TR>
  <TR>
    <TD>2194.0</TD>
    <TD>241.2732</TD>
    <TD>55.11018</TD>
    <TD>50.796</TD>
    <TD>1049.604</TD>
    <TD>23.8414</TD>
    <TD>0.138</TD>
    <TD>23.4348</TD>
    <TD>0.1967</TD>
    <TD>23.4348</TD>
    <TD>0.1967</TD>
    <TD>0.59</TD>
  </TR>
  <TR>
    <TD>2195.0</TD>
    <TD>241.2716</TD>
    <TD>54.99513</TD>
    <TD>1318.834</TD>
    <TD>1044.392</TD>
    <TD>25.28</TD>
    <TD>0.2602</TD>
    <TD>24.7731</TD>
    <TD>0.2594</TD>
    <TD>24.7731</TD>
    <TD>0.2594</TD>
    <TD>0.45</TD>
  </TR>
  <TR>
    <TD>2196.0</TD>
    <TD>241.271</TD>
    <TD>54.9746</TD>
    <TD>1543.456</TD>
    <TD>1044.461</TD>
    <TD>25.7286</TD>
    <TD>0.3496</TD>
    <TD>24.4499</TD>
    <TD>0.3496</TD>
    <TD>24.4499</TD>
    <TD>0.3496</TD>
    <TD>0.12</TD>
  </TR>
  <TR>
    <TD>2197.0</TD>
    <TD>241.2688</TD>
    <TD>55.02721</TD>
    <TD>967.364</TD>
    <TD>1066.236</TD>
    <TD>22.278</TD>
    <TD>0.0591</TD>
    <TD>22.0061</TD>
    <TD>0.0989</TD>
    <TD>22.0061</TD>
    <TD>0.0989</TD>
    <TD>0.08</TD>
  </TR>
  <TR>
    <TD>2198.0</TD>
    <TD>241.2648</TD>
    <TD>54.92964</TD>
    <TD>2035.004</TD>
    <TD>1076.264</TD>
    <TD>20.1246</TD>
    <TD>0.0146</TD>
    <TD>20.0836</TD>
    <TD>0.0176</TD>
    <TD>20.0836</TD>
    <TD>0.0176</TD>
    <TD>0.03</TD>
  </TR>
  <TR>
    <TD>2199.0</TD>
    <TD>241.2678</TD>
    <TD>55.10079</TD>
    <TD>155.913</TD>
    <TD>1082.7</TD>
    <TD>21.9179</TD>
    <TD>0.0487</TD>
    <TD>21.8512</TD>
    <TD>0.0684</TD>
    <TD>21.8512</TD>
    <TD>0.0684</TD>
    <TD>0.0</TD>
  </TR>
  <TR>
    <TD>2200.0</TD>
    <TD>241.2703</TD>
    <TD>54.96901</TD>
    <TD>1604.691</TD>
    <TD>1048.311</TD>
    <TD>25.8549</TD>
    <TD>0.342</TD>
    <TD>25.1429</TD>
    <TD>0.3193</TD>
    <TD>25.1429</TD>
    <TD>0.3193</TD>
    <TD>0.43</TD>
  </TR>
  <TR>
    <TD>2201.0</TD>
    <TD>241.1541</TD>
    <TD>54.94085</TD>
    <TD>1928.296</TD>
    <TD>1770.093</TD>
    <TD>10.5553</TD>
    <TD>1.0E-4</TD>
    <TD>10.5664</TD>
    <TD>1.0E-4</TD>
    <TD>10.5664</TD>
    <TD>1.0E-4</TD>
    <TD>0.85</TD>
  </TR>
  <TR>
    <TD>2202.0</TD>
    <TD>241.2706</TD>
    <TD>55.04026</TD>
    <TD>823.679</TD>
    <TD>1056.956</TD>
    <TD>21.9701</TD>
    <TD>0.0319</TD>
    <TD>21.9648</TD>
    <TD>0.0424</TD>
    <TD>21.9648</TD>
    <TD>0.0424</TD>
    <TD>0.89</TD>
  </TR>
  <TR>
    <TD>2203.0</TD>
    <TD>241.2692</TD>
    <TD>55.09823</TD>
    <TD>183.991</TD>
    <TD>1073.4</TD>
    <TD>22.1075</TD>
    <TD>0.056</TD>
    <TD>21.8516</TD>
    <TD>0.0911</TD>
    <TD>21.8516</TD>
    <TD>0.0911</TD>
    <TD>0.0</TD>
  </TR>
  <TR>
    <TD>2204.0</TD>
    <TD>241.2718</TD>
    <TD>55.06812</TD>
    <TD>516.507</TD>
    <TD>1053.004</TD>
    <TD>24.3658</TD>
    <TD>0.1594</TD>
    <TD>24.2108</TD>
    <TD>0.201</TD>
    <TD>24.2108</TD>
    <TD>0.201</TD>
    <TD>0.66</TD>
  </TR>
  <TR>
    <TD>2205.0</TD>
    <TD>241.2695</TD>
    <TD>54.95578</TD>
    <TD>1749.237</TD>
    <TD>1051.405</TD>
    <TD>25.5804</TD>
    <TD>0.3401</TD>
    <TD>24.0256</TD>
    <TD>0.2764</TD>
    <TD>24.0256</TD>
    <TD>0.2764</TD>
    <TD>0.4</TD>
  </TR>
  <TR>
    <TD>2206.0</TD>
    <TD>241.2707</TD>
    <TD>55.04098</TD>
    <TD>815.772</TD>
    <TD>1056.428</TD>
    <TD>24.095</TD>
    <TD>0.1312</TD>
    <TD>24.1588</TD>
    <TD>0.2039</TD>
    <TD>24.1588</TD>
    <TD>0.2039</TD>
    <TD>0.59</TD>
  </TR>
  <TR>
    <TD>2207.0</TD>
    <TD>241.2674</TD>
    <TD>54.92855</TD>
    <TD>2046.494</TD>
    <TD>1059.988</TD>
    <TD>25.0035</TD>
    <TD>0.2534</TD>
    <TD>24.2978</TD>
    <TD>0.3714</TD>
    <TD>24.2978</TD>
    <TD>0.3714</TD>
    <TD>0.48</TD>
  </TR>
  <TR>
    <TD>2208.0</TD>
    <TD>241.2649</TD>
    <TD>54.94617</TD>
    <TD>1854.848</TD>
    <TD>1078.173</TD>
    <TD>21.5937</TD>
    <TD>0.0382</TD>
    <TD>21.307</TD>
    <TD>0.0612</TD>
    <TD>21.4316</TD>
    <TD>0.0397</TD>
    <TD>0.01</TD>
  </TR>
  <TR>
    <TD>2209.0</TD>
    <TD>241.2709</TD>
    <TD>55.08327</TD>
    <TD>349.307</TD>
    <TD>1060.788</TD>
    <TD>22.9758</TD>
    <TD>0.0687</TD>
    <TD>23.1432</TD>
    <TD>0.0937</TD>
    <TD>23.1432</TD>
    <TD>0.0937</TD>
    <TD>0.7</TD>
  </TR>
  <TR>
    <TD>2210.0</TD>
    <TD>241.2707</TD>
    <TD>55.06499</TD>
    <TD>551.176</TD>
    <TD>1059.677</TD>
    <TD>24.5687</TD>
    <TD>0.2079</TD>
    <TD>23.6547</TD>
    <TD>0.3448</TD>
    <TD>23.6547</TD>
    <TD>0.3448</TD>
    <TD>0.47</TD>
  </TR>
  <TR>
    <TD>2211.0</TD>
    <TD>241.2721</TD>
    <TD>55.09626</TD>
    <TD>205.28</TD>
    <TD>1054.668</TD>
    <TD>25.7839</TD>
    <TD>0.3211</TD>
    <TD>25.1182</TD>
    <TD>0.3268</TD>
    <TD>25.1182</TD>
    <TD>0.3268</TD>
    <TD>0.35</TD>
  </TR>
  <TR>
    <TD>2212.0</TD>
    <TD>241.271</TD>
    <TD>55.04356</TD>
    <TD>787.336</TD>
    <TD>1054.682</TD>
    <TD>25.7174</TD>
    <TD>0.3027</TD>
    <TD>24.7</TD>
    <TD>0.3579</TD>
    <TD>24.7</TD>
    <TD>0.3579</TD>
    <TD>0.43</TD>
  </TR>
  <TR>
    <TD>2213.0</TD>
    <TD>241.2695</TD>
    <TD>54.99284</TD>
    <TD>1344.251</TD>
    <TD>1056.768</TD>
    <TD>25.7401</TD>
    <TD>0.3532</TD>
    <TD>24.8647</TD>
    <TD>0.2919</TD>
    <TD>24.8647</TD>
    <TD>0.2919</TD>
    <TD>0.35</TD>
  </TR>
  <TR>
    <TD>2214.0</TD>
    <TD>241.2707</TD>
    <TD>55.06821</TD>
    <TD>515.687</TD>
    <TD>1060.05</TD>
    <TD>25.8736</TD>
    <TD>0.3477</TD>
    <TD>24.4795</TD>
    <TD>0.3342</TD>
    <TD>24.4795</TD>
    <TD>0.3342</TD>
    <TD>0.4</TD>
  </TR>
  <TR>
    <TD>2215.0</TD>
    <TD>241.272</TD>
    <TD>55.11256</TD>
    <TD>24.659</TD>
    <TD>1057.703</TD>
    <TD>25.5318</TD>
    <TD>0.257</TD>
    <TD>25.7608</TD>
    <TD>0.4364</TD>
    <TD>25.7608</TD>
    <TD>0.4364</TD>
    <TD>0.42</TD>
  </TR>
  <TR>
    <TD>2216.0</TD>
    <TD>241.2673</TD>
    <TD>54.98508</TD>
    <TD>1429.499</TD>
    <TD>1069.479</TD>
    <TD>24.0052</TD>
    <TD>0.1671</TD>
    <TD>23.7155</TD>
    <TD>0.2015</TD>
    <TD>23.7155</TD>
    <TD>0.2015</TD>
    <TD>0.4</TD>
  </TR>
  <TR>
    <TD>2217.0</TD>
    <TD>241.2697</TD>
    <TD>55.01436</TD>
    <TD>1108.348</TD>
    <TD>1058.691</TD>
    <TD>25.8707</TD>
    <TD>0.3468</TD>
    <TD>25.212</TD>
    <TD>0.531</TD>
    <TD>25.212</TD>
    <TD>0.531</TD>
    <TD>0.37</TD>
  </TR>
  <TR>
    <TD>2218.0</TD>
    <TD>241.2639</TD>
    <TD>54.94645</TD>
    <TD>1851.892</TD>
    <TD>1084.88</TD>
    <TD>21.4775</TD>
    <TD>0.0354</TD>
    <TD>21.2493</TD>
    <TD>0.0501</TD>
    <TD>21.3293</TD>
    <TD>0.0367</TD>
    <TD>0.01</TD>
  </TR>
  <TR>
    <TD>2219.0</TD>
    <TD>241.2682</TD>
    <TD>55.0581</TD>
    <TD>627.602</TD>
    <TD>1074.577</TD>
    <TD>23.0139</TD>
    <TD>0.0975</TD>
    <TD>22.4047</TD>
    <TD>0.1538</TD>
    <TD>22.4047</TD>
    <TD>0.1538</TD>
    <TD>0.31</TD>
  </TR>
  <TR>
    <TD>2220.0</TD>
    <TD>241.267</TD>
    <TD>54.97536</TD>
    <TD>1535.791</TD>
    <TD>1070.165</TD>
    <TD>24.1222</TD>
    <TD>0.1774</TD>
    <TD>22.9675</TD>
    <TD>0.2074</TD>
    <TD>22.9675</TD>
    <TD>0.2074</TD>
    <TD>0.42</TD>
  </TR>
  <TR>
    <TD>2221.0</TD>
    <TD>241.2704</TD>
    <TD>55.05235</TD>
    <TD>690.659</TD>
    <TD>1059.716</TD>
    <TD>25.6575</TD>
    <TD>0.2871</TD>
    <TD>25.3209</TD>
    <TD>0.2939</TD>
    <TD>25.3209</TD>
    <TD>0.2939</TD>
    <TD>0.35</TD>
  </TR>
  <TR>
    <TD>2222.0</TD>
    <TD>241.2674</TD>
    <TD>54.93367</TD>
    <TD>1990.679</TD>
    <TD>1060.674</TD>
    <TD>25.9759</TD>
    <TD>0.3809</TD>
    <TD>25.2319</TD>
    <TD>0.5616</TD>
    <TD>25.2319</TD>
    <TD>0.5616</TD>
    <TD>0.42</TD>
  </TR>
  <TR>
    <TD>2223.0</TD>
    <TD>241.2702</TD>
    <TD>55.11464</TD>
    <TD>1.902</TD>
    <TD>1069.357</TD>
    <TD>24.4179</TD>
    <TD>0.1669</TD>
    <TD>24.4339</TD>
    <TD>0.2948</TD>
    <TD>24.4339</TD>
    <TD>0.2948</TD>
    <TD>0.37</TD>
  </TR>
  <TR>
    <TD>2224.0</TD>
    <TD>241.2701</TD>
    <TD>55.08241</TD>
    <TD>359.0</TD>
    <TD>1065.997</TD>
    <TD>25.5454</TD>
    <TD>0.2601</TD>
    <TD>25.3083</TD>
    <TD>0.3126</TD>
    <TD>25.3083</TD>
    <TD>0.3126</TD>
    <TD>0.41</TD>
  </TR>
  <TR>
    <TD>2225.0</TD>
    <TD>241.2624</TD>
    <TD>54.93131</TD>
    <TD>2017.083</TD>
    <TD>1091.461</TD>
    <TD>22.1242</TD>
    <TD>0.0578</TD>
    <TD>21.5615</TD>
    <TD>0.0865</TD>
    <TD>21.5615</TD>
    <TD>0.0865</TD>
    <TD>0.01</TD>
  </TR>
  <TR>
    <TD>2226.0</TD>
    <TD>241.266</TD>
    <TD>54.96374</TD>
    <TD>1662.883</TD>
    <TD>1074.219</TD>
    <TD>24.1791</TD>
    <TD>0.1776</TD>
    <TD>23.0923</TD>
    <TD>0.247</TD>
    <TD>23.0923</TD>
    <TD>0.247</TD>
    <TD>0.36</TD>
  </TR>
  <TR>
    <TD>2227.0</TD>
    <TD>241.2697</TD>
    <TD>55.09277</TD>
    <TD>244.384</TD>
    <TD>1069.453</TD>
    <TD>24.7755</TD>
    <TD>0.2184</TD>
    <TD>24.0061</TD>
    <TD>0.3127</TD>
    <TD>24.0061</TD>
    <TD>0.3127</TD>
    <TD>0.45</TD>
  </TR>
  <TR>
    <TD>2228.0</TD>
    <TD>241.2698</TD>
    <TD>55.08027</TD>
    <TD>382.674</TD>
    <TD>1067.295</TD>
    <TD>25.6077</TD>
    <TD>0.2748</TD>
    <TD>24.4432</TD>
    <TD>0.3316</TD>
    <TD>24.4432</TD>
    <TD>0.3316</TD>
    <TD>0.48</TD>
  </TR>
  <TR>
    <TD>2229.0</TD>
    <TD>241.267</TD>
    <TD>54.98535</TD>
    <TD>1426.521</TD>
    <TD>1071.476</TD>
    <TD>25.1691</TD>
    <TD>0.2566</TD>
    <TD>24.8527</TD>
    <TD>0.2888</TD>
    <TD>24.7099</TD>
    <TD>0.2572</TD>
    <TD>0.36</TD>
  </TR>
  <TR>
    <TD>2230.0</TD>
    <TD>241.2673</TD>
    <TD>55.04005</TD>
    <TD>826.552</TD>
    <TD>1077.674</TD>
    <TD>23.8951</TD>
    <TD>0.1481</TD>
    <TD>23.7554</TD>
    <TD>0.33</TD>
    <TD>23.7554</TD>
    <TD>0.33</TD>
    <TD>0.43</TD>
  </TR>
  <TR>
    <TD>2231.0</TD>
    <TD>241.2695</TD>
    <TD>55.08263</TD>
    <TD>356.653</TD>
    <TD>1069.316</TD>
    <TD>25.7144</TD>
    <TD>0.3019</TD>
    <TD>24.3982</TD>
    <TD>0.3259</TD>
    <TD>24.3982</TD>
    <TD>0.3259</TD>
    <TD>0.46</TD>
  </TR>
  <TR>
    <TD>2232.0</TD>
    <TD>241.2679</TD>
    <TD>55.06357</TD>
    <TD>567.364</TD>
    <TD>1076.824</TD>
    <TD>24.3618</TD>
    <TD>0.1728</TD>
    <TD>24.2877</TD>
    <TD>0.2658</TD>
    <TD>24.2877</TD>
    <TD>0.2658</TD>
    <TD>0.48</TD>
  </TR>
  <TR>
    <TD>2233.0</TD>
    <TD>241.2687</TD>
    <TD>55.04628</TD>
    <TD>757.715</TD>
    <TD>1069.388</TD>
    <TD>25.7944</TD>
    <TD>0.3241</TD>
    <TD>25.0502</TD>
    <TD>0.4757</TD>
    <TD>25.0502</TD>
    <TD>0.4757</TD>
    <TD>0.43</TD>
  </TR>
  <TR>
    <TD>2234.0</TD>
    <TD>241.2661</TD>
    <TD>54.93708</TD>
    <TD>1953.691</TD>
    <TD>1069.663</TD>
    <TD>26.2475</TD>
    <TD>0.4857</TD>
    <TD>25.189</TD>
    <TD>0.3634</TD>
    <TD>25.189</TD>
    <TD>0.3634</TD>
    <TD>0.36</TD>
  </TR>
  <TR>
    <TD>2235.0</TD>
    <TD>241.2548</TD>
    <TD>55.03847</TD>
    <TD>845.927</TD>
    <TD>1155.447</TD>
    <TD>20.0738</TD>
    <TD>0.014</TD>
    <TD>20.0465</TD>
    <TD>0.016</TD>
    <TD>20.0465</TD>
    <TD>0.016</TD>
    <TD>0.03</TD>
  </TR>
  <TR>
    <TD>2236.0</TD>
    <TD>241.2693</TD>
    <TD>55.08154</TD>
    <TD>368.648</TD>
    <TD>1070.692</TD>
    <TD>25.7164</TD>
    <TD>0.3024</TD>
    <TD>25.5825</TD>
    <TD>0.7303</TD>
    <TD>25.5825</TD>
    <TD>0.7303</TD>
    <TD>0.43</TD>
  </TR>
  <TR>
    <TD>2237.0</TD>
    <TD>241.2685</TD>
    <TD>55.06094</TD>
    <TD>596.241</TD>
    <TD>1072.815</TD>
    <TD>24.4078</TD>
    <TD>0.1494</TD>
    <TD>24.4276</TD>
    <TD>0.2278</TD>
    <TD>24.4276</TD>
    <TD>0.2278</TD>
    <TD>0.6</TD>
  </TR>
  <TR>
    <TD>2238.0</TD>
    <TD>241.266</TD>
    <TD>54.97321</TD>
    <TD>1559.412</TD>
    <TD>1075.882</TD>
    <TD>23.8758</TD>
    <TD>0.1456</TD>
    <TD>23.3722</TD>
    <TD>0.2403</TD>
    <TD>23.3722</TD>
    <TD>0.2403</TD>
    <TD>0.42</TD>
  </TR>
  <TR>
    <TD>2239.0</TD>
    <TD>241.2639</TD>
    <TD>54.94208</TD>
    <TD>1899.538</TD>
    <TD>1084.057</TD>
    <TD>24.3909</TD>
    <TD>0.1907</TD>
    <TD>23.5608</TD>
    <TD>0.2391</TD>
    <TD>23.5608</TD>
    <TD>0.2391</TD>
    <TD>0.4</TD>
  </TR>
  <TR>
    <TD>2240.0</TD>
    <TD>241.2648</TD>
    <TD>54.97403</TD>
    <TD>1550.719</TD>
    <TD>1083.251</TD>
    <TD>24.6015</TD>
    <TD>0.2141</TD>
    <TD>23.5171</TD>
    <TD>0.3279</TD>
    <TD>23.5171</TD>
    <TD>0.3279</TD>
    <TD>0.47</TD>
  </TR>
  <TR>
    <TD>2241.0</TD>
    <TD>241.2665</TD>
    <TD>55.01072</TD>
    <TD>1148.793</TD>
    <TD>1078.584</TD>
    <TD>24.6136</TD>
    <TD>0.2077</TD>
    <TD>23.3742</TD>
    <TD>0.2461</TD>
    <TD>23.3742</TD>
    <TD>0.2461</TD>
    <TD>0.35</TD>
  </TR>
  <TR>
    <TD>2242.0</TD>
    <TD>241.262</TD>
    <TD>54.93486</TD>
    <TD>1978.54</TD>
    <TD>1094.758</TD>
    <TD>22.2039</TD>
    <TD>0.055</TD>
    <TD>22.0526</TD>
    <TD>0.0937</TD>
    <TD>22.0526</TD>
    <TD>0.0937</TD>
    <TD>0.01</TD>
  </TR>
  <TR>
    <TD>2243.0</TD>
    <TD>241.2579</TD>
    <TD>54.93313</TD>
    <TD>1997.96</TD>
    <TD>1120.243</TD>
    <TD>19.0115</TD>
    <TD>0.0067</TD>
    <TD>19.0133</TD>
    <TD>0.0070</TD>
    <TD>19.0133</TD>
    <TD>0.0070</TD>
    <TD>0.04</TD>
  </TR>
  <TR>
    <TD>2244.0</TD>
    <TD>241.2672</TD>
    <TD>55.03261</TD>
    <TD>908.336</TD>
    <TD>1077.327</TD>
    <TD>26.0633</TD>
    <TD>0.4118</TD>
    <TD>25.1165</TD>
    <TD>0.5054</TD>
    <TD>25.1165</TD>
    <TD>0.5054</TD>
    <TD>0.35</TD>
  </TR>
  <TR>
    <TD>2245.0</TD>
    <TD>241.2636</TD>
    <TD>55.09772</TD>
    <TD>190.651</TD>
    <TD>1108.434</TD>
    <TD>21.943</TD>
    <TD>0.0522</TD>
    <TD>21.8145</TD>
    <TD>0.0714</TD>
    <TD>21.8145</TD>
    <TD>0.0714</TD>
    <TD>0.0</TD>
  </TR>
  <TR>
    <TD>2246.0</TD>
    <TD>241.2647</TD>
    <TD>54.9476</TD>
    <TD>1839.29</TD>
    <TD>1079.632</TD>
    <TD>25.7747</TD>
    <TD>0.3185</TD>
    <TD>24.9266</TD>
    <TD>0.2867</TD>
    <TD>24.9266</TD>
    <TD>0.2867</TD>
    <TD>0.36</TD>
  </TR>
  <TR>
    <TD>2247.0</TD>
    <TD>241.2652</TD>
    <TD>54.97933</TD>
    <TD>1492.736</TD>
    <TD>1081.988</TD>
    <TD>25.6785</TD>
    <TD>0.3343</TD>
    <TD>25.0262</TD>
    <TD>0.482</TD>
    <TD>25.0262</TD>
    <TD>0.482</TD>
    <TD>0.41</TD>
  </TR>
  <TR>
    <TD>2248.0</TD>
    <TD>241.2662</TD>
    <TD>55.06077</TD>
    <TD>598.485</TD>
    <TD>1087.018</TD>
    <TD>25.5943</TD>
    <TD>0.3101</TD>
    <TD>25.1387</TD>
    <TD>0.3472</TD>
    <TD>25.1387</TD>
    <TD>0.3472</TD>
    <TD>0.45</TD>
  </TR>
  <TR>
    <TD>2249.0</TD>
    <TD>241.2671</TD>
    <TD>55.07944</TD>
    <TD>392.29</TD>
    <TD>1084.383</TD>
    <TD>25.9483</TD>
    <TD>0.3716</TD>
    <TD>25.3388</TD>
    <TD>0.2986</TD>
    <TD>25.3388</TD>
    <TD>0.2986</TD>
    <TD>0.35</TD>
  </TR>
  <TR>
    <TD>2250.0</TD>
    <TD>241.2652</TD>
    <TD>54.99764</TD>
    <TD>1292.336</TD>
    <TD>1084.322</TD>
    <TD>25.9868</TD>
    <TD>0.3846</TD>
    <TD>24.756</TD>
    <TD>0.3638</TD>
    <TD>24.756</TD>
    <TD>0.3638</TD>
    <TD>0.36</TD>
  </TR>
  <TR>
    <TD>2251.0</TD>
    <TD>241.2649</TD>
    <TD>54.99169</TD>
    <TD>1357.51</TD>
    <TD>1085.547</TD>
    <TD>25.6012</TD>
    <TD>0.312</TD>
    <TD>25.0573</TD>
    <TD>0.5205</TD>
    <TD>25.0573</TD>
    <TD>0.5205</TD>
    <TD>0.37</TD>
  </TR>
  <TR>
    <TD>2252.0</TD>
    <TD>241.2586</TD>
    <TD>55.01599</TD>
    <TD>1092.246</TD>
    <TD>1128.747</TD>
    <TD>20.595</TD>
    <TD>0.0249</TD>
    <TD>20.5167</TD>
    <TD>0.0325</TD>
    <TD>20.5167</TD>
    <TD>0.0325</TD>
    <TD>0.0</TD>
  </TR>
  <TR>
    <TD>2253.0</TD>
    <TD>241.2672</TD>
    <TD>55.10284</TD>
    <TD>133.308</TD>
    <TD>1086.625</TD>
    <TD>25.6631</TD>
    <TD>0.2885</TD>
    <TD>25.6464</TD>
    <TD>0.3936</TD>
    <TD>25.6464</TD>
    <TD>0.3936</TD>
    <TD>0.35</TD>
  </TR>
  <TR>
    <TD>2254.0</TD>
    <TD>241.2674</TD>
    <TD>55.11328</TD>
    <TD>17.485</TD>
    <TD>1086.524</TD>
    <TD>25.7602</TD>
    <TD>0.3596</TD>
    <TD>24.0332</TD>
    <TD>0.2783</TD>
    <TD>24.0332</TD>
    <TD>0.2783</TD>
    <TD>0.39</TD>
  </TR>
  <TR>
    <TD>2255.0</TD>
    <TD>241.2651</TD>
    <TD>55.02861</TD>
    <TD>952.614</TD>
    <TD>1089.805</TD>
    <TD>25.5147</TD>
    <TD>0.3207</TD>
    <TD>24.9691</TD>
    <TD>0.2979</TD>
    <TD>24.9691</TD>
    <TD>0.2979</TD>
    <TD>0.36</TD>
  </TR>
  <TR>
    <TD>2256.0</TD>
    <TD>241.2671</TD>
    <TD>55.11373</TD>
    <TD>12.496</TD>
    <TD>1088.501</TD>
    <TD>25.6612</TD>
    <TD>0.3292</TD>
    <TD>24.9091</TD>
    <TD>0.4546</TD>
    <TD>24.9091</TD>
    <TD>0.4546</TD>
    <TD>0.35</TD>
  </TR>
  <TR>
    <TD>2257.0</TD>
    <TD>241.2629</TD>
    <TD>55.01835</TD>
    <TD>1065.674</TD>
    <TD>1101.817</TD>
    <TD>24.156</TD>
    <TD>0.1693</TD>
    <TD>23.6777</TD>
    <TD>0.2673</TD>
    <TD>23.6777</TD>
    <TD>0.2673</TD>
    <TD>0.54</TD>
  </TR>
  <TR>
    <TD>2258.0</TD>
    <TD>241.2668</TD>
    <TD>55.10733</TD>
    <TD>83.601</TD>
    <TD>1089.308</TD>
    <TD>25.7494</TD>
    <TD>0.3114</TD>
    <TD>25.8145</TD>
    <TD>0.4581</TD>
    <TD>25.8145</TD>
    <TD>0.4581</TD>
    <TD>0.41</TD>
  </TR>
  <TR>
    <TD>2259.0</TD>
    <TD>241.2628</TD>
    <TD>54.95448</TD>
    <TD>1764.499</TD>
    <TD>1093.0</TD>
    <TD>26.0245</TD>
    <TD>0.4559</TD>
    <TD>24.9599</TD>
    <TD>0.3394</TD>
    <TD>24.9599</TD>
    <TD>0.3394</TD>
    <TD>0.35</TD>
  </TR>
  <TR>
    <TD>2260.0</TD>
    <TD>241.2619</TD>
    <TD>55.02968</TD>
    <TD>941.38</TD>
    <TD>1110.192</TD>
    <TD>22.8879</TD>
    <TD>0.0844</TD>
    <TD>22.449</TD>
    <TD>0.1158</TD>
    <TD>22.449</TD>
    <TD>0.1158</TD>
    <TD>0.19</TD>
  </TR>
  <TR>
    <TD>2261.0</TD>
    <TD>241.2627</TD>
    <TD>55.03504</TD>
    <TD>882.368</TD>
    <TD>1105.804</TD>
    <TD>22.9785</TD>
    <TD>0.0874</TD>
    <TD>22.5878</TD>
    <TD>0.1321</TD>
    <TD>22.5878</TD>
    <TD>0.1321</TD>
    <TD>0.13</TD>
  </TR>
  <TR>
    <TD>2262.0</TD>
    <TD>241.2656</TD>
    <TD>55.0565</TD>
    <TD>645.694</TD>
    <TD>1090.691</TD>
    <TD>26.0384</TD>
    <TD>0.4028</TD>
    <TD>25.0571</TD>
    <TD>0.4232</TD>
    <TD>25.0571</TD>
    <TD>0.4232</TD>
    <TD>0.36</TD>
  </TR>
  <TR>
    <TD>2263.0</TD>
    <TD>241.2605</TD>
    <TD>54.98911</TD>
    <TD>1386.435</TD>
    <TD>1112.412</TD>
    <TD>22.6753</TD>
    <TD>0.0822</TD>
    <TD>22.2736</TD>
    <TD>0.1106</TD>
    <TD>22.2736</TD>
    <TD>0.1106</TD>
    <TD>0.0</TD>
  </TR>
  <TR>
    <TD>2264.0</TD>
    <TD>241.2648</TD>
    <TD>55.06772</TD>
    <TD>522.119</TD>
    <TD>1096.839</TD>
    <TD>24.6332</TD>
    <TD>0.2021</TD>
    <TD>23.6205</TD>
    <TD>0.2628</TD>
    <TD>23.6205</TD>
    <TD>0.2628</TD>
    <TD>0.51</TD>
  </TR>
  <TR>
    <TD>2265.0</TD>
    <TD>241.2643</TD>
    <TD>55.00818</TD>
    <TD>1177.019</TD>
    <TD>1091.769</TD>
    <TD>25.6557</TD>
    <TD>0.3276</TD>
    <TD>24.6912</TD>
    <TD>0.4054</TD>
    <TD>24.6912</TD>
    <TD>0.4054</TD>
    <TD>0.36</TD>
  </TR>
  <TR>
    <TD>2266.0</TD>
    <TD>241.2651</TD>
    <TD>55.04107</TD>
    <TD>815.658</TD>
    <TD>1091.298</TD>
    <TD>26.1489</TD>
    <TD>0.4446</TD>
    <TD>25.0434</TD>
    <TD>0.3186</TD>
    <TD>25.0434</TD>
    <TD>0.3186</TD>
    <TD>0.42</TD>
  </TR>
  <TR>
    <TD>2267.0</TD>
    <TD>241.2655</TD>
    <TD>55.06271</TD>
    <TD>577.285</TD>
    <TD>1091.699</TD>
    <TD>25.8542</TD>
    <TD>0.3418</TD>
    <TD>24.8271</TD>
    <TD>0.3951</TD>
    <TD>24.8271</TD>
    <TD>0.3951</TD>
    <TD>0.36</TD>
  </TR>
  <TR>
    <TD>2268.0</TD>
    <TD>241.2567</TD>
    <TD>54.92918</TD>
    <TD>2041.134</TD>
    <TD>1126.807</TD>
    <TD>20.9922</TD>
    <TD>0.0275</TD>
    <TD>20.9093</TD>
    <TD>0.0361</TD>
    <TD>20.9093</TD>
    <TD>0.0361</TD>
    <TD>0.01</TD>
  </TR>
  <TR>
    <TD>2269.0</TD>
    <TD>241.2622</TD>
    <TD>54.95861</TD>
    <TD>1719.525</TD>
    <TD>1097.148</TD>
    <TD>23.8527</TD>
    <TD>0.1458</TD>
    <TD>23.3439</TD>
    <TD>0.1781</TD>
    <TD>23.3439</TD>
    <TD>0.1781</TD>
    <TD>0.07</TD>
  </TR>
  <TR>
    <TD>2270.0</TD>
    <TD>241.2654</TD>
    <TD>55.0589</TD>
    <TD>619.321</TD>
    <TD>1092.328</TD>
    <TD>25.8724</TD>
    <TD>0.3473</TD>
    <TD>25.8335</TD>
    <TD>0.466</TD>
    <TD>25.8335</TD>
    <TD>0.466</TD>
    <TD>0.39</TD>
  </TR>
  <TR>
    <TD>2271.0</TD>
    <TD>241.263</TD>
    <TD>54.97503</TD>
    <TD>1540.0</TD>
    <TD>1094.954</TD>
    <TD>25.8798</TD>
    <TD>0.3496</TD>
    <TD>25.4524</TD>
    <TD>0.6349</TD>
    <TD>25.4524</TD>
    <TD>0.6349</TD>
    <TD>0.36</TD>
  </TR>
  <TR>
    <TD>2272.0</TD>
    <TD>241.2643</TD>
    <TD>55.05729</TD>
    <TD>637.171</TD>
    <TD>1098.846</TD>
    <TD>23.918</TD>
    <TD>0.1077</TD>
    <TD>23.8346</TD>
    <TD>0.1434</TD>
    <TD>23.8346</TD>
    <TD>0.1434</TD>
    <TD>0.74</TD>
  </TR>
  <TR>
    <TD>2273.0</TD>
    <TD>241.2652</TD>
    <TD>55.08312</TD>
    <TD>351.983</TD>
    <TD>1096.499</TD>
    <TD>25.3675</TD>
    <TD>0.2536</TD>
    <TD>25.0881</TD>
    <TD>0.3573</TD>
    <TD>25.0881</TD>
    <TD>0.3573</TD>
    <TD>0.41</TD>
  </TR>
  <TR>
    <TD>2274.0</TD>
    <TD>241.2636</TD>
    <TD>55.02427</TD>
    <TD>1000.5</TD>
    <TD>1098.532</TD>
    <TD>25.6882</TD>
    <TD>0.3372</TD>
    <TD>25.0909</TD>
    <TD>0.3325</TD>
    <TD>25.0909</TD>
    <TD>0.3325</TD>
    <TD>0.39</TD>
  </TR>
  <TR>
    <TD>2275.0</TD>
    <TD>241.2578</TD>
    <TD>54.93679</TD>
    <TD>1958.064</TD>
    <TD>1121.168</TD>
    <TD>22.8913</TD>
    <TD>0.0874</TD>
    <TD>22.6131</TD>
    <TD>0.1119</TD>
    <TD>22.6131</TD>
    <TD>0.1119</TD>
    <TD>0.0</TD>
  </TR>
  <TR>
    <TD>2276.0</TD>
    <TD>241.2599</TD>
    <TD>54.95036</TD>
    <TD>1809.896</TD>
    <TD>1110.482</TD>
    <TD>24.3371</TD>
    <TD>0.1877</TD>
    <TD>24.1959</TD>
    <TD>0.2481</TD>
    <TD>24.1959</TD>
    <TD>0.2481</TD>
    <TD>0.45</TD>
  </TR>
  <TR>
    <TD>2277.0</TD>
    <TD>241.2616</TD>
    <TD>54.95622</TD>
    <TD>1745.684</TD>
    <TD>1100.681</TD>
    <TD>25.9298</TD>
    <TD>0.3655</TD>
    <TD>24.9277</TD>
    <TD>0.287</TD>
    <TD>24.9277</TD>
    <TD>0.287</TD>
    <TD>0.35</TD>
  </TR>
  <TR>
    <TD>2278.0</TD>
    <TD>241.2645</TD>
    <TD>55.07756</TD>
    <TD>413.513</TD>
    <TD>1100.462</TD>
    <TD>25.6236</TD>
    <TD>0.3183</TD>
    <TD>25.2254</TD>
    <TD>0.5269</TD>
    <TD>25.2254</TD>
    <TD>0.5269</TD>
    <TD>0.36</TD>
  </TR>
  <TR>
    <TD>2279.0</TD>
    <TD>241.2641</TD>
    <TD>55.09675</TD>
    <TD>201.334</TD>
    <TD>1105.069</TD>
    <TD>25.1814</TD>
    <TD>0.2789</TD>
    <TD>23.7275</TD>
    <TD>0.2705</TD>
    <TD>23.7275</TD>
    <TD>0.2705</TD>
    <TD>0.35</TD>
  </TR>
  <TR>
    <TD>2280.0</TD>
    <TD>241.2608</TD>
    <TD>54.97369</TD>
    <TD>1554.97</TD>
    <TD>1108.262</TD>
    <TD>25.1552</TD>
    <TD>0.2725</TD>
    <TD>23.5159</TD>
    <TD>0.2252</TD>
    <TD>23.5159</TD>
    <TD>0.2252</TD>
    <TD>0.44</TD>
  </TR>
  <TR>
    <TD>2281.0</TD>
    <TD>241.261</TD>
    <TD>54.96788</TD>
    <TD>1618.499</TD>
    <TD>1105.998</TD>
    <TD>25.639</TD>
    <TD>0.3227</TD>
    <TD>25.0304</TD>
    <TD>0.5383</TD>
    <TD>25.0304</TD>
    <TD>0.5383</TD>
    <TD>0.38</TD>
  </TR>
  <TR>
    <TD>2282.0</TD>
    <TD>241.2511</TD>
    <TD>55.02197</TD>
    <TD>1027.755</TD>
    <TD>1176.606</TD>
    <TD>19.8326</TD>
    <TD>0.0161</TD>
    <TD>19.8011</TD>
    <TD>0.0219</TD>
    <TD>19.8011</TD>
    <TD>0.0219</TD>
    <TD>0.01</TD>
  </TR>
  <TR>
    <TD>2283.0</TD>
    <TD>241.2615</TD>
    <TD>54.97399</TD>
    <TD>1551.63</TD>
    <TD>1104.296</TD>
    <TD>26.1782</TD>
    <TD>0.4564</TD>
    <TD>25.0104</TD>
    <TD>0.4587</TD>
    <TD>25.0104</TD>
    <TD>0.4587</TD>
    <TD>0.36</TD>
  </TR>
  <TR>
    <TD>2284.0</TD>
    <TD>241.2577</TD>
    <TD>55.0029</TD>
    <TD>1235.92</TD>
    <TD>1131.984</TD>
    <TD>22.427</TD>
    <TD>0.0703</TD>
    <TD>22.1683</TD>
    <TD>0.0972</TD>
    <TD>22.1683</TD>
    <TD>0.0972</TD>
    <TD>0.0</TD>
  </TR>
  <TR>
    <TD>2285.0</TD>
    <TD>241.2643</TD>
    <TD>55.10827</TD>
    <TD>73.621</TD>
    <TD>1105.292</TD>
    <TD>25.7155</TD>
    <TD>0.3022</TD>
    <TD>25.2268</TD>
    <TD>0.3606</TD>
    <TD>25.2268</TD>
    <TD>0.3606</TD>
    <TD>0.36</TD>
  </TR>
  <TR>
    <TD>2286.0</TD>
    <TD>241.2641</TD>
    <TD>55.10376</TD>
    <TD>123.658</TD>
    <TD>1106.292</TD>
    <TD>26.0129</TD>
    <TD>0.3937</TD>
    <TD>24.9476</TD>
    <TD>0.3146</TD>
    <TD>24.9476</TD>
    <TD>0.3146</TD>
    <TD>0.34</TD>
  </TR>
  <TR>
    <TD>2287.0</TD>
    <TD>241.2593</TD>
    <TD>54.95257</TD>
    <TD>1785.817</TD>
    <TD>1114.621</TD>
    <TD>24.3415</TD>
    <TD>0.1884</TD>
    <TD>23.5212</TD>
    <TD>0.253</TD>
    <TD>23.5212</TD>
    <TD>0.253</TD>
    <TD>0.36</TD>
  </TR>
  <TR>
    <TD>2288.0</TD>
    <TD>241.2586</TD>
    <TD>55.03243</TD>
    <TD>911.678</TD>
    <TD>1131.072</TD>
    <TD>21.4759</TD>
    <TD>0.0345</TD>
    <TD>21.4113</TD>
    <TD>0.0455</TD>
    <TD>21.4113</TD>
    <TD>0.0455</TD>
    <TD>0.01</TD>
  </TR>
  <TR>
    <TD>2289.0</TD>
    <TD>241.2633</TD>
    <TD>55.10506</TD>
    <TD>109.314</TD>
    <TD>1111.013</TD>
    <TD>25.9934</TD>
    <TD>0.3869</TD>
    <TD>24.943</TD>
    <TD>0.4831</TD>
    <TD>24.943</TD>
    <TD>0.4831</TD>
    <TD>0.36</TD>
  </TR>
  <TR>
    <TD>2290.0</TD>
    <TD>241.2608</TD>
    <TD>54.9751</TD>
    <TD>1539.645</TD>
    <TD>1108.676</TD>
    <TD>25.7825</TD>
    <TD>0.3207</TD>
    <TD>24.6176</TD>
    <TD>0.3589</TD>
    <TD>24.6176</TD>
    <TD>0.3589</TD>
    <TD>0.36</TD>
  </TR>
  <TR>
    <TD>2291.0</TD>
    <TD>241.2577</TD>
    <TD>54.95175</TD>
    <TD>1794.981</TD>
    <TD>1124.028</TD>
    <TD>23.2781</TD>
    <TD>0.1128</TD>
    <TD>23.2869</TD>
    <TD>0.2785</TD>
    <TD>23.2869</TD>
    <TD>0.2785</TD>
    <TD>0.65</TD>
  </TR>
  <TR>
    <TD>2292.0</TD>
    <TD>241.2616</TD>
    <TD>55.06139</TD>
    <TD>592.404</TD>
    <TD>1116.496</TD>
    <TD>25.201</TD>
    <TD>0.3024</TD>
    <TD>24.5624</TD>
    <TD>0.455</TD>
    <TD>24.5624</TD>
    <TD>0.455</TD>
    <TD>0.35</TD>
  </TR>
  <TR>
    <TD>2293.0</TD>
    <TD>241.2608</TD>
    <TD>54.99821</TD>
    <TD>1286.782</TD>
    <TD>1112.196</TD>
    <TD>25.2054</TD>
    <TD>0.2651</TD>
    <TD>25.0274</TD>
    <TD>0.4826</TD>
    <TD>25.0274</TD>
    <TD>0.4826</TD>
    <TD>0.47</TD>
  </TR>
  <TR>
    <TD>2294.0</TD>
    <TD>241.2554</TD>
    <TD>54.992</TD>
    <TD>1355.648</TD>
    <TD>1145.181</TD>
    <TD>21.3985</TD>
    <TD>0.0419</TD>
    <TD>21.2474</TD>
    <TD>0.0633</TD>
    <TD>21.2474</TD>
    <TD>0.0633</TD>
    <TD>0.0</TD>
  </TR>
  <TR>
    <TD>2295.0</TD>
    <TD>241.2617</TD>
    <TD>55.07982</TD>
    <TD>389.014</TD>
    <TD>1117.854</TD>
    <TD>25.0115</TD>
    <TD>0.2397</TD>
    <TD>23.967</TD>
    <TD>0.3418</TD>
    <TD>23.967</TD>
    <TD>0.3418</TD>
    <TD>0.36</TD>
  </TR>
  <TR>
    <TD>2296.0</TD>
    <TD>241.2596</TD>
    <TD>54.97521</TD>
    <TD>1538.553</TD>
    <TD>1115.934</TD>
    <TD>25.4109</TD>
    <TD>0.2635</TD>
    <TD>24.9578</TD>
    <TD>0.3064</TD>
    <TD>24.9578</TD>
    <TD>0.3064</TD>
    <TD>0.48</TD>
  </TR>
  <TR>
    <TD>2297.0</TD>
    <TD>241.2612</TD>
    <TD>55.05932</TD>
    <TD>615.387</TD>
    <TD>1118.422</TD>
    <TD>25.4965</TD>
    <TD>0.3155</TD>
    <TD>24.0731</TD>
    <TD>0.2956</TD>
    <TD>24.0731</TD>
    <TD>0.2956</TD>
    <TD>0.35</TD>
  </TR>
  <TR>
    <TD>2298.0</TD>
    <TD>241.2601</TD>
    <TD>54.99978</TD>
    <TD>1269.652</TD>
    <TD>1116.949</TD>
    <TD>25.2339</TD>
    <TD>0.2497</TD>
    <TD>23.9479</TD>
    <TD>0.3159</TD>
    <TD>23.9479</TD>
    <TD>0.3159</TD>
    <TD>0.46</TD>
  </TR>
  <TR>
    <TD>2299.0</TD>
    <TD>241.2619</TD>
    <TD>55.07938</TD>
    <TD>393.819</TD>
    <TD>1116.409</TD>
    <TD>25.2645</TD>
    <TD>0.2566</TD>
    <TD>24.6555</TD>
    <TD>0.4311</TD>
    <TD>24.6555</TD>
    <TD>0.4311</TD>
    <TD>0.36</TD>
  </TR>
  <TR>
    <TD>2300.0</TD>
    <TD>241.2574</TD>
    <TD>54.94184</TD>
    <TD>1903.145</TD>
    <TD>1124.848</TD>
    <TD>22.9251</TD>
    <TD>0.0592</TD>
    <TD>22.9582</TD>
    <TD>0.0796</TD>
    <TD>22.9582</TD>
    <TD>0.0796</TD>
    <TD>0.73</TD>
  </TR>
  <TR>
    <TD>2301.0</TD>
    <TD>241.2603</TD>
    <TD>55.04846</TD>
    <TD>735.111</TD>
    <TD>1122.867</TD>
    <TD>24.3252</TD>
    <TD>0.1857</TD>
    <TD>23.7642</TD>
    <TD>0.2553</TD>
    <TD>23.7642</TD>
    <TD>0.2553</TD>
    <TD>0.47</TD>
  </TR>
  <TR>
    <TD>2302.0</TD>
    <TD>241.2584</TD>
    <TD>54.94365</TD>
    <TD>1883.28</TD>
    <TD>1118.587</TD>
    <TD>25.8</TD>
    <TD>0.3257</TD>
    <TD>25.0228</TD>
    <TD>0.3127</TD>
    <TD>25.0228</TD>
    <TD>0.3127</TD>
    <TD>0.38</TD>
  </TR>
  <TR>
    <TD>2303.0</TD>
    <TD>241.2603</TD>
    <TD>55.07126</TD>
    <TD>483.76</TD>
    <TD>1125.642</TD>
    <TD>25.1146</TD>
    <TD>0.2628</TD>
    <TD>24.2804</TD>
    <TD>0.3516</TD>
    <TD>24.2804</TD>
    <TD>0.3516</TD>
    <TD>0.35</TD>
  </TR>
  <TR>
    <TD>2304.0</TD>
    <TD>241.2601</TD>
    <TD>55.03756</TD>
    <TD>855.055</TD>
    <TD>1121.984</TD>
    <TD>24.2934</TD>
    <TD>0.1426</TD>
    <TD>24.2682</TD>
    <TD>0.207</TD>
    <TD>24.2682</TD>
    <TD>0.207</TD>
    <TD>0.91</TD>
  </TR>
  <TR>
    <TD>2305.0</TD>
    <TD>241.262</TD>
    <TD>55.11149</TD>
    <TD>38.295</TD>
    <TD>1120.345</TD>
    <TD>25.7687</TD>
    <TD>0.3168</TD>
    <TD>25.388</TD>
    <TD>0.5306</TD>
    <TD>25.388</TD>
    <TD>0.5306</TD>
    <TD>0.36</TD>
  </TR>
  <TR>
    <TD>2306.0</TD>
    <TD>241.2555</TD>
    <TD>54.95004</TD>
    <TD>1813.963</TD>
    <TD>1137.972</TD>
    <TD>22.2692</TD>
    <TD>0.0561</TD>
    <TD>22.0602</TD>
    <TD>0.067</TD>
    <TD>22.0602</TD>
    <TD>0.067</TD>
    <TD>0.07</TD>
  </TR>
  <TR>
    <TD>2307.0</TD>
    <TD>241.2586</TD>
    <TD>54.97076</TD>
    <TD>1587.315</TD>
    <TD>1121.665</TD>
    <TD>26.1282</TD>
    <TD>0.4365</TD>
    <TD>25.3994</TD>
    <TD>0.3153</TD>
    <TD>25.3994</TD>
    <TD>0.3153</TD>
    <TD>0.45</TD>
  </TR>
  <TR>
    <TD>2308.0</TD>
    <TD>241.2479</TD>
    <TD>55.03321</TD>
    <TD>904.889</TD>
    <TD>1198.202</TD>
    <TD>17.2531</TD>
    <TD>0.0024</TD>
    <TD>17.2779</TD>
    <TD>0.0022</TD>
    <TD>17.2779</TD>
    <TD>0.0022</TD>
    <TD>0.49</TD>
  </TR>
  <TR>
    <TD>2309.0</TD>
    <TD>241.2595</TD>
    <TD>55.10544</TD>
    <TD>105.738</TD>
    <TD>1134.836</TD>
    <TD>24.5889</TD>
    <TD>0.185</TD>
    <TD>24.1282</TD>
    <TD>0.272</TD>
    <TD>24.1282</TD>
    <TD>0.272</TD>
    <TD>0.46</TD>
  </TR>
  <TR>
    <TD>2310.0</TD>
    <TD>241.26</TD>
    <TD>55.04163</TD>
    <TD>810.332</TD>
    <TD>1123.326</TD>
    <TD>25.6929</TD>
    <TD>0.2962</TD>
    <TD>24.7901</TD>
    <TD>0.4979</TD>
    <TD>24.7901</TD>
    <TD>0.4979</TD>
    <TD>0.38</TD>
  </TR>
  <TR>
    <TD>2311.0</TD>
    <TD>241.2612</TD>
    <TD>55.09692</TD>
    <TD>199.971</TD>
    <TD>1123.524</TD>
    <TD>25.5708</TD>
    <TD>0.3037</TD>
    <TD>24.5548</TD>
    <TD>0.3716</TD>
    <TD>24.5548</TD>
    <TD>0.3716</TD>
    <TD>0.48</TD>
  </TR>
  <TR>
    <TD>2312.0</TD>
    <TD>241.2597</TD>
    <TD>55.06958</TD>
    <TD>502.475</TD>
    <TD>1129.444</TD>
    <TD>24.5681</TD>
    <TD>0.1511</TD>
    <TD>24.4829</TD>
    <TD>0.207</TD>
    <TD>24.4829</TD>
    <TD>0.207</TD>
    <TD>0.52</TD>
  </TR>
  <TR>
    <TD>2313.0</TD>
    <TD>241.2593</TD>
    <TD>55.06455</TD>
    <TD>557.935</TD>
    <TD>1130.802</TD>
    <TD>25.0648</TD>
    <TD>0.2513</TD>
    <TD>23.9961</TD>
    <TD>0.284</TD>
    <TD>23.9961</TD>
    <TD>0.284</TD>
    <TD>0.11</TD>
  </TR>
  <TR>
    <TD>2314.0</TD>
    <TD>241.2605</TD>
    <TD>55.08006</TD>
    <TD>386.52</TD>
    <TD>1125.475</TD>
    <TD>25.4803</TD>
    <TD>0.2802</TD>
    <TD>24.958</TD>
    <TD>0.4754</TD>
    <TD>24.958</TD>
    <TD>0.4754</TD>
    <TD>0.35</TD>
  </TR>
  <TR>
    <TD>2315.0</TD>
    <TD>241.2516</TD>
    <TD>55.01951</TD>
    <TD>1054.72</TD>
    <TD>1172.647</TD>
    <TD>21.7409</TD>
    <TD>0.0487</TD>
    <TD>21.4568</TD>
    <TD>0.0824</TD>
    <TD>21.4568</TD>
    <TD>0.0824</TD>
    <TD>0.0</TD>
  </TR>
  <TR>
    <TD>2316.0</TD>
    <TD>241.2564</TD>
    <TD>54.96229</TD>
    <TD>1680.161</TD>
    <TD>1134.054</TD>
    <TD>24.0522</TD>
    <TD>0.1543</TD>
    <TD>23.7792</TD>
    <TD>0.3116</TD>
    <TD>23.7792</TD>
    <TD>0.3116</TD>
    <TD>0.49</TD>
  </TR>
  <TR>
    <TD>2317.0</TD>
    <TD>241.2598</TD>
    <TD>55.07971</TD>
    <TD>390.542</TD>
    <TD>1129.953</TD>
    <TD>25.7351</TD>
    <TD>0.3516</TD>
    <TD>24.8213</TD>
    <TD>0.426</TD>
    <TD>24.8213</TD>
    <TD>0.426</TD>
    <TD>0.36</TD>
  </TR>
  <TR>
    <TD>2318.0</TD>
    <TD>241.2501</TD>
    <TD>54.98429</TD>
    <TD>1440.782</TD>
    <TD>1177.212</TD>
    <TD>19.2579</TD>
    <TD>0.0081</TD>
    <TD>19.2527</TD>
    <TD>0.0086</TD>
    <TD>19.2527</TD>
    <TD>0.0086</TD>
    <TD>0.03</TD>
  </TR>
  <TR>
    <TD>2319.0</TD>
    <TD>241.2568</TD>
    <TD>55.02191</TD>
    <TD>1027.53</TD>
    <TD>1140.544</TD>
    <TD>24.2669</TD>
    <TD>0.1817</TD>
    <TD>23.9066</TD>
    <TD>0.2132</TD>
    <TD>23.9066</TD>
    <TD>0.2132</TD>
    <TD>0.4</TD>
  </TR>
  <TR>
    <TD>2320.0</TD>
    <TD>241.2491</TD>
    <TD>54.9455</TD>
    <TD>1864.434</TD>
    <TD>1177.219</TD>
    <TD>21.8394</TD>
    <TD>0.0515</TD>
    <TD>21.3812</TD>
    <TD>0.0774</TD>
    <TD>21.3812</TD>
    <TD>0.0774</TD>
    <TD>0.0</TD>
  </TR>
  <TR>
    <TD>2321.0</TD>
    <TD>241.2539</TD>
    <TD>54.97349</TD>
    <TD>1558.296</TD>
    <TD>1151.847</TD>
    <TD>22.478</TD>
    <TD>0.07</TD>
    <TD>22.3306</TD>
    <TD>0.1395</TD>
    <TD>22.3306</TD>
    <TD>0.1395</TD>
    <TD>0.0</TD>
  </TR>
  <TR>
    <TD>2322.0</TD>
    <TD>241.2596</TD>
    <TD>55.07466</TD>
    <TD>446.358</TD>
    <TD>1130.311</TD>
    <TD>26.2328</TD>
    <TD>0.4794</TD>
    <TD>25.2911</TD>
    <TD>0.5929</TD>
    <TD>25.2911</TD>
    <TD>0.5929</TD>
    <TD>0.36</TD>
  </TR>
  <TR>
    <TD>2323.0</TD>
    <TD>241.2593</TD>
    <TD>55.06852</TD>
    <TD>514.172</TD>
    <TD>1131.278</TD>
    <TD>24.5897</TD>
    <TD>0.2033</TD>
    <TD>24.9572</TD>
    <TD>0.5368</TD>
    <TD>24.9572</TD>
    <TD>0.5368</TD>
    <TD>0.37</TD>
  </TR>
  <TR>
    <TD>2324.0</TD>
    <TD>241.2594</TD>
    <TD>55.07186</TD>
    <TD>477.313</TD>
    <TD>1131.339</TD>
    <TD>26.1288</TD>
    <TD>0.4367</TD>
    <TD>25.0357</TD>
    <TD>0.4694</TD>
    <TD>25.0357</TD>
    <TD>0.4694</TD>
    <TD>0.36</TD>
  </TR>
  <TR>
    <TD>2325.0</TD>
    <TD>241.257</TD>
    <TD>55.02824</TD>
    <TD>958.012</TD>
    <TD>1140.482</TD>
    <TD>23.9773</TD>
    <TD>0.1521</TD>
    <TD>23.4504</TD>
    <TD>0.2837</TD>
    <TD>23.4504</TD>
    <TD>0.2837</TD>
    <TD>0.02</TD>
  </TR>
  <TR>
    <TD>2326.0</TD>
    <TD>241.258</TD>
    <TD>55.03562</TD>
    <TD>876.714</TD>
    <TD>1135.003</TD>
    <TD>25.2134</TD>
    <TD>0.287</TD>
    <TD>24.8988</TD>
    <TD>0.349</TD>
    <TD>24.8988</TD>
    <TD>0.349</TD>
    <TD>0.39</TD>
  </TR>
  <TR>
    <TD>2327.0</TD>
    <TD>241.2599</TD>
    <TD>55.1117</TD>
    <TD>36.237</TD>
    <TD>1133.226</TD>
    <TD>25.4449</TD>
    <TD>0.2716</TD>
    <TD>24.4472</TD>
    <TD>0.3328</TD>
    <TD>24.4472</TD>
    <TD>0.3328</TD>
    <TD>0.48</TD>
  </TR>
  <TR>
    <TD>2328.0</TD>
    <TD>241.2588</TD>
    <TD>55.10597</TD>
    <TD>100.021</TD>
    <TD>1139.468</TD>
    <TD>24.6275</TD>
    <TD>0.2103</TD>
    <TD>23.6456</TD>
    <TD>0.278</TD>
    <TD>23.6456</TD>
    <TD>0.278</TD>
    <TD>0.4</TD>
  </TR>
  <TR>
    <TD>2329.0</TD>
    <TD>241.2576</TD>
    <TD>55.0108</TD>
    <TD>1149.286</TD>
    <TD>1134.303</TD>
    <TD>25.9724</TD>
    <TD>0.3797</TD>
    <TD>25.0938</TD>
    <TD>0.2747</TD>
    <TD>25.0938</TD>
    <TD>0.2747</TD>
    <TD>0.36</TD>
  </TR>
  <TR>
    <TD>2330.0</TD>
    <TD>241.2543</TD>
    <TD>54.99067</TD>
    <TD>1370.336</TD>
    <TD>1151.426</TD>
    <TD>22.5991</TD>
    <TD>0.0701</TD>
    <TD>22.3465</TD>
    <TD>0.1044</TD>
    <TD>22.3465</TD>
    <TD>0.1044</TD>
    <TD>0.01</TD>
  </TR>
  <TR>
    <TD>2331.0</TD>
    <TD>241.2563</TD>
    <TD>55.01287</TD>
    <TD>1126.786</TD>
    <TD>1142.371</TD>
    <TD>25.2665</TD>
    <TD>0.2571</TD>
    <TD>24.8873</TD>
    <TD>0.298</TD>
    <TD>24.8873</TD>
    <TD>0.298</TD>
    <TD>0.37</TD>
  </TR>
  <TR>
    <TD>2332.0</TD>
    <TD>241.2565</TD>
    <TD>55.02834</TD>
    <TD>957.005</TD>
    <TD>1143.244</TD>
    <TD>24.2908</TD>
    <TD>0.1744</TD>
    <TD>23.602</TD>
    <TD>0.3414</TD>
    <TD>23.7928</TD>
    <TD>0.1728</TD>
    <TD>0.35</TD>
  </TR>
  <TR>
    <TD>2333.0</TD>
    <TD>241.2571</TD>
    <TD>55.05709</TD>
    <TD>640.638</TD>
    <TD>1143.863</TD>
    <TD>25.1959</TD>
    <TD>0.3011</TD>
    <TD>23.6731</TD>
    <TD>0.2781</TD>
    <TD>23.6731</TD>
    <TD>0.2781</TD>
    <TD>0.35</TD>
  </TR>
  <TR>
    <TD>2334.0</TD>
    <TD>241.2556</TD>
    <TD>54.97395</TD>
    <TD>1552.98</TD>
    <TD>1140.993</TD>
    <TD>24.7974</TD>
    <TD>0.2227</TD>
    <TD>24.158</TD>
    <TD>0.2588</TD>
    <TD>24.158</TD>
    <TD>0.2588</TD>
    <TD>0.71</TD>
  </TR>
  <TR>
    <TD>2335.0</TD>
    <TD>241.2493</TD>
    <TD>54.97511</TD>
    <TD>1541.264</TD>
    <TD>1180.343</TD>
    <TD>19.1594</TD>
    <TD>0.0075</TD>
    <TD>19.1565</TD>
    <TD>0.0079</TD>
    <TD>19.1565</TD>
    <TD>0.0079</TD>
    <TD>0.04</TD>
  </TR>
  <TR>
    <TD>2336.0</TD>
    <TD>241.2522</TD>
    <TD>54.96608</TD>
    <TD>1639.407</TD>
    <TD>1160.847</TD>
    <TD>24.7456</TD>
    <TD>0.2337</TD>
    <TD>24.3114</TD>
    <TD>0.4031</TD>
    <TD>24.3114</TD>
    <TD>0.4031</TD>
    <TD>0.41</TD>
  </TR>
  <TR>
    <TD>2337.0</TD>
    <TD>241.2556</TD>
    <TD>54.9766</TD>
    <TD>1523.977</TD>
    <TD>1141.502</TD>
    <TD>25.7766</TD>
    <TD>0.3649</TD>
    <TD>24.6656</TD>
    <TD>0.26</TD>
    <TD>24.6656</TD>
    <TD>0.26</TD>
    <TD>0.42</TD>
  </TR>
  <TR>
    <TD>2338.0</TD>
    <TD>241.2566</TD>
    <TD>55.04107</TD>
    <TD>817.006</TD>
    <TD>1144.777</TD>
    <TD>24.6061</TD>
    <TD>0.1674</TD>
    <TD>24.789</TD>
    <TD>0.2907</TD>
    <TD>24.789</TD>
    <TD>0.2907</TD>
    <TD>0.8</TD>
  </TR>
  <TR>
    <TD>2339.0</TD>
    <TD>241.2513</TD>
    <TD>54.97116</TD>
    <TD>1584.164</TD>
    <TD>1167.715</TD>
    <TD>21.8388</TD>
    <TD>0.0455</TD>
    <TD>21.7067</TD>
    <TD>0.0586</TD>
    <TD>21.7067</TD>
    <TD>0.0586</TD>
    <TD>0.0</TD>
  </TR>
  <TR>
    <TD>2340.0</TD>
    <TD>241.2543</TD>
    <TD>55.01662</TD>
    <TD>1086.045</TD>
    <TD>1155.669</TD>
    <TD>23.8153</TD>
    <TD>0.144</TD>
    <TD>23.0467</TD>
    <TD>0.2395</TD>
    <TD>23.0467</TD>
    <TD>0.2395</TD>
    <TD>0.08</TD>
  </TR>
  <TR>
    <TD>2341.0</TD>
    <TD>241.2542</TD>
    <TD>55.02808</TD>
    <TD>960.237</TD>
    <TD>1158.17</TD>
    <TD>23.5949</TD>
    <TD>0.123</TD>
    <TD>23.4999</TD>
    <TD>0.2251</TD>
    <TD>23.4999</TD>
    <TD>0.2251</TD>
    <TD>0.55</TD>
  </TR>
  <TR>
    <TD>2342.0</TD>
    <TD>241.2567</TD>
    <TD>55.06915</TD>
    <TD>507.679</TD>
    <TD>1148.018</TD>
    <TD>26.0631</TD>
    <TD>0.4118</TD>
    <TD>24.3783</TD>
    <TD>0.3201</TD>
    <TD>24.3783</TD>
    <TD>0.3201</TD>
    <TD>0.35</TD>
  </TR>
  <TR>
    <TD>2343.0</TD>
    <TD>241.2403</TD>
    <TD>54.95461</TD>
    <TD>1766.408</TD>
    <TD>1233.456</TD>
    <TD>20.3076</TD>
    <TD>0.0206</TD>
    <TD>20.1518</TD>
    <TD>0.0303</TD>
    <TD>20.1518</TD>
    <TD>0.0303</TD>
    <TD>0.01</TD>
  </TR>
  <TR>
    <TD>2344.0</TD>
    <TD>241.2514</TD>
    <TD>54.9597</TD>
    <TD>1709.184</TD>
    <TD>1164.754</TD>
    <TD>23.2166</TD>
    <TD>0.1014</TD>
    <TD>22.5822</TD>
    <TD>0.1684</TD>
    <TD>22.5822</TD>
    <TD>0.1684</TD>
    <TD>0.67</TD>
  </TR>
  <TR>
    <TD>2345.0</TD>
    <TD>241.2572</TD>
    <TD>55.09965</TD>
    <TD>170.398</TD>
    <TD>1148.911</TD>
    <TD>24.89</TD>
    <TD>0.242</TD>
    <TD>24.4891</TD>
    <TD>0.4522</TD>
    <TD>24.4891</TD>
    <TD>0.4522</TD>
    <TD>0.35</TD>
  </TR>
  <TR>
    <TD>2346.0</TD>
    <TD>241.2523</TD>
    <TD>54.95884</TD>
    <TD>1718.464</TD>
    <TD>1159.074</TD>
    <TD>23.5827</TD>
    <TD>0.1283</TD>
    <TD>23.1877</TD>
    <TD>0.1844</TD>
    <TD>23.1877</TD>
    <TD>0.1844</TD>
    <TD>0.52</TD>
  </TR>
  <TR>
    <TD>2347.0</TD>
    <TD>241.2516</TD>
    <TD>55.08818</TD>
    <TD>298.234</TD>
    <TD>1182.567</TD>
    <TD>23.5667</TD>
    <TD>0.1243</TD>
    <TD>23.4427</TD>
    <TD>0.1614</TD>
    <TD>23.4427</TD>
    <TD>0.1614</TD>
    <TD>0.59</TD>
  </TR>
  <TR>
    <TD>2348.0</TD>
    <TD>241.2567</TD>
    <TD>55.07947</TD>
    <TD>393.684</TD>
    <TD>1149.329</TD>
    <TD>25.8182</TD>
    <TD>0.331</TD>
    <TD>25.545</TD>
    <TD>0.3593</TD>
    <TD>25.545</TD>
    <TD>0.3593</TD>
    <TD>0.43</TD>
  </TR>
  <TR>
    <TD>2349.0</TD>
    <TD>241.2571</TD>
    <TD>55.10027</TD>
    <TD>163.509</TD>
    <TD>1149.482</TD>
    <TD>25.4888</TD>
    <TD>0.2824</TD>
    <TD>24.9965</TD>
    <TD>0.4924</TD>
    <TD>24.9965</TD>
    <TD>0.4924</TD>
    <TD>0.48</TD>
  </TR>
  <TR>
    <TD>2350.0</TD>
    <TD>241.2524</TD>
    <TD>54.93045</TD>
    <TD>2028.021</TD>
    <TD>1154.148</TD>
    <TD>24.2544</TD>
    <TD>0.1378</TD>
    <TD>24.3152</TD>
    <TD>0.216</TD>
    <TD>24.3152</TD>
    <TD>0.216</TD>
    <TD>0.72</TD>
  </TR>
  <TR>
    <TD>2351.0</TD>
    <TD>241.251</TD>
    <TD>54.94103</TD>
    <TD>1912.94</TD>
    <TD>1164.319</TD>
    <TD>24.0645</TD>
    <TD>0.1644</TD>
    <TD>23.6472</TD>
    <TD>0.2081</TD>
    <TD>23.6472</TD>
    <TD>0.2081</TD>
    <TD>0.48</TD>
  </TR>
  <TR>
    <TD>2352.0</TD>
    <TD>241.2549</TD>
    <TD>55.08436</TD>
    <TD>339.965</TD>
    <TD>1161.318</TD>
    <TD>23.8779</TD>
    <TD>0.1459</TD>
    <TD>23.3453</TD>
    <TD>0.2763</TD>
    <TD>23.3453</TD>
    <TD>0.2763</TD>
    <TD>0.46</TD>
  </TR>
  <TR>
    <TD>2353.0</TD>
    <TD>241.2523</TD>
    <TD>55.06403</TD>
    <TD>564.884</TD>
    <TD>1175.107</TD>
    <TD>22.9507</TD>
    <TD>0.0921</TD>
    <TD>22.3327</TD>
    <TD>0.1371</TD>
    <TD>22.3327</TD>
    <TD>0.1371</TD>
    <TD>0.0</TD>
  </TR>
  <TR>
    <TD>2354.0</TD>
    <TD>241.256</TD>
    <TD>55.07272</TD>
    <TD>468.326</TD>
    <TD>1152.694</TD>
    <TD>25.9958</TD>
    <TD>0.3877</TD>
    <TD>24.9923</TD>
    <TD>0.4752</TD>
    <TD>24.9923</TD>
    <TD>0.4752</TD>
    <TD>0.41</TD>
  </TR>
  <TR>
    <TD>2355.0</TD>
    <TD>241.2492</TD>
    <TD>55.05099</TD>
    <TD>709.115</TD>
    <TD>1192.611</TD>
    <TD>20.6154</TD>
    <TD>0.0227</TD>
    <TD>20.5689</TD>
    <TD>0.0288</TD>
    <TD>20.5689</TD>
    <TD>0.0288</TD>
    <TD>0.02</TD>
  </TR>
  <TR>
    <TD>2356.0</TD>
    <TD>241.2542</TD>
    <TD>54.99685</TD>
    <TD>1302.686</TD>
    <TD>1153.322</TD>
    <TD>26.0165</TD>
    <TD>0.395</TD>
    <TD>25.1677</TD>
    <TD>0.4457</TD>
    <TD>25.1677</TD>
    <TD>0.4457</TD>
    <TD>0.36</TD>
  </TR>
  <TR>
    <TD>2357.0</TD>
    <TD>241.2559</TD>
    <TD>55.07559</TD>
    <TD>436.685</TD>
    <TD>1153.677</TD>
    <TD>25.6326</TD>
    <TD>0.2809</TD>
    <TD>25.3484</TD>
    <TD>0.4199</TD>
    <TD>25.3484</TD>
    <TD>0.4199</TD>
    <TD>0.36</TD>
  </TR>
  <TR>
    <TD>2358.0</TD>
    <TD>241.253</TD>
    <TD>55.04996</TD>
    <TD>719.82</TD>
    <TD>1168.568</TD>
    <TD>24.026</TD>
    <TD>0.1665</TD>
    <TD>23.1987</TD>
    <TD>0.2494</TD>
    <TD>23.1987</TD>
    <TD>0.2494</TD>
    <TD>0.36</TD>
  </TR>
  <TR>
    <TD>2359.0</TD>
    <TD>241.2563</TD>
    <TD>55.11115</TD>
    <TD>43.014</TD>
    <TD>1155.774</TD>
    <TD>25.4773</TD>
    <TD>0.2795</TD>
    <TD>25.0088</TD>
    <TD>0.5056</TD>
    <TD>25.0088</TD>
    <TD>0.5056</TD>
    <TD>0.42</TD>
  </TR>
  <TR>
    <TD>2360.0</TD>
    <TD>241.2539</TD>
    <TD>55.01243</TD>
    <TD>1131.984</TD>
    <TD>1157.33</TD>
    <TD>25.655</TD>
    <TD>0.2865</TD>
    <TD>25.2893</TD>
    <TD>0.4849</TD>
    <TD>25.2893</TD>
    <TD>0.4849</TD>
    <TD>0.42</TD>
  </TR>
  <TR>
    <TD>2361.0</TD>
    <TD>241.2553</TD>
    <TD>55.07442</TD>
    <TD>449.673</TD>
    <TD>1157.344</TD>
    <TD>25.838</TD>
    <TD>0.3369</TD>
    <TD>25.5221</TD>
    <TD>0.566</TD>
    <TD>25.5221</TD>
    <TD>0.566</TD>
    <TD>0.37</TD>
  </TR>
  <TR>
    <TD>2362.0</TD>
    <TD>241.2548</TD>
    <TD>55.07808</TD>
    <TD>409.342</TD>
    <TD>1160.974</TD>
    <TD>25.837</TD>
    <TD>0.3366</TD>
    <TD>24.7875</TD>
    <TD>0.4968</TD>
    <TD>24.7875</TD>
    <TD>0.4968</TD>
    <TD>0.38</TD>
  </TR>
  <TR>
    <TD>2363.0</TD>
    <TD>241.2329</TD>
    <TD>54.98188</TD>
    <TD>1469.739</TD>
    <TD>1283.995</TD>
    <TD>15.7209</TD>
    <TD>0.0010</TD>
    <TD>15.7502</TD>
    <TD>9.0E-4</TD>
    <TD>15.7502</TD>
    <TD>9.0E-4</TD>
    <TD>0.97</TD>
  </TR>
  <TR>
    <TD>2364.0</TD>
    <TD>241.2483</TD>
    <TD>54.94189</TD>
    <TD>1903.974</TD>
    <TD>1181.758</TD>
    <TD>22.3155</TD>
    <TD>0.0637</TD>
    <TD>22.0739</TD>
    <TD>0.1199</TD>
    <TD>21.9896</TD>
    <TD>0.0656</TD>
    <TD>0.0</TD>
  </TR>
  <TR>
    <TD>2365.0</TD>
    <TD>241.252</TD>
    <TD>54.96382</TD>
    <TD>1664.204</TD>
    <TD>1161.992</TD>
    <TD>25.3504</TD>
    <TD>0.277</TD>
    <TD>24.4368</TD>
    <TD>0.382</TD>
    <TD>24.4368</TD>
    <TD>0.382</TD>
    <TD>0.36</TD>
  </TR>
  <TR>
    <TD>2366.0</TD>
    <TD>241.2557</TD>
    <TD>55.1088</TD>
    <TD>69.187</TD>
    <TD>1159.579</TD>
    <TD>24.6103</TD>
    <TD>0.198</TD>
    <TD>24.5979</TD>
    <TD>0.409</TD>
    <TD>24.5979</TD>
    <TD>0.409</TD>
    <TD>0.36</TD>
  </TR>
  <TR>
    <TD>2367.0</TD>
    <TD>241.2523</TD>
    <TD>54.98044</TD>
    <TD>1482.571</TD>
    <TD>1162.824</TD>
    <TD>23.9578</TD>
    <TD>0.1115</TD>
    <TD>23.9251</TD>
    <TD>0.1588</TD>
    <TD>23.9251</TD>
    <TD>0.1588</TD>
    <TD>0.64</TD>
  </TR>
  <TR>
    <TD>2368.0</TD>
    <TD>241.254</TD>
    <TD>55.04526</TD>
    <TD>771.33</TD>
    <TD>1161.301</TD>
    <TD>25.8801</TD>
    <TD>0.3497</TD>
    <TD>25.11</TD>
    <TD>0.4119</TD>
    <TD>25.11</TD>
    <TD>0.4119</TD>
    <TD>0.36</TD>
  </TR>
  <TR>
    <TD>2369.0</TD>
    <TD>241.2462</TD>
    <TD>54.95017</TD>
    <TD>1813.92</TD>
    <TD>1195.878</TD>
    <TD>20.9788</TD>
    <TD>0.0267</TD>
    <TD>20.8928</TD>
    <TD>0.0369</TD>
    <TD>20.8928</TD>
    <TD>0.0369</TD>
    <TD>0.02</TD>
  </TR>
  <TR>
    <TD>2370.0</TD>
    <TD>241.2502</TD>
    <TD>55.01348</TD>
    <TD>1121.069</TD>
    <TD>1180.919</TD>
    <TD>22.3843</TD>
    <TD>0.0699</TD>
    <TD>22.2341</TD>
    <TD>0.0958</TD>
    <TD>22.2341</TD>
    <TD>0.0958</TD>
    <TD>0.0</TD>
  </TR>
  <TR>
    <TD>2371.0</TD>
    <TD>241.252</TD>
    <TD>54.97387</TD>
    <TD>1554.337</TD>
    <TD>1163.3</TD>
    <TD>25.7807</TD>
    <TD>0.3202</TD>
    <TD>24.5727</TD>
    <TD>0.3345</TD>
    <TD>24.5727</TD>
    <TD>0.3345</TD>
    <TD>0.36</TD>
  </TR>
  <TR>
    <TD>2372.0</TD>
    <TD>241.2513</TD>
    <TD>55.09366</TD>
    <TD>237.688</TD>
    <TD>1184.72</TD>
    <TD>23.46</TD>
    <TD>0.126</TD>
    <TD>23.1255</TD>
    <TD>0.2238</TD>
    <TD>23.1255</TD>
    <TD>0.2238</TD>
    <TD>0.04</TD>
  </TR>
  <TR>
    <TD>2373.0</TD>
    <TD>241.2542</TD>
    <TD>55.0786</TD>
    <TD>403.702</TD>
    <TD>1164.715</TD>
    <TD>25.456</TD>
    <TD>0.2405</TD>
    <TD>25.1524</TD>
    <TD>0.2895</TD>
    <TD>25.1524</TD>
    <TD>0.2895</TD>
    <TD>0.37</TD>
  </TR>
  <TR>
    <TD>2374.0</TD>
    <TD>241.2501</TD>
    <TD>54.94431</TD>
    <TD>1877.244</TD>
    <TD>1170.98</TD>
    <TD>24.9929</TD>
    <TD>0.2357</TD>
    <TD>23.7215</TD>
    <TD>0.2651</TD>
    <TD>23.7215</TD>
    <TD>0.2651</TD>
    <TD>0.38</TD>
  </TR>
  <TR>
    <TD>2375.0</TD>
    <TD>241.2471</TD>
    <TD>54.94233</TD>
    <TD>1899.361</TD>
    <TD>1189.061</TD>
    <TD>22.6835</TD>
    <TD>0.0803</TD>
    <TD>22.0485</TD>
    <TD>0.1249</TD>
    <TD>22.2591</TD>
    <TD>0.0812</TD>
    <TD>0.0</TD>
  </TR>
  <TR>
    <TD>2376.0</TD>
    <TD>241.2498</TD>
    <TD>55.04041</TD>
    <TD>825.453</TD>
    <TD>1187.075</TD>
    <TD>23.2412</TD>
    <TD>0.1131</TD>
    <TD>23.0133</TD>
    <TD>0.1663</TD>
    <TD>23.0133</TD>
    <TD>0.1663</TD>
    <TD>0.39</TD>
  </TR>
  <TR>
    <TD>2377.0</TD>
    <TD>241.2526</TD>
    <TD>55.0323</TD>
    <TD>914.127</TD>
    <TD>1168.562</TD>
    <TD>25.0531</TD>
    <TD>0.2487</TD>
    <TD>24.2345</TD>
    <TD>0.3344</TD>
    <TD>24.2345</TD>
    <TD>0.3344</TD>
    <TD>0.36</TD>
  </TR>
  <TR>
    <TD>2378.0</TD>
    <TD>241.2531</TD>
    <TD>55.05502</TD>
    <TD>664.064</TD>
    <TD>1168.471</TD>
    <TD>24.5154</TD>
    <TD>0.1443</TD>
    <TD>24.4976</TD>
    <TD>0.2235</TD>
    <TD>24.4976</TD>
    <TD>0.2235</TD>
    <TD>0.66</TD>
  </TR>
  <TR>
    <TD>2379.0</TD>
    <TD>241.2522</TD>
    <TD>55.01135</TD>
    <TD>1144.188</TD>
    <TD>1168.205</TD>
    <TD>25.6272</TD>
    <TD>0.3193</TD>
    <TD>24.4315</TD>
    <TD>0.3732</TD>
    <TD>24.4315</TD>
    <TD>0.3732</TD>
    <TD>0.36</TD>
  </TR>
  <TR>
    <TD>2380.0</TD>
    <TD>241.2495</TD>
    <TD>55.04698</TD>
    <TD>753.199</TD>
    <TD>1189.817</TD>
    <TD>22.6083</TD>
    <TD>0.0719</TD>
    <TD>22.5127</TD>
    <TD>0.107</TD>
    <TD>22.5127</TD>
    <TD>0.107</TD>
    <TD>0.02</TD>
  </TR>
  <TR>
    <TD>2381.0</TD>
    <TD>241.2514</TD>
    <TD>55.00663</TD>
    <TD>1195.945</TD>
    <TD>1172.315</TD>
    <TD>25.0326</TD>
    <TD>0.2442</TD>
    <TD>23.925</TD>
    <TD>0.2992</TD>
    <TD>23.925</TD>
    <TD>0.2992</TD>
    <TD>0.36</TD>
  </TR>
  <TR>
    <TD>2382.0</TD>
    <TD>241.2536</TD>
    <TD>55.10515</TD>
    <TD>110.0</TD>
    <TD>1171.977</TD>
    <TD>25.9965</TD>
    <TD>0.388</TD>
    <TD>25.125</TD>
    <TD>0.4061</TD>
    <TD>25.125</TD>
    <TD>0.4061</TD>
    <TD>0.39</TD>
  </TR>
  <TR>
    <TD>2383.0</TD>
    <TD>241.2494</TD>
    <TD>54.93925</TD>
    <TD>1932.512</TD>
    <TD>1173.99</TD>
    <TD>25.3918</TD>
    <TD>0.3131</TD>
    <TD>24.6304</TD>
    <TD>0.4029</TD>
    <TD>24.6304</TD>
    <TD>0.4029</TD>
    <TD>0.37</TD>
  </TR>
  <TR>
    <TD>2384.0</TD>
    <TD>241.2523</TD>
    <TD>55.07226</TD>
    <TD>474.113</TD>
    <TD>1175.888</TD>
    <TD>25.077</TD>
    <TD>0.2364</TD>
    <TD>24.174</TD>
    <TD>0.3341</TD>
    <TD>24.174</TD>
    <TD>0.3341</TD>
    <TD>0.42</TD>
  </TR>
  <TR>
    <TD>2385.0</TD>
    <TD>241.22</TD>
    <TD>55.0806</TD>
    <TD>387.256</TD>
    <TD>1379.205</TD>
    <TD>18.6989</TD>
    <TD>0.0074</TD>
    <TD>18.6843</TD>
    <TD>0.0086</TD>
    <TD>18.6843</TD>
    <TD>0.0086</TD>
    <TD>0.03</TD>
  </TR>
  <TR>
    <TD>2386.0</TD>
    <TD>241.2457</TD>
    <TD>54.94269</TD>
    <TD>1895.577</TD>
    <TD>1198.256</TD>
    <TD>22.309</TD>
    <TD>0.0646</TD>
    <TD>21.8716</TD>
    <TD>0.1076</TD>
    <TD>21.8716</TD>
    <TD>0.1076</TD>
    <TD>0.0</TD>
  </TR>
  <TR>
    <TD>2387.0</TD>
    <TD>241.2487</TD>
    <TD>54.93061</TD>
    <TD>2026.791</TD>
    <TD>1177.142</TD>
    <TD>23.8008</TD>
    <TD>0.1093</TD>
    <TD>23.6714</TD>
    <TD>0.2066</TD>
    <TD>23.6714</TD>
    <TD>0.2066</TD>
    <TD>0.68</TD>
  </TR>
  <TR>
    <TD>2388.0</TD>
    <TD>241.2507</TD>
    <TD>55.03883</TD>
    <TD>842.681</TD>
    <TD>1181.591</TD>
    <TD>24.0942</TD>
    <TD>0.177</TD>
    <TD>23.7072</TD>
    <TD>0.2833</TD>
    <TD>23.7072</TD>
    <TD>0.2833</TD>
    <TD>0.41</TD>
  </TR>
  <TR>
    <TD>2389.0</TD>
    <TD>241.2476</TD>
    <TD>54.93689</TD>
    <TD>1958.557</TD>
    <TD>1184.881</TD>
    <TD>24.0919</TD>
    <TD>0.1767</TD>
    <TD>23.8209</TD>
    <TD>0.2507</TD>
    <TD>23.8209</TD>
    <TD>0.2507</TD>
    <TD>0.16</TD>
  </TR>
  <TR>
    <TD>2390.0</TD>
    <TD>241.253</TD>
    <TD>55.10534</TD>
    <TD>108.031</TD>
    <TD>1175.515</TD>
    <TD>25.681</TD>
    <TD>0.335</TD>
    <TD>25.0613</TD>
    <TD>0.3721</TD>
    <TD>25.0613</TD>
    <TD>0.3721</TD>
    <TD>0.39</TD>
  </TR>
  <TR>
    <TD>2391.0</TD>
    <TD>241.2471</TD>
    <TD>55.02193</TD>
    <TD>1028.921</TD>
    <TD>1201.484</TD>
    <TD>21.3188</TD>
    <TD>0.0332</TD>
    <TD>21.3063</TD>
    <TD>0.0462</TD>
    <TD>21.3063</TD>
    <TD>0.0462</TD>
    <TD>0.01</TD>
  </TR>
  <TR>
    <TD>2392.0</TD>
    <TD>241.2506</TD>
    <TD>55.00183</TD>
    <TD>1248.665</TD>
    <TD>1176.319</TD>
    <TD>26.3961</TD>
    <TD>0.5552</TD>
    <TD>25.2318</TD>
    <TD>0.5616</TD>
    <TD>25.2318</TD>
    <TD>0.5616</TD>
    <TD>0.36</TD>
  </TR>
  <TR>
    <TD>2393.0</TD>
    <TD>241.2517</TD>
    <TD>55.04684</TD>
    <TD>754.343</TD>
    <TD>1176.284</TD>
    <TD>25.8337</TD>
    <TD>0.3356</TD>
    <TD>25.2333</TD>
    <TD>0.6115</TD>
    <TD>25.2333</TD>
    <TD>0.6115</TD>
    <TD>0.42</TD>
  </TR>
  <TR>
    <TD>2394.0</TD>
    <TD>241.2515</TD>
    <TD>55.06773</TD>
    <TD>524.233</TD>
    <TD>1180.021</TD>
    <TD>25.5459</TD>
    <TD>0.297</TD>
    <TD>24.7533</TD>
    <TD>0.4003</TD>
    <TD>24.7533</TD>
    <TD>0.4003</TD>
    <TD>0.41</TD>
  </TR>
  <TR>
    <TD>2395.0</TD>
    <TD>241.1196</TD>
    <TD>55.01439</TD>
    <TD>1129.808</TD>
    <TD>1996.641</TD>
    <TD>10.1262</TD>
    <TD>1.0E-4</TD>
    <TD>10.129</TD>
    <TD>1.0E-4</TD>
    <TD>10.129</TD>
    <TD>1.0E-4</TD>
    <TD>0.85</TD>
  </TR>
  <TR>
    <TD>2396.0</TD>
    <TD>241.2488</TD>
    <TD>55.07634</TD>
    <TD>429.595</TD>
    <TD>1198.508</TD>
    <TD>22.5214</TD>
    <TD>0.0695</TD>
    <TD>22.4254</TD>
    <TD>0.0948</TD>
    <TD>22.4254</TD>
    <TD>0.0948</TD>
    <TD>0.07</TD>
  </TR>
  <TR>
    <TD>2397.0</TD>
    <TD>241.2483</TD>
    <TD>54.93271</TD>
    <TD>2004.004</TD>
    <TD>1180.337</TD>
    <TD>26.0944</TD>
    <TD>0.4234</TD>
    <TD>24.7546</TD>
    <TD>0.477</TD>
    <TD>24.7546</TD>
    <TD>0.477</TD>
    <TD>0.35</TD>
  </TR>
  <TR>
    <TD>2398.0</TD>
    <TD>241.2518</TD>
    <TD>55.08157</TD>
    <TD>371.304</TD>
    <TD>1180.321</TD>
    <TD>26.0045</TD>
    <TD>0.3907</TD>
    <TD>25.2774</TD>
    <TD>0.3239</TD>
    <TD>25.2774</TD>
    <TD>0.3239</TD>
    <TD>0.4</TD>
  </TR>
  <TR>
    <TD>2399.0</TD>
    <TD>241.2511</TD>
    <TD>55.09043</TD>
    <TD>273.52</TD>
    <TD>1185.991</TD>
    <TD>25.7154</TD>
    <TD>0.3455</TD>
    <TD>25.0736</TD>
    <TD>0.4947</TD>
    <TD>25.0736</TD>
    <TD>0.4947</TD>
    <TD>0.36</TD>
  </TR>
  <TR>
    <TD>2400.0</TD>
    <TD>241.2495</TD>
    <TD>55.0177</TD>
    <TD>1074.876</TD>
    <TD>1185.949</TD>
    <TD>24.4987</TD>
    <TD>0.1793</TD>
    <TD>23.9153</TD>
    <TD>0.31</TD>
    <TD>23.9153</TD>
    <TD>0.31</TD>
    <TD>0.4</TD>
  </TR>
  <TR>
    <TD>2401.0</TD>
    <TD>241.249</TD>
    <TD>54.98744</TD>
    <TD>1406.472</TD>
    <TD>1184.491</TD>
    <TD>25.8947</TD>
    <TD>0.4057</TD>
    <TD>24.8395</TD>
    <TD>0.265</TD>
    <TD>24.8395</TD>
    <TD>0.265</TD>
    <TD>0.36</TD>
  </TR>
  <TR>
    <TD>2402.0</TD>
    <TD>241.2492</TD>
    <TD>55.03601</TD>
    <TD>873.928</TD>
    <TD>1190.581</TD>
    <TD>24.2301</TD>
    <TD>0.1758</TD>
    <TD>23.4716</TD>
    <TD>0.2352</TD>
    <TD>23.4716</TD>
    <TD>0.2352</TD>
    <TD>0.18</TD>
  </TR>
  <TR>
    <TD>2403.0</TD>
    <TD>241.2506</TD>
    <TD>55.11479</TD>
    <TD>3.647</TD>
    <TD>1191.872</TD>
    <TD>25.5743</TD>
    <TD>0.3689</TD>
    <TD>24.4759</TD>
    <TD>0.2256</TD>
    <TD>24.4759</TD>
    <TD>0.2256</TD>
    <TD>0.39</TD>
  </TR>
  <TR>
    <TD>2404.0</TD>
    <TD>241.2462</TD>
    <TD>55.00698</TD>
    <TD>1192.927</TD>
    <TD>1204.688</TD>
    <TD>22.8221</TD>
    <TD>0.087</TD>
    <TD>22.1529</TD>
    <TD>0.1374</TD>
    <TD>22.1529</TD>
    <TD>0.1374</TD>
    <TD>0.0</TD>
  </TR>
  <TR>
    <TD>2405.0</TD>
    <TD>241.2384</TD>
    <TD>54.94328</TD>
    <TD>1890.177</TD>
    <TD>1243.738</TD>
    <TD>18.5735</TD>
    <TD>0.0053</TD>
    <TD>18.5856</TD>
    <TD>0.0053</TD>
    <TD>18.5856</TD>
    <TD>0.0053</TD>
    <TD>0.04</TD>
  </TR>
  <TR>
    <TD>2406.0</TD>
    <TD>241.2406</TD>
    <TD>54.94811</TD>
    <TD>1837.206</TD>
    <TD>1230.612</TD>
    <TD>20.0733</TD>
    <TD>0.0174</TD>
    <TD>19.9901</TD>
    <TD>0.0225</TD>
    <TD>19.9901</TD>
    <TD>0.0225</TD>
    <TD>0.0</TD>
  </TR>
  <TR>
    <TD>2407.0</TD>
    <TD>241.251</TD>
    <TD>55.09692</TD>
    <TD>201.638</TD>
    <TD>1187.255</TD>
    <TD>25.5086</TD>
    <TD>0.2518</TD>
    <TD>25.1479</TD>
    <TD>0.2707</TD>
    <TD>25.1479</TD>
    <TD>0.2707</TD>
    <TD>0.36</TD>
  </TR>
  <TR>
    <TD>2408.0</TD>
    <TD>241.2431</TD>
    <TD>55.00626</TD>
    <TD>1201.366</TD>
    <TD>1224.218</TD>
    <TD>20.0538</TD>
    <TD>0.0133</TD>
    <TD>20.0277</TD>
    <TD>0.0152</TD>
    <TD>20.0277</TD>
    <TD>0.0152</TD>
    <TD>0.03</TD>
  </TR>
  <TR>
    <TD>2409.0</TD>
    <TD>241.2417</TD>
    <TD>55.06179</TD>
    <TD>591.269</TD>
    <TD>1240.898</TD>
    <TD>20.733</TD>
    <TD>0.0292</TD>
    <TD>20.4977</TD>
    <TD>0.0477</TD>
    <TD>20.4977</TD>
    <TD>0.0477</TD>
    <TD>0.0</TD>
  </TR>
  <TR>
    <TD>2410.0</TD>
    <TD>241.2499</TD>
    <TD>55.07848</TD>
    <TD>405.788</TD>
    <TD>1192.024</TD>
    <TD>24.691</TD>
    <TD>0.1918</TD>
    <TD>23.9129</TD>
    <TD>0.2889</TD>
    <TD>23.9129</TD>
    <TD>0.2889</TD>
    <TD>0.47</TD>
  </TR>
  <TR>
    <TD>2411.0</TD>
    <TD>241.248</TD>
    <TD>54.98012</TD>
    <TD>1486.678</TD>
    <TD>1189.672</TD>
    <TD>26.041</TD>
    <TD>0.4037</TD>
    <TD>25.7552</TD>
    <TD>0.9069</TD>
    <TD>25.7552</TD>
    <TD>0.9069</TD>
    <TD>0.35</TD>
  </TR>
  <TR>
    <TD>2412.0</TD>
    <TD>241.2498</TD>
    <TD>55.07893</TD>
    <TD>400.787</TD>
    <TD>1192.375</TD>
    <TD>24.7807</TD>
    <TD>0.2412</TD>
    <TD>23.627</TD>
    <TD>0.283</TD>
    <TD>23.627</TD>
    <TD>0.283</TD>
    <TD>0.41</TD>
  </TR>
  <TR>
    <TD>2413.0</TD>
    <TD>241.2402</TD>
    <TD>54.96973</TD>
    <TD>1601.421</TD>
    <TD>1236.391</TD>
    <TD>19.516</TD>
    <TD>0.0098</TD>
    <TD>19.5154</TD>
    <TD>0.0106</TD>
    <TD>19.5154</TD>
    <TD>0.0106</TD>
    <TD>0.03</TD>
  </TR>
  <TR>
    <TD>2414.0</TD>
    <TD>241.2431</TD>
    <TD>55.03613</TD>
    <TD>873.51</TD>
    <TD>1228.563</TD>
    <TD>19.6209</TD>
    <TD>0.0104</TD>
    <TD>19.6157</TD>
    <TD>0.0114</TD>
    <TD>19.6157</TD>
    <TD>0.0114</TD>
    <TD>0.03</TD>
  </TR>
  <TR>
    <TD>2415.0</TD>
    <TD>241.2439</TD>
    <TD>55.02183</TD>
    <TD>1030.446</TD>
    <TD>1221.468</TD>
    <TD>21.6625</TD>
    <TD>0.0437</TD>
    <TD>21.5283</TD>
    <TD>0.0583</TD>
    <TD>21.5283</TD>
    <TD>0.0583</TD>
    <TD>0.0</TD>
  </TR>
  <TR>
    <TD>2416.0</TD>
    <TD>241.246</TD>
    <TD>54.93143</TD>
    <TD>2018.195</TD>
    <TD>1194.278</TD>
    <TD>24.9149</TD>
    <TD>0.2341</TD>
    <TD>23.534</TD>
    <TD>0.2365</TD>
    <TD>23.534</TD>
    <TD>0.2365</TD>
    <TD>0.42</TD>
  </TR>
  <TR>
    <TD>2417.0</TD>
    <TD>241.2351</TD>
    <TD>54.95942</TD>
    <TD>1714.733</TD>
    <TD>1266.659</TD>
    <TD>17.6724</TD>
    <TD>0.0033</TD>
    <TD>17.7037</TD>
    <TD>0.0031</TD>
    <TD>17.7037</TD>
    <TD>0.0031</TD>
    <TD>0.14</TD>
  </TR>
  <TR>
    <TD>2418.0</TD>
    <TD>241.2467</TD>
    <TD>55.06081</TD>
    <TD>601.314</TD>
    <TD>1209.347</TD>
    <TD>22.776</TD>
    <TD>0.0812</TD>
    <TD>22.6081</TD>
    <TD>0.1098</TD>
    <TD>22.6081</TD>
    <TD>0.1098</TD>
    <TD>0.0</TD>
  </TR>
  <TR>
    <TD>2419.0</TD>
    <TD>241.2459</TD>
    <TD>54.96038</TD>
    <TD>1702.667</TD>
    <TD>1199.671</TD>
    <TD>25.2458</TD>
    <TD>0.2748</TD>
    <TD>24.3459</TD>
    <TD>0.432</TD>
    <TD>24.3459</TD>
    <TD>0.432</TD>
    <TD>0.36</TD>
  </TR>
  <TR>
    <TD>2420.0</TD>
    <TD>241.2446</TD>
    <TD>55.07757</TD>
    <TD>416.696</TD>
    <TD>1225.042</TD>
    <TD>23.0656</TD>
    <TD>0.101</TD>
    <TD>22.411</TD>
    <TD>0.1575</TD>
    <TD>22.411</TD>
    <TD>0.1575</TD>
    <TD>0.12</TD>
  </TR>
  <TR>
    <TD>2421.0</TD>
    <TD>241.2485</TD>
    <TD>55.06314</TD>
    <TD>575.299</TD>
    <TD>1198.236</TD>
    <TD>24.7621</TD>
    <TD>0.1921</TD>
    <TD>24.2181</TD>
    <TD>0.3554</TD>
    <TD>24.2181</TD>
    <TD>0.3554</TD>
    <TD>0.5</TD>
  </TR>
  <TR>
    <TD>2422.0</TD>
    <TD>241.2422</TD>
    <TD>54.95542</TD>
    <TD>1757.326</TD>
    <TD>1221.932</TD>
    <TD>21.8554</TD>
    <TD>0.0451</TD>
    <TD>21.6467</TD>
    <TD>0.0551</TD>
    <TD>21.6629</TD>
    <TD>0.0469</TD>
    <TD>0.12</TD>
  </TR>
  <TR>
    <TD>2423.0</TD>
    <TD>241.2465</TD>
    <TD>55.05583</TD>
    <TD>656.155</TD>
    <TD>1209.974</TD>
    <TD>23.8498</TD>
    <TD>0.1454</TD>
    <TD>23.5303</TD>
    <TD>0.2038</TD>
    <TD>23.5303</TD>
    <TD>0.2038</TD>
    <TD>0.42</TD>
  </TR>
  <TR>
    <TD>2424.0</TD>
    <TD>241.2474</TD>
    <TD>55.00945</TD>
    <TD>1165.654</TD>
    <TD>1197.695</TD>
    <TD>25.9629</TD>
    <TD>0.3765</TD>
    <TD>25.4938</TD>
    <TD>0.6155</TD>
    <TD>25.4938</TD>
    <TD>0.6155</TD>
    <TD>0.36</TD>
  </TR>
  <TR>
    <TD>2425.0</TD>
    <TD>241.2487</TD>
    <TD>55.08456</TD>
    <TD>338.81</TD>
    <TD>1200.232</TD>
    <TD>25.1223</TD>
    <TD>0.2262</TD>
    <TD>25.0688</TD>
    <TD>0.3858</TD>
    <TD>25.0688</TD>
    <TD>0.3858</TD>
    <TD>0.38</TD>
  </TR>
  <TR>
    <TD>2426.0</TD>
    <TD>241.2461</TD>
    <TD>54.95903</TD>
    <TD>1717.337</TD>
    <TD>1198.335</TD>
    <TD>26.0238</TD>
    <TD>0.3975</TD>
    <TD>25.495</TD>
    <TD>0.3435</TD>
    <TD>25.495</TD>
    <TD>0.3435</TD>
    <TD>0.37</TD>
  </TR>
  <TR>
    <TD>2427.0</TD>
    <TD>241.2457</TD>
    <TD>55.04982</TD>
    <TD>722.503</TD>
    <TD>1214.221</TD>
    <TD>22.9736</TD>
    <TD>0.0959</TD>
    <TD>22.8104</TD>
    <TD>0.1402</TD>
    <TD>22.8104</TD>
    <TD>0.1402</TD>
    <TD>0.0</TD>
  </TR>
  <TR>
    <TD>2428.0</TD>
    <TD>241.2481</TD>
    <TD>55.08106</TD>
    <TD>377.612</TD>
    <TD>1203.119</TD>
    <TD>25.0024</TD>
    <TD>0.2531</TD>
    <TD>24.3729</TD>
    <TD>0.2913</TD>
    <TD>24.3729</TD>
    <TD>0.2913</TD>
    <TD>0.37</TD>
  </TR>
  <TR>
    <TD>2429.0</TD>
    <TD>241.2448</TD>
    <TD>55.04204</TD>
    <TD>808.326</TD>
    <TD>1218.768</TD>
    <TD>22.962</TD>
    <TD>0.094</TD>
    <TD>22.7104</TD>
    <TD>0.1236</TD>
    <TD>22.7104</TD>
    <TD>0.1236</TD>
    <TD>0.0</TD>
  </TR>
  <TR>
    <TD>2430.0</TD>
    <TD>241.2417</TD>
    <TD>54.95274</TD>
    <TD>1786.589</TD>
    <TD>1224.723</TD>
    <TD>22.5202</TD>
    <TD>0.0722</TD>
    <TD>21.9831</TD>
    <TD>0.1168</TD>
    <TD>21.9831</TD>
    <TD>0.1168</TD>
    <TD>0.17</TD>
  </TR>
  <TR>
    <TD>2431.0</TD>
    <TD>241.2451</TD>
    <TD>54.96604</TD>
    <TD>1640.986</TD>
    <TD>1205.285</TD>
    <TD>25.5093</TD>
    <TD>0.2875</TD>
    <TD>24.7108</TD>
    <TD>0.4074</TD>
    <TD>24.7108</TD>
    <TD>0.4074</TD>
    <TD>0.42</TD>
  </TR>
  <TR>
    <TD>2432.0</TD>
    <TD>241.2452</TD>
    <TD>55.00617</TD>
    <TD>1201.969</TD>
    <TD>1210.88</TD>
    <TD>24.555</TD>
    <TD>0.2132</TD>
    <TD>23.3291</TD>
    <TD>0.2723</TD>
    <TD>23.8215</TD>
    <TD>0.1926</TD>
    <TD>0.37</TD>
  </TR>
  <TR>
    <TD>2433.0</TD>
    <TD>241.2481</TD>
    <TD>55.09167</TD>
    <TD>260.242</TD>
    <TD>1204.545</TD>
    <TD>24.9747</TD>
    <TD>0.2319</TD>
    <TD>24.3272</TD>
    <TD>0.3518</TD>
    <TD>24.3272</TD>
    <TD>0.3518</TD>
    <TD>0.38</TD>
  </TR>
  <TR>
    <TD>2434.0</TD>
    <TD>241.2428</TD>
    <TD>54.93208</TD>
    <TD>2011.598</TD>
    <TD>1214.275</TD>
    <TD>24.6425</TD>
    <TD>0.2306</TD>
    <TD>23.6067</TD>
    <TD>0.288</TD>
    <TD>23.6067</TD>
    <TD>0.288</TD>
    <TD>0.35</TD>
  </TR>
  <TR>
    <TD>2435.0</TD>
    <TD>241.2454</TD>
    <TD>55.03665</TD>
    <TD>867.486</TD>
    <TD>1213.98</TD>
    <TD>23.9513</TD>
    <TD>0.1486</TD>
    <TD>23.319</TD>
    <TD>0.2827</TD>
    <TD>23.319</TD>
    <TD>0.2827</TD>
    <TD>0.57</TD>
  </TR>
  <TR>
    <TD>2436.0</TD>
    <TD>241.244</TD>
    <TD>54.98102</TD>
    <TD>1477.428</TD>
    <TD>1214.901</TD>
    <TD>23.194</TD>
    <TD>0.0708</TD>
    <TD>23.1342</TD>
    <TD>0.098</TD>
    <TD>23.1342</TD>
    <TD>0.098</TD>
    <TD>0.8</TD>
  </TR>
  <TR>
    <TD>2437.0</TD>
    <TD>241.2413</TD>
    <TD>54.94384</TD>
    <TD>1883.692</TD>
    <TD>1225.743</TD>
    <TD>23.4336</TD>
    <TD>0.123</TD>
    <TD>23.025</TD>
    <TD>0.1833</TD>
    <TD>23.025</TD>
    <TD>0.1833</TD>
    <TD>0.04</TD>
  </TR>
  <TR>
    <TD>2438.0</TD>
    <TD>241.2447</TD>
    <TD>55.04858</TD>
    <TD>736.372</TD>
    <TD>1220.392</TD>
    <TD>23.8186</TD>
    <TD>0.1414</TD>
    <TD>23.6418</TD>
    <TD>0.2229</TD>
    <TD>23.6418</TD>
    <TD>0.2229</TD>
    <TD>0.55</TD>
  </TR>
  <TR>
    <TD>2439.0</TD>
    <TD>241.2459</TD>
    <TD>55.01472</TD>
    <TD>1108.192</TD>
    <TD>1207.593</TD>
    <TD>25.475</TD>
    <TD>0.3095</TD>
    <TD>24.6801</TD>
    <TD>0.3908</TD>
    <TD>24.6801</TD>
    <TD>0.3908</TD>
    <TD>0.41</TD>
  </TR>
  <TR>
    <TD>2440.0</TD>
    <TD>241.2479</TD>
    <TD>55.11191</TD>
    <TD>35.988</TD>
    <TD>1208.657</TD>
    <TD>25.6762</TD>
    <TD>0.2919</TD>
    <TD>25.1844</TD>
    <TD>0.2601</TD>
    <TD>25.1844</TD>
    <TD>0.2601</TD>
    <TD>0.37</TD>
  </TR>
  <TR>
    <TD>2441.0</TD>
    <TD>241.2395</TD>
    <TD>55.02395</TD>
    <TD>1007.919</TD>
    <TD>1249.229</TD>
    <TD>20.9316</TD>
    <TD>0.0276</TD>
    <TD>20.7623</TD>
    <TD>0.0373</TD>
    <TD>20.7623</TD>
    <TD>0.0373</TD>
    <TD>0.01</TD>
  </TR>
  <TR>
    <TD>2442.0</TD>
    <TD>241.2439</TD>
    <TD>55.05788</TD>
    <TD>634.023</TD>
    <TD>1226.635</TD>
    <TD>23.0846</TD>
    <TD>0.1006</TD>
    <TD>22.7619</TD>
    <TD>0.1842</TD>
    <TD>22.7619</TD>
    <TD>0.1842</TD>
    <TD>0.0</TD>
  </TR>
  <TR>
    <TD>2443.0</TD>
    <TD>241.2411</TD>
    <TD>54.97728</TD>
    <TD>1518.771</TD>
    <TD>1231.976</TD>
    <TD>23.6279</TD>
    <TD>0.1336</TD>
    <TD>22.7416</TD>
    <TD>0.1881</TD>
    <TD>22.7416</TD>
    <TD>0.1881</TD>
    <TD>0.46</TD>
  </TR>
  <TR>
    <TD>2444.0</TD>
    <TD>241.2434</TD>
    <TD>54.94403</TD>
    <TD>1881.32</TD>
    <TD>1212.342</TD>
    <TD>25.7858</TD>
    <TD>0.3216</TD>
    <TD>25.1051</TD>
    <TD>0.4317</TD>
    <TD>25.1051</TD>
    <TD>0.4317</TD>
    <TD>0.36</TD>
  </TR>
  <TR>
    <TD>2445.0</TD>
    <TD>241.2465</TD>
    <TD>55.0826</TD>
    <TD>360.789</TD>
    <TD>1213.608</TD>
    <TD>25.5584</TD>
    <TD>0.3335</TD>
    <TD>24.5824</TD>
    <TD>0.305</TD>
    <TD>24.5824</TD>
    <TD>0.305</TD>
    <TD>0.4</TD>
  </TR>
  <TR>
    <TD>2446.0</TD>
    <TD>241.2469</TD>
    <TD>55.09953</TD>
    <TD>173.445</TD>
    <TD>1213.342</TD>
    <TD>25.2431</TD>
    <TD>0.2741</TD>
    <TD>24.8566</TD>
    <TD>0.3091</TD>
    <TD>24.8566</TD>
    <TD>0.3091</TD>
    <TD>0.44</TD>
  </TR>
  <TR>
    <TD>2447.0</TD>
    <TD>241.2472</TD>
    <TD>55.11316</TD>
    <TD>22.334</TD>
    <TD>1213.329</TD>
    <TD>25.9876</TD>
    <TD>0.3849</TD>
    <TD>25.6586</TD>
    <TD>0.6794</TD>
    <TD>25.6586</TD>
    <TD>0.6794</TD>
    <TD>0.38</TD>
  </TR>
  <TR>
    <TD>2448.0</TD>
    <TD>241.2307</TD>
    <TD>54.99377</TD>
    <TD>1339.974</TD>
    <TD>1299.61</TD>
    <TD>20.4048</TD>
    <TD>0.0225</TD>
    <TD>20.3117</TD>
    <TD>0.0341</TD>
    <TD>20.3117</TD>
    <TD>0.0341</TD>
    <TD>0.0</TD>
  </TR>
  <TR>
    <TD>2449.0</TD>
    <TD>241.236</TD>
    <TD>55.10029</TD>
    <TD>166.808</TD>
    <TD>1281.545</TD>
    <TD>19.2753</TD>
    <TD>0.0101</TD>
    <TD>19.2524</TD>
    <TD>0.0119</TD>
    <TD>19.2524</TD>
    <TD>0.0119</TD>
    <TD>0.03</TD>
  </TR>
  <TR>
    <TD>2450.0</TD>
    <TD>241.245</TD>
    <TD>55.05004</TD>
    <TD>720.184</TD>
    <TD>1218.633</TD>
    <TD>24.6672</TD>
    <TD>0.2083</TD>
    <TD>24.2307</TD>
    <TD>0.2414</TD>
    <TD>24.1581</TD>
    <TD>0.2058</TD>
    <TD>0.49</TD>
  </TR>
  <TR>
    <TD>2451.0</TD>
    <TD>241.237</TD>
    <TD>55.01588</TD>
    <TD>1096.774</TD>
    <TD>1263.93</TD>
    <TD>19.8309</TD>
    <TD>0.0149</TD>
    <TD>19.77</TD>
    <TD>0.0212</TD>
    <TD>19.7314</TD>
    <TD>0.0153</TD>
    <TD>0.02</TD>
  </TR>
  <TR>
    <TD>2452.0</TD>
    <TD>241.2391</TD>
    <TD>54.94903</TD>
    <TD>1827.423</TD>
    <TD>1240.113</TD>
    <TD>21.9514</TD>
    <TD>0.0496</TD>
    <TD>21.7713</TD>
    <TD>0.064</TD>
    <TD>21.7166</TD>
    <TD>0.0516</TD>
    <TD>0.02</TD>
  </TR>
  <TR>
    <TD>2453.0</TD>
    <TD>241.2429</TD>
    <TD>54.99234</TD>
    <TD>1353.832</TD>
    <TD>1223.172</TD>
    <TD>25.3431</TD>
    <TD>0.2998</TD>
    <TD>24.2269</TD>
    <TD>0.3731</TD>
    <TD>24.2269</TD>
    <TD>0.3731</TD>
    <TD>0.37</TD>
  </TR>
  <TR>
    <TD>2454.0</TD>
    <TD>241.2436</TD>
    <TD>55.03901</TD>
    <TD>841.755</TD>
    <TD>1225.749</TD>
    <TD>24.526</TD>
    <TD>0.1921</TD>
    <TD>23.188</TD>
    <TD>0.2083</TD>
    <TD>23.188</TD>
    <TD>0.2083</TD>
    <TD>0.42</TD>
  </TR>
  <TR>
    <TD>2455.0</TD>
    <TD>241.2421</TD>
    <TD>55.09999</TD>
    <TD>169.2</TD>
    <TD>1243.549</TD>
    <TD>22.1329</TD>
    <TD>0.0528</TD>
    <TD>21.9401</TD>
    <TD>0.0651</TD>
    <TD>21.9401</TD>
    <TD>0.0651</TD>
    <TD>0.01</TD>
  </TR>
  <TR>
    <TD>2456.0</TD>
    <TD>241.2446</TD>
    <TD>55.05348</TD>
    <TD>682.341</TD>
    <TD>1221.323</TD>
    <TD>25.9121</TD>
    <TD>0.3598</TD>
    <TD>25.6097</TD>
    <TD>0.6497</TD>
    <TD>25.6097</TD>
    <TD>0.6497</TD>
    <TD>0.36</TD>
  </TR>
  <TR>
    <TD>2457.0</TD>
    <TD>241.2418</TD>
    <TD>55.07086</TD>
    <TD>491.275</TD>
    <TD>1241.542</TD>
    <TD>24.7513</TD>
    <TD>0.2138</TD>
    <TD>24.1243</TD>
    <TD>0.3631</TD>
    <TD>24.1243</TD>
    <TD>0.3631</TD>
    <TD>0.38</TD>
  </TR>
  <TR>
    <TD>2458.0</TD>
    <TD>241.2409</TD>
    <TD>54.97505</TD>
    <TD>1543.135</TD>
    <TD>1233.346</TD>
    <TD>24.1107</TD>
    <TD>0.1714</TD>
    <TD>23.5644</TD>
    <TD>0.3494</TD>
    <TD>23.5644</TD>
    <TD>0.3494</TD>
    <TD>0.49</TD>
  </TR>
  <TR>
    <TD>2459.0</TD>
    <TD>241.238</TD>
    <TD>55.02003</TD>
    <TD>1051.105</TD>
    <TD>1258.373</TD>
    <TD>20.829</TD>
    <TD>0.0267</TD>
    <TD>20.7064</TD>
    <TD>0.0393</TD>
    <TD>20.7064</TD>
    <TD>0.0393</TD>
    <TD>0.01</TD>
  </TR>
  <TR>
    <TD>2460.0</TD>
    <TD>241.2445</TD>
    <TD>55.06011</TD>
    <TD>609.336</TD>
    <TD>1223.307</TD>
    <TD>25.9068</TD>
    <TD>0.3581</TD>
    <TD>25.2788</TD>
    <TD>0.5862</TD>
    <TD>25.2788</TD>
    <TD>0.5862</TD>
    <TD>0.4</TD>
  </TR>
  <TR>
    <TD>2461.0</TD>
    <TD>241.2456</TD>
    <TD>55.11345</TD>
    <TD>19.38</TD>
    <TD>1223.306</TD>
    <TD>26.1298</TD>
    <TD>0.4371</TD>
    <TD>24.8611</TD>
    <TD>0.4003</TD>
    <TD>24.8611</TD>
    <TD>0.4003</TD>
    <TD>0.41</TD>
  </TR>
  <TR>
    <TD>2462.0</TD>
    <TD>241.244</TD>
    <TD>55.10363</TD>
    <TD>128.564</TD>
    <TD>1232.291</TD>
    <TD>24.6284</TD>
    <TD>0.2105</TD>
    <TD>23.7691</TD>
    <TD>0.31</TD>
    <TD>23.7691</TD>
    <TD>0.31</TD>
    <TD>0.5</TD>
  </TR>
  <TR>
    <TD>2463.0</TD>
    <TD>241.2435</TD>
    <TD>55.06046</TD>
    <TD>605.65</TD>
    <TD>1229.458</TD>
    <TD>25.4412</TD>
    <TD>0.3273</TD>
    <TD>24.5573</TD>
    <TD>0.2428</TD>
    <TD>24.5573</TD>
    <TD>0.2428</TD>
    <TD>0.38</TD>
  </TR>
  <TR>
    <TD>2464.0</TD>
    <TD>241.2404</TD>
    <TD>54.95209</TD>
    <TD>1793.877</TD>
    <TD>1232.491</TD>
    <TD>24.175</TD>
    <TD>0.1624</TD>
    <TD>23.1869</TD>
    <TD>0.2429</TD>
    <TD>23.1869</TD>
    <TD>0.2429</TD>
    <TD>0.45</TD>
  </TR>
  <TR>
    <TD>2465.0</TD>
    <TD>241.2369</TD>
    <TD>55.01108</TD>
    <TD>1149.523</TD>
    <TD>1263.957</TD>
    <TD>22.1427</TD>
    <TD>0.0588</TD>
    <TD>21.9211</TD>
    <TD>0.1005</TD>
    <TD>21.9211</TD>
    <TD>0.1005</TD>
    <TD>0.0</TD>
  </TR>
  <TR>
    <TD>2466.0</TD>
    <TD>241.2405</TD>
    <TD>55.05009</TD>
    <TD>720.431</TD>
    <TD>1246.63</TD>
    <TD>22.9041</TD>
    <TD>0.0936</TD>
    <TD>22.1745</TD>
    <TD>0.1457</TD>
    <TD>22.1745</TD>
    <TD>0.1457</TD>
    <TD>0.01</TD>
  </TR>
  <TR>
    <TD>2467.0</TD>
    <TD>241.2443</TD>
    <TD>55.09013</TD>
    <TD>277.946</TD>
    <TD>1228.369</TD>
    <TD>25.1948</TD>
    <TD>0.2412</TD>
    <TD>24.7064</TD>
    <TD>0.4003</TD>
    <TD>24.7064</TD>
    <TD>0.4003</TD>
    <TD>0.37</TD>
  </TR>
  <TR>
    <TD>2468.0</TD>
    <TD>241.2378</TD>
    <TD>55.04409</TD>
    <TD>786.838</TD>
    <TD>1262.745</TD>
    <TD>21.9935</TD>
    <TD>0.0543</TD>
    <TD>21.2681</TD>
    <TD>0.077</TD>
    <TD>21.2681</TD>
    <TD>0.077</TD>
    <TD>0.0</TD>
  </TR>
  <TR>
    <TD>2469.0</TD>
    <TD>241.2434</TD>
    <TD>55.05559</TD>
    <TD>659.343</TD>
    <TD>1229.331</TD>
    <TD>25.8572</TD>
    <TD>0.3427</TD>
    <TD>25.1192</TD>
    <TD>0.5158</TD>
    <TD>25.1192</TD>
    <TD>0.5158</TD>
    <TD>0.41</TD>
  </TR>
  <TR>
    <TD>2470.0</TD>
    <TD>241.2379</TD>
    <TD>55.03997</TD>
    <TD>832.152</TD>
    <TD>1261.773</TD>
    <TD>21.7784</TD>
    <TD>0.0471</TD>
    <TD>21.5117</TD>
    <TD>0.0648</TD>
    <TD>21.5117</TD>
    <TD>0.0648</TD>
    <TD>0.0</TD>
  </TR>
  <TR>
    <TD>2471.0</TD>
    <TD>241.2436</TD>
    <TD>55.0711</TD>
    <TD>488.294</TD>
    <TD>1230.332</TD>
    <TD>25.8597</TD>
    <TD>0.3434</TD>
    <TD>25.9081</TD>
    <TD>0.8054</TD>
    <TD>25.9081</TD>
    <TD>0.8054</TD>
    <TD>0.41</TD>
  </TR>
  <TR>
    <TD>2472.0</TD>
    <TD>241.2373</TD>
    <TD>55.06274</TD>
    <TD>581.538</TD>
    <TD>1268.293</TD>
    <TD>21.0623</TD>
    <TD>0.0318</TD>
    <TD>20.7923</TD>
    <TD>0.0477</TD>
    <TD>20.7923</TD>
    <TD>0.0477</TD>
    <TD>0.0</TD>
  </TR>
  <TR>
    <TD>2473.0</TD>
    <TD>241.2377</TD>
    <TD>54.93159</TD>
    <TD>2017.698</TD>
    <TD>1246.372</TD>
    <TD>22.6809</TD>
    <TD>0.0787</TD>
    <TD>22.1199</TD>
    <TD>0.1086</TD>
    <TD>22.1199</TD>
    <TD>0.1086</TD>
    <TD>0.0</TD>
  </TR>
  <TR>
    <TD>2474.0</TD>
    <TD>241.2431</TD>
    <TD>55.07491</TD>
    <TD>446.337</TD>
    <TD>1233.966</TD>
    <TD>25.5057</TD>
    <TD>0.2512</TD>
    <TD>25.1564</TD>
    <TD>0.2537</TD>
    <TD>25.1564</TD>
    <TD>0.2537</TD>
    <TD>0.4</TD>
  </TR>
  <TR>
    <TD>2475.0</TD>
    <TD>241.2349</TD>
    <TD>54.9862</TD>
    <TD>1422.2</TD>
    <TD>1272.257</TD>
    <TD>22.1918</TD>
    <TD>0.0603</TD>
    <TD>22.0884</TD>
    <TD>0.085</TD>
    <TD>22.0884</TD>
    <TD>0.085</TD>
    <TD>0.0</TD>
  </TR>
  <TR>
    <TD>2476.0</TD>
    <TD>241.2403</TD>
    <TD>54.9625</TD>
    <TD>1680.297</TD>
    <TD>1234.683</TD>
    <TD>25.8216</TD>
    <TD>0.332</TD>
    <TD>25.2619</TD>
    <TD>0.2788</TD>
    <TD>25.2619</TD>
    <TD>0.2788</TD>
    <TD>0.37</TD>
  </TR>
  <TR>
    <TD>2477.0</TD>
    <TD>241.2433</TD>
    <TD>55.10879</TD>
    <TD>71.366</TD>
    <TD>1236.888</TD>
    <TD>24.2631</TD>
    <TD>0.1757</TD>
    <TD>23.0779</TD>
    <TD>0.1801</TD>
    <TD>23.0779</TD>
    <TD>0.1801</TD>
    <TD>0.36</TD>
  </TR>
  <TR>
    <TD>2478.0</TD>
    <TD>241.2424</TD>
    <TD>55.05479</TD>
    <TD>668.346</TD>
    <TD>1235.287</TD>
    <TD>25.858</TD>
    <TD>0.3429</TD>
    <TD>24.981</TD>
    <TD>0.4466</TD>
    <TD>24.981</TD>
    <TD>0.4466</TD>
    <TD>0.4</TD>
  </TR>
  <TR>
    <TD>2479.0</TD>
    <TD>241.2378</TD>
    <TD>54.93124</TD>
    <TD>2021.488</TD>
    <TD>1245.489</TD>
    <TD>23.4</TD>
    <TD>0.1072</TD>
    <TD>22.4029</TD>
    <TD>0.1519</TD>
    <TD>23.0436</TD>
    <TD>0.11</TD>
    <TD>0.48</TD>
  </TR>
  <TR>
    <TD>2480.0</TD>
    <TD>241.2415</TD>
    <TD>55.05181</TD>
    <TD>701.32</TD>
    <TD>1240.652</TD>
    <TD>25.9153</TD>
    <TD>0.3609</TD>
    <TD>24.7884</TD>
    <TD>0.3945</TD>
    <TD>24.7884</TD>
    <TD>0.3945</TD>
    <TD>0.37</TD>
  </TR>
  <TR>
    <TD>2481.0</TD>
    <TD>241.2412</TD>
    <TD>55.10235</TD>
    <TD>143.108</TD>
    <TD>1249.176</TD>
    <TD>24.5497</TD>
    <TD>0.2044</TD>
    <TD>23.8632</TD>
    <TD>0.3324</TD>
    <TD>23.8632</TD>
    <TD>0.3324</TD>
    <TD>0.47</TD>
  </TR>
  <TR>
    <TD>2482.0</TD>
    <TD>241.2348</TD>
    <TD>54.95483</TD>
    <TD>1764.8</TD>
    <TD>1268.228</TD>
    <TD>21.5844</TD>
    <TD>0.0424</TD>
    <TD>21.4182</TD>
    <TD>0.0613</TD>
    <TD>21.4182</TD>
    <TD>0.0613</TD>
    <TD>0.0</TD>
  </TR>
  <TR>
    <TD>2483.0</TD>
    <TD>241.2425</TD>
    <TD>55.11209</TD>
    <TD>34.942</TD>
    <TD>1242.235</TD>
    <TD>25.4933</TD>
    <TD>0.2835</TD>
    <TD>25.4037</TD>
    <TD>0.5941</TD>
    <TD>25.4037</TD>
    <TD>0.5941</TD>
    <TD>0.43</TD>
  </TR>
  <TR>
    <TD>2484.0</TD>
    <TD>241.2419</TD>
    <TD>55.08558</TD>
    <TD>328.691</TD>
    <TD>1242.688</TD>
    <TD>26.3663</TD>
    <TD>0.5405</TD>
    <TD>25.1147</TD>
    <TD>0.3398</TD>
    <TD>25.1147</TD>
    <TD>0.3398</TD>
    <TD>0.35</TD>
  </TR>
  <TR>
    <TD>2485.0</TD>
    <TD>241.238</TD>
    <TD>55.08374</TD>
    <TD>349.603</TD>
    <TD>1266.812</TD>
    <TD>23.305</TD>
    <TD>0.1126</TD>
    <TD>22.3462</TD>
    <TD>0.1896</TD>
    <TD>22.3462</TD>
    <TD>0.1896</TD>
    <TD>0.18</TD>
  </TR>
  <TR>
    <TD>2486.0</TD>
    <TD>241.2411</TD>
    <TD>55.07221</TD>
    <TD>476.471</TD>
    <TD>1246.017</TD>
    <TD>25.3195</TD>
    <TD>0.2935</TD>
    <TD>24.9235</TD>
    <TD>0.3283</TD>
    <TD>24.9235</TD>
    <TD>0.3283</TD>
    <TD>0.45</TD>
  </TR>
  <TR>
    <TD>2487.0</TD>
    <TD>241.2368</TD>
    <TD>55.04729</TD>
    <TD>751.792</TD>
    <TD>1269.662</TD>
    <TD>22.2224</TD>
    <TD>0.0598</TD>
    <TD>21.7967</TD>
    <TD>0.1009</TD>
    <TD>21.7967</TD>
    <TD>0.1009</TD>
    <TD>0.0</TD>
  </TR>
  <TR>
    <TD>2488.0</TD>
    <TD>241.2374</TD>
    <TD>55.08755</TD>
    <TD>307.642</TD>
    <TD>1271.003</TD>
    <TD>22.2469</TD>
    <TD>0.063</TD>
    <TD>21.8873</TD>
    <TD>0.0992</TD>
    <TD>21.8873</TD>
    <TD>0.0992</TD>
    <TD>0.0</TD>
  </TR>
  <TR>
    <TD>2489.0</TD>
    <TD>241.2375</TD>
    <TD>55.08902</TD>
    <TD>291.345</TD>
    <TD>1271.06</TD>
    <TD>23.9519</TD>
    <TD>0.1412</TD>
    <TD>23.8536</TD>
    <TD>0.343</TD>
    <TD>23.8536</TD>
    <TD>0.343</TD>
    <TD>0.49</TD>
  </TR>
  <TR>
    <TD>2490.0</TD>
    <TD>241.2413</TD>
    <TD>55.07943</TD>
    <TD>396.672</TD>
    <TD>1245.634</TD>
    <TD>25.7396</TD>
    <TD>0.3087</TD>
    <TD>25.5415</TD>
    <TD>0.3582</TD>
    <TD>25.5415</TD>
    <TD>0.3582</TD>
    <TD>0.36</TD>
  </TR>
  <TR>
    <TD>2491.0</TD>
    <TD>241.2408</TD>
    <TD>55.07138</TD>
    <TD>485.644</TD>
    <TD>1247.968</TD>
    <TD>25.2118</TD>
    <TD>0.2666</TD>
    <TD>24.7172</TD>
    <TD>0.3931</TD>
    <TD>24.7172</TD>
    <TD>0.3931</TD>
    <TD>0.35</TD>
  </TR>
  <TR>
    <TD>2492.0</TD>
    <TD>241.2373</TD>
    <TD>54.95098</TD>
    <TD>1806.466</TD>
    <TD>1251.626</TD>
    <TD>24.2244</TD>
    <TD>0.1643</TD>
    <TD>23.0922</TD>
    <TD>0.2</TD>
    <TD>23.0922</TD>
    <TD>0.2</TD>
    <TD>0.63</TD>
  </TR>
  <TR>
    <TD>2493.0</TD>
    <TD>241.2395</TD>
    <TD>55.04127</TD>
    <TD>817.552</TD>
    <TD>1251.961</TD>
    <TD>24.4368</TD>
    <TD>0.1848</TD>
    <TD>23.6961</TD>
    <TD>0.3222</TD>
    <TD>23.6961</TD>
    <TD>0.3222</TD>
    <TD>0.47</TD>
  </TR>
  <TR>
    <TD>2494.0</TD>
    <TD>241.2367</TD>
    <TD>55.0433</TD>
    <TD>795.756</TD>
    <TD>1269.363</TD>
    <TD>22.7721</TD>
    <TD>0.0876</TD>
    <TD>22.5235</TD>
    <TD>0.1659</TD>
    <TD>22.5235</TD>
    <TD>0.1659</TD>
    <TD>0.0</TD>
  </TR>
  <TR>
    <TD>2495.0</TD>
    <TD>241.2405</TD>
    <TD>55.05451</TD>
    <TD>671.696</TD>
    <TD>1247.37</TD>
    <TD>26.2677</TD>
    <TD>0.4946</TD>
    <TD>24.9701</TD>
    <TD>0.3818</TD>
    <TD>24.9701</TD>
    <TD>0.3818</TD>
    <TD>0.35</TD>
  </TR>
  <TR>
    <TD>2496.0</TD>
    <TD>241.239</TD>
    <TD>55.09142</TD>
    <TD>264.516</TD>
    <TD>1261.577</TD>
    <TD>23.9736</TD>
    <TD>0.1439</TD>
    <TD>23.2893</TD>
    <TD>0.2831</TD>
    <TD>23.2893</TD>
    <TD>0.2831</TD>
    <TD>0.6</TD>
  </TR>
  <TR>
    <TD>2497.0</TD>
    <TD>241.2396</TD>
    <TD>55.03654</TD>
    <TD>869.541</TD>
    <TD>1250.494</TD>
    <TD>25.4374</TD>
    <TD>0.2698</TD>
    <TD>24.8184</TD>
    <TD>0.4185</TD>
    <TD>24.8184</TD>
    <TD>0.4185</TD>
    <TD>0.38</TD>
  </TR>
  <TR>
    <TD>2498.0</TD>
    <TD>241.233</TD>
    <TD>55.10268</TD>
    <TD>140.823</TD>
    <TD>1300.872</TD>
    <TD>18.6528</TD>
    <TD>0.0056</TD>
    <TD>18.6685</TD>
    <TD>0.0056</TD>
    <TD>18.6685</TD>
    <TD>0.0056</TD>
    <TD>0.04</TD>
  </TR>
  <TR>
    <TD>2499.0</TD>
    <TD>241.239</TD>
    <TD>55.0116</TD>
    <TD>1143.486</TD>
    <TD>1250.532</TD>
    <TD>25.1136</TD>
    <TD>0.2442</TD>
    <TD>24.3236</TD>
    <TD>0.3045</TD>
    <TD>24.3236</TD>
    <TD>0.3045</TD>
    <TD>0.37</TD>
  </TR>
  <TR>
    <TD>2500.0</TD>
    <TD>241.2374</TD>
    <TD>54.97906</TD>
    <TD>1499.84</TD>
    <TD>1255.383</TD>
    <TD>24.3413</TD>
    <TD>0.1762</TD>
    <TD>23.2167</TD>
    <TD>0.2321</TD>
    <TD>23.2167</TD>
    <TD>0.2321</TD>
    <TD>0.49</TD>
  </TR>
  <TR>
    <TD>2501.0</TD>
    <TD>241.2406</TD>
    <TD>55.1114</TD>
    <TD>42.953</TD>
    <TD>1254.022</TD>
    <TD>25.0849</TD>
    <TD>0.2559</TD>
    <TD>24.6738</TD>
    <TD>0.5039</TD>
    <TD>24.6738</TD>
    <TD>0.5039</TD>
    <TD>0.35</TD>
  </TR>
  <TR>
    <TD>2502.0</TD>
    <TD>241.2398</TD>
    <TD>55.0766</TD>
    <TD>428.236</TD>
    <TD>1254.776</TD>
    <TD>25.6665</TD>
    <TD>0.3307</TD>
    <TD>24.1351</TD>
    <TD>0.2847</TD>
    <TD>24.1351</TD>
    <TD>0.2847</TD>
    <TD>0.35</TD>
  </TR>
  <TR>
    <TD>2503.0</TD>
    <TD>241.2401</TD>
    <TD>55.0753</TD>
    <TD>442.488</TD>
    <TD>1252.556</TD>
    <TD>25.5111</TD>
    <TD>0.288</TD>
    <TD>24.7737</TD>
    <TD>0.4018</TD>
    <TD>24.7737</TD>
    <TD>0.4018</TD>
    <TD>0.37</TD>
  </TR>
  <TR>
    <TD>2504.0</TD>
    <TD>241.2363</TD>
    <TD>55.04986</TD>
    <TD>723.553</TD>
    <TD>1272.841</TD>
    <TD>23.553</TD>
    <TD>0.133</TD>
    <TD>22.5364</TD>
    <TD>0.1613</TD>
    <TD>22.5364</TD>
    <TD>0.1613</TD>
    <TD>0.48</TD>
  </TR>
  <TR>
    <TD>2505.0</TD>
    <TD>241.2391</TD>
    <TD>55.05358</TD>
    <TD>682.13</TD>
    <TD>1255.915</TD>
    <TD>24.9925</TD>
    <TD>0.2194</TD>
    <TD>25.0022</TD>
    <TD>0.3418</TD>
    <TD>25.0022</TD>
    <TD>0.3418</TD>
    <TD>0.74</TD>
  </TR>
  <TR>
    <TD>2506.0</TD>
    <TD>241.2349</TD>
    <TD>54.93853</TD>
    <TD>1942.524</TD>
    <TD>1264.966</TD>
    <TD>24.4429</TD>
    <TD>0.1858</TD>
    <TD>24.0954</TD>
    <TD>0.2296</TD>
    <TD>24.0954</TD>
    <TD>0.2296</TD>
    <TD>0.47</TD>
  </TR>
  <TR>
    <TD>2507.0</TD>
    <TD>241.2369</TD>
    <TD>55.09713</TD>
    <TD>201.732</TD>
    <TD>1275.578</TD>
    <TD>22.0784</TD>
    <TD>0.0513</TD>
    <TD>21.9655</TD>
    <TD>0.0736</TD>
    <TD>21.9655</TD>
    <TD>0.0736</TD>
    <TD>0.25</TD>
  </TR>
  <TR>
    <TD>2508.0</TD>
    <TD>241.2398</TD>
    <TD>55.08815</TD>
    <TD>300.526</TD>
    <TD>1256.485</TD>
    <TD>25.5047</TD>
    <TD>0.2864</TD>
    <TD>24.8396</TD>
    <TD>0.2651</TD>
    <TD>24.8396</TD>
    <TD>0.2651</TD>
    <TD>0.38</TD>
  </TR>
  <TR>
    <TD>2509.0</TD>
    <TD>241.2379</TD>
    <TD>55.08234</TD>
    <TD>365.164</TD>
    <TD>1267.589</TD>
    <TD>23.2696</TD>
    <TD>0.1091</TD>
    <TD>22.8354</TD>
    <TD>0.1984</TD>
    <TD>22.8354</TD>
    <TD>0.1984</TD>
    <TD>0.54</TD>
  </TR>
  <TR>
    <TD>2510.0</TD>
    <TD>241.2393</TD>
    <TD>55.07826</TD>
    <TD>409.953</TD>
    <TD>1258.35</TD>
    <TD>25.7166</TD>
    <TD>0.3025</TD>
    <TD>25.896</TD>
    <TD>0.4932</TD>
    <TD>25.896</TD>
    <TD>0.4932</TD>
    <TD>0.42</TD>
  </TR>
  <TR>
    <TD>2511.0</TD>
    <TD>241.2294</TD>
    <TD>55.02967</TD>
    <TD>946.675</TD>
    <TD>1313.115</TD>
    <TD>21.9659</TD>
    <TD>0.0511</TD>
    <TD>21.7668</TD>
    <TD>0.083</TD>
    <TD>21.7668</TD>
    <TD>0.083</TD>
    <TD>0.02</TD>
  </TR>
  <TR>
    <TD>2512.0</TD>
    <TD>241.2266</TD>
    <TD>55.08195</TD>
    <TD>371.256</TD>
    <TD>1338.289</TD>
    <TD>22.9676</TD>
    <TD>0.0669</TD>
    <TD>23.0984</TD>
    <TD>0.0949</TD>
    <TD>23.0984</TD>
    <TD>0.0949</TD>
    <TD>0.69</TD>
  </TR>
  <TR>
    <TD>2513.0</TD>
    <TD>241.2356</TD>
    <TD>54.98412</TD>
    <TD>1444.849</TD>
    <TD>1267.83</TD>
    <TD>23.5543</TD>
    <TD>0.1208</TD>
    <TD>22.7039</TD>
    <TD>0.1769</TD>
    <TD>23.1147</TD>
    <TD>0.1217</TD>
    <TD>0.45</TD>
  </TR>
  <TR>
    <TD>2514.0</TD>
    <TD>241.2392</TD>
    <TD>55.0926</TD>
    <TD>251.465</TD>
    <TD>1260.486</TD>
    <TD>25.8324</TD>
    <TD>0.3836</TD>
    <TD>25.0993</TD>
    <TD>0.3351</TD>
    <TD>25.0993</TD>
    <TD>0.3351</TD>
    <TD>0.42</TD>
  </TR>
  <TR>
    <TD>2515.0</TD>
    <TD>241.205</TD>
    <TD>55.07262</TD>
    <TD>477.731</TD>
    <TD>1471.95</TD>
    <TD>14.5928</TD>
    <TD>6.0E-4</TD>
    <TD>14.6237</TD>
    <TD>5.0E-4</TD>
    <TD>14.6237</TD>
    <TD>5.0E-4</TD>
    <TD>0.95</TD>
  </TR>
  <TR>
    <TD>2516.0</TD>
    <TD>241.2376</TD>
    <TD>55.08404</TD>
    <TD>346.328</TD>
    <TD>1269.344</TD>
    <TD>23.9873</TD>
    <TD>0.1572</TD>
    <TD>22.7948</TD>
    <TD>0.1701</TD>
    <TD>23.397</TD>
    <TD>0.1509</TD>
    <TD>0.37</TD>
  </TR>
  <TR>
    <TD>2517.0</TD>
    <TD>241.2273</TD>
    <TD>54.9505</TD>
    <TD>1813.104</TD>
    <TD>1314.067</TD>
    <TD>18.7219</TD>
    <TD>0.0057</TD>
    <TD>18.7296</TD>
    <TD>0.0057</TD>
    <TD>18.7296</TD>
    <TD>0.0057</TD>
    <TD>0.04</TD>
  </TR>
  <TR>
    <TD>2518.0</TD>
    <TD>241.2333</TD>
    <TD>54.95308</TD>
    <TD>1784.1</TD>
    <TD>1277.207</TD>
    <TD>23.8134</TD>
    <TD>0.1346</TD>
    <TD>23.4365</TD>
    <TD>0.2439</TD>
    <TD>23.4365</TD>
    <TD>0.2439</TD>
    <TD>0.48</TD>
  </TR>
  <TR>
    <TD>2519.0</TD>
    <TD>241.2383</TD>
    <TD>55.08058</TD>
    <TD>384.541</TD>
    <TD>1264.533</TD>
    <TD>25.5872</TD>
    <TD>0.3082</TD>
    <TD>24.9726</TD>
    <TD>0.4743</TD>
    <TD>24.9726</TD>
    <TD>0.4743</TD>
    <TD>0.39</TD>
  </TR>
  <TR>
    <TD>2520.0</TD>
    <TD>241.2331</TD>
    <TD>54.96068</TD>
    <TD>1701.211</TD>
    <TD>1279.472</TD>
    <TD>24.0721</TD>
    <TD>0.1655</TD>
    <TD>23.1302</TD>
    <TD>0.2432</TD>
    <TD>23.1302</TD>
    <TD>0.2432</TD>
    <TD>0.47</TD>
  </TR>
  <TR>
    <TD>2521.0</TD>
    <TD>241.2316</TD>
    <TD>54.95419</TD>
    <TD>1772.302</TD>
    <TD>1287.898</TD>
    <TD>22.6826</TD>
    <TD>0.0726</TD>
    <TD>22.3613</TD>
    <TD>0.0964</TD>
    <TD>22.3613</TD>
    <TD>0.0964</TD>
    <TD>0.03</TD>
  </TR>
  <TR>
    <TD>2522.0</TD>
    <TD>241.2268</TD>
    <TD>55.11376</TD>
    <TD>19.024</TD>
    <TD>1340.899</TD>
    <TD>20.6646</TD>
    <TD>0.0221</TD>
    <TD>20.6103</TD>
    <TD>0.0308</TD>
    <TD>20.6103</TD>
    <TD>0.0308</TD>
    <TD>0.02</TD>
  </TR>
  <TR>
    <TD>2523.0</TD>
    <TD>241.2345</TD>
    <TD>55.01774</TD>
    <TD>1076.77</TD>
    <TD>1279.753</TD>
    <TD>24.6005</TD>
    <TD>0.2139</TD>
    <TD>23.1376</TD>
    <TD>0.2176</TD>
    <TD>23.1376</TD>
    <TD>0.2176</TD>
    <TD>0.37</TD>
  </TR>
  <TR>
    <TD>2524.0</TD>
    <TD>241.2319</TD>
    <TD>55.02226</TD>
    <TD>1027.58</TD>
    <TD>1296.38</TD>
    <TD>21.848</TD>
    <TD>0.0492</TD>
    <TD>21.7024</TD>
    <TD>0.0628</TD>
    <TD>21.7024</TD>
    <TD>0.0628</TD>
    <TD>0.0</TD>
  </TR>
  <TR>
    <TD>2525.0</TD>
    <TD>241.2336</TD>
    <TD>55.11024</TD>
    <TD>57.008</TD>
    <TD>1298.228</TD>
    <TD>24.8306</TD>
    <TD>0.2171</TD>
    <TD>25.1093</TD>
    <TD>0.4739</TD>
    <TD>25.1093</TD>
    <TD>0.4739</TD>
    <TD>0.36</TD>
  </TR>
  <TR>
    <TD>2526.0</TD>
    <TD>241.2346</TD>
    <TD>55.0046</TD>
    <TD>1220.802</TD>
    <TD>1277.258</TD>
    <TD>24.6342</TD>
    <TD>0.16</TD>
    <TD>24.5506</TD>
    <TD>0.22</TD>
    <TD>24.5506</TD>
    <TD>0.22</TD>
    <TD>0.61</TD>
  </TR>
  <TR>
    <TD>2527.0</TD>
    <TD>241.2367</TD>
    <TD>55.10685</TD>
    <TD>93.999</TD>
    <TD>1278.213</TD>
    <TD>25.1839</TD>
    <TD>0.2978</TD>
    <TD>24.7162</TD>
    <TD>0.2803</TD>
    <TD>24.7162</TD>
    <TD>0.2803</TD>
    <TD>0.36</TD>
  </TR>
  <TR>
    <TD>2528.0</TD>
    <TD>241.2335</TD>
    <TD>54.97672</TD>
    <TD>1525.983</TD>
    <TD>1279.987</TD>
    <TD>25.2632</TD>
    <TD>0.3002</TD>
    <TD>24.0973</TD>
    <TD>0.3502</TD>
    <TD>24.0973</TD>
    <TD>0.3502</TD>
    <TD>0.4</TD>
  </TR>
  <TR>
    <TD>2529.0</TD>
    <TD>241.2288</TD>
    <TD>54.92969</TD>
    <TD>2039.646</TD>
    <TD>1301.619</TD>
    <TD>22.2433</TD>
    <TD>0.0661</TD>
    <TD>21.8979</TD>
    <TD>0.0936</TD>
    <TD>21.8979</TD>
    <TD>0.0936</TD>
    <TD>0.0</TD>
  </TR>
  <TR>
    <TD>2530.0</TD>
    <TD>241.2325</TD>
    <TD>54.94411</TD>
    <TD>1882.0</TD>
    <TD>1280.952</TD>
    <TD>25.6914</TD>
    <TD>0.2958</TD>
    <TD>25.2999</TD>
    <TD>0.4177</TD>
    <TD>25.2999</TD>
    <TD>0.4177</TD>
    <TD>0.35</TD>
  </TR>
  <TR>
    <TD>2531.0</TD>
    <TD>241.2231</TD>
    <TD>55.00853</TD>
    <TD>1179.524</TD>
    <TD>1349.391</TD>
    <TD>20.5284</TD>
    <TD>0.0231</TD>
    <TD>20.4592</TD>
    <TD>0.03</TD>
    <TD>20.4592</TD>
    <TD>0.03</TD>
    <TD>0.0</TD>
  </TR>
  <TR>
    <TD>2532.0</TD>
    <TD>241.2331</TD>
    <TD>55.00862</TD>
    <TD>1177.049</TD>
    <TD>1287.357</TD>
    <TD>23.8285</TD>
    <TD>0.1396</TD>
    <TD>23.1159</TD>
    <TD>0.1616</TD>
    <TD>23.1159</TD>
    <TD>0.1616</TD>
    <TD>0.62</TD>
  </TR>
  <TR>
    <TD>2533.0</TD>
    <TD>241.2353</TD>
    <TD>55.03274</TD>
    <TD>911.98</TD>
    <TD>1277.0</TD>
    <TD>25.7246</TD>
    <TD>0.3046</TD>
    <TD>25.4915</TD>
    <TD>0.3685</TD>
    <TD>25.4915</TD>
    <TD>0.3685</TD>
    <TD>0.37</TD>
  </TR>
  <TR>
    <TD>2534.0</TD>
    <TD>241.2332</TD>
    <TD>55.06143</TD>
    <TD>596.6</TD>
    <TD>1294.317</TD>
    <TD>23.8735</TD>
    <TD>0.1516</TD>
    <TD>23.4178</TD>
    <TD>0.1958</TD>
    <TD>23.4178</TD>
    <TD>0.1958</TD>
    <TD>0.09</TD>
  </TR>
  <TR>
    <TD>2535.0</TD>
    <TD>241.2362</TD>
    <TD>55.10618</TD>
    <TD>101.51</TD>
    <TD>1281.477</TD>
    <TD>25.5442</TD>
    <TD>0.2966</TD>
    <TD>24.9225</TD>
    <TD>0.4602</TD>
    <TD>24.9225</TD>
    <TD>0.4602</TD>
    <TD>0.35</TD>
  </TR>
  <TR>
    <TD>2536.0</TD>
    <TD>241.2335</TD>
    <TD>55.00604</TD>
    <TD>1205.256</TD>
    <TD>1284.002</TD>
    <TD>25.4386</TD>
    <TD>0.2701</TD>
    <TD>24.8973</TD>
    <TD>0.4894</TD>
    <TD>24.8973</TD>
    <TD>0.4894</TD>
    <TD>0.37</TD>
  </TR>
  <TR>
    <TD>2537.0</TD>
    <TD>241.2322</TD>
    <TD>55.04075</TD>
    <TD>824.441</TD>
    <TD>1297.527</TD>
    <TD>23.4916</TD>
    <TD>0.1222</TD>
    <TD>23.0496</TD>
    <TD>0.1535</TD>
    <TD>23.0496</TD>
    <TD>0.1535</TD>
    <TD>0.06</TD>
  </TR>
  <TR>
    <TD>2538.0</TD>
    <TD>241.2333</TD>
    <TD>54.98788</TD>
    <TD>1404.007</TD>
    <TD>1282.495</TD>
    <TD>24.4171</TD>
    <TD>0.1668</TD>
    <TD>24.6852</TD>
    <TD>0.322</TD>
    <TD>24.6852</TD>
    <TD>0.322</TD>
    <TD>0.66</TD>
  </TR>
  <TR>
    <TD>2539.0</TD>
    <TD>241.2346</TD>
    <TD>55.03275</TD>
    <TD>912.016</TD>
    <TD>1281.0</TD>
    <TD>25.8904</TD>
    <TD>0.3529</TD>
    <TD>25.0376</TD>
    <TD>0.4347</TD>
    <TD>25.0376</TD>
    <TD>0.4347</TD>
    <TD>0.41</TD>
  </TR>
  <TR>
    <TD>2540.0</TD>
    <TD>241.2344</TD>
    <TD>55.08279</TD>
    <TD>360.674</TD>
    <TD>1289.502</TD>
    <TD>24.1529</TD>
    <TD>0.138</TD>
    <TD>24.0905</TD>
    <TD>0.1989</TD>
    <TD>24.0905</TD>
    <TD>0.1989</TD>
    <TD>0.63</TD>
  </TR>
  <TR>
    <TD>2541.0</TD>
    <TD>241.2321</TD>
    <TD>54.96882</TD>
    <TD>1612.575</TD>
    <TD>1287.228</TD>
    <TD>25.6008</TD>
    <TD>0.3464</TD>
    <TD>24.9287</TD>
    <TD>0.4258</TD>
    <TD>24.9287</TD>
    <TD>0.4258</TD>
    <TD>0.35</TD>
  </TR>
  <TR>
    <TD>2542.0</TD>
    <TD>241.2304</TD>
    <TD>54.92914</TD>
    <TD>2045.44</TD>
    <TD>1291.354</TD>
    <TD>24.2516</TD>
    <TD>0.1684</TD>
    <TD>23.5062</TD>
    <TD>0.2211</TD>
    <TD>23.5062</TD>
    <TD>0.2211</TD>
    <TD>0.42</TD>
  </TR>
  <TR>
    <TD>2543.0</TD>
    <TD>241.2324</TD>
    <TD>54.97414</TD>
    <TD>1554.36</TD>
    <TD>1286.327</TD>
    <TD>25.9054</TD>
    <TD>0.3577</TD>
    <TD>25.1528</TD>
    <TD>0.2529</TD>
    <TD>25.1528</TD>
    <TD>0.2529</TD>
    <TD>0.43</TD>
  </TR>
  <TR>
    <TD>2544.0</TD>
    <TD>241.2333</TD>
    <TD>55.0527</TD>
    <TD>692.763</TD>
    <TD>1292.162</TD>
    <TD>24.9899</TD>
    <TD>0.2351</TD>
    <TD>23.9107</TD>
    <TD>0.3292</TD>
    <TD>23.9107</TD>
    <TD>0.3292</TD>
    <TD>0.42</TD>
  </TR>
  <TR>
    <TD>2545.0</TD>
    <TD>241.2329</TD>
    <TD>55.04105</TD>
    <TD>821.089</TD>
    <TD>1293.098</TD>
    <TD>24.4362</TD>
    <TD>0.1532</TD>
    <TD>24.6498</TD>
    <TD>0.2785</TD>
    <TD>24.6498</TD>
    <TD>0.2785</TD>
    <TD>0.79</TD>
  </TR>
  <TR>
    <TD>2546.0</TD>
    <TD>241.2348</TD>
    <TD>55.11043</TD>
    <TD>54.665</TD>
    <TD>1290.332</TD>
    <TD>26.0234</TD>
    <TD>0.3974</TD>
    <TD>25.076</TD>
    <TD>0.3281</TD>
    <TD>25.076</TD>
    <TD>0.3281</TD>
    <TD>0.37</TD>
  </TR>
  <TR>
    <TD>2547.0</TD>
    <TD>241.2349</TD>
    <TD>55.11406</TD>
    <TD>14.34</TD>
    <TD>1290.302</TD>
    <TD>26.2037</TD>
    <TD>0.467</TD>
    <TD>25.1864</TD>
    <TD>0.4649</TD>
    <TD>25.1864</TD>
    <TD>0.4649</TD>
    <TD>0.35</TD>
  </TR>
  <TR>
    <TD>2548.0</TD>
    <TD>241.2321</TD>
    <TD>54.99805</TD>
    <TD>1292.979</TD>
    <TD>1291.477</TD>
    <TD>25.6016</TD>
    <TD>0.3122</TD>
    <TD>24.7234</TD>
    <TD>0.3838</TD>
    <TD>24.7234</TD>
    <TD>0.3838</TD>
    <TD>0.37</TD>
  </TR>
  <TR>
    <TD>2549.0</TD>
    <TD>241.2284</TD>
    <TD>55.03517</TD>
    <TD>886.431</TD>
    <TD>1320.501</TD>
    <TD>21.49</TD>
    <TD>0.0358</TD>
    <TD>21.3755</TD>
    <TD>0.0455</TD>
    <TD>21.3755</TD>
    <TD>0.0455</TD>
    <TD>0.01</TD>
  </TR>
  <TR>
    <TD>2550.0</TD>
    <TD>241.2305</TD>
    <TD>54.98863</TD>
    <TD>1396.282</TD>
    <TD>1300.153</TD>
    <TD>24.9016</TD>
    <TD>0.2173</TD>
    <TD>23.9983</TD>
    <TD>0.3254</TD>
    <TD>23.9983</TD>
    <TD>0.3254</TD>
    <TD>0.38</TD>
  </TR>
  <TR>
    <TD>2551.0</TD>
    <TD>241.2331</TD>
    <TD>55.07035</TD>
    <TD>498.288</TD>
    <TD>1295.848</TD>
    <TD>25.0047</TD>
    <TD>0.2382</TD>
    <TD>23.8565</TD>
    <TD>0.289</TD>
    <TD>23.8565</TD>
    <TD>0.289</TD>
    <TD>0.35</TD>
  </TR>
  <TR>
    <TD>2552.0</TD>
    <TD>241.2326</TD>
    <TD>55.03111</TD>
    <TD>930.309</TD>
    <TD>1293.357</TD>
    <TD>25.6081</TD>
    <TD>0.2749</TD>
    <TD>25.5204</TD>
    <TD>0.3514</TD>
    <TD>25.5204</TD>
    <TD>0.3514</TD>
    <TD>0.41</TD>
  </TR>
  <TR>
    <TD>2553.0</TD>
    <TD>241.2325</TD>
    <TD>55.09244</TD>
    <TD>254.362</TD>
    <TD>1302.386</TD>
    <TD>24.7148</TD>
    <TD>0.1959</TD>
    <TD>24.3541</TD>
    <TD>0.2824</TD>
    <TD>24.3541</TD>
    <TD>0.2824</TD>
    <TD>0.49</TD>
  </TR>
  <TR>
    <TD>2554.0</TD>
    <TD>241.2298</TD>
    <TD>54.93157</TD>
    <TD>2018.987</TD>
    <TD>1295.496</TD>
    <TD>25.3364</TD>
    <TD>0.298</TD>
    <TD>24.1555</TD>
    <TD>0.3236</TD>
    <TD>24.1555</TD>
    <TD>0.3236</TD>
    <TD>0.36</TD>
  </TR>
  <TR>
    <TD>2555.0</TD>
    <TD>241.2251</TD>
    <TD>55.07979</TD>
    <TD>395.354</TD>
    <TD>1347.081</TD>
    <TD>21.0729</TD>
    <TD>0.0298</TD>
    <TD>20.9904</TD>
    <TD>0.0482</TD>
    <TD>20.9904</TD>
    <TD>0.0482</TD>
    <TD>0.01</TD>
  </TR>
  <TR>
    <TD>2556.0</TD>
    <TD>241.2334</TD>
    <TD>55.10957</TD>
    <TD>64.388</TD>
    <TD>1299.212</TD>
    <TD>25.3813</TD>
    <TD>0.2847</TD>
    <TD>25.1372</TD>
    <TD>0.8597</TD>
    <TD>25.1372</TD>
    <TD>0.8597</TD>
    <TD>0.45</TD>
  </TR>
  <TR>
    <TD>2557.0</TD>
    <TD>241.222</TD>
    <TD>54.97376</TD>
    <TD>1560.021</TD>
    <TD>1350.822</TD>
    <TD>20.3181</TD>
    <TD>0.0188</TD>
    <TD>20.2672</TD>
    <TD>0.0243</TD>
    <TD>20.2672</TD>
    <TD>0.0243</TD>
    <TD>0.01</TD>
  </TR>
  <TR>
    <TD>2558.0</TD>
    <TD>241.2278</TD>
    <TD>55.08757</TD>
    <TD>309.013</TD>
    <TD>1331.666</TD>
    <TD>20.7554</TD>
    <TD>0.0249</TD>
    <TD>20.6676</TD>
    <TD>0.0341</TD>
    <TD>20.6676</TD>
    <TD>0.0341</TD>
    <TD>0.01</TD>
  </TR>
  <TR>
    <TD>2559.0</TD>
    <TD>241.2295</TD>
    <TD>55.04801</TD>
    <TD>745.024</TD>
    <TD>1315.107</TD>
    <TD>22.7506</TD>
    <TD>0.0802</TD>
    <TD>22.6362</TD>
    <TD>0.1188</TD>
    <TD>22.6362</TD>
    <TD>0.1188</TD>
    <TD>0.0</TD>
  </TR>
  <TR>
    <TD>2560.0</TD>
    <TD>241.2298</TD>
    <TD>55.01847</TD>
    <TD>1069.489</TD>
    <TD>1309.351</TD>
    <TD>23.9614</TD>
    <TD>0.15</TD>
    <TD>22.858</TD>
    <TD>0.2103</TD>
    <TD>22.858</TD>
    <TD>0.2103</TD>
    <TD>0.35</TD>
  </TR>
  <TR>
    <TD>2561.0</TD>
    <TD>241.2286</TD>
    <TD>54.98678</TD>
    <TD>1416.837</TD>
    <TD>1312.047</TD>
    <TD>23.1768</TD>
    <TD>0.0978</TD>
    <TD>23.1415</TD>
    <TD>0.1719</TD>
    <TD>23.1415</TD>
    <TD>0.1719</TD>
    <TD>0.02</TD>
  </TR>
  <TR>
    <TD>2562.0</TD>
    <TD>241.2304</TD>
    <TD>55.06941</TD>
    <TD>509.101</TD>
    <TD>1312.405</TD>
    <TD>23.3688</TD>
    <TD>0.1078</TD>
    <TD>23.31</TD>
    <TD>0.1737</TD>
    <TD>23.31</TD>
    <TD>0.1737</TD>
    <TD>0.0</TD>
  </TR>
  <TR>
    <TD>2563.0</TD>
    <TD>241.2264</TD>
    <TD>55.04873</TD>
    <TD>737.566</TD>
    <TD>1334.739</TD>
    <TD>20.9559</TD>
    <TD>0.0248</TD>
    <TD>20.8701</TD>
    <TD>0.0304</TD>
    <TD>20.8701</TD>
    <TD>0.0304</TD>
    <TD>0.02</TD>
  </TR>
  <TR>
    <TD>2564.0</TD>
    <TD>241.2282</TD>
    <TD>55.00751</TD>
    <TD>1189.895</TD>
    <TD>1317.595</TD>
    <TD>22.9914</TD>
    <TD>0.0945</TD>
    <TD>22.8308</TD>
    <TD>0.1919</TD>
    <TD>22.8308</TD>
    <TD>0.1919</TD>
    <TD>0.01</TD>
  </TR>
  <TR>
    <TD>2565.0</TD>
    <TD>241.2271</TD>
    <TD>54.95668</TD>
    <TD>1745.742</TD>
    <TD>1316.457</TD>
    <TD>23.0549</TD>
    <TD>0.0936</TD>
    <TD>22.8894</TD>
    <TD>0.1522</TD>
    <TD>22.8894</TD>
    <TD>0.1522</TD>
    <TD>0.01</TD>
  </TR>
  <TR>
    <TD>2566.0</TD>
    <TD>241.2324</TD>
    <TD>55.08836</TD>
    <TD>299.506</TD>
    <TD>1302.481</TD>
    <TD>25.4824</TD>
    <TD>0.2808</TD>
    <TD>24.8981</TD>
    <TD>0.4501</TD>
    <TD>24.8981</TD>
    <TD>0.4501</TD>
    <TD>0.44</TD>
  </TR>
  <TR>
    <TD>2567.0</TD>
    <TD>241.2315</TD>
    <TD>55.0762</TD>
    <TD>434.0</TD>
    <TD>1306.969</TD>
    <TD>25.8052</TD>
    <TD>0.3272</TD>
    <TD>25.1945</TD>
    <TD>0.3796</TD>
    <TD>25.1945</TD>
    <TD>0.3796</TD>
    <TD>0.39</TD>
  </TR>
  <TR>
    <TD>2568.0</TD>
    <TD>241.2287</TD>
    <TD>54.96456</TD>
    <TD>1659.51</TD>
    <TD>1307.528</TD>
    <TD>25.586</TD>
    <TD>0.3078</TD>
    <TD>25.3258</TD>
    <TD>0.4114</TD>
    <TD>25.3258</TD>
    <TD>0.4114</TD>
    <TD>0.4</TD>
  </TR>
  <TR>
    <TD>2569.0</TD>
    <TD>241.2305</TD>
    <TD>55.03804</TD>
    <TD>854.518</TD>
    <TD>1307.514</TD>
    <TD>25.5796</TD>
    <TD>0.3061</TD>
    <TD>24.938</TD>
    <TD>0.5461</TD>
    <TD>24.938</TD>
    <TD>0.5461</TD>
    <TD>0.35</TD>
  </TR>
  <TR>
    <TD>2570.0</TD>
    <TD>241.2295</TD>
    <TD>55.00003</TD>
    <TD>1271.683</TD>
    <TD>1308.305</TD>
    <TD>25.8459</TD>
    <TD>0.3392</TD>
    <TD>25.4928</TD>
    <TD>0.3428</TD>
    <TD>25.4928</TD>
    <TD>0.3428</TD>
    <TD>0.38</TD>
  </TR>
  <TR>
    <TD>2571.0</TD>
    <TD>241.2254</TD>
    <TD>55.03658</TD>
    <TD>871.326</TD>
    <TD>1339.363</TD>
    <TD>21.9261</TD>
    <TD>0.0541</TD>
    <TD>21.6925</TD>
    <TD>0.0892</TD>
    <TD>21.6925</TD>
    <TD>0.0892</TD>
    <TD>0.0</TD>
  </TR>
  <TR>
    <TD>2572.0</TD>
    <TD>241.2294</TD>
    <TD>55.03054</TD>
    <TD>937.054</TD>
    <TD>1313.431</TD>
    <TD>24.6802</TD>
    <TD>0.2108</TD>
    <TD>23.4785</TD>
    <TD>0.2631</TD>
    <TD>23.4785</TD>
    <TD>0.2631</TD>
    <TD>0.42</TD>
  </TR>
  <TR>
    <TD>2573.0</TD>
    <TD>241.231</TD>
    <TD>55.09395</TD>
    <TD>237.801</TD>
    <TD>1312.003</TD>
    <TD>25.5082</TD>
    <TD>0.3189</TD>
    <TD>24.7936</TD>
    <TD>0.6189</TD>
    <TD>24.7936</TD>
    <TD>0.6189</TD>
    <TD>0.35</TD>
  </TR>
  <TR>
    <TD>2574.0</TD>
    <TD>241.2301</TD>
    <TD>55.05286</TD>
    <TD>691.562</TD>
    <TD>1312.204</TD>
    <TD>24.5101</TD>
    <TD>0.1894</TD>
    <TD>24.4827</TD>
    <TD>0.2454</TD>
    <TD>24.4827</TD>
    <TD>0.2454</TD>
    <TD>0.45</TD>
  </TR>
  <TR>
    <TD>2575.0</TD>
    <TD>241.2308</TD>
    <TD>55.07524</TD>
    <TD>444.695</TD>
    <TD>1310.668</TD>
    <TD>25.6549</TD>
    <TD>0.2864</TD>
    <TD>25.2898</TD>
    <TD>0.2858</TD>
    <TD>25.2898</TD>
    <TD>0.2858</TD>
    <TD>0.45</TD>
  </TR>
  <TR>
    <TD>2576.0</TD>
    <TD>241.2223</TD>
    <TD>54.94641</TD>
    <TD>1858.45</TD>
    <TD>1344.582</TD>
    <TD>20.6848</TD>
    <TD>0.0205</TD>
    <TD>20.6296</TD>
    <TD>0.026</TD>
    <TD>20.6296</TD>
    <TD>0.026</TD>
    <TD>0.03</TD>
  </TR>
  <TR>
    <TD>2577.0</TD>
    <TD>241.2278</TD>
    <TD>54.96726</TD>
    <TD>1630.242</TD>
    <TD>1314.009</TD>
    <TD>25.6236</TD>
    <TD>0.3183</TD>
    <TD>25.4171</TD>
    <TD>0.6892</TD>
    <TD>25.4171</TD>
    <TD>0.6892</TD>
    <TD>0.39</TD>
  </TR>
  <TR>
    <TD>2578.0</TD>
    <TD>241.2298</TD>
    <TD>55.09614</TD>
    <TD>213.821</TD>
    <TD>1319.95</TD>
    <TD>24.0303</TD>
    <TD>0.1514</TD>
    <TD>23.4141</TD>
    <TD>0.2259</TD>
    <TD>23.4141</TD>
    <TD>0.2259</TD>
    <TD>0.66</TD>
  </TR>
  <TR>
    <TD>2579.0</TD>
    <TD>241.2259</TD>
    <TD>54.99833</TD>
    <TD>1290.802</TD>
    <TD>1330.836</TD>
    <TD>22.364</TD>
    <TD>0.0614</TD>
    <TD>22.2111</TD>
    <TD>0.1045</TD>
    <TD>22.2111</TD>
    <TD>0.1045</TD>
    <TD>0.0</TD>
  </TR>
  <TR>
    <TD>2580.0</TD>
    <TD>241.2295</TD>
    <TD>55.11041</TD>
    <TD>55.75</TD>
    <TD>1323.661</TD>
    <TD>24.2714</TD>
    <TD>0.1878</TD>
    <TD>23.4009</TD>
    <TD>0.2818</TD>
    <TD>23.4009</TD>
    <TD>0.2818</TD>
    <TD>0.05</TD>
  </TR>
  <TR>
    <TD>2581.0</TD>
    <TD>241.2303</TD>
    <TD>55.07108</TD>
    <TD>490.679</TD>
    <TD>1313.364</TD>
    <TD>26.1082</TD>
    <TD>0.4287</TD>
    <TD>25.8271</TD>
    <TD>0.7926</TD>
    <TD>25.8271</TD>
    <TD>0.7926</TD>
    <TD>0.38</TD>
  </TR>
  <TR>
    <TD>2582.0</TD>
    <TD>241.2285</TD>
    <TD>55.00209</TD>
    <TD>1249.196</TD>
    <TD>1314.614</TD>
    <TD>25.5788</TD>
    <TD>0.3397</TD>
    <TD>24.4695</TD>
    <TD>0.4179</TD>
    <TD>24.4695</TD>
    <TD>0.4179</TD>
    <TD>0.37</TD>
  </TR>
  <TR>
    <TD>2583.0</TD>
    <TD>241.2252</TD>
    <TD>55.01924</TD>
    <TD>1061.787</TD>
    <TD>1338.318</TD>
    <TD>22.3023</TD>
    <TD>0.0642</TD>
    <TD>22.0328</TD>
    <TD>0.1043</TD>
    <TD>22.0328</TD>
    <TD>0.1043</TD>
    <TD>0.0</TD>
  </TR>
  <TR>
    <TD>2584.0</TD>
    <TD>241.2284</TD>
    <TD>55.00296</TD>
    <TD>1239.686</TD>
    <TD>1315.684</TD>
    <TD>25.7616</TD>
    <TD>0.3148</TD>
    <TD>24.9452</TD>
    <TD>0.2915</TD>
    <TD>24.9452</TD>
    <TD>0.2915</TD>
    <TD>0.36</TD>
  </TR>
  <TR>
    <TD>2585.0</TD>
    <TD>241.225</TD>
    <TD>55.04991</TD>
    <TD>724.84</TD>
    <TD>1343.661</TD>
    <TD>21.4284</TD>
    <TD>0.037</TD>
    <TD>21.3136</TD>
    <TD>0.0466</TD>
    <TD>21.3136</TD>
    <TD>0.0466</TD>
    <TD>0.01</TD>
  </TR>
  <TR>
    <TD>2586.0</TD>
    <TD>241.2283</TD>
    <TD>55.08593</TD>
    <TD>326.998</TD>
    <TD>1328.09</TD>
    <TD>22.9523</TD>
    <TD>0.062</TD>
    <TD>23.018</TD>
    <TD>0.0998</TD>
    <TD>22.8561</TD>
    <TD>0.0638</TD>
    <TD>0.72</TD>
  </TR>
  <TR>
    <TD>2587.0</TD>
    <TD>241.2268</TD>
    <TD>55.08605</TD>
    <TD>325.914</TD>
    <TD>1337.255</TD>
    <TD>22.7173</TD>
    <TD>0.0599</TD>
    <TD>22.6083</TD>
    <TD>0.0815</TD>
    <TD>22.5914</TD>
    <TD>0.062</TD>
    <TD>0.92</TD>
  </TR>
  <TR>
    <TD>2588.0</TD>
    <TD>241.2287</TD>
    <TD>55.04439</TD>
    <TD>785.0</TD>
    <TD>1320.018</TD>
    <TD>26.4894</TD>
    <TD>0.604</TD>
    <TD>24.746</TD>
    <TD>0.3733</TD>
    <TD>24.746</TD>
    <TD>0.3733</TD>
    <TD>0.35</TD>
  </TR>
  <TR>
    <TD>2589.0</TD>
    <TD>241.2294</TD>
    <TD>55.05698</TD>
    <TD>646.29</TD>
    <TD>1317.302</TD>
    <TD>26.2619</TD>
    <TD>0.4921</TD>
    <TD>25.2617</TD>
    <TD>0.3379</TD>
    <TD>25.2617</TD>
    <TD>0.3379</TD>
    <TD>0.37</TD>
  </TR>
  <TR>
    <TD>2590.0</TD>
    <TD>241.2219</TD>
    <TD>55.06309</TD>
    <TD>580.084</TD>
    <TD>1364.745</TD>
    <TD>23.5727</TD>
    <TD>0.1313</TD>
    <TD>23.3663</TD>
    <TD>0.2093</TD>
    <TD>23.3663</TD>
    <TD>0.2093</TD>
    <TD>0.38</TD>
  </TR>
  <TR>
    <TD>2591.0</TD>
    <TD>241.2263</TD>
    <TD>55.05564</TD>
    <TD>661.484</TD>
    <TD>1336.434</TD>
    <TD>22.9853</TD>
    <TD>0.095</TD>
    <TD>22.6459</TD>
    <TD>0.132</TD>
    <TD>22.6459</TD>
    <TD>0.132</TD>
    <TD>0.01</TD>
  </TR>
  <TR>
    <TD>2592.0</TD>
    <TD>241.2282</TD>
    <TD>55.09026</TD>
    <TD>279.153</TD>
    <TD>1328.979</TD>
    <TD>24.3624</TD>
    <TD>0.1979</TD>
    <TD>23.423</TD>
    <TD>0.2268</TD>
    <TD>23.423</TD>
    <TD>0.2268</TD>
    <TD>0.07</TD>
  </TR>
  <TR>
    <TD>2593.0</TD>
    <TD>241.2265</TD>
    <TD>55.02187</TD>
    <TD>1032.734</TD>
    <TD>1330.36</TD>
    <TD>23.5961</TD>
    <TD>0.1208</TD>
    <TD>23.3268</TD>
    <TD>0.15</TD>
    <TD>23.3268</TD>
    <TD>0.15</TD>
    <TD>0.08</TD>
  </TR>
  <TR>
    <TD>2594.0</TD>
    <TD>241.2274</TD>
    <TD>55.0261</TD>
    <TD>986.128</TD>
    <TD>1325.264</TD>
    <TD>24.9382</TD>
    <TD>0.239</TD>
    <TD>23.662</TD>
    <TD>0.2623</TD>
    <TD>23.662</TD>
    <TD>0.2623</TD>
    <TD>0.32</TD>
  </TR>
  <TR>
    <TD>2595.0</TD>
    <TD>241.2287</TD>
    <TD>55.10877</TD>
    <TD>74.042</TD>
    <TD>1328.193</TD>
    <TD>24.0121</TD>
    <TD>0.1489</TD>
    <TD>23.6599</TD>
    <TD>0.1742</TD>
    <TD>23.6599</TD>
    <TD>0.1742</TD>
    <TD>0.51</TD>
  </TR>
  <TR>
    <TD>2596.0</TD>
    <TD>241.2257</TD>
    <TD>54.9428</TD>
    <TD>1897.266</TD>
    <TD>1322.736</TD>
    <TD>25.843</TD>
    <TD>0.3873</TD>
    <TD>24.1794</TD>
    <TD>0.3333</TD>
    <TD>24.1794</TD>
    <TD>0.3333</TD>
    <TD>0.35</TD>
  </TR>
  <TR>
    <TD>2597.0</TD>
    <TD>241.2245</TD>
    <TD>54.95782</TD>
    <TD>1733.698</TD>
    <TD>1333.11</TD>
    <TD>23.3335</TD>
    <TD>0.1125</TD>
    <TD>22.8646</TD>
    <TD>0.1853</TD>
    <TD>22.8646</TD>
    <TD>0.1853</TD>
    <TD>0.13</TD>
  </TR>
  <TR>
    <TD>2598.0</TD>
    <TD>241.2267</TD>
    <TD>55.08835</TD>
    <TD>300.466</TD>
    <TD>1338.37</TD>
    <TD>22.8751</TD>
    <TD>0.0844</TD>
    <TD>22.4645</TD>
    <TD>0.1267</TD>
    <TD>22.5153</TD>
    <TD>0.0865</TD>
    <TD>0.03</TD>
  </TR>
  <TR>
    <TD>2599.0</TD>
    <TD>241.2181</TD>
    <TD>55.10745</TD>
    <TD>90.476</TD>
    <TD>1394.933</TD>
    <TD>22.6336</TD>
    <TD>0.0816</TD>
    <TD>22.5127</TD>
    <TD>0.1488</TD>
    <TD>22.5127</TD>
    <TD>0.1488</TD>
    <TD>0.0</TD>
  </TR>
  <TR>
    <TD>2600.0</TD>
    <TD>241.2175</TD>
    <TD>55.08645</TD>
    <TD>322.952</TD>
    <TD>1395.671</TD>
    <TD>19.3467</TD>
    <TD>0.0099</TD>
    <TD>19.3211</TD>
    <TD>0.0122</TD>
    <TD>19.3211</TD>
    <TD>0.0122</TD>
    <TD>0.03</TD>
  </TR>
  <TR>
    <TD>2601.0</TD>
    <TD>241.2249</TD>
    <TD>55.00588</TD>
    <TD>1208.227</TD>
    <TD>1337.837</TD>
    <TD>24.039</TD>
    <TD>0.1646</TD>
    <TD>23.2224</TD>
    <TD>0.2214</TD>
    <TD>23.2224</TD>
    <TD>0.2214</TD>
    <TD>0.41</TD>
  </TR>
  <TR>
    <TD>2602.0</TD>
    <TD>241.2267</TD>
    <TD>55.00006</TD>
    <TD>1271.694</TD>
    <TD>1325.607</TD>
    <TD>25.5755</TD>
    <TD>0.2671</TD>
    <TD>25.7662</TD>
    <TD>0.4386</TD>
    <TD>25.7662</TD>
    <TD>0.4386</TD>
    <TD>0.38</TD>
  </TR>
  <TR>
    <TD>2603.0</TD>
    <TD>241.2255</TD>
    <TD>55.08616</TD>
    <TD>324.93</TD>
    <TD>1345.449</TD>
    <TD>22.2325</TD>
    <TD>0.0397</TD>
    <TD>22.2149</TD>
    <TD>0.0543</TD>
    <TD>22.1686</TD>
    <TD>0.0406</TD>
    <TD>0.84</TD>
  </TR>
  <TR>
    <TD>2604.0</TD>
    <TD>241.2217</TD>
    <TD>55.00623</TD>
    <TD>1204.935</TD>
    <TD>1357.917</TD>
    <TD>21.0973</TD>
    <TD>0.0314</TD>
    <TD>21.0468</TD>
    <TD>0.0439</TD>
    <TD>21.0468</TD>
    <TD>0.0439</TD>
    <TD>0.0</TD>
  </TR>
  <TR>
    <TD>2605.0</TD>
    <TD>241.2252</TD>
    <TD>54.96512</TD>
    <TD>1653.981</TD>
    <TD>1329.991</TD>
    <TD>25.1012</TD>
    <TD>0.2596</TD>
    <TD>24.2801</TD>
    <TD>0.3515</TD>
    <TD>24.2801</TD>
    <TD>0.3515</TD>
    <TD>0.35</TD>
  </TR>
  <TR>
    <TD>2606.0</TD>
    <TD>241.2193</TD>
    <TD>55.01362</TD>
    <TD>1124.262</TD>
    <TD>1374.063</TD>
    <TD>22.2228</TD>
    <TD>0.0631</TD>
    <TD>21.6272</TD>
    <TD>0.0969</TD>
    <TD>21.8472</TD>
    <TD>0.0645</TD>
    <TD>0.01</TD>
  </TR>
  <TR>
    <TD>2607.0</TD>
    <TD>241.2177</TD>
    <TD>54.97111</TD>
    <TD>1589.659</TD>
    <TD>1377.782</TD>
    <TD>20.4384</TD>
    <TD>0.0169</TD>
    <TD>20.4158</TD>
    <TD>0.0205</TD>
    <TD>20.4158</TD>
    <TD>0.0205</TD>
    <TD>0.03</TD>
  </TR>
  <TR>
    <TD>2608.0</TD>
    <TD>241.2271</TD>
    <TD>55.10427</TD>
    <TD>124.236</TD>
    <TD>1337.923</TD>
    <TD>23.7924</TD>
    <TD>0.1258</TD>
    <TD>23.4926</TD>
    <TD>0.214</TD>
    <TD>23.4926</TD>
    <TD>0.214</TD>
    <TD>0.6</TD>
  </TR>
  <TR>
    <TD>2609.0</TD>
    <TD>241.2196</TD>
    <TD>54.94433</TD>
    <TD>1881.418</TD>
    <TD>1361.204</TD>
    <TD>20.4507</TD>
    <TD>0.0175</TD>
    <TD>20.418</TD>
    <TD>0.021</TD>
    <TD>20.418</TD>
    <TD>0.021</TD>
    <TD>0.03</TD>
  </TR>
  <TR>
    <TD>2610.0</TD>
    <TD>241.2259</TD>
    <TD>55.11006</TD>
    <TD>60.287</TD>
    <TD>1346.495</TD>
    <TD>23.2428</TD>
    <TD>0.0994</TD>
    <TD>23.0798</TD>
    <TD>0.1492</TD>
    <TD>23.0798</TD>
    <TD>0.1492</TD>
    <TD>0.38</TD>
  </TR>
  <TR>
    <TD>2611.0</TD>
    <TD>241.2217</TD>
    <TD>54.95618</TD>
    <TD>1751.926</TD>
    <TD>1350.073</TD>
    <TD>22.8043</TD>
    <TD>0.0833</TD>
    <TD>22.4809</TD>
    <TD>0.1349</TD>
    <TD>22.4809</TD>
    <TD>0.1349</TD>
    <TD>0.0</TD>
  </TR>
  <TR>
    <TD>2612.0</TD>
    <TD>241.2258</TD>
    <TD>55.02478</TD>
    <TD>1000.851</TD>
    <TD>1334.909</TD>
    <TD>24.8413</TD>
    <TD>0.2192</TD>
    <TD>24.1702</TD>
    <TD>0.3519</TD>
    <TD>24.1702</TD>
    <TD>0.3519</TD>
    <TD>0.48</TD>
  </TR>
  <TR>
    <TD>2613.0</TD>
    <TD>241.2211</TD>
    <TD>55.02346</TD>
    <TD>1016.12</TD>
    <TD>1364.224</TD>
    <TD>20.2434</TD>
    <TD>0.0146</TD>
    <TD>20.2213</TD>
    <TD>0.0173</TD>
    <TD>20.2213</TD>
    <TD>0.0173</TD>
    <TD>0.03</TD>
  </TR>
  <TR>
    <TD>2614.0</TD>
    <TD>241.2237</TD>
    <TD>55.05291</TD>
    <TD>691.983</TD>
    <TD>1352.354</TD>
    <TD>24.0494</TD>
    <TD>0.1452</TD>
    <TD>22.8749</TD>
    <TD>0.1703</TD>
    <TD>23.6857</TD>
    <TD>0.1488</TD>
    <TD>0.39</TD>
  </TR>
  <TR>
    <TD>2615.0</TD>
    <TD>241.2224</TD>
    <TD>55.01781</TD>
    <TD>1077.945</TD>
    <TD>1355.527</TD>
    <TD>23.3967</TD>
    <TD>0.1206</TD>
    <TD>22.4763</TD>
    <TD>0.167</TD>
    <TD>22.4763</TD>
    <TD>0.167</TD>
    <TD>0.01</TD>
  </TR>
  <TR>
    <TD>2616.0</TD>
    <TD>241.2208</TD>
    <TD>54.93902</TD>
    <TD>1939.161</TD>
    <TD>1353.004</TD>
    <TD>24.0695</TD>
    <TD>0.1732</TD>
    <TD>23.6759</TD>
    <TD>0.2981</TD>
    <TD>23.6759</TD>
    <TD>0.2981</TD>
    <TD>0.12</TD>
  </TR>
  <TR>
    <TD>2617.0</TD>
    <TD>241.2232</TD>
    <TD>54.92942</TD>
    <TD>2043.31</TD>
    <TD>1336.316</TD>
    <TD>25.8807</TD>
    <TD>0.3499</TD>
    <TD>25.3848</TD>
    <TD>0.3112</TD>
    <TD>25.3848</TD>
    <TD>0.3112</TD>
    <TD>0.39</TD>
  </TR>
  <TR>
    <TD>2618.0</TD>
    <TD>241.2267</TD>
    <TD>55.07305</TD>
    <TD>469.576</TD>
    <TD>1336.515</TD>
    <TD>25.3167</TD>
    <TD>0.2425</TD>
    <TD>24.9591</TD>
    <TD>0.2952</TD>
    <TD>24.9591</TD>
    <TD>0.2952</TD>
    <TD>0.37</TD>
  </TR>
  <TR>
    <TD>2619.0</TD>
    <TD>241.2264</TD>
    <TD>55.06916</TD>
    <TD>512.488</TD>
    <TD>1337.507</TD>
    <TD>25.6355</TD>
    <TD>0.3217</TD>
    <TD>25.4154</TD>
    <TD>0.846</TD>
    <TD>25.4154</TD>
    <TD>0.846</TD>
    <TD>0.37</TD>
  </TR>
  <TR>
    <TD>2620.0</TD>
    <TD>241.2247</TD>
    <TD>55.09854</TD>
    <TD>188.061</TD>
    <TD>1352.172</TD>
    <TD>24.5428</TD>
    <TD>0.2031</TD>
    <TD>24.1269</TD>
    <TD>0.3247</TD>
    <TD>24.1269</TD>
    <TD>0.3247</TD>
    <TD>0.33</TD>
  </TR>
  <TR>
    <TD>2621.0</TD>
    <TD>241.2231</TD>
    <TD>55.02724</TD>
    <TD>974.349</TD>
    <TD>1352.639</TD>
    <TD>23.6023</TD>
    <TD>0.137</TD>
    <TD>22.784</TD>
    <TD>0.2176</TD>
    <TD>22.784</TD>
    <TD>0.2176</TD>
    <TD>0.4</TD>
  </TR>
  <TR>
    <TD>2622.0</TD>
    <TD>241.2205</TD>
    <TD>54.98878</TD>
    <TD>1396.11</TD>
    <TD>1363.102</TD>
    <TD>23.0028</TD>
    <TD>0.0955</TD>
    <TD>22.6336</TD>
    <TD>0.1268</TD>
    <TD>22.6336</TD>
    <TD>0.1268</TD>
    <TD>0.0</TD>
  </TR>
  <TR>
    <TD>2623.0</TD>
    <TD>241.2247</TD>
    <TD>55.05496</TD>
    <TD>669.246</TD>
    <TD>1346.472</TD>
    <TD>24.0061</TD>
    <TD>0.1521</TD>
    <TD>23.6422</TD>
    <TD>0.2159</TD>
    <TD>23.6422</TD>
    <TD>0.2159</TD>
    <TD>0.64</TD>
  </TR>
  <TR>
    <TD>2624.0</TD>
    <TD>241.2176</TD>
    <TD>55.03548</TD>
    <TD>884.645</TD>
    <TD>1387.694</TD>
    <TD>19.9869</TD>
    <TD>0.0154</TD>
    <TD>19.9489</TD>
    <TD>0.0189</TD>
    <TD>19.9489</TD>
    <TD>0.0189</TD>
    <TD>0.02</TD>
  </TR>
  <TR>
    <TD>2625.0</TD>
    <TD>241.2244</TD>
    <TD>55.08624</TD>
    <TD>324.219</TD>
    <TD>1352.593</TD>
    <TD>22.6105</TD>
    <TD>0.0571</TD>
    <TD>22.4868</TD>
    <TD>0.0652</TD>
    <TD>22.4839</TD>
    <TD>0.0591</TD>
    <TD>0.75</TD>
  </TR>
  <TR>
    <TD>2626.0</TD>
    <TD>241.2236</TD>
    <TD>55.0526</TD>
    <TD>695.426</TD>
    <TD>1352.733</TD>
    <TD>23.6185</TD>
    <TD>0.1302</TD>
    <TD>22.3355</TD>
    <TD>0.1542</TD>
    <TD>22.3355</TD>
    <TD>0.1542</TD>
    <TD>0.6</TD>
  </TR>
  <TR>
    <TD>2627.0</TD>
    <TD>241.2252</TD>
    <TD>55.04103</TD>
    <TD>822.498</TD>
    <TD>1341.489</TD>
    <TD>25.8052</TD>
    <TD>0.3744</TD>
    <TD>24.3792</TD>
    <TD>0.3557</TD>
    <TD>24.3792</TD>
    <TD>0.3557</TD>
    <TD>0.41</TD>
  </TR>
  <TR>
    <TD>2628.0</TD>
    <TD>241.2198</TD>
    <TD>55.01247</TD>
    <TD>1136.835</TD>
    <TD>1370.513</TD>
    <TD>20.9472</TD>
    <TD>0.0241</TD>
    <TD>20.8641</TD>
    <TD>0.0315</TD>
    <TD>20.8641</TD>
    <TD>0.0315</TD>
    <TD>0.03</TD>
  </TR>
  <TR>
    <TD>2629.0</TD>
    <TD>241.223</TD>
    <TD>55.05897</TD>
    <TD>625.328</TD>
    <TD>1357.724</TD>
    <TD>23.4654</TD>
    <TD>0.1212</TD>
    <TD>22.5873</TD>
    <TD>0.1931</TD>
    <TD>22.5873</TD>
    <TD>0.1931</TD>
    <TD>0.05</TD>
  </TR>
  <TR>
    <TD>2630.0</TD>
    <TD>241.2207</TD>
    <TD>54.95699</TD>
    <TD>1743.345</TD>
    <TD>1356.701</TD>
    <TD>23.376</TD>
    <TD>0.1136</TD>
    <TD>22.322</TD>
    <TD>0.145</TD>
    <TD>22.8946</TD>
    <TD>0.1131</TD>
    <TD>0.01</TD>
  </TR>
  <TR>
    <TD>2631.0</TD>
    <TD>241.2244</TD>
    <TD>55.05357</TD>
    <TD>684.632</TD>
    <TD>1347.957</TD>
    <TD>25.3151</TD>
    <TD>0.2924</TD>
    <TD>24.0964</TD>
    <TD>0.3112</TD>
    <TD>24.0964</TD>
    <TD>0.3112</TD>
    <TD>0.35</TD>
  </TR>
  <TR>
    <TD>2632.0</TD>
    <TD>241.2171</TD>
    <TD>55.05794</TD>
    <TD>637.603</TD>
    <TD>1394.146</TD>
    <TD>18.349</TD>
    <TD>0.0046</TD>
    <TD>18.3643</TD>
    <TD>0.0045</TD>
    <TD>18.3643</TD>
    <TD>0.0045</TD>
    <TD>0.03</TD>
  </TR>
  <TR>
    <TD>2633.0</TD>
    <TD>241.2258</TD>
    <TD>55.10211</TD>
    <TD>148.315</TD>
    <TD>1345.676</TD>
    <TD>25.6654</TD>
    <TD>0.2891</TD>
    <TD>25.1877</TD>
    <TD>0.4767</TD>
    <TD>25.1877</TD>
    <TD>0.4767</TD>
    <TD>0.36</TD>
  </TR>
  <TR>
    <TD>2634.0</TD>
    <TD>241.217</TD>
    <TD>54.95758</TD>
    <TD>1737.403</TD>
    <TD>1379.628</TD>
    <TD>21.7064</TD>
    <TD>0.0416</TD>
    <TD>21.5699</TD>
    <TD>0.0626</TD>
    <TD>21.5699</TD>
    <TD>0.0626</TD>
    <TD>0.01</TD>
  </TR>
  <TR>
    <TD>2635.0</TD>
    <TD>241.2199</TD>
    <TD>54.97794</TD>
    <TD>1514.717</TD>
    <TD>1364.832</TD>
    <TD>22.82</TD>
    <TD>0.086</TD>
    <TD>22.3728</TD>
    <TD>0.1124</TD>
    <TD>22.3728</TD>
    <TD>0.1124</TD>
    <TD>0.0</TD>
  </TR>
  <TR>
    <TD>2636.0</TD>
    <TD>241.225</TD>
    <TD>55.06972</TD>
    <TD>506.492</TD>
    <TD>1346.526</TD>
    <TD>25.954</TD>
    <TD>0.4279</TD>
    <TD>24.9108</TD>
    <TD>0.2826</TD>
    <TD>24.9108</TD>
    <TD>0.2826</TD>
    <TD>0.35</TD>
  </TR>
  <TR>
    <TD>2637.0</TD>
    <TD>241.2169</TD>
    <TD>55.06979</TD>
    <TD>507.034</TD>
    <TD>1397.46</TD>
    <TD>18.7668</TD>
    <TD>0.0060</TD>
    <TD>18.7733</TD>
    <TD>0.0060</TD>
    <TD>18.7733</TD>
    <TD>0.0060</TD>
    <TD>0.04</TD>
  </TR>
  <TR>
    <TD>2638.0</TD>
    <TD>241.2225</TD>
    <TD>54.99152</TD>
    <TD>1365.801</TD>
    <TD>1350.993</TD>
    <TD>24.3729</TD>
    <TD>0.1365</TD>
    <TD>24.6186</TD>
    <TD>0.2492</TD>
    <TD>24.6186</TD>
    <TD>0.2492</TD>
    <TD>0.84</TD>
  </TR>
  <TR>
    <TD>2639.0</TD>
    <TD>241.225</TD>
    <TD>55.08384</TD>
    <TD>350.641</TD>
    <TD>1348.286</TD>
    <TD>25.931</TD>
    <TD>0.3659</TD>
    <TD>25.1521</TD>
    <TD>0.428</TD>
    <TD>25.1521</TD>
    <TD>0.428</TD>
    <TD>0.38</TD>
  </TR>
  <TR>
    <TD>2640.0</TD>
    <TD>241.2223</TD>
    <TD>54.97738</TD>
    <TD>1520.506</TD>
    <TD>1349.511</TD>
    <TD>25.7475</TD>
    <TD>0.3555</TD>
    <TD>24.2134</TD>
    <TD>0.3058</TD>
    <TD>24.2134</TD>
    <TD>0.3058</TD>
    <TD>0.46</TD>
  </TR>
  <TR>
    <TD>2641.0</TD>
    <TD>241.2251</TD>
    <TD>55.09715</TD>
    <TD>203.344</TD>
    <TD>1349.337</TD>
    <TD>25.4926</TD>
    <TD>0.2483</TD>
    <TD>24.9498</TD>
    <TD>0.3561</TD>
    <TD>24.9498</TD>
    <TD>0.3561</TD>
    <TD>0.41</TD>
  </TR>
  <TR>
    <TD>2642.0</TD>
    <TD>241.2188</TD>
    <TD>54.93964</TD>
    <TD>1932.65</TD>
    <TD>1365.598</TD>
    <TD>22.9085</TD>
    <TD>0.0869</TD>
    <TD>22.7668</TD>
    <TD>0.1203</TD>
    <TD>22.7668</TD>
    <TD>0.1203</TD>
    <TD>0.18</TD>
  </TR>
  <TR>
    <TD>2643.0</TD>
    <TD>241.2206</TD>
    <TD>54.95246</TD>
    <TD>1792.744</TD>
    <TD>1356.654</TD>
    <TD>24.4253</TD>
    <TD>0.1829</TD>
    <TD>24.1491</TD>
    <TD>0.2377</TD>
    <TD>24.1491</TD>
    <TD>0.2377</TD>
    <TD>0.36</TD>
  </TR>
  <TR>
    <TD>2644.0</TD>
    <TD>241.2234</TD>
    <TD>55.05144</TD>
    <TD>708.283</TD>
    <TD>1353.946</TD>
    <TD>24.4445</TD>
    <TD>0.1709</TD>
    <TD>23.9233</TD>
    <TD>0.2558</TD>
    <TD>23.9233</TD>
    <TD>0.2558</TD>
    <TD>0.59</TD>
  </TR>
  <TR>
    <TD>2645.0</TD>
    <TD>241.2237</TD>
    <TD>55.07307</TD>
    <TD>469.834</TD>
    <TD>1355.26</TD>
    <TD>25.2788</TD>
    <TD>0.2599</TD>
    <TD>25.1099</TD>
    <TD>0.3516</TD>
    <TD>25.1099</TD>
    <TD>0.3516</TD>
    <TD>0.4</TD>
  </TR>
  <TR>
    <TD>2646.0</TD>
    <TD>241.2195</TD>
    <TD>54.97243</TD>
    <TD>1574.943</TD>
    <TD>1366.708</TD>
    <TD>23.5479</TD>
    <TD>0.1304</TD>
    <TD>22.3964</TD>
    <TD>0.1801</TD>
    <TD>22.9103</TD>
    <TD>0.1229</TD>
    <TD>0.01</TD>
  </TR>
  <TR>
    <TD>2647.0</TD>
    <TD>241.2227</TD>
    <TD>55.11496</TD>
    <TD>6.347</TD>
    <TD>1366.625</TD>
    <TD>23.9406</TD>
    <TD>0.1543</TD>
    <TD>23.4766</TD>
    <TD>0.2391</TD>
    <TD>23.4766</TD>
    <TD>0.2391</TD>
    <TD>0.36</TD>
  </TR>
  <TR>
    <TD>2648.0</TD>
    <TD>241.2207</TD>
    <TD>54.93938</TD>
    <TD>1935.234</TD>
    <TD>1353.756</TD>
    <TD>25.0411</TD>
    <TD>0.2461</TD>
    <TD>24.1675</TD>
    <TD>0.3799</TD>
    <TD>24.5453</TD>
    <TD>0.244</TD>
    <TD>0.49</TD>
  </TR>
  <TR>
    <TD>2649.0</TD>
    <TD>241.2199</TD>
    <TD>55.05758</TD>
    <TD>641.204</TD>
    <TD>1376.743</TD>
    <TD>22.157</TD>
    <TD>0.0554</TD>
    <TD>21.8086</TD>
    <TD>0.0907</TD>
    <TD>21.9086</TD>
    <TD>0.0575</TD>
    <TD>0.0</TD>
  </TR>
  <TR>
    <TD>2650.0</TD>
    <TD>241.22</TD>
    <TD>54.97677</TD>
    <TD>1527.512</TD>
    <TD>1364.337</TD>
    <TD>23.4252</TD>
    <TD>0.1115</TD>
    <TD>22.6326</TD>
    <TD>0.1796</TD>
    <TD>22.6326</TD>
    <TD>0.1796</TD>
    <TD>0.65</TD>
  </TR>
  <TR>
    <TD>2651.0</TD>
    <TD>241.2221</TD>
    <TD>55.08857</TD>
    <TD>298.849</TD>
    <TD>1367.174</TD>
    <TD>23.3093</TD>
    <TD>0.1101</TD>
    <TD>22.5744</TD>
    <TD>0.1966</TD>
    <TD>22.5744</TD>
    <TD>0.1966</TD>
    <TD>0.66</TD>
  </TR>
  <TR>
    <TD>2652.0</TD>
    <TD>241.2201</TD>
    <TD>55.02492</TD>
    <TD>1000.278</TD>
    <TD>1370.873</TD>
    <TD>23.8507</TD>
    <TD>0.1516</TD>
    <TD>22.9556</TD>
    <TD>0.178</TD>
    <TD>22.9556</TD>
    <TD>0.178</TD>
    <TD>0.29</TD>
  </TR>
  <TR>
    <TD>2653.0</TD>
    <TD>241.2214</TD>
    <TD>55.02525</TD>
    <TD>996.382</TD>
    <TD>1362.761</TD>
    <TD>24.0368</TD>
    <TD>0.1643</TD>
    <TD>23.6034</TD>
    <TD>0.2717</TD>
    <TD>23.3809</TD>
    <TD>0.1537</TD>
    <TD>0.48</TD>
  </TR>
  <TR>
    <TD>2654.0</TD>
    <TD>241.2198</TD>
    <TD>54.93295</TD>
    <TD>2005.39</TD>
    <TD>1358.2</TD>
    <TD>25.2492</TD>
    <TD>0.2532</TD>
    <TD>24.724</TD>
    <TD>0.3955</TD>
    <TD>24.724</TD>
    <TD>0.3955</TD>
    <TD>0.47</TD>
  </TR>
  <TR>
    <TD>2655.0</TD>
    <TD>241.2195</TD>
    <TD>55.10761</TD>
    <TD>88.465</TD>
    <TD>1386.052</TD>
    <TD>23.021</TD>
    <TD>0.0981</TD>
    <TD>22.585</TD>
    <TD>0.1694</TD>
    <TD>22.5009</TD>
    <TD>0.0965</TD>
    <TD>0.56</TD>
  </TR>
  <TR>
    <TD>2656.0</TD>
    <TD>241.2236</TD>
    <TD>55.10499</TD>
    <TD>116.804</TD>
    <TD>1360.014</TD>
    <TD>24.5501</TD>
    <TD>0.1594</TD>
    <TD>24.8151</TD>
    <TD>0.3065</TD>
    <TD>24.8151</TD>
    <TD>0.3065</TD>
    <TD>0.67</TD>
  </TR>
  <TR>
    <TD>2657.0</TD>
    <TD>241.2174</TD>
    <TD>55.01461</TD>
    <TD>1113.679</TD>
    <TD>1385.954</TD>
    <TD>21.1662</TD>
    <TD>0.03</TD>
    <TD>21.0945</TD>
    <TD>0.0385</TD>
    <TD>21.0945</TD>
    <TD>0.0385</TD>
    <TD>0.01</TD>
  </TR>
  <TR>
    <TD>2658.0</TD>
    <TD>241.2194</TD>
    <TD>55.04735</TD>
    <TD>753.908</TD>
    <TD>1378.617</TD>
    <TD>22.9842</TD>
    <TD>0.0996</TD>
    <TD>22.6818</TD>
    <TD>0.1873</TD>
    <TD>22.6818</TD>
    <TD>0.1873</TD>
    <TD>0.0</TD>
  </TR>
  <TR>
    <TD>2659.0</TD>
    <TD>241.2191</TD>
    <TD>54.99499</TD>
    <TD>1328.409</TD>
    <TD>1372.846</TD>
    <TD>23.1443</TD>
    <TD>0.1072</TD>
    <TD>22.5091</TD>
    <TD>0.1665</TD>
    <TD>22.5091</TD>
    <TD>0.1665</TD>
    <TD>0.03</TD>
  </TR>
  <TR>
    <TD>2660.0</TD>
    <TD>241.2196</TD>
    <TD>55.0519</TD>
    <TD>703.741</TD>
    <TD>1378.007</TD>
    <TD>23.3218</TD>
    <TD>0.1113</TD>
    <TD>22.5514</TD>
    <TD>0.1473</TD>
    <TD>22.5514</TD>
    <TD>0.1473</TD>
    <TD>0.64</TD>
  </TR>
  <TR>
    <TD>2661.0</TD>
    <TD>241.2194</TD>
    <TD>54.94878</TD>
    <TD>1832.965</TD>
    <TD>1363.334</TD>
    <TD>24.4549</TD>
    <TD>0.1878</TD>
    <TD>23.5934</TD>
    <TD>0.3787</TD>
    <TD>23.5934</TD>
    <TD>0.3787</TD>
    <TD>0.31</TD>
  </TR>
  <TR>
    <TD>2662.0</TD>
    <TD>241.2213</TD>
    <TD>55.01933</TD>
    <TD>1061.331</TD>
    <TD>1362.617</TD>
    <TD>24.7562</TD>
    <TD>0.2256</TD>
    <TD>24.4341</TD>
    <TD>0.2993</TD>
    <TD>24.4341</TD>
    <TD>0.2993</TD>
    <TD>0.36</TD>
  </TR>
  <TR>
    <TD>2663.0</TD>
    <TD>241.2199</TD>
    <TD>54.96842</TD>
    <TD>1618.724</TD>
    <TD>1363.675</TD>
    <TD>25.6039</TD>
    <TD>0.3128</TD>
    <TD>24.8799</TD>
    <TD>0.3765</TD>
    <TD>24.8799</TD>
    <TD>0.3765</TD>
    <TD>0.44</TD>
  </TR>
  <TR>
    <TD>2664.0</TD>
    <TD>241.2193</TD>
    <TD>54.95367</TD>
    <TD>1779.745</TD>
    <TD>1364.99</TD>
    <TD>25.7723</TD>
    <TD>0.3635</TD>
    <TD>24.3062</TD>
    <TD>0.2854</TD>
    <TD>24.3062</TD>
    <TD>0.2854</TD>
    <TD>0.36</TD>
  </TR>
  <TR>
    <TD>2665.0</TD>
    <TD>241.2223</TD>
    <TD>55.09218</TD>
    <TD>258.843</TD>
    <TD>1366.142</TD>
    <TD>25.2092</TD>
    <TD>0.266</TD>
    <TD>24.5593</TD>
    <TD>0.25</TD>
    <TD>24.5593</TD>
    <TD>0.25</TD>
    <TD>0.46</TD>
  </TR>
  <TR>
    <TD>2666.0</TD>
    <TD>241.2196</TD>
    <TD>55.06127</TD>
    <TD>600.55</TD>
    <TD>1379.125</TD>
    <TD>23.5649</TD>
    <TD>0.1284</TD>
    <TD>23.0138</TD>
    <TD>0.1721</TD>
    <TD>23.0138</TD>
    <TD>0.1721</TD>
    <TD>0.01</TD>
  </TR>
  <TR>
    <TD>2667.0</TD>
    <TD>241.2202</TD>
    <TD>55.11537</TD>
    <TD>2.246</TD>
    <TD>1382.43</TD>
    <TD>22.7032</TD>
    <TD>0.0636</TD>
    <TD>22.588</TD>
    <TD>0.0767</TD>
    <TD>22.588</TD>
    <TD>0.0767</TD>
    <TD>0.85</TD>
  </TR>
  <TR>
    <TD>2668.0</TD>
    <TD>241.2165</TD>
    <TD>54.95949</TD>
    <TD>1716.627</TD>
    <TD>1382.938</TD>
    <TD>23.1765</TD>
    <TD>0.1092</TD>
    <TD>22.5281</TD>
    <TD>0.1886</TD>
    <TD>22.5281</TD>
    <TD>0.1886</TD>
    <TD>0.27</TD>
  </TR>
  <TR>
    <TD>2669.0</TD>
    <TD>241.2218</TD>
    <TD>55.09841</TD>
    <TD>190.021</TD>
    <TD>1370.324</TD>
    <TD>24.2766</TD>
    <TD>0.1722</TD>
    <TD>23.917</TD>
    <TD>0.3535</TD>
    <TD>23.917</TD>
    <TD>0.3535</TD>
    <TD>0.45</TD>
  </TR>
  <TR>
    <TD>2670.0</TD>
    <TD>241.2201</TD>
    <TD>55.00709</TD>
    <TD>1195.794</TD>
    <TD>1367.979</TD>
    <TD>24.6901</TD>
    <TD>0.1802</TD>
    <TD>24.6448</TD>
    <TD>0.2627</TD>
    <TD>24.6448</TD>
    <TD>0.2627</TD>
    <TD>0.8</TD>
  </TR>
  <TR>
    <TD>2671.0</TD>
    <TD>241.2177</TD>
    <TD>54.96164</TD>
    <TD>1692.948</TD>
    <TD>1375.842</TD>
    <TD>24.4692</TD>
    <TD>0.2113</TD>
    <TD>23.1514</TD>
    <TD>0.2574</TD>
    <TD>23.1514</TD>
    <TD>0.2574</TD>
    <TD>0.07</TD>
  </TR>
  <TR>
    <TD>2672.0</TD>
    <TD>241.2208</TD>
    <TD>55.0196</TD>
    <TD>1058.492</TD>
    <TD>1365.471</TD>
    <TD>25.5674</TD>
    <TD>0.3028</TD>
    <TD>25.038</TD>
    <TD>0.444</TD>
    <TD>25.038</TD>
    <TD>0.444</TD>
    <TD>0.36</TD>
  </TR>
  <TR>
    <TD>2673.0</TD>
    <TD>241.221</TD>
    <TD>55.05409</TD>
    <TD>679.439</TD>
    <TD>1369.216</TD>
    <TD>25.3666</TD>
    <TD>0.281</TD>
    <TD>24.7952</TD>
    <TD>0.3095</TD>
    <TD>24.7952</TD>
    <TD>0.3095</TD>
    <TD>0.42</TD>
  </TR>
  <TR>
    <TD>2674.0</TD>
    <TD>241.2198</TD>
    <TD>54.99086</TD>
    <TD>1373.49</TD>
    <TD>1367.513</TD>
    <TD>25.5066</TD>
    <TD>0.2869</TD>
    <TD>25.0864</TD>
    <TD>0.5346</TD>
    <TD>25.0864</TD>
    <TD>0.5346</TD>
    <TD>0.35</TD>
  </TR>
  <TR>
    <TD>2675.0</TD>
    <TD>241.2119</TD>
    <TD>55.07511</TD>
    <TD>449.155</TD>
    <TD>1428.85</TD>
    <TD>18.3571</TD>
    <TD>0.0047</TD>
    <TD>18.3755</TD>
    <TD>0.0046</TD>
    <TD>18.3755</TD>
    <TD>0.0046</TD>
    <TD>0.04</TD>
  </TR>
  <TR>
    <TD>2676.0</TD>
    <TD>241.2208</TD>
    <TD>55.05592</TD>
    <TD>659.277</TD>
    <TD>1370.874</TD>
    <TD>24.2554</TD>
    <TD>0.1379</TD>
    <TD>24.0141</TD>
    <TD>0.172</TD>
    <TD>24.0141</TD>
    <TD>0.172</TD>
    <TD>0.67</TD>
  </TR>
  <TR>
    <TD>2677.0</TD>
    <TD>241.2184</TD>
    <TD>54.99622</TD>
    <TD>1315.03</TD>
    <TD>1377.351</TD>
    <TD>24.6179</TD>
    <TD>0.2085</TD>
    <TD>24.1537</TD>
    <TD>0.2578</TD>
    <TD>24.1537</TD>
    <TD>0.2578</TD>
    <TD>0.37</TD>
  </TR>
  <TR>
    <TD>2678.0</TD>
    <TD>241.2172</TD>
    <TD>55.0343</TD>
    <TD>897.697</TD>
    <TD>1390.021</TD>
    <TD>22.7911</TD>
    <TD>0.0883</TD>
    <TD>22.2822</TD>
    <TD>0.1306</TD>
    <TD>22.268</TD>
    <TD>0.0868</TD>
    <TD>0.0</TD>
  </TR>
  <TR>
    <TD>2679.0</TD>
    <TD>241.2193</TD>
    <TD>55.07511</TD>
    <TD>447.987</TD>
    <TD>1382.654</TD>
    <TD>23.3055</TD>
    <TD>0.1184</TD>
    <TD>22.7355</TD>
    <TD>0.1702</TD>
    <TD>22.7355</TD>
    <TD>0.1702</TD>
    <TD>0.02</TD>
  </TR>
  <TR>
    <TD>2680.0</TD>
    <TD>241.2201</TD>
    <TD>55.11406</TD>
    <TD>16.771</TD>
    <TD>1383.145</TD>
    <TD>23.9532</TD>
    <TD>0.1525</TD>
    <TD>23.1691</TD>
    <TD>0.2469</TD>
    <TD>23.1691</TD>
    <TD>0.2469</TD>
    <TD>0.35</TD>
  </TR>
  <TR>
    <TD>2681.0</TD>
    <TD>241.218</TD>
    <TD>54.95068</TD>
    <TD>1812.498</TD>
    <TD>1372.506</TD>
    <TD>25.5233</TD>
    <TD>0.2911</TD>
    <TD>24.6316</TD>
    <TD>0.384</TD>
    <TD>24.6316</TD>
    <TD>0.384</TD>
    <TD>0.48</TD>
  </TR>
  <TR>
    <TD>2682.0</TD>
    <TD>241.2175</TD>
    <TD>54.95099</TD>
    <TD>1809.204</TD>
    <TD>1375.744</TD>
    <TD>24.8345</TD>
    <TD>0.2179</TD>
    <TD>24.041</TD>
    <TD>0.2848</TD>
    <TD>24.041</TD>
    <TD>0.2848</TD>
    <TD>0.43</TD>
  </TR>
  <TR>
    <TD>2683.0</TD>
    <TD>241.2206</TD>
    <TD>55.11076</TD>
    <TD>53.29</TD>
    <TD>1379.434</TD>
    <TD>25.0276</TD>
    <TD>0.2431</TD>
    <TD>24.5631</TD>
    <TD>0.356</TD>
    <TD>24.5631</TD>
    <TD>0.356</TD>
    <TD>0.38</TD>
  </TR>
  <TR>
    <TD>2684.0</TD>
    <TD>241.2148</TD>
    <TD>54.93047</TD>
    <TD>2033.142</TD>
    <TD>1389.329</TD>
    <TD>23.6698</TD>
    <TD>0.129</TD>
    <TD>22.8142</TD>
    <TD>0.2014</TD>
    <TD>22.8142</TD>
    <TD>0.2014</TD>
    <TD>0.6</TD>
  </TR>
  <TR>
    <TD>2685.0</TD>
    <TD>241.2181</TD>
    <TD>54.99645</TD>
    <TD>1312.498</TD>
    <TD>1379.074</TD>
    <TD>24.7054</TD>
    <TD>0.2156</TD>
    <TD>23.5799</TD>
    <TD>0.2422</TD>
    <TD>24.1556</TD>
    <TD>0.21</TD>
    <TD>0.35</TD>
  </TR>
  <TR>
    <TD>2686.0</TD>
    <TD>241.2171</TD>
    <TD>54.94913</TD>
    <TD>1829.473</TD>
    <TD>1377.523</TD>
    <TD>25.4212</TD>
    <TD>0.2659</TD>
    <TD>24.6558</TD>
    <TD>0.3608</TD>
    <TD>24.6558</TD>
    <TD>0.3608</TD>
    <TD>0.36</TD>
  </TR>
  <TR>
    <TD>2687.0</TD>
    <TD>241.2165</TD>
    <TD>55.00441</TD>
    <TD>1225.67</TD>
    <TD>1390.155</TD>
    <TD>23.5761</TD>
    <TD>0.1254</TD>
    <TD>23.4028</TD>
    <TD>0.1748</TD>
    <TD>23.4028</TD>
    <TD>0.1748</TD>
    <TD>0.66</TD>
  </TR>
  <TR>
    <TD>2688.0</TD>
    <TD>241.2172</TD>
    <TD>55.00181</TD>
    <TD>1253.987</TD>
    <TD>1385.363</TD>
    <TD>24.1883</TD>
    <TD>0.1791</TD>
    <TD>23.379</TD>
    <TD>0.233</TD>
    <TD>23.379</TD>
    <TD>0.233</TD>
    <TD>0.54</TD>
  </TR>
  <TR>
    <TD>2689.0</TD>
    <TD>241.2136</TD>
    <TD>54.99683</TD>
    <TD>1309.076</TD>
    <TD>1407.134</TD>
    <TD>22.1975</TD>
    <TD>0.0599</TD>
    <TD>21.8579</TD>
    <TD>0.103</TD>
    <TD>21.8579</TD>
    <TD>0.103</TD>
    <TD>0.0</TD>
  </TR>
  <TR>
    <TD>2690.0</TD>
    <TD>241.2117</TD>
    <TD>55.02387</TD>
    <TD>1013.047</TD>
    <TD>1423.232</TD>
    <TD>20.4474</TD>
    <TD>0.0201</TD>
    <TD>20.4012</TD>
    <TD>0.0256</TD>
    <TD>20.4012</TD>
    <TD>0.0256</TD>
    <TD>0.02</TD>
  </TR>
  <TR>
    <TD>2691.0</TD>
    <TD>241.2206</TD>
    <TD>55.10155</TD>
    <TD>155.465</TD>
    <TD>1378.575</TD>
    <TD>25.4235</TD>
    <TD>0.2665</TD>
    <TD>25.0771</TD>
    <TD>0.3284</TD>
    <TD>25.0771</TD>
    <TD>0.3284</TD>
    <TD>0.36</TD>
  </TR>
  <TR>
    <TD>2692.0</TD>
    <TD>241.2204</TD>
    <TD>55.10036</TD>
    <TD>168.624</TD>
    <TD>1379.324</TD>
    <TD>25.7391</TD>
    <TD>0.3086</TD>
    <TD>25.3082</TD>
    <TD>0.2905</TD>
    <TD>25.3082</TD>
    <TD>0.2905</TD>
    <TD>0.37</TD>
  </TR>
  <TR>
    <TD>2693.0</TD>
    <TD>241.2161</TD>
    <TD>55.08223</TD>
    <TD>369.846</TD>
    <TD>1403.788</TD>
    <TD>21.6484</TD>
    <TD>0.0375</TD>
    <TD>21.4541</TD>
    <TD>0.0522</TD>
    <TD>21.4541</TD>
    <TD>0.0522</TD>
    <TD>0.02</TD>
  </TR>
  <TR>
    <TD>2694.0</TD>
    <TD>241.2165</TD>
    <TD>54.98372</TD>
    <TD>1451.977</TD>
    <TD>1386.973</TD>
    <TD>25.7067</TD>
    <TD>0.3428</TD>
    <TD>24.9038</TD>
    <TD>0.3506</TD>
    <TD>24.9038</TD>
    <TD>0.3506</TD>
    <TD>0.35</TD>
  </TR>
  <TR>
    <TD>2695.0</TD>
    <TD>241.2171</TD>
    <TD>55.04088</TD>
    <TD>825.411</TD>
    <TD>1391.739</TD>
    <TD>25.1414</TD>
    <TD>0.2866</TD>
    <TD>24.3749</TD>
    <TD>0.2751</TD>
    <TD>24.3749</TD>
    <TD>0.2751</TD>
    <TD>0.37</TD>
  </TR>
  <TR>
    <TD>2696.0</TD>
    <TD>241.2155</TD>
    <TD>55.06748</TD>
    <TD>532.751</TD>
    <TD>1405.484</TD>
    <TD>22.5051</TD>
    <TD>0.0738</TD>
    <TD>22.0106</TD>
    <TD>0.1199</TD>
    <TD>22.0106</TD>
    <TD>0.1199</TD>
    <TD>0.0</TD>
  </TR>
  <TR>
    <TD>2697.0</TD>
    <TD>241.2157</TD>
    <TD>54.99998</TD>
    <TD>1274.271</TD>
    <TD>1394.716</TD>
    <TD>24.3386</TD>
    <TD>0.1879</TD>
    <TD>23.6919</TD>
    <TD>0.2992</TD>
    <TD>23.6919</TD>
    <TD>0.2992</TD>
    <TD>0.44</TD>
  </TR>
  <TR>
    <TD>2698.0</TD>
    <TD>241.2123</TD>
    <TD>54.98015</TD>
    <TD>1491.666</TD>
    <TD>1412.435</TD>
    <TD>22.1632</TD>
    <TD>0.0619</TD>
    <TD>21.892</TD>
    <TD>0.1133</TD>
    <TD>21.892</TD>
    <TD>0.1133</TD>
    <TD>0.0</TD>
  </TR>
  <TR>
    <TD>2699.0</TD>
    <TD>241.2189</TD>
    <TD>55.09396</TD>
    <TD>239.664</TD>
    <TD>1387.688</TD>
    <TD>26.0327</TD>
    <TD>0.4007</TD>
    <TD>25.0842</TD>
    <TD>0.4631</TD>
    <TD>25.0842</TD>
    <TD>0.4631</TD>
    <TD>0.41</TD>
  </TR>
  <TR>
    <TD>2700.0</TD>
    <TD>241.2155</TD>
    <TD>54.94495</TD>
    <TD>1875.326</TD>
    <TD>1387.321</TD>
    <TD>26.4103</TD>
    <TD>0.5624</TD>
    <TD>24.9868</TD>
    <TD>0.449</TD>
    <TD>24.9868</TD>
    <TD>0.449</TD>
    <TD>0.35</TD>
  </TR>
  <TR>
    <TD>2701.0</TD>
    <TD>241.2178</TD>
    <TD>55.08456</TD>
    <TD>343.846</TD>
    <TD>1393.693</TD>
    <TD>24.5381</TD>
    <TD>0.2023</TD>
    <TD>22.9633</TD>
    <TD>0.2054</TD>
    <TD>22.9633</TD>
    <TD>0.2054</TD>
    <TD>0.49</TD>
  </TR>
  <TR>
    <TD>2702.0</TD>
    <TD>241.2159</TD>
    <TD>55.01816</TD>
    <TD>1075.016</TD>
    <TD>1396.308</TD>
    <TD>23.6253</TD>
    <TD>0.131</TD>
    <TD>23.292</TD>
    <TD>0.1862</TD>
    <TD>23.292</TD>
    <TD>0.1862</TD>
    <TD>0.09</TD>
  </TR>
  <TR>
    <TD>2703.0</TD>
    <TD>241.2121</TD>
    <TD>55.0309</TD>
    <TD>935.747</TD>
    <TD>1421.891</TD>
    <TD>22.8006</TD>
    <TD>0.0853</TD>
    <TD>22.503</TD>
    <TD>0.168</TD>
    <TD>22.503</TD>
    <TD>0.168</TD>
    <TD>0.0</TD>
  </TR>
  <TR>
    <TD>2704.0</TD>
    <TD>241.2129</TD>
    <TD>55.00175</TD>
    <TD>1255.283</TD>
    <TD>1412.268</TD>
    <TD>21.4861</TD>
    <TD>0.0399</TD>
    <TD>21.3212</TD>
    <TD>0.0549</TD>
    <TD>21.3212</TD>
    <TD>0.0549</TD>
    <TD>0.0</TD>
  </TR>
  <TR>
    <TD>2705.0</TD>
    <TD>241.2135</TD>
    <TD>55.02697</TD>
    <TD>978.765</TD>
    <TD>1412.628</TD>
    <TD>22.1955</TD>
    <TD>0.0595</TD>
    <TD>22.0951</TD>
    <TD>0.0814</TD>
    <TD>22.0951</TD>
    <TD>0.0814</TD>
    <TD>0.0</TD>
  </TR>
  <TR>
    <TD>2706.0</TD>
    <TD>241.2176</TD>
    <TD>55.08883</TD>
    <TD>296.664</TD>
    <TD>1395.638</TD>
    <TD>24.4655</TD>
    <TD>0.2038</TD>
    <TD>23.5559</TD>
    <TD>0.3564</TD>
    <TD>23.5559</TD>
    <TD>0.3564</TD>
    <TD>0.38</TD>
  </TR>
  <TR>
    <TD>2707.0</TD>
    <TD>241.2158</TD>
    <TD>54.99415</TD>
    <TD>1338.006</TD>
    <TD>1393.025</TD>
    <TD>24.7057</TD>
    <TD>0.157</TD>
    <TD>25.2046</TD>
    <TD>0.3376</TD>
    <TD>25.2046</TD>
    <TD>0.3376</TD>
    <TD>0.8</TD>
  </TR>
  <TR>
    <TD>2708.0</TD>
    <TD>241.2157</TD>
    <TD>54.97394</TD>
    <TD>1558.964</TD>
    <TD>1390.479</TD>
    <TD>25.7259</TD>
    <TD>0.3488</TD>
    <TD>24.9763</TD>
    <TD>0.4834</TD>
    <TD>24.9763</TD>
    <TD>0.4834</TD>
    <TD>0.44</TD>
  </TR>
  <TR>
    <TD>2709.0</TD>
    <TD>241.2188</TD>
    <TD>55.11241</TD>
    <TD>35.316</TD>
    <TD>1390.641</TD>
    <TD>26.0088</TD>
    <TD>0.3922</TD>
    <TD>24.996</TD>
    <TD>0.4527</TD>
    <TD>24.996</TD>
    <TD>0.4527</TD>
    <TD>0.38</TD>
  </TR>
  <TR>
    <TD>2710.0</TD>
    <TD>241.2101</TD>
    <TD>54.97019</TD>
    <TD>1600.752</TD>
    <TD>1424.915</TD>
    <TD>22.6252</TD>
    <TD>0.0798</TD>
    <TD>22.469</TD>
    <TD>0.1567</TD>
    <TD>22.469</TD>
    <TD>0.1567</TD>
    <TD>0.52</TD>
  </TR>
  <TR>
    <TD>2711.0</TD>
    <TD>241.2148</TD>
    <TD>55.04656</TD>
    <TD>763.309</TD>
    <TD>1406.752</TD>
    <TD>23.4211</TD>
    <TD>0.1182</TD>
    <TD>22.8901</TD>
    <TD>0.125</TD>
    <TD>22.8901</TD>
    <TD>0.125</TD>
    <TD>0.03</TD>
  </TR>
  <TR>
    <TD>2712.0</TD>
    <TD>241.2148</TD>
    <TD>54.95052</TD>
    <TD>1814.684</TD>
    <TD>1392.677</TD>
    <TD>25.6989</TD>
    <TD>0.2978</TD>
    <TD>25.6257</TD>
    <TD>0.3863</TD>
    <TD>25.6257</TD>
    <TD>0.3863</TD>
    <TD>0.42</TD>
  </TR>
  <TR>
    <TD>2713.0</TD>
    <TD>241.1996</TD>
    <TD>55.01308</TD>
    <TD>1133.145</TD>
    <TD>1497.316</TD>
    <TD>15.8367</TD>
    <TD>0.0011</TD>
    <TD>15.8654</TD>
    <TD>0.0010</TD>
    <TD>15.8654</TD>
    <TD>0.0010</TD>
    <TD>0.83</TD>
  </TR>
  <TR>
    <TD>2714.0</TD>
    <TD>241.2148</TD>
    <TD>55.04264</TD>
    <TD>806.39</TD>
    <TD>1406.4</TD>
    <TD>23.6524</TD>
    <TD>0.1318</TD>
    <TD>22.9389</TD>
    <TD>0.1944</TD>
    <TD>22.9389</TD>
    <TD>0.1944</TD>
    <TD>0.66</TD>
  </TR>
  <TR>
    <TD>2715.0</TD>
    <TD>241.213</TD>
    <TD>54.95447</TD>
    <TD>1771.873</TD>
    <TD>1404.46</TD>
    <TD>23.6292</TD>
    <TD>0.1315</TD>
    <TD>23.331</TD>
    <TD>0.2094</TD>
    <TD>23.331</TD>
    <TD>0.2094</TD>
    <TD>0.57</TD>
  </TR>
  <TR>
    <TD>2716.0</TD>
    <TD>241.2152</TD>
    <TD>55.01414</TD>
    <TD>1119.241</TD>
    <TD>1399.505</TD>
    <TD>23.2651</TD>
    <TD>0.0711</TD>
    <TD>23.2781</TD>
    <TD>0.0978</TD>
    <TD>23.2781</TD>
    <TD>0.0978</TD>
    <TD>0.66</TD>
  </TR>
  <TR>
    <TD>2717.0</TD>
    <TD>241.2104</TD>
    <TD>54.93591</TD>
    <TD>1974.527</TD>
    <TD>1417.488</TD>
    <TD>21.8645</TD>
    <TD>0.0465</TD>
    <TD>21.6939</TD>
    <TD>0.0588</TD>
    <TD>21.6939</TD>
    <TD>0.0588</TD>
    <TD>0.0</TD>
  </TR>
  <TR>
    <TD>2718.0</TD>
    <TD>241.2166</TD>
    <TD>55.03843</TD>
    <TD>852.327</TD>
    <TD>1394.319</TD>
    <TD>26.6568</TD>
    <TD>0.7026</TD>
    <TD>25.3446</TD>
    <TD>0.7372</TD>
    <TD>25.3446</TD>
    <TD>0.7372</TD>
    <TD>0.35</TD>
  </TR>
  <TR>
    <TD>2719.0</TD>
    <TD>241.2163</TD>
    <TD>55.11453</TD>
    <TD>12.176</TD>
    <TD>1406.852</TD>
    <TD>23.3004</TD>
    <TD>0.1092</TD>
    <TD>23.0762</TD>
    <TD>0.1705</TD>
    <TD>23.0762</TD>
    <TD>0.1705</TD>
    <TD>0.09</TD>
  </TR>
  <TR>
    <TD>2720.0</TD>
    <TD>241.2133</TD>
    <TD>54.93896</TD>
    <TD>1940.911</TD>
    <TD>1400.018</TD>
    <TD>23.8521</TD>
    <TD>0.0972</TD>
    <TD>23.9034</TD>
    <TD>0.1492</TD>
    <TD>23.9034</TD>
    <TD>0.1492</TD>
    <TD>0.74</TD>
  </TR>
  <TR>
    <TD>2721.0</TD>
    <TD>241.2155</TD>
    <TD>55.02887</TD>
    <TD>957.524</TD>
    <TD>1400.028</TD>
    <TD>25.4759</TD>
    <TD>0.2791</TD>
    <TD>24.9309</TD>
    <TD>0.4709</TD>
    <TD>24.9309</TD>
    <TD>0.4709</TD>
    <TD>0.47</TD>
  </TR>
  <TR>
    <TD>2722.0</TD>
    <TD>241.2136</TD>
    <TD>54.94155</TD>
    <TD>1912.655</TD>
    <TD>1398.31</TD>
    <TD>25.664</TD>
    <TD>0.2887</TD>
    <TD>25.4874</TD>
    <TD>0.3411</TD>
    <TD>25.4874</TD>
    <TD>0.3411</TD>
    <TD>0.41</TD>
  </TR>
  <TR>
    <TD>2723.0</TD>
    <TD>241.2149</TD>
    <TD>54.99307</TD>
    <TD>1350.009</TD>
    <TD>1398.529</TD>
    <TD>25.4395</TD>
    <TD>0.3268</TD>
    <TD>24.6849</TD>
    <TD>0.3471</TD>
    <TD>24.6849</TD>
    <TD>0.3471</TD>
    <TD>0.35</TD>
  </TR>
  <TR>
    <TD>2724.0</TD>
    <TD>241.2138</TD>
    <TD>54.95295</TD>
    <TD>1788.326</TD>
    <TD>1399.316</TD>
    <TD>25.9907</TD>
    <TD>0.386</TD>
    <TD>25.4821</TD>
    <TD>0.5782</TD>
    <TD>25.4821</TD>
    <TD>0.5782</TD>
    <TD>0.36</TD>
  </TR>
  <TR>
    <TD>2725.0</TD>
    <TD>241.2107</TD>
    <TD>54.94895</TD>
    <TD>1832.393</TD>
    <TD>1417.999</TD>
    <TD>22.3588</TD>
    <TD>0.0583</TD>
    <TD>22.1044</TD>
    <TD>0.0946</TD>
    <TD>22.1044</TD>
    <TD>0.0946</TD>
    <TD>0.11</TD>
  </TR>
  <TR>
    <TD>2726.0</TD>
    <TD>241.2169</TD>
    <TD>55.09322</TD>
    <TD>248.251</TD>
    <TD>1400.382</TD>
    <TD>25.2161</TD>
    <TD>0.2458</TD>
    <TD>24.8942</TD>
    <TD>0.2893</TD>
    <TD>24.8942</TD>
    <TD>0.2893</TD>
    <TD>0.45</TD>
  </TR>
  <TR>
    <TD>2727.0</TD>
    <TD>241.215</TD>
    <TD>55.07293</TD>
    <TD>472.727</TD>
    <TD>1409.561</TD>
    <TD>25.1032</TD>
    <TD>0.2601</TD>
    <TD>24.1252</TD>
    <TD>0.3465</TD>
    <TD>24.1252</TD>
    <TD>0.3465</TD>
    <TD>0.46</TD>
  </TR>
  <TR>
    <TD>2728.0</TD>
    <TD>241.2053</TD>
    <TD>54.94734</TD>
    <TD>1850.697</TD>
    <TD>1451.367</TD>
    <TD>21.1139</TD>
    <TD>0.0357</TD>
    <TD>20.9271</TD>
    <TD>0.0513</TD>
    <TD>20.9271</TD>
    <TD>0.0513</TD>
    <TD>0.0</TD>
  </TR>
  <TR>
    <TD>2729.0</TD>
    <TD>241.2055</TD>
    <TD>54.96673</TD>
    <TD>1639.147</TD>
    <TD>1453.212</TD>
    <TD>20.8965</TD>
    <TD>0.0291</TD>
    <TD>20.7997</TD>
    <TD>0.0388</TD>
    <TD>20.7997</TD>
    <TD>0.0388</TD>
    <TD>0.0</TD>
  </TR>
  <TR>
    <TD>2730.0</TD>
    <TD>241.2119</TD>
    <TD>54.96671</TD>
    <TD>1638.473</TD>
    <TD>1413.125</TD>
    <TD>24.1113</TD>
    <TD>0.1486</TD>
    <TD>23.7438</TD>
    <TD>0.3299</TD>
    <TD>23.7438</TD>
    <TD>0.3299</TD>
    <TD>0.37</TD>
  </TR>
  <TR>
    <TD>2731.0</TD>
    <TD>241.2153</TD>
    <TD>55.08859</TD>
    <TD>299.627</TD>
    <TD>1409.581</TD>
    <TD>24.5861</TD>
    <TD>0.2027</TD>
    <TD>23.7108</TD>
    <TD>0.2818</TD>
    <TD>23.7108</TD>
    <TD>0.2818</TD>
    <TD>0.44</TD>
  </TR>
  <TR>
    <TD>2732.0</TD>
    <TD>241.2149</TD>
    <TD>55.1042</TD>
    <TD>127.013</TD>
    <TD>1414.55</TD>
    <TD>23.6085</TD>
    <TD>0.129</TD>
    <TD>23.0591</TD>
    <TD>0.1935</TD>
    <TD>23.0591</TD>
    <TD>0.1935</TD>
    <TD>0.01</TD>
  </TR>
  <TR>
    <TD>2733.0</TD>
    <TD>241.216</TD>
    <TD>55.10045</TD>
    <TD>168.313</TD>
    <TD>1406.664</TD>
    <TD>25.8184</TD>
    <TD>0.3311</TD>
    <TD>25.068</TD>
    <TD>0.3257</TD>
    <TD>25.068</TD>
    <TD>0.3257</TD>
    <TD>0.36</TD>
  </TR>
  <TR>
    <TD>2734.0</TD>
    <TD>241.214</TD>
    <TD>55.04363</TD>
    <TD>795.609</TD>
    <TD>1411.812</TD>
    <TD>25.04</TD>
    <TD>0.2618</TD>
    <TD>23.9304</TD>
    <TD>0.279</TD>
    <TD>23.9304</TD>
    <TD>0.279</TD>
    <TD>0.39</TD>
  </TR>
  <TR>
    <TD>2735.0</TD>
    <TD>241.215</TD>
    <TD>55.07892</TD>
    <TD>406.531</TD>
    <TD>1410.505</TD>
    <TD>25.4814</TD>
    <TD>0.2805</TD>
    <TD>25.0597</TD>
    <TD>0.5217</TD>
    <TD>25.0597</TD>
    <TD>0.5217</TD>
    <TD>0.36</TD>
  </TR>
  <TR>
    <TD>2736.0</TD>
    <TD>241.2144</TD>
    <TD>55.10729</TD>
    <TD>92.859</TD>
    <TD>1417.764</TD>
    <TD>22.4357</TD>
    <TD>0.041</TD>
    <TD>22.4873</TD>
    <TD>0.0535</TD>
    <TD>22.4873</TD>
    <TD>0.0535</TD>
    <TD>0.66</TD>
  </TR>
  <TR>
    <TD>2737.0</TD>
    <TD>241.2123</TD>
    <TD>54.96714</TD>
    <TD>1633.692</TD>
    <TD>1410.675</TD>
    <TD>25.702</TD>
    <TD>0.2986</TD>
    <TD>25.5597</TD>
    <TD>0.3641</TD>
    <TD>25.5597</TD>
    <TD>0.3641</TD>
    <TD>0.37</TD>
  </TR>
  <TR>
    <TD>2738.0</TD>
    <TD>241.2115</TD>
    <TD>54.96545</TD>
    <TD>1652.324</TD>
    <TD>1415.5</TD>
    <TD>24.2415</TD>
    <TD>0.1362</TD>
    <TD>24.4289</TD>
    <TD>0.2338</TD>
    <TD>24.4289</TD>
    <TD>0.2338</TD>
    <TD>0.69</TD>
  </TR>
  <TR>
    <TD>2739.0</TD>
    <TD>241.2074</TD>
    <TD>55.03183</TD>
    <TD>926.307</TD>
    <TD>1451.364</TD>
    <TD>20.383</TD>
    <TD>0.0199</TD>
    <TD>20.312</TD>
    <TD>0.0246</TD>
    <TD>20.312</TD>
    <TD>0.0246</TD>
    <TD>0.01</TD>
  </TR>
  <TR>
    <TD>2740.0</TD>
    <TD>241.2084</TD>
    <TD>54.92954</TD>
    <TD>2044.119</TD>
    <TD>1428.817</TD>
    <TD>22.6739</TD>
    <TD>0.0776</TD>
    <TD>22.5416</TD>
    <TD>0.1034</TD>
    <TD>22.5416</TD>
    <TD>0.1034</TD>
    <TD>0.0</TD>
  </TR>
  <TR>
    <TD>2741.0</TD>
    <TD>241.214</TD>
    <TD>55.04819</TD>
    <TD>745.474</TD>
    <TD>1412.551</TD>
    <TD>25.4399</TD>
    <TD>0.2704</TD>
    <TD>24.5943</TD>
    <TD>0.4205</TD>
    <TD>24.5943</TD>
    <TD>0.4205</TD>
    <TD>0.35</TD>
  </TR>
  <TR>
    <TD>2742.0</TD>
    <TD>241.2129</TD>
    <TD>55.0057</TD>
    <TD>1212.001</TD>
    <TD>1412.738</TD>
    <TD>25.7442</TD>
    <TD>0.3545</TD>
    <TD>24.6911</TD>
    <TD>0.4157</TD>
    <TD>24.6911</TD>
    <TD>0.4157</TD>
    <TD>0.42</TD>
  </TR>
  <TR>
    <TD>2743.0</TD>
    <TD>241.2087</TD>
    <TD>54.96281</TD>
    <TD>1681.501</TD>
    <TD>1432.669</TD>
    <TD>22.2804</TD>
    <TD>0.0613</TD>
    <TD>22.2481</TD>
    <TD>0.1036</TD>
    <TD>22.2481</TD>
    <TD>0.1036</TD>
    <TD>0.0</TD>
  </TR>
  <TR>
    <TD>2744.0</TD>
    <TD>241.211</TD>
    <TD>54.95841</TD>
    <TD>1729.168</TD>
    <TD>1417.366</TD>
    <TD>24.587</TD>
    <TD>0.2113</TD>
    <TD>23.4527</TD>
    <TD>0.2578</TD>
    <TD>23.4527</TD>
    <TD>0.2578</TD>
    <TD>0.5</TD>
  </TR>
  <TR>
    <TD>2745.0</TD>
    <TD>241.211</TD>
    <TD>54.95027</TD>
    <TD>1817.927</TD>
    <TD>1416.112</TD>
    <TD>24.2909</TD>
    <TD>0.1422</TD>
    <TD>24.2125</TD>
    <TD>0.1969</TD>
    <TD>24.2125</TD>
    <TD>0.1969</TD>
    <TD>0.78</TD>
  </TR>
  <TR>
    <TD>2746.0</TD>
    <TD>241.2128</TD>
    <TD>55.00601</TD>
    <TD>1208.618</TD>
    <TD>1413.293</TD>
    <TD>26.0585</TD>
    <TD>0.41</TD>
    <TD>24.8552</TD>
    <TD>0.3759</TD>
    <TD>24.8552</TD>
    <TD>0.3759</TD>
    <TD>0.4</TD>
  </TR>
  <TR>
    <TD>2747.0</TD>
    <TD>241.2093</TD>
    <TD>55.02141</TD>
    <TD>1040.38</TD>
    <TD>1437.98</TD>
    <TD>21.6669</TD>
    <TD>0.0433</TD>
    <TD>21.4801</TD>
    <TD>0.0639</TD>
    <TD>21.4801</TD>
    <TD>0.0639</TD>
    <TD>0.0</TD>
  </TR>
  <TR>
    <TD>2748.0</TD>
    <TD>241.2138</TD>
    <TD>55.064</TD>
    <TD>571.353</TD>
    <TD>1415.657</TD>
    <TD>25.8893</TD>
    <TD>0.3526</TD>
    <TD>26.0651</TD>
    <TD>1.2051</TD>
    <TD>26.0651</TD>
    <TD>1.2051</TD>
    <TD>0.42</TD>
  </TR>
  <TR>
    <TD>2749.0</TD>
    <TD>241.2096</TD>
    <TD>55.04299</TD>
    <TD>803.293</TD>
    <TD>1439.16</TD>
    <TD>22.4668</TD>
    <TD>0.0714</TD>
    <TD>22.1392</TD>
    <TD>0.1087</TD>
    <TD>22.1392</TD>
    <TD>0.1087</TD>
    <TD>0.0</TD>
  </TR>
  <TR>
    <TD>2750.0</TD>
    <TD>241.2119</TD>
    <TD>54.98789</TD>
    <TD>1407.113</TD>
    <TD>1416.451</TD>
    <TD>25.3852</TD>
    <TD>0.3113</TD>
    <TD>23.7364</TD>
    <TD>0.2632</TD>
    <TD>23.7364</TD>
    <TD>0.2632</TD>
    <TD>0.35</TD>
  </TR>
  <TR>
    <TD>2751.0</TD>
    <TD>241.2106</TD>
    <TD>54.95377</TD>
    <TD>1779.844</TD>
    <TD>1419.098</TD>
    <TD>24.6464</TD>
    <TD>0.1844</TD>
    <TD>24.6114</TD>
    <TD>0.269</TD>
    <TD>24.6114</TD>
    <TD>0.269</TD>
    <TD>0.71</TD>
  </TR>
  <TR>
    <TD>2752.0</TD>
    <TD>241.1991</TD>
    <TD>55.10496</TD>
    <TD>121.055</TD>
    <TD>1513.336</TD>
    <TD>17.5301</TD>
    <TD>0.0028</TD>
    <TD>17.5541</TD>
    <TD>0.0026</TD>
    <TD>17.5541</TD>
    <TD>0.0026</TD>
    <TD>0.15</TD>
  </TR>
  <TR>
    <TD>2753.0</TD>
    <TD>241.2108</TD>
    <TD>55.04334</TD>
    <TD>799.312</TD>
    <TD>1431.453</TD>
    <TD>23.7727</TD>
    <TD>0.1468</TD>
    <TD>22.9143</TD>
    <TD>0.2036</TD>
    <TD>23.0864</TD>
    <TD>0.1355</TD>
    <TD>0.61</TD>
  </TR>
  <TR>
    <TD>2754.0</TD>
    <TD>241.2128</TD>
    <TD>55.06296</TD>
    <TD>583.0</TD>
    <TD>1422.074</TD>
    <TD>25.7166</TD>
    <TD>0.3025</TD>
    <TD>25.0172</TD>
    <TD>0.4267</TD>
    <TD>25.0172</TD>
    <TD>0.4267</TD>
    <TD>0.42</TD>
  </TR>
  <TR>
    <TD>2755.0</TD>
    <TD>241.2136</TD>
    <TD>55.10113</TD>
    <TD>161.149</TD>
    <TD>1422.047</TD>
    <TD>24.9082</TD>
    <TD>0.2036</TD>
    <TD>24.5373</TD>
    <TD>0.2451</TD>
    <TD>24.5373</TD>
    <TD>0.2451</TD>
    <TD>0.37</TD>
  </TR>
  <TR>
    <TD>2756.0</TD>
    <TD>241.2067</TD>
    <TD>55.02156</TD>
    <TD>1039.083</TD>
    <TD>1453.995</TD>
    <TD>20.8894</TD>
    <TD>0.0283</TD>
    <TD>20.8073</TD>
    <TD>0.0403</TD>
    <TD>20.8073</TD>
    <TD>0.0403</TD>
    <TD>0.0</TD>
  </TR>
  <TR>
    <TD>2757.0</TD>
    <TD>241.2085</TD>
    <TD>55.00784</TD>
    <TD>1189.277</TD>
    <TD>1440.954</TD>
    <TD>22.3389</TD>
    <TD>0.0671</TD>
    <TD>21.9328</TD>
    <TD>0.1018</TD>
    <TD>21.9328</TD>
    <TD>0.1018</TD>
    <TD>0.01</TD>
  </TR>
  <TR>
    <TD>2758.0</TD>
    <TD>241.2109</TD>
    <TD>54.97321</TD>
    <TD>1567.696</TD>
    <TD>1420.406</TD>
    <TD>25.3355</TD>
    <TD>0.2733</TD>
    <TD>24.5755</TD>
    <TD>0.225</TD>
    <TD>24.5755</TD>
    <TD>0.225</TD>
    <TD>0.45</TD>
  </TR>
  <TR>
    <TD>2759.0</TD>
    <TD>241.2058</TD>
    <TD>54.94194</TD>
    <TD>1909.479</TD>
    <TD>1447.257</TD>
    <TD>22.3044</TD>
    <TD>0.0643</TD>
    <TD>21.9741</TD>
    <TD>0.115</TD>
    <TD>21.9741</TD>
    <TD>0.115</TD>
    <TD>0.0</TD>
  </TR>
  <TR>
    <TD>2760.0</TD>
    <TD>241.2103</TD>
    <TD>55.07713</TD>
    <TD>427.071</TD>
    <TD>1439.161</TD>
    <TD>22.5237</TD>
    <TD>0.074</TD>
    <TD>22.1725</TD>
    <TD>0.1324</TD>
    <TD>22.1725</TD>
    <TD>0.1324</TD>
    <TD>0.0</TD>
  </TR>
  <TR>
    <TD>2761.0</TD>
    <TD>241.2093</TD>
    <TD>55.01572</TD>
    <TD>1102.72</TD>
    <TD>1436.672</TD>
    <TD>22.932</TD>
    <TD>0.0868</TD>
    <TD>22.5314</TD>
    <TD>0.1552</TD>
    <TD>22.5314</TD>
    <TD>0.1552</TD>
    <TD>0.0</TD>
  </TR>
  <TR>
    <TD>2762.0</TD>
    <TD>241.1887</TD>
    <TD>54.99344</TD>
    <TD>1349.7</TD>
    <TD>1562.078</TD>
    <TD>14.5318</TD>
    <TD>6.0E-4</TD>
    <TD>14.5609</TD>
    <TD>5.0E-4</TD>
    <TD>14.5609</TD>
    <TD>5.0E-4</TD>
    <TD>0.92</TD>
  </TR>
  <TR>
    <TD>2763.0</TD>
    <TD>241.2131</TD>
    <TD>55.1054</TD>
    <TD>114.0</TD>
    <TD>1426.021</TD>
    <TD>25.8062</TD>
    <TD>0.3275</TD>
    <TD>24.8834</TD>
    <TD>0.3613</TD>
    <TD>24.8834</TD>
    <TD>0.3613</TD>
    <TD>0.39</TD>
  </TR>
  <TR>
    <TD>2764.0</TD>
    <TD>241.21</TD>
    <TD>55.10459</TD>
    <TD>123.458</TD>
    <TD>1445.069</TD>
    <TD>23.571</TD>
    <TD>0.1291</TD>
    <TD>22.833</TD>
    <TD>0.1725</TD>
    <TD>22.833</TD>
    <TD>0.1725</TD>
    <TD>0.5</TD>
  </TR>
  <TR>
    <TD>2765.0</TD>
    <TD>241.2097</TD>
    <TD>55.01429</TD>
    <TD>1118.404</TD>
    <TD>1434.212</TD>
    <TD>23.4016</TD>
    <TD>0.1055</TD>
    <TD>23.248</TD>
    <TD>0.1539</TD>
    <TD>23.248</TD>
    <TD>0.1539</TD>
    <TD>0.64</TD>
  </TR>
  <TR>
    <TD>2766.0</TD>
    <TD>241.2105</TD>
    <TD>55.00438</TD>
    <TD>1226.818</TD>
    <TD>1427.925</TD>
    <TD>23.3649</TD>
    <TD>0.0821</TD>
    <TD>23.4647</TD>
    <TD>0.1333</TD>
    <TD>23.4647</TD>
    <TD>0.1333</TD>
    <TD>0.67</TD>
  </TR>
  <TR>
    <TD>2767.0</TD>
    <TD>241.2128</TD>
    <TD>55.08926</TD>
    <TD>292.68</TD>
    <TD>1425.651</TD>
    <TD>25.9428</TD>
    <TD>0.3698</TD>
    <TD>25.0714</TD>
    <TD>0.485</TD>
    <TD>25.0714</TD>
    <TD>0.485</TD>
    <TD>0.36</TD>
  </TR>
  <TR>
    <TD>2768.0</TD>
    <TD>241.206</TD>
    <TD>54.93542</TD>
    <TD>1980.439</TD>
    <TD>1444.976</TD>
    <TD>22.2828</TD>
    <TD>0.0606</TD>
    <TD>22.0478</TD>
    <TD>0.075</TD>
    <TD>22.0478</TD>
    <TD>0.075</TD>
    <TD>0.0</TD>
  </TR>
  <TR>
    <TD>2769.0</TD>
    <TD>241.2092</TD>
    <TD>54.94646</TD>
    <TD>1859.675</TD>
    <TD>1426.645</TD>
    <TD>25.945</TD>
    <TD>0.3705</TD>
    <TD>25.3907</TD>
    <TD>0.4363</TD>
    <TD>25.3907</TD>
    <TD>0.4363</TD>
    <TD>0.44</TD>
  </TR>
  <TR>
    <TD>2770.0</TD>
    <TD>241.1985</TD>
    <TD>55.02121</TD>
    <TD>1044.158</TD>
    <TD>1505.005</TD>
    <TD>20.1603</TD>
    <TD>0.0212</TD>
    <TD>20.0361</TD>
    <TD>0.0305</TD>
    <TD>20.0361</TD>
    <TD>0.0305</TD>
    <TD>0.0</TD>
  </TR>
  <TR>
    <TD>2771.0</TD>
    <TD>241.2099</TD>
    <TD>54.97278</TD>
    <TD>1572.509</TD>
    <TD>1426.466</TD>
    <TD>25.4933</TD>
    <TD>0.2835</TD>
    <TD>24.6391</TD>
    <TD>0.3553</TD>
    <TD>24.6391</TD>
    <TD>0.3553</TD>
    <TD>0.46</TD>
  </TR>
  <TR>
    <TD>2772.0</TD>
    <TD>241.2087</TD>
    <TD>54.95986</TD>
    <TD>1713.683</TD>
    <TD>1431.949</TD>
    <TD>25.0038</TD>
    <TD>0.238</TD>
    <TD>23.4953</TD>
    <TD>0.2995</TD>
    <TD>23.4953</TD>
    <TD>0.2995</TD>
    <TD>0.39</TD>
  </TR>
  <TR>
    <TD>2773.0</TD>
    <TD>241.2027</TD>
    <TD>55.03377</TD>
    <TD>905.655</TD>
    <TD>1480.728</TD>
    <TD>20.2998</TD>
    <TD>0.0197</TD>
    <TD>20.2337</TD>
    <TD>0.0249</TD>
    <TD>20.2337</TD>
    <TD>0.0249</TD>
    <TD>0.0</TD>
  </TR>
  <TR>
    <TD>2774.0</TD>
    <TD>241.2095</TD>
    <TD>55.09935</TD>
    <TD>181.523</TD>
    <TD>1447.515</TD>
    <TD>23.4167</TD>
    <TD>0.1106</TD>
    <TD>22.74</TD>
    <TD>0.1984</TD>
    <TD>22.74</TD>
    <TD>0.1984</TD>
    <TD>0.02</TD>
  </TR>
  <TR>
    <TD>2775.0</TD>
    <TD>241.2126</TD>
    <TD>55.10131</TD>
    <TD>159.303</TD>
    <TD>1428.27</TD>
    <TD>25.5355</TD>
    <TD>0.2578</TD>
    <TD>25.5005</TD>
    <TD>0.3962</TD>
    <TD>25.5005</TD>
    <TD>0.3962</TD>
    <TD>0.47</TD>
  </TR>
  <TR>
    <TD>2776.0</TD>
    <TD>241.2109</TD>
    <TD>55.08843</TD>
    <TD>302.202</TD>
    <TD>1437.391</TD>
    <TD>23.9357</TD>
    <TD>0.1536</TD>
    <TD>23.227</TD>
    <TD>0.2805</TD>
    <TD>23.227</TD>
    <TD>0.2805</TD>
    <TD>0.52</TD>
  </TR>
  <TR>
    <TD>2777.0</TD>
    <TD>241.2089</TD>
    <TD>54.98955</TD>
    <TD>1389.366</TD>
    <TD>1435.402</TD>
    <TD>25.3278</TD>
    <TD>0.2715</TD>
    <TD>24.6428</TD>
    <TD>0.4075</TD>
    <TD>24.6428</TD>
    <TD>0.4075</TD>
    <TD>0.38</TD>
  </TR>
  <TR>
    <TD>2778.0</TD>
    <TD>241.2091</TD>
    <TD>54.99682</TD>
    <TD>1309.813</TD>
    <TD>1435.379</TD>
    <TD>23.8333</TD>
    <TD>0.1433</TD>
    <TD>23.197</TD>
    <TD>0.2119</TD>
    <TD>23.197</TD>
    <TD>0.2119</TD>
    <TD>0.49</TD>
  </TR>
  <TR>
    <TD>2779.0</TD>
    <TD>241.2109</TD>
    <TD>55.03868</TD>
    <TD>850.492</TD>
    <TD>1430.525</TD>
    <TD>25.5522</TD>
    <TD>0.2987</TD>
    <TD>25.525</TD>
    <TD>0.493</TD>
    <TD>25.525</TD>
    <TD>0.493</TD>
    <TD>0.38</TD>
  </TR>
  <TR>
    <TD>2780.0</TD>
    <TD>241.2099</TD>
    <TD>55.09389</TD>
    <TD>241.889</TD>
    <TD>1444.448</TD>
    <TD>23.9907</TD>
    <TD>0.1613</TD>
    <TD>23.4625</TD>
    <TD>0.2351</TD>
    <TD>23.4625</TD>
    <TD>0.2351</TD>
    <TD>0.37</TD>
  </TR>
  <TR>
    <TD>2781.0</TD>
    <TD>241.211</TD>
    <TD>55.1034</TD>
    <TD>136.469</TD>
    <TD>1438.784</TD>
    <TD>24.1913</TD>
    <TD>0.1648</TD>
    <TD>23.7364</TD>
    <TD>0.3254</TD>
    <TD>23.7364</TD>
    <TD>0.3254</TD>
    <TD>0.44</TD>
  </TR>
  <TR>
    <TD>2782.0</TD>
    <TD>241.2076</TD>
    <TD>54.94437</TD>
    <TD>1882.76</TD>
    <TD>1436.419</TD>
    <TD>24.0293</TD>
    <TD>0.1288</TD>
    <TD>23.8914</TD>
    <TD>0.1663</TD>
    <TD>23.8914</TD>
    <TD>0.1663</TD>
    <TD>0.73</TD>
  </TR>
  <TR>
    <TD>2783.0</TD>
    <TD>241.2102</TD>
    <TD>55.05169</TD>
    <TD>707.545</TD>
    <TD>1436.778</TD>
    <TD>24.2501</TD>
    <TD>0.1624</TD>
    <TD>23.749</TD>
    <TD>0.2981</TD>
    <TD>23.749</TD>
    <TD>0.2981</TD>
    <TD>0.43</TD>
  </TR>
  <TR>
    <TD>2784.0</TD>
    <TD>241.1988</TD>
    <TD>54.96046</TD>
    <TD>1708.528</TD>
    <TD>1493.837</TD>
    <TD>20.7696</TD>
    <TD>0.0219</TD>
    <TD>20.7446</TD>
    <TD>0.0268</TD>
    <TD>20.7446</TD>
    <TD>0.0268</TD>
    <TD>0.02</TD>
  </TR>
  <TR>
    <TD>2785.0</TD>
    <TD>241.2113</TD>
    <TD>55.09669</TD>
    <TD>210.671</TD>
    <TD>1435.706</TD>
    <TD>25.6888</TD>
    <TD>0.2951</TD>
    <TD>24.6571</TD>
    <TD>0.4409</TD>
    <TD>24.6571</TD>
    <TD>0.4409</TD>
    <TD>0.36</TD>
  </TR>
  <TR>
    <TD>2786.0</TD>
    <TD>241.2052</TD>
    <TD>54.97041</TD>
    <TD>1599.058</TD>
    <TD>1455.371</TD>
    <TD>22.9224</TD>
    <TD>0.0871</TD>
    <TD>22.5971</TD>
    <TD>0.1151</TD>
    <TD>22.5971</TD>
    <TD>0.1151</TD>
    <TD>0.0</TD>
  </TR>
  <TR>
    <TD>2787.0</TD>
    <TD>241.2021</TD>
    <TD>54.94403</TD>
    <TD>1887.226</TD>
    <TD>1470.931</TD>
    <TD>21.2496</TD>
    <TD>0.0336</TD>
    <TD>21.0923</TD>
    <TD>0.0447</TD>
    <TD>21.0923</TD>
    <TD>0.0447</TD>
    <TD>0.01</TD>
  </TR>
  <TR>
    <TD>2788.0</TD>
    <TD>241.209</TD>
    <TD>55.03744</TD>
    <TD>864.374</TD>
    <TD>1441.713</TD>
    <TD>24.9393</TD>
    <TD>0.2392</TD>
    <TD>23.6337</TD>
    <TD>0.2717</TD>
    <TD>23.6337</TD>
    <TD>0.2717</TD>
    <TD>0.49</TD>
  </TR>
  <TR>
    <TD>2789.0</TD>
    <TD>241.2079</TD>
    <TD>54.95611</TD>
    <TD>1754.74</TD>
    <TD>1436.263</TD>
    <TD>25.6633</TD>
    <TD>0.3298</TD>
    <TD>24.3685</TD>
    <TD>0.3932</TD>
    <TD>24.3685</TD>
    <TD>0.3932</TD>
    <TD>0.37</TD>
  </TR>
  <TR>
    <TD>2790.0</TD>
    <TD>241.2061</TD>
    <TD>55.02328</TD>
    <TD>1020.291</TD>
    <TD>1457.974</TD>
    <TD>22.4733</TD>
    <TD>0.0633</TD>
    <TD>22.2967</TD>
    <TD>0.0825</TD>
    <TD>22.2967</TD>
    <TD>0.0825</TD>
    <TD>0.04</TD>
  </TR>
  <TR>
    <TD>2791.0</TD>
    <TD>241.2103</TD>
    <TD>55.05918</TD>
    <TD>624.999</TD>
    <TD>1437.26</TD>
    <TD>25.9928</TD>
    <TD>0.4431</TD>
    <TD>24.995</TD>
    <TD>0.3169</TD>
    <TD>24.995</TD>
    <TD>0.3169</TD>
    <TD>0.35</TD>
  </TR>
  <TR>
    <TD>2792.0</TD>
    <TD>241.2037</TD>
    <TD>54.99545</TD>
    <TD>1325.639</TD>
    <TD>1468.998</TD>
    <TD>22.8356</TD>
    <TD>0.0856</TD>
    <TD>22.2674</TD>
    <TD>0.1335</TD>
    <TD>22.2674</TD>
    <TD>0.1335</TD>
    <TD>0.0</TD>
  </TR>
  <TR>
    <TD>2793.0</TD>
    <TD>241.209</TD>
    <TD>55.0186</TD>
    <TD>1071.267</TD>
    <TD>1439.452</TD>
    <TD>25.1892</TD>
    <TD>0.2809</TD>
    <TD>24.0004</TD>
    <TD>0.3033</TD>
    <TD>24.0004</TD>
    <TD>0.3033</TD>
    <TD>0.35</TD>
  </TR>
  <TR>
    <TD>2794.0</TD>
    <TD>241.208</TD>
    <TD>55.08631</TD>
    <TD>326.059</TD>
    <TD>1454.805</TD>
    <TD>23.3703</TD>
    <TD>0.1162</TD>
    <TD>23.1363</TD>
    <TD>0.1646</TD>
    <TD>23.1363</TD>
    <TD>0.1646</TD>
    <TD>0.0</TD>
  </TR>
  <TR>
    <TD>2795.0</TD>
    <TD>241.2103</TD>
    <TD>55.10214</TD>
    <TD>150.491</TD>
    <TD>1442.965</TD>
    <TD>24.6814</TD>
    <TD>0.211</TD>
    <TD>23.9042</TD>
    <TD>0.3821</TD>
    <TD>23.9042</TD>
    <TD>0.3821</TD>
    <TD>0.48</TD>
  </TR>
  <TR>
    <TD>2796.0</TD>
    <TD>241.2072</TD>
    <TD>54.96979</TD>
    <TD>1605.485</TD>
    <TD>1442.959</TD>
    <TD>25.505</TD>
    <TD>0.2864</TD>
    <TD>24.7894</TD>
    <TD>0.4075</TD>
    <TD>24.7894</TD>
    <TD>0.4075</TD>
    <TD>0.46</TD>
  </TR>
  <TR>
    <TD>2797.0</TD>
    <TD>241.208</TD>
    <TD>55.09041</TD>
    <TD>280.689</TD>
    <TD>1455.327</TD>
    <TD>22.7427</TD>
    <TD>0.0742</TD>
    <TD>22.6692</TD>
    <TD>0.1082</TD>
    <TD>22.6692</TD>
    <TD>0.1082</TD>
    <TD>0.01</TD>
  </TR>
  <TR>
    <TD>2798.0</TD>
    <TD>241.1881</TD>
    <TD>54.99799</TD>
    <TD>1300.073</TD>
    <TD>1566.627</TD>
    <TD>16.0982</TD>
    <TD>0.0013</TD>
    <TD>16.1311</TD>
    <TD>0.0012</TD>
    <TD>16.1311</TD>
    <TD>0.0012</TD>
    <TD>0.58</TD>
  </TR>
  <TR>
    <TD>2799.0</TD>
    <TD>241.2054</TD>
    <TD>55.08223</TD>
    <TD>371.496</TD>
    <TD>1470.992</TD>
    <TD>20.9813</TD>
    <TD>0.0242</TD>
    <TD>20.9274</TD>
    <TD>0.0306</TD>
    <TD>20.9274</TD>
    <TD>0.0306</TD>
    <TD>0.02</TD>
  </TR>
  <TR>
    <TD>2800.0</TD>
    <TD>241.2062</TD>
    <TD>54.93957</TD>
    <TD>1935.202</TD>
    <TD>1444.374</TD>
    <TD>25.3169</TD>
    <TD>0.2688</TD>
    <TD>24.1425</TD>
    <TD>0.3293</TD>
    <TD>24.1425</TD>
    <TD>0.3293</TD>
    <TD>0.47</TD>
  </TR>
  <TR>
    <TD>2801.0</TD>
    <TD>241.2046</TD>
    <TD>54.92975</TD>
    <TD>2042.399</TD>
    <TD>1453.041</TD>
    <TD>23.7395</TD>
    <TD>0.1071</TD>
    <TD>23.7478</TD>
    <TD>0.1698</TD>
    <TD>23.7478</TD>
    <TD>0.1698</TD>
    <TD>0.7</TD>
  </TR>
  <TR>
    <TD>2802.0</TD>
    <TD>241.2099</TD>
    <TD>55.11182</TD>
    <TD>43.326</TD>
    <TD>1446.689</TD>
    <TD>25.9421</TD>
    <TD>0.3696</TD>
    <TD>25.1556</TD>
    <TD>0.3526</TD>
    <TD>25.1556</TD>
    <TD>0.3526</TD>
    <TD>0.35</TD>
  </TR>
  <TR>
    <TD>2803.0</TD>
    <TD>241.2064</TD>
    <TD>54.97688</TD>
    <TD>1528.224</TD>
    <TD>1449.246</TD>
    <TD>25.7643</TD>
    <TD>0.3609</TD>
    <TD>24.7673</TD>
    <TD>0.4402</TD>
    <TD>24.7673</TD>
    <TD>0.4402</TD>
    <TD>0.4</TD>
  </TR>
  <TR>
    <TD>2804.0</TD>
    <TD>241.2011</TD>
    <TD>54.98103</TD>
    <TD>1483.638</TD>
    <TD>1483.129</TD>
    <TD>20.8074</TD>
    <TD>0.0239</TD>
    <TD>20.7273</TD>
    <TD>0.0296</TD>
    <TD>20.7273</TD>
    <TD>0.0296</TD>
    <TD>0.01</TD>
  </TR>
  <TR>
    <TD>2805.0</TD>
    <TD>241.2041</TD>
    <TD>55.06928</TD>
    <TD>514.676</TD>
    <TD>1477.223</TD>
    <TD>22.5882</TD>
    <TD>0.0806</TD>
    <TD>21.851</TD>
    <TD>0.1234</TD>
    <TD>21.851</TD>
    <TD>0.1234</TD>
    <TD>0.03</TD>
  </TR>
  <TR>
    <TD>2806.0</TD>
    <TD>241.2073</TD>
    <TD>55.02556</TD>
    <TD>995.128</TD>
    <TD>1450.769</TD>
    <TD>24.3988</TD>
    <TD>0.1483</TD>
    <TD>24.6221</TD>
    <TD>0.2716</TD>
    <TD>24.6221</TD>
    <TD>0.2716</TD>
    <TD>0.64</TD>
  </TR>
  <TR>
    <TD>2807.0</TD>
    <TD>241.2065</TD>
    <TD>54.99549</TD>
    <TD>1324.698</TD>
    <TD>1451.059</TD>
    <TD>24.8712</TD>
    <TD>0.2616</TD>
    <TD>23.6518</TD>
    <TD>0.2862</TD>
    <TD>23.6518</TD>
    <TD>0.2862</TD>
    <TD>0.39</TD>
  </TR>
  <TR>
    <TD>2808.0</TD>
    <TD>241.205</TD>
    <TD>55.03251</TD>
    <TD>919.154</TD>
    <TD>1466.261</TD>
    <TD>22.825</TD>
    <TD>0.0864</TD>
    <TD>22.3438</TD>
    <TD>0.1552</TD>
    <TD>22.3438</TD>
    <TD>0.1552</TD>
    <TD>0.0</TD>
  </TR>
  <TR>
    <TD>2809.0</TD>
    <TD>241.205</TD>
    <TD>54.98656</TD>
    <TD>1422.687</TD>
    <TD>1459.473</TD>
    <TD>25.0226</TD>
    <TD>0.2253</TD>
    <TD>24.7507</TD>
    <TD>0.509</TD>
    <TD>24.7507</TD>
    <TD>0.509</TD>
    <TD>0.47</TD>
  </TR>
  <TR>
    <TD>2810.0</TD>
    <TD>241.2043</TD>
    <TD>54.94153</TD>
    <TD>1914.101</TD>
    <TD>1456.701</TD>
    <TD>24.4574</TD>
    <TD>0.2091</TD>
    <TD>23.0693</TD>
    <TD>0.2602</TD>
    <TD>23.0693</TD>
    <TD>0.2602</TD>
    <TD>0.38</TD>
  </TR>
  <TR>
    <TD>2811.0</TD>
    <TD>241.2062</TD>
    <TD>54.97779</TD>
    <TD>1518.32</TD>
    <TD>1450.322</TD>
    <TD>26.0318</TD>
    <TD>0.4004</TD>
    <TD>24.6077</TD>
    <TD>0.3557</TD>
    <TD>24.6077</TD>
    <TD>0.3557</TD>
    <TD>0.36</TD>
  </TR>
  <TR>
    <TD>2812.0</TD>
    <TD>241.2065</TD>
    <TD>54.9905</TD>
    <TD>1379.294</TD>
    <TD>1450.348</TD>
    <TD>25.6431</TD>
    <TD>0.2835</TD>
    <TD>25.4905</TD>
    <TD>0.3421</TD>
    <TD>25.4905</TD>
    <TD>0.3421</TD>
    <TD>0.41</TD>
  </TR>
  <TR>
    <TD>2813.0</TD>
    <TD>241.206</TD>
    <TD>55.02778</TD>
    <TD>970.933</TD>
    <TD>1459.319</TD>
    <TD>24.6612</TD>
    <TD>0.2072</TD>
    <TD>24.0342</TD>
    <TD>0.2051</TD>
    <TD>24.0342</TD>
    <TD>0.2051</TD>
    <TD>0.45</TD>
  </TR>
  <TR>
    <TD>2814.0</TD>
    <TD>241.2045</TD>
    <TD>54.93714</TD>
    <TD>1961.863</TD>
    <TD>1454.848</TD>
    <TD>25.3373</TD>
    <TD>0.2982</TD>
    <TD>24.5712</TD>
    <TD>0.3289</TD>
    <TD>24.5712</TD>
    <TD>0.3289</TD>
    <TD>0.48</TD>
  </TR>
  <TR>
    <TD>2815.0</TD>
    <TD>241.2057</TD>
    <TD>54.98274</TD>
    <TD>1464.297</TD>
    <TD>1454.333</TD>
    <TD>25.8123</TD>
    <TD>0.3293</TD>
    <TD>25.3959</TD>
    <TD>0.3143</TD>
    <TD>25.3959</TD>
    <TD>0.3143</TD>
    <TD>0.36</TD>
  </TR>
  <TR>
    <TD>2816.0</TD>
    <TD>241.2078</TD>
    <TD>55.10172</TD>
    <TD>155.585</TD>
    <TD>1458.219</TD>
    <TD>25.3604</TD>
    <TD>0.2795</TD>
    <TD>24.668</TD>
    <TD>0.4407</TD>
    <TD>24.668</TD>
    <TD>0.4407</TD>
    <TD>0.47</TD>
  </TR>
  <TR>
    <TD>2817.0</TD>
    <TD>241.2065</TD>
    <TD>55.02871</TD>
    <TD>960.676</TD>
    <TD>1456.342</TD>
    <TD>26.0981</TD>
    <TD>0.4248</TD>
    <TD>25.3512</TD>
    <TD>0.3019</TD>
    <TD>25.3512</TD>
    <TD>0.3019</TD>
    <TD>0.4</TD>
  </TR>
  <TR>
    <TD>2818.0</TD>
    <TD>241.2064</TD>
    <TD>55.04188</TD>
    <TD>815.991</TD>
    <TD>1458.843</TD>
    <TD>25.2342</TD>
    <TD>0.272</TD>
    <TD>23.6589</TD>
    <TD>0.2722</TD>
    <TD>23.6589</TD>
    <TD>0.2722</TD>
    <TD>0.35</TD>
  </TR>
  <TR>
    <TD>2819.0</TD>
    <TD>241.2066</TD>
    <TD>55.05895</TD>
    <TD>628.183</TD>
    <TD>1459.92</TD>
    <TD>24.7527</TD>
    <TD>0.2249</TD>
    <TD>23.5955</TD>
    <TD>0.2634</TD>
    <TD>23.5955</TD>
    <TD>0.2634</TD>
    <TD>0.46</TD>
  </TR>
  <TR>
    <TD>2820.0</TD>
    <TD>241.2048</TD>
    <TD>54.9753</TD>
    <TD>1545.665</TD>
    <TD>1458.692</TD>
    <TD>25.7143</TD>
    <TD>0.3019</TD>
    <TD>24.9239</TD>
    <TD>0.3478</TD>
    <TD>24.9239</TD>
    <TD>0.3478</TD>
    <TD>0.38</TD>
  </TR>
  <TR>
    <TD>2821.0</TD>
    <TD>241.2041</TD>
    <TD>54.99374</TD>
    <TD>1344.244</TD>
    <TD>1465.851</TD>
    <TD>23.8752</TD>
    <TD>0.1422</TD>
    <TD>23.1988</TD>
    <TD>0.2031</TD>
    <TD>23.1988</TD>
    <TD>0.2031</TD>
    <TD>0.54</TD>
  </TR>
  <TR>
    <TD>2822.0</TD>
    <TD>241.2058</TD>
    <TD>55.10971</TD>
    <TD>67.358</TD>
    <TD>1471.946</TD>
    <TD>23.3347</TD>
    <TD>0.1126</TD>
    <TD>23.1212</TD>
    <TD>0.1729</TD>
    <TD>23.1212</TD>
    <TD>0.1729</TD>
    <TD>0.0</TD>
  </TR>
  <TR>
    <TD>2823.0</TD>
    <TD>241.2038</TD>
    <TD>54.95671</TD>
    <TD>1748.747</TD>
    <TD>1462.157</TD>
    <TD>24.6088</TD>
    <TD>0.1784</TD>
    <TD>24.4243</TD>
    <TD>0.349</TD>
    <TD>24.4243</TD>
    <TD>0.349</TD>
    <TD>0.54</TD>
  </TR>
  <TR>
    <TD>2824.0</TD>
    <TD>241.203</TD>
    <TD>55.06561</TD>
    <TD>555.269</TD>
    <TD>1483.414</TD>
    <TD>21.3355</TD>
    <TD>0.0314</TD>
    <TD>21.2652</TD>
    <TD>0.0406</TD>
    <TD>21.2652</TD>
    <TD>0.0406</TD>
    <TD>0.01</TD>
  </TR>
  <TR>
    <TD>2825.0</TD>
    <TD>241.2039</TD>
    <TD>54.96087</TD>
    <TD>1703.349</TD>
    <TD>1462.309</TD>
    <TD>26.089</TD>
    <TD>0.4214</TD>
    <TD>24.8417</TD>
    <TD>0.4771</TD>
    <TD>24.8417</TD>
    <TD>0.4771</TD>
    <TD>0.36</TD>
  </TR>
  <TR>
    <TD>2826.0</TD>
    <TD>241.207</TD>
    <TD>55.10158</TD>
    <TD>157.304</TD>
    <TD>1463.673</TD>
    <TD>25.7713</TD>
    <TD>0.3175</TD>
    <TD>25.4858</TD>
    <TD>0.3407</TD>
    <TD>25.4858</TD>
    <TD>0.3407</TD>
    <TD>0.4</TD>
  </TR>
  <TR>
    <TD>2827.0</TD>
    <TD>241.2059</TD>
    <TD>55.07718</TD>
    <TD>427.223</TD>
    <TD>1466.772</TD>
    <TD>24.3322</TD>
    <TD>0.1548</TD>
    <TD>24.0884</TD>
    <TD>0.195</TD>
    <TD>24.0884</TD>
    <TD>0.195</TD>
    <TD>0.47</TD>
  </TR>
  <TR>
    <TD>2828.0</TD>
    <TD>241.2049</TD>
    <TD>55.01634</TD>
    <TD>1096.66</TD>
    <TD>1464.304</TD>
    <TD>25.781</TD>
    <TD>0.3203</TD>
    <TD>25.2435</TD>
    <TD>0.3818</TD>
    <TD>25.2435</TD>
    <TD>0.3818</TD>
    <TD>0.42</TD>
  </TR>
  <TR>
    <TD>2829.0</TD>
    <TD>241.202</TD>
    <TD>54.96131</TD>
    <TD>1698.78</TD>
    <TD>1474.079</TD>
    <TD>24.465</TD>
    <TD>0.1967</TD>
    <TD>23.2919</TD>
    <TD>0.2757</TD>
    <TD>23.2919</TD>
    <TD>0.2757</TD>
    <TD>0.41</TD>
  </TR>
  <TR>
    <TD>2830.0</TD>
    <TD>241.2041</TD>
    <TD>55.05539</TD>
    <TD>667.749</TD>
    <TD>1475.01</TD>
    <TD>25.0365</TD>
    <TD>0.2451</TD>
    <TD>25.0746</TD>
    <TD>0.3406</TD>
    <TD>25.0746</TD>
    <TD>0.3406</TD>
    <TD>0.36</TD>
  </TR>
  <TR>
    <TD>2831.0</TD>
    <TD>241.2055</TD>
    <TD>55.06946</TD>
    <TD>512.497</TD>
    <TD>1468.475</TD>
    <TD>25.046</TD>
    <TD>0.23</TD>
    <TD>23.3247</TD>
    <TD>0.1799</TD>
    <TD>23.3247</TD>
    <TD>0.1799</TD>
    <TD>0.48</TD>
  </TR>
  <TR>
    <TD>2832.0</TD>
    <TD>241.2015</TD>
    <TD>55.02455</TD>
    <TD>1007.101</TD>
    <TD>1486.971</TD>
    <TD>22.3008</TD>
    <TD>0.0563</TD>
    <TD>22.1545</TD>
    <TD>0.0751</TD>
    <TD>22.1545</TD>
    <TD>0.0751</TD>
    <TD>0.0</TD>
  </TR>
  <TR>
    <TD>2833.0</TD>
    <TD>241.2055</TD>
    <TD>55.06064</TD>
    <TD>609.653</TD>
    <TD>1467.303</TD>
    <TD>25.8242</TD>
    <TD>0.3328</TD>
    <TD>25.0244</TD>
    <TD>0.5911</TD>
    <TD>25.0244</TD>
    <TD>0.5911</TD>
    <TD>0.43</TD>
  </TR>
  <TR>
    <TD>2834.0</TD>
    <TD>241.1923</TD>
    <TD>54.94625</TD>
    <TD>1864.347</TD>
    <TD>1532.59</TD>
    <TD>22.9186</TD>
    <TD>0.0895</TD>
    <TD>22.641</TD>
    <TD>0.1661</TD>
    <TD>22.641</TD>
    <TD>0.1661</TD>
    <TD>0.0</TD>
  </TR>
  <TR>
    <TD>2835.0</TD>
    <TD>241.202</TD>
    <TD>54.97154</TD>
    <TD>1587.21</TD>
    <TD>1476.026</TD>
    <TD>24.7485</TD>
    <TD>0.224</TD>
    <TD>23.7867</TD>
    <TD>0.3912</TD>
    <TD>23.7867</TD>
    <TD>0.3912</TD>
    <TD>0.36</TD>
  </TR>
  <TR>
    <TD>2836.0</TD>
    <TD>241.1999</TD>
    <TD>55.1006</TD>
    <TD>169.214</TD>
    <TD>1507.509</TD>
    <TD>22.2385</TD>
    <TD>0.0633</TD>
    <TD>22.0351</TD>
    <TD>0.1053</TD>
    <TD>22.0351</TD>
    <TD>0.1053</TD>
    <TD>0.0</TD>
  </TR>
  <TR>
    <TD>2837.0</TD>
    <TD>241.2041</TD>
    <TD>55.02067</TD>
    <TD>1049.271</TD>
    <TD>1470.32</TD>
    <TD>25.544</TD>
    <TD>0.2598</TD>
    <TD>25.3757</TD>
    <TD>0.3321</TD>
    <TD>25.3757</TD>
    <TD>0.3321</TD>
    <TD>0.36</TD>
  </TR>
  <TR>
    <TD>2838.0</TD>
    <TD>241.1895</TD>
    <TD>54.92982</TD>
    <TD>2043.598</TD>
    <TD>1547.164</TD>
    <TD>19.5952</TD>
    <TD>0.0122</TD>
    <TD>19.5661</TD>
    <TD>0.0149</TD>
    <TD>19.5661</TD>
    <TD>0.0149</TD>
    <TD>0.02</TD>
  </TR>
  <TR>
    <TD>2839.0</TD>
    <TD>241.2018</TD>
    <TD>54.93077</TD>
    <TD>2031.665</TD>
    <TD>1470.655</TD>
    <TD>25.8591</TD>
    <TD>0.3433</TD>
    <TD>25.8629</TD>
    <TD>0.819</TD>
    <TD>25.8629</TD>
    <TD>0.819</TD>
    <TD>0.41</TD>
  </TR>
  <TR>
    <TD>2840.0</TD>
    <TD>241.1902</TD>
    <TD>54.9312</TD>
    <TD>2028.489</TD>
    <TD>1542.912</TD>
    <TD>22.4043</TD>
    <TD>0.0711</TD>
    <TD>22.1134</TD>
    <TD>0.1027</TD>
    <TD>21.9645</TD>
    <TD>0.0717</TD>
    <TD>0.0</TD>
  </TR>
  <TR>
    <TD>2841.0</TD>
    <TD>241.2004</TD>
    <TD>54.96289</TD>
    <TD>1681.851</TD>
    <TD>1484.068</TD>
    <TD>23.6611</TD>
    <TD>0.1305</TD>
    <TD>23.0877</TD>
    <TD>0.2079</TD>
    <TD>23.0877</TD>
    <TD>0.2079</TD>
    <TD>0.55</TD>
  </TR>
  <TR>
    <TD>2842.0</TD>
    <TD>241.2048</TD>
    <TD>55.09105</TD>
    <TD>274.191</TD>
    <TD>1475.993</TD>
    <TD>24.6754</TD>
    <TD>0.1892</TD>
    <TD>24.4545</TD>
    <TD>0.2392</TD>
    <TD>24.4545</TD>
    <TD>0.2392</TD>
    <TD>0.56</TD>
  </TR>
  <TR>
    <TD>2843.0</TD>
    <TD>241.2049</TD>
    <TD>55.07909</TD>
    <TD>406.315</TD>
    <TD>1473.691</TD>
    <TD>25.582</TD>
    <TD>0.2686</TD>
    <TD>26.0732</TD>
    <TD>0.5791</TD>
    <TD>26.0732</TD>
    <TD>0.5791</TD>
    <TD>0.43</TD>
  </TR>
  <TR>
    <TD>2844.0</TD>
    <TD>241.2044</TD>
    <TD>55.04509</TD>
    <TD>781.0</TD>
    <TD>1472.0</TD>
    <TD>25.6211</TD>
    <TD>0.278</TD>
    <TD>25.3006</TD>
    <TD>0.3104</TD>
    <TD>25.3006</TD>
    <TD>0.3104</TD>
    <TD>0.37</TD>
  </TR>
  <TR>
    <TD>2845.0</TD>
    <TD>241.2012</TD>
    <TD>54.95683</TD>
    <TD>1747.767</TD>
    <TD>1478.198</TD>
    <TD>24.9161</TD>
    <TD>0.2343</TD>
    <TD>24.1212</TD>
    <TD>0.3453</TD>
    <TD>24.1212</TD>
    <TD>0.3453</TD>
    <TD>0.48</TD>
  </TR>
  <TR>
    <TD>2846.0</TD>
    <TD>241.2014</TD>
    <TD>55.02706</TD>
    <TD>979.536</TD>
    <TD>1488.253</TD>
    <TD>22.9418</TD>
    <TD>0.0856</TD>
    <TD>22.8078</TD>
    <TD>0.1183</TD>
    <TD>22.8078</TD>
    <TD>0.1183</TD>
    <TD>0.15</TD>
  </TR>
  <TR>
    <TD>2847.0</TD>
    <TD>241.2029</TD>
    <TD>55.00925</TD>
    <TD>1174.673</TD>
    <TD>1475.711</TD>
    <TD>25.739</TD>
    <TD>0.3086</TD>
    <TD>24.6749</TD>
    <TD>0.389</TD>
    <TD>24.6749</TD>
    <TD>0.389</TD>
    <TD>0.37</TD>
  </TR>
  <TR>
    <TD>2848.0</TD>
    <TD>241.2002</TD>
    <TD>54.93852</TD>
    <TD>1947.519</TD>
    <TD>1481.513</TD>
    <TD>25.0071</TD>
    <TD>0.2542</TD>
    <TD>24.6127</TD>
    <TD>0.3774</TD>
    <TD>24.6127</TD>
    <TD>0.3774</TD>
    <TD>0.17</TD>
  </TR>
  <TR>
    <TD>2849.0</TD>
    <TD>241.1972</TD>
    <TD>55.00593</TD>
    <TD>1211.867</TD>
    <TD>1511.112</TD>
    <TD>21.4105</TD>
    <TD>0.037</TD>
    <TD>21.3025</TD>
    <TD>0.0571</TD>
    <TD>21.3025</TD>
    <TD>0.0571</TD>
    <TD>0.0</TD>
  </TR>
  <TR>
    <TD>2850.0</TD>
    <TD>241.1995</TD>
    <TD>55.03724</TD>
    <TD>868.036</TD>
    <TD>1501.093</TD>
    <TD>22.1735</TD>
    <TD>0.058</TD>
    <TD>21.969</TD>
    <TD>0.0752</TD>
    <TD>21.969</TD>
    <TD>0.0752</TD>
    <TD>0.01</TD>
  </TR>
  <TR>
    <TD>2851.0</TD>
    <TD>241.202</TD>
    <TD>54.99631</TD>
    <TD>1316.474</TD>
    <TD>1479.486</TD>
    <TD>25.5576</TD>
    <TD>0.3002</TD>
    <TD>25.1263</TD>
    <TD>0.3434</TD>
    <TD>25.1263</TD>
    <TD>0.3434</TD>
    <TD>0.36</TD>
  </TR>
  <TR>
    <TD>2852.0</TD>
    <TD>241.2006</TD>
    <TD>54.95683</TD>
    <TD>1747.932</TD>
    <TD>1482.168</TD>
    <TD>24.6897</TD>
    <TD>0.2024</TD>
    <TD>24.0261</TD>
    <TD>0.3793</TD>
    <TD>24.0261</TD>
    <TD>0.3793</TD>
    <TD>0.48</TD>
  </TR>
  <TR>
    <TD>2853.0</TD>
    <TD>241.1904</TD>
    <TD>55.09241</TD>
    <TD>261.375</TD>
    <TD>1566.022</TD>
    <TD>21.0252</TD>
    <TD>0.0302</TD>
    <TD>20.8969</TD>
    <TD>0.0458</TD>
    <TD>20.8969</TD>
    <TD>0.0458</TD>
    <TD>0.0</TD>
  </TR>
  <TR>
    <TD>2854.0</TD>
    <TD>241.2042</TD>
    <TD>55.09616</TD>
    <TD>217.662</TD>
    <TD>1480.359</TD>
    <TD>25.7712</TD>
    <TD>0.3175</TD>
    <TD>25.0083</TD>
    <TD>0.3086</TD>
    <TD>25.0083</TD>
    <TD>0.3086</TD>
    <TD>0.38</TD>
  </TR>
  <TR>
    <TD>2855.0</TD>
    <TD>241.2003</TD>
    <TD>54.93521</TD>
    <TD>1983.515</TD>
    <TD>1480.494</TD>
    <TD>25.9772</TD>
    <TD>0.4369</TD>
    <TD>25.2935</TD>
    <TD>0.5607</TD>
    <TD>25.2935</TD>
    <TD>0.5607</TD>
    <TD>0.4</TD>
  </TR>
  <TR>
    <TD>2856.0</TD>
    <TD>241.197</TD>
    <TD>55.01576</TD>
    <TD>1104.092</TD>
    <TD>1513.748</TD>
    <TD>23.4343</TD>
    <TD>0.1161</TD>
    <TD>23.1524</TD>
    <TD>0.2245</TD>
    <TD>23.1524</TD>
    <TD>0.2245</TD>
    <TD>0.54</TD>
  </TR>
  <TR>
    <TD>2857.0</TD>
    <TD>241.202</TD>
    <TD>55.11302</TD>
    <TD>31.237</TD>
    <TD>1496.041</TD>
    <TD>24.815</TD>
    <TD>0.2141</TD>
    <TD>24.3122</TD>
    <TD>0.2474</TD>
    <TD>24.3122</TD>
    <TD>0.2474</TD>
    <TD>0.42</TD>
  </TR>
  <TR>
    <TD>2858.0</TD>
    <TD>241.2012</TD>
    <TD>54.98834</TD>
    <TD>1403.719</TD>
    <TD>1483.312</TD>
    <TD>25.8986</TD>
    <TD>0.3555</TD>
    <TD>25.2655</TD>
    <TD>0.4873</TD>
    <TD>25.2655</TD>
    <TD>0.4873</TD>
    <TD>0.36</TD>
  </TR>
  <TR>
    <TD>2859.0</TD>
    <TD>241.2012</TD>
    <TD>55.02291</TD>
    <TD>1025.127</TD>
    <TD>1488.585</TD>
    <TD>23.9449</TD>
    <TD>0.1478</TD>
    <TD>22.9185</TD>
    <TD>0.2004</TD>
    <TD>22.9185</TD>
    <TD>0.2004</TD>
    <TD>0.42</TD>
  </TR>
  <TR>
    <TD>2860.0</TD>
    <TD>241.202</TD>
    <TD>55.08691</TD>
    <TD>320.3</TD>
    <TD>1492.974</TD>
    <TD>24.236</TD>
    <TD>0.1768</TD>
    <TD>23.2166</TD>
    <TD>0.2247</TD>
    <TD>23.2166</TD>
    <TD>0.2247</TD>
    <TD>0.59</TD>
  </TR>
  <TR>
    <TD>2861.0</TD>
    <TD>241.1999</TD>
    <TD>54.98302</TD>
    <TD>1462.102</TD>
    <TD>1490.373</TD>
    <TD>24.9157</TD>
    <TD>0.2476</TD>
    <TD>23.6574</TD>
    <TD>0.2931</TD>
    <TD>23.6574</TD>
    <TD>0.2931</TD>
    <TD>0.48</TD>
  </TR>
  <TR>
    <TD>2862.0</TD>
    <TD>241.2021</TD>
    <TD>55.04089</TD>
    <TD>827.503</TD>
    <TD>1485.48</TD>
    <TD>25.3948</TD>
    <TD>0.2598</TD>
    <TD>25.5471</TD>
    <TD>0.503</TD>
    <TD>25.5471</TD>
    <TD>0.503</TD>
    <TD>0.47</TD>
  </TR>
  <TR>
    <TD>2863.0</TD>
    <TD>241.2009</TD>
    <TD>55.07505</TD>
    <TD>451.489</TD>
    <TD>1497.871</TD>
    <TD>23.1191</TD>
    <TD>0.1026</TD>
    <TD>22.0711</TD>
    <TD>0.1328</TD>
    <TD>22.0711</TD>
    <TD>0.1328</TD>
    <TD>0.02</TD>
  </TR>
  <TR>
    <TD>2864.0</TD>
    <TD>241.2036</TD>
    <TD>55.10962</TD>
    <TD>68.682</TD>
    <TD>1485.665</TD>
    <TD>25.7796</TD>
    <TD>0.3198</TD>
    <TD>25.0493</TD>
    <TD>0.4103</TD>
    <TD>25.0493</TD>
    <TD>0.4103</TD>
    <TD>0.42</TD>
  </TR>
  <TR>
    <TD>2865.0</TD>
    <TD>241.1976</TD>
    <TD>55.11074</TD>
    <TD>57.287</TD>
    <TD>1523.556</TD>
    <TD>20.6619</TD>
    <TD>0.0223</TD>
    <TD>20.6221</TD>
    <TD>0.0318</TD>
    <TD>20.6221</TD>
    <TD>0.0318</TD>
    <TD>0.02</TD>
  </TR>
  <TR>
    <TD>2866.0</TD>
    <TD>241.1986</TD>
    <TD>54.98744</TD>
    <TD>1413.971</TD>
    <TD>1499.166</TD>
    <TD>23.2692</TD>
    <TD>0.1091</TD>
    <TD>22.9112</TD>
    <TD>0.1896</TD>
    <TD>22.9112</TD>
    <TD>0.1896</TD>
    <TD>0.34</TD>
  </TR>
  <TR>
    <TD>2867.0</TD>
    <TD>241.2026</TD>
    <TD>55.10866</TD>
    <TD>79.554</TD>
    <TD>1491.635</TD>
    <TD>24.7135</TD>
    <TD>0.2067</TD>
    <TD>24.4585</TD>
    <TD>0.3825</TD>
    <TD>24.4585</TD>
    <TD>0.3825</TD>
    <TD>0.48</TD>
  </TR>
  <TR>
    <TD>2868.0</TD>
    <TD>241.1993</TD>
    <TD>54.97408</TD>
    <TD>1559.837</TD>
    <TD>1493.264</TD>
    <TD>24.9557</TD>
    <TD>0.2427</TD>
    <TD>23.6483</TD>
    <TD>0.2719</TD>
    <TD>23.6483</TD>
    <TD>0.2719</TD>
    <TD>0.47</TD>
  </TR>
  <TR>
    <TD>2869.0</TD>
    <TD>241.1969</TD>
    <TD>54.99234</TD>
    <TD>1360.609</TD>
    <TD>1511.145</TD>
    <TD>22.1992</TD>
    <TD>0.0571</TD>
    <TD>22.0961</TD>
    <TD>0.0878</TD>
    <TD>22.0961</TD>
    <TD>0.0878</TD>
    <TD>0.03</TD>
  </TR>
  <TR>
    <TD>2870.0</TD>
    <TD>241.1991</TD>
    <TD>55.04888</TD>
    <TD>740.108</TD>
    <TD>1505.195</TD>
    <TD>23.2789</TD>
    <TD>0.1143</TD>
    <TD>22.936</TD>
    <TD>0.1948</TD>
    <TD>22.936</TD>
    <TD>0.1948</TD>
    <TD>0.67</TD>
  </TR>
  <TR>
    <TD>2871.0</TD>
    <TD>241.1992</TD>
    <TD>55.10968</TD>
    <TD>68.786</TD>
    <TD>1513.046</TD>
    <TD>22.6498</TD>
    <TD>0.0791</TD>
    <TD>22.2783</TD>
    <TD>0.1309</TD>
    <TD>22.2783</TD>
    <TD>0.1309</TD>
    <TD>0.0</TD>
  </TR>
  <TR>
    <TD>2872.0</TD>
    <TD>241.2005</TD>
    <TD>55.01589</TD>
    <TD>1102.232</TD>
    <TD>1492.122</TD>
    <TD>24.1915</TD>
    <TD>0.1237</TD>
    <TD>24.0919</TD>
    <TD>0.1685</TD>
    <TD>24.0919</TD>
    <TD>0.1685</TD>
    <TD>0.65</TD>
  </TR>
  <TR>
    <TD>2873.0</TD>
    <TD>241.2025</TD>
    <TD>55.10284</TD>
    <TD>143.98</TD>
    <TD>1491.719</TD>
    <TD>25.5424</TD>
    <TD>0.3288</TD>
    <TD>24.6853</TD>
    <TD>0.2725</TD>
    <TD>24.6853</TD>
    <TD>0.2725</TD>
    <TD>0.35</TD>
  </TR>
  <TR>
    <TD>2874.0</TD>
    <TD>241.187</TD>
    <TD>55.02644</TD>
    <TD>988.494</TD>
    <TD>1577.608</TD>
    <TD>18.8213</TD>
    <TD>0.0082</TD>
    <TD>18.7956</TD>
    <TD>0.0091</TD>
    <TD>18.7956</TD>
    <TD>0.0091</TD>
    <TD>0.03</TD>
  </TR>
  <TR>
    <TD>2875.0</TD>
    <TD>241.1962</TD>
    <TD>54.93382</TD>
    <TD>1999.195</TD>
    <TD>1505.769</TD>
    <TD>23.1851</TD>
    <TD>0.1038</TD>
    <TD>22.7251</TD>
    <TD>0.2026</TD>
    <TD>22.7251</TD>
    <TD>0.2026</TD>
    <TD>0.01</TD>
  </TR>
  <TR>
    <TD>2876.0</TD>
    <TD>241.1969</TD>
    <TD>54.9962</TD>
    <TD>1318.337</TD>
    <TD>1511.431</TD>
    <TD>22.0151</TD>
    <TD>0.0534</TD>
    <TD>21.7344</TD>
    <TD>0.0796</TD>
    <TD>21.7344</TD>
    <TD>0.0796</TD>
    <TD>0.0</TD>
  </TR>
  <TR>
    <TD>2877.0</TD>
    <TD>241.1972</TD>
    <TD>55.02265</TD>
    <TD>1028.611</TD>
    <TD>1513.835</TD>
    <TD>21.0873</TD>
    <TD>0.0268</TD>
    <TD>21.0101</TD>
    <TD>0.0372</TD>
    <TD>20.9837</TD>
    <TD>0.0276</TD>
    <TD>0.03</TD>
  </TR>
  <TR>
    <TD>2878.0</TD>
    <TD>241.1975</TD>
    <TD>54.93176</TD>
    <TD>2021.468</TD>
    <TD>1497.19</TD>
    <TD>24.7658</TD>
    <TD>0.205</TD>
    <TD>23.7525</TD>
    <TD>0.2741</TD>
    <TD>23.7525</TD>
    <TD>0.2741</TD>
    <TD>0.37</TD>
  </TR>
  <TR>
    <TD>2879.0</TD>
    <TD>241.1676</TD>
    <TD>55.00516</TD>
    <TD>1224.473</TD>
    <TD>1695.545</TD>
    <TD>17.4132</TD>
    <TD>0.0030</TD>
    <TD>17.4204</TD>
    <TD>0.0032</TD>
    <TD>17.4204</TD>
    <TD>0.0032</TD>
    <TD>1.0</TD>
  </TR>
  <TR>
    <TD>2880.0</TD>
    <TD>241.2007</TD>
    <TD>55.04111</TD>
    <TD>825.358</TD>
    <TD>1494.314</TD>
    <TD>25.8496</TD>
    <TD>0.3404</TD>
    <TD>25.3425</TD>
    <TD>0.4177</TD>
    <TD>25.3425</TD>
    <TD>0.4177</TD>
    <TD>0.36</TD>
  </TR>
  <TR>
    <TD>2881.0</TD>
    <TD>241.2008</TD>
    <TD>55.06282</TD>
    <TD>586.399</TD>
    <TD>1496.746</TD>
    <TD>25.2733</TD>
    <TD>0.2586</TD>
    <TD>24.796</TD>
    <TD>0.384</TD>
    <TD>24.796</TD>
    <TD>0.384</TD>
    <TD>0.48</TD>
  </TR>
  <TR>
    <TD>2882.0</TD>
    <TD>241.2012</TD>
    <TD>55.08771</TD>
    <TD>311.61</TD>
    <TD>1497.597</TD>
    <TD>24.2003</TD>
    <TD>0.1554</TD>
    <TD>24.1063</TD>
    <TD>0.3254</TD>
    <TD>24.1063</TD>
    <TD>0.3254</TD>
    <TD>0.5</TD>
  </TR>
  <TR>
    <TD>2883.0</TD>
    <TD>241.1963</TD>
    <TD>55.0507</TD>
    <TD>720.487</TD>
    <TD>1523.016</TD>
    <TD>21.5942</TD>
    <TD>0.0438</TD>
    <TD>21.4232</TD>
    <TD>0.0565</TD>
    <TD>21.4232</TD>
    <TD>0.0565</TD>
    <TD>0.0</TD>
  </TR>
  <TR>
    <TD>2884.0</TD>
    <TD>241.2016</TD>
    <TD>55.09115</TD>
    <TD>273.543</TD>
    <TD>1495.503</TD>
    <TD>25.7663</TD>
    <TD>0.3616</TD>
    <TD>24.9531</TD>
    <TD>0.4732</TD>
    <TD>24.9531</TD>
    <TD>0.4732</TD>
    <TD>0.35</TD>
  </TR>
  <TR>
    <TD>2885.0</TD>
    <TD>241.199</TD>
    <TD>54.98395</TD>
    <TD>1452.056</TD>
    <TD>1496.468</TD>
    <TD>25.724</TD>
    <TD>0.3481</TD>
    <TD>24.673</TD>
    <TD>0.4654</TD>
    <TD>24.673</TD>
    <TD>0.4654</TD>
    <TD>0.38</TD>
  </TR>
  <TR>
    <TD>2886.0</TD>
    <TD>241.1959</TD>
    <TD>54.9831</TD>
    <TD>1461.718</TD>
    <TD>1515.403</TD>
    <TD>23.6951</TD>
    <TD>0.1345</TD>
    <TD>23.2877</TD>
    <TD>0.1956</TD>
    <TD>23.2877</TD>
    <TD>0.1956</TD>
    <TD>0.64</TD>
  </TR>
  <TR>
    <TD>2887.0</TD>
    <TD>241.1973</TD>
    <TD>54.94108</TD>
    <TD>1919.985</TD>
    <TD>1500.236</TD>
    <TD>25.7084</TD>
    <TD>0.3433</TD>
    <TD>24.8246</TD>
    <TD>0.5786</TD>
    <TD>24.8246</TD>
    <TD>0.5786</TD>
    <TD>0.44</TD>
  </TR>
  <TR>
    <TD>2888.0</TD>
    <TD>241.1949</TD>
    <TD>54.94749</TD>
    <TD>1850.488</TD>
    <TD>1516.532</TD>
    <TD>24.9422</TD>
    <TD>0.2253</TD>
    <TD>24.9276</TD>
    <TD>0.4624</TD>
    <TD>24.9276</TD>
    <TD>0.4624</TD>
    <TD>0.36</TD>
  </TR>
  <TR>
    <TD>2889.0</TD>
    <TD>241.1998</TD>
    <TD>55.05857</TD>
    <TD>633.312</TD>
    <TD>1502.679</TD>
    <TD>26.1933</TD>
    <TD>0.4627</TD>
    <TD>25.3181</TD>
    <TD>0.6077</TD>
    <TD>25.3181</TD>
    <TD>0.6077</TD>
    <TD>0.43</TD>
  </TR>
  <TR>
    <TD>2890.0</TD>
    <TD>241.1983</TD>
    <TD>55.09311</TD>
    <TD>252.312</TD>
    <TD>1516.51</TD>
    <TD>23.4669</TD>
    <TD>0.1213</TD>
    <TD>22.9834</TD>
    <TD>0.1993</TD>
    <TD>22.9834</TD>
    <TD>0.1993</TD>
    <TD>0.6</TD>
  </TR>
  <TR>
    <TD>2891.0</TD>
    <TD>241.1967</TD>
    <TD>55.02867</TD>
    <TD>962.539</TD>
    <TD>1517.614</TD>
    <TD>23.5736</TD>
    <TD>0.1229</TD>
    <TD>22.9566</TD>
    <TD>0.1546</TD>
    <TD>22.9566</TD>
    <TD>0.1546</TD>
    <TD>0.05</TD>
  </TR>
  <TR>
    <TD>2892.0</TD>
    <TD>241.1991</TD>
    <TD>55.03996</TD>
    <TD>838.22</TD>
    <TD>1504.214</TD>
    <TD>25.7167</TD>
    <TD>0.3459</TD>
    <TD>24.8898</TD>
    <TD>0.4256</TD>
    <TD>24.8898</TD>
    <TD>0.4256</TD>
    <TD>0.36</TD>
  </TR>
  <TR>
    <TD>2893.0</TD>
    <TD>241.1999</TD>
    <TD>55.0914</TD>
    <TD>271.044</TD>
    <TD>1506.697</TD>
    <TD>25.0338</TD>
    <TD>0.2445</TD>
    <TD>24.5601</TD>
    <TD>0.4686</TD>
    <TD>24.5601</TD>
    <TD>0.4686</TD>
    <TD>0.36</TD>
  </TR>
  <TR>
    <TD>2894.0</TD>
    <TD>241.1973</TD>
    <TD>55.08632</TD>
    <TD>327.631</TD>
    <TD>1521.786</TD>
    <TD>23.4966</TD>
    <TD>0.1283</TD>
    <TD>22.8735</TD>
    <TD>0.1896</TD>
    <TD>22.8735</TD>
    <TD>0.1896</TD>
    <TD>0.09</TD>
  </TR>
  <TR>
    <TD>2895.0</TD>
    <TD>241.1971</TD>
    <TD>54.98035</TD>
    <TD>1491.648</TD>
    <TD>1507.665</TD>
    <TD>25.663</TD>
    <TD>0.2885</TD>
    <TD>25.4602</TD>
    <TD>0.3329</TD>
    <TD>25.4602</TD>
    <TD>0.3329</TD>
    <TD>0.36</TD>
  </TR>
  <TR>
    <TD>2896.0</TD>
    <TD>241.1876</TD>
    <TD>55.00651</TD>
    <TD>1206.813</TD>
    <TD>1571.251</TD>
    <TD>19.1389</TD>
    <TD>0.0093</TD>
    <TD>19.1079</TD>
    <TD>0.0106</TD>
    <TD>19.1079</TD>
    <TD>0.0106</TD>
    <TD>0.03</TD>
  </TR>
  <TR>
    <TD>2897.0</TD>
    <TD>241.1996</TD>
    <TD>55.08501</TD>
    <TD>341.681</TD>
    <TD>1507.297</TD>
    <TD>25.7951</TD>
    <TD>0.3243</TD>
    <TD>25.5293</TD>
    <TD>0.3542</TD>
    <TD>25.5293</TD>
    <TD>0.3542</TD>
    <TD>0.38</TD>
  </TR>
  <TR>
    <TD>2898.0</TD>
    <TD>241.1963</TD>
    <TD>54.97212</TD>
    <TD>1581.612</TD>
    <TD>1511.258</TD>
    <TD>25.3492</TD>
    <TD>0.2767</TD>
    <TD>24.8268</TD>
    <TD>0.3184</TD>
    <TD>24.8268</TD>
    <TD>0.3184</TD>
    <TD>0.37</TD>
  </TR>
  <TR>
    <TD>2899.0</TD>
    <TD>241.1985</TD>
    <TD>55.04347</TD>
    <TD>799.707</TD>
    <TD>1508.309</TD>
    <TD>26.0615</TD>
    <TD>0.4112</TD>
    <TD>25.1306</TD>
    <TD>0.4831</TD>
    <TD>25.1306</TD>
    <TD>0.4831</TD>
    <TD>0.35</TD>
  </TR>
  <TR>
    <TD>2900.0</TD>
    <TD>241.1969</TD>
    <TD>55.03182</TD>
    <TD>927.99</TD>
    <TD>1516.955</TD>
    <TD>23.7731</TD>
    <TD>0.1469</TD>
    <TD>22.4384</TD>
    <TD>0.155</TD>
    <TD>22.4384</TD>
    <TD>0.155</TD>
    <TD>0.51</TD>
  </TR>
  <TR>
    <TD>2901.0</TD>
    <TD>241.196</TD>
    <TD>54.96097</TD>
    <TD>1703.36</TD>
    <TD>1511.302</TD>
    <TD>25.8449</TD>
    <TD>0.339</TD>
    <TD>25.3116</TD>
    <TD>0.2914</TD>
    <TD>25.3116</TD>
    <TD>0.2914</TD>
    <TD>0.42</TD>
  </TR>
  <TR>
    <TD>2902.0</TD>
    <TD>241.1913</TD>
    <TD>55.00805</TD>
    <TD>1189.454</TD>
    <TD>1548.507</TD>
    <TD>21.0161</TD>
    <TD>0.0295</TD>
    <TD>20.8554</TD>
    <TD>0.0459</TD>
    <TD>20.8554</TD>
    <TD>0.0459</TD>
    <TD>0.01</TD>
  </TR>
  <TR>
    <TD>2903.0</TD>
    <TD>241.1948</TD>
    <TD>54.94157</TD>
    <TD>1914.992</TD>
    <TD>1515.92</TD>
    <TD>24.4599</TD>
    <TD>0.2028</TD>
    <TD>22.8961</TD>
    <TD>0.1857</TD>
    <TD>22.8961</TD>
    <TD>0.1857</TD>
    <TD>0.48</TD>
  </TR>
  <TR>
    <TD>2904.0</TD>
    <TD>241.1977</TD>
    <TD>55.04331</TD>
    <TD>801.614</TD>
    <TD>1513.689</TD>
    <TD>25.612</TD>
    <TD>0.2758</TD>
    <TD>25.2126</TD>
    <TD>0.4269</TD>
    <TD>25.2126</TD>
    <TD>0.4269</TD>
    <TD>0.4</TD>
  </TR>
  <TR>
    <TD>2905.0</TD>
    <TD>241.1981</TD>
    <TD>55.06337</TD>
    <TD>580.695</TD>
    <TD>1513.652</TD>
    <TD>26.0298</TD>
    <TD>0.3997</TD>
    <TD>25.8304</TD>
    <TD>0.4647</TD>
    <TD>25.8304</TD>
    <TD>0.4647</TD>
    <TD>0.36</TD>
  </TR>
  <TR>
    <TD>2906.0</TD>
    <TD>241.1937</TD>
    <TD>55.07513</TD>
    <TD>451.753</TD>
    <TD>1542.746</TD>
    <TD>24.6298</TD>
    <TD>0.2015</TD>
    <TD>24.402</TD>
    <TD>0.3632</TD>
    <TD>24.402</TD>
    <TD>0.3632</TD>
    <TD>0.36</TD>
  </TR>
  <TR>
    <TD>2907.0</TD>
    <TD>241.1889</TD>
    <TD>54.953</TD>
    <TD>1791.266</TD>
    <TD>1554.557</TD>
    <TD>23.0008</TD>
    <TD>0.0963</TD>
    <TD>22.1795</TD>
    <TD>0.134</TD>
    <TD>22.1795</TD>
    <TD>0.134</TD>
    <TD>0.0</TD>
  </TR>
  <TR>
    <TD>2908.0</TD>
    <TD>241.1952</TD>
    <TD>55.10909</TD>
    <TD>75.948</TD>
    <TD>1538.162</TD>
    <TD>22.3194</TD>
    <TD>0.0639</TD>
    <TD>22.0363</TD>
    <TD>0.1201</TD>
    <TD>22.0363</TD>
    <TD>0.1201</TD>
    <TD>0.0</TD>
  </TR>
  <TR>
    <TD>2909.0</TD>
    <TD>241.1902</TD>
    <TD>55.02562</TD>
    <TD>996.963</TD>
    <TD>1557.493</TD>
    <TD>20.6639</TD>
    <TD>0.0237</TD>
    <TD>20.4883</TD>
    <TD>0.0351</TD>
    <TD>20.5286</TD>
    <TD>0.0246</TD>
    <TD>0.01</TD>
  </TR>
  <TR>
    <TD>2910.0</TD>
    <TD>241.1945</TD>
    <TD>55.11314</TD>
    <TD>31.11</TD>
    <TD>1543.289</TD>
    <TD>21.6587</TD>
    <TD>0.0393</TD>
    <TD>21.6467</TD>
    <TD>0.0554</TD>
    <TD>21.6467</TD>
    <TD>0.0554</TD>
    <TD>0.01</TD>
  </TR>
  <TR>
    <TD>2911.0</TD>
    <TD>241.194</TD>
    <TD>54.9417</TD>
    <TD>1913.698</TD>
    <TD>1520.688</TD>
    <TD>25.5711</TD>
    <TD>0.266</TD>
    <TD>24.6337</TD>
    <TD>0.3254</TD>
    <TD>24.6337</TD>
    <TD>0.3254</TD>
    <TD>0.36</TD>
  </TR>
  <TR>
    <TD>2912.0</TD>
    <TD>241.1944</TD>
    <TD>54.95693</TD>
    <TD>1747.663</TD>
    <TD>1520.686</TD>
    <TD>25.7281</TD>
    <TD>0.3056</TD>
    <TD>24.7812</TD>
    <TD>0.3919</TD>
    <TD>24.7812</TD>
    <TD>0.3919</TD>
    <TD>0.42</TD>
  </TR>
  <TR>
    <TD>2913.0</TD>
    <TD>241.191</TD>
    <TD>55.04085</TD>
    <TD>829.645</TD>
    <TD>1555.236</TD>
    <TD>20.2867</TD>
    <TD>0.0157</TD>
    <TD>20.25</TD>
    <TD>0.0183</TD>
    <TD>20.25</TD>
    <TD>0.0183</TD>
    <TD>0.03</TD>
  </TR>
  <TR>
    <TD>2914.0</TD>
    <TD>241.1972</TD>
    <TD>55.07747</TD>
    <TD>425.324</TD>
    <TD>1521.323</TD>
    <TD>26.305</TD>
    <TD>0.5115</TD>
    <TD>25.0912</TD>
    <TD>0.6561</TD>
    <TD>25.0912</TD>
    <TD>0.6561</TD>
    <TD>0.35</TD>
  </TR>
  <TR>
    <TD>2915.0</TD>
    <TD>241.1938</TD>
    <TD>55.09475</TD>
    <TD>234.953</TD>
    <TD>1544.78</TD>
    <TD>22.3531</TD>
    <TD>0.0632</TD>
    <TD>22.1993</TD>
    <TD>0.0798</TD>
    <TD>22.1993</TD>
    <TD>0.0798</TD>
    <TD>0.05</TD>
  </TR>
  <TR>
    <TD>2916.0</TD>
    <TD>241.1965</TD>
    <TD>55.08113</TD>
    <TD>385.0</TD>
    <TD>1526.003</TD>
    <TD>25.801</TD>
    <TD>0.326</TD>
    <TD>24.8885</TD>
    <TD>0.3795</TD>
    <TD>24.8885</TD>
    <TD>0.3795</TD>
    <TD>0.47</TD>
  </TR>
  <TR>
    <TD>2917.0</TD>
    <TD>241.1955</TD>
    <TD>55.03178</TD>
    <TD>928.617</TD>
    <TD>1525.784</TD>
    <TD>25.4788</TD>
    <TD>0.3106</TD>
    <TD>24.0261</TD>
    <TD>0.2787</TD>
    <TD>24.0261</TD>
    <TD>0.2787</TD>
    <TD>0.36</TD>
  </TR>
  <TR>
    <TD>2918.0</TD>
    <TD>241.1966</TD>
    <TD>55.09181</TD>
    <TD>267.0</TD>
    <TD>1526.917</TD>
    <TD>25.7207</TD>
    <TD>0.3036</TD>
    <TD>24.7401</TD>
    <TD>0.4401</TD>
    <TD>24.7401</TD>
    <TD>0.4401</TD>
    <TD>0.48</TD>
  </TR>
  <TR>
    <TD>2919.0</TD>
    <TD>241.1904</TD>
    <TD>54.98585</TD>
    <TD>1432.488</TD>
    <TD>1550.687</TD>
    <TD>21.5192</TD>
    <TD>0.0351</TD>
    <TD>21.4031</TD>
    <TD>0.0499</TD>
    <TD>21.4031</TD>
    <TD>0.0499</TD>
    <TD>0.01</TD>
  </TR>
  <TR>
    <TD>2920.0</TD>
    <TD>241.1922</TD>
    <TD>55.08106</TD>
    <TD>386.524</TD>
    <TD>1552.879</TD>
    <TD>21.6382</TD>
    <TD>0.0382</TD>
    <TD>21.5014</TD>
    <TD>0.052</TD>
    <TD>21.5014</TD>
    <TD>0.052</TD>
    <TD>0.01</TD>
  </TR>
  <TR>
    <TD>2921.0</TD>
    <TD>241.1885</TD>
    <TD>54.94616</TD>
    <TD>1865.872</TD>
    <TD>1556.195</TD>
    <TD>21.461</TD>
    <TD>0.0357</TD>
    <TD>21.393</TD>
    <TD>0.0516</TD>
    <TD>21.393</TD>
    <TD>0.0516</TD>
    <TD>0.01</TD>
  </TR>
  <TR>
    <TD>2922.0</TD>
    <TD>241.1939</TD>
    <TD>54.98498</TD>
    <TD>1441.445</TD>
    <TD>1528.291</TD>
    <TD>25.2764</TD>
    <TD>0.3037</TD>
    <TD>24.5312</TD>
    <TD>0.4493</TD>
    <TD>24.5312</TD>
    <TD>0.4493</TD>
    <TD>0.36</TD>
  </TR>
  <TR>
    <TD>2923.0</TD>
    <TD>241.1941</TD>
    <TD>55.09183</TD>
    <TD>267.13</TD>
    <TD>1542.65</TD>
    <TD>24.5387</TD>
    <TD>0.2024</TD>
    <TD>24.3789</TD>
    <TD>0.3784</TD>
    <TD>24.3789</TD>
    <TD>0.3784</TD>
    <TD>0.43</TD>
  </TR>
  <TR>
    <TD>2924.0</TD>
    <TD>241.193</TD>
    <TD>54.93688</TD>
    <TD>1966.348</TD>
    <TD>1526.293</TD>
    <TD>25.7937</TD>
    <TD>0.3239</TD>
    <TD>25.1779</TD>
    <TD>0.3597</TD>
    <TD>25.1779</TD>
    <TD>0.3597</TD>
    <TD>0.36</TD>
  </TR>
  <TR>
    <TD>2925.0</TD>
    <TD>241.1968</TD>
    <TD>55.0961</TD>
    <TD>219.515</TD>
    <TD>1526.533</TD>
    <TD>25.2317</TD>
    <TD>0.225</TD>
    <TD>25.294</TD>
    <TD>0.3997</TD>
    <TD>25.294</TD>
    <TD>0.3997</TD>
    <TD>0.39</TD>
  </TR>
  <TR>
    <TD>2926.0</TD>
    <TD>241.1945</TD>
    <TD>55.06268</TD>
    <TD>588.9</TD>
    <TD>1535.954</TD>
    <TD>23.881</TD>
    <TD>0.1088</TD>
    <TD>23.6551</TD>
    <TD>0.1436</TD>
    <TD>23.6551</TD>
    <TD>0.1436</TD>
    <TD>0.84</TD>
  </TR>
  <TR>
    <TD>2927.0</TD>
    <TD>241.192</TD>
    <TD>55.00376</TD>
    <TD>1236.31</TD>
    <TD>1542.9</TD>
    <TD>22.8633</TD>
    <TD>0.0835</TD>
    <TD>22.6892</TD>
    <TD>0.1117</TD>
    <TD>22.6892</TD>
    <TD>0.1117</TD>
    <TD>0.19</TD>
  </TR>
  <TR>
    <TD>2928.0</TD>
    <TD>241.1925</TD>
    <TD>55.06139</TD>
    <TD>603.39</TD>
    <TD>1548.533</TD>
    <TD>22.1715</TD>
    <TD>0.0593</TD>
    <TD>21.9521</TD>
    <TD>0.0882</TD>
    <TD>21.9521</TD>
    <TD>0.0882</TD>
    <TD>0.01</TD>
  </TR>
  <TR>
    <TD>2929.0</TD>
    <TD>241.1923</TD>
    <TD>54.93439</TD>
    <TD>1993.551</TD>
    <TD>1530.512</TD>
    <TD>25.2967</TD>
    <TD>0.2382</TD>
    <TD>25.7317</TD>
    <TD>0.664</TD>
    <TD>25.7317</TD>
    <TD>0.664</TD>
    <TD>0.39</TD>
  </TR>
  <TR>
    <TD>2930.0</TD>
    <TD>241.1926</TD>
    <TD>54.95993</TD>
    <TD>1715.149</TD>
    <TD>1532.845</TD>
    <TD>24.5623</TD>
    <TD>0.1712</TD>
    <TD>24.0325</TD>
    <TD>0.2735</TD>
    <TD>24.0325</TD>
    <TD>0.2735</TD>
    <TD>0.71</TD>
  </TR>
  <TR>
    <TD>2931.0</TD>
    <TD>241.1939</TD>
    <TD>55.05731</TD>
    <TD>648.161</TD>
    <TD>1538.939</TD>
    <TD>24.7862</TD>
    <TD>0.2424</TD>
    <TD>23.8112</TD>
    <TD>0.2617</TD>
    <TD>23.8112</TD>
    <TD>0.2617</TD>
    <TD>0.36</TD>
  </TR>
  <TR>
    <TD>2932.0</TD>
    <TD>241.1926</TD>
    <TD>55.00039</TD>
    <TD>1273.169</TD>
    <TD>1538.826</TD>
    <TD>23.5641</TD>
    <TD>0.1283</TD>
    <TD>23.0507</TD>
    <TD>0.2009</TD>
    <TD>23.0507</TD>
    <TD>0.2009</TD>
    <TD>0.49</TD>
  </TR>
  <TR>
    <TD>2933.0</TD>
    <TD>241.1861</TD>
    <TD>55.11075</TD>
    <TD>58.944</TD>
    <TD>1595.558</TD>
    <TD>19.5707</TD>
    <TD>0.0118</TD>
    <TD>19.5469</TD>
    <TD>0.014</TD>
    <TD>19.5469</TD>
    <TD>0.014</TD>
    <TD>0.03</TD>
  </TR>
  <TR>
    <TD>2934.0</TD>
    <TD>241.1964</TD>
    <TD>55.11561</TD>
    <TD>3.451</TD>
    <TD>1531.449</TD>
    <TD>25.4895</TD>
    <TD>0.2825</TD>
    <TD>25.0877</TD>
    <TD>0.3316</TD>
    <TD>25.0877</TD>
    <TD>0.3316</TD>
    <TD>0.37</TD>
  </TR>
  <TR>
    <TD>2935.0</TD>
    <TD>241.192</TD>
    <TD>55.03061</TD>
    <TD>941.989</TD>
    <TD>1547.216</TD>
    <TD>23.617</TD>
    <TD>0.1345</TD>
    <TD>23.1006</TD>
    <TD>0.2534</TD>
    <TD>23.1006</TD>
    <TD>0.2534</TD>
    <TD>0.54</TD>
  </TR>
  <TR>
    <TD>2936.0</TD>
    <TD>241.1906</TD>
    <TD>55.04394</TD>
    <TD>795.782</TD>
    <TD>1558.196</TD>
    <TD>22.7721</TD>
    <TD>0.0832</TD>
    <TD>22.293</TD>
    <TD>0.12</TD>
    <TD>22.293</TD>
    <TD>0.12</TD>
    <TD>0.0</TD>
  </TR>
  <TR>
    <TD>2937.0</TD>
    <TD>241.1831</TD>
    <TD>54.95312</TD>
    <TD>1790.697</TD>
    <TD>1591.139</TD>
    <TD>18.3726</TD>
    <TD>0.0048</TD>
    <TD>18.3914</TD>
    <TD>0.0047</TD>
    <TD>18.3914</TD>
    <TD>0.0047</TD>
    <TD>0.04</TD>
  </TR>
  <TR>
    <TD>2938.0</TD>
    <TD>241.1914</TD>
    <TD>54.94508</TD>
    <TD>1877.213</TD>
    <TD>1537.423</TD>
    <TD>24.8511</TD>
    <TD>0.2211</TD>
    <TD>23.7898</TD>
    <TD>0.2566</TD>
    <TD>23.7898</TD>
    <TD>0.2566</TD>
    <TD>0.35</TD>
  </TR>
  <TR>
    <TD>2939.0</TD>
    <TD>241.195</TD>
    <TD>55.10216</TD>
    <TD>152.721</TD>
    <TD>1538.309</TD>
    <TD>25.8747</TD>
    <TD>0.3481</TD>
    <TD>25.1874</TD>
    <TD>0.2804</TD>
    <TD>25.1874</TD>
    <TD>0.2804</TD>
    <TD>0.38</TD>
  </TR>
  <TR>
    <TD>2940.0</TD>
    <TD>241.1921</TD>
    <TD>55.02964</TD>
    <TD>952.643</TD>
    <TD>1546.751</TD>
    <TD>23.8715</TD>
    <TD>0.1482</TD>
    <TD>23.1741</TD>
    <TD>0.1992</TD>
    <TD>23.1741</TD>
    <TD>0.1992</TD>
    <TD>0.6</TD>
  </TR>
  <TR>
    <TD>2941.0</TD>
    <TD>241.1877</TD>
    <TD>54.96048</TD>
    <TD>1709.827</TD>
    <TD>1563.062</TD>
    <TD>22.8023</TD>
    <TD>0.0855</TD>
    <TD>22.2939</TD>
    <TD>0.1408</TD>
    <TD>22.3622</TD>
    <TD>0.0861</TD>
    <TD>0.01</TD>
  </TR>
  <TR>
    <TD>2942.0</TD>
    <TD>241.1862</TD>
    <TD>55.04267</TD>
    <TD>810.299</TD>
    <TD>1585.432</TD>
    <TD>20.6189</TD>
    <TD>0.0217</TD>
    <TD>20.5634</TD>
    <TD>0.0277</TD>
    <TD>20.5634</TD>
    <TD>0.0277</TD>
    <TD>0.02</TD>
  </TR>
  <TR>
    <TD>2943.0</TD>
    <TD>241.1913</TD>
    <TD>55.05611</TD>
    <TD>661.681</TD>
    <TD>1555.351</TD>
    <TD>24.225</TD>
    <TD>0.1644</TD>
    <TD>24.9566</TD>
    <TD>0.5429</TD>
    <TD>24.9566</TD>
    <TD>0.5429</TD>
    <TD>0.48</TD>
  </TR>
  <TR>
    <TD>2944.0</TD>
    <TD>241.192</TD>
    <TD>55.02295</TD>
    <TD>1025.994</TD>
    <TD>1546.001</TD>
    <TD>24.2014</TD>
    <TD>0.1315</TD>
    <TD>24.1855</TD>
    <TD>0.1922</TD>
    <TD>24.1855</TD>
    <TD>0.1922</TD>
    <TD>0.9</TD>
  </TR>
  <TR>
    <TD>2945.0</TD>
    <TD>241.1928</TD>
    <TD>55.1148</TD>
    <TD>13.002</TD>
    <TD>1553.721</TD>
    <TD>24.5406</TD>
    <TD>0.1946</TD>
    <TD>23.6262</TD>
    <TD>0.2653</TD>
    <TD>23.6262</TD>
    <TD>0.2653</TD>
    <TD>0.35</TD>
  </TR>
  <TR>
    <TD>2946.0</TD>
    <TD>241.1914</TD>
    <TD>55.09509</TD>
    <TD>231.516</TD>
    <TD>1560.259</TD>
    <TD>23.4933</TD>
    <TD>0.1261</TD>
    <TD>22.5683</TD>
    <TD>0.174</TD>
    <TD>22.5683</TD>
    <TD>0.174</TD>
    <TD>0.02</TD>
  </TR>
  <TR>
    <TD>2947.0</TD>
    <TD>241.1917</TD>
    <TD>55.11039</TD>
    <TD>62.09</TD>
    <TD>1560.055</TD>
    <TD>24.4131</TD>
    <TD>0.1878</TD>
    <TD>22.9966</TD>
    <TD>0.2641</TD>
    <TD>22.9966</TD>
    <TD>0.2641</TD>
    <TD>0.48</TD>
  </TR>
  <TR>
    <TD>2948.0</TD>
    <TD>241.1922</TD>
    <TD>55.05501</TD>
    <TD>673.701</TD>
    <TD>1549.677</TD>
    <TD>25.5635</TD>
    <TD>0.2643</TD>
    <TD>25.3927</TD>
    <TD>0.4712</TD>
    <TD>25.3927</TD>
    <TD>0.4712</TD>
    <TD>0.43</TD>
  </TR>
  <TR>
    <TD>2949.0</TD>
    <TD>241.19</TD>
    <TD>55.07524</TD>
    <TD>451.106</TD>
    <TD>1565.799</TD>
    <TD>23.2022</TD>
    <TD>0.1014</TD>
    <TD>22.9232</TD>
    <TD>0.1392</TD>
    <TD>22.9232</TD>
    <TD>0.1392</TD>
    <TD>0.0</TD>
  </TR>
  <TR>
    <TD>2950.0</TD>
    <TD>241.1874</TD>
    <TD>54.96014</TD>
    <TD>1713.608</TD>
    <TD>1565.224</TD>
    <TD>23.558</TD>
    <TD>0.1212</TD>
    <TD>22.2741</TD>
    <TD>0.1511</TD>
    <TD>23.1153</TD>
    <TD>0.122</TD>
    <TD>0.15</TD>
  </TR>
  <TR>
    <TD>2951.0</TD>
    <TD>241.1889</TD>
    <TD>55.09628</TD>
    <TD>218.796</TD>
    <TD>1575.994</TD>
    <TD>22.6049</TD>
    <TD>0.0778</TD>
    <TD>22.3515</TD>
    <TD>0.0993</TD>
    <TD>22.3515</TD>
    <TD>0.0993</TD>
    <TD>0.0</TD>
  </TR>
  <TR>
    <TD>2952.0</TD>
    <TD>241.188</TD>
    <TD>54.95878</TD>
    <TD>1728.319</TD>
    <TD>1561.248</TD>
    <TD>24.7958</TD>
    <TD>0.2224</TD>
    <TD>23.7822</TD>
    <TD>0.3475</TD>
    <TD>23.7822</TD>
    <TD>0.3475</TD>
    <TD>0.46</TD>
  </TR>
  <TR>
    <TD>2953.0</TD>
    <TD>241.1911</TD>
    <TD>55.09053</TD>
    <TD>282.065</TD>
    <TD>1561.368</TD>
    <TD>24.5087</TD>
    <TD>0.1891</TD>
    <TD>23.743</TD>
    <TD>0.2383</TD>
    <TD>23.743</TD>
    <TD>0.2383</TD>
    <TD>0.39</TD>
  </TR>
  <TR>
    <TD>2954.0</TD>
    <TD>241.1902</TD>
    <TD>55.05953</TD>
    <TD>624.192</TD>
    <TD>1562.576</TD>
    <TD>24.8609</TD>
    <TD>0.2357</TD>
    <TD>24.3134</TD>
    <TD>0.2682</TD>
    <TD>24.3134</TD>
    <TD>0.2682</TD>
    <TD>0.38</TD>
  </TR>
  <TR>
    <TD>2955.0</TD>
    <TD>241.1909</TD>
    <TD>55.05869</TD>
    <TD>633.356</TD>
    <TD>1558.298</TD>
    <TD>25.5856</TD>
    <TD>0.2695</TD>
    <TD>25.1134</TD>
    <TD>0.3394</TD>
    <TD>25.1134</TD>
    <TD>0.3394</TD>
    <TD>0.38</TD>
  </TR>
  <TR>
    <TD>2956.0</TD>
    <TD>241.1889</TD>
    <TD>54.98082</TD>
    <TD>1487.631</TD>
    <TD>1559.263</TD>
    <TD>25.6523</TD>
    <TD>0.2858</TD>
    <TD>24.8057</TD>
    <TD>0.3288</TD>
    <TD>24.8057</TD>
    <TD>0.3288</TD>
    <TD>0.37</TD>
  </TR>
  <TR>
    <TD>2957.0</TD>
    <TD>241.1841</TD>
    <TD>54.94717</TD>
    <TD>1855.45</TD>
    <TD>1583.45</TD>
    <TD>22.3658</TD>
    <TD>0.0717</TD>
    <TD>22.2369</TD>
    <TD>0.1028</TD>
    <TD>22.2369</TD>
    <TD>0.1028</TD>
    <TD>0.0</TD>
  </TR>
  <TR>
    <TD>2958.0</TD>
    <TD>241.1862</TD>
    <TD>54.96004</TD>
    <TD>1714.907</TD>
    <TD>1572.383</TD>
    <TD>23.3958</TD>
    <TD>0.1238</TD>
    <TD>22.8598</TD>
    <TD>0.2134</TD>
    <TD>22.8598</TD>
    <TD>0.2134</TD>
    <TD>0.03</TD>
  </TR>
  <TR>
    <TD>2959.0</TD>
    <TD>241.1837</TD>
    <TD>55.00707</TD>
    <TD>1201.227</TD>
    <TD>1595.476</TD>
    <TD>20.5262</TD>
    <TD>0.0185</TD>
    <TD>20.4399</TD>
    <TD>0.0246</TD>
    <TD>20.4399</TD>
    <TD>0.0246</TD>
    <TD>0.03</TD>
  </TR>
  <TR>
    <TD>2960.0</TD>
    <TD>241.1875</TD>
    <TD>55.05507</TD>
    <TD>673.679</TD>
    <TD>1578.599</TD>
    <TD>23.3878</TD>
    <TD>0.1114</TD>
    <TD>22.9265</TD>
    <TD>0.2067</TD>
    <TD>22.9265</TD>
    <TD>0.2067</TD>
    <TD>0.01</TD>
  </TR>
  <TR>
    <TD>2961.0</TD>
    <TD>241.1913</TD>
    <TD>55.1153</TD>
    <TD>7.671</TD>
    <TD>1563.665</TD>
    <TD>25.6679</TD>
    <TD>0.2898</TD>
    <TD>25.2205</TD>
    <TD>0.5854</TD>
    <TD>25.2205</TD>
    <TD>0.5854</TD>
    <TD>0.37</TD>
  </TR>
  <TR>
    <TD>2962.0</TD>
    <TD>241.1877</TD>
    <TD>55.04923</TD>
    <TD>737.925</TD>
    <TD>1576.592</TD>
    <TD>23.5857</TD>
    <TD>0.1308</TD>
    <TD>22.9116</TD>
    <TD>0.1884</TD>
    <TD>22.9116</TD>
    <TD>0.1884</TD>
    <TD>0.03</TD>
  </TR>
  <TR>
    <TD>2963.0</TD>
    <TD>241.189</TD>
    <TD>55.0609</TD>
    <TD>609.285</TD>
    <TD>1570.568</TD>
    <TD>24.1828</TD>
    <TD>0.1635</TD>
    <TD>23.0368</TD>
    <TD>0.1984</TD>
    <TD>23.0368</TD>
    <TD>0.1984</TD>
    <TD>0.63</TD>
  </TR>
  <TR>
    <TD>2964.0</TD>
    <TD>241.1853</TD>
    <TD>54.9297</TD>
    <TD>2045.501</TD>
    <TD>1573.211</TD>
    <TD>24.5012</TD>
    <TD>0.2175</TD>
    <TD>23.3913</TD>
    <TD>0.1921</TD>
    <TD>23.3913</TD>
    <TD>0.1921</TD>
    <TD>0.36</TD>
  </TR>
  <TR>
    <TD>2965.0</TD>
    <TD>241.178</TD>
    <TD>55.03745</TD>
    <TD>868.869</TD>
    <TD>1635.594</TD>
    <TD>19.4228</TD>
    <TD>0.0112</TD>
    <TD>19.3781</TD>
    <TD>0.0134</TD>
    <TD>19.3781</TD>
    <TD>0.0134</TD>
    <TD>0.03</TD>
  </TR>
  <TR>
    <TD>2966.0</TD>
    <TD>241.1895</TD>
    <TD>55.05006</TD>
    <TD>728.534</TD>
    <TD>1565.495</TD>
    <TD>25.448</TD>
    <TD>0.2723</TD>
    <TD>24.7767</TD>
    <TD>0.3903</TD>
    <TD>24.7767</TD>
    <TD>0.3903</TD>
    <TD>0.38</TD>
  </TR>
  <TR>
    <TD>2967.0</TD>
    <TD>241.1888</TD>
    <TD>55.03099</TD>
    <TD>938.305</TD>
    <TD>1567.298</TD>
    <TD>25.8569</TD>
    <TD>0.3426</TD>
    <TD>25.476</TD>
    <TD>0.3875</TD>
    <TD>25.476</TD>
    <TD>0.3875</TD>
    <TD>0.41</TD>
  </TR>
  <TR>
    <TD>2968.0</TD>
    <TD>241.1907</TD>
    <TD>55.11519</TD>
    <TD>8.946</TD>
    <TD>1567.305</TD>
    <TD>25.9874</TD>
    <TD>0.3848</TD>
    <TD>25.6059</TD>
    <TD>0.8333</TD>
    <TD>25.6059</TD>
    <TD>0.8333</TD>
    <TD>0.36</TD>
  </TR>
  <TR>
    <TD>2969.0</TD>
    <TD>241.1841</TD>
    <TD>54.95799</TD>
    <TD>1737.453</TD>
    <TD>1585.094</TD>
    <TD>23.0135</TD>
    <TD>0.0954</TD>
    <TD>22.2059</TD>
    <TD>0.1471</TD>
    <TD>22.2059</TD>
    <TD>0.1471</TD>
    <TD>0.0</TD>
  </TR>
  <TR>
    <TD>2970.0</TD>
    <TD>241.1871</TD>
    <TD>55.09073</TD>
    <TD>280.382</TD>
    <TD>1586.222</TD>
    <TD>23.1925</TD>
    <TD>0.1019</TD>
    <TD>22.8902</TD>
    <TD>0.1281</TD>
    <TD>22.8902</TD>
    <TD>0.1281</TD>
    <TD>0.3</TD>
  </TR>
  <TR>
    <TD>2971.0</TD>
    <TD>241.1874</TD>
    <TD>55.00347</TD>
    <TD>1240.19</TD>
    <TD>1572.183</TD>
    <TD>24.7599</TD>
    <TD>0.2039</TD>
    <TD>24.6745</TD>
    <TD>0.2848</TD>
    <TD>24.6745</TD>
    <TD>0.2848</TD>
    <TD>0.69</TD>
  </TR>
  <TR>
    <TD>2972.0</TD>
    <TD>241.1886</TD>
    <TD>55.06859</TD>
    <TD>524.601</TD>
    <TD>1574.213</TD>
    <TD>24.6336</TD>
    <TD>0.2203</TD>
    <TD>23.723</TD>
    <TD>0.2586</TD>
    <TD>23.9137</TD>
    <TD>0.2002</TD>
    <TD>0.19</TD>
  </TR>
  <TR>
    <TD>2973.0</TD>
    <TD>241.1853</TD>
    <TD>55.01177</TD>
    <TD>1149.557</TD>
    <TD>1586.268</TD>
    <TD>23.4351</TD>
    <TD>0.1179</TD>
    <TD>23.197</TD>
    <TD>0.1953</TD>
    <TD>23.197</TD>
    <TD>0.1953</TD>
    <TD>0.63</TD>
  </TR>
  <TR>
    <TD>2974.0</TD>
    <TD>241.188</TD>
    <TD>55.06884</TD>
    <TD>521.919</TD>
    <TD>1577.732</TD>
    <TD>24.532</TD>
    <TD>0.2012</TD>
    <TD>23.854</TD>
    <TD>0.2421</TD>
    <TD>23.9538</TD>
    <TD>0.194</TD>
    <TD>0.54</TD>
  </TR>
  <TR>
    <TD>2975.0</TD>
    <TD>241.1849</TD>
    <TD>55.00174</TD>
    <TD>1259.464</TD>
    <TD>1587.113</TD>
    <TD>24.1932</TD>
    <TD>0.1651</TD>
    <TD>23.6187</TD>
    <TD>0.3292</TD>
    <TD>23.6187</TD>
    <TD>0.3292</TD>
    <TD>0.09</TD>
  </TR>
  <TR>
    <TD>2976.0</TD>
    <TD>241.1859</TD>
    <TD>55.0595</TD>
    <TD>625.217</TD>
    <TD>1589.453</TD>
    <TD>22.8065</TD>
    <TD>0.081</TD>
    <TD>22.634</TD>
    <TD>0.1529</TD>
    <TD>22.634</TD>
    <TD>0.1529</TD>
    <TD>0.03</TD>
  </TR>
  <TR>
    <TD>2977.0</TD>
    <TD>241.1846</TD>
    <TD>54.94206</TD>
    <TD>1911.053</TD>
    <TD>1579.567</TD>
    <TD>24.9146</TD>
    <TD>0.2473</TD>
    <TD>23.6591</TD>
    <TD>0.3967</TD>
    <TD>23.6591</TD>
    <TD>0.3967</TD>
    <TD>0.42</TD>
  </TR>
  <TR>
    <TD>2978.0</TD>
    <TD>241.1873</TD>
    <TD>55.01687</TD>
    <TD>1093.35</TD>
    <TD>1574.714</TD>
    <TD>26.3123</TD>
    <TD>0.5149</TD>
    <TD>25.0364</TD>
    <TD>0.4055</TD>
    <TD>25.0364</TD>
    <TD>0.4055</TD>
    <TD>0.36</TD>
  </TR>
  <TR>
    <TD>2979.0</TD>
    <TD>241.186</TD>
    <TD>55.00168</TD>
    <TD>1260.011</TD>
    <TD>1580.305</TD>
    <TD>22.2359</TD>
    <TD>0.0321</TD>
    <TD>22.275</TD>
    <TD>0.0393</TD>
    <TD>22.275</TD>
    <TD>0.0393</TD>
    <TD>0.65</TD>
  </TR>
  <TR>
    <TD>2980.0</TD>
    <TD>241.1825</TD>
    <TD>55.02247</TD>
    <TD>1032.651</TD>
    <TD>1605.256</TD>
    <TD>20.8117</TD>
    <TD>0.0225</TD>
    <TD>20.7635</TD>
    <TD>0.028</TD>
    <TD>20.7635</TD>
    <TD>0.028</TD>
    <TD>0.02</TD>
  </TR>
  <TR>
    <TD>2981.0</TD>
    <TD>241.1883</TD>
    <TD>55.08634</TD>
    <TD>328.782</TD>
    <TD>1578.041</TD>
    <TD>25.6256</TD>
    <TD>0.3189</TD>
    <TD>24.8859</TD>
    <TD>0.336</TD>
    <TD>24.8859</TD>
    <TD>0.336</TD>
    <TD>0.43</TD>
  </TR>
  <TR>
    <TD>2982.0</TD>
    <TD>241.1879</TD>
    <TD>55.06436</TD>
    <TD>571.315</TD>
    <TD>1577.681</TD>
    <TD>25.9687</TD>
    <TD>0.3784</TD>
    <TD>24.2785</TD>
    <TD>0.2783</TD>
    <TD>24.2785</TD>
    <TD>0.2783</TD>
    <TD>0.43</TD>
  </TR>
  <TR>
    <TD>2983.0</TD>
    <TD>241.185</TD>
    <TD>54.94339</TD>
    <TD>1896.482</TD>
    <TD>1577.509</TD>
    <TD>25.1205</TD>
    <TD>0.2458</TD>
    <TD>24.1792</TD>
    <TD>0.3708</TD>
    <TD>24.1792</TD>
    <TD>0.3708</TD>
    <TD>0.47</TD>
  </TR>
  <TR>
    <TD>2984.0</TD>
    <TD>241.1808</TD>
    <TD>54.98185</TD>
    <TD>1477.567</TD>
    <TD>1610.041</TD>
    <TD>21.5195</TD>
    <TD>0.0402</TD>
    <TD>21.3662</TD>
    <TD>0.0595</TD>
    <TD>21.3662</TD>
    <TD>0.0595</TD>
    <TD>0.0</TD>
  </TR>
  <TR>
    <TD>2985.0</TD>
    <TD>241.1863</TD>
    <TD>55.0456</TD>
    <TD>778.132</TD>
    <TD>1585.123</TD>
    <TD>24.9635</TD>
    <TD>0.2138</TD>
    <TD>25.2893</TD>
    <TD>0.4436</TD>
    <TD>25.2893</TD>
    <TD>0.4436</TD>
    <TD>0.7</TD>
  </TR>
  <TR>
    <TD>2986.0</TD>
    <TD>241.1803</TD>
    <TD>55.02986</TD>
    <TD>951.91</TD>
    <TD>1619.952</TD>
    <TD>22.4877</TD>
    <TD>0.0691</TD>
    <TD>22.2089</TD>
    <TD>0.1155</TD>
    <TD>22.2089</TD>
    <TD>0.1155</TD>
    <TD>0.0</TD>
  </TR>
  <TR>
    <TD>2987.0</TD>
    <TD>241.1477</TD>
    <TD>55.0326</TD>
    <TD>926.39</TD>
    <TD>1823.879</TD>
    <TD>13.5604</TD>
    <TD>3.0E-4</TD>
    <TD>13.5835</TD>
    <TD>3.0E-4</TD>
    <TD>13.5835</TD>
    <TD>3.0E-4</TD>
    <TD>0.78</TD>
  </TR>
  <TR>
    <TD>2988.0</TD>
    <TD>241.1875</TD>
    <TD>55.10499</TD>
    <TD>122.529</TD>
    <TD>1586.064</TD>
    <TD>24.0715</TD>
    <TD>0.1387</TD>
    <TD>24.2544</TD>
    <TD>0.2136</TD>
    <TD>24.2544</TD>
    <TD>0.2136</TD>
    <TD>0.47</TD>
  </TR>
  <TR>
    <TD>2989.0</TD>
    <TD>241.1834</TD>
    <TD>55.00976</TD>
    <TD>1171.832</TD>
    <TD>1597.66</TD>
    <TD>23.7601</TD>
    <TD>0.137</TD>
    <TD>23.1652</TD>
    <TD>0.2197</TD>
    <TD>23.1652</TD>
    <TD>0.2197</TD>
    <TD>0.32</TD>
  </TR>
  <TR>
    <TD>2990.0</TD>
    <TD>241.1821</TD>
    <TD>55.09419</TD>
    <TD>242.897</TD>
    <TD>1618.163</TD>
    <TD>20.7852</TD>
    <TD>0.0223</TD>
    <TD>20.7317</TD>
    <TD>0.0272</TD>
    <TD>20.7317</TD>
    <TD>0.0272</TD>
    <TD>0.02</TD>
  </TR>
  <TR>
    <TD>2991.0</TD>
    <TD>241.1846</TD>
    <TD>55.08329</TD>
    <TD>363.048</TD>
    <TD>1600.969</TD>
    <TD>23.3019</TD>
    <TD>0.1138</TD>
    <TD>22.889</TD>
    <TD>0.1997</TD>
    <TD>22.889</TD>
    <TD>0.1997</TD>
    <TD>0.01</TD>
  </TR>
  <TR>
    <TD>2992.0</TD>
    <TD>241.1864</TD>
    <TD>55.07464</TD>
    <TD>458.199</TD>
    <TD>1588.373</TD>
    <TD>25.0608</TD>
    <TD>0.2667</TD>
    <TD>24.5568</TD>
    <TD>0.3722</TD>
    <TD>24.5568</TD>
    <TD>0.3722</TD>
    <TD>0.47</TD>
  </TR>
  <TR>
    <TD>2993.0</TD>
    <TD>241.1865</TD>
    <TD>55.1067</TD>
    <TD>103.78</TD>
    <TD>1592.026</TD>
    <TD>25.5511</TD>
    <TD>0.2984</TD>
    <TD>25.2973</TD>
    <TD>0.5391</TD>
    <TD>25.2973</TD>
    <TD>0.5391</TD>
    <TD>0.39</TD>
  </TR>
  <TR>
    <TD>2994.0</TD>
    <TD>241.1799</TD>
    <TD>55.07883</TD>
    <TD>412.953</TD>
    <TD>1629.582</TD>
    <TD>20.5002</TD>
    <TD>0.0203</TD>
    <TD>20.4222</TD>
    <TD>0.0251</TD>
    <TD>20.4222</TD>
    <TD>0.0251</TD>
    <TD>0.02</TD>
  </TR>
  <TR>
    <TD>2995.0</TD>
    <TD>241.1688</TD>
    <TD>55.04296</TD>
    <TD>809.713</TD>
    <TD>1694.001</TD>
    <TD>18.3103</TD>
    <TD>0.0057</TD>
    <TD>18.2957</TD>
    <TD>0.0064</TD>
    <TD>18.2957</TD>
    <TD>0.0064</TD>
    <TD>0.03</TD>
  </TR>
  <TR>
    <TD>2996.0</TD>
    <TD>241.1838</TD>
    <TD>54.97771</TD>
    <TD>1522.318</TD>
    <TD>1590.318</TD>
    <TD>26.1819</TD>
    <TD>0.458</TD>
    <TD>25.0887</TD>
    <TD>0.5016</TD>
    <TD>25.0887</TD>
    <TD>0.5016</TD>
    <TD>0.36</TD>
  </TR>
  <TR>
    <TD>2997.0</TD>
    <TD>241.1827</TD>
    <TD>54.99723</TD>
    <TD>1309.1</TD>
    <TD>1600.553</TD>
    <TD>23.2489</TD>
    <TD>0.1126</TD>
    <TD>22.4378</TD>
    <TD>0.1782</TD>
    <TD>22.4378</TD>
    <TD>0.1782</TD>
    <TD>0.07</TD>
  </TR>
  <TR>
    <TD>2998.0</TD>
    <TD>241.1857</TD>
    <TD>55.06467</TD>
    <TD>568.293</TD>
    <TD>1591.657</TD>
    <TD>25.763</TD>
    <TD>0.3152</TD>
    <TD>25.205</TD>
    <TD>0.3687</TD>
    <TD>25.205</TD>
    <TD>0.3687</TD>
    <TD>0.43</TD>
  </TR>
  <TR>
    <TD>2999.0</TD>
    <TD>241.1826</TD>
    <TD>54.98897</TD>
    <TD>1399.491</TD>
    <TD>1599.474</TD>
    <TD>23.5471</TD>
    <TD>0.1284</TD>
    <TD>23.292</TD>
    <TD>0.2525</TD>
    <TD>23.292</TD>
    <TD>0.2525</TD>
    <TD>0.47</TD>
  </TR>
  <TR>
    <TD>3000.0</TD>
    <TD>241.1858</TD>
    <TD>55.07464</TD>
    <TD>458.271</TD>
    <TD>1592.374</TD>
    <TD>25.6274</TD>
    <TD>0.2796</TD>
    <TD>25.3376</TD>
    <TD>0.2983</TD>
    <TD>25.3376</TD>
    <TD>0.2983</TD>
    <TD>0.36</TD>
  </TR>
  <TR>
    <TD>3001.0</TD>
    <TD>241.1856</TD>
    <TD>55.06512</TD>
    <TD>563.294</TD>
    <TD>1592.332</TD>
    <TD>25.5799</TD>
    <TD>0.2681</TD>
    <TD>25.2241</TD>
    <TD>0.2695</TD>
    <TD>25.2241</TD>
    <TD>0.2695</TD>
    <TD>0.41</TD>
  </TR>
  <TR>
    <TD>3002.0</TD>
    <TD>241.184</TD>
    <TD>55.04481</TD>
    <TD>787.133</TD>
    <TD>1599.115</TD>
    <TD>24.2942</TD>
    <TD>0.1806</TD>
    <TD>23.062</TD>
    <TD>0.2433</TD>
    <TD>23.062</TD>
    <TD>0.2433</TD>
    <TD>0.37</TD>
  </TR>
  <TR>
    <TD>3003.0</TD>
    <TD>241.183</TD>
    <TD>55.09327</TD>
    <TD>252.961</TD>
    <TD>1612.624</TD>
    <TD>22.3464</TD>
    <TD>0.0637</TD>
    <TD>22.0007</TD>
    <TD>0.1025</TD>
    <TD>22.0389</TD>
    <TD>0.0658</TD>
    <TD>0.0</TD>
  </TR>
  <TR>
    <TD>3004.0</TD>
    <TD>241.1816</TD>
    <TD>55.08012</TD>
    <TD>398.508</TD>
    <TD>1619.433</TD>
    <TD>21.8702</TD>
    <TD>0.0504</TD>
    <TD>21.5918</TD>
    <TD>0.0603</TD>
    <TD>21.5918</TD>
    <TD>0.0603</TD>
    <TD>0.0</TD>
  </TR>
  <TR>
    <TD>3005.0</TD>
    <TD>241.1803</TD>
    <TD>54.96578</TD>
    <TD>1653.053</TD>
    <TD>1610.618</TD>
    <TD>23.1965</TD>
    <TD>0.1036</TD>
    <TD>22.7675</TD>
    <TD>0.1614</TD>
    <TD>22.7675</TD>
    <TD>0.1614</TD>
    <TD>0.01</TD>
  </TR>
  <TR>
    <TD>3006.0</TD>
    <TD>241.1731</TD>
    <TD>55.06086</TD>
    <TD>612.102</TD>
    <TD>1669.737</TD>
    <TD>20.2332</TD>
    <TD>0.0179</TD>
    <TD>20.1974</TD>
    <TD>0.0226</TD>
    <TD>20.1974</TD>
    <TD>0.0226</TD>
    <TD>0.01</TD>
  </TR>
  <TR>
    <TD>3007.0</TD>
    <TD>241.1858</TD>
    <TD>55.10446</TD>
    <TD>128.679</TD>
    <TD>1596.649</TD>
    <TD>25.8733</TD>
    <TD>0.3476</TD>
    <TD>25.1989</TD>
    <TD>0.4466</TD>
    <TD>25.1989</TD>
    <TD>0.4466</TD>
    <TD>0.44</TD>
  </TR>
  <TR>
    <TD>3008.0</TD>
    <TD>241.1836</TD>
    <TD>55.00917</TD>
    <TD>1178.305</TD>
    <TD>1596.298</TD>
    <TD>25.77</TD>
    <TD>0.3172</TD>
    <TD>24.7469</TD>
    <TD>0.3798</TD>
    <TD>24.7469</TD>
    <TD>0.3798</TD>
    <TD>0.36</TD>
  </TR>
  <TR>
    <TD>3009.0</TD>
    <TD>241.1844</TD>
    <TD>55.06836</TD>
    <TD>527.772</TD>
    <TD>1599.967</TD>
    <TD>23.8546</TD>
    <TD>0.102</TD>
    <TD>23.8613</TD>
    <TD>0.15</TD>
    <TD>23.8613</TD>
    <TD>0.15</TD>
    <TD>0.66</TD>
  </TR>
  <TR>
    <TD>3010.0</TD>
    <TD>241.1822</TD>
    <TD>55.04246</TD>
    <TD>813.213</TD>
    <TD>1609.983</TD>
    <TD>24.0404</TD>
    <TD>0.1648</TD>
    <TD>23.4353</TD>
    <TD>0.2554</TD>
    <TD>23.4353</TD>
    <TD>0.2554</TD>
    <TD>0.49</TD>
  </TR>
  <TR>
    <TD>3011.0</TD>
    <TD>241.1847</TD>
    <TD>55.07049</TD>
    <TD>504.315</TD>
    <TD>1598.664</TD>
    <TD>26.0407</TD>
    <TD>0.4036</TD>
    <TD>25.496</TD>
    <TD>0.7151</TD>
    <TD>25.496</TD>
    <TD>0.7151</TD>
    <TD>0.44</TD>
  </TR>
  <TR>
    <TD>3012.0</TD>
    <TD>241.1832</TD>
    <TD>55.01197</TD>
    <TD>1147.648</TD>
    <TD>1599.303</TD>
    <TD>26.2164</TD>
    <TD>0.4723</TD>
    <TD>25.113</TD>
    <TD>0.4453</TD>
    <TD>25.113</TD>
    <TD>0.4453</TD>
    <TD>0.35</TD>
  </TR>
  <TR>
    <TD>3013.0</TD>
    <TD>241.1705</TD>
    <TD>54.94198</TD>
    <TD>1913.801</TD>
    <TD>1667.354</TD>
    <TD>22.9422</TD>
    <TD>0.1003</TD>
    <TD>22.127</TD>
    <TD>0.1414</TD>
    <TD>22.127</TD>
    <TD>0.1414</TD>
    <TD>0.44</TD>
  </TR>
  <TR>
    <TD>3014.0</TD>
    <TD>241.1806</TD>
    <TD>54.94349</TD>
    <TD>1896.057</TD>
    <TD>1604.895</TD>
    <TD>24.3923</TD>
    <TD>0.1555</TD>
    <TD>23.8196</TD>
    <TD>0.1992</TD>
    <TD>23.8196</TD>
    <TD>0.1992</TD>
    <TD>0.73</TD>
  </TR>
  <TR>
    <TD>3015.0</TD>
    <TD>241.181</TD>
    <TD>54.94254</TD>
    <TD>1906.341</TD>
    <TD>1602.306</TD>
    <TD>26.0095</TD>
    <TD>0.3925</TD>
    <TD>24.5718</TD>
    <TD>0.354</TD>
    <TD>24.5718</TD>
    <TD>0.354</TD>
    <TD>0.36</TD>
  </TR>
  <TR>
    <TD>3016.0</TD>
    <TD>241.1812</TD>
    <TD>54.98875</TD>
    <TD>1402.076</TD>
    <TD>1608.229</TD>
    <TD>25.146</TD>
    <TD>0.2702</TD>
    <TD>24.6137</TD>
    <TD>0.4105</TD>
    <TD>24.6137</TD>
    <TD>0.4105</TD>
    <TD>0.36</TD>
  </TR>
  <TR>
    <TD>3017.0</TD>
    <TD>241.18</TD>
    <TD>55.00818</TD>
    <TD>1189.636</TD>
    <TD>1618.875</TD>
    <TD>23.1695</TD>
    <TD>0.1011</TD>
    <TD>22.6218</TD>
    <TD>0.1558</TD>
    <TD>22.6218</TD>
    <TD>0.1558</TD>
    <TD>0.63</TD>
  </TR>
  <TR>
    <TD>3018.0</TD>
    <TD>241.1782</TD>
    <TD>55.11147</TD>
    <TD>52.102</TD>
    <TD>1644.739</TD>
    <TD>19.9774</TD>
    <TD>0.0153</TD>
    <TD>19.9292</TD>
    <TD>0.019</TD>
    <TD>19.9292</TD>
    <TD>0.019</TD>
    <TD>0.02</TD>
  </TR>
  <TR>
    <TD>3019.0</TD>
    <TD>241.1824</TD>
    <TD>55.07164</TD>
    <TD>491.955</TD>
    <TD>1612.826</TD>
    <TD>24.6887</TD>
    <TD>0.2124</TD>
    <TD>23.7071</TD>
    <TD>0.2869</TD>
    <TD>23.7071</TD>
    <TD>0.2869</TD>
    <TD>0.35</TD>
  </TR>
  <TR>
    <TD>3020.0</TD>
    <TD>241.181</TD>
    <TD>54.97747</TD>
    <TD>1525.385</TD>
    <TD>1607.971</TD>
    <TD>24.5893</TD>
    <TD>0.1851</TD>
    <TD>24.4819</TD>
    <TD>0.2567</TD>
    <TD>24.4819</TD>
    <TD>0.2567</TD>
    <TD>0.46</TD>
  </TR>
  <TR>
    <TD>3021.0</TD>
    <TD>241.1821</TD>
    <TD>55.01302</TD>
    <TD>1136.292</TD>
    <TD>1606.676</TD>
    <TD>25.8636</TD>
    <TD>0.3446</TD>
    <TD>25.6098</TD>
    <TD>0.8363</TD>
    <TD>25.6098</TD>
    <TD>0.8363</TD>
    <TD>0.36</TD>
  </TR>
  <TR>
    <TD>3022.0</TD>
    <TD>241.1781</TD>
    <TD>55.06919</TD>
    <TD>519.521</TD>
    <TD>1639.435</TD>
    <TD>23.2134</TD>
    <TD>0.1078</TD>
    <TD>22.8047</TD>
    <TD>0.1436</TD>
    <TD>22.8047</TD>
    <TD>0.1436</TD>
    <TD>0.06</TD>
  </TR>
  <TR>
    <TD>3023.0</TD>
    <TD>241.18</TD>
    <TD>54.94181</TD>
    <TD>1914.336</TD>
    <TD>1608.316</TD>
    <TD>25.2315</TD>
    <TD>0.2713</TD>
    <TD>24.2425</TD>
    <TD>0.2828</TD>
    <TD>24.2425</TD>
    <TD>0.2828</TD>
    <TD>0.35</TD>
  </TR>
  <TR>
    <TD>3024.0</TD>
    <TD>241.1798</TD>
    <TD>54.94144</TD>
    <TD>1918.488</TD>
    <TD>1609.468</TD>
    <TD>25.6338</TD>
    <TD>0.3212</TD>
    <TD>24.03</TD>
    <TD>0.2587</TD>
    <TD>24.03</TD>
    <TD>0.2587</TD>
    <TD>0.41</TD>
  </TR>
  <TR>
    <TD>3025.0</TD>
    <TD>241.1801</TD>
    <TD>55.0927</TD>
    <TD>259.671</TD>
    <TD>1630.672</TD>
    <TD>23.3785</TD>
    <TD>0.1155</TD>
    <TD>22.7136</TD>
    <TD>0.2081</TD>
    <TD>22.7136</TD>
    <TD>0.2081</TD>
    <TD>0.03</TD>
  </TR>
  <TR>
    <TD>3026.0</TD>
    <TD>241.1794</TD>
    <TD>55.09852</TD>
    <TD>195.352</TD>
    <TD>1635.432</TD>
    <TD>22.8633</TD>
    <TD>0.0902</TD>
    <TD>22.5195</TD>
    <TD>0.1203</TD>
    <TD>22.5195</TD>
    <TD>0.1203</TD>
    <TD>0.03</TD>
  </TR>
  <TR>
    <TD>3027.0</TD>
    <TD>241.1795</TD>
    <TD>54.94188</TD>
    <TD>1913.725</TD>
    <TD>1611.641</TD>
    <TD>25.0808</TD>
    <TD>0.2372</TD>
    <TD>23.6041</TD>
    <TD>0.2441</TD>
    <TD>23.6041</TD>
    <TD>0.2441</TD>
    <TD>0.45</TD>
  </TR>
  <TR>
    <TD>3028.0</TD>
    <TD>241.1783</TD>
    <TD>54.94174</TD>
    <TD>1915.332</TD>
    <TD>1618.82</TD>
    <TD>23.7405</TD>
    <TD>0.14</TD>
    <TD>23.2905</TD>
    <TD>0.2119</TD>
    <TD>23.2905</TD>
    <TD>0.2119</TD>
    <TD>0.36</TD>
  </TR>
  <TR>
    <TD>3029.0</TD>
    <TD>241.1822</TD>
    <TD>55.05618</TD>
    <TD>662.335</TD>
    <TD>1612.317</TD>
    <TD>26.2125</TD>
    <TD>0.4707</TD>
    <TD>24.8285</TD>
    <TD>0.4714</TD>
    <TD>24.8285</TD>
    <TD>0.4714</TD>
    <TD>0.35</TD>
  </TR>
  <TR>
    <TD>3030.0</TD>
    <TD>241.1812</TD>
    <TD>55.05032</TD>
    <TD>726.896</TD>
    <TD>1617.709</TD>
    <TD>23.9992</TD>
    <TD>0.1103</TD>
    <TD>23.9029</TD>
    <TD>0.1423</TD>
    <TD>23.9029</TD>
    <TD>0.1423</TD>
    <TD>0.75</TD>
  </TR>
  <TR>
    <TD>3031.0</TD>
    <TD>241.18</TD>
    <TD>55.01299</TD>
    <TD>1136.928</TD>
    <TD>1619.294</TD>
    <TD>24.5851</TD>
    <TD>0.2025</TD>
    <TD>23.9258</TD>
    <TD>0.3195</TD>
    <TD>23.9258</TD>
    <TD>0.3195</TD>
    <TD>0.48</TD>
  </TR>
  <TR>
    <TD>3032.0</TD>
    <TD>241.1829</TD>
    <TD>55.10582</TD>
    <TD>114.001</TD>
    <TD>1614.521</TD>
    <TD>25.3924</TD>
    <TD>0.2592</TD>
    <TD>24.611</TD>
    <TD>0.3464</TD>
    <TD>24.611</TD>
    <TD>0.3464</TD>
    <TD>0.42</TD>
  </TR>
  <TR>
    <TD>3033.0</TD>
    <TD>241.1818</TD>
    <TD>55.07095</TD>
    <TD>499.617</TD>
    <TD>1616.828</TD>
    <TD>25.2495</TD>
    <TD>0.2965</TD>
    <TD>23.7677</TD>
    <TD>0.3158</TD>
    <TD>23.7677</TD>
    <TD>0.3158</TD>
    <TD>0.35</TD>
  </TR>
  <TR>
    <TD>3034.0</TD>
    <TD>241.181</TD>
    <TD>55.04818</TD>
    <TD>750.454</TD>
    <TD>1618.399</TD>
    <TD>24.5094</TD>
    <TD>0.1436</TD>
    <TD>24.6264</TD>
    <TD>0.2355</TD>
    <TD>24.6264</TD>
    <TD>0.2355</TD>
    <TD>0.43</TD>
  </TR>
  <TR>
    <TD>3035.0</TD>
    <TD>241.1783</TD>
    <TD>55.02551</TD>
    <TD>999.885</TD>
    <TD>1631.912</TD>
    <TD>23.3128</TD>
    <TD>0.1164</TD>
    <TD>22.7588</TD>
    <TD>0.193</TD>
    <TD>22.7588</TD>
    <TD>0.193</TD>
    <TD>0.55</TD>
  </TR>
  <TR>
    <TD>3036.0</TD>
    <TD>241.1803</TD>
    <TD>55.0458</TD>
    <TD>776.798</TD>
    <TD>1622.44</TD>
    <TD>24.0407</TD>
    <TD>0.1301</TD>
    <TD>24.0591</TD>
    <TD>0.1934</TD>
    <TD>24.0591</TD>
    <TD>0.1934</TD>
    <TD>0.67</TD>
  </TR>
  <TR>
    <TD>3037.0</TD>
    <TD>241.1747</TD>
    <TD>55.04186</TD>
    <TD>820.901</TD>
    <TD>1656.673</TD>
    <TD>22.6363</TD>
    <TD>0.0824</TD>
    <TD>22.0556</TD>
    <TD>0.1479</TD>
    <TD>22.0556</TD>
    <TD>0.1479</TD>
    <TD>0.0</TD>
  </TR>
  <TR>
    <TD>3038.0</TD>
    <TD>241.1809</TD>
    <TD>55.10252</TD>
    <TD>150.959</TD>
    <TD>1626.758</TD>
    <TD>23.7016</TD>
    <TD>0.1002</TD>
    <TD>23.678</TD>
    <TD>0.142</TD>
    <TD>23.678</TD>
    <TD>0.142</TD>
    <TD>0.64</TD>
  </TR>
  <TR>
    <TD>3039.0</TD>
    <TD>241.1795</TD>
    <TD>55.04461</TD>
    <TD>789.962</TD>
    <TD>1627.639</TD>
    <TD>24.6776</TD>
    <TD>0.2002</TD>
    <TD>24.0758</TD>
    <TD>0.2917</TD>
    <TD>24.0758</TD>
    <TD>0.2917</TD>
    <TD>0.48</TD>
  </TR>
  <TR>
    <TD>3040.0</TD>
    <TD>241.1591</TD>
    <TD>55.06972</TD>
    <TD>516.443</TD>
    <TD>1758.288</TD>
    <TD>19.5484</TD>
    <TD>0.0124</TD>
    <TD>19.5023</TD>
    <TD>0.0148</TD>
    <TD>19.5023</TD>
    <TD>0.0148</TD>
    <TD>0.02</TD>
  </TR>
  <TR>
    <TD>3041.0</TD>
    <TD>241.1751</TD>
    <TD>54.93408</TD>
    <TD>1999.23</TD>
    <TD>1637.917</TD>
    <TD>23.6381</TD>
    <TD>0.1348</TD>
    <TD>22.9054</TD>
    <TD>0.2221</TD>
    <TD>22.9054</TD>
    <TD>0.2221</TD>
    <TD>0.49</TD>
  </TR>
  <TR>
    <TD>3042.0</TD>
    <TD>241.176</TD>
    <TD>54.9468</TD>
    <TD>1860.546</TD>
    <TD>1633.998</TD>
    <TD>25.1973</TD>
    <TD>0.2829</TD>
    <TD>24.2087</TD>
    <TD>0.4675</TD>
    <TD>24.2087</TD>
    <TD>0.4675</TD>
    <TD>0.36</TD>
  </TR>
  <TR>
    <TD>3043.0</TD>
    <TD>241.1796</TD>
    <TD>55.08838</TD>
    <TD>307.488</TD>
    <TD>1633.011</TD>
    <TD>25.3269</TD>
    <TD>0.2955</TD>
    <TD>24.1654</TD>
    <TD>0.377</TD>
    <TD>24.1654</TD>
    <TD>0.377</TD>
    <TD>0.45</TD>
  </TR>
  <TR>
    <TD>3044.0</TD>
    <TD>241.1785</TD>
    <TD>55.03248</TD>
    <TD>923.375</TD>
    <TD>1631.716</TD>
    <TD>25.4993</TD>
    <TD>0.2498</TD>
    <TD>25.3909</TD>
    <TD>0.3129</TD>
    <TD>25.3909</TD>
    <TD>0.3129</TD>
    <TD>0.38</TD>
  </TR>
  <TR>
    <TD>3045.0</TD>
    <TD>241.1781</TD>
    <TD>55.04914</TD>
    <TD>740.318</TD>
    <TD>1636.721</TD>
    <TD>23.7726</TD>
    <TD>0.1067</TD>
    <TD>23.641</TD>
    <TD>0.1374</TD>
    <TD>23.641</TD>
    <TD>0.1374</TD>
    <TD>0.65</TD>
  </TR>
  <TR>
    <TD>3046.0</TD>
    <TD>241.1741</TD>
    <TD>55.03735</TD>
    <TD>870.536</TD>
    <TD>1659.684</TD>
    <TD>21.4725</TD>
    <TD>0.0341</TD>
    <TD>21.3282</TD>
    <TD>0.0513</TD>
    <TD>21.3282</TD>
    <TD>0.0513</TD>
    <TD>0.01</TD>
  </TR>
  <TR>
    <TD>3047.0</TD>
    <TD>241.1759</TD>
    <TD>54.9671</TD>
    <TD>1639.238</TD>
    <TD>1638.082</TD>
    <TD>24.9453</TD>
    <TD>0.2259</TD>
    <TD>24.3005</TD>
    <TD>0.3805</TD>
    <TD>24.3005</TD>
    <TD>0.3805</TD>
    <TD>0.37</TD>
  </TR>
  <TR>
    <TD>3048.0</TD>
    <TD>241.1742</TD>
    <TD>54.99606</TD>
    <TD>1323.074</TD>
    <TD>1652.972</TD>
    <TD>24.1853</TD>
    <TD>0.1786</TD>
    <TD>23.7828</TD>
    <TD>0.3009</TD>
    <TD>23.7828</TD>
    <TD>0.3009</TD>
    <TD>0.39</TD>
  </TR>
  <TR>
    <TD>3049.0</TD>
    <TD>241.1753</TD>
    <TD>54.94167</TD>
    <TD>1916.52</TD>
    <TD>1637.507</TD>
    <TD>25.0402</TD>
    <TD>0.2618</TD>
    <TD>25.5496</TD>
    <TD>0.5804</TD>
    <TD>25.5496</TD>
    <TD>0.5804</TD>
    <TD>0.36</TD>
  </TR>
  <TR>
    <TD>3050.0</TD>
    <TD>241.1764</TD>
    <TD>54.98821</TD>
    <TD>1408.679</TD>
    <TD>1638.36</TD>
    <TD>25.8361</TD>
    <TD>0.3363</TD>
    <TD>25.6286</TD>
    <TD>0.8222</TD>
    <TD>25.6286</TD>
    <TD>0.8222</TD>
    <TD>0.36</TD>
  </TR>
  <TR>
    <TD>3051.0</TD>
    <TD>241.1691</TD>
    <TD>55.07364</TD>
    <TD>471.83</TD>
    <TD>1696.223</TD>
    <TD>21.217</TD>
    <TD>0.0312</TD>
    <TD>21.0963</TD>
    <TD>0.0437</TD>
    <TD>21.0963</TD>
    <TD>0.0437</TD>
    <TD>0.01</TD>
  </TR>
  <TR>
    <TD>3052.0</TD>
    <TD>241.1767</TD>
    <TD>55.01412</TD>
    <TD>1125.01</TD>
    <TD>1640.512</TD>
    <TD>25.3655</TD>
    <TD>0.3058</TD>
    <TD>24.5918</TD>
    <TD>0.4067</TD>
    <TD>24.5918</TD>
    <TD>0.4067</TD>
    <TD>0.35</TD>
  </TR>
  <TR>
    <TD>3053.0</TD>
    <TD>241.171</TD>
    <TD>55.02523</TD>
    <TD>1004.011</TD>
    <TD>1677.531</TD>
    <TD>20.7999</TD>
    <TD>0.0253</TD>
    <TD>20.7139</TD>
    <TD>0.0327</TD>
    <TD>20.7139</TD>
    <TD>0.0327</TD>
    <TD>0.01</TD>
  </TR>
  <TR>
    <TD>3054.0</TD>
    <TD>241.169</TD>
    <TD>54.95829</TD>
    <TD>1736.326</TD>
    <TD>1679.757</TD>
    <TD>20.1033</TD>
    <TD>0.0154</TD>
    <TD>20.0705</TD>
    <TD>0.019</TD>
    <TD>20.0705</TD>
    <TD>0.019</TD>
    <TD>0.02</TD>
  </TR>
  <TR>
    <TD>3055.0</TD>
    <TD>241.1753</TD>
    <TD>54.98128</TD>
    <TD>1484.494</TD>
    <TD>1644.158</TD>
    <TD>25.5329</TD>
    <TD>0.3554</TD>
    <TD>24.7148</TD>
    <TD>0.3689</TD>
    <TD>24.7148</TD>
    <TD>0.3689</TD>
    <TD>0.35</TD>
  </TR>
  <TR>
    <TD>3056.0</TD>
    <TD>241.1731</TD>
    <TD>54.96261</TD>
    <TD>1688.563</TD>
    <TD>1654.564</TD>
    <TD>24.0547</TD>
    <TD>0.1589</TD>
    <TD>23.4428</TD>
    <TD>0.2637</TD>
    <TD>23.4428</TD>
    <TD>0.2637</TD>
    <TD>0.34</TD>
  </TR>
  <TR>
    <TD>3057.0</TD>
    <TD>241.1758</TD>
    <TD>55.03872</TD>
    <TD>855.241</TD>
    <TD>1649.775</TD>
    <TD>23.888</TD>
    <TD>0.1505</TD>
    <TD>23.1869</TD>
    <TD>0.2311</TD>
    <TD>23.1869</TD>
    <TD>0.2311</TD>
    <TD>0.58</TD>
  </TR>
  <TR>
    <TD>3058.0</TD>
    <TD>241.1729</TD>
    <TD>54.95154</TD>
    <TD>1809.312</TD>
    <TD>1654.381</TD>
    <TD>23.3113</TD>
    <TD>0.1162</TD>
    <TD>22.5774</TD>
    <TD>0.1823</TD>
    <TD>22.5774</TD>
    <TD>0.1823</TD>
    <TD>0.01</TD>
  </TR>
  <TR>
    <TD>3059.0</TD>
    <TD>241.1741</TD>
    <TD>55.05696</TD>
    <TD>654.891</TD>
    <TD>1662.947</TD>
    <TD>24.7418</TD>
    <TD>0.212</TD>
    <TD>24.6139</TD>
    <TD>0.5687</TD>
    <TD>24.6139</TD>
    <TD>0.5687</TD>
    <TD>0.35</TD>
  </TR>
  <TR>
    <TD>3060.0</TD>
    <TD>241.1698</TD>
    <TD>55.0004</TD>
    <TD>1276.295</TD>
    <TD>1681.518</TD>
    <TD>20.3593</TD>
    <TD>0.0202</TD>
    <TD>20.323</TD>
    <TD>0.0264</TD>
    <TD>20.323</TD>
    <TD>0.0264</TD>
    <TD>0.01</TD>
  </TR>
  <TR>
    <TD>3061.0</TD>
    <TD>241.1774</TD>
    <TD>55.0759</TD>
    <TD>445.644</TD>
    <TD>1644.707</TD>
    <TD>25.9115</TD>
    <TD>0.3596</TD>
    <TD>25.4057</TD>
    <TD>0.317</TD>
    <TD>25.4057</TD>
    <TD>0.317</TD>
    <TD>0.36</TD>
  </TR>
  <TR>
    <TD>3062.0</TD>
    <TD>241.1743</TD>
    <TD>54.94371</TD>
    <TD>1894.414</TD>
    <TD>1644.532</TD>
    <TD>25.128</TD>
    <TD>0.2054</TD>
    <TD>25.1582</TD>
    <TD>0.3534</TD>
    <TD>25.1582</TD>
    <TD>0.3534</TD>
    <TD>0.46</TD>
  </TR>
  <TR>
    <TD>3063.0</TD>
    <TD>241.1743</TD>
    <TD>55.046</TD>
    <TD>775.472</TD>
    <TD>1659.783</TD>
    <TD>23.885</TD>
    <TD>0.1468</TD>
    <TD>23.4905</TD>
    <TD>0.193</TD>
    <TD>23.4905</TD>
    <TD>0.193</TD>
    <TD>0.17</TD>
  </TR>
  <TR>
    <TD>3064.0</TD>
    <TD>241.1763</TD>
    <TD>55.05224</TD>
    <TD>706.561</TD>
    <TD>1648.251</TD>
    <TD>25.4596</TD>
    <TD>0.3053</TD>
    <TD>24.9072</TD>
    <TD>0.4809</TD>
    <TD>24.9072</TD>
    <TD>0.4809</TD>
    <TD>0.47</TD>
  </TR>
  <TR>
    <TD>3065.0</TD>
    <TD>241.175</TD>
    <TD>55.02981</TD>
    <TD>953.191</TD>
    <TD>1653.223</TD>
    <TD>24.1427</TD>
    <TD>0.1673</TD>
    <TD>23.5331</TD>
    <TD>0.3043</TD>
    <TD>23.5331</TD>
    <TD>0.3043</TD>
    <TD>0.44</TD>
  </TR>
  <TR>
    <TD>3066.0</TD>
    <TD>241.1729</TD>
    <TD>55.0132</TD>
    <TD>1135.631</TD>
    <TD>1663.97</TD>
    <TD>22.9078</TD>
    <TD>0.1004</TD>
    <TD>21.9525</TD>
    <TD>0.139</TD>
    <TD>21.9525</TD>
    <TD>0.139</TD>
    <TD>0.11</TD>
  </TR>
  <TR>
    <TD>3067.0</TD>
    <TD>241.1753</TD>
    <TD>55.02998</TD>
    <TD>951.33</TD>
    <TD>1651.344</TD>
    <TD>24.6787</TD>
    <TD>0.2201</TD>
    <TD>23.6182</TD>
    <TD>0.3317</TD>
    <TD>24.033</TD>
    <TD>0.2067</TD>
    <TD>0.45</TD>
  </TR>
  <TR>
    <TD>3068.0</TD>
    <TD>241.1701</TD>
    <TD>55.06791</TD>
    <TD>534.868</TD>
    <TD>1689.17</TD>
    <TD>21.3114</TD>
    <TD>0.0352</TD>
    <TD>21.2047</TD>
    <TD>0.0475</TD>
    <TD>21.2047</TD>
    <TD>0.0475</TD>
    <TD>0.01</TD>
  </TR>
  <TR>
    <TD>3069.0</TD>
    <TD>241.1728</TD>
    <TD>54.9684</TD>
    <TD>1625.456</TD>
    <TD>1657.657</TD>
    <TD>23.7582</TD>
    <TD>0.1368</TD>
    <TD>22.8659</TD>
    <TD>0.2286</TD>
    <TD>22.8659</TD>
    <TD>0.2286</TD>
    <TD>0.55</TD>
  </TR>
  <TR>
    <TD>3070.0</TD>
    <TD>241.1738</TD>
    <TD>54.98243</TD>
    <TD>1472.169</TD>
    <TD>1653.733</TD>
    <TD>24.1929</TD>
    <TD>0.1845</TD>
    <TD>23.3731</TD>
    <TD>0.2629</TD>
    <TD>23.3731</TD>
    <TD>0.2629</TD>
    <TD>0.04</TD>
  </TR>
  <TR>
    <TD>3071.0</TD>
    <TD>241.1761</TD>
    <TD>55.05135</TD>
    <TD>716.313</TD>
    <TD>1649.29</TD>
    <TD>25.6177</TD>
    <TD>0.2772</TD>
    <TD>25.334</TD>
    <TD>0.2973</TD>
    <TD>25.334</TD>
    <TD>0.2973</TD>
    <TD>0.4</TD>
  </TR>
  <TR>
    <TD>3072.0</TD>
    <TD>241.1738</TD>
    <TD>54.95773</TD>
    <TD>1741.786</TD>
    <TD>1649.62</TD>
    <TD>25.4028</TD>
    <TD>0.2902</TD>
    <TD>24.7712</TD>
    <TD>0.3552</TD>
    <TD>24.7712</TD>
    <TD>0.3552</TD>
    <TD>0.37</TD>
  </TR>
  <TR>
    <TD>3073.0</TD>
    <TD>241.1764</TD>
    <TD>55.08263</TD>
    <TD>371.499</TD>
    <TD>1652.003</TD>
    <TD>24.2609</TD>
    <TD>0.186</TD>
    <TD>24.3435</TD>
    <TD>0.3633</TD>
    <TD>24.3435</TD>
    <TD>0.3633</TD>
    <TD>0.44</TD>
  </TR>
  <TR>
    <TD>3074.0</TD>
    <TD>241.1761</TD>
    <TD>55.05261</TD>
    <TD>702.438</TD>
    <TD>1649.492</TD>
    <TD>25.4467</TD>
    <TD>0.272</TD>
    <TD>25.3673</TD>
    <TD>0.4272</TD>
    <TD>25.3673</TD>
    <TD>0.4272</TD>
    <TD>0.41</TD>
  </TR>
  <TR>
    <TD>3075.0</TD>
    <TD>241.1734</TD>
    <TD>54.9493</TD>
    <TD>1833.683</TD>
    <TD>1650.675</TD>
    <TD>25.7415</TD>
    <TD>0.3092</TD>
    <TD>24.7934</TD>
    <TD>0.3764</TD>
    <TD>24.7934</TD>
    <TD>0.3764</TD>
    <TD>0.36</TD>
  </TR>
  <TR>
    <TD>3076.0</TD>
    <TD>241.1735</TD>
    <TD>54.96416</TD>
    <TD>1671.674</TD>
    <TD>1652.312</TD>
    <TD>25.8446</TD>
    <TD>0.3389</TD>
    <TD>25.9592</TD>
    <TD>1.1898</TD>
    <TD>25.9592</TD>
    <TD>1.1898</TD>
    <TD>0.36</TD>
  </TR>
  <TR>
    <TD>3077.0</TD>
    <TD>241.1757</TD>
    <TD>55.09782</TD>
    <TD>203.667</TD>
    <TD>1658.387</TD>
    <TD>23.7717</TD>
    <TD>0.1102</TD>
    <TD>24.0448</TD>
    <TD>0.1943</TD>
    <TD>24.0448</TD>
    <TD>0.1943</TD>
    <TD>0.86</TD>
  </TR>
  <TR>
    <TD>3078.0</TD>
    <TD>241.1726</TD>
    <TD>55.02815</TD>
    <TD>971.807</TD>
    <TD>1668.047</TD>
    <TD>23.5576</TD>
    <TD>0.1316</TD>
    <TD>22.5812</TD>
    <TD>0.1739</TD>
    <TD>22.5812</TD>
    <TD>0.1739</TD>
    <TD>0.47</TD>
  </TR>
  <TR>
    <TD>3079.0</TD>
    <TD>241.1754</TD>
    <TD>55.07917</TD>
    <TD>409.839</TD>
    <TD>1657.843</TD>
    <TD>24.9025</TD>
    <TD>0.2026</TD>
    <TD>25.2282</TD>
    <TD>0.4058</TD>
    <TD>25.2282</TD>
    <TD>0.4058</TD>
    <TD>0.65</TD>
  </TR>
  <TR>
    <TD>3080.0</TD>
    <TD>241.1724</TD>
    <TD>55.01249</TD>
    <TD>1143.525</TD>
    <TD>1666.757</TD>
    <TD>23.8965</TD>
    <TD>0.1483</TD>
    <TD>22.6795</TD>
    <TD>0.1614</TD>
    <TD>23.3505</TD>
    <TD>0.1447</TD>
    <TD>0.47</TD>
  </TR>
  <TR>
    <TD>3081.0</TD>
    <TD>241.1714</TD>
    <TD>54.93672</TD>
    <TD>1971.0</TD>
    <TD>1661.435</TD>
    <TD>25.9158</TD>
    <TD>0.4134</TD>
    <TD>24.4202</TD>
    <TD>0.393</TD>
    <TD>24.4202</TD>
    <TD>0.393</TD>
    <TD>0.39</TD>
  </TR>
  <TR>
    <TD>3082.0</TD>
    <TD>241.1729</TD>
    <TD>54.98319</TD>
    <TD>1463.956</TD>
    <TD>1659.281</TD>
    <TD>24.9169</TD>
    <TD>0.2345</TD>
    <TD>24.1506</TD>
    <TD>0.3148</TD>
    <TD>24.1506</TD>
    <TD>0.3148</TD>
    <TD>0.35</TD>
  </TR>
  <TR>
    <TD>3083.0</TD>
    <TD>241.1748</TD>
    <TD>55.08859</TD>
    <TD>305.968</TD>
    <TD>1662.988</TD>
    <TD>24.9496</TD>
    <TD>0.2414</TD>
    <TD>23.526</TD>
    <TD>0.259</TD>
    <TD>23.526</TD>
    <TD>0.259</TD>
    <TD>0.44</TD>
  </TR>
  <TR>
    <TD>3084.0</TD>
    <TD>241.1754</TD>
    <TD>55.07741</TD>
    <TD>429.321</TD>
    <TD>1657.682</TD>
    <TD>25.6986</TD>
    <TD>0.2977</TD>
    <TD>25.4116</TD>
    <TD>0.3187</TD>
    <TD>25.4116</TD>
    <TD>0.3187</TD>
    <TD>0.38</TD>
  </TR>
  <TR>
    <TD>3085.0</TD>
    <TD>241.1721</TD>
    <TD>55.06639</TD>
    <TD>551.338</TD>
    <TD>1676.854</TD>
    <TD>23.5723</TD>
    <TD>0.1271</TD>
    <TD>23.2436</TD>
    <TD>0.1617</TD>
    <TD>23.2436</TD>
    <TD>0.1617</TD>
    <TD>0.28</TD>
  </TR>
  <TR>
    <TD>3086.0</TD>
    <TD>241.1754</TD>
    <TD>55.10482</TD>
    <TD>126.252</TD>
    <TD>1661.265</TD>
    <TD>25.7805</TD>
    <TD>0.3662</TD>
    <TD>24.3516</TD>
    <TD>0.3783</TD>
    <TD>24.3516</TD>
    <TD>0.3783</TD>
    <TD>0.46</TD>
  </TR>
  <TR>
    <TD>3087.0</TD>
    <TD>241.1759</TD>
    <TD>55.11077</TD>
    <TD>60.304</TD>
    <TD>1659.311</TD>
    <TD>26.112</TD>
    <TD>0.4302</TD>
    <TD>25.1953</TD>
    <TD>0.5019</TD>
    <TD>25.1953</TD>
    <TD>0.5019</TD>
    <TD>0.35</TD>
  </TR>
  <TR>
    <TD>3088.0</TD>
    <TD>241.1734</TD>
    <TD>55.01237</TD>
    <TD>1144.679</TD>
    <TD>1660.324</TD>
    <TD>25.6959</TD>
    <TD>0.297</TD>
    <TD>25.1184</TD>
    <TD>0.4475</TD>
    <TD>25.1184</TD>
    <TD>0.4475</TD>
    <TD>0.36</TD>
  </TR>
  <TR>
    <TD>3089.0</TD>
    <TD>241.1691</TD>
    <TD>54.98038</TD>
    <TD>1495.234</TD>
    <TD>1682.643</TD>
    <TD>22.2714</TD>
    <TD>0.0616</TD>
    <TD>22.1044</TD>
    <TD>0.0839</TD>
    <TD>22.1044</TD>
    <TD>0.0839</TD>
    <TD>0.0</TD>
  </TR>
  <TR>
    <TD>3090.0</TD>
    <TD>241.1602</TD>
    <TD>55.02213</TD>
    <TD>1039.536</TD>
    <TD>1744.233</TD>
    <TD>21.595</TD>
    <TD>0.0396</TD>
    <TD>21.5435</TD>
    <TD>0.0562</TD>
    <TD>21.4111</TD>
    <TD>0.0411</TD>
    <TD>0.01</TD>
  </TR>
  <TR>
    <TD>3091.0</TD>
    <TD>241.1613</TD>
    <TD>55.02045</TD>
    <TD>1057.805</TD>
    <TD>1737.461</TD>
    <TD>17.1176</TD>
    <TD>0.0023</TD>
    <TD>17.1474</TD>
    <TD>0.0021</TD>
    <TD>17.1474</TD>
    <TD>0.0021</TD>
    <TD>0.12</TD>
  </TR>
  <TR>
    <TD>3092.0</TD>
    <TD>241.1746</TD>
    <TD>55.11574</TD>
    <TD>5.327</TD>
    <TD>1667.786</TD>
    <TD>24.382</TD>
    <TD>0.1954</TD>
    <TD>23.4658</TD>
    <TD>0.1887</TD>
    <TD>23.4658</TD>
    <TD>0.1887</TD>
    <TD>0.37</TD>
  </TR>
  <TR>
    <TD>3093.0</TD>
    <TD>241.175</TD>
    <TD>55.09226</TD>
    <TD>265.279</TD>
    <TD>1662.337</TD>
    <TD>25.8044</TD>
    <TD>0.327</TD>
    <TD>25.2467</TD>
    <TD>0.5693</TD>
    <TD>25.2467</TD>
    <TD>0.5693</TD>
    <TD>0.36</TD>
  </TR>
  <TR>
    <TD>3094.0</TD>
    <TD>241.1753</TD>
    <TD>55.11087</TD>
    <TD>59.25</TD>
    <TD>1662.629</TD>
    <TD>25.7124</TD>
    <TD>0.3014</TD>
    <TD>25.173</TD>
    <TD>0.3281</TD>
    <TD>25.173</TD>
    <TD>0.3281</TD>
    <TD>0.4</TD>
  </TR>
  <TR>
    <TD>3095.0</TD>
    <TD>241.1747</TD>
    <TD>55.10933</TD>
    <TD>76.408</TD>
    <TD>1666.229</TD>
    <TD>25.5429</TD>
    <TD>0.3289</TD>
    <TD>24.8363</TD>
    <TD>0.2941</TD>
    <TD>24.8363</TD>
    <TD>0.2941</TD>
    <TD>0.37</TD>
  </TR>
  <TR>
    <TD>3096.0</TD>
    <TD>241.1625</TD>
    <TD>55.04589</TD>
    <TD>778.352</TD>
    <TD>1733.428</TD>
    <TD>18.8104</TD>
    <TD>0.0078</TD>
    <TD>18.7942</TD>
    <TD>0.0088</TD>
    <TD>18.7942</TD>
    <TD>0.0088</TD>
    <TD>0.03</TD>
  </TR>
  <TR>
    <TD>3097.0</TD>
    <TD>241.1714</TD>
    <TD>54.99439</TD>
    <TD>1341.816</TD>
    <TD>1670.341</TD>
    <TD>24.8894</TD>
    <TD>0.2418</TD>
    <TD>24.0863</TD>
    <TD>0.3106</TD>
    <TD>24.0863</TD>
    <TD>0.3106</TD>
    <TD>0.36</TD>
  </TR>
  <TR>
    <TD>3098.0</TD>
    <TD>241.1651</TD>
    <TD>54.95583</TD>
    <TD>1763.64</TD>
    <TD>1703.682</TD>
    <TD>21.0104</TD>
    <TD>0.0286</TD>
    <TD>20.8677</TD>
    <TD>0.0414</TD>
    <TD>20.8677</TD>
    <TD>0.0414</TD>
    <TD>0.01</TD>
  </TR>
  <TR>
    <TD>3099.0</TD>
    <TD>241.1722</TD>
    <TD>55.01687</TD>
    <TD>1095.491</TD>
    <TD>1668.534</TD>
    <TD>25.611</TD>
    <TD>0.3148</TD>
    <TD>25.0268</TD>
    <TD>0.5063</TD>
    <TD>25.0268</TD>
    <TD>0.5063</TD>
    <TD>0.43</TD>
  </TR>
  <TR>
    <TD>3100.0</TD>
    <TD>241.1712</TD>
    <TD>55.01304</TD>
    <TD>1137.631</TD>
    <TD>1674.678</TD>
    <TD>24.8503</TD>
    <TD>0.2568</TD>
    <TD>22.9346</TD>
    <TD>0.1835</TD>
    <TD>22.9346</TD>
    <TD>0.1835</TD>
    <TD>0.43</TD>
  </TR>
  <TR>
    <TD>3101.0</TD>
    <TD>241.1701</TD>
    <TD>54.93771</TD>
    <TD>1960.347</TD>
    <TD>1669.295</TD>
    <TD>25.8337</TD>
    <TD>0.3356</TD>
    <TD>24.783</TD>
    <TD>0.3728</TD>
    <TD>24.783</TD>
    <TD>0.3728</TD>
    <TD>0.42</TD>
  </TR>
  <TR>
    <TD>3102.0</TD>
    <TD>241.1704</TD>
    <TD>54.95625</TD>
    <TD>1758.349</TD>
    <TD>1670.291</TD>
    <TD>25.8313</TD>
    <TD>0.3349</TD>
    <TD>24.6915</TD>
    <TD>0.4107</TD>
    <TD>24.6915</TD>
    <TD>0.4107</TD>
    <TD>0.41</TD>
  </TR>
  <TR>
    <TD>3103.0</TD>
    <TD>241.1729</TD>
    <TD>55.11084</TD>
    <TD>59.901</TD>
    <TD>1678.164</TD>
    <TD>23.9876</TD>
    <TD>0.1497</TD>
    <TD>23.8402</TD>
    <TD>0.3712</TD>
    <TD>23.8402</TD>
    <TD>0.3712</TD>
    <TD>0.48</TD>
  </TR>
  <TR>
    <TD>3104.0</TD>
    <TD>241.1693</TD>
    <TD>54.96226</TD>
    <TD>1692.903</TD>
    <TD>1678.32</TD>
    <TD>24.2376</TD>
    <TD>0.1717</TD>
    <TD>23.3163</TD>
    <TD>0.2298</TD>
    <TD>23.3163</TD>
    <TD>0.2298</TD>
    <TD>0.48</TD>
  </TR>
  <TR>
    <TD>3105.0</TD>
    <TD>241.1712</TD>
    <TD>55.02828</TD>
    <TD>970.502</TD>
    <TD>1677.01</TD>
    <TD>24.7956</TD>
    <TD>0.2445</TD>
    <TD>23.2742</TD>
    <TD>0.2465</TD>
    <TD>23.2742</TD>
    <TD>0.2465</TD>
    <TD>0.44</TD>
  </TR>
  <TR>
    <TD>3106.0</TD>
    <TD>241.1504</TD>
    <TD>54.99893</TD>
    <TD>1295.02</TD>
    <TD>1802.376</TD>
    <TD>15.273</TD>
    <TD>8.0E-4</TD>
    <TD>15.3025</TD>
    <TD>7.0E-4</TD>
    <TD>15.3025</TD>
    <TD>7.0E-4</TD>
    <TD>0.99</TD>
  </TR>
  <TR>
    <TD>3107.0</TD>
    <TD>241.1734</TD>
    <TD>55.09362</TD>
    <TD>250.468</TD>
    <TD>1672.465</TD>
    <TD>25.511</TD>
    <TD>0.288</TD>
    <TD>24.899</TD>
    <TD>0.4364</TD>
    <TD>24.899</TD>
    <TD>0.4364</TD>
    <TD>0.36</TD>
  </TR>
  <TR>
    <TD>3108.0</TD>
    <TD>241.1697</TD>
    <TD>55.0217</TD>
    <TD>1042.911</TD>
    <TD>1684.97</TD>
    <TD>23.694</TD>
    <TD>0.1368</TD>
    <TD>23.1622</TD>
    <TD>0.1931</TD>
    <TD>23.1622</TD>
    <TD>0.1931</TD>
    <TD>0.49</TD>
  </TR>
  <TR>
    <TD>3109.0</TD>
    <TD>241.1727</TD>
    <TD>55.10928</TD>
    <TD>77.314</TD>
    <TD>1679.188</TD>
    <TD>24.5018</TD>
    <TD>0.1798</TD>
    <TD>24.1278</TD>
    <TD>0.2332</TD>
    <TD>24.1278</TD>
    <TD>0.2332</TD>
    <TD>0.5</TD>
  </TR>
  <TR>
    <TD>3110.0</TD>
    <TD>241.1671</TD>
    <TD>55.01044</TD>
    <TD>1166.717</TD>
    <TD>1699.423</TD>
    <TD>22.3108</TD>
    <TD>0.0626</TD>
    <TD>22.1022</TD>
    <TD>0.0817</TD>
    <TD>22.1022</TD>
    <TD>0.0817</TD>
    <TD>0.0</TD>
  </TR>
  <TR>
    <TD>3111.0</TD>
    <TD>241.1728</TD>
    <TD>55.0881</TD>
    <TD>311.653</TD>
    <TD>1675.683</TD>
    <TD>25.942</TD>
    <TD>0.3695</TD>
    <TD>25.2714</TD>
    <TD>0.2811</TD>
    <TD>25.2714</TD>
    <TD>0.2811</TD>
    <TD>0.35</TD>
  </TR>
  <TR>
    <TD>3112.0</TD>
    <TD>241.1719</TD>
    <TD>55.05173</TD>
    <TD>712.734</TD>
    <TD>1675.611</TD>
    <TD>24.9841</TD>
    <TD>0.2339</TD>
    <TD>24.6824</TD>
    <TD>0.2868</TD>
    <TD>24.6824</TD>
    <TD>0.2868</TD>
    <TD>0.37</TD>
  </TR>
  <TR>
    <TD>3113.0</TD>
    <TD>241.1725</TD>
    <TD>55.08185</TD>
    <TD>380.695</TD>
    <TD>1676.639</TD>
    <TD>25.6819</TD>
    <TD>0.2934</TD>
    <TD>24.7618</TD>
    <TD>0.3974</TD>
    <TD>24.7618</TD>
    <TD>0.3974</TD>
    <TD>0.47</TD>
  </TR>
  <TR>
    <TD>3114.0</TD>
    <TD>241.1715</TD>
    <TD>55.05619</TD>
    <TD>663.774</TD>
    <TD>1678.783</TD>
    <TD>25.2429</TD>
    <TD>0.2741</TD>
    <TD>23.9677</TD>
    <TD>0.2767</TD>
    <TD>23.9677</TD>
    <TD>0.2767</TD>
    <TD>0.4</TD>
  </TR>
  <TR>
    <TD>3115.0</TD>
    <TD>241.1685</TD>
    <TD>54.94148</TD>
    <TD>1919.505</TD>
    <TD>1679.978</TD>
    <TD>25.2637</TD>
    <TD>0.2792</TD>
    <TD>24.2161</TD>
    <TD>0.3122</TD>
    <TD>24.2161</TD>
    <TD>0.3122</TD>
    <TD>0.36</TD>
  </TR>
  <TR>
    <TD>3116.0</TD>
    <TD>241.1731</TD>
    <TD>55.11584</TD>
    <TD>4.49</TD>
    <TD>1677.511</TD>
    <TD>25.8489</TD>
    <TD>0.3893</TD>
    <TD>24.9107</TD>
    <TD>0.3246</TD>
    <TD>24.9107</TD>
    <TD>0.3246</TD>
    <TD>0.35</TD>
  </TR>
  <TR>
    <TD>3117.0</TD>
    <TD>241.1707</TD>
    <TD>55.02235</TD>
    <TD>1035.695</TD>
    <TD>1678.686</TD>
    <TD>26.3882</TD>
    <TD>0.5513</TD>
    <TD>24.8076</TD>
    <TD>0.2575</TD>
    <TD>24.8076</TD>
    <TD>0.2575</TD>
    <TD>0.35</TD>
  </TR>
  <TR>
    <TD>3118.0</TD>
    <TD>241.1726</TD>
    <TD>55.10121</TD>
    <TD>166.698</TD>
    <TD>1678.677</TD>
    <TD>25.4338</TD>
    <TD>0.2358</TD>
    <TD>25.3299</TD>
    <TD>0.2962</TD>
    <TD>25.3299</TD>
    <TD>0.2962</TD>
    <TD>0.44</TD>
  </TR>
  <TR>
    <TD>3119.0</TD>
    <TD>241.1689</TD>
    <TD>55.02779</TD>
    <TD>976.224</TD>
    <TD>1690.755</TD>
    <TD>23.4509</TD>
    <TD>0.1196</TD>
    <TD>23.081</TD>
    <TD>0.1472</TD>
    <TD>23.081</TD>
    <TD>0.1472</TD>
    <TD>0.01</TD>
  </TR>
  <TR>
    <TD>3120.0</TD>
    <TD>241.1719</TD>
    <TD>55.08334</TD>
    <TD>364.318</TD>
    <TD>1680.319</TD>
    <TD>26.1566</TD>
    <TD>0.4477</TD>
    <TD>24.542</TD>
    <TD>0.3538</TD>
    <TD>24.542</TD>
    <TD>0.3538</TD>
    <TD>0.36</TD>
  </TR>
  <TR>
    <TD>3121.0</TD>
    <TD>241.1715</TD>
    <TD>55.08149</TD>
    <TD>384.819</TD>
    <TD>1682.876</TD>
    <TD>24.3028</TD>
    <TD>0.1762</TD>
    <TD>23.6065</TD>
    <TD>0.3064</TD>
    <TD>23.6065</TD>
    <TD>0.3064</TD>
    <TD>0.43</TD>
  </TR>
  <TR>
    <TD>3122.0</TD>
    <TD>241.168</TD>
    <TD>54.98542</TD>
    <TD>1440.248</TD>
    <TD>1690.08</TD>
    <TD>24.0452</TD>
    <TD>0.1656</TD>
    <TD>23.0282</TD>
    <TD>0.2188</TD>
    <TD>23.0282</TD>
    <TD>0.2188</TD>
    <TD>0.23</TD>
  </TR>
  <TR>
    <TD>3123.0</TD>
    <TD>241.17</TD>
    <TD>55.02364</TD>
    <TD>1021.601</TD>
    <TD>1683.804</TD>
    <TD>25.3912</TD>
    <TD>0.2872</TD>
    <TD>24.8354</TD>
    <TD>0.3378</TD>
    <TD>24.8354</TD>
    <TD>0.3378</TD>
    <TD>0.37</TD>
  </TR>
  <TR>
    <TD>3124.0</TD>
    <TD>241.1703</TD>
    <TD>55.05838</TD>
    <TD>639.869</TD>
    <TD>1686.882</TD>
    <TD>25.0893</TD>
    <TD>0.2569</TD>
    <TD>24.7087</TD>
    <TD>0.3901</TD>
    <TD>24.7087</TD>
    <TD>0.3901</TD>
    <TD>0.35</TD>
  </TR>
  <TR>
    <TD>3125.0</TD>
    <TD>241.1653</TD>
    <TD>54.93901</TD>
    <TD>1946.859</TD>
    <TD>1699.695</TD>
    <TD>24.7162</TD>
    <TD>0.2177</TD>
    <TD>23.2534</TD>
    <TD>0.2034</TD>
    <TD>23.2534</TD>
    <TD>0.2034</TD>
    <TD>0.37</TD>
  </TR>
  <TR>
    <TD>3126.0</TD>
    <TD>241.1704</TD>
    <TD>55.0705</TD>
    <TD>506.279</TD>
    <TD>1687.991</TD>
    <TD>25.5406</TD>
    <TD>0.2957</TD>
    <TD>24.611</TD>
    <TD>0.3669</TD>
    <TD>24.611</TD>
    <TD>0.3669</TD>
    <TD>0.37</TD>
  </TR>
  <TR>
    <TD>3127.0</TD>
    <TD>241.1711</TD>
    <TD>55.08788</TD>
    <TD>314.333</TD>
    <TD>1685.659</TD>
    <TD>26.1508</TD>
    <TD>0.4454</TD>
    <TD>25.6897</TD>
    <TD>0.854</TD>
    <TD>25.6897</TD>
    <TD>0.854</TD>
    <TD>0.35</TD>
  </TR>
  <TR>
    <TD>3128.0</TD>
    <TD>241.1604</TD>
    <TD>54.95514</TD>
    <TD>1771.712</TD>
    <TD>1732.687</TD>
    <TD>19.7202</TD>
    <TD>0.0129</TD>
    <TD>19.6572</TD>
    <TD>0.0164</TD>
    <TD>19.6572</TD>
    <TD>0.0164</TD>
    <TD>0.03</TD>
  </TR>
  <TR>
    <TD>3129.0</TD>
    <TD>241.1702</TD>
    <TD>55.05358</TD>
    <TD>692.654</TD>
    <TD>1686.691</TD>
    <TD>25.6852</TD>
    <TD>0.2942</TD>
    <TD>25.3389</TD>
    <TD>0.2986</TD>
    <TD>25.3389</TD>
    <TD>0.2986</TD>
    <TD>0.42</TD>
  </TR>
  <TR>
    <TD>3130.0</TD>
    <TD>241.1674</TD>
    <TD>54.95231</TD>
    <TD>1801.637</TD>
    <TD>1688.69</TD>
    <TD>25.8913</TD>
    <TD>0.3532</TD>
    <TD>25.1969</TD>
    <TD>0.4458</TD>
    <TD>25.1969</TD>
    <TD>0.4458</TD>
    <TD>0.44</TD>
  </TR>
  <TR>
    <TD>3131.0</TD>
    <TD>241.1667</TD>
    <TD>54.95467</TD>
    <TD>1776.083</TD>
    <TD>1693.568</TD>
    <TD>25.1155</TD>
    <TD>0.2447</TD>
    <TD>24.0714</TD>
    <TD>0.313</TD>
    <TD>24.0714</TD>
    <TD>0.313</TD>
    <TD>0.47</TD>
  </TR>
  <TR>
    <TD>3132.0</TD>
    <TD>241.1629</TD>
    <TD>55.09057</TD>
    <TD>285.745</TD>
    <TD>1737.841</TD>
    <TD>19.8666</TD>
    <TD>0.016</TD>
    <TD>19.7818</TD>
    <TD>0.0214</TD>
    <TD>19.7818</TD>
    <TD>0.0214</TD>
    <TD>0.01</TD>
  </TR>
  <TR>
    <TD>3133.0</TD>
    <TD>241.1667</TD>
    <TD>55.04472</TD>
    <TD>790.637</TD>
    <TD>1707.088</TD>
    <TD>23.1117</TD>
    <TD>0.0996</TD>
    <TD>21.999</TD>
    <TD>0.1209</TD>
    <TD>21.999</TD>
    <TD>0.1209</TD>
    <TD>0.04</TD>
  </TR>
  <TR>
    <TD>3134.0</TD>
    <TD>241.1666</TD>
    <TD>54.94376</TD>
    <TD>1894.969</TD>
    <TD>1692.015</TD>
    <TD>25.1595</TD>
    <TD>0.2735</TD>
    <TD>23.7133</TD>
    <TD>0.2563</TD>
    <TD>23.7133</TD>
    <TD>0.2563</TD>
    <TD>0.37</TD>
  </TR>
  <TR>
    <TD>3135.0</TD>
    <TD>241.1691</TD>
    <TD>55.06159</TD>
    <TD>604.601</TD>
    <TD>1694.583</TD>
    <TD>24.6101</TD>
    <TD>0.198</TD>
    <TD>23.3656</TD>
    <TD>0.2722</TD>
    <TD>23.3656</TD>
    <TD>0.2722</TD>
    <TD>0.49</TD>
  </TR>
  <TR>
    <TD>3136.0</TD>
    <TD>241.1668</TD>
    <TD>55.08081</TD>
    <TD>393.068</TD>
    <TD>1711.917</TD>
    <TD>23.2352</TD>
    <TD>0.1045</TD>
    <TD>22.9734</TD>
    <TD>0.206</TD>
    <TD>22.9734</TD>
    <TD>0.206</TD>
    <TD>0.26</TD>
  </TR>
  <TR>
    <TD>3137.0</TD>
    <TD>241.1698</TD>
    <TD>55.09598</TD>
    <TD>225.0</TD>
    <TD>1695.189</TD>
    <TD>24.425</TD>
    <TD>0.168</TD>
    <TD>24.1768</TD>
    <TD>0.1991</TD>
    <TD>24.1768</TD>
    <TD>0.1991</TD>
    <TD>0.71</TD>
  </TR>
  <TR>
    <TD>3138.0</TD>
    <TD>241.1662</TD>
    <TD>54.9449</TD>
    <TD>1882.563</TD>
    <TD>1695.247</TD>
    <TD>24.5783</TD>
    <TD>0.2097</TD>
    <TD>23.0547</TD>
    <TD>0.1996</TD>
    <TD>23.9408</TD>
    <TD>0.1976</TD>
    <TD>0.37</TD>
  </TR>
  <TR>
    <TD>3139.0</TD>
    <TD>241.1667</TD>
    <TD>54.99432</TD>
    <TD>1343.209</TD>
    <TD>1699.945</TD>
    <TD>24.7244</TD>
    <TD>0.2293</TD>
    <TD>23.9133</TD>
    <TD>0.3159</TD>
    <TD>23.9133</TD>
    <TD>0.3159</TD>
    <TD>0.36</TD>
  </TR>
  <TR>
    <TD>3140.0</TD>
    <TD>241.1659</TD>
    <TD>54.95028</TD>
    <TD>1823.97</TD>
    <TD>1697.412</TD>
    <TD>24.9571</TD>
    <TD>0.2283</TD>
    <TD>24.29</TD>
    <TD>0.3901</TD>
    <TD>24.29</TD>
    <TD>0.3901</TD>
    <TD>0.49</TD>
  </TR>
  <TR>
    <TD>3141.0</TD>
    <TD>241.1676</TD>
    <TD>55.09995</TD>
    <TD>181.389</TD>
    <TD>1709.291</TD>
    <TD>23.5584</TD>
    <TD>0.1212</TD>
    <TD>23.1848</TD>
    <TD>0.1751</TD>
    <TD>23.1848</TD>
    <TD>0.1751</TD>
    <TD>0.41</TD>
  </TR>
  <TR>
    <TD>3142.0</TD>
    <TD>241.1623</TD>
    <TD>54.93338</TD>
    <TD>2008.497</TD>
    <TD>1717.287</TD>
    <TD>22.092</TD>
    <TD>0.048</TD>
    <TD>22.0762</TD>
    <TD>0.068</TD>
    <TD>22.0762</TD>
    <TD>0.068</TD>
    <TD>0.04</TD>
  </TR>
  <TR>
    <TD>3143.0</TD>
    <TD>241.1646</TD>
    <TD>55.06364</TD>
    <TD>582.693</TD>
    <TD>1723.302</TD>
    <TD>21.3535</TD>
    <TD>0.0315</TD>
    <TD>21.3008</TD>
    <TD>0.042</TD>
    <TD>21.3008</TD>
    <TD>0.042</TD>
    <TD>0.01</TD>
  </TR>
  <TR>
    <TD>3144.0</TD>
    <TD>241.1568</TD>
    <TD>55.02517</TD>
    <TD>1006.64</TD>
    <TD>1765.901</TD>
    <TD>19.1044</TD>
    <TD>0.0091</TD>
    <TD>19.0801</TD>
    <TD>0.0108</TD>
    <TD>19.0801</TD>
    <TD>0.0108</TD>
    <TD>0.03</TD>
  </TR>
  <TR>
    <TD>3145.0</TD>
    <TD>241.1633</TD>
    <TD>54.92981</TD>
    <TD>2047.196</TD>
    <TD>1710.68</TD>
    <TD>23.6252</TD>
    <TD>0.1029</TD>
    <TD>23.5429</TD>
    <TD>0.1338</TD>
    <TD>23.5429</TD>
    <TD>0.1338</TD>
    <TD>0.55</TD>
  </TR>
  <TR>
    <TD>3146.0</TD>
    <TD>241.1647</TD>
    <TD>54.93845</TD>
    <TD>1953.017</TD>
    <TD>1703.305</TD>
    <TD>24.9699</TD>
    <TD>0.231</TD>
    <TD>23.1814</TD>
    <TD>0.1862</TD>
    <TD>23.1814</TD>
    <TD>0.1862</TD>
    <TD>0.45</TD>
  </TR>
  <TR>
    <TD>3147.0</TD>
    <TD>241.1682</TD>
    <TD>55.09439</TD>
    <TD>242.823</TD>
    <TD>1705.151</TD>
    <TD>25.4832</TD>
    <TD>0.3399</TD>
    <TD>24.5973</TD>
    <TD>0.2587</TD>
    <TD>24.5973</TD>
    <TD>0.2587</TD>
    <TD>0.37</TD>
  </TR>
  <TR>
    <TD>3148.0</TD>
    <TD>241.1621</TD>
    <TD>55.05554</TD>
    <TD>672.279</TD>
    <TD>1737.64</TD>
    <TD>20.5363</TD>
    <TD>0.0203</TD>
    <TD>20.4526</TD>
    <TD>0.0279</TD>
    <TD>20.4526</TD>
    <TD>0.0279</TD>
    <TD>0.02</TD>
  </TR>
  <TR>
    <TD>3149.0</TD>
    <TD>241.1669</TD>
    <TD>55.04044</TD>
    <TD>837.639</TD>
    <TD>1705.287</TD>
    <TD>26.1367</TD>
    <TD>0.4398</TD>
    <TD>25.4511</TD>
    <TD>0.3302</TD>
    <TD>25.4511</TD>
    <TD>0.3302</TD>
    <TD>0.35</TD>
  </TR>
  <TR>
    <TD>3150.0</TD>
    <TD>241.1675</TD>
    <TD>55.1013</TD>
    <TD>166.387</TD>
    <TD>1710.321</TD>
    <TD>23.9364</TD>
    <TD>0.1187</TD>
    <TD>23.6704</TD>
    <TD>0.1934</TD>
    <TD>23.6704</TD>
    <TD>0.1934</TD>
    <TD>0.79</TD>
  </TR>
  <TR>
    <TD>3151.0</TD>
    <TD>241.1683</TD>
    <TD>55.09275</TD>
    <TD>260.946</TD>
    <TD>1704.0</TD>
    <TD>25.7508</TD>
    <TD>0.3118</TD>
    <TD>25.3479</TD>
    <TD>0.3452</TD>
    <TD>25.3479</TD>
    <TD>0.3452</TD>
    <TD>0.36</TD>
  </TR>
  <TR>
    <TD>3152.0</TD>
    <TD>241.1627</TD>
    <TD>54.97802</TD>
    <TD>1521.819</TD>
    <TD>1722.017</TD>
    <TD>23.3358</TD>
    <TD>0.1188</TD>
    <TD>22.7199</TD>
    <TD>0.1367</TD>
    <TD>22.7199</TD>
    <TD>0.1367</TD>
    <TD>0.27</TD>
  </TR>
  <TR>
    <TD>3153.0</TD>
    <TD>241.1667</TD>
    <TD>55.03655</TD>
    <TD>880.355</TD>
    <TD>1706.307</TD>
    <TD>25.6824</TD>
    <TD>0.2935</TD>
    <TD>25.499</TD>
    <TD>0.3447</TD>
    <TD>25.499</TD>
    <TD>0.3447</TD>
    <TD>0.36</TD>
  </TR>
  <TR>
    <TD>3154.0</TD>
    <TD>241.162</TD>
    <TD>54.93142</TD>
    <TD>2029.851</TD>
    <TD>1718.818</TD>
    <TD>23.2485</TD>
    <TD>0.0999</TD>
    <TD>23.0952</TD>
    <TD>0.1365</TD>
    <TD>23.0952</TD>
    <TD>0.1365</TD>
    <TD>0.26</TD>
  </TR>
  <TR>
    <TD>3155.0</TD>
    <TD>241.1628</TD>
    <TD>55.04833</TD>
    <TD>751.424</TD>
    <TD>1732.091</TD>
    <TD>21.8718</TD>
    <TD>0.0447</TD>
    <TD>21.6332</TD>
    <TD>0.0681</TD>
    <TD>21.6332</TD>
    <TD>0.0681</TD>
    <TD>0.01</TD>
  </TR>
  <TR>
    <TD>3156.0</TD>
    <TD>241.1546</TD>
    <TD>54.98642</TD>
    <TD>1431.198</TD>
    <TD>1774.143</TD>
    <TD>19.4654</TD>
    <TD>0.0096</TD>
    <TD>19.4628</TD>
    <TD>0.0103</TD>
    <TD>19.4628</TD>
    <TD>0.0103</TD>
    <TD>0.03</TD>
  </TR>
  <TR>
    <TD>3157.0</TD>
    <TD>241.1643</TD>
    <TD>54.95293</TD>
    <TD>1795.33</TD>
    <TD>1708.306</TD>
    <TD>25.8458</TD>
    <TD>0.3392</TD>
    <TD>24.8921</TD>
    <TD>0.3642</TD>
    <TD>24.8921</TD>
    <TD>0.3642</TD>
    <TD>0.36</TD>
  </TR>
  <TR>
    <TD>3158.0</TD>
    <TD>241.1673</TD>
    <TD>55.07907</TD>
    <TD>412.215</TD>
    <TD>1708.618</TD>
    <TD>25.4098</TD>
    <TD>0.292</TD>
    <TD>24.0707</TD>
    <TD>0.3149</TD>
    <TD>24.0707</TD>
    <TD>0.3149</TD>
    <TD>0.37</TD>
  </TR>
  <TR>
    <TD>3159.0</TD>
    <TD>241.1647</TD>
    <TD>55.08094</TD>
    <TD>391.951</TD>
    <TD>1725.252</TD>
    <TD>23.8214</TD>
    <TD>0.1506</TD>
    <TD>23.1678</TD>
    <TD>0.245</TD>
    <TD>23.1678</TD>
    <TD>0.245</TD>
    <TD>0.52</TD>
  </TR>
  <TR>
    <TD>3160.0</TD>
    <TD>241.1638</TD>
    <TD>55.0029</TD>
    <TD>1249.732</TD>
    <TD>1719.021</TD>
    <TD>23.9861</TD>
    <TD>0.1533</TD>
    <TD>23.7292</TD>
    <TD>0.2177</TD>
    <TD>23.7292</TD>
    <TD>0.2177</TD>
    <TD>0.55</TD>
  </TR>
  <TR>
    <TD>3161.0</TD>
    <TD>241.1584</TD>
    <TD>54.95749</TD>
    <TD>1746.434</TD>
    <TD>1745.78</TD>
    <TD>20.191</TD>
    <TD>0.0148</TD>
    <TD>20.1763</TD>
    <TD>0.0176</TD>
    <TD>20.1763</TD>
    <TD>0.0176</TD>
    <TD>0.03</TD>
  </TR>
  <TR>
    <TD>3162.0</TD>
    <TD>241.1625</TD>
    <TD>54.94833</TD>
    <TD>1845.649</TD>
    <TD>1718.785</TD>
    <TD>24.3779</TD>
    <TD>0.1885</TD>
    <TD>22.9174</TD>
    <TD>0.1647</TD>
    <TD>22.9174</TD>
    <TD>0.1647</TD>
    <TD>0.35</TD>
  </TR>
  <TR>
    <TD>3163.0</TD>
    <TD>241.1553</TD>
    <TD>54.95641</TD>
    <TD>1758.64</TD>
    <TD>1765.112</TD>
    <TD>20.289</TD>
    <TD>0.0192</TD>
    <TD>20.197</TD>
    <TD>0.0256</TD>
    <TD>20.197</TD>
    <TD>0.0256</TD>
    <TD>0.02</TD>
  </TR>
  <TR>
    <TD>3164.0</TD>
    <TD>241.1646</TD>
    <TD>55.03798</TD>
    <TD>864.988</TD>
    <TD>1719.42</TD>
    <TD>24.3964</TD>
    <TD>0.1638</TD>
    <TD>24.3947</TD>
    <TD>0.2972</TD>
    <TD>24.3947</TD>
    <TD>0.2972</TD>
    <TD>0.62</TD>
  </TR>
  <TR>
    <TD>3165.0</TD>
    <TD>241.1636</TD>
    <TD>54.9779</TD>
    <TD>1523.049</TD>
    <TD>1716.485</TD>
    <TD>25.0809</TD>
    <TD>0.2373</TD>
    <TD>24.3999</TD>
    <TD>0.4138</TD>
    <TD>24.6921</TD>
    <TD>0.2419</TD>
    <TD>0.46</TD>
  </TR>
  <TR>
    <TD>3166.0</TD>
    <TD>241.1614</TD>
    <TD>54.93675</TD>
    <TD>1971.946</TD>
    <TD>1723.747</TD>
    <TD>24.8828</TD>
    <TD>0.2404</TD>
    <TD>22.6738</TD>
    <TD>0.1516</TD>
    <TD>24.2559</TD>
    <TD>0.2275</TD>
    <TD>0.48</TD>
  </TR>
  <TR>
    <TD>3167.0</TD>
    <TD>241.1624</TD>
    <TD>54.97099</TD>
    <TD>1598.589</TD>
    <TD>1722.744</TD>
    <TD>25.2717</TD>
    <TD>0.2582</TD>
    <TD>24.605</TD>
    <TD>0.389</TD>
    <TD>24.605</TD>
    <TD>0.389</TD>
    <TD>0.43</TD>
  </TR>
  <TR>
    <TD>3168.0</TD>
    <TD>241.1653</TD>
    <TD>55.09875</TD>
    <TD>194.997</TD>
    <TD>1723.843</TD>
    <TD>25.3645</TD>
    <TD>0.3055</TD>
    <TD>24.37</TD>
    <TD>0.3392</TD>
    <TD>24.37</TD>
    <TD>0.3392</TD>
    <TD>0.35</TD>
  </TR>
  <TR>
    <TD>3169.0</TD>
    <TD>241.1637</TD>
    <TD>55.0345</TD>
    <TD>903.352</TD>
    <TD>1724.32</TD>
    <TD>26.3391</TD>
    <TD>0.5275</TD>
    <TD>25.1519</TD>
    <TD>0.522</TD>
    <TD>25.1519</TD>
    <TD>0.522</TD>
    <TD>0.35</TD>
  </TR>
  <TR>
    <TD>3170.0</TD>
    <TD>241.16</TD>
    <TD>55.03217</TD>
    <TD>929.402</TD>
    <TD>1747.27</TD>
    <TD>21.9511</TD>
    <TD>0.0515</TD>
    <TD>21.6858</TD>
    <TD>0.0802</TD>
    <TD>21.6858</TD>
    <TD>0.0802</TD>
    <TD>0.0</TD>
  </TR>
  <TR>
    <TD>3171.0</TD>
    <TD>241.1632</TD>
    <TD>55.04277</TD>
    <TD>812.527</TD>
    <TD>1729.069</TD>
    <TD>24.4324</TD>
    <TD>0.1911</TD>
    <TD>23.7231</TD>
    <TD>0.2837</TD>
    <TD>23.7231</TD>
    <TD>0.2837</TD>
    <TD>0.36</TD>
  </TR>
  <TR>
    <TD>3172.0</TD>
    <TD>241.1621</TD>
    <TD>54.98198</TD>
    <TD>1478.648</TD>
    <TD>1726.689</TD>
    <TD>25.7874</TD>
    <TD>0.3221</TD>
    <TD>25.1502</TD>
    <TD>0.5306</TD>
    <TD>25.1502</TD>
    <TD>0.5306</TD>
    <TD>0.41</TD>
  </TR>
  <TR>
    <TD>3173.0</TD>
    <TD>241.1638</TD>
    <TD>55.09258</TD>
    <TD>263.486</TD>
    <TD>1732.219</TD>
    <TD>24.2222</TD>
    <TD>0.1339</TD>
    <TD>24.2404</TD>
    <TD>0.2237</TD>
    <TD>24.2404</TD>
    <TD>0.2237</TD>
    <TD>0.64</TD>
  </TR>
  <TR>
    <TD>3174.0</TD>
    <TD>241.1594</TD>
    <TD>54.96164</TD>
    <TD>1701.029</TD>
    <TD>1739.846</TD>
    <TD>23.5716</TD>
    <TD>0.1291</TD>
    <TD>22.8166</TD>
    <TD>0.2157</TD>
    <TD>22.8166</TD>
    <TD>0.2157</TD>
    <TD>0.65</TD>
  </TR>
  <TR>
    <TD>3175.0</TD>
    <TD>241.164</TD>
    <TD>55.1161</TD>
    <TD>2.99</TD>
    <TD>1734.141</TD>
    <TD>25.2234</TD>
    <TD>0.2694</TD>
    <TD>24.6212</TD>
    <TD>0.2848</TD>
    <TD>24.6212</TD>
    <TD>0.2848</TD>
    <TD>0.35</TD>
  </TR>
  <TR>
    <TD>3176.0</TD>
    <TD>241.1638</TD>
    <TD>55.0818</TD>
    <TD>382.51</TD>
    <TD>1730.523</TD>
    <TD>25.7323</TD>
    <TD>0.3508</TD>
    <TD>24.4009</TD>
    <TD>0.3489</TD>
    <TD>24.4009</TD>
    <TD>0.3489</TD>
    <TD>0.35</TD>
  </TR>
  <TR>
    <TD>3177.0</TD>
    <TD>241.1617</TD>
    <TD>55.02899</TD>
    <TD>964.135</TD>
    <TD>1736.445</TD>
    <TD>25.5233</TD>
    <TD>0.3793</TD>
    <TD>23.6274</TD>
    <TD>0.2633</TD>
    <TD>23.6274</TD>
    <TD>0.2633</TD>
    <TD>0.48</TD>
  </TR>
  <TR>
    <TD>3178.0</TD>
    <TD>241.1467</TD>
    <TD>54.9497</TD>
    <TD>1832.86</TD>
    <TD>1817.289</TD>
    <TD>20.9516</TD>
    <TD>0.0345</TD>
    <TD>20.2918</TD>
    <TD>0.0495</TD>
    <TD>20.2918</TD>
    <TD>0.0495</TD>
    <TD>0.0</TD>
  </TR>
  <TR>
    <TD>3179.0</TD>
    <TD>241.1618</TD>
    <TD>55.0096</TD>
    <TD>1176.642</TD>
    <TD>1732.316</TD>
    <TD>25.6956</TD>
    <TD>0.2969</TD>
    <TD>25.4627</TD>
    <TD>0.3337</TD>
    <TD>25.4627</TD>
    <TD>0.3337</TD>
    <TD>0.46</TD>
  </TR>
  <TR>
    <TD>3180.0</TD>
    <TD>241.163</TD>
    <TD>55.10622</TD>
    <TD>112.645</TD>
    <TD>1739.148</TD>
    <TD>23.3832</TD>
    <TD>0.0736</TD>
    <TD>23.385</TD>
    <TD>0.1002</TD>
    <TD>23.385</TD>
    <TD>0.1002</TD>
    <TD>0.73</TD>
  </TR>
  <TR>
    <TD>3181.0</TD>
    <TD>241.1622</TD>
    <TD>55.07966</TD>
    <TD>406.451</TD>
    <TD>1740.343</TD>
    <TD>22.178</TD>
    <TD>0.0326</TD>
    <TD>22.174</TD>
    <TD>0.0429</TD>
    <TD>22.174</TD>
    <TD>0.0429</TD>
    <TD>0.98</TD>
  </TR>
  <TR>
    <TD>3182.0</TD>
    <TD>241.1588</TD>
    <TD>54.93494</TD>
    <TD>1991.942</TD>
    <TD>1739.284</TD>
    <TD>24.5587</TD>
    <TD>0.1606</TD>
    <TD>24.5236</TD>
    <TD>0.2724</TD>
    <TD>24.5236</TD>
    <TD>0.2724</TD>
    <TD>0.66</TD>
  </TR>
  <TR>
    <TD>3183.0</TD>
    <TD>241.1594</TD>
    <TD>55.03295</TD>
    <TD>920.968</TD>
    <TD>1750.961</TD>
    <TD>23.761</TD>
    <TD>0.153</TD>
    <TD>22.7375</TD>
    <TD>0.1989</TD>
    <TD>22.8807</TD>
    <TD>0.1282</TD>
    <TD>0.07</TD>
  </TR>
  <TR>
    <TD>3184.0</TD>
    <TD>241.152</TD>
    <TD>55.07119</TD>
    <TD>501.31</TD>
    <TD>1802.91</TD>
    <TD>17.9135</TD>
    <TD>0.0034</TD>
    <TD>17.9252</TD>
    <TD>0.0033</TD>
    <TD>17.9018</TD>
    <TD>0.0035</TD>
    <TD>0.03</TD>
  </TR>
  <TR>
    <TD>3185.0</TD>
    <TD>241.1538</TD>
    <TD>54.99495</TD>
    <TD>1338.077</TD>
    <TD>1780.22</TD>
    <TD>20.2785</TD>
    <TD>0.0175</TD>
    <TD>20.2205</TD>
    <TD>0.0217</TD>
    <TD>20.2205</TD>
    <TD>0.0217</TD>
    <TD>0.02</TD>
  </TR>
  <TR>
    <TD>3186.0</TD>
    <TD>241.1611</TD>
    <TD>55.10025</TD>
    <TD>178.993</TD>
    <TD>1750.362</TD>
    <TD>24.5797</TD>
    <TD>0.218</TD>
    <TD>23.61</TD>
    <TD>0.2997</TD>
    <TD>23.61</TD>
    <TD>0.2997</TD>
    <TD>0.48</TD>
  </TR>
  <TR>
    <TD>3187.0</TD>
    <TD>241.1617</TD>
    <TD>55.08118</TD>
    <TD>389.671</TD>
    <TD>1743.714</TD>
    <TD>25.8087</TD>
    <TD>0.3282</TD>
    <TD>25.3235</TD>
    <TD>0.4105</TD>
    <TD>25.3235</TD>
    <TD>0.4105</TD>
    <TD>0.37</TD>
  </TR>
  <TR>
    <TD>3188.0</TD>
    <TD>241.1595</TD>
    <TD>55.00439</TD>
    <TD>1234.017</TD>
    <TD>1746.222</TD>
    <TD>25.7858</TD>
    <TD>0.3679</TD>
    <TD>24.9496</TD>
    <TD>0.3042</TD>
    <TD>24.9496</TD>
    <TD>0.3042</TD>
    <TD>0.35</TD>
  </TR>
  <TR>
    <TD>3189.0</TD>
    <TD>241.1588</TD>
    <TD>55.01346</TD>
    <TD>1134.797</TD>
    <TD>1751.8</TD>
    <TD>25.3986</TD>
    <TD>0.2891</TD>
    <TD>24.3751</TD>
    <TD>0.4517</TD>
    <TD>24.3751</TD>
    <TD>0.4517</TD>
    <TD>0.36</TD>
  </TR>
  <TR>
    <TD>3190.0</TD>
    <TD>241.1553</TD>
    <TD>55.01164</TD>
    <TD>1155.14</TD>
    <TD>1773.355</TD>
    <TD>23.9476</TD>
    <TD>0.1406</TD>
    <TD>23.283</TD>
    <TD>0.2299</TD>
    <TD>23.283</TD>
    <TD>0.2299</TD>
    <TD>0.5</TD>
  </TR>
  <TR>
    <TD>3191.0</TD>
    <TD>241.1589</TD>
    <TD>54.99267</TD>
    <TD>1362.301</TD>
    <TD>1748.301</TD>
    <TD>25.7965</TD>
    <TD>0.3247</TD>
    <TD>24.63</TD>
    <TD>0.3733</TD>
    <TD>24.63</TD>
    <TD>0.3733</TD>
    <TD>0.35</TD>
  </TR>
  <TR>
    <TD>3192.0</TD>
    <TD>241.1517</TD>
    <TD>54.98648</TD>
    <TD>1430.898</TD>
    <TD>1792.23</TD>
    <TD>19.7727</TD>
    <TD>0.0116</TD>
    <TD>19.7539</TD>
    <TD>0.0129</TD>
    <TD>19.7539</TD>
    <TD>0.0129</TD>
    <TD>0.03</TD>
  </TR>
  <TR>
    <TD>3193.0</TD>
    <TD>241.1606</TD>
    <TD>55.09529</TD>
    <TD>233.892</TD>
    <TD>1752.424</TD>
    <TD>25.0413</TD>
    <TD>0.2461</TD>
    <TD>24.2124</TD>
    <TD>0.346</TD>
    <TD>24.2124</TD>
    <TD>0.346</TD>
    <TD>0.4</TD>
  </TR>
  <TR>
    <TD>3194.0</TD>
    <TD>241.1575</TD>
    <TD>55.0567</TD>
    <TD>660.11</TD>
    <TD>1766.574</TD>
    <TD>24.4766</TD>
    <TD>0.1914</TD>
    <TD>23.7661</TD>
    <TD>0.4036</TD>
    <TD>23.7661</TD>
    <TD>0.4036</TD>
    <TD>0.49</TD>
  </TR>
  <TR>
    <TD>3195.0</TD>
    <TD>241.1591</TD>
    <TD>55.07977</TD>
    <TD>405.605</TD>
    <TD>1760.021</TD>
    <TD>24.6936</TD>
    <TD>0.2231</TD>
    <TD>23.7451</TD>
    <TD>0.3211</TD>
    <TD>23.7451</TD>
    <TD>0.3211</TD>
    <TD>0.37</TD>
  </TR>
  <TR>
    <TD>3196.0</TD>
    <TD>241.1586</TD>
    <TD>55.03942</TD>
    <TD>850.016</TD>
    <TD>1756.77</TD>
    <TD>24.6095</TD>
    <TD>0.2069</TD>
    <TD>23.7229</TD>
    <TD>0.264</TD>
    <TD>23.7229</TD>
    <TD>0.264</TD>
    <TD>0.36</TD>
  </TR>
  <TR>
    <TD>3197.0</TD>
    <TD>241.1492</TD>
    <TD>55.09642</TD>
    <TD>223.083</TD>
    <TD>1823.854</TD>
    <TD>18.3926</TD>
    <TD>0.0048</TD>
    <TD>18.4074</TD>
    <TD>0.0047</TD>
    <TD>18.3743</TD>
    <TD>0.0048</TD>
    <TD>0.03</TD>
  </TR>
  <TR>
    <TD>3198.0</TD>
    <TD>241.1568</TD>
    <TD>55.0032</TD>
    <TD>1247.412</TD>
    <TD>1762.768</TD>
    <TD>24.5691</TD>
    <TD>0.1996</TD>
    <TD>24.0511</TD>
    <TD>0.3198</TD>
    <TD>24.0511</TD>
    <TD>0.3198</TD>
    <TD>0.44</TD>
  </TR>
  <TR>
    <TD>3199.0</TD>
    <TD>241.1604</TD>
    <TD>55.11182</TD>
    <TD>50.941</TD>
    <TD>1756.0</TD>
    <TD>25.6521</TD>
    <TD>0.2857</TD>
    <TD>25.1388</TD>
    <TD>0.3609</TD>
    <TD>25.1388</TD>
    <TD>0.3609</TD>
    <TD>0.36</TD>
  </TR>
  <TR>
    <TD>3200.0</TD>
    <TD>241.1593</TD>
    <TD>55.10786</TD>
    <TD>95.018</TD>
    <TD>1762.234</TD>
    <TD>25.2753</TD>
    <TD>0.2338</TD>
    <TD>25.2385</TD>
    <TD>0.4875</TD>
    <TD>25.2385</TD>
    <TD>0.4875</TD>
    <TD>0.36</TD>
  </TR>
  <TR>
    <TD>3201.0</TD>
    <TD>241.1562</TD>
    <TD>55.03668</TD>
    <TD>880.465</TD>
    <TD>1771.599</TD>
    <TD>23.6157</TD>
    <TD>0.1276</TD>
    <TD>23.2941</TD>
    <TD>0.2412</TD>
    <TD>23.2941</TD>
    <TD>0.2412</TD>
    <TD>0.66</TD>
  </TR>
  <TR>
    <TD>3202.0</TD>
    <TD>241.1554</TD>
    <TD>55.07892</TD>
    <TD>415.589</TD>
    <TD>1782.766</TD>
    <TD>22.636</TD>
    <TD>0.0794</TD>
    <TD>22.0473</TD>
    <TD>0.121</TD>
    <TD>22.0473</TD>
    <TD>0.121</TD>
    <TD>0.02</TD>
  </TR>
  <TR>
    <TD>3203.0</TD>
    <TD>241.1582</TD>
    <TD>55.06522</TD>
    <TD>566.206</TD>
    <TD>1763.624</TD>
    <TD>25.2503</TD>
    <TD>0.2534</TD>
    <TD>25.1748</TD>
    <TD>0.3729</TD>
    <TD>25.1748</TD>
    <TD>0.3729</TD>
    <TD>0.47</TD>
  </TR>
  <TR>
    <TD>3204.0</TD>
    <TD>241.1541</TD>
    <TD>55.10442</TD>
    <TD>133.865</TD>
    <TD>1794.743</TD>
    <TD>21.784</TD>
    <TD>0.0445</TD>
    <TD>21.6174</TD>
    <TD>0.0743</TD>
    <TD>21.6174</TD>
    <TD>0.0743</TD>
    <TD>0.01</TD>
  </TR>
  <TR>
    <TD>3205.0</TD>
    <TD>241.1565</TD>
    <TD>55.11455</TD>
    <TD>21.297</TD>
    <TD>1781.165</TD>
    <TD>22.9181</TD>
    <TD>0.0948</TD>
    <TD>22.6576</TD>
    <TD>0.128</TD>
    <TD>22.6576</TD>
    <TD>0.128</TD>
    <TD>0.01</TD>
  </TR>
  <TR>
    <TD>3206.0</TD>
    <TD>241.1554</TD>
    <TD>54.99646</TD>
    <TD>1321.356</TD>
    <TD>1770.639</TD>
    <TD>24.77</TD>
    <TD>0.2174</TD>
    <TD>24.1673</TD>
    <TD>0.332</TD>
    <TD>24.1673</TD>
    <TD>0.332</TD>
    <TD>0.5</TD>
  </TR>
  <TR>
    <TD>3207.0</TD>
    <TD>241.1562</TD>
    <TD>55.00442</TD>
    <TD>1234.079</TD>
    <TD>1766.631</TD>
    <TD>24.8904</TD>
    <TD>0.229</TD>
    <TD>23.8371</TD>
    <TD>0.319</TD>
    <TD>23.8371</TD>
    <TD>0.319</TD>
    <TD>0.38</TD>
  </TR>
  <TR>
    <TD>3208.0</TD>
    <TD>241.1568</TD>
    <TD>55.05562</TD>
    <TD>672.093</TD>
    <TD>1770.961</TD>
    <TD>24.9982</TD>
    <TD>0.2368</TD>
    <TD>23.5778</TD>
    <TD>0.2506</TD>
    <TD>23.5778</TD>
    <TD>0.2506</TD>
    <TD>0.48</TD>
  </TR>
  <TR>
    <TD>3209.0</TD>
    <TD>241.1541</TD>
    <TD>55.10968</TD>
    <TD>75.637</TD>
    <TD>1795.041</TD>
    <TD>21.5742</TD>
    <TD>0.0367</TD>
    <TD>21.4969</TD>
    <TD>0.0473</TD>
    <TD>21.4969</TD>
    <TD>0.0473</TD>
    <TD>0.01</TD>
  </TR>
  <TR>
    <TD>3210.0</TD>
    <TD>241.152</TD>
    <TD>55.11514</TD>
    <TD>15.381</TD>
    <TD>1809.337</TD>
    <TD>20.0755</TD>
    <TD>0.0138</TD>
    <TD>20.0621</TD>
    <TD>0.0159</TD>
    <TD>20.0621</TD>
    <TD>0.0159</TD>
    <TD>0.04</TD>
  </TR>
  <TR>
    <TD>3211.0</TD>
    <TD>241.1579</TD>
    <TD>55.09619</TD>
    <TD>224.351</TD>
    <TD>1769.33</TD>
    <TD>26.1086</TD>
    <TD>0.4289</TD>
    <TD>25.0809</TD>
    <TD>0.4011</TD>
    <TD>25.0809</TD>
    <TD>0.4011</TD>
    <TD>0.36</TD>
  </TR>
  <TR>
    <TD>3212.0</TD>
    <TD>241.1574</TD>
    <TD>55.09597</TD>
    <TD>226.844</TD>
    <TD>1772.741</TD>
    <TD>25.2454</TD>
    <TD>0.2523</TD>
    <TD>24.6474</TD>
    <TD>0.3845</TD>
    <TD>24.6474</TD>
    <TD>0.3845</TD>
    <TD>0.37</TD>
  </TR>
  <TR>
    <TD>3213.0</TD>
    <TD>241.1568</TD>
    <TD>55.04481</TD>
    <TD>790.967</TD>
    <TD>1769.0</TD>
    <TD>26.0718</TD>
    <TD>0.415</TD>
    <TD>25.1526</TD>
    <TD>0.4828</TD>
    <TD>25.1526</TD>
    <TD>0.4828</TD>
    <TD>0.4</TD>
  </TR>
  <TR>
    <TD>3214.0</TD>
    <TD>241.1573</TD>
    <TD>55.09548</TD>
    <TD>232.343</TD>
    <TD>1773.319</TD>
    <TD>26.0566</TD>
    <TD>0.4094</TD>
    <TD>25.0953</TD>
    <TD>0.3339</TD>
    <TD>25.0953</TD>
    <TD>0.3339</TD>
    <TD>0.35</TD>
  </TR>
  <TR>
    <TD>3215.0</TD>
    <TD>241.1548</TD>
    <TD>55.01405</TD>
    <TD>1128.824</TD>
    <TD>1777.126</TD>
    <TD>25.5067</TD>
    <TD>0.3471</TD>
    <TD>24.3844</TD>
    <TD>0.3256</TD>
    <TD>24.3844</TD>
    <TD>0.3256</TD>
    <TD>0.43</TD>
  </TR>
  <TR>
    <TD>3216.0</TD>
    <TD>241.1564</TD>
    <TD>55.09154</TD>
    <TD>276.0</TD>
    <TD>1778.03</TD>
    <TD>25.7328</TD>
    <TD>0.3069</TD>
    <TD>25.033</TD>
    <TD>0.3735</TD>
    <TD>25.033</TD>
    <TD>0.3735</TD>
    <TD>0.41</TD>
  </TR>
  <TR>
    <TD>3217.0</TD>
    <TD>241.1507</TD>
    <TD>55.0174</TD>
    <TD>1092.733</TD>
    <TD>1803.211</TD>
    <TD>21.043</TD>
    <TD>0.029</TD>
    <TD>20.9423</TD>
    <TD>0.0371</TD>
    <TD>20.9423</TD>
    <TD>0.0371</TD>
    <TD>0.01</TD>
  </TR>
  <TR>
    <TD>3218.0</TD>
    <TD>241.1568</TD>
    <TD>55.08474</TD>
    <TD>351.068</TD>
    <TD>1775.0</TD>
    <TD>25.7025</TD>
    <TD>0.2988</TD>
    <TD>24.7615</TD>
    <TD>0.4033</TD>
    <TD>24.7615</TD>
    <TD>0.4033</TD>
    <TD>0.36</TD>
  </TR>
  <TR>
    <TD>3219.0</TD>
    <TD>241.1534</TD>
    <TD>55.02377</TD>
    <TD>1022.499</TD>
    <TD>1787.349</TD>
    <TD>24.8154</TD>
    <TD>0.2142</TD>
    <TD>24.3704</TD>
    <TD>0.2653</TD>
    <TD>24.3704</TD>
    <TD>0.2653</TD>
    <TD>0.35</TD>
  </TR>
  <TR>
    <TD>3220.0</TD>
    <TD>241.15</TD>
    <TD>55.07217</TD>
    <TD>490.789</TD>
    <TD>1815.691</TD>
    <TD>20.2423</TD>
    <TD>0.0155</TD>
    <TD>20.1782</TD>
    <TD>0.0196</TD>
    <TD>20.1841</TD>
    <TD>0.0158</TD>
    <TD>0.03</TD>
  </TR>
  <TR>
    <TD>3221.0</TD>
    <TD>241.1535</TD>
    <TD>55.02608</TD>
    <TD>997.185</TD>
    <TD>1786.7</TD>
    <TD>24.1704</TD>
    <TD>0.1617</TD>
    <TD>23.5599</TD>
    <TD>0.2131</TD>
    <TD>23.5599</TD>
    <TD>0.2131</TD>
    <TD>0.65</TD>
  </TR>
  <TR>
    <TD>3222.0</TD>
    <TD>241.1495</TD>
    <TD>54.95045</TD>
    <TD>1824.303</TD>
    <TD>1800.038</TD>
    <TD>22.6075</TD>
    <TD>0.0815</TD>
    <TD>21.8375</TD>
    <TD>0.1198</TD>
    <TD>21.8375</TD>
    <TD>0.1198</TD>
    <TD>0.01</TD>
  </TR>
  <TR>
    <TD>3223.0</TD>
    <TD>241.1378</TD>
    <TD>54.94597</TD>
    <TD>1874.565</TD>
    <TD>1872.233</TD>
    <TD>20.6597</TD>
    <TD>0.0257</TD>
    <TD>20.5254</TD>
    <TD>0.0393</TD>
    <TD>20.5254</TD>
    <TD>0.0393</TD>
    <TD>0.0</TD>
  </TR>
  <TR>
    <TD>3224.0</TD>
    <TD>241.1512</TD>
    <TD>55.0778</TD>
    <TD>428.454</TD>
    <TD>1808.967</TD>
    <TD>23.3984</TD>
    <TD>0.1175</TD>
    <TD>22.8563</TD>
    <TD>0.2065</TD>
    <TD>22.8563</TD>
    <TD>0.2065</TD>
    <TD>0.01</TD>
  </TR>
  <TR>
    <TD>3225.0</TD>
    <TD>241.1554</TD>
    <TD>55.09412</TD>
    <TD>247.669</TD>
    <TD>1784.644</TD>
    <TD>26.0444</TD>
    <TD>0.4049</TD>
    <TD>25.5092</TD>
    <TD>0.7239</TD>
    <TD>25.5092</TD>
    <TD>0.7239</TD>
    <TD>0.36</TD>
  </TR>
  <TR>
    <TD>3226.0</TD>
    <TD>241.1512</TD>
    <TD>55.04621</TD>
    <TD>776.409</TD>
    <TD>1804.45</TD>
    <TD>21.9944</TD>
    <TD>0.051</TD>
    <TD>21.8029</TD>
    <TD>0.0816</TD>
    <TD>21.8029</TD>
    <TD>0.0816</TD>
    <TD>0.09</TD>
  </TR>
  <TR>
    <TD>3227.0</TD>
    <TD>241.1545</TD>
    <TD>55.09201</TD>
    <TD>271.132</TD>
    <TD>1790.192</TD>
    <TD>23.6257</TD>
    <TD>0.0873</TD>
    <TD>23.64</TD>
    <TD>0.1206</TD>
    <TD>23.64</TD>
    <TD>0.1206</TD>
    <TD>0.79</TD>
  </TR>
  <TR>
    <TD>3228.0</TD>
    <TD>241.1485</TD>
    <TD>55.09783</TD>
    <TD>207.608</TD>
    <TD>1828.8</TD>
    <TD>20.6045</TD>
    <TD>0.0224</TD>
    <TD>20.5094</TD>
    <TD>0.033</TD>
    <TD>20.4837</TD>
    <TD>0.0231</TD>
    <TD>0.02</TD>
  </TR>
  <TR>
    <TD>3229.0</TD>
    <TD>241.1557</TD>
    <TD>55.10839</TD>
    <TD>89.639</TD>
    <TD>1785.275</TD>
    <TD>25.7601</TD>
    <TD>0.3144</TD>
    <TD>25.2068</TD>
    <TD>0.5489</TD>
    <TD>25.2068</TD>
    <TD>0.5489</TD>
    <TD>0.39</TD>
  </TR>
  <TR>
    <TD>3230.0</TD>
    <TD>241.1507</TD>
    <TD>55.09887</TD>
    <TD>195.76</TD>
    <TD>1814.928</TD>
    <TD>21.6518</TD>
    <TD>0.0427</TD>
    <TD>21.4906</TD>
    <TD>0.0736</TD>
    <TD>21.4906</TD>
    <TD>0.0736</TD>
    <TD>0.01</TD>
  </TR>
  <TR>
    <TD>3231.0</TD>
    <TD>241.1534</TD>
    <TD>55.04143</TD>
    <TD>828.659</TD>
    <TD>1789.684</TD>
    <TD>26.1097</TD>
    <TD>0.4293</TD>
    <TD>25.5385</TD>
    <TD>0.3572</TD>
    <TD>25.5385</TD>
    <TD>0.3572</TD>
    <TD>0.35</TD>
  </TR>
  <TR>
    <TD>3232.0</TD>
    <TD>241.1515</TD>
    <TD>55.02689</TD>
    <TD>988.53</TD>
    <TD>1799.276</TD>
    <TD>23.6034</TD>
    <TD>0.1239</TD>
    <TD>22.9918</TD>
    <TD>0.2143</TD>
    <TD>22.9918</TD>
    <TD>0.2143</TD>
    <TD>0.63</TD>
  </TR>
  <TR>
    <TD>3233.0</TD>
    <TD>241.1462</TD>
    <TD>55.00362</TD>
    <TD>1244.215</TD>
    <TD>1829.313</TD>
    <TD>19.1247</TD>
    <TD>0.0075</TD>
    <TD>19.13</TD>
    <TD>0.0081</TD>
    <TD>19.13</TD>
    <TD>0.0081</TD>
    <TD>0.03</TD>
  </TR>
  <TR>
    <TD>3234.0</TD>
    <TD>241.1445</TD>
    <TD>54.93008</TD>
    <TD>2046.649</TD>
    <TD>1827.968</TD>
    <TD>20.2381</TD>
    <TD>0.0126</TD>
    <TD>20.2373</TD>
    <TD>0.0132</TD>
    <TD>20.2373</TD>
    <TD>0.0132</TD>
    <TD>0.98</TD>
  </TR>
  <TR>
    <TD>3235.0</TD>
    <TD>241.1535</TD>
    <TD>55.08356</TD>
    <TD>364.537</TD>
    <TD>1795.024</TD>
    <TD>25.6873</TD>
    <TD>0.3369</TD>
    <TD>24.7977</TD>
    <TD>0.4962</TD>
    <TD>24.7977</TD>
    <TD>0.4962</TD>
    <TD>0.47</TD>
  </TR>
  <TR>
    <TD>3236.0</TD>
    <TD>241.1496</TD>
    <TD>55.00326</TD>
    <TD>1247.712</TD>
    <TD>1807.992</TD>
    <TD>23.5806</TD>
    <TD>0.1323</TD>
    <TD>22.9538</TD>
    <TD>0.194</TD>
    <TD>22.9538</TD>
    <TD>0.194</TD>
    <TD>0.04</TD>
  </TR>
  <TR>
    <TD>3237.0</TD>
    <TD>241.1528</TD>
    <TD>55.04394</TD>
    <TD>801.193</TD>
    <TD>1794.229</TD>
    <TD>25.4896</TD>
    <TD>0.2826</TD>
    <TD>24.847</TD>
    <TD>0.2773</TD>
    <TD>24.847</TD>
    <TD>0.2773</TD>
    <TD>0.47</TD>
  </TR>
  <TR>
    <TD>3238.0</TD>
    <TD>241.1516</TD>
    <TD>55.01913</TD>
    <TD>1073.661</TD>
    <TD>1797.633</TD>
    <TD>24.9498</TD>
    <TD>0.2112</TD>
    <TD>24.3323</TD>
    <TD>0.3565</TD>
    <TD>24.3323</TD>
    <TD>0.3565</TD>
    <TD>0.46</TD>
  </TR>
  <TR>
    <TD>3239.0</TD>
    <TD>241.1501</TD>
    <TD>54.97908</TD>
    <TD>1511.93</TD>
    <TD>1801.087</TD>
    <TD>24.2866</TD>
    <TD>0.1553</TD>
    <TD>24.714</TD>
    <TD>0.4245</TD>
    <TD>24.714</TD>
    <TD>0.4245</TD>
    <TD>0.81</TD>
  </TR>
  <TR>
    <TD>3240.0</TD>
    <TD>241.1526</TD>
    <TD>55.09316</TD>
    <TD>258.673</TD>
    <TD>1801.968</TD>
    <TD>25.7566</TD>
    <TD>0.3134</TD>
    <TD>25.0168</TD>
    <TD>0.486</TD>
    <TD>25.0168</TD>
    <TD>0.486</TD>
    <TD>0.48</TD>
  </TR>
  <TR>
    <TD>3241.0</TD>
    <TD>241.1439</TD>
    <TD>55.05205</TD>
    <TD>713.213</TD>
    <TD>1850.389</TD>
    <TD>20.7372</TD>
    <TD>0.026</TD>
    <TD>20.6223</TD>
    <TD>0.0327</TD>
    <TD>20.6223</TD>
    <TD>0.0327</TD>
    <TD>0.0</TD>
  </TR>
  <TR>
    <TD>3242.0</TD>
    <TD>241.147</TD>
    <TD>55.08543</TD>
    <TD>344.862</TD>
    <TD>1836.329</TD>
    <TD>21.2448</TD>
    <TD>0.0318</TD>
    <TD>21.1389</TD>
    <TD>0.0463</TD>
    <TD>21.1389</TD>
    <TD>0.0463</TD>
    <TD>0.01</TD>
  </TR>
  <TR>
    <TD>3243.0</TD>
    <TD>241.1472</TD>
    <TD>55.04526</TD>
    <TD>787.414</TD>
    <TD>1829.019</TD>
    <TD>21.7704</TD>
    <TD>0.0459</TD>
    <TD>21.6894</TD>
    <TD>0.072</TD>
    <TD>21.6894</TD>
    <TD>0.072</TD>
    <TD>0.0</TD>
  </TR>
  <TR>
    <TD>3244.0</TD>
    <TD>241.1441</TD>
    <TD>54.95797</TD>
    <TD>1743.086</TD>
    <TD>1834.916</TD>
    <TD>21.8475</TD>
    <TD>0.0485</TD>
    <TD>21.7812</TD>
    <TD>0.0639</TD>
    <TD>21.7812</TD>
    <TD>0.0639</TD>
    <TD>0.01</TD>
  </TR>
  <TR>
    <TD>3245.0</TD>
    <TD>241.1528</TD>
    <TD>55.11151</TD>
    <TD>55.499</TD>
    <TD>1803.557</TD>
    <TD>25.607</TD>
    <TD>0.3137</TD>
    <TD>25.067</TD>
    <TD>0.3254</TD>
    <TD>25.067</TD>
    <TD>0.3254</TD>
    <TD>0.39</TD>
  </TR>
  <TR>
    <TD>3246.0</TD>
    <TD>241.1469</TD>
    <TD>54.93487</TD>
    <TD>1994.308</TD>
    <TD>1814.024</TD>
    <TD>23.9478</TD>
    <TD>0.1517</TD>
    <TD>23.5573</TD>
    <TD>0.1862</TD>
    <TD>23.5573</TD>
    <TD>0.1862</TD>
    <TD>0.67</TD>
  </TR>
  <TR>
    <TD>3247.0</TD>
    <TD>241.1469</TD>
    <TD>55.0674</TD>
    <TD>543.84</TD>
    <TD>1834.474</TD>
    <TD>21.3328</TD>
    <TD>0.0364</TD>
    <TD>21.0931</TD>
    <TD>0.0509</TD>
    <TD>21.0931</TD>
    <TD>0.0509</TD>
    <TD>0.0</TD>
  </TR>
  <TR>
    <TD>3248.0</TD>
    <TD>241.148</TD>
    <TD>55.08236</TD>
    <TD>378.579</TD>
    <TD>1829.298</TD>
    <TD>22.4251</TD>
    <TD>0.0649</TD>
    <TD>22.2891</TD>
    <TD>0.0856</TD>
    <TD>22.2891</TD>
    <TD>0.0856</TD>
    <TD>0.04</TD>
  </TR>
  <TR>
    <TD>3249.0</TD>
    <TD>241.1491</TD>
    <TD>54.97197</TD>
    <TD>1589.654</TD>
    <TD>1805.726</TD>
    <TD>25.8159</TD>
    <TD>0.3303</TD>
    <TD>25.2103</TD>
    <TD>0.5506</TD>
    <TD>25.2103</TD>
    <TD>0.5506</TD>
    <TD>0.43</TD>
  </TR>
  <TR>
    <TD>3250.0</TD>
    <TD>241.1467</TD>
    <TD>55.04035</TD>
    <TD>841.407</TD>
    <TD>1831.657</TD>
    <TD>21.7502</TD>
    <TD>0.0447</TD>
    <TD>21.5782</TD>
    <TD>0.07</TD>
    <TD>21.5782</TD>
    <TD>0.07</TD>
    <TD>0.0</TD>
  </TR>
  <TR>
    <TD>3251.0</TD>
    <TD>241.1447</TD>
    <TD>54.96939</TD>
    <TD>1618.398</TD>
    <TD>1833.056</TD>
    <TD>21.9123</TD>
    <TD>0.0452</TD>
    <TD>21.7863</TD>
    <TD>0.0613</TD>
    <TD>21.7863</TD>
    <TD>0.0613</TD>
    <TD>0.01</TD>
  </TR>
  <TR>
    <TD>3252.0</TD>
    <TD>241.1456</TD>
    <TD>54.93212</TD>
    <TD>2024.341</TD>
    <TD>1821.183</TD>
    <TD>23.3172</TD>
    <TD>0.1062</TD>
    <TD>22.9668</TD>
    <TD>0.123</TD>
    <TD>22.9668</TD>
    <TD>0.123</TD>
    <TD>0.14</TD>
  </TR>
  <TR>
    <TD>3253.0</TD>
    <TD>241.1504</TD>
    <TD>55.05864</TD>
    <TD>639.748</TD>
    <TD>1811.024</TD>
    <TD>25.6903</TD>
    <TD>0.3378</TD>
    <TD>25.2716</TD>
    <TD>0.6033</TD>
    <TD>25.2716</TD>
    <TD>0.6033</TD>
    <TD>0.35</TD>
  </TR>
  <TR>
    <TD>3254.0</TD>
    <TD>241.1495</TD>
    <TD>55.02552</TD>
    <TD>1003.788</TD>
    <TD>1811.771</TD>
    <TD>24.6432</TD>
    <TD>0.2039</TD>
    <TD>24.2574</TD>
    <TD>0.333</TD>
    <TD>24.2574</TD>
    <TD>0.333</TD>
    <TD>0.36</TD>
  </TR>
  <TR>
    <TD>3255.0</TD>
    <TD>241.1469</TD>
    <TD>54.98777</TD>
    <TD>1417.414</TD>
    <TD>1821.908</TD>
    <TD>23.5621</TD>
    <TD>0.1238</TD>
    <TD>23.0562</TD>
    <TD>0.1517</TD>
    <TD>23.0562</TD>
    <TD>0.1517</TD>
    <TD>0.02</TD>
  </TR>
  <TR>
    <TD>3256.0</TD>
    <TD>241.1504</TD>
    <TD>55.08662</TD>
    <TD>331.194</TD>
    <TD>1814.955</TD>
    <TD>23.9281</TD>
    <TD>0.1087</TD>
    <TD>23.9608</TD>
    <TD>0.1606</TD>
    <TD>23.9608</TD>
    <TD>0.1606</TD>
    <TD>0.79</TD>
  </TR>
  <TR>
    <TD>3257.0</TD>
    <TD>241.1467</TD>
    <TD>55.08074</TD>
    <TD>396.747</TD>
    <TD>1837.501</TD>
    <TD>20.9666</TD>
    <TD>0.024</TD>
    <TD>20.9408</TD>
    <TD>0.0306</TD>
    <TD>20.9408</TD>
    <TD>0.0306</TD>
    <TD>0.02</TD>
  </TR>
  <TR>
    <TD>3258.0</TD>
    <TD>241.15</TD>
    <TD>55.05637</TD>
    <TD>664.827</TD>
    <TD>1813.409</TD>
    <TD>25.5248</TD>
    <TD>0.3236</TD>
    <TD>24.7888</TD>
    <TD>0.2631</TD>
    <TD>24.7888</TD>
    <TD>0.2631</TD>
    <TD>0.36</TD>
  </TR>
  <TR>
    <TD>3259.0</TD>
    <TD>241.147</TD>
    <TD>55.00991</TD>
    <TD>1175.244</TD>
    <TD>1824.76</TD>
    <TD>23.4568</TD>
    <TD>0.129</TD>
    <TD>22.5134</TD>
    <TD>0.1522</TD>
    <TD>22.5134</TD>
    <TD>0.1522</TD>
    <TD>0.47</TD>
  </TR>
  <TR>
    <TD>3260.0</TD>
    <TD>241.1429</TD>
    <TD>54.96305</TD>
    <TD>1687.794</TD>
    <TD>1843.462</TD>
    <TD>21.251</TD>
    <TD>0.0362</TD>
    <TD>21.0437</TD>
    <TD>0.0549</TD>
    <TD>21.0437</TD>
    <TD>0.0549</TD>
    <TD>0.0</TD>
  </TR>
  <TR>
    <TD>3261.0</TD>
    <TD>241.1465</TD>
    <TD>54.96998</TD>
    <TD>1611.737</TD>
    <TD>1821.683</TD>
    <TD>24.2999</TD>
    <TD>0.1816</TD>
    <TD>23.004</TD>
    <TD>0.2249</TD>
    <TD>23.004</TD>
    <TD>0.2249</TD>
    <TD>0.35</TD>
  </TR>
  <TR>
    <TD>3262.0</TD>
    <TD>241.1485</TD>
    <TD>55.08568</TD>
    <TD>341.86</TD>
    <TD>1827.122</TD>
    <TD>23.849</TD>
    <TD>0.1323</TD>
    <TD>23.5551</TD>
    <TD>0.2766</TD>
    <TD>23.4869</TD>
    <TD>0.1356</TD>
    <TD>0.37</TD>
  </TR>
  <TR>
    <TD>3263.0</TD>
    <TD>241.1439</TD>
    <TD>54.97614</TD>
    <TD>1544.898</TD>
    <TD>1839.343</TD>
    <TD>22.577</TD>
    <TD>0.0748</TD>
    <TD>22.4414</TD>
    <TD>0.1055</TD>
    <TD>22.4414</TD>
    <TD>0.1055</TD>
    <TD>0.0</TD>
  </TR>
  <TR>
    <TD>3264.0</TD>
    <TD>241.1473</TD>
    <TD>54.98323</TD>
    <TD>1467.053</TD>
    <TD>1819.011</TD>
    <TD>23.8923</TD>
    <TD>0.1006</TD>
    <TD>23.7747</TD>
    <TD>0.1331</TD>
    <TD>23.7747</TD>
    <TD>0.1331</TD>
    <TD>0.79</TD>
  </TR>
  <TR>
    <TD>3265.0</TD>
    <TD>241.1484</TD>
    <TD>55.04384</TD>
    <TD>802.881</TD>
    <TD>1821.537</TD>
    <TD>23.856</TD>
    <TD>0.1065</TD>
    <TD>23.9597</TD>
    <TD>0.1737</TD>
    <TD>23.9597</TD>
    <TD>0.1737</TD>
    <TD>0.68</TD>
  </TR>
  <TR>
    <TD>3266.0</TD>
    <TD>241.1464</TD>
    <TD>54.94727</TD>
    <TD>1859.281</TD>
    <TD>1818.62</TD>
    <TD>25.608</TD>
    <TD>0.2748</TD>
    <TD>25.2774</TD>
    <TD>0.4926</TD>
    <TD>25.2774</TD>
    <TD>0.4926</TD>
    <TD>0.48</TD>
  </TR>
  <TR>
    <TD>3267.0</TD>
    <TD>241.1463</TD>
    <TD>54.95676</TD>
    <TD>1755.961</TD>
    <TD>1821.039</TD>
    <TD>25.6707</TD>
    <TD>0.2905</TD>
    <TD>24.5224</TD>
    <TD>0.3776</TD>
    <TD>24.5224</TD>
    <TD>0.3776</TD>
    <TD>0.41</TD>
  </TR>
  <TR>
    <TD>3268.0</TD>
    <TD>241.147</TD>
    <TD>54.98382</TD>
    <TD>1460.614</TD>
    <TD>1821.191</TD>
    <TD>23.9532</TD>
    <TD>0.111</TD>
    <TD>23.9817</TD>
    <TD>0.1671</TD>
    <TD>23.9817</TD>
    <TD>0.1671</TD>
    <TD>0.68</TD>
  </TR>
  <TR>
    <TD>3269.0</TD>
    <TD>241.1371</TD>
    <TD>55.01783</TD>
    <TD>1089.797</TD>
    <TD>1887.942</TD>
    <TD>20.8148</TD>
    <TD>0.0264</TD>
    <TD>20.4313</TD>
    <TD>0.0381</TD>
    <TD>20.4313</TD>
    <TD>0.0381</TD>
    <TD>0.01</TD>
  </TR>
  <TR>
    <TD>3270.0</TD>
    <TD>241.1462</TD>
    <TD>54.98022</TD>
    <TD>1499.998</TD>
    <TD>1825.601</TD>
    <TD>22.8861</TD>
    <TD>0.0486</TD>
    <TD>22.8978</TD>
    <TD>0.0678</TD>
    <TD>22.8978</TD>
    <TD>0.0678</TD>
    <TD>0.64</TD>
  </TR>
  <TR>
    <TD>3271.0</TD>
    <TD>241.1432</TD>
    <TD>54.98942</TD>
    <TD>1399.878</TD>
    <TD>1845.592</TD>
    <TD>22.8149</TD>
    <TD>0.088</TD>
    <TD>22.2459</TD>
    <TD>0.1462</TD>
    <TD>22.2459</TD>
    <TD>0.1462</TD>
    <TD>0.05</TD>
  </TR>
  <TR>
    <TD>3272.0</TD>
    <TD>241.1441</TD>
    <TD>54.99214</TD>
    <TD>1370.057</TD>
    <TD>1840.481</TD>
    <TD>23.1443</TD>
    <TD>0.1061</TD>
    <TD>22.5113</TD>
    <TD>0.1588</TD>
    <TD>22.5113</TD>
    <TD>0.1588</TD>
    <TD>0.0</TD>
  </TR>
  <TR>
    <TD>3273.0</TD>
    <TD>241.1335</TD>
    <TD>54.97178</TD>
    <TD>1593.826</TD>
    <TD>1903.379</TD>
    <TD>17.0035</TD>
    <TD>0.0021</TD>
    <TD>17.0275</TD>
    <TD>0.0019</TD>
    <TD>17.0275</TD>
    <TD>0.0019</TD>
    <TD>0.56</TD>
  </TR>
  <TR>
    <TD>3274.0</TD>
    <TD>241.1495</TD>
    <TD>55.10558</TD>
    <TD>121.641</TD>
    <TD>1823.31</TD>
    <TD>26.1158</TD>
    <TD>0.4316</TD>
    <TD>24.8069</TD>
    <TD>0.4506</TD>
    <TD>24.8069</TD>
    <TD>0.4506</TD>
    <TD>0.36</TD>
  </TR>
  <TR>
    <TD>3275.0</TD>
    <TD>241.1496</TD>
    <TD>55.11154</TD>
    <TD>55.633</TD>
    <TD>1823.671</TD>
    <TD>25.869</TD>
    <TD>0.3463</TD>
    <TD>24.8571</TD>
    <TD>0.3989</TD>
    <TD>24.8571</TD>
    <TD>0.3989</TD>
    <TD>0.38</TD>
  </TR>
  <TR>
    <TD>3276.0</TD>
    <TD>241.1494</TD>
    <TD>55.1098</TD>
    <TD>74.984</TD>
    <TD>1824.668</TD>
    <TD>25.8834</TD>
    <TD>0.3508</TD>
    <TD>25.5544</TD>
    <TD>0.3623</TD>
    <TD>25.5544</TD>
    <TD>0.3623</TD>
    <TD>0.37</TD>
  </TR>
  <TR>
    <TD>3277.0</TD>
    <TD>241.1486</TD>
    <TD>55.09165</TD>
    <TD>275.941</TD>
    <TD>1827.005</TD>
    <TD>23.9114</TD>
    <TD>0.1023</TD>
    <TD>23.9861</TD>
    <TD>0.1607</TD>
    <TD>23.9861</TD>
    <TD>0.1607</TD>
    <TD>0.95</TD>
  </TR>
  <TR>
    <TD>3278.0</TD>
    <TD>241.1314</TD>
    <TD>55.09976</TD>
    <TD>188.697</TD>
    <TD>1935.493</TD>
    <TD>19.6232</TD>
    <TD>0.0119</TD>
    <TD>19.5894</TD>
    <TD>0.0153</TD>
    <TD>19.5894</TD>
    <TD>0.0153</TD>
    <TD>0.03</TD>
  </TR>
  <TR>
    <TD>3279.0</TD>
    <TD>241.1463</TD>
    <TD>55.00991</TD>
    <TD>1175.297</TD>
    <TD>1829.421</TD>
    <TD>23.7019</TD>
    <TD>0.1301</TD>
    <TD>22.5783</TD>
    <TD>0.1439</TD>
    <TD>22.5783</TD>
    <TD>0.1439</TD>
    <TD>0.43</TD>
  </TR>
  <TR>
    <TD>3280.0</TD>
    <TD>241.1484</TD>
    <TD>55.08953</TD>
    <TD>299.389</TD>
    <TD>1828.198</TD>
    <TD>24.9772</TD>
    <TD>0.1991</TD>
    <TD>24.8738</TD>
    <TD>0.2734</TD>
    <TD>24.8738</TD>
    <TD>0.2734</TD>
    <TD>0.48</TD>
  </TR>
  <TR>
    <TD>3281.0</TD>
    <TD>241.1449</TD>
    <TD>54.95628</TD>
    <TD>1761.336</TD>
    <TD>1829.686</TD>
    <TD>25.7706</TD>
    <TD>0.3173</TD>
    <TD>24.4965</TD>
    <TD>0.3024</TD>
    <TD>24.4965</TD>
    <TD>0.3024</TD>
    <TD>0.42</TD>
  </TR>
  <TR>
    <TD>3282.0</TD>
    <TD>241.1258</TD>
    <TD>54.99142</TD>
    <TD>1380.302</TD>
    <TD>1954.314</TD>
    <TD>15.2765</TD>
    <TD>8.0E-4</TD>
    <TD>15.307</TD>
    <TD>8.0E-4</TD>
    <TD>15.307</TD>
    <TD>8.0E-4</TD>
    <TD>0.96</TD>
  </TR>
  <TR>
    <TD>3283.0</TD>
    <TD>241.1424</TD>
    <TD>54.9932</TD>
    <TD>1358.717</TD>
    <TD>1851.358</TD>
    <TD>22.8925</TD>
    <TD>0.0901</TD>
    <TD>22.7505</TD>
    <TD>0.1282</TD>
    <TD>22.7505</TD>
    <TD>0.1282</TD>
    <TD>0.0</TD>
  </TR>
  <TR>
    <TD>3284.0</TD>
    <TD>241.1459</TD>
    <TD>55.04513</TD>
    <TD>788.982</TD>
    <TD>1836.964</TD>
    <TD>24.4005</TD>
    <TD>0.1566</TD>
    <TD>24.1907</TD>
    <TD>0.1931</TD>
    <TD>24.1907</TD>
    <TD>0.1931</TD>
    <TD>0.79</TD>
  </TR>
  <TR>
    <TD>3285.0</TD>
    <TD>241.1478</TD>
    <TD>55.10925</TD>
    <TD>81.32</TD>
    <TD>1834.653</TD>
    <TD>25.792</TD>
    <TD>0.3234</TD>
    <TD>25.1234</TD>
    <TD>0.4169</TD>
    <TD>25.1234</TD>
    <TD>0.4169</TD>
    <TD>0.39</TD>
  </TR>
  <TR>
    <TD>3286.0</TD>
    <TD>241.1453</TD>
    <TD>55.02446</TD>
    <TD>1016.024</TD>
    <TD>1838.014</TD>
    <TD>25.002</TD>
    <TD>0.2376</TD>
    <TD>24.1882</TD>
    <TD>0.3284</TD>
    <TD>24.1882</TD>
    <TD>0.3284</TD>
    <TD>0.45</TD>
  </TR>
  <TR>
    <TD>3287.0</TD>
    <TD>241.1461</TD>
    <TD>55.10105</TD>
    <TD>172.364</TD>
    <TD>1844.237</TD>
    <TD>24.4691</TD>
    <TD>0.2045</TD>
    <TD>23.4765</TD>
    <TD>0.3005</TD>
    <TD>23.4765</TD>
    <TD>0.3005</TD>
    <TD>0.37</TD>
  </TR>
  <TR>
    <TD>3288.0</TD>
    <TD>241.1444</TD>
    <TD>54.99457</TD>
    <TD>1343.503</TD>
    <TD>1838.934</TD>
    <TD>25.1323</TD>
    <TD>0.2484</TD>
    <TD>24.6291</TD>
    <TD>0.4253</TD>
    <TD>24.6291</TD>
    <TD>0.4253</TD>
    <TD>0.44</TD>
  </TR>
  <TR>
    <TD>3289.0</TD>
    <TD>241.1436</TD>
    <TD>54.94813</TD>
    <TD>1850.328</TD>
    <TD>1836.648</TD>
    <TD>25.673</TD>
    <TD>0.2911</TD>
    <TD>24.6631</TD>
    <TD>0.3519</TD>
    <TD>24.6631</TD>
    <TD>0.3519</TD>
    <TD>0.38</TD>
  </TR>
  <TR>
    <TD>3290.0</TD>
    <TD>241.146</TD>
    <TD>55.07719</TD>
    <TD>435.975</TD>
    <TD>1841.221</TD>
    <TD>24.9388</TD>
    <TD>0.2391</TD>
    <TD>23.7312</TD>
    <TD>0.2883</TD>
    <TD>23.7312</TD>
    <TD>0.2883</TD>
    <TD>0.36</TD>
  </TR>
  <TR>
    <TD>3291.0</TD>
    <TD>241.1372</TD>
    <TD>55.02651</TD>
    <TD>994.65</TD>
    <TD>1888.952</TD>
    <TD>18.7295</TD>
    <TD>0.0056</TD>
    <TD>18.7349</TD>
    <TD>0.0058</TD>
    <TD>18.7349</TD>
    <TD>0.0058</TD>
    <TD>0.03</TD>
  </TR>
  <TR>
    <TD>3292.0</TD>
    <TD>241.1381</TD>
    <TD>54.95433</TD>
    <TD>1783.504</TD>
    <TD>1871.759</TD>
    <TD>22.3165</TD>
    <TD>0.067</TD>
    <TD>21.7987</TD>
    <TD>0.1149</TD>
    <TD>21.7987</TD>
    <TD>0.1149</TD>
    <TD>0.0</TD>
  </TR>
  <TR>
    <TD>3293.0</TD>
    <TD>241.1442</TD>
    <TD>54.98385</TD>
    <TD>1460.621</TD>
    <TD>1838.277</TD>
    <TD>25.7741</TD>
    <TD>0.3183</TD>
    <TD>25.189</TD>
    <TD>0.5781</TD>
    <TD>25.189</TD>
    <TD>0.5781</TD>
    <TD>0.38</TD>
  </TR>
  <TR>
    <TD>3294.0</TD>
    <TD>241.1408</TD>
    <TD>55.06264</TD>
    <TD>597.058</TD>
    <TD>1871.377</TD>
    <TD>21.1904</TD>
    <TD>0.0328</TD>
    <TD>21.1516</TD>
    <TD>0.0455</TD>
    <TD>21.1516</TD>
    <TD>0.0455</TD>
    <TD>0.0</TD>
  </TR>
  <TR>
    <TD>3295.0</TD>
    <TD>241.1446</TD>
    <TD>55.07306</TD>
    <TD>481.693</TD>
    <TD>1849.256</TD>
    <TD>24.2917</TD>
    <TD>0.1745</TD>
    <TD>23.5518</TD>
    <TD>0.2371</TD>
    <TD>23.5518</TD>
    <TD>0.2371</TD>
    <TD>0.46</TD>
  </TR>
  <TR>
    <TD>3296.0</TD>
    <TD>241.1451</TD>
    <TD>55.06956</TD>
    <TD>520.258</TD>
    <TD>1845.877</TD>
    <TD>25.1143</TD>
    <TD>0.2627</TD>
    <TD>24.1826</TD>
    <TD>0.2518</TD>
    <TD>24.1826</TD>
    <TD>0.2518</TD>
    <TD>0.44</TD>
  </TR>
  <TR>
    <TD>3297.0</TD>
    <TD>241.1427</TD>
    <TD>55.01817</TD>
    <TD>1085.36</TD>
    <TD>1852.769</TD>
    <TD>23.2671</TD>
    <TD>0.1171</TD>
    <TD>21.5839</TD>
    <TD>0.0956</TD>
    <TD>21.5839</TD>
    <TD>0.0956</TD>
    <TD>0.09</TD>
  </TR>
  <TR>
    <TD>3298.0</TD>
    <TD>241.1438</TD>
    <TD>55.04627</TD>
    <TD>776.816</TD>
    <TD>1850.666</TD>
    <TD>24.5433</TD>
    <TD>0.2032</TD>
    <TD>23.4972</TD>
    <TD>0.2494</TD>
    <TD>23.4972</TD>
    <TD>0.2494</TD>
    <TD>0.24</TD>
  </TR>
  <TR>
    <TD>3299.0</TD>
    <TD>241.1432</TD>
    <TD>54.98328</TD>
    <TD>1467.002</TD>
    <TD>1844.31</TD>
    <TD>23.9018</TD>
    <TD>0.1235</TD>
    <TD>24.4779</TD>
    <TD>0.2196</TD>
    <TD>24.4779</TD>
    <TD>0.2196</TD>
    <TD>0.71</TD>
  </TR>
  <TR>
    <TD>3300.0</TD>
    <TD>241.1453</TD>
    <TD>55.04957</TD>
    <TD>740.333</TD>
    <TD>1841.658</TD>
    <TD>25.8296</TD>
    <TD>0.3344</TD>
    <TD>25.0001</TD>
    <TD>0.4786</TD>
    <TD>25.0001</TD>
    <TD>0.4786</TD>
    <TD>0.37</TD>
  </TR>
  <TR>
    <TD>3301.0</TD>
    <TD>241.1423</TD>
    <TD>54.93998</TD>
    <TD>1939.265</TD>
    <TD>1843.378</TD>
    <TD>25.3381</TD>
    <TD>0.274</TD>
    <TD>24.2786</TD>
    <TD>0.3538</TD>
    <TD>24.2786</TD>
    <TD>0.3538</TD>
    <TD>0.38</TD>
  </TR>
  <TR>
    <TD>3302.0</TD>
    <TD>241.1327</TD>
    <TD>55.04023</TD>
    <TD>844.653</TD>
    <TD>1918.866</TD>
    <TD>20.5046</TD>
    <TD>0.0231</TD>
    <TD>20.374</TD>
    <TD>0.0323</TD>
    <TD>20.374</TD>
    <TD>0.0323</TD>
    <TD>0.0</TD>
  </TR>
  <TR>
    <TD>3303.0</TD>
    <TD>241.126</TD>
    <TD>55.09393</TD>
    <TD>253.917</TD>
    <TD>1968.698</TD>
    <TD>17.5837</TD>
    <TD>0.0043</TD>
    <TD>17.5912</TD>
    <TD>0.0046</TD>
    <TD>17.5912</TD>
    <TD>0.0046</TD>
    <TD>0.03</TD>
  </TR>
  <TR>
    <TD>3304.0</TD>
    <TD>241.1417</TD>
    <TD>54.93846</TD>
    <TD>1955.91</TD>
    <TD>1846.845</TD>
    <TD>24.7242</TD>
    <TD>0.1975</TD>
    <TD>24.4732</TD>
    <TD>0.2374</TD>
    <TD>24.4732</TD>
    <TD>0.2374</TD>
    <TD>0.72</TD>
  </TR>
  <TR>
    <TD>3305.0</TD>
    <TD>241.1421</TD>
    <TD>54.98017</TD>
    <TD>1501.154</TD>
    <TD>1851.116</TD>
    <TD>24.0759</TD>
    <TD>0.1619</TD>
    <TD>23.7094</TD>
    <TD>0.3153</TD>
    <TD>23.7094</TD>
    <TD>0.3153</TD>
    <TD>0.39</TD>
  </TR>
  <TR>
    <TD>3306.0</TD>
    <TD>241.1387</TD>
    <TD>54.94724</TD>
    <TD>1860.641</TD>
    <TD>1866.784</TD>
    <TD>22.1643</TD>
    <TD>0.0609</TD>
    <TD>21.7677</TD>
    <TD>0.0842</TD>
    <TD>21.8018</TD>
    <TD>0.0624</TD>
    <TD>0.0</TD>
  </TR>
  <TR>
    <TD>3307.0</TD>
    <TD>241.1426</TD>
    <TD>54.97225</TD>
    <TD>1587.502</TD>
    <TD>1846.448</TD>
    <TD>24.9167</TD>
    <TD>0.2203</TD>
    <TD>25.2157</TD>
    <TD>0.5432</TD>
    <TD>25.2157</TD>
    <TD>0.5432</TD>
    <TD>0.41</TD>
  </TR>
  <TR>
    <TD>3308.0</TD>
    <TD>241.1424</TD>
    <TD>54.98088</TD>
    <TD>1493.337</TD>
    <TD>1849.01</TD>
    <TD>23.671</TD>
    <TD>0.0942</TD>
    <TD>23.5485</TD>
    <TD>0.1202</TD>
    <TD>23.5485</TD>
    <TD>0.1202</TD>
    <TD>0.8</TD>
  </TR>
  <TR>
    <TD>3309.0</TD>
    <TD>241.1426</TD>
    <TD>55.00787</TD>
    <TD>1198.167</TD>
    <TD>1852.297</TD>
    <TD>24.6964</TD>
    <TD>0.2138</TD>
    <TD>23.1621</TD>
    <TD>0.1938</TD>
    <TD>23.1621</TD>
    <TD>0.1938</TD>
    <TD>0.48</TD>
  </TR>
  <TR>
    <TD>3310.0</TD>
    <TD>241.1389</TD>
    <TD>54.93167</TD>
    <TD>2030.08</TD>
    <TD>1863.384</TD>
    <TD>23.1518</TD>
    <TD>0.1044</TD>
    <TD>22.9352</TD>
    <TD>0.1477</TD>
    <TD>22.9352</TD>
    <TD>0.1477</TD>
    <TD>0.02</TD>
  </TR>
  <TR>
    <TD>3311.0</TD>
    <TD>241.1453</TD>
    <TD>55.1138</TD>
    <TD>31.225</TD>
    <TD>1850.712</TD>
    <TD>25.664</TD>
    <TD>0.33</TD>
    <TD>25.0825</TD>
    <TD>0.343</TD>
    <TD>25.0825</TD>
    <TD>0.343</TD>
    <TD>0.47</TD>
  </TR>
  <TR>
    <TD>3312.0</TD>
    <TD>241.1452</TD>
    <TD>55.09</TD>
    <TD>294.661</TD>
    <TD>1848.337</TD>
    <TD>25.9657</TD>
    <TD>0.3775</TD>
    <TD>25.1032</TD>
    <TD>0.5259</TD>
    <TD>25.1032</TD>
    <TD>0.5259</TD>
    <TD>0.36</TD>
  </TR>
  <TR>
    <TD>3313.0</TD>
    <TD>241.1423</TD>
    <TD>55.06323</TD>
    <TD>590.361</TD>
    <TD>1862.248</TD>
    <TD>23.5513</TD>
    <TD>0.1183</TD>
    <TD>22.971</TD>
    <TD>0.2042</TD>
    <TD>23.1479</TD>
    <TD>0.1202</TD>
    <TD>0.01</TD>
  </TR>
  <TR>
    <TD>3314.0</TD>
    <TD>241.1415</TD>
    <TD>54.94564</TD>
    <TD>1877.681</TD>
    <TD>1849.338</TD>
    <TD>25.7006</TD>
    <TD>0.2982</TD>
    <TD>24.5912</TD>
    <TD>0.3131</TD>
    <TD>24.5912</TD>
    <TD>0.3131</TD>
    <TD>0.36</TD>
  </TR>
  <TR>
    <TD>3315.0</TD>
    <TD>241.1412</TD>
    <TD>54.94014</TD>
    <TD>1937.641</TD>
    <TD>1850.307</TD>
    <TD>26.0254</TD>
    <TD>0.3981</TD>
    <TD>25.1801</TD>
    <TD>0.5055</TD>
    <TD>25.1801</TD>
    <TD>0.5055</TD>
    <TD>0.36</TD>
  </TR>
  <TR>
    <TD>3316.0</TD>
    <TD>241.1355</TD>
    <TD>54.99316</TD>
    <TD>1360.007</TD>
    <TD>1893.965</TD>
    <TD>20.7462</TD>
    <TD>0.0263</TD>
    <TD>20.7173</TD>
    <TD>0.0361</TD>
    <TD>20.7173</TD>
    <TD>0.0361</TD>
    <TD>0.01</TD>
  </TR>
  <TR>
    <TD>3317.0</TD>
    <TD>241.1423</TD>
    <TD>55.00525</TD>
    <TD>1226.886</TD>
    <TD>1853.712</TD>
    <TD>23.6883</TD>
    <TD>0.1259</TD>
    <TD>23.7287</TD>
    <TD>0.2572</TD>
    <TD>23.7287</TD>
    <TD>0.2572</TD>
    <TD>0.49</TD>
  </TR>
  <TR>
    <TD>3318.0</TD>
    <TD>241.1423</TD>
    <TD>55.06132</TD>
    <TD>611.454</TD>
    <TD>1861.945</TD>
    <TD>24.1341</TD>
    <TD>0.1661</TD>
    <TD>23.4054</TD>
    <TD>0.2178</TD>
    <TD>23.4054</TD>
    <TD>0.2178</TD>
    <TD>0.48</TD>
  </TR>
  <TR>
    <TD>3319.0</TD>
    <TD>241.1404</TD>
    <TD>55.07392</TD>
    <TD>472.838</TD>
    <TD>1875.507</TD>
    <TD>22.666</TD>
    <TD>0.0846</TD>
    <TD>22.3898</TD>
    <TD>0.1128</TD>
    <TD>22.3898</TD>
    <TD>0.1128</TD>
    <TD>0.0</TD>
  </TR>
  <TR>
    <TD>3320.0</TD>
    <TD>241.1399</TD>
    <TD>55.0364</TD>
    <TD>885.701</TD>
    <TD>1873.36</TD>
    <TD>22.7885</TD>
    <TD>0.0829</TD>
    <TD>22.4838</TD>
    <TD>0.1158</TD>
    <TD>22.4838</TD>
    <TD>0.1158</TD>
    <TD>0.0</TD>
  </TR>
  <TR>
    <TD>3321.0</TD>
    <TD>241.1423</TD>
    <TD>55.04332</TD>
    <TD>809.357</TD>
    <TD>1859.289</TD>
    <TD>24.9373</TD>
    <TD>0.2089</TD>
    <TD>25.4206</TD>
    <TD>0.3213</TD>
    <TD>25.4206</TD>
    <TD>0.3213</TD>
    <TD>0.37</TD>
  </TR>
  <TR>
    <TD>3322.0</TD>
    <TD>241.1433</TD>
    <TD>55.08829</TD>
    <TD>313.758</TD>
    <TD>1859.708</TD>
    <TD>25.4092</TD>
    <TD>0.2631</TD>
    <TD>25.0466</TD>
    <TD>0.332</TD>
    <TD>25.0466</TD>
    <TD>0.332</TD>
    <TD>0.42</TD>
  </TR>
  <TR>
    <TD>3323.0</TD>
    <TD>241.139</TD>
    <TD>54.98051</TD>
    <TD>1497.757</TD>
    <TD>1870.385</TD>
    <TD>23.6554</TD>
    <TD>0.1346</TD>
    <TD>23.2544</TD>
    <TD>0.2199</TD>
    <TD>23.2544</TD>
    <TD>0.2199</TD>
    <TD>0.03</TD>
  </TR>
  <TR>
    <TD>3324.0</TD>
    <TD>241.1424</TD>
    <TD>55.06166</TD>
    <TD>607.686</TD>
    <TD>1861.316</TD>
    <TD>24.7993</TD>
    <TD>0.1985</TD>
    <TD>24.6573</TD>
    <TD>0.3501</TD>
    <TD>24.4826</TD>
    <TD>0.2048</TD>
    <TD>0.41</TD>
  </TR>
  <TR>
    <TD>3325.0</TD>
    <TD>241.1403</TD>
    <TD>55.00496</TD>
    <TD>1230.357</TD>
    <TD>1866.016</TD>
    <TD>23.3729</TD>
    <TD>0.1099</TD>
    <TD>22.2723</TD>
    <TD>0.1549</TD>
    <TD>22.2723</TD>
    <TD>0.1549</TD>
    <TD>0.0</TD>
  </TR>
  <TR>
    <TD>3326.0</TD>
    <TD>241.1415</TD>
    <TD>55.0418</TD>
    <TD>826.167</TD>
    <TD>1864.019</TD>
    <TD>25.449</TD>
    <TD>0.3296</TD>
    <TD>24.1206</TD>
    <TD>0.3063</TD>
    <TD>24.1206</TD>
    <TD>0.3063</TD>
    <TD>0.37</TD>
  </TR>
  <TR>
    <TD>3327.0</TD>
    <TD>241.1395</TD>
    <TD>54.99817</TD>
    <TD>1304.748</TD>
    <TD>1869.881</TD>
    <TD>23.3905</TD>
    <TD>0.1167</TD>
    <TD>23.1371</TD>
    <TD>0.1541</TD>
    <TD>23.1371</TD>
    <TD>0.1541</TD>
    <TD>0.06</TD>
  </TR>
  <TR>
    <TD>3328.0</TD>
    <TD>241.1349</TD>
    <TD>54.96014</TD>
    <TD>1720.553</TD>
    <TD>1892.76</TD>
    <TD>21.2466</TD>
    <TD>0.0338</TD>
    <TD>21.1059</TD>
    <TD>0.0446</TD>
    <TD>21.1059</TD>
    <TD>0.0446</TD>
    <TD>0.0</TD>
  </TR>
  <TR>
    <TD>3329.0</TD>
    <TD>241.1376</TD>
    <TD>55.00289</TD>
    <TD>1253.317</TD>
    <TD>1882.722</TD>
    <TD>23.6277</TD>
    <TD>0.1266</TD>
    <TD>23.2277</TD>
    <TD>0.2363</TD>
    <TD>23.2277</TD>
    <TD>0.2363</TD>
    <TD>0.51</TD>
  </TR>
  <TR>
    <TD>3330.0</TD>
    <TD>241.1417</TD>
    <TD>55.06161</TD>
    <TD>608.249</TD>
    <TD>1865.826</TD>
    <TD>25.0603</TD>
    <TD>0.2142</TD>
    <TD>24.5628</TD>
    <TD>0.3652</TD>
    <TD>24.5628</TD>
    <TD>0.3652</TD>
    <TD>0.49</TD>
  </TR>
  <TR>
    <TD>3331.0</TD>
    <TD>241.1389</TD>
    <TD>54.93646</TD>
    <TD>1977.986</TD>
    <TD>1863.679</TD>
    <TD>25.8036</TD>
    <TD>0.3268</TD>
    <TD>24.6043</TD>
    <TD>0.3281</TD>
    <TD>24.6043</TD>
    <TD>0.3281</TD>
    <TD>0.35</TD>
  </TR>
  <TR>
    <TD>3332.0</TD>
    <TD>241.1393</TD>
    <TD>55.03189</TD>
    <TD>935.303</TD>
    <TD>1876.175</TD>
    <TD>24.0606</TD>
    <TD>0.1555</TD>
    <TD>23.3053</TD>
    <TD>0.2779</TD>
    <TD>23.3053</TD>
    <TD>0.2779</TD>
    <TD>0.2</TD>
  </TR>
  <TR>
    <TD>3333.0</TD>
    <TD>241.1317</TD>
    <TD>54.99185</TD>
    <TD>1374.824</TD>
    <TD>1917.671</TD>
    <TD>19.5128</TD>
    <TD>0.0099</TD>
    <TD>19.493</TD>
    <TD>0.0112</TD>
    <TD>19.493</TD>
    <TD>0.0112</TD>
    <TD>0.03</TD>
  </TR>
  <TR>
    <TD>3334.0</TD>
    <TD>241.1397</TD>
    <TD>54.98696</TD>
    <TD>1427.267</TD>
    <TD>1866.722</TD>
    <TD>25.768</TD>
    <TD>0.3621</TD>
    <TD>24.9344</TD>
    <TD>0.3</TD>
    <TD>24.9344</TD>
    <TD>0.3</TD>
    <TD>0.39</TD>
  </TR>
  <TR>
    <TD>3335.0</TD>
    <TD>241.1392</TD>
    <TD>54.95885</TD>
    <TD>1734.032</TD>
    <TD>1865.468</TD>
    <TD>25.4973</TD>
    <TD>0.3442</TD>
    <TD>24.5466</TD>
    <TD>0.3165</TD>
    <TD>24.5466</TD>
    <TD>0.3165</TD>
    <TD>0.4</TD>
  </TR>
  <TR>
    <TD>3336.0</TD>
    <TD>241.1389</TD>
    <TD>54.99814</TD>
    <TD>1305.16</TD>
    <TD>1873.995</TD>
    <TD>24.4266</TD>
    <TD>0.1901</TD>
    <TD>23.9182</TD>
    <TD>0.2886</TD>
    <TD>23.87</TD>
    <TD>0.1848</TD>
    <TD>0.43</TD>
  </TR>
  <TR>
    <TD>3337.0</TD>
    <TD>241.1371</TD>
    <TD>54.99639</TD>
    <TD>1324.471</TD>
    <TD>1884.723</TD>
    <TD>23.6371</TD>
    <TD>0.1324</TD>
    <TD>22.9622</TD>
    <TD>0.2034</TD>
    <TD>23.0758</TD>
    <TD>0.1285</TD>
    <TD>0.33</TD>
  </TR>
  <TR>
    <TD>3338.0</TD>
    <TD>241.1337</TD>
    <TD>55.09233</TD>
    <TD>270.548</TD>
    <TD>1919.907</TD>
    <TD>20.9662</TD>
    <TD>0.0274</TD>
    <TD>20.8238</TD>
    <TD>0.0397</TD>
    <TD>20.8238</TD>
    <TD>0.0397</TD>
    <TD>0.01</TD>
  </TR>
  <TR>
    <TD>3339.0</TD>
    <TD>241.1211</TD>
    <TD>54.99435</TD>
    <TD>1348.925</TD>
    <TD>1983.891</TD>
    <TD>15.4726</TD>
    <TD>9.0E-4</TD>
    <TD>15.5006</TD>
    <TD>8.0E-4</TD>
    <TD>15.5006</TD>
    <TD>8.0E-4</TD>
    <TD>0.85</TD>
  </TR>
  <TR>
    <TD>3340.0</TD>
    <TD>241.1401</TD>
    <TD>55.05279</TD>
    <TD>705.641</TD>
    <TD>1874.538</TD>
    <TD>23.0622</TD>
    <TD>0.0649</TD>
    <TD>22.9943</TD>
    <TD>0.0833</TD>
    <TD>22.9943</TD>
    <TD>0.0833</TD>
    <TD>0.9</TD>
  </TR>
  <TR>
    <TD>3341.0</TD>
    <TD>241.141</TD>
    <TD>55.06703</TD>
    <TD>548.68</TD>
    <TD>1870.656</TD>
    <TD>25.9702</TD>
    <TD>0.379</TD>
    <TD>25.1232</TD>
    <TD>0.5529</TD>
    <TD>25.1232</TD>
    <TD>0.5529</TD>
    <TD>0.42</TD>
  </TR>
  <TR>
    <TD>3342.0</TD>
    <TD>241.1402</TD>
    <TD>55.04649</TD>
    <TD>774.883</TD>
    <TD>1873.032</TD>
    <TD>25.088</TD>
    <TD>0.2388</TD>
    <TD>24.0746</TD>
    <TD>0.3182</TD>
    <TD>24.0746</TD>
    <TD>0.3182</TD>
    <TD>0.35</TD>
  </TR>
  <TR>
    <TD>3343.0</TD>
    <TD>241.128</TD>
    <TD>55.07347</TD>
    <TD>479.441</TD>
    <TD>1953.172</TD>
    <TD>18.507</TD>
    <TD>0.0066</TD>
    <TD>18.4855</TD>
    <TD>0.0075</TD>
    <TD>18.4855</TD>
    <TD>0.0075</TD>
    <TD>0.03</TD>
  </TR>
  <TR>
    <TD>3344.0</TD>
    <TD>241.1299</TD>
    <TD>54.95153</TD>
    <TD>1815.069</TD>
    <TD>1922.314</TD>
    <TD>19.3155</TD>
    <TD>0.0097</TD>
    <TD>19.306</TD>
    <TD>0.011</TD>
    <TD>19.306</TD>
    <TD>0.011</TD>
    <TD>0.03</TD>
  </TR>
  <TR>
    <TD>3345.0</TD>
    <TD>241.135</TD>
    <TD>54.97388</TD>
    <TD>1570.647</TD>
    <TD>1894.071</TD>
    <TD>22.5863</TD>
    <TD>0.0699</TD>
    <TD>21.9622</TD>
    <TD>0.102</TD>
    <TD>21.9622</TD>
    <TD>0.102</TD>
    <TD>0.01</TD>
  </TR>
  <TR>
    <TD>3346.0</TD>
    <TD>241.1323</TD>
    <TD>55.05352</TD>
    <TD>698.621</TD>
    <TD>1923.551</TD>
    <TD>21.7098</TD>
    <TD>0.0437</TD>
    <TD>21.6489</TD>
    <TD>0.0761</TD>
    <TD>21.6489</TD>
    <TD>0.0761</TD>
    <TD>0.01</TD>
  </TR>
  <TR>
    <TD>3347.0</TD>
    <TD>241.1355</TD>
    <TD>54.99639</TD>
    <TD>1324.75</TD>
    <TD>1894.527</TD>
    <TD>23.3792</TD>
    <TD>0.1105</TD>
    <TD>22.9798</TD>
    <TD>0.1301</TD>
    <TD>22.9798</TD>
    <TD>0.1301</TD>
    <TD>0.0</TD>
  </TR>
  <TR>
    <TD>3348.0</TD>
    <TD>241.1342</TD>
    <TD>55.08836</TD>
    <TD>314.303</TD>
    <TD>1916.559</TD>
    <TD>22.3884</TD>
    <TD>0.0723</TD>
    <TD>21.8263</TD>
    <TD>0.1292</TD>
    <TD>21.8263</TD>
    <TD>0.1292</TD>
    <TD>0.0</TD>
  </TR>
  <TR>
    <TD>3349.0</TD>
    <TD>241.1371</TD>
    <TD>54.97949</TD>
    <TD>1509.173</TD>
    <TD>1882.219</TD>
    <TD>25.5367</TD>
    <TD>0.3271</TD>
    <TD>24.4324</TD>
    <TD>0.3627</TD>
    <TD>24.4324</TD>
    <TD>0.3627</TD>
    <TD>0.39</TD>
  </TR>
  <TR>
    <TD>3350.0</TD>
    <TD>241.138</TD>
    <TD>55.00014</TD>
    <TD>1283.323</TD>
    <TD>1879.325</TD>
    <TD>25.9914</TD>
    <TD>0.3862</TD>
    <TD>24.9416</TD>
    <TD>0.2906</TD>
    <TD>24.9416</TD>
    <TD>0.2906</TD>
    <TD>0.35</TD>
  </TR>
  <TR>
    <TD>3351.0</TD>
    <TD>241.1334</TD>
    <TD>54.98162</TD>
    <TD>1486.382</TD>
    <TD>1905.314</TD>
    <TD>22.0011</TD>
    <TD>0.0519</TD>
    <TD>21.532</TD>
    <TD>0.081</TD>
    <TD>21.532</TD>
    <TD>0.081</TD>
    <TD>0.0</TD>
  </TR>
  <TR>
    <TD>3352.0</TD>
    <TD>241.1349</TD>
    <TD>55.00621</TD>
    <TD>1217.361</TD>
    <TD>1899.76</TD>
    <TD>22.9484</TD>
    <TD>0.0755</TD>
    <TD>23.1773</TD>
    <TD>0.1151</TD>
    <TD>23.1773</TD>
    <TD>0.1151</TD>
    <TD>0.79</TD>
  </TR>
  <TR>
    <TD>3353.0</TD>
    <TD>241.1362</TD>
    <TD>54.93949</TD>
    <TD>1945.359</TD>
    <TD>1881.286</TD>
    <TD>25.8585</TD>
    <TD>0.3431</TD>
    <TD>25.0218</TD>
    <TD>0.3365</TD>
    <TD>25.0218</TD>
    <TD>0.3365</TD>
    <TD>0.39</TD>
  </TR>
  <TR>
    <TD>3354.0</TD>
    <TD>241.1393</TD>
    <TD>55.11335</TD>
    <TD>37.024</TD>
    <TD>1888.167</TD>
    <TD>25.8286</TD>
    <TD>0.4251</TD>
    <TD>24.5328</TD>
    <TD>0.2375</TD>
    <TD>24.5328</TD>
    <TD>0.2375</TD>
    <TD>0.35</TD>
  </TR>
  <TR>
    <TD>3355.0</TD>
    <TD>241.1378</TD>
    <TD>55.03759</TD>
    <TD>872.989</TD>
    <TD>1886.506</TD>
    <TD>24.9237</TD>
    <TD>0.1719</TD>
    <TD>24.8858</TD>
    <TD>0.2281</TD>
    <TD>24.8858</TD>
    <TD>0.2281</TD>
    <TD>0.63</TD>
  </TR>
  <TR>
    <TD>3356.0</TD>
    <TD>241.1363</TD>
    <TD>55.11405</TD>
    <TD>29.761</TD>
    <TD>1906.702</TD>
    <TD>22.9406</TD>
    <TD>0.0904</TD>
    <TD>22.5499</TD>
    <TD>0.1372</TD>
    <TD>22.5499</TD>
    <TD>0.1372</TD>
    <TD>0.01</TD>
  </TR>
  <TR>
    <TD>3357.0</TD>
    <TD>241.1348</TD>
    <TD>55.00258</TD>
    <TD>1257.134</TD>
    <TD>1900.227</TD>
    <TD>23.1707</TD>
    <TD>0.096</TD>
    <TD>22.9562</TD>
    <TD>0.1505</TD>
    <TD>22.9562</TD>
    <TD>0.1505</TD>
    <TD>0.0</TD>
  </TR>
  <TR>
    <TD>3358.0</TD>
    <TD>241.1343</TD>
    <TD>54.94295</TD>
    <TD>1907.892</TD>
    <TD>1893.825</TD>
    <TD>25.068</TD>
    <TD>0.2684</TD>
    <TD>23.7515</TD>
    <TD>0.2963</TD>
    <TD>23.7515</TD>
    <TD>0.2963</TD>
    <TD>0.49</TD>
  </TR>
  <TR>
    <TD>3359.0</TD>
    <TD>241.1337</TD>
    <TD>54.98649</TD>
    <TD>1433.214</TD>
    <TD>1904.195</TD>
    <TD>23.1614</TD>
    <TD>0.1016</TD>
    <TD>23.0439</TD>
    <TD>0.1971</TD>
    <TD>23.0439</TD>
    <TD>0.1971</TD>
    <TD>0.16</TD>
  </TR>
  <TR>
    <TD>3360.0</TD>
    <TD>241.1358</TD>
    <TD>55.07846</TD>
    <TD>423.431</TD>
    <TD>1904.904</TD>
    <TD>23.5126</TD>
    <TD>0.1302</TD>
    <TD>22.8228</TD>
    <TD>0.2043</TD>
    <TD>22.8228</TD>
    <TD>0.2043</TD>
    <TD>0.52</TD>
  </TR>
  <TR>
    <TD>3361.0</TD>
    <TD>241.1367</TD>
    <TD>55.0567</TD>
    <TD>663.0</TD>
    <TD>1896.447</TD>
    <TD>25.6006</TD>
    <TD>0.3118</TD>
    <TD>25.0251</TD>
    <TD>0.3133</TD>
    <TD>25.0251</TD>
    <TD>0.3133</TD>
    <TD>0.42</TD>
  </TR>
  <TR>
    <TD>3362.0</TD>
    <TD>241.1348</TD>
    <TD>54.96432</TD>
    <TD>1675.064</TD>
    <TD>1893.969</TD>
    <TD>24.9356</TD>
    <TD>0.224</TD>
    <TD>24.6965</TD>
    <TD>0.2905</TD>
    <TD>24.6965</TD>
    <TD>0.2905</TD>
    <TD>0.4</TD>
  </TR>
  <TR>
    <TD>3363.0</TD>
    <TD>241.1348</TD>
    <TD>54.95409</TD>
    <TD>1786.504</TD>
    <TD>1892.52</TD>
    <TD>25.5844</TD>
    <TD>0.3074</TD>
    <TD>24.9457</TD>
    <TD>0.4701</TD>
    <TD>24.9457</TD>
    <TD>0.4701</TD>
    <TD>0.43</TD>
  </TR>
  <TR>
    <TD>3364.0</TD>
    <TD>241.1343</TD>
    <TD>54.9631</TD>
    <TD>1688.392</TD>
    <TD>1897.155</TD>
    <TD>24.0927</TD>
    <TD>0.1254</TD>
    <TD>24.0263</TD>
    <TD>0.1775</TD>
    <TD>24.0263</TD>
    <TD>0.1775</TD>
    <TD>0.69</TD>
  </TR>
  <TR>
    <TD>3365.0</TD>
    <TD>241.1337</TD>
    <TD>55.0122</TD>
    <TD>1151.9</TD>
    <TD>1908.139</TD>
    <TD>22.8119</TD>
    <TD>0.064</TD>
    <TD>22.7929</TD>
    <TD>0.1001</TD>
    <TD>22.7929</TD>
    <TD>0.1001</TD>
    <TD>0.81</TD>
  </TR>
  <TR>
    <TD>3366.0</TD>
    <TD>241.1351</TD>
    <TD>55.08496</TD>
    <TD>351.69</TD>
    <TD>1910.326</TD>
    <TD>25.3362</TD>
    <TD>0.2979</TD>
    <TD>24.8484</TD>
    <TD>0.3957</TD>
    <TD>24.8484</TD>
    <TD>0.3957</TD>
    <TD>0.35</TD>
  </TR>
  <TR>
    <TD>3367.0</TD>
    <TD>241.1328</TD>
    <TD>54.95503</TD>
    <TD>1776.5</TD>
    <TD>1905.143</TD>
    <TD>24.6542</TD>
    <TD>0.2154</TD>
    <TD>23.6553</TD>
    <TD>0.3093</TD>
    <TD>23.6553</TD>
    <TD>0.3093</TD>
    <TD>0.42</TD>
  </TR>
  <TR>
    <TD>3368.0</TD>
    <TD>241.1358</TD>
    <TD>55.06044</TD>
    <TD>622.013</TD>
    <TD>1902.56</TD>
    <TD>24.4288</TD>
    <TD>0.1905</TD>
    <TD>23.3513</TD>
    <TD>0.2548</TD>
    <TD>23.3513</TD>
    <TD>0.2548</TD>
    <TD>0.44</TD>
  </TR>
  <TR>
    <TD>3369.0</TD>
    <TD>241.13</TD>
    <TD>54.99832</TD>
    <TD>1304.386</TD>
    <TD>1929.517</TD>
    <TD>23.4241</TD>
    <TD>0.1168</TD>
    <TD>22.4088</TD>
    <TD>0.1602</TD>
    <TD>22.4088</TD>
    <TD>0.1602</TD>
    <TD>0.01</TD>
  </TR>
  <TR>
    <TD>3370.0</TD>
    <TD>241.1346</TD>
    <TD>55.0054</TD>
    <TD>1226.25</TD>
    <TD>1901.929</TD>
    <TD>23.8203</TD>
    <TD>0.1386</TD>
    <TD>22.65</TD>
    <TD>0.1741</TD>
    <TD>22.65</TD>
    <TD>0.1741</TD>
    <TD>0.0</TD>
  </TR>
  <TR>
    <TD>3371.0</TD>
    <TD>241.1358</TD>
    <TD>55.04085</TD>
    <TD>837.476</TD>
    <TD>1899.513</TD>
    <TD>24.8087</TD>
    <TD>0.2129</TD>
    <TD>24.8412</TD>
    <TD>0.4273</TD>
    <TD>24.8412</TD>
    <TD>0.4273</TD>
    <TD>0.46</TD>
  </TR>
  <TR>
    <TD>3372.0</TD>
    <TD>241.1333</TD>
    <TD>54.94779</TD>
    <TD>1855.332</TD>
    <TD>1900.707</TD>
    <TD>25.1271</TD>
    <TD>0.2472</TD>
    <TD>23.4661</TD>
    <TD>0.2131</TD>
    <TD>23.4661</TD>
    <TD>0.2131</TD>
    <TD>0.38</TD>
  </TR>
  <TR>
    <TD>3373.0</TD>
    <TD>241.1281</TD>
    <TD>55.0621</TD>
    <TD>604.792</TD>
    <TD>1950.594</TD>
    <TD>19.5423</TD>
    <TD>0.0101</TD>
    <TD>19.5329</TD>
    <TD>0.0112</TD>
    <TD>19.5329</TD>
    <TD>0.0112</TD>
    <TD>0.03</TD>
  </TR>
  <TR>
    <TD>3374.0</TD>
    <TD>241.1331</TD>
    <TD>54.94681</TD>
    <TD>1866.021</TD>
    <TD>1901.475</TD>
    <TD>24.9118</TD>
    <TD>0.2334</TD>
    <TD>23.7578</TD>
    <TD>0.2754</TD>
    <TD>23.7578</TD>
    <TD>0.2754</TD>
    <TD>0.48</TD>
  </TR>
  <TR>
    <TD>3375.0</TD>
    <TD>241.135</TD>
    <TD>55.09956</TD>
    <TD>190.364</TD>
    <TD>1912.964</TD>
    <TD>24.3053</TD>
    <TD>0.1824</TD>
    <TD>23.5446</TD>
    <TD>0.2814</TD>
    <TD>23.5446</TD>
    <TD>0.2814</TD>
    <TD>0.36</TD>
  </TR>
  <TR>
    <TD>3376.0</TD>
    <TD>241.1322</TD>
    <TD>54.98268</TD>
    <TD>1474.949</TD>
    <TD>1913.045</TD>
    <TD>23.7633</TD>
    <TD>0.1374</TD>
    <TD>22.8734</TD>
    <TD>0.2029</TD>
    <TD>22.8734</TD>
    <TD>0.2029</TD>
    <TD>0.52</TD>
  </TR>
  <TR>
    <TD>3377.0</TD>
    <TD>241.1357</TD>
    <TD>55.11474</TD>
    <TD>22.154</TD>
    <TD>1910.683</TD>
    <TD>24.9729</TD>
    <TD>0.2606</TD>
    <TD>23.711</TD>
    <TD>0.2843</TD>
    <TD>23.711</TD>
    <TD>0.2843</TD>
    <TD>0.49</TD>
  </TR>
  <TR>
    <TD>3378.0</TD>
    <TD>241.1332</TD>
    <TD>54.97784</TD>
    <TD>1527.656</TD>
    <TD>1906.332</TD>
    <TD>25.8735</TD>
    <TD>0.3477</TD>
    <TD>25.5535</TD>
    <TD>0.362</TD>
    <TD>25.5535</TD>
    <TD>0.362</TD>
    <TD>0.36</TD>
  </TR>
  <TR>
    <TD>3379.0</TD>
    <TD>241.1334</TD>
    <TD>55.04717</TD>
    <TD>768.315</TD>
    <TD>1915.708</TD>
    <TD>24.5287</TD>
    <TD>0.1842</TD>
    <TD>23.6984</TD>
    <TD>0.2975</TD>
    <TD>23.6984</TD>
    <TD>0.2975</TD>
    <TD>0.47</TD>
  </TR>
  <TR>
    <TD>3380.0</TD>
    <TD>241.1297</TD>
    <TD>55.10697</TD>
    <TD>109.123</TD>
    <TD>1946.967</TD>
    <TD>21.1977</TD>
    <TD>0.0342</TD>
    <TD>21.1082</TD>
    <TD>0.0524</TD>
    <TD>21.1082</TD>
    <TD>0.0524</TD>
    <TD>0.0</TD>
  </TR>
  <TR>
    <TD>3381.0</TD>
    <TD>241.1328</TD>
    <TD>54.97752</TD>
    <TD>1531.298</TD>
    <TD>1908.354</TD>
    <TD>25.8831</TD>
    <TD>0.3507</TD>
    <TD>24.6719</TD>
    <TD>0.4085</TD>
    <TD>24.6719</TD>
    <TD>0.4085</TD>
    <TD>0.43</TD>
  </TR>
  <TR>
    <TD>3382.0</TD>
    <TD>241.1289</TD>
    <TD>54.94535</TD>
    <TD>1882.506</TD>
    <TD>1927.581</TD>
    <TD>23.7464</TD>
    <TD>0.1408</TD>
    <TD>22.7173</TD>
    <TD>0.2025</TD>
    <TD>22.7173</TD>
    <TD>0.2025</TD>
    <TD>0.48</TD>
  </TR>
  <TR>
    <TD>3383.0</TD>
    <TD>241.1304</TD>
    <TD>55.0286</TD>
    <TD>972.581</TD>
    <TD>1931.225</TD>
    <TD>22.4391</TD>
    <TD>0.0729</TD>
    <TD>22.2866</TD>
    <TD>0.108</TD>
    <TD>22.2866</TD>
    <TD>0.108</TD>
    <TD>0.0</TD>
  </TR>
  <TR>
    <TD>3384.0</TD>
    <TD>241.1314</TD>
    <TD>54.93586</TD>
    <TD>1985.499</TD>
    <TD>1910.479</TD>
    <TD>25.5305</TD>
    <TD>0.293</TD>
    <TD>25.337</TD>
    <TD>0.4156</TD>
    <TD>25.337</TD>
    <TD>0.4156</TD>
    <TD>0.48</TD>
  </TR>
  <TR>
    <TD>3385.0</TD>
    <TD>241.1022</TD>
    <TD>55.08502</TD>
    <TD>355.45</TD>
    <TD>2115.427</TD>
    <TD>14.0042</TD>
    <TD>4.0E-4</TD>
    <TD>14.0341</TD>
    <TD>4.0E-4</TD>
    <TD>14.0341</TD>
    <TD>4.0E-4</TD>
    <TD>0.76</TD>
  </TR>
  <TR>
    <TD>3386.0</TD>
    <TD>241.131</TD>
    <TD>54.98773</TD>
    <TD>1419.968</TD>
    <TD>1921.042</TD>
    <TD>23.4755</TD>
    <TD>0.1146</TD>
    <TD>22.5074</TD>
    <TD>0.1618</TD>
    <TD>23.0662</TD>
    <TD>0.1163</TD>
    <TD>0.27</TD>
  </TR>
  <TR>
    <TD>3387.0</TD>
    <TD>241.1352</TD>
    <TD>55.1067</TD>
    <TD>111.306</TD>
    <TD>1912.549</TD>
    <TD>24.9186</TD>
    <TD>0.2206</TD>
    <TD>24.5407</TD>
    <TD>0.2708</TD>
    <TD>24.5407</TD>
    <TD>0.2708</TD>
    <TD>0.41</TD>
  </TR>
  <TR>
    <TD>3388.0</TD>
    <TD>241.1273</TD>
    <TD>54.95936</TD>
    <TD>1730.0</TD>
    <TD>1939.938</TD>
    <TD>22.3493</TD>
    <TD>0.0706</TD>
    <TD>21.9412</TD>
    <TD>0.1132</TD>
    <TD>21.9412</TD>
    <TD>0.1132</TD>
    <TD>0.0</TD>
  </TR>
  <TR>
    <TD>3389.0</TD>
    <TD>241.1335</TD>
    <TD>55.09582</TD>
    <TD>231.907</TD>
    <TD>1922.116</TD>
    <TD>24.2139</TD>
    <TD>0.1783</TD>
    <TD>23.7047</TD>
    <TD>0.3205</TD>
    <TD>23.7047</TD>
    <TD>0.3205</TD>
    <TD>0.59</TD>
  </TR>
  <TR>
    <TD>3390.0</TD>
    <TD>241.1304</TD>
    <TD>54.94301</TD>
    <TD>1907.766</TD>
    <TD>1917.999</TD>
    <TD>25.4109</TD>
    <TD>0.2635</TD>
    <TD>24.9074</TD>
    <TD>0.3942</TD>
    <TD>24.9074</TD>
    <TD>0.3942</TD>
    <TD>0.38</TD>
  </TR>
  <TR>
    <TD>3391.0</TD>
    <TD>241.1337</TD>
    <TD>55.07432</TD>
    <TD>469.395</TD>
    <TD>1917.764</TD>
    <TD>25.6046</TD>
    <TD>0.3476</TD>
    <TD>24.3328</TD>
    <TD>0.4638</TD>
    <TD>24.3328</TD>
    <TD>0.4638</TD>
    <TD>0.35</TD>
  </TR>
  <TR>
    <TD>3392.0</TD>
    <TD>241.1304</TD>
    <TD>54.98785</TD>
    <TD>1418.691</TD>
    <TD>1925.258</TD>
    <TD>23.522</TD>
    <TD>0.1195</TD>
    <TD>22.5549</TD>
    <TD>0.1952</TD>
    <TD>23.0751</TD>
    <TD>0.1201</TD>
    <TD>0.07</TD>
  </TR>
  <TR>
    <TD>3393.0</TD>
    <TD>241.1306</TD>
    <TD>54.9421</TD>
    <TD>1917.655</TD>
    <TD>1916.686</TD>
    <TD>25.8624</TD>
    <TD>0.3443</TD>
    <TD>24.2938</TD>
    <TD>0.2963</TD>
    <TD>24.2938</TD>
    <TD>0.2963</TD>
    <TD>0.41</TD>
  </TR>
  <TR>
    <TD>3394.0</TD>
    <TD>241.1288</TD>
    <TD>54.98714</TD>
    <TD>1426.723</TD>
    <TD>1934.919</TD>
    <TD>22.3026</TD>
    <TD>0.0625</TD>
    <TD>22.0081</TD>
    <TD>0.1048</TD>
    <TD>22.0081</TD>
    <TD>0.1048</TD>
    <TD>0.0</TD>
  </TR>
  <TR>
    <TD>3395.0</TD>
    <TD>241.1271</TD>
    <TD>54.94249</TD>
    <TD>1913.825</TD>
    <TD>1938.727</TD>
    <TD>22.6719</TD>
    <TD>0.0869</TD>
    <TD>21.8314</TD>
    <TD>0.1213</TD>
    <TD>21.8314</TD>
    <TD>0.1213</TD>
    <TD>0.01</TD>
  </TR>
  <TR>
    <TD>3396.0</TD>
    <TD>241.1336</TD>
    <TD>55.05847</TD>
    <TD>643.964</TD>
    <TD>1916.0</TD>
    <TD>25.8217</TD>
    <TD>0.332</TD>
    <TD>25.7742</TD>
    <TD>0.5076</TD>
    <TD>25.7742</TD>
    <TD>0.5076</TD>
    <TD>0.36</TD>
  </TR>
  <TR>
    <TD>3397.0</TD>
    <TD>241.1319</TD>
    <TD>55.06168</TD>
    <TD>608.893</TD>
    <TD>1926.754</TD>
    <TD>24.2435</TD>
    <TD>0.1672</TD>
    <TD>23.2741</TD>
    <TD>0.254</TD>
    <TD>23.2741</TD>
    <TD>0.254</TD>
    <TD>0.5</TD>
  </TR>
  <TR>
    <TD>3398.0</TD>
    <TD>241.1297</TD>
    <TD>54.97329</TD>
    <TD>1577.822</TD>
    <TD>1927.377</TD>
    <TD>24.4223</TD>
    <TD>0.1894</TD>
    <TD>23.6105</TD>
    <TD>0.2638</TD>
    <TD>23.6105</TD>
    <TD>0.2638</TD>
    <TD>0.35</TD>
  </TR>
  <TR>
    <TD>3399.0</TD>
    <TD>241.1283</TD>
    <TD>55.00284</TD>
    <TD>1255.115</TD>
    <TD>1940.541</TD>
    <TD>22.9336</TD>
    <TD>0.0879</TD>
    <TD>22.7457</TD>
    <TD>0.1366</TD>
    <TD>22.7457</TD>
    <TD>0.1366</TD>
    <TD>0.0</TD>
  </TR>
  <TR>
    <TD>3400.0</TD>
    <TD>241.1297</TD>
    <TD>54.94191</TD>
    <TD>1919.76</TD>
    <TD>1921.862</TD>
    <TD>24.7238</TD>
    <TD>0.2191</TD>
    <TD>23.8331</TD>
    <TD>0.2814</TD>
    <TD>23.8331</TD>
    <TD>0.2814</TD>
    <TD>0.35</TD>
  </TR>
  <TR>
    <TD>3401.0</TD>
    <TD>241.1337</TD>
    <TD>55.11275</TD>
    <TD>44.484</TD>
    <TD>1923.012</TD>
    <TD>25.8831</TD>
    <TD>0.4015</TD>
    <TD>24.2708</TD>
    <TD>0.3222</TD>
    <TD>24.2708</TD>
    <TD>0.3222</TD>
    <TD>0.37</TD>
  </TR>
  <TR>
    <TD>3402.0</TD>
    <TD>241.1339</TD>
    <TD>55.08677</TD>
    <TD>331.904</TD>
    <TD>1918.0</TD>
    <TD>25.8247</TD>
    <TD>0.3329</TD>
    <TD>24.8671</TD>
    <TD>0.5175</TD>
    <TD>24.8671</TD>
    <TD>0.5175</TD>
    <TD>0.36</TD>
  </TR>
  <TR>
    <TD>3403.0</TD>
    <TD>241.126</TD>
    <TD>54.93183</TD>
    <TD>2029.999</TD>
    <TD>1943.711</TD>
    <TD>23.8776</TD>
    <TD>0.1491</TD>
    <TD>22.9003</TD>
    <TD>0.1906</TD>
    <TD>22.9003</TD>
    <TD>0.1906</TD>
    <TD>0.36</TD>
  </TR>
  <TR>
    <TD>3404.0</TD>
    <TD>241.1297</TD>
    <TD>55.05431</TD>
    <TD>690.317</TD>
    <TD>1939.363</TD>
    <TD>23.4625</TD>
    <TD>0.119</TD>
    <TD>22.8419</TD>
    <TD>0.2055</TD>
    <TD>22.8419</TD>
    <TD>0.2055</TD>
    <TD>0.02</TD>
  </TR>
  <TR>
    <TD>3405.0</TD>
    <TD>241.1308</TD>
    <TD>55.0423</TD>
    <TD>822.143</TD>
    <TD>1931.026</TD>
    <TD>23.9972</TD>
    <TD>0.1586</TD>
    <TD>23.7302</TD>
    <TD>0.206</TD>
    <TD>23.7302</TD>
    <TD>0.206</TD>
    <TD>0.37</TD>
  </TR>
  <TR>
    <TD>3406.0</TD>
    <TD>241.1316</TD>
    <TD>55.0352</TD>
    <TD>900.0</TD>
    <TD>1925.001</TD>
    <TD>26.11</TD>
    <TD>0.4294</TD>
    <TD>25.0984</TD>
    <TD>0.5149</TD>
    <TD>25.0984</TD>
    <TD>0.5149</TD>
    <TD>0.35</TD>
  </TR>
  <TR>
    <TD>3407.0</TD>
    <TD>241.1314</TD>
    <TD>55.03413</TD>
    <TD>911.81</TD>
    <TD>1925.782</TD>
    <TD>24.7856</TD>
    <TD>0.2204</TD>
    <TD>24.6374</TD>
    <TD>0.302</TD>
    <TD>24.6374</TD>
    <TD>0.302</TD>
    <TD>0.36</TD>
  </TR>
  <TR>
    <TD>3408.0</TD>
    <TD>241.1325</TD>
    <TD>55.06817</TD>
    <TD>537.311</TD>
    <TD>1924.312</TD>
    <TD>25.9192</TD>
    <TD>0.3621</TD>
    <TD>25.572</TD>
    <TD>0.3681</TD>
    <TD>25.572</TD>
    <TD>0.3681</TD>
    <TD>0.35</TD>
  </TR>
  <TR>
    <TD>3409.0</TD>
    <TD>241.1249</TD>
    <TD>54.93812</TD>
    <TD>1961.681</TD>
    <TD>1951.24</TD>
    <TD>21.9547</TD>
    <TD>0.0487</TD>
    <TD>21.5833</TD>
    <TD>0.0817</TD>
    <TD>21.5833</TD>
    <TD>0.0817</TD>
    <TD>0.0</TD>
  </TR>
  <TR>
    <TD>3410.0</TD>
    <TD>241.1286</TD>
    <TD>54.93422</TD>
    <TD>2003.654</TD>
    <TD>1928.03</TD>
    <TD>24.4773</TD>
    <TD>0.1495</TD>
    <TD>24.7559</TD>
    <TD>0.2821</TD>
    <TD>24.7559</TD>
    <TD>0.2821</TD>
    <TD>0.61</TD>
  </TR>
  <TR>
    <TD>3411.0</TD>
    <TD>241.1289</TD>
    <TD>54.94929</TD>
    <TD>1839.597</TD>
    <TD>1928.094</TD>
    <TD>24.7897</TD>
    <TD>0.2212</TD>
    <TD>23.9158</TD>
    <TD>0.3001</TD>
    <TD>23.9158</TD>
    <TD>0.3001</TD>
    <TD>0.45</TD>
  </TR>
  <TR>
    <TD>3412.0</TD>
    <TD>241.1305</TD>
    <TD>55.02805</TD>
    <TD>978.657</TD>
    <TD>1930.679</TD>
    <TD>24.5776</TD>
    <TD>0.1735</TD>
    <TD>23.6325</TD>
    <TD>0.2224</TD>
    <TD>24.3002</TD>
    <TD>0.1798</TD>
    <TD>0.48</TD>
  </TR>
  <TR>
    <TD>3413.0</TD>
    <TD>241.1291</TD>
    <TD>54.94426</TD>
    <TD>1894.294</TD>
    <TD>1926.342</TD>
    <TD>25.9245</TD>
    <TD>0.3638</TD>
    <TD>25.0949</TD>
    <TD>0.4277</TD>
    <TD>25.0949</TD>
    <TD>0.4277</TD>
    <TD>0.35</TD>
  </TR>
  <TR>
    <TD>3414.0</TD>
    <TD>241.1297</TD>
    <TD>54.98543</TD>
    <TD>1445.267</TD>
    <TD>1929.119</TD>
    <TD>25.5969</TD>
    <TD>0.2722</TD>
    <TD>25.2515</TD>
    <TD>0.5053</TD>
    <TD>25.2515</TD>
    <TD>0.5053</TD>
    <TD>0.47</TD>
  </TR>
  <TR>
    <TD>3415.0</TD>
    <TD>241.1316</TD>
    <TD>55.05001</TD>
    <TD>737.299</TD>
    <TD>1927.325</TD>
    <TD>25.7134</TD>
    <TD>0.3016</TD>
    <TD>25.3063</TD>
    <TD>0.29</TD>
    <TD>25.3063</TD>
    <TD>0.29</TD>
    <TD>0.4</TD>
  </TR>
  <TR>
    <TD>3416.0</TD>
    <TD>241.1305</TD>
    <TD>55.08882</TD>
    <TD>309.776</TD>
    <TD>1939.724</TD>
    <TD>24.4604</TD>
    <TD>0.1887</TD>
    <TD>23.5218</TD>
    <TD>0.2589</TD>
    <TD>23.5218</TD>
    <TD>0.2589</TD>
    <TD>0.36</TD>
  </TR>
  <TR>
    <TD>3417.0</TD>
    <TD>241.1288</TD>
    <TD>54.9973</TD>
    <TD>1315.684</TD>
    <TD>1936.646</TD>
    <TD>23.4365</TD>
    <TD>0.1216</TD>
    <TD>22.436</TD>
    <TD>0.1665</TD>
    <TD>22.436</TD>
    <TD>0.1665</TD>
    <TD>0.48</TD>
  </TR>
  <TR>
    <TD>3418.0</TD>
    <TD>241.1285</TD>
    <TD>54.95759</TD>
    <TD>1749.154</TD>
    <TD>1932.02</TD>
    <TD>23.4811</TD>
    <TD>0.0856</TD>
    <TD>23.3344</TD>
    <TD>0.1215</TD>
    <TD>23.3344</TD>
    <TD>0.1215</TD>
    <TD>0.66</TD>
  </TR>
  <TR>
    <TD>3419.0</TD>
    <TD>241.1279</TD>
    <TD>54.93359</TD>
    <TD>2010.579</TD>
    <TD>1932.212</TD>
    <TD>25.3547</TD>
    <TD>0.278</TD>
    <TD>24.6755</TD>
    <TD>0.4247</TD>
    <TD>24.6755</TD>
    <TD>0.4247</TD>
    <TD>0.36</TD>
  </TR>
  <TR>
    <TD>3420.0</TD>
    <TD>241.1306</TD>
    <TD>55.06502</TD>
    <TD>572.264</TD>
    <TD>1935.418</TD>
    <TD>24.8949</TD>
    <TD>0.216</TD>
    <TD>24.2399</TD>
    <TD>0.3574</TD>
    <TD>24.2399</TD>
    <TD>0.3574</TD>
    <TD>0.47</TD>
  </TR>
  <TR>
    <TD>3421.0</TD>
    <TD>241.1279</TD>
    <TD>54.96147</TD>
    <TD>1707.004</TD>
    <TD>1936.568</TD>
    <TD>25.1904</TD>
    <TD>0.2812</TD>
    <TD>24.4904</TD>
    <TD>0.3007</TD>
    <TD>24.4904</TD>
    <TD>0.3007</TD>
    <TD>0.38</TD>
  </TR>
  <TR>
    <TD>3422.0</TD>
    <TD>241.126</TD>
    <TD>54.98257</TD>
    <TD>1476.943</TD>
    <TD>1951.583</TD>
    <TD>22.1176</TD>
    <TD>0.0578</TD>
    <TD>21.9728</TD>
    <TD>0.0789</TD>
    <TD>21.9728</TD>
    <TD>0.0789</TD>
    <TD>0.01</TD>
  </TR>
  <TR>
    <TD>3423.0</TD>
    <TD>241.1276</TD>
    <TD>55.03981</TD>
    <TD>849.94</TD>
    <TD>1950.688</TD>
    <TD>23.2268</TD>
    <TD>0.0994</TD>
    <TD>22.7518</TD>
    <TD>0.1755</TD>
    <TD>22.7518</TD>
    <TD>0.1755</TD>
    <TD>0.1</TD>
  </TR>
  <TR>
    <TD>3424.0</TD>
    <TD>241.1309</TD>
    <TD>55.06193</TD>
    <TD>606.281</TD>
    <TD>1933.371</TD>
    <TD>25.8179</TD>
    <TD>0.3309</TD>
    <TD>24.616</TD>
    <TD>0.3479</TD>
    <TD>24.616</TD>
    <TD>0.3479</TD>
    <TD>0.35</TD>
  </TR>
  <TR>
    <TD>3425.0</TD>
    <TD>241.1278</TD>
    <TD>54.95599</TD>
    <TD>1766.686</TD>
    <TD>1935.992</TD>
    <TD>24.7033</TD>
    <TD>0.2048</TD>
    <TD>24.3078</TD>
    <TD>0.3204</TD>
    <TD>24.3078</TD>
    <TD>0.3204</TD>
    <TD>0.46</TD>
  </TR>
  <TR>
    <TD>3426.0</TD>
    <TD>241.1308</TD>
    <TD>55.06643</TD>
    <TD>556.677</TD>
    <TD>1934.691</TD>
    <TD>26.0853</TD>
    <TD>0.42</TD>
    <TD>24.8553</TD>
    <TD>0.3439</TD>
    <TD>24.8553</TD>
    <TD>0.3439</TD>
    <TD>0.35</TD>
  </TR>
  <TR>
    <TD>3427.0</TD>
    <TD>241.121</TD>
    <TD>55.0465</TD>
    <TD>777.307</TD>
    <TD>1992.874</TD>
    <TD>18.3223</TD>
    <TD>0.0045</TD>
    <TD>18.3328</TD>
    <TD>0.0045</TD>
    <TD>18.3054</TD>
    <TD>0.0046</TD>
    <TD>0.03</TD>
  </TR>
  <TR>
    <TD>3428.0</TD>
    <TD>241.1239</TD>
    <TD>54.93205</TD>
    <TD>2027.877</TD>
    <TD>1956.5</TD>
    <TD>23.9685</TD>
    <TD>0.1617</TD>
    <TD>23.5521</TD>
    <TD>0.2129</TD>
    <TD>23.5521</TD>
    <TD>0.2129</TD>
    <TD>0.36</TD>
  </TR>
  <TR>
    <TD>3429.0</TD>
    <TD>241.1298</TD>
    <TD>55.03548</TD>
    <TD>897.215</TD>
    <TD>1936.244</TD>
    <TD>25.5496</TD>
    <TD>0.298</TD>
    <TD>24.7285</TD>
    <TD>0.414</TD>
    <TD>24.7285</TD>
    <TD>0.414</TD>
    <TD>0.47</TD>
  </TR>
  <TR>
    <TD>3430.0</TD>
    <TD>241.1297</TD>
    <TD>55.05589</TD>
    <TD>672.918</TD>
    <TD>1940.059</TD>
    <TD>24.7889</TD>
    <TD>0.1967</TD>
    <TD>24.8794</TD>
    <TD>0.334</TD>
    <TD>24.8794</TD>
    <TD>0.334</TD>
    <TD>0.54</TD>
  </TR>
  <TR>
    <TD>3431.0</TD>
    <TD>241.1283</TD>
    <TD>55.0783</TD>
    <TD>426.206</TD>
    <TD>1952.035</TD>
    <TD>23.943</TD>
    <TD>0.1546</TD>
    <TD>23.1713</TD>
    <TD>0.1967</TD>
    <TD>23.1713</TD>
    <TD>0.1967</TD>
    <TD>0.43</TD>
  </TR>
  <TR>
    <TD>3432.0</TD>
    <TD>241.1251</TD>
    <TD>54.93146</TD>
    <TD>2034.058</TD>
    <TD>1949.236</TD>
    <TD>24.4903</TD>
    <TD>0.1938</TD>
    <TD>22.9202</TD>
    <TD>0.1903</TD>
    <TD>22.9202</TD>
    <TD>0.1903</TD>
    <TD>0.49</TD>
  </TR>
  <TR>
    <TD>3433.0</TD>
    <TD>241.1242</TD>
    <TD>54.9725</TD>
    <TD>1587.131</TD>
    <TD>1961.515</TD>
    <TD>22.7717</TD>
    <TD>0.0854</TD>
    <TD>22.4959</TD>
    <TD>0.1603</TD>
    <TD>22.4959</TD>
    <TD>0.1603</TD>
    <TD>0.0</TD>
  </TR>
  <TR>
    <TD>3434.0</TD>
    <TD>241.1209</TD>
    <TD>54.98981</TD>
    <TD>1398.497</TD>
    <TD>1984.639</TD>
    <TD>21.0726</TD>
    <TD>0.034</TD>
    <TD>20.583</TD>
    <TD>0.0531</TD>
    <TD>20.8123</TD>
    <TD>0.0353</TD>
    <TD>0.0</TD>
  </TR>
  <TR>
    <TD>3435.0</TD>
    <TD>241.1211</TD>
    <TD>54.98889</TD>
    <TD>1408.532</TD>
    <TD>1983.21</TD>
    <TD>21.9413</TD>
    <TD>0.058</TD>
    <TD>21.2796</TD>
    <TD>0.0926</TD>
    <TD>21.4845</TD>
    <TD>0.0581</TD>
    <TD>0.0</TD>
  </TR>
  <TR>
    <TD>3436.0</TD>
    <TD>241.1282</TD>
    <TD>55.05182</TD>
    <TD>717.818</TD>
    <TD>1948.327</TD>
    <TD>24.5471</TD>
    <TD>0.1783</TD>
    <TD>24.4263</TD>
    <TD>0.2276</TD>
    <TD>24.4263</TD>
    <TD>0.2276</TD>
    <TD>0.7</TD>
  </TR>
  <TR>
    <TD>3437.0</TD>
    <TD>241.1266</TD>
    <TD>55.11156</TD>
    <TD>58.659</TD>
    <TD>1967.059</TD>
    <TD>21.5969</TD>
    <TD>0.0426</TD>
    <TD>21.4406</TD>
    <TD>0.0563</TD>
    <TD>21.4406</TD>
    <TD>0.0563</TD>
    <TD>0.01</TD>
  </TR>
  <TR>
    <TD>3438.0</TD>
    <TD>241.1289</TD>
    <TD>55.08852</TD>
    <TD>313.279</TD>
    <TD>1949.743</TD>
    <TD>23.4555</TD>
    <TD>0.0837</TD>
    <TD>23.3129</TD>
    <TD>0.1074</TD>
    <TD>23.3129</TD>
    <TD>0.1074</TD>
    <TD>0.67</TD>
  </TR>
  <TR>
    <TD>3439.0</TD>
    <TD>241.1275</TD>
    <TD>55.09082</TD>
    <TD>288.053</TD>
    <TD>1958.542</TD>
    <TD>23.3656</TD>
    <TD>0.1158</TD>
    <TD>22.0814</TD>
    <TD>0.133</TD>
    <TD>22.8281</TD>
    <TD>0.1133</TD>
    <TD>0.02</TD>
  </TR>
  <TR>
    <TD>3440.0</TD>
    <TD>241.1269</TD>
    <TD>55.08489</TD>
    <TD>353.617</TD>
    <TD>1961.785</TD>
    <TD>24.7146</TD>
    <TD>0.2069</TD>
    <TD>24.8213</TD>
    <TD>0.5907</TD>
    <TD>24.8213</TD>
    <TD>0.5907</TD>
    <TD>0.45</TD>
  </TR>
  <TR>
    <TD>3441.0</TD>
    <TD>241.1274</TD>
    <TD>55.08775</TD>
    <TD>322.005</TD>
    <TD>1959.022</TD>
    <TD>24.6055</TD>
    <TD>0.1972</TD>
    <TD>23.7578</TD>
    <TD>0.3319</TD>
    <TD>23.7578</TD>
    <TD>0.3319</TD>
    <TD>0.44</TD>
  </TR>
  <TR>
    <TD>3442.0</TD>
    <TD>241.1279</TD>
    <TD>55.04333</TD>
    <TD>811.285</TD>
    <TD>1949.378</TD>
    <TD>25.6206</TD>
    <TD>0.2779</TD>
    <TD>25.6437</TD>
    <TD>0.3927</TD>
    <TD>25.6437</TD>
    <TD>0.3927</TD>
    <TD>0.36</TD>
  </TR>
  <TR>
    <TD>3443.0</TD>
    <TD>241.122</TD>
    <TD>55.09799</TD>
    <TD>209.555</TD>
    <TD>1994.155</TD>
    <TD>20.3658</TD>
    <TD>0.021</TD>
    <TD>19.9954</TD>
    <TD>0.0316</TD>
    <TD>19.9954</TD>
    <TD>0.0316</TD>
    <TD>0.01</TD>
  </TR>
  <TR>
    <TD>3444.0</TD>
    <TD>241.1284</TD>
    <TD>55.08149</TD>
    <TD>390.986</TD>
    <TD>1951.491</TD>
    <TD>25.5972</TD>
    <TD>0.3109</TD>
    <TD>25.1302</TD>
    <TD>0.3446</TD>
    <TD>25.1302</TD>
    <TD>0.3446</TD>
    <TD>0.48</TD>
  </TR>
  <TR>
    <TD>3445.0</TD>
    <TD>241.1171</TD>
    <TD>54.97932</TD>
    <TD>1513.562</TD>
    <TD>2006.547</TD>
    <TD>19.6642</TD>
    <TD>0.012</TD>
    <TD>19.6234</TD>
    <TD>0.0151</TD>
    <TD>19.6234</TD>
    <TD>0.0151</TD>
    <TD>0.03</TD>
  </TR>
  <TR>
    <TD>3446.0</TD>
    <TD>241.1249</TD>
    <TD>54.98743</TD>
    <TD>1424.018</TD>
    <TD>1959.323</TD>
    <TD>23.6165</TD>
    <TD>0.0931</TD>
    <TD>23.5587</TD>
    <TD>0.1234</TD>
    <TD>23.5587</TD>
    <TD>0.1234</TD>
    <TD>0.79</TD>
  </TR>
  <TR>
    <TD>3447.0</TD>
    <TD>241.1195</TD>
    <TD>55.07967</TD>
    <TD>412.305</TD>
    <TD>2007.131</TD>
    <TD>19.7472</TD>
    <TD>0.0142</TD>
    <TD>19.6924</TD>
    <TD>0.0177</TD>
    <TD>19.6924</TD>
    <TD>0.0177</TD>
    <TD>0.01</TD>
  </TR>
  <TR>
    <TD>3448.0</TD>
    <TD>241.1247</TD>
    <TD>55.05543</TD>
    <TD>678.611</TD>
    <TD>1970.998</TD>
    <TD>23.4782</TD>
    <TD>0.1244</TD>
    <TD>22.5298</TD>
    <TD>0.1731</TD>
    <TD>22.5298</TD>
    <TD>0.1731</TD>
    <TD>0.55</TD>
  </TR>
  <TR>
    <TD>3449.0</TD>
    <TD>241.1248</TD>
    <TD>54.94425</TD>
    <TD>1894.966</TD>
    <TD>1953.0</TD>
    <TD>26.0232</TD>
    <TD>0.3973</TD>
    <TD>24.73</TD>
    <TD>0.4565</TD>
    <TD>24.73</TD>
    <TD>0.4565</TD>
    <TD>0.36</TD>
  </TR>
  <TR>
    <TD>3450.0</TD>
    <TD>241.125</TD>
    <TD>54.98459</TD>
    <TD>1455.02</TD>
    <TD>1957.948</TD>
    <TD>24.7977</TD>
    <TD>0.2228</TD>
    <TD>23.9435</TD>
    <TD>0.3424</TD>
    <TD>23.9435</TD>
    <TD>0.3424</TD>
    <TD>0.48</TD>
  </TR>
  <TR>
    <TD>3451.0</TD>
    <TD>241.124</TD>
    <TD>54.94211</TD>
    <TD>1918.339</TD>
    <TD>1957.67</TD>
    <TD>25.9233</TD>
    <TD>0.3634</TD>
    <TD>24.6782</TD>
    <TD>0.3389</TD>
    <TD>24.6782</TD>
    <TD>0.3389</TD>
    <TD>0.42</TD>
  </TR>
  <TR>
    <TD>3452.0</TD>
    <TD>241.1243</TD>
    <TD>54.95294</TD>
    <TD>1800.335</TD>
    <TD>1957.324</TD>
    <TD>25.8779</TD>
    <TD>0.349</TD>
    <TD>25.8112</TD>
    <TD>1.1012</TD>
    <TD>25.8112</TD>
    <TD>1.1012</TD>
    <TD>0.35</TD>
  </TR>
  <TR>
    <TD>3453.0</TD>
    <TD>241.1212</TD>
    <TD>54.98042</TD>
    <TD>1501.128</TD>
    <TD>1981.574</TD>
    <TD>22.6086</TD>
    <TD>0.0787</TD>
    <TD>22.0727</TD>
    <TD>0.1317</TD>
    <TD>22.0727</TD>
    <TD>0.1317</TD>
    <TD>0.01</TD>
  </TR>
  <TR>
    <TD>3454.0</TD>
    <TD>241.1238</TD>
    <TD>55.09992</TD>
    <TD>187.978</TD>
    <TD>1983.007</TD>
    <TD>22.6264</TD>
    <TD>0.0817</TD>
    <TD>21.8347</TD>
    <TD>0.1289</TD>
    <TD>21.8347</TD>
    <TD>0.1289</TD>
    <TD>0.0</TD>
  </TR>
  <TR>
    <TD>3455.0</TD>
    <TD>241.1211</TD>
    <TD>54.99974</TD>
    <TD>1289.946</TD>
    <TD>1985.187</TD>
    <TD>22.6161</TD>
    <TD>0.0768</TD>
    <TD>22.218</TD>
    <TD>0.1256</TD>
    <TD>22.218</TD>
    <TD>0.1256</TD>
    <TD>0.01</TD>
  </TR>
  <TR>
    <TD>3456.0</TD>
    <TD>241.1196</TD>
    <TD>55.04538</TD>
    <TD>789.837</TD>
    <TD>2001.365</TD>
    <TD>21.0702</TD>
    <TD>0.0322</TD>
    <TD>20.7544</TD>
    <TD>0.0498</TD>
    <TD>20.8588</TD>
    <TD>0.0335</TD>
    <TD>0.0</TD>
  </TR>
  <TR>
    <TD>3457.0</TD>
    <TD>241.122</TD>
    <TD>54.94764</TD>
    <TD>1858.34</TD>
    <TD>1971.002</TD>
    <TD>25.1751</TD>
    <TD>0.2774</TD>
    <TD>24.0419</TD>
    <TD>0.3625</TD>
    <TD>24.0419</TD>
    <TD>0.3625</TD>
    <TD>0.36</TD>
  </TR>
  <TR>
    <TD>3458.0</TD>
    <TD>241.1219</TD>
    <TD>55.02829</TD>
    <TD>977.1</TD>
    <TD>1984.55</TD>
    <TD>24.3179</TD>
    <TD>0.1845</TD>
    <TD>23.1256</TD>
    <TD>0.1918</TD>
    <TD>23.1256</TD>
    <TD>0.1918</TD>
    <TD>0.37</TD>
  </TR>
  <TR>
    <TD>3459.0</TD>
    <TD>241.1251</TD>
    <TD>55.05436</TD>
    <TD>690.348</TD>
    <TD>1968.244</TD>
    <TD>24.9696</TD>
    <TD>0.2458</TD>
    <TD>23.9836</TD>
    <TD>0.2968</TD>
    <TD>23.9836</TD>
    <TD>0.2968</TD>
    <TD>0.35</TD>
  </TR>
  <TR>
    <TD>3460.0</TD>
    <TD>241.1258</TD>
    <TD>55.10961</TD>
    <TD>80.408</TD>
    <TD>1971.783</TD>
    <TD>24.8842</TD>
    <TD>0.2277</TD>
    <TD>24.1667</TD>
    <TD>0.3462</TD>
    <TD>24.1667</TD>
    <TD>0.3462</TD>
    <TD>0.41</TD>
  </TR>
  <TR>
    <TD>3461.0</TD>
    <TD>241.1184</TD>
    <TD>54.93253</TD>
    <TD>2023.24</TD>
    <TD>1991.065</TD>
    <TD>21.6988</TD>
    <TD>0.0423</TD>
    <TD>21.5904</TD>
    <TD>0.0546</TD>
    <TD>21.5904</TD>
    <TD>0.0546</TD>
    <TD>0.01</TD>
  </TR>
  <TR>
    <TD>3462.0</TD>
    <TD>241.1146</TD>
    <TD>54.99248</TD>
    <TD>1370.107</TD>
    <TD>2024.249</TD>
    <TD>17.8962</TD>
    <TD>0.0034</TD>
    <TD>17.9066</TD>
    <TD>0.0033</TD>
    <TD>17.9066</TD>
    <TD>0.0033</TD>
    <TD>0.06</TD>
  </TR>
  <TR>
    <TD>3463.0</TD>
    <TD>241.1238</TD>
    <TD>55.03523</TD>
    <TD>900.749</TD>
    <TD>1973.807</TD>
    <TD>24.2798</TD>
    <TD>0.1726</TD>
    <TD>23.0553</TD>
    <TD>0.2168</TD>
    <TD>23.0553</TD>
    <TD>0.2168</TD>
    <TD>0.51</TD>
  </TR>
  <TR>
    <TD>3464.0</TD>
    <TD>241.1247</TD>
    <TD>55.0579</TD>
    <TD>651.407</TD>
    <TD>1971.231</TD>
    <TD>25.6201</TD>
    <TD>0.3525</TD>
    <TD>24.4498</TD>
    <TD>0.3685</TD>
    <TD>24.4498</TD>
    <TD>0.3685</TD>
    <TD>0.35</TD>
  </TR>
  <TR>
    <TD>3465.0</TD>
    <TD>241.1185</TD>
    <TD>55.04139</TD>
    <TD>833.801</TD>
    <TD>2007.214</TD>
    <TD>19.9701</TD>
    <TD>0.0133</TD>
    <TD>19.9414</TD>
    <TD>0.0157</TD>
    <TD>19.9414</TD>
    <TD>0.0157</TD>
    <TD>0.03</TD>
  </TR>
  <TR>
    <TD>3466.0</TD>
    <TD>241.1214</TD>
    <TD>54.93478</TD>
    <TD>1998.41</TD>
    <TD>1972.789</TD>
    <TD>25.7067</TD>
    <TD>0.381</TD>
    <TD>24.6556</TD>
    <TD>0.4448</TD>
    <TD>24.6556</TD>
    <TD>0.4448</TD>
    <TD>0.35</TD>
  </TR>
  <TR>
    <TD>3467.0</TD>
    <TD>241.1195</TD>
    <TD>54.94606</TD>
    <TD>1875.923</TD>
    <TD>1986.088</TD>
    <TD>23.5667</TD>
    <TD>0.1286</TD>
    <TD>23.3287</TD>
    <TD>0.1737</TD>
    <TD>23.3287</TD>
    <TD>0.1737</TD>
    <TD>0.04</TD>
  </TR>
  <TR>
    <TD>3468.0</TD>
    <TD>241.1219</TD>
    <TD>54.95952</TD>
    <TD>1728.994</TD>
    <TD>1973.753</TD>
    <TD>25.4193</TD>
    <TD>0.2655</TD>
    <TD>25.115</TD>
    <TD>0.3532</TD>
    <TD>25.115</TD>
    <TD>0.3532</TD>
    <TD>0.37</TD>
  </TR>
  <TR>
    <TD>3469.0</TD>
    <TD>241.1221</TD>
    <TD>54.98085</TD>
    <TD>1496.225</TD>
    <TD>1975.995</TD>
    <TD>24.9045</TD>
    <TD>0.2179</TD>
    <TD>24.0183</TD>
    <TD>0.2898</TD>
    <TD>24.522</TD>
    <TD>0.2224</TD>
    <TD>0.69</TD>
  </TR>
  <TR>
    <TD>3470.0</TD>
    <TD>241.1217</TD>
    <TD>55.07594</TD>
    <TD>453.132</TD>
    <TD>1992.664</TD>
    <TD>23.029</TD>
    <TD>0.0957</TD>
    <TD>22.7681</TD>
    <TD>0.1725</TD>
    <TD>22.7681</TD>
    <TD>0.1725</TD>
    <TD>0.0</TD>
  </TR>
  <TR>
    <TD>3471.0</TD>
    <TD>241.1215</TD>
    <TD>55.05401</TD>
    <TD>694.656</TD>
    <TD>1990.403</TD>
    <TD>23.1273</TD>
    <TD>0.0986</TD>
    <TD>22.4611</TD>
    <TD>0.1564</TD>
    <TD>22.4611</TD>
    <TD>0.1564</TD>
    <TD>0.05</TD>
  </TR>
  <TR>
    <TD>3472.0</TD>
    <TD>241.1219</TD>
    <TD>54.97093</TD>
    <TD>1604.547</TD>
    <TD>1975.505</TD>
    <TD>25.5907</TD>
    <TD>0.3091</TD>
    <TD>25.3815</TD>
    <TD>0.595</TD>
    <TD>25.3815</TD>
    <TD>0.595</TD>
    <TD>0.36</TD>
  </TR>
  <TR>
    <TD>3473.0</TD>
    <TD>241.1189</TD>
    <TD>55.04399</TD>
    <TD>805.182</TD>
    <TD>2005.474</TD>
    <TD>22.0846</TD>
    <TD>0.0606</TD>
    <TD>21.596</TD>
    <TD>0.0986</TD>
    <TD>21.6685</TD>
    <TD>0.0614</TD>
    <TD>0.0</TD>
  </TR>
  <TR>
    <TD>3474.0</TD>
    <TD>241.122</TD>
    <TD>55.10013</TD>
    <TD>185.843</TD>
    <TD>1994.504</TD>
    <TD>23.7244</TD>
    <TD>0.1431</TD>
    <TD>21.8809</TD>
    <TD>0.1299</TD>
    <TD>23.0491</TD>
    <TD>0.1327</TD>
    <TD>0.46</TD>
  </TR>
  <TR>
    <TD>3475.0</TD>
    <TD>241.1206</TD>
    <TD>54.94533</TD>
    <TD>1883.767</TD>
    <TD>1979.352</TD>
    <TD>25.4119</TD>
    <TD>0.3188</TD>
    <TD>24.3604</TD>
    <TD>0.3721</TD>
    <TD>24.3604</TD>
    <TD>0.3721</TD>
    <TD>0.37</TD>
  </TR>
  <TR>
    <TD>3476.0</TD>
    <TD>241.1189</TD>
    <TD>55.03548</TD>
    <TD>898.686</TD>
    <TD>2004.345</TD>
    <TD>23.4306</TD>
    <TD>0.1192</TD>
    <TD>22.0891</TD>
    <TD>0.1174</TD>
    <TD>22.0891</TD>
    <TD>0.1174</TD>
    <TD>0.43</TD>
  </TR>
  <TR>
    <TD>3477.0</TD>
    <TD>241.1108</TD>
    <TD>55.06513</TD>
    <TD>573.656</TD>
    <TD>2058.866</TD>
    <TD>20.5858</TD>
    <TD>0.0212</TD>
    <TD>20.5293</TD>
    <TD>0.0266</TD>
    <TD>20.5293</TD>
    <TD>0.0266</TD>
    <TD>0.01</TD>
  </TR>
  <TR>
    <TD>3478.0</TD>
    <TD>241.1211</TD>
    <TD>55.06957</TD>
    <TD>523.386</TD>
    <TD>1995.342</TD>
    <TD>23.8065</TD>
    <TD>0.1428</TD>
    <TD>23.0436</TD>
    <TD>0.2283</TD>
    <TD>23.0436</TD>
    <TD>0.2283</TD>
    <TD>0.58</TD>
  </TR>
  <TR>
    <TD>3479.0</TD>
    <TD>241.1239</TD>
    <TD>55.1014</TD>
    <TD>171.529</TD>
    <TD>1982.874</TD>
    <TD>24.526</TD>
    <TD>0.1921</TD>
    <TD>23.7821</TD>
    <TD>0.3124</TD>
    <TD>23.7821</TD>
    <TD>0.3124</TD>
    <TD>0.5</TD>
  </TR>
  <TR>
    <TD>3480.0</TD>
    <TD>241.1206</TD>
    <TD>54.95143</TD>
    <TD>1817.304</TD>
    <TD>1980.362</TD>
    <TD>25.6435</TD>
    <TD>0.2836</TD>
    <TD>25.6081</TD>
    <TD>0.3803</TD>
    <TD>25.6081</TD>
    <TD>0.3803</TD>
    <TD>0.37</TD>
  </TR>
  <TR>
    <TD>3481.0</TD>
    <TD>241.116</TD>
    <TD>54.95468</TD>
    <TD>1782.457</TD>
    <TD>2009.817</TD>
    <TD>21.1834</TD>
    <TD>0.0291</TD>
    <TD>21.0665</TD>
    <TD>0.0443</TD>
    <TD>21.0665</TD>
    <TD>0.0443</TD>
    <TD>0.01</TD>
  </TR>
  <TR>
    <TD>3482.0</TD>
    <TD>241.1187</TD>
    <TD>55.03084</TD>
    <TD>949.626</TD>
    <TD>2004.967</TD>
    <TD>23.3846</TD>
    <TD>0.1177</TD>
    <TD>22.3464</TD>
    <TD>0.1437</TD>
    <TD>22.3464</TD>
    <TD>0.1437</TD>
    <TD>0.65</TD>
  </TR>
  <TR>
    <TD>3483.0</TD>
    <TD>241.1112</TD>
    <TD>55.00559</TD>
    <TD>1227.242</TD>
    <TD>2047.504</TD>
    <TD>22.1134</TD>
    <TD>0.0662</TD>
    <TD>20.9656</TD>
    <TD>0.0809</TD>
    <TD>20.9656</TD>
    <TD>0.0809</TD>
    <TD>0.0</TD>
  </TR>
  <TR>
    <TD>3484.0</TD>
    <TD>241.1153</TD>
    <TD>55.06122</TD>
    <TD>616.209</TD>
    <TD>2030.484</TD>
    <TD>23.2896</TD>
    <TD>0.1111</TD>
    <TD>23.079</TD>
    <TD>0.2335</TD>
    <TD>23.079</TD>
    <TD>0.2335</TD>
    <TD>0.63</TD>
  </TR>
  <TR>
    <TD>3485.0</TD>
    <TD>241.1206</TD>
    <TD>54.96702</TD>
    <TD>1647.386</TD>
    <TD>1983.195</TD>
    <TD>25.4474</TD>
    <TD>0.302</TD>
    <TD>24.5434</TD>
    <TD>0.3891</TD>
    <TD>24.5434</TD>
    <TD>0.3891</TD>
    <TD>0.39</TD>
  </TR>
  <TR>
    <TD>3486.0</TD>
    <TD>241.1196</TD>
    <TD>55.03338</TD>
    <TD>921.645</TD>
    <TD>1999.569</TD>
    <TD>23.9608</TD>
    <TD>0.1423</TD>
    <TD>23.6507</TD>
    <TD>0.2485</TD>
    <TD>23.6507</TD>
    <TD>0.2485</TD>
    <TD>0.36</TD>
  </TR>
  <TR>
    <TD>3487.0</TD>
    <TD>241.1204</TD>
    <TD>54.96901</TD>
    <TD>1625.682</TD>
    <TD>1984.676</TD>
    <TD>26.0418</TD>
    <TD>0.404</TD>
    <TD>24.576</TD>
    <TD>0.3554</TD>
    <TD>24.576</TD>
    <TD>0.3554</TD>
    <TD>0.35</TD>
  </TR>
  <TR>
    <TD>3488.0</TD>
    <TD>241.121</TD>
    <TD>55.11436</TD>
    <TD>28.385</TD>
    <TD>2002.404</TD>
    <TD>23.5653</TD>
    <TD>0.1284</TD>
    <TD>22.461</TD>
    <TD>0.191</TD>
    <TD>22.461</TD>
    <TD>0.191</TD>
    <TD>0.0</TD>
  </TR>
  <TR>
    <TD>3489.0</TD>
    <TD>241.1196</TD>
    <TD>54.97619</TD>
    <TD>1547.426</TD>
    <TD>1990.557</TD>
    <TD>24.4448</TD>
    <TD>0.1932</TD>
    <TD>23.7243</TD>
    <TD>0.3295</TD>
    <TD>23.7243</TD>
    <TD>0.3295</TD>
    <TD>0.48</TD>
  </TR>
  <TR>
    <TD>3490.0</TD>
    <TD>241.1178</TD>
    <TD>55.08728</TD>
    <TD>328.415</TD>
    <TD>2018.453</TD>
    <TD>20.8833</TD>
    <TD>0.0225</TD>
    <TD>20.8315</TD>
    <TD>0.0279</TD>
    <TD>20.8315</TD>
    <TD>0.0279</TD>
    <TD>0.02</TD>
  </TR>
  <TR>
    <TD>3491.0</TD>
    <TD>241.1186</TD>
    <TD>54.98312</TD>
    <TD>1471.878</TD>
    <TD>1997.894</TD>
    <TD>23.7047</TD>
    <TD>0.1005</TD>
    <TD>23.6386</TD>
    <TD>0.1539</TD>
    <TD>23.6386</TD>
    <TD>0.1539</TD>
    <TD>0.71</TD>
  </TR>
  <TR>
    <TD>3492.0</TD>
    <TD>241.1179</TD>
    <TD>55.07205</TD>
    <TD>496.459</TD>
    <TD>2015.598</TD>
    <TD>21.2194</TD>
    <TD>0.0293</TD>
    <TD>21.1451</TD>
    <TD>0.0369</TD>
    <TD>21.1451</TD>
    <TD>0.0369</TD>
    <TD>0.01</TD>
  </TR>
  <TR>
    <TD>3493.0</TD>
    <TD>241.1212</TD>
    <TD>55.11338</TD>
    <TD>39.301</TD>
    <TD>2001.268</TD>
    <TD>23.8281</TD>
    <TD>0.1486</TD>
    <TD>23.4905</TD>
    <TD>0.2854</TD>
    <TD>23.4905</TD>
    <TD>0.2854</TD>
    <TD>0.5</TD>
  </TR>
  <TR>
    <TD>3494.0</TD>
    <TD>241.1187</TD>
    <TD>54.93718</TD>
    <TD>1972.666</TD>
    <TD>1989.673</TD>
    <TD>26.1302</TD>
    <TD>0.4372</TD>
    <TD>24.6371</TD>
    <TD>0.3758</TD>
    <TD>24.6371</TD>
    <TD>0.3758</TD>
    <TD>0.39</TD>
  </TR>
  <TR>
    <TD>3495.0</TD>
    <TD>241.1193</TD>
    <TD>54.97041</TD>
    <TD>1610.512</TD>
    <TD>1991.502</TD>
    <TD>25.7475</TD>
    <TD>0.3555</TD>
    <TD>24.8745</TD>
    <TD>0.5805</TD>
    <TD>24.8745</TD>
    <TD>0.5805</TD>
    <TD>0.36</TD>
  </TR>
  <TR>
    <TD>3496.0</TD>
    <TD>241.1209</TD>
    <TD>55.03391</TD>
    <TD>915.656</TD>
    <TD>1991.34</TD>
    <TD>26.1558</TD>
    <TD>0.4474</TD>
    <TD>24.9538</TD>
    <TD>0.2938</TD>
    <TD>24.9538</TD>
    <TD>0.2938</TD>
    <TD>0.36</TD>
  </TR>
  <TR>
    <TD>3497.0</TD>
    <TD>241.1204</TD>
    <TD>55.0669</TD>
    <TD>552.94</TD>
    <TD>1999.552</TD>
    <TD>25.1946</TD>
    <TD>0.2412</TD>
    <TD>24.0086</TD>
    <TD>0.3393</TD>
    <TD>24.0086</TD>
    <TD>0.3393</TD>
    <TD>0.38</TD>
  </TR>
  <TR>
    <TD>3498.0</TD>
    <TD>241.1187</TD>
    <TD>55.07626</TD>
    <TD>449.934</TD>
    <TD>2011.602</TD>
    <TD>23.1143</TD>
    <TD>0.1044</TD>
    <TD>22.5658</TD>
    <TD>0.1753</TD>
    <TD>22.5658</TD>
    <TD>0.1753</TD>
    <TD>0.03</TD>
  </TR>
  <TR>
    <TD>3499.0</TD>
    <TD>241.114</TD>
    <TD>55.04836</TD>
    <TD>757.752</TD>
    <TD>2036.353</TD>
    <TD>21.1693</TD>
    <TD>0.0339</TD>
    <TD>20.9765</TD>
    <TD>0.0431</TD>
    <TD>20.9765</TD>
    <TD>0.0431</TD>
    <TD>0.0</TD>
  </TR>
  <TR>
    <TD>3500.0</TD>
    <TD>241.1179</TD>
    <TD>54.96905</TD>
    <TD>1625.588</TD>
    <TD>1999.743</TD>
    <TD>24.1909</TD>
    <TD>0.1698</TD>
    <TD>23.1194</TD>
    <TD>0.2101</TD>
    <TD>23.1194</TD>
    <TD>0.2101</TD>
    <TD>0.48</TD>
  </TR>
  <TR>
    <TD>3501.0</TD>
    <TD>241.12</TD>
    <TD>55.07272</TD>
    <TD>488.787</TD>
    <TD>2002.825</TD>
    <TD>24.1536</TD>
    <TD>0.1642</TD>
    <TD>23.7376</TD>
    <TD>0.2676</TD>
    <TD>23.7376</TD>
    <TD>0.2676</TD>
    <TD>0.62</TD>
  </TR>
  <TR>
    <TD>3502.0</TD>
    <TD>241.1185</TD>
    <TD>55.03021</TD>
    <TD>956.491</TD>
    <TD>2005.899</TD>
    <TD>23.9648</TD>
    <TD>0.1576</TD>
    <TD>22.8025</TD>
    <TD>0.1989</TD>
    <TD>23.3353</TD>
    <TD>0.149</TD>
    <TD>0.16</TD>
  </TR>
  <TR>
    <TD>3503.0</TD>
    <TD>241.1192</TD>
    <TD>54.99854</TD>
    <TD>1303.287</TD>
    <TD>1996.616</TD>
    <TD>25.9936</TD>
    <TD>0.387</TD>
    <TD>24.6494</TD>
    <TD>0.4194</TD>
    <TD>25.4646</TD>
    <TD>0.3797</TD>
    <TD>0.36</TD>
  </TR>
  <TR>
    <TD>3504.0</TD>
    <TD>241.1172</TD>
    <TD>54.981</TD>
    <TD>1495.292</TD>
    <TD>2006.523</TD>
    <TD>23.7413</TD>
    <TD>0.1428</TD>
    <TD>22.3319</TD>
    <TD>0.1464</TD>
    <TD>22.3319</TD>
    <TD>0.1464</TD>
    <TD>0.65</TD>
  </TR>
  <TR>
    <TD>3505.0</TD>
    <TD>241.1164</TD>
    <TD>55.09971</TD>
    <TD>191.305</TD>
    <TD>2029.058</TD>
    <TD>21.7144</TD>
    <TD>0.0408</TD>
    <TD>21.4892</TD>
    <TD>0.0658</TD>
    <TD>21.4892</TD>
    <TD>0.0658</TD>
    <TD>0.01</TD>
  </TR>
  <TR>
    <TD>3506.0</TD>
    <TD>241.1188</TD>
    <TD>55.03654</TD>
    <TD>887.009</TD>
    <TD>2005.014</TD>
    <TD>23.7689</TD>
    <TD>0.149</TD>
    <TD>22.2526</TD>
    <TD>0.1169</TD>
    <TD>22.2526</TD>
    <TD>0.1169</TD>
    <TD>0.33</TD>
  </TR>
  <TR>
    <TD>3507.0</TD>
    <TD>241.1162</TD>
    <TD>54.9767</TD>
    <TD>1542.332</TD>
    <TD>2011.865</TD>
    <TD>22.8444</TD>
    <TD>0.0903</TD>
    <TD>22.6262</TD>
    <TD>0.1791</TD>
    <TD>22.6262</TD>
    <TD>0.1791</TD>
    <TD>0.0</TD>
  </TR>
  <TR>
    <TD>3508.0</TD>
    <TD>241.1185</TD>
    <TD>55.03192</TD>
    <TD>937.712</TD>
    <TD>2006.079</TD>
    <TD>23.7543</TD>
    <TD>0.147</TD>
    <TD>22.4592</TD>
    <TD>0.1519</TD>
    <TD>22.4592</TD>
    <TD>0.1519</TD>
    <TD>0.35</TD>
  </TR>
  <TR>
    <TD>3509.0</TD>
    <TD>241.1139</TD>
    <TD>55.02423</TD>
    <TD>1022.71</TD>
    <TD>2033.516</TD>
    <TD>21.7236</TD>
    <TD>0.0465</TD>
    <TD>21.0771</TD>
    <TD>0.0683</TD>
    <TD>21.0771</TD>
    <TD>0.0683</TD>
    <TD>0.03</TD>
  </TR>
  <TR>
    <TD>3510.0</TD>
    <TD>241.1196</TD>
    <TD>55.03693</TD>
    <TD>882.673</TD>
    <TD>1999.674</TD>
    <TD>25.8607</TD>
    <TD>0.3438</TD>
    <TD>24.9129</TD>
    <TD>0.4197</TD>
    <TD>24.9129</TD>
    <TD>0.4197</TD>
    <TD>0.35</TD>
  </TR>
  <TR>
    <TD>3511.0</TD>
    <TD>241.116</TD>
    <TD>54.98517</TD>
    <TD>1449.896</TD>
    <TD>2014.425</TD>
    <TD>23.4979</TD>
    <TD>0.1266</TD>
    <TD>23.0727</TD>
    <TD>0.2256</TD>
    <TD>23.0727</TD>
    <TD>0.2256</TD>
    <TD>0.47</TD>
  </TR>
  <TR>
    <TD>3512.0</TD>
    <TD>241.1086</TD>
    <TD>54.98214</TD>
    <TD>1483.83</TD>
    <TD>2059.893</TD>
    <TD>17.6026</TD>
    <TD>0.0028</TD>
    <TD>17.617</TD>
    <TD>0.0027</TD>
    <TD>17.617</TD>
    <TD>0.0027</TD>
    <TD>0.05</TD>
  </TR>
  <TR>
    <TD>3513.0</TD>
    <TD>241.117</TD>
    <TD>54.97676</TD>
    <TD>1541.543</TD>
    <TD>2006.705</TD>
    <TD>24.6725</TD>
    <TD>0.1993</TD>
    <TD>23.6704</TD>
    <TD>0.2478</TD>
    <TD>24.26</TD>
    <TD>0.2021</TD>
    <TD>0.45</TD>
  </TR>
  <TR>
    <TD>3514.0</TD>
    <TD>241.1199</TD>
    <TD>55.09997</TD>
    <TD>187.9</TD>
    <TD>2007.207</TD>
    <TD>24.8809</TD>
    <TD>0.2522</TD>
    <TD>23.6023</TD>
    <TD>0.2596</TD>
    <TD>23.6023</TD>
    <TD>0.2596</TD>
    <TD>0.36</TD>
  </TR>
  <TR>
    <TD>3515.0</TD>
    <TD>241.1136</TD>
    <TD>54.99578</TD>
    <TD>1334.237</TD>
    <TD>2030.986</TD>
    <TD>21.7992</TD>
    <TD>0.0488</TD>
    <TD>21.4156</TD>
    <TD>0.0807</TD>
    <TD>21.4156</TD>
    <TD>0.0807</TD>
    <TD>0.0</TD>
  </TR>
  <TR>
    <TD>3516.0</TD>
    <TD>241.1175</TD>
    <TD>55.00128</TD>
    <TD>1273.581</TD>
    <TD>2007.629</TD>
    <TD>23.9669</TD>
    <TD>0.1264</TD>
    <TD>24.0908</TD>
    <TD>0.2093</TD>
    <TD>24.0908</TD>
    <TD>0.2093</TD>
    <TD>0.69</TD>
  </TR>
  <TR>
    <TD>3517.0</TD>
    <TD>241.1208</TD>
    <TD>55.11073</TD>
    <TD>68.694</TD>
    <TD>2003.321</TD>
    <TD>25.8926</TD>
    <TD>0.3536</TD>
    <TD>24.9474</TD>
    <TD>0.4088</TD>
    <TD>24.9474</TD>
    <TD>0.4088</TD>
    <TD>0.4</TD>
  </TR>
  <TR>
    <TD>3518.0</TD>
    <TD>241.1176</TD>
    <TD>55.10502</TD>
    <TD>132.385</TD>
    <TD>2022.492</TD>
    <TD>22.3483</TD>
    <TD>0.0633</TD>
    <TD>22.0668</TD>
    <TD>0.1065</TD>
    <TD>22.0668</TD>
    <TD>0.1065</TD>
    <TD>0.0</TD>
  </TR>
  <TR>
    <TD>3519.0</TD>
    <TD>241.1165</TD>
    <TD>54.96084</TD>
    <TD>1715.239</TD>
    <TD>2007.278</TD>
    <TD>25.8163</TD>
    <TD>0.3781</TD>
    <TD>24.9258</TD>
    <TD>0.4687</TD>
    <TD>24.9258</TD>
    <TD>0.4687</TD>
    <TD>0.35</TD>
  </TR>
  <TR>
    <TD>3520.0</TD>
    <TD>241.1174</TD>
    <TD>55.09636</TD>
    <TD>228.178</TD>
    <TD>2022.246</TD>
    <TD>23.1416</TD>
    <TD>0.1035</TD>
    <TD>22.4639</TD>
    <TD>0.1591</TD>
    <TD>22.4639</TD>
    <TD>0.1591</TD>
    <TD>0.0</TD>
  </TR>
  <TR>
    <TD>3521.0</TD>
    <TD>241.1165</TD>
    <TD>54.95282</TD>
    <TD>1802.682</TD>
    <TD>2006.313</TD>
    <TD>25.9324</TD>
    <TD>0.3664</TD>
    <TD>25.2254</TD>
    <TD>0.4934</TD>
    <TD>25.2254</TD>
    <TD>0.4934</TD>
    <TD>0.36</TD>
  </TR>
  <TR>
    <TD>3522.0</TD>
    <TD>241.1187</TD>
    <TD>55.05676</TD>
    <TD>664.841</TD>
    <TD>2008.856</TD>
    <TD>25.1326</TD>
    <TD>0.2844</TD>
    <TD>23.9547</TD>
    <TD>0.2653</TD>
    <TD>23.9547</TD>
    <TD>0.2653</TD>
    <TD>0.47</TD>
  </TR>
  <TR>
    <TD>3523.0</TD>
    <TD>241.1164</TD>
    <TD>55.0449</TD>
    <TD>795.563</TD>
    <TD>2021.055</TD>
    <TD>22.7323</TD>
    <TD>0.0759</TD>
    <TD>22.4098</TD>
    <TD>0.108</TD>
    <TD>22.4098</TD>
    <TD>0.108</TD>
    <TD>0.0</TD>
  </TR>
  <TR>
    <TD>3524.0</TD>
    <TD>241.1143</TD>
    <TD>54.98486</TD>
    <TD>1453.505</TD>
    <TD>2025.123</TD>
    <TD>22.7532</TD>
    <TD>0.0868</TD>
    <TD>22.4256</TD>
    <TD>0.1491</TD>
    <TD>22.4256</TD>
    <TD>0.1491</TD>
    <TD>0.01</TD>
  </TR>
  <TR>
    <TD>3525.0</TD>
    <TD>241.1188</TD>
    <TD>55.0379</TD>
    <TD>872.03</TD>
    <TD>2005.0</TD>
    <TD>25.81</TD>
    <TD>0.3286</TD>
    <TD>24.4326</TD>
    <TD>0.3479</TD>
    <TD>24.4326</TD>
    <TD>0.3479</TD>
    <TD>0.39</TD>
  </TR>
  <TR>
    <TD>3526.0</TD>
    <TD>241.1162</TD>
    <TD>54.96673</TD>
    <TD>1651.06</TD>
    <TD>2010.197</TD>
    <TD>25.0342</TD>
    <TD>0.2604</TD>
    <TD>24.2238</TD>
    <TD>0.3909</TD>
    <TD>24.2238</TD>
    <TD>0.3909</TD>
    <TD>0.44</TD>
  </TR>
  <TR>
    <TD>3527.0</TD>
    <TD>241.1117</TD>
    <TD>54.935</TD>
    <TD>1997.282</TD>
    <TD>2033.08</TD>
    <TD>21.9847</TD>
    <TD>0.0497</TD>
    <TD>21.7951</TD>
    <TD>0.0807</TD>
    <TD>21.7951</TD>
    <TD>0.0807</TD>
    <TD>0.0</TD>
  </TR>
  <TR>
    <TD>3528.0</TD>
    <TD>241.1179</TD>
    <TD>55.05686</TD>
    <TD>663.77</TD>
    <TD>2013.403</TD>
    <TD>25.2452</TD>
    <TD>0.2746</TD>
    <TD>24.3713</TD>
    <TD>0.4341</TD>
    <TD>24.3713</TD>
    <TD>0.4341</TD>
    <TD>0.41</TD>
  </TR>
  <TR>
    <TD>3529.0</TD>
    <TD>241.1144</TD>
    <TD>54.93916</TD>
    <TD>1951.614</TD>
    <TD>2016.817</TD>
    <TD>24.466</TD>
    <TD>0.1896</TD>
    <TD>23.9494</TD>
    <TD>0.3214</TD>
    <TD>23.9494</TD>
    <TD>0.3214</TD>
    <TD>0.04</TD>
  </TR>
  <TR>
    <TD>3530.0</TD>
    <TD>241.1181</TD>
    <TD>55.09407</TD>
    <TD>253.424</TD>
    <TD>2017.883</TD>
    <TD>25.0088</TD>
    <TD>0.283</TD>
    <TD>23.3295</TD>
    <TD>0.2463</TD>
    <TD>23.3295</TD>
    <TD>0.2463</TD>
    <TD>0.49</TD>
  </TR>
  <TR>
    <TD>3531.0</TD>
    <TD>241.1164</TD>
    <TD>54.98306</TD>
    <TD>1472.804</TD>
    <TD>2011.437</TD>
    <TD>25.2978</TD>
    <TD>0.3096</TD>
    <TD>23.6798</TD>
    <TD>0.2902</TD>
    <TD>23.6798</TD>
    <TD>0.2902</TD>
    <TD>0.37</TD>
  </TR>
  <TR>
    <TD>3532.0</TD>
    <TD>241.1163</TD>
    <TD>55.0301</TD>
    <TD>958.05</TD>
    <TD>2019.406</TD>
    <TD>23.7642</TD>
    <TD>0.1457</TD>
    <TD>23.9238</TD>
    <TD>0.2282</TD>
    <TD>23.9238</TD>
    <TD>0.2282</TD>
    <TD>0.52</TD>
  </TR>
  <TR>
    <TD>3533.0</TD>
    <TD>241.1166</TD>
    <TD>55.04659</TD>
    <TD>776.931</TD>
    <TD>2020.047</TD>
    <TD>24.6086</TD>
    <TD>0.2068</TD>
    <TD>23.6972</TD>
    <TD>0.2819</TD>
    <TD>23.6972</TD>
    <TD>0.2819</TD>
    <TD>0.27</TD>
  </TR>
  <TR>
    <TD>3534.0</TD>
    <TD>241.119</TD>
    <TD>55.10039</TD>
    <TD>183.356</TD>
    <TD>2013.273</TD>
    <TD>25.9346</TD>
    <TD>0.3671</TD>
    <TD>25.0593</TD>
    <TD>0.4338</TD>
    <TD>25.0593</TD>
    <TD>0.4338</TD>
    <TD>0.36</TD>
  </TR>
  <TR>
    <TD>3535.0</TD>
    <TD>241.1187</TD>
    <TD>55.1063</TD>
    <TD>118.0</TD>
    <TD>2016.013</TD>
    <TD>25.5113</TD>
    <TD>0.2524</TD>
    <TD>24.9062</TD>
    <TD>0.3856</TD>
    <TD>24.9062</TD>
    <TD>0.3856</TD>
    <TD>0.48</TD>
  </TR>
  <TR>
    <TD>3536.0</TD>
    <TD>241.1153</TD>
    <TD>55.09858</TD>
    <TD>203.886</TD>
    <TD>2035.958</TD>
    <TD>22.706</TD>
    <TD>0.0825</TD>
    <TD>22.3603</TD>
    <TD>0.1221</TD>
    <TD>22.3603</TD>
    <TD>0.1221</TD>
    <TD>0.0</TD>
  </TR>
  <TR>
    <TD>3537.0</TD>
    <TD>241.1166</TD>
    <TD>55.09588</TD>
    <TD>233.551</TD>
    <TD>2027.173</TD>
    <TD>24.2122</TD>
    <TD>0.1781</TD>
    <TD>23.0941</TD>
    <TD>0.2451</TD>
    <TD>23.5578</TD>
    <TD>0.1666</TD>
    <TD>0.17</TD>
  </TR>
  <TR>
    <TD>3538.0</TD>
    <TD>241.1141</TD>
    <TD>54.93941</TD>
    <TD>1949.005</TD>
    <TD>2018.992</TD>
    <TD>24.792</TD>
    <TD>0.2329</TD>
    <TD>24.4405</TD>
    <TD>0.292</TD>
    <TD>24.1324</TD>
    <TD>0.2175</TD>
    <TD>0.49</TD>
  </TR>
  <TR>
    <TD>3539.0</TD>
    <TD>241.1183</TD>
    <TD>55.11362</TD>
    <TD>37.0</TD>
    <TD>2019.066</TD>
    <TD>25.8246</TD>
    <TD>0.3329</TD>
    <TD>24.7261</TD>
    <TD>0.3666</TD>
    <TD>24.7261</TD>
    <TD>0.3666</TD>
    <TD>0.45</TD>
  </TR>
  <TR>
    <TD>3540.0</TD>
    <TD>241.1076</TD>
    <TD>54.9869</TD>
    <TD>1432.022</TD>
    <TD>2067.215</TD>
    <TD>20.0094</TD>
    <TD>0.0166</TD>
    <TD>19.9103</TD>
    <TD>0.0213</TD>
    <TD>19.9103</TD>
    <TD>0.0213</TD>
    <TD>0.02</TD>
  </TR>
  <TR>
    <TD>3541.0</TD>
    <TD>241.1145</TD>
    <TD>54.98544</TD>
    <TD>1447.151</TD>
    <TD>2023.969</TD>
    <TD>24.2825</TD>
    <TD>0.1788</TD>
    <TD>23.2063</TD>
    <TD>0.2045</TD>
    <TD>23.7129</TD>
    <TD>0.1729</TD>
    <TD>0.56</TD>
  </TR>
  <TR>
    <TD>3542.0</TD>
    <TD>241.0896</TD>
    <TD>54.96045</TD>
    <TD>1722.74</TD>
    <TD>2175.041</TD>
    <TD>14.3927</TD>
    <TD>5.0E-4</TD>
    <TD>14.4216</TD>
    <TD>5.0E-4</TD>
    <TD>14.4216</TD>
    <TD>5.0E-4</TD>
    <TD>0.84</TD>
  </TR>
  <TR>
    <TD>3543.0</TD>
    <TD>241.1123</TD>
    <TD>54.98622</TD>
    <TD>1438.882</TD>
    <TD>2037.896</TD>
    <TD>22.8395</TD>
    <TD>0.0875</TD>
    <TD>22.287</TD>
    <TD>0.135</TD>
    <TD>22.287</TD>
    <TD>0.135</TD>
    <TD>0.14</TD>
  </TR>
  <TR>
    <TD>3544.0</TD>
    <TD>241.1117</TD>
    <TD>54.98907</TD>
    <TD>1407.831</TD>
    <TD>2041.764</TD>
    <TD>21.796</TD>
    <TD>0.0456</TD>
    <TD>21.7142</TD>
    <TD>0.0618</TD>
    <TD>21.7142</TD>
    <TD>0.0618</TD>
    <TD>0.0</TD>
  </TR>
  <TR>
    <TD>3545.0</TD>
    <TD>241.1139</TD>
    <TD>54.96988</TD>
    <TD>1617.027</TD>
    <TD>2025.008</TD>
    <TD>25.2601</TD>
    <TD>0.2556</TD>
    <TD>24.2503</TD>
    <TD>0.3365</TD>
    <TD>24.2503</TD>
    <TD>0.3365</TD>
    <TD>0.37</TD>
  </TR>
  <TR>
    <TD>3546.0</TD>
    <TD>241.1116</TD>
    <TD>54.94151</TD>
    <TD>1926.419</TD>
    <TD>2034.81</TD>
    <TD>24.6245</TD>
    <TD>0.2097</TD>
    <TD>24.7892</TD>
    <TD>0.4658</TD>
    <TD>24.7892</TD>
    <TD>0.4658</TD>
    <TD>0.45</TD>
  </TR>
  <TR>
    <TD>3547.0</TD>
    <TD>241.1156</TD>
    <TD>55.07806</TD>
    <TD>430.492</TD>
    <TD>2031.003</TD>
    <TD>24.4895</TD>
    <TD>0.2011</TD>
    <TD>23.9525</TD>
    <TD>0.2903</TD>
    <TD>23.9525</TD>
    <TD>0.2903</TD>
    <TD>0.4</TD>
  </TR>
  <TR>
    <TD>3548.0</TD>
    <TD>241.1127</TD>
    <TD>54.97268</TD>
    <TD>1586.629</TD>
    <TD>2032.997</TD>
    <TD>23.9872</TD>
    <TD>0.1572</TD>
    <TD>23.2163</TD>
    <TD>0.198</TD>
    <TD>23.2163</TD>
    <TD>0.198</TD>
    <TD>0.51</TD>
  </TR>
  <TR>
    <TD>3549.0</TD>
    <TD>241.1169</TD>
    <TD>55.0888</TD>
    <TD>311.823</TD>
    <TD>2024.586</TD>
    <TD>25.3993</TD>
    <TD>0.2893</TD>
    <TD>24.7414</TD>
    <TD>0.2947</TD>
    <TD>24.7414</TD>
    <TD>0.2947</TD>
    <TD>0.38</TD>
  </TR>
  <TR>
    <TD>3550.0</TD>
    <TD>241.0993</TD>
    <TD>55.00963</TD>
    <TD>1184.492</TD>
    <TD>2122.608</TD>
    <TD>21.37</TD>
    <TD>0.0382</TD>
    <TD>21.2053</TD>
    <TD>0.0487</TD>
    <TD>21.2053</TD>
    <TD>0.0487</TD>
    <TD>0.0</TD>
  </TR>
  <TR>
    <TD>3551.0</TD>
    <TD>241.1034</TD>
    <TD>55.037</TD>
    <TD>883.932</TD>
    <TD>2101.013</TD>
    <TD>18.1345</TD>
    <TD>0.0047</TD>
    <TD>18.1266</TD>
    <TD>0.0052</TD>
    <TD>18.1266</TD>
    <TD>0.0052</TD>
    <TD>0.03</TD>
  </TR>
  <TR>
    <TD>3552.0</TD>
    <TD>241.1136</TD>
    <TD>54.9767</TD>
    <TD>1542.64</TD>
    <TD>2027.848</TD>
    <TD>24.9581</TD>
    <TD>0.2433</TD>
    <TD>24.1077</TD>
    <TD>0.385</TD>
    <TD>24.1077</TD>
    <TD>0.385</TD>
    <TD>0.45</TD>
  </TR>
  <TR>
    <TD>3553.0</TD>
    <TD>241.1127</TD>
    <TD>54.93696</TD>
    <TD>1975.772</TD>
    <TD>2027.439</TD>
    <TD>25.6297</TD>
    <TD>0.3555</TD>
    <TD>24.6364</TD>
    <TD>0.3018</TD>
    <TD>24.6364</TD>
    <TD>0.3018</TD>
    <TD>0.37</TD>
  </TR>
  <TR>
    <TD>3554.0</TD>
    <TD>241.116</TD>
    <TD>55.08707</TD>
    <TD>331.025</TD>
    <TD>2030.009</TD>
    <TD>23.5777</TD>
    <TD>0.0769</TD>
    <TD>23.4952</TD>
    <TD>0.1039</TD>
    <TD>23.4952</TD>
    <TD>0.1039</TD>
    <TD>0.79</TD>
  </TR>
  <TR>
    <TD>3555.0</TD>
    <TD>241.112</TD>
    <TD>54.97437</TD>
    <TD>1568.274</TD>
    <TD>2037.657</TD>
    <TD>23.9493</TD>
    <TD>0.1483</TD>
    <TD>23.1708</TD>
    <TD>0.2625</TD>
    <TD>23.1708</TD>
    <TD>0.2625</TD>
    <TD>0.39</TD>
  </TR>
  <TR>
    <TD>3556.0</TD>
    <TD>241.1129</TD>
    <TD>54.99749</TD>
    <TD>1315.66</TD>
    <TD>2035.743</TD>
    <TD>24.3274</TD>
    <TD>0.1861</TD>
    <TD>23.5401</TD>
    <TD>0.2544</TD>
    <TD>23.5401</TD>
    <TD>0.2544</TD>
    <TD>0.45</TD>
  </TR>
  <TR>
    <TD>3557.0</TD>
    <TD>241.1128</TD>
    <TD>54.94755</TD>
    <TD>1860.51</TD>
    <TD>2028.524</TD>
    <TD>25.2477</TD>
    <TD>0.2753</TD>
    <TD>24.9726</TD>
    <TD>0.3433</TD>
    <TD>24.9726</TD>
    <TD>0.3433</TD>
    <TD>0.45</TD>
  </TR>
  <TR>
    <TD>3558.0</TD>
    <TD>241.1139</TD>
    <TD>55.05642</TD>
    <TD>669.213</TD>
    <TD>2038.172</TD>
    <TD>24.0444</TD>
    <TD>0.1615</TD>
    <TD>23.195</TD>
    <TD>0.2257</TD>
    <TD>23.195</TD>
    <TD>0.2257</TD>
    <TD>0.49</TD>
  </TR>
  <TR>
    <TD>3559.0</TD>
    <TD>241.1157</TD>
    <TD>55.09254</TD>
    <TD>270.597</TD>
    <TD>2032.791</TD>
    <TD>25.3156</TD>
    <TD>0.2685</TD>
    <TD>24.1002</TD>
    <TD>0.3491</TD>
    <TD>24.1002</TD>
    <TD>0.3491</TD>
    <TD>0.45</TD>
  </TR>
  <TR>
    <TD>3560.0</TD>
    <TD>241.1135</TD>
    <TD>54.98763</TD>
    <TD>1423.335</TD>
    <TD>2030.317</TD>
    <TD>25.8581</TD>
    <TD>0.343</TD>
    <TD>25.1878</TD>
    <TD>0.363</TD>
    <TD>25.1878</TD>
    <TD>0.363</TD>
    <TD>0.35</TD>
  </TR>
  <TR>
    <TD>3561.0</TD>
    <TD>241.1103</TD>
    <TD>54.99574</TD>
    <TD>1335.097</TD>
    <TD>2051.354</TD>
    <TD>22.2125</TD>
    <TD>0.0618</TD>
    <TD>22.1099</TD>
    <TD>0.0883</TD>
    <TD>22.1099</TD>
    <TD>0.0883</TD>
    <TD>0.01</TD>
  </TR>
  <TR>
    <TD>3562.0</TD>
    <TD>241.1053</TD>
    <TD>55.00718</TD>
    <TD>1210.516</TD>
    <TD>2084.758</TD>
    <TD>21.5118</TD>
    <TD>0.0446</TD>
    <TD>20.6495</TD>
    <TD>0.0586</TD>
    <TD>20.6495</TD>
    <TD>0.0586</TD>
    <TD>0.0</TD>
  </TR>
  <TR>
    <TD>3563.0</TD>
    <TD>241.1129</TD>
    <TD>54.97467</TD>
    <TD>1564.843</TD>
    <TD>2032.377</TD>
    <TD>25.4859</TD>
    <TD>0.3126</TD>
    <TD>24.392</TD>
    <TD>0.3667</TD>
    <TD>24.392</TD>
    <TD>0.3667</TD>
    <TD>0.36</TD>
  </TR>
  <TR>
    <TD>3564.0</TD>
    <TD>241.1156</TD>
    <TD>55.08548</TD>
    <TD>348.663</TD>
    <TD>2032.309</TD>
    <TD>26.3608</TD>
    <TD>0.5379</TD>
    <TD>24.4828</TD>
    <TD>0.3082</TD>
    <TD>24.4828</TD>
    <TD>0.3082</TD>
    <TD>0.35</TD>
  </TR>
  <TR>
    <TD>3565.0</TD>
    <TD>241.1112</TD>
    <TD>55.10221</TD>
    <TD>164.3</TD>
    <TD>2061.833</TD>
    <TD>24.0564</TD>
    <TD>0.1672</TD>
    <TD>23.2203</TD>
    <TD>0.2684</TD>
    <TD>23.2203</TD>
    <TD>0.2684</TD>
    <TD>0.48</TD>
  </TR>
  <TR>
    <TD>3566.0</TD>
    <TD>241.1143</TD>
    <TD>55.03672</TD>
    <TD>885.642</TD>
    <TD>2033.297</TD>
    <TD>25.9253</TD>
    <TD>0.3641</TD>
    <TD>25.0835</TD>
    <TD>0.6098</TD>
    <TD>25.0835</TD>
    <TD>0.6098</TD>
    <TD>0.36</TD>
  </TR>
  <TR>
    <TD>3567.0</TD>
    <TD>241.1143</TD>
    <TD>55.06358</TD>
    <TD>590.31</TD>
    <TD>2037.003</TD>
    <TD>25.0623</TD>
    <TD>0.2508</TD>
    <TD>24.0328</TD>
    <TD>0.385</TD>
    <TD>24.0328</TD>
    <TD>0.385</TD>
    <TD>0.48</TD>
  </TR>
  <TR>
    <TD>3568.0</TD>
    <TD>241.1157</TD>
    <TD>55.10728</TD>
    <TD>107.623</TD>
    <TD>2034.704</TD>
    <TD>25.1582</TD>
    <TD>0.2541</TD>
    <TD>25.3632</TD>
    <TD>0.3052</TD>
    <TD>25.3632</TD>
    <TD>0.3052</TD>
    <TD>0.36</TD>
  </TR>
  <TR>
    <TD>3569.0</TD>
    <TD>241.1122</TD>
    <TD>54.96846</TD>
    <TD>1632.686</TD>
    <TD>2035.315</TD>
    <TD>25.714</TD>
    <TD>0.3018</TD>
    <TD>25.0931</TD>
    <TD>0.4763</TD>
    <TD>25.0931</TD>
    <TD>0.4763</TD>
    <TD>0.41</TD>
  </TR>
  <TR>
    <TD>3570.0</TD>
    <TD>241.1104</TD>
    <TD>54.93763</TD>
    <TD>1968.809</TD>
    <TD>2041.476</TD>
    <TD>25.7595</TD>
    <TD>0.3995</TD>
    <TD>23.7015</TD>
    <TD>0.259</TD>
    <TD>23.7015</TD>
    <TD>0.259</TD>
    <TD>0.36</TD>
  </TR>
  <TR>
    <TD>3571.0</TD>
    <TD>241.1105</TD>
    <TD>54.94284</TD>
    <TD>1912.077</TD>
    <TD>2041.825</TD>
    <TD>23.374</TD>
    <TD>0.0731</TD>
    <TD>23.4457</TD>
    <TD>0.1057</TD>
    <TD>23.4457</TD>
    <TD>0.1057</TD>
    <TD>0.72</TD>
  </TR>
  <TR>
    <TD>3572.0</TD>
    <TD>241.1052</TD>
    <TD>54.93172</TD>
    <TD>2033.7</TD>
    <TD>2073.281</TD>
    <TD>19.9325</TD>
    <TD>0.0156</TD>
    <TD>19.875</TD>
    <TD>0.0188</TD>
    <TD>19.875</TD>
    <TD>0.0188</TD>
    <TD>0.02</TD>
  </TR>
  <TR>
    <TD>3573.0</TD>
    <TD>241.1144</TD>
    <TD>55.0925</TD>
    <TD>271.236</TD>
    <TD>2040.691</TD>
    <TD>25.7035</TD>
    <TD>0.3418</TD>
    <TD>24.4386</TD>
    <TD>0.3611</TD>
    <TD>24.4386</TD>
    <TD>0.3611</TD>
    <TD>0.38</TD>
  </TR>
  <TR>
    <TD>3574.0</TD>
    <TD>241.111</TD>
    <TD>54.98056</TD>
    <TD>1500.869</TD>
    <TD>2044.847</TD>
    <TD>22.5038</TD>
    <TD>0.0407</TD>
    <TD>22.5708</TD>
    <TD>0.0477</TD>
    <TD>22.5708</TD>
    <TD>0.0477</TD>
    <TD>0.96</TD>
  </TR>
  <TR>
    <TD>3575.0</TD>
    <TD>241.1132</TD>
    <TD>55.03612</TD>
    <TD>892.335</TD>
    <TD>2039.682</TD>
    <TD>25.9123</TD>
    <TD>0.3599</TD>
    <TD>25.036</TD>
    <TD>0.4945</TD>
    <TD>25.036</TD>
    <TD>0.4945</TD>
    <TD>0.35</TD>
  </TR>
  <TR>
    <TD>3576.0</TD>
    <TD>241.1142</TD>
    <TD>55.09569</TD>
    <TD>235.995</TD>
    <TD>2042.063</TD>
    <TD>24.6548</TD>
    <TD>0.2332</TD>
    <TD>24.0036</TD>
    <TD>0.2196</TD>
    <TD>24.0036</TD>
    <TD>0.2196</TD>
    <TD>0.37</TD>
  </TR>
  <TR>
    <TD>3577.0</TD>
    <TD>241.1018</TD>
    <TD>54.94061</TD>
    <TD>1937.401</TD>
    <TD>2096.069</TD>
    <TD>17.8964</TD>
    <TD>0.0034</TD>
    <TD>17.9096</TD>
    <TD>0.0033</TD>
    <TD>17.9096</TD>
    <TD>0.0033</TD>
    <TD>0.06</TD>
  </TR>
  <TR>
    <TD>3578.0</TD>
    <TD>241.1143</TD>
    <TD>55.10577</TD>
    <TD>124.497</TD>
    <TD>2042.987</TD>
    <TD>25.9749</TD>
    <TD>0.436</TD>
    <TD>24.9506</TD>
    <TD>0.2929</TD>
    <TD>24.9506</TD>
    <TD>0.2929</TD>
    <TD>0.35</TD>
  </TR>
  <TR>
    <TD>3579.0</TD>
    <TD>241.0927</TD>
    <TD>54.98615</TD>
    <TD>1442.091</TD>
    <TD>2159.639</TD>
    <TD>15.6417</TD>
    <TD>0.0010</TD>
    <TD>15.6709</TD>
    <TD>9.0E-4</TD>
    <TD>15.6709</TD>
    <TD>9.0E-4</TD>
    <TD>0.94</TD>
  </TR>
  <TR>
    <TD>3580.0</TD>
    <TD>241.1132</TD>
    <TD>55.08379</TD>
    <TD>367.598</TD>
    <TD>2046.638</TD>
    <TD>25.4824</TD>
    <TD>0.3116</TD>
    <TD>24.3207</TD>
    <TD>0.3275</TD>
    <TD>24.3207</TD>
    <TD>0.3275</TD>
    <TD>0.36</TD>
  </TR>
  <TR>
    <TD>3581.0</TD>
    <TD>241.1143</TD>
    <TD>55.09413</TD>
    <TD>253.3</TD>
    <TD>2041.672</TD>
    <TD>25.5215</TD>
    <TD>0.2547</TD>
    <TD>25.508</TD>
    <TD>0.3475</TD>
    <TD>25.508</TD>
    <TD>0.3475</TD>
    <TD>0.36</TD>
  </TR>
  <TR>
    <TD>3582.0</TD>
    <TD>241.1145</TD>
    <TD>55.1136</TD>
    <TD>37.685</TD>
    <TD>2043.32</TD>
    <TD>25.9516</TD>
    <TD>0.3727</TD>
    <TD>25.3136</TD>
    <TD>0.6052</TD>
    <TD>25.3136</TD>
    <TD>0.6052</TD>
    <TD>0.36</TD>
  </TR>
  <TR>
    <TD>3583.0</TD>
    <TD>241.1102</TD>
    <TD>54.9464</TD>
    <TD>1873.338</TD>
    <TD>2044.316</TD>
    <TD>26.0982</TD>
    <TD>0.4249</TD>
    <TD>25.0062</TD>
    <TD>0.3748</TD>
    <TD>25.0062</TD>
    <TD>0.3748</TD>
    <TD>0.39</TD>
  </TR>
  <TR>
    <TD>3584.0</TD>
    <TD>241.1125</TD>
    <TD>55.03549</TD>
    <TD>899.361</TD>
    <TD>2044.321</TD>
    <TD>26.0357</TD>
    <TD>0.4018</TD>
    <TD>25.1167</TD>
    <TD>0.4468</TD>
    <TD>25.1167</TD>
    <TD>0.4468</TD>
    <TD>0.36</TD>
  </TR>
  <TR>
    <TD>3585.0</TD>
    <TD>241.1103</TD>
    <TD>54.96951</TD>
    <TD>1621.468</TD>
    <TD>2047.733</TD>
    <TD>25.1882</TD>
    <TD>0.2398</TD>
    <TD>24.4131</TD>
    <TD>0.2711</TD>
    <TD>24.4131</TD>
    <TD>0.2711</TD>
    <TD>0.38</TD>
  </TR>
  <TR>
    <TD>3586.0</TD>
    <TD>241.1126</TD>
    <TD>55.08476</TD>
    <TD>357.03</TD>
    <TD>2050.491</TD>
    <TD>25.4739</TD>
    <TD>0.2786</TD>
    <TD>24.7746</TD>
    <TD>0.4021</TD>
    <TD>24.7746</TD>
    <TD>0.4021</TD>
    <TD>0.36</TD>
  </TR>
  <TR>
    <TD>3587.0</TD>
    <TD>241.1128</TD>
    <TD>55.0912</TD>
    <TD>285.875</TD>
    <TD>2050.34</TD>
    <TD>25.1755</TD>
    <TD>0.2581</TD>
    <TD>24.4588</TD>
    <TD>0.4003</TD>
    <TD>24.4588</TD>
    <TD>0.4003</TD>
    <TD>0.41</TD>
  </TR>
  <TR>
    <TD>3588.0</TD>
    <TD>241.1072</TD>
    <TD>55.1149</TD>
    <TD>24.256</TD>
    <TD>2088.969</TD>
    <TD>23.9849</TD>
    <TD>0.1493</TD>
    <TD>23.4732</TD>
    <TD>0.2394</TD>
    <TD>23.518</TD>
    <TD>0.1493</TD>
    <TD>0.44</TD>
  </TR>
  <TR>
    <TD>3589.0</TD>
    <TD>241.1119</TD>
    <TD>55.07902</TD>
    <TD>420.453</TD>
    <TD>2054.015</TD>
    <TD>25.1124</TD>
    <TD>0.244</TD>
    <TD>24.1616</TD>
    <TD>0.3422</TD>
    <TD>24.1616</TD>
    <TD>0.3422</TD>
    <TD>0.48</TD>
  </TR>
  <TR>
    <TD>3590.0</TD>
    <TD>241.1125</TD>
    <TD>55.10944</TD>
    <TD>84.132</TD>
    <TD>2054.737</TD>
    <TD>25.2578</TD>
    <TD>0.3183</TD>
    <TD>24.2349</TD>
    <TD>0.2967</TD>
    <TD>24.2349</TD>
    <TD>0.2967</TD>
    <TD>0.43</TD>
  </TR>
  <TR>
    <TD>3591.0</TD>
    <TD>241.1123</TD>
    <TD>55.09141</TD>
    <TD>283.626</TD>
    <TD>2053.722</TD>
    <TD>25.756</TD>
    <TD>0.3133</TD>
    <TD>25.2184</TD>
    <TD>0.3418</TD>
    <TD>25.2184</TD>
    <TD>0.3418</TD>
    <TD>0.36</TD>
  </TR>
  <TR>
    <TD>3592.0</TD>
    <TD>241.1089</TD>
    <TD>54.95899</TD>
    <TD>1736.345</TD>
    <TD>2054.703</TD>
    <TD>25.755</TD>
    <TD>0.313</TD>
    <TD>25.7169</TD>
    <TD>0.4194</TD>
    <TD>25.7169</TD>
    <TD>0.4194</TD>
    <TD>0.37</TD>
  </TR>
  <TR>
    <TD>3593.0</TD>
    <TD>241.1047</TD>
    <TD>55.03402</TD>
    <TD>916.508</TD>
    <TD>2092.438</TD>
    <TD>21.3258</TD>
    <TD>0.0342</TD>
    <TD>21.2529</TD>
    <TD>0.0459</TD>
    <TD>21.2529</TD>
    <TD>0.0459</TD>
    <TD>0.01</TD>
  </TR>
  <TR>
    <TD>3594.0</TD>
    <TD>241.1085</TD>
    <TD>54.96976</TD>
    <TD>1619.0</TD>
    <TD>2058.959</TD>
    <TD>26.0752</TD>
    <TD>0.4162</TD>
    <TD>25.2627</TD>
    <TD>0.5338</TD>
    <TD>25.2627</TD>
    <TD>0.5338</TD>
    <TD>0.35</TD>
  </TR>
  <TR>
    <TD>3595.0</TD>
    <TD>241.1025</TD>
    <TD>55.01755</TD>
    <TD>1097.412</TD>
    <TD>2103.371</TD>
    <TD>21.5046</TD>
    <TD>0.0459</TD>
    <TD>20.8532</TD>
    <TD>0.0716</TD>
    <TD>21.1094</TD>
    <TD>0.0467</TD>
    <TD>0.0</TD>
  </TR>
  <TR>
    <TD>3596.0</TD>
    <TD>241.1073</TD>
    <TD>54.98902</TD>
    <TD>1408.908</TD>
    <TD>2069.537</TD>
    <TD>23.1855</TD>
    <TD>0.0986</TD>
    <TD>22.4762</TD>
    <TD>0.1473</TD>
    <TD>22.4762</TD>
    <TD>0.1473</TD>
    <TD>0.16</TD>
  </TR>
  <TR>
    <TD>3597.0</TD>
    <TD>241.1034</TD>
    <TD>55.04307</TD>
    <TD>817.317</TD>
    <TD>2101.66</TD>
    <TD>21.9886</TD>
    <TD>0.0538</TD>
    <TD>21.7473</TD>
    <TD>0.0685</TD>
    <TD>21.6859</TD>
    <TD>0.0556</TD>
    <TD>0.01</TD>
  </TR>
  <TR>
    <TD>3598.0</TD>
    <TD>241.1095</TD>
    <TD>55.03614</TD>
    <TD>892.655</TD>
    <TD>2062.715</TD>
    <TD>25.8191</TD>
    <TD>0.3313</TD>
    <TD>25.1008</TD>
    <TD>0.3355</TD>
    <TD>25.1008</TD>
    <TD>0.3355</TD>
    <TD>0.37</TD>
  </TR>
  <TR>
    <TD>3599.0</TD>
    <TD>241.0988</TD>
    <TD>54.963</TD>
    <TD>1693.879</TD>
    <TD>2118.222</TD>
    <TD>19.1192</TD>
    <TD>0.0083</TD>
    <TD>19.0924</TD>
    <TD>0.0094</TD>
    <TD>19.0924</TD>
    <TD>0.0094</TD>
    <TD>0.03</TD>
  </TR>
  <TR>
    <TD>3600.0</TD>
    <TD>241.1093</TD>
    <TD>55.04785</TD>
    <TD>763.98</TD>
    <TD>2065.748</TD>
    <TD>25.7754</TD>
    <TD>0.3645</TD>
    <TD>24.8354</TD>
    <TD>0.2744</TD>
    <TD>24.8354</TD>
    <TD>0.2744</TD>
    <TD>0.39</TD>
  </TR>
  <TR>
    <TD>3601.0</TD>
    <TD>241.1039</TD>
    <TD>54.97034</TD>
    <TD>1613.187</TD>
    <TD>2087.31</TD>
    <TD>22.8808</TD>
    <TD>0.0933</TD>
    <TD>22.5338</TD>
    <TD>0.1126</TD>
    <TD>22.5338</TD>
    <TD>0.1126</TD>
    <TD>0.01</TD>
  </TR>
  <TR>
    <TD>3602.0</TD>
    <TD>241.1027</TD>
    <TD>54.93423</TD>
    <TD>2006.654</TD>
    <TD>2089.242</TD>
    <TD>22.1781</TD>
    <TD>0.0596</TD>
    <TD>22.0097</TD>
    <TD>0.0942</TD>
    <TD>22.0097</TD>
    <TD>0.0942</TD>
    <TD>0.01</TD>
  </TR>
  <TR>
    <TD>3603.0</TD>
    <TD>241.1102</TD>
    <TD>55.11071</TD>
    <TD>70.318</TD>
    <TD>2069.67</TD>
    <TD>26.0017</TD>
    <TD>0.3898</TD>
    <TD>24.8238</TD>
    <TD>0.4074</TD>
    <TD>24.8238</TD>
    <TD>0.4074</TD>
    <TD>0.35</TD>
  </TR>
  <TR>
    <TD>3604.0</TD>
    <TD>241.1069</TD>
    <TD>55.10795</TD>
    <TD>101.304</TD>
    <TD>2089.986</TD>
    <TD>22.9411</TD>
    <TD>0.0866</TD>
    <TD>22.7084</TD>
    <TD>0.1247</TD>
    <TD>22.7084</TD>
    <TD>0.1247</TD>
    <TD>0.01</TD>
  </TR>
  <TR>
    <TD>3605.0</TD>
    <TD>241.105</TD>
    <TD>54.97009</TD>
    <TD>1615.827</TD>
    <TD>2080.742</TD>
    <TD>23.806</TD>
    <TD>0.1457</TD>
    <TD>23.5979</TD>
    <TD>0.2141</TD>
    <TD>23.1947</TD>
    <TD>0.1387</TD>
    <TD>0.12</TD>
  </TR>
  <TR>
    <TD>3606.0</TD>
    <TD>241.1041</TD>
    <TD>54.95639</TD>
    <TD>1765.271</TD>
    <TD>2084.229</TD>
    <TD>25.4223</TD>
    <TD>0.3218</TD>
    <TD>24.2989</TD>
    <TD>0.2314</TD>
    <TD>24.2989</TD>
    <TD>0.2314</TD>
    <TD>0.4</TD>
  </TR>
  <TR>
    <TD>3607.0</TD>
    <TD>241.1051</TD>
    <TD>55.06596</TD>
    <TD>565.271</TD>
    <TD>2094.812</TD>
    <TD>23.3867</TD>
    <TD>0.113</TD>
    <TD>23.4492</TD>
    <TD>0.1893</TD>
    <TD>23.4492</TD>
    <TD>0.1893</TD>
    <TD>0.14</TD>
  </TR>
  <TR>
    <TD>3608.0</TD>
    <TD>241.1062</TD>
    <TD>55.00535</TD>
    <TD>1230.443</TD>
    <TD>2078.761</TD>
    <TD>23.7328</TD>
    <TD>0.131</TD>
    <TD>23.1674</TD>
    <TD>0.1366</TD>
    <TD>23.1674</TD>
    <TD>0.1366</TD>
    <TD>0.01</TD>
  </TR>
  <TR>
    <TD>3609.0</TD>
    <TD>241.1065</TD>
    <TD>55.07884</TD>
    <TD>423.185</TD>
    <TD>2087.881</TD>
    <TD>23.8864</TD>
    <TD>0.1437</TD>
    <TD>23.5968</TD>
    <TD>0.2844</TD>
    <TD>23.5968</TD>
    <TD>0.2844</TD>
    <TD>0.56</TD>
  </TR>
  <TR>
    <TD>3610.0</TD>
    <TD>241.1066</TD>
    <TD>55.03021</TD>
    <TD>958.013</TD>
    <TD>2079.726</TD>
    <TD>24.6719</TD>
    <TD>0.1774</TD>
    <TD>24.7416</TD>
    <TD>0.2868</TD>
    <TD>24.7416</TD>
    <TD>0.2868</TD>
    <TD>0.68</TD>
  </TR>
  <TR>
    <TD>3611.0</TD>
    <TD>241.0742</TD>
    <TD>55.06415</TD>
    <TD>589.111</TD>
    <TD>2286.965</TD>
    <TD>14.5472</TD>
    <TD>6.0E-4</TD>
    <TD>14.5769</TD>
    <TD>5.0E-4</TD>
    <TD>14.5769</TD>
    <TD>5.0E-4</TD>
    <TD>0.93</TD>
  </TR>
  <TR>
    <TD>3612.0</TD>
    <TD>241.1052</TD>
    <TD>54.97683</TD>
    <TD>1542.301</TD>
    <TD>2080.336</TD>
    <TD>25.9304</TD>
    <TD>0.3658</TD>
    <TD>25.2896</TD>
    <TD>0.5921</TD>
    <TD>25.2896</TD>
    <TD>0.5921</TD>
    <TD>0.36</TD>
  </TR>
  <TR>
    <TD>3613.0</TD>
    <TD>241.1075</TD>
    <TD>55.11235</TD>
    <TD>52.523</TD>
    <TD>2086.509</TD>
    <TD>24.1656</TD>
    <TD>0.1708</TD>
    <TD>23.727</TD>
    <TD>0.1851</TD>
    <TD>23.727</TD>
    <TD>0.1851</TD>
    <TD>0.39</TD>
  </TR>
  <TR>
    <TD>3614.0</TD>
    <TD>241.094</TD>
    <TD>54.9677</TD>
    <TD>1643.216</TD>
    <TD>2148.528</TD>
    <TD>21.4634</TD>
    <TD>0.0367</TD>
    <TD>21.3285</TD>
    <TD>0.0516</TD>
    <TD>21.3285</TD>
    <TD>0.0516</TD>
    <TD>0.01</TD>
  </TR>
  <TR>
    <TD>3615.0</TD>
    <TD>241.1033</TD>
    <TD>54.95211</TD>
    <TD>1812.008</TD>
    <TD>2088.469</TD>
    <TD>24.1954</TD>
    <TD>0.1491</TD>
    <TD>23.8124</TD>
    <TD>0.2103</TD>
    <TD>23.8124</TD>
    <TD>0.2103</TD>
    <TD>0.8</TD>
  </TR>
  <TR>
    <TD>3616.0</TD>
    <TD>241.1014</TD>
    <TD>54.96522</TD>
    <TD>1669.328</TD>
    <TD>2102.148</TD>
    <TD>23.0523</TD>
    <TD>0.0966</TD>
    <TD>22.8225</TD>
    <TD>0.1271</TD>
    <TD>22.8225</TD>
    <TD>0.1271</TD>
    <TD>0.0</TD>
  </TR>
  <TR>
    <TD>3617.0</TD>
    <TD>241.105</TD>
    <TD>55.02906</TD>
    <TD>970.864</TD>
    <TD>2089.71</TD>
    <TD>23.4091</TD>
    <TD>0.0753</TD>
    <TD>23.4692</TD>
    <TD>0.11</TD>
    <TD>23.4692</TD>
    <TD>0.11</TD>
    <TD>0.77</TD>
  </TR>
  <TR>
    <TD>3618.0</TD>
    <TD>241.1008</TD>
    <TD>55.02377</TD>
    <TD>1029.416</TD>
    <TD>2115.194</TD>
    <TD>23.0382</TD>
    <TD>0.1006</TD>
    <TD>21.63</TD>
    <TD>0.103</TD>
    <TD>21.63</TD>
    <TD>0.103</TD>
    <TD>0.02</TD>
  </TR>
  <TR>
    <TD>3619.0</TD>
    <TD>241.1066</TD>
    <TD>55.11498</TD>
    <TD>23.546</TD>
    <TD>2092.774</TD>
    <TD>24.0042</TD>
    <TD>0.1558</TD>
    <TD>23.4115</TD>
    <TD>0.1796</TD>
    <TD>23.4592</TD>
    <TD>0.152</TD>
    <TD>0.45</TD>
  </TR>
  <TR>
    <TD>3620.0</TD>
    <TD>241.1027</TD>
    <TD>54.94298</TD>
    <TD>1911.478</TD>
    <TD>2090.494</TD>
    <TD>25.5071</TD>
    <TD>0.287</TD>
    <TD>24.9891</TD>
    <TD>0.3033</TD>
    <TD>24.9891</TD>
    <TD>0.3033</TD>
    <TD>0.36</TD>
  </TR>
  <TR>
    <TD>3621.0</TD>
    <TD>241.1063</TD>
    <TD>55.09624</TD>
    <TD>230.973</TD>
    <TD>2091.466</TD>
    <TD>25.7078</TD>
    <TD>0.3431</TD>
    <TD>24.3737</TD>
    <TD>0.3539</TD>
    <TD>24.3737</TD>
    <TD>0.3539</TD>
    <TD>0.36</TD>
  </TR>
  <TR>
    <TD>3622.0</TD>
    <TD>241.1039</TD>
    <TD>55.07866</TD>
    <TD>425.424</TD>
    <TD>2104.291</TD>
    <TD>22.8996</TD>
    <TD>0.0579</TD>
    <TD>23.0182</TD>
    <TD>0.0906</TD>
    <TD>23.0182</TD>
    <TD>0.0906</TD>
    <TD>0.73</TD>
  </TR>
  <TR>
    <TD>3623.0</TD>
    <TD>241.1064</TD>
    <TD>55.10711</TD>
    <TD>110.672</TD>
    <TD>2092.651</TD>
    <TD>25.692</TD>
    <TD>0.296</TD>
    <TD>25.2254</TD>
    <TD>0.4575</TD>
    <TD>25.2254</TD>
    <TD>0.4575</TD>
    <TD>0.48</TD>
  </TR>
  <TR>
    <TD>3624.0</TD>
    <TD>241.097</TD>
    <TD>55.07895</TD>
    <TD>423.187</TD>
    <TD>2147.449</TD>
    <TD>23.9113</TD>
    <TD>0.1503</TD>
    <TD>22.5053</TD>
    <TD>0.1587</TD>
    <TD>23.3485</TD>
    <TD>0.1458</TD>
    <TD>0.44</TD>
  </TR>
  <TR>
    <TD>3625.0</TD>
    <TD>241.1023</TD>
    <TD>55.04323</TD>
    <TD>815.663</TD>
    <TD>2109.09</TD>
    <TD>22.512</TD>
    <TD>0.0672</TD>
    <TD>22.2398</TD>
    <TD>0.0836</TD>
    <TD>22.231</TD>
    <TD>0.0697</TD>
    <TD>0.02</TD>
  </TR>
  <TR>
    <TD>3626.0</TD>
    <TD>241.1005</TD>
    <TD>54.96594</TD>
    <TD>1661.581</TD>
    <TD>2107.929</TD>
    <TD>23.8679</TD>
    <TD>0.1478</TD>
    <TD>22.942</TD>
    <TD>0.1791</TD>
    <TD>23.2968</TD>
    <TD>0.1429</TD>
    <TD>0.56</TD>
  </TR>
  <TR>
    <TD>3627.0</TD>
    <TD>241.1018</TD>
    <TD>54.96216</TD>
    <TD>1702.677</TD>
    <TD>2099.541</TD>
    <TD>24.8624</TD>
    <TD>0.2481</TD>
    <TD>23.2852</TD>
    <TD>0.2445</TD>
    <TD>23.2852</TD>
    <TD>0.2445</TD>
    <TD>0.38</TD>
  </TR>
  <TR>
    <TD>3628.0</TD>
    <TD>241.1058</TD>
    <TD>55.09681</TD>
    <TD>224.722</TD>
    <TD>2094.661</TD>
    <TD>25.9005</TD>
    <TD>0.3561</TD>
    <TD>25.0392</TD>
    <TD>0.3862</TD>
    <TD>25.0392</TD>
    <TD>0.3862</TD>
    <TD>0.37</TD>
  </TR>
  <TR>
    <TD>3629.0</TD>
    <TD>241.1017</TD>
    <TD>55.01986</TD>
    <TD>1072.153</TD>
    <TD>2109.218</TD>
    <TD>23.0153</TD>
    <TD>0.0966</TD>
    <TD>22.3563</TD>
    <TD>0.1546</TD>
    <TD>22.3563</TD>
    <TD>0.1546</TD>
    <TD>0.01</TD>
  </TR>
  <TR>
    <TD>3630.0</TD>
    <TD>241.1043</TD>
    <TD>55.10348</TD>
    <TD>151.193</TD>
    <TD>2105.221</TD>
    <TD>24.1174</TD>
    <TD>0.1636</TD>
    <TD>23.4508</TD>
    <TD>0.2506</TD>
    <TD>23.4508</TD>
    <TD>0.2506</TD>
    <TD>0.32</TD>
  </TR>
  <TR>
    <TD>3631.0</TD>
    <TD>241.0992</TD>
    <TD>55.00441</TD>
    <TD>1241.603</TD>
    <TD>2122.155</TD>
    <TD>22.8484</TD>
    <TD>0.0937</TD>
    <TD>22.4855</TD>
    <TD>0.1498</TD>
    <TD>22.4855</TD>
    <TD>0.1498</TD>
    <TD>0.07</TD>
  </TR>
  <TR>
    <TD>3632.0</TD>
    <TD>241.1005</TD>
    <TD>55.11571</TD>
    <TD>16.223</TD>
    <TD>2130.569</TD>
    <TD>21.1551</TD>
    <TD>0.036</TD>
    <TD>20.8614</TD>
    <TD>0.0563</TD>
    <TD>20.8614</TD>
    <TD>0.0563</TD>
    <TD>0.0</TD>
  </TR>
  <TR>
    <TD>3633.0</TD>
    <TD>241.1015</TD>
    <TD>55.11672</TD>
    <TD>4.865</TD>
    <TD>2124.951</TD>
    <TD>22.4365</TD>
    <TD>0.0695</TD>
    <TD>22.2299</TD>
    <TD>0.1125</TD>
    <TD>22.0648</TD>
    <TD>0.0711</TD>
    <TD>0.0</TD>
  </TR>
  <TR>
    <TD>3634.0</TD>
    <TD>241.0964</TD>
    <TD>54.93986</TD>
    <TD>1946.21</TD>
    <TD>2129.309</TD>
    <TD>21.8972</TD>
    <TD>0.0511</TD>
    <TD>21.5426</TD>
    <TD>0.0769</TD>
    <TD>21.5426</TD>
    <TD>0.0769</TD>
    <TD>0.0</TD>
  </TR>
  <TR>
    <TD>3635.0</TD>
    <TD>241.0937</TD>
    <TD>54.9784</TD>
    <TD>1526.474</TD>
    <TD>2152.047</TD>
    <TD>18.9756</TD>
    <TD>0.0068</TD>
    <TD>18.9754</TD>
    <TD>0.0071</TD>
    <TD>18.9754</TD>
    <TD>0.0071</TD>
    <TD>0.03</TD>
  </TR>
  <TR>
    <TD>3636.0</TD>
    <TD>241.0991</TD>
    <TD>54.98341</TD>
    <TD>1471.152</TD>
    <TD>2119.332</TD>
    <TD>23.2696</TD>
    <TD>0.1048</TD>
    <TD>22.8209</TD>
    <TD>0.142</TD>
    <TD>22.8209</TD>
    <TD>0.142</TD>
    <TD>0.0</TD>
  </TR>
  <TR>
    <TD>3637.0</TD>
    <TD>241.0977</TD>
    <TD>54.94702</TD>
    <TD>1868.072</TD>
    <TD>2122.439</TD>
    <TD>22.729</TD>
    <TD>0.0822</TD>
    <TD>22.4959</TD>
    <TD>0.1085</TD>
    <TD>22.4959</TD>
    <TD>0.1085</TD>
    <TD>0.0</TD>
  </TR>
  <TR>
    <TD>3638.0</TD>
    <TD>241.0995</TD>
    <TD>54.94986</TD>
    <TD>1836.979</TD>
    <TD>2111.866</TD>
    <TD>24.0836</TD>
    <TD>0.1587</TD>
    <TD>23.5006</TD>
    <TD>0.2814</TD>
    <TD>23.5006</TD>
    <TD>0.2814</TD>
    <TD>0.4</TD>
  </TR>
  <TR>
    <TD>3639.0</TD>
    <TD>241.1</TD>
    <TD>54.96573</TD>
    <TD>1663.993</TD>
    <TD>2111.014</TD>
    <TD>24.5657</TD>
    <TD>0.2073</TD>
    <TD>23.363</TD>
    <TD>0.2344</TD>
    <TD>23.9451</TD>
    <TD>0.1967</TD>
    <TD>0.48</TD>
  </TR>
  <TR>
    <TD>3640.0</TD>
    <TD>241.1034</TD>
    <TD>55.10476</TD>
    <TD>137.097</TD>
    <TD>2110.841</TD>
    <TD>24.6574</TD>
    <TD>0.1862</TD>
    <TD>24.4884</TD>
    <TD>0.3236</TD>
    <TD>24.4884</TD>
    <TD>0.3236</TD>
    <TD>0.73</TD>
  </TR>
  <TR>
    <TD>3641.0</TD>
    <TD>241.103</TD>
    <TD>55.07285</TD>
    <TD>489.665</TD>
    <TD>2108.675</TD>
    <TD>25.8671</TD>
    <TD>0.3457</TD>
    <TD>25.1107</TD>
    <TD>0.5295</TD>
    <TD>25.1107</TD>
    <TD>0.5295</TD>
    <TD>0.35</TD>
  </TR>
  <TR>
    <TD>3642.0</TD>
    <TD>241.0996</TD>
    <TD>54.932</TD>
    <TD>2031.345</TD>
    <TD>2108.32</TD>
    <TD>26.2217</TD>
    <TD>0.4746</TD>
    <TD>24.9586</TD>
    <TD>0.4376</TD>
    <TD>24.9586</TD>
    <TD>0.4376</TD>
    <TD>0.35</TD>
  </TR>
  <TR>
    <TD>3643.0</TD>
    <TD>241.0937</TD>
    <TD>55.0609</TD>
    <TD>622.526</TD>
    <TD>2164.958</TD>
    <TD>17.8828</TD>
    <TD>0.0034</TD>
    <TD>17.898</TD>
    <TD>0.0033</TD>
    <TD>17.898</TD>
    <TD>0.0033</TD>
    <TD>0.04</TD>
  </TR>
  <TR>
    <TD>3644.0</TD>
    <TD>241.0961</TD>
    <TD>54.96414</TD>
    <TD>1681.762</TD>
    <TD>2135.221</TD>
    <TD>22.9444</TD>
    <TD>0.0979</TD>
    <TD>22.3511</TD>
    <TD>0.1486</TD>
    <TD>22.3511</TD>
    <TD>0.1486</TD>
    <TD>0.02</TD>
  </TR>
  <TR>
    <TD>3645.0</TD>
    <TD>241.1033</TD>
    <TD>55.09869</TD>
    <TD>204.354</TD>
    <TD>2110.677</TD>
    <TD>25.8349</TD>
    <TD>0.336</TD>
    <TD>25.4454</TD>
    <TD>0.3285</TD>
    <TD>25.4454</TD>
    <TD>0.3285</TD>
    <TD>0.47</TD>
  </TR>
  <TR>
    <TD>3646.0</TD>
    <TD>241.0942</TD>
    <TD>54.93905</TD>
    <TD>1955.289</TD>
    <TD>2142.564</TD>
    <TD>21.1507</TD>
    <TD>0.0318</TD>
    <TD>21.0891</TD>
    <TD>0.0506</TD>
    <TD>21.0891</TD>
    <TD>0.0506</TD>
    <TD>0.01</TD>
  </TR>
  <TR>
    <TD>3647.0</TD>
    <TD>241.1026</TD>
    <TD>55.07879</TD>
    <TD>424.222</TD>
    <TD>2112.41</TD>
    <TD>25.4006</TD>
    <TD>0.2896</TD>
    <TD>24.8566</TD>
    <TD>0.2797</TD>
    <TD>24.8566</TD>
    <TD>0.2797</TD>
    <TD>0.38</TD>
  </TR>
  <TR>
    <TD>3648.0</TD>
    <TD>241.102</TD>
    <TD>55.0775</TD>
    <TD>438.5</TD>
    <TD>2115.996</TD>
    <TD>25.5097</TD>
    <TD>0.2876</TD>
    <TD>24.9495</TD>
    <TD>0.2927</TD>
    <TD>24.9495</TD>
    <TD>0.2927</TD>
    <TD>0.47</TD>
  </TR>
  <TR>
    <TD>3649.0</TD>
    <TD>241.0899</TD>
    <TD>54.94882</TD>
    <TD>1849.395</TD>
    <TD>2171.409</TD>
    <TD>18.0056</TD>
    <TD>0.0036</TD>
    <TD>18.0184</TD>
    <TD>0.0035</TD>
    <TD>18.0184</TD>
    <TD>0.0035</TD>
    <TD>0.03</TD>
  </TR>
  <TR>
    <TD>3650.0</TD>
    <TD>241.0954</TD>
    <TD>54.98347</TD>
    <TD>1471.01</TD>
    <TD>2142.658</TD>
    <TD>21.8083</TD>
    <TD>0.0484</TD>
    <TD>21.6698</TD>
    <TD>0.0732</TD>
    <TD>21.6698</TD>
    <TD>0.0732</TD>
    <TD>0.0</TD>
  </TR>
  <TR>
    <TD>3651.0</TD>
    <TD>241.1009</TD>
    <TD>55.04227</TD>
    <TD>826.364</TD>
    <TD>2117.276</TD>
    <TD>26.035</TD>
    <TD>0.4015</TD>
    <TD>24.9319</TD>
    <TD>0.2881</TD>
    <TD>24.9319</TD>
    <TD>0.2881</TD>
    <TD>0.36</TD>
  </TR>
  <TR>
    <TD>3652.0</TD>
    <TD>241.0977</TD>
    <TD>55.00192</TD>
    <TD>1269.1</TD>
    <TD>2131.313</TD>
    <TD>23.8474</TD>
    <TD>0.142</TD>
    <TD>23.2756</TD>
    <TD>0.2284</TD>
    <TD>23.2756</TD>
    <TD>0.2284</TD>
    <TD>0.47</TD>
  </TR>
  <TR>
    <TD>3653.0</TD>
    <TD>241.1021</TD>
    <TD>55.09265</TD>
    <TD>271.186</TD>
    <TD>2117.651</TD>
    <TD>25.2106</TD>
    <TD>0.2446</TD>
    <TD>24.6287</TD>
    <TD>0.4296</TD>
    <TD>24.6287</TD>
    <TD>0.4296</TD>
    <TD>0.48</TD>
  </TR>
  <TR>
    <TD>3654.0</TD>
    <TD>241.0973</TD>
    <TD>55.01941</TD>
    <TD>1077.631</TD>
    <TD>2136.238</TD>
    <TD>23.7068</TD>
    <TD>0.1307</TD>
    <TD>22.9274</TD>
    <TD>0.2057</TD>
    <TD>22.9274</TD>
    <TD>0.2057</TD>
    <TD>0.66</TD>
  </TR>
  <TR>
    <TD>3655.0</TD>
    <TD>241.0939</TD>
    <TD>55.09204</TD>
    <TD>279.052</TD>
    <TD>2168.155</TD>
    <TD>23.4222</TD>
    <TD>0.113</TD>
    <TD>23.2667</TD>
    <TD>0.2088</TD>
    <TD>23.2667</TD>
    <TD>0.2088</TD>
    <TD>0.0</TD>
  </TR>
  <TR>
    <TD>3656.0</TD>
    <TD>241.0971</TD>
    <TD>55.11648</TD>
    <TD>8.133</TD>
    <TD>2152.059</TD>
    <TD>22.9444</TD>
    <TD>0.097</TD>
    <TD>22.4218</TD>
    <TD>0.1581</TD>
    <TD>22.4218</TD>
    <TD>0.1581</TD>
    <TD>0.0</TD>
  </TR>
  <TR>
    <TD>3657.0</TD>
    <TD>241.0972</TD>
    <TD>54.93368</TD>
    <TD>2013.329</TD>
    <TD>2123.32</TD>
    <TD>25.6628</TD>
    <TD>0.2884</TD>
    <TD>25.6495</TD>
    <TD>0.5522</TD>
    <TD>25.6495</TD>
    <TD>0.5522</TD>
    <TD>0.36</TD>
  </TR>
  <TR>
    <TD>3658.0</TD>
    <TD>241.0913</TD>
    <TD>55.00412</TD>
    <TD>1245.795</TD>
    <TD>2171.405</TD>
    <TD>20.0752</TD>
    <TD>0.0158</TD>
    <TD>20.0242</TD>
    <TD>0.0215</TD>
    <TD>20.0242</TD>
    <TD>0.0215</TD>
    <TD>0.02</TD>
  </TR>
  <TR>
    <TD>3659.0</TD>
    <TD>241.1005</TD>
    <TD>55.07318</TD>
    <TD>486.3</TD>
    <TD>2124.63</TD>
    <TD>25.5617</TD>
    <TD>0.2639</TD>
    <TD>25.213</TD>
    <TD>0.2669</TD>
    <TD>25.213</TD>
    <TD>0.2669</TD>
    <TD>0.41</TD>
  </TR>
  <TR>
    <TD>3660.0</TD>
    <TD>241.0962</TD>
    <TD>54.94831</TD>
    <TD>1854.236</TD>
    <TD>2131.693</TD>
    <TD>23.7996</TD>
    <TD>0.1014</TD>
    <TD>23.8528</TD>
    <TD>0.1519</TD>
    <TD>23.8528</TD>
    <TD>0.1519</TD>
    <TD>0.66</TD>
  </TR>
  <TR>
    <TD>3661.0</TD>
    <TD>241.099</TD>
    <TD>55.05812</TD>
    <TD>652.348</TD>
    <TD>2131.687</TD>
    <TD>23.5188</TD>
    <TD>0.0856</TD>
    <TD>23.5201</TD>
    <TD>0.1172</TD>
    <TD>23.5201</TD>
    <TD>0.1172</TD>
    <TD>0.7</TD>
  </TR>
  <TR>
    <TD>3662.0</TD>
    <TD>241.098</TD>
    <TD>55.00525</TD>
    <TD>1232.647</TD>
    <TD>2129.944</TD>
    <TD>24.0381</TD>
    <TD>0.1565</TD>
    <TD>22.1367</TD>
    <TD>0.1107</TD>
    <TD>22.1367</TD>
    <TD>0.1107</TD>
    <TD>0.34</TD>
  </TR>
  <TR>
    <TD>3663.0</TD>
    <TD>241.0996</TD>
    <TD>55.07014</TD>
    <TD>520.0</TD>
    <TD>2129.947</TD>
    <TD>25.854</TD>
    <TD>0.3417</TD>
    <TD>24.432</TD>
    <TD>0.3803</TD>
    <TD>24.432</TD>
    <TD>0.3803</TD>
    <TD>0.36</TD>
  </TR>
  <TR>
    <TD>3664.0</TD>
    <TD>241.1001</TD>
    <TD>55.10919</TD>
    <TD>88.52</TD>
    <TD>2132.159</TD>
    <TD>25.1759</TD>
    <TD>0.2776</TD>
    <TD>23.9786</TD>
    <TD>0.3267</TD>
    <TD>23.9786</TD>
    <TD>0.3267</TD>
    <TD>0.37</TD>
  </TR>
  <TR>
    <TD>3665.0</TD>
    <TD>241.1002</TD>
    <TD>55.10168</TD>
    <TD>171.622</TD>
    <TD>2130.719</TD>
    <TD>25.6235</TD>
    <TD>0.2786</TD>
    <TD>25.0957</TD>
    <TD>0.3203</TD>
    <TD>25.0957</TD>
    <TD>0.3203</TD>
    <TD>0.38</TD>
  </TR>
  <TR>
    <TD>3666.0</TD>
    <TD>241.097</TD>
    <TD>54.96983</TD>
    <TD>1619.679</TD>
    <TD>2130.682</TD>
    <TD>25.8778</TD>
    <TD>0.349</TD>
    <TD>25.1643</TD>
    <TD>0.4327</TD>
    <TD>25.1643</TD>
    <TD>0.4327</TD>
    <TD>0.39</TD>
  </TR>
  <TR>
    <TD>3667.0</TD>
    <TD>241.0966</TD>
    <TD>54.95356</TD>
    <TD>1797.016</TD>
    <TD>2130.505</TD>
    <TD>25.5938</TD>
    <TD>0.31</TD>
    <TD>24.7112</TD>
    <TD>0.2362</TD>
    <TD>24.7112</TD>
    <TD>0.2362</TD>
    <TD>0.4</TD>
  </TR>
  <TR>
    <TD>3668.0</TD>
    <TD>241.0971</TD>
    <TD>55.07861</TD>
    <TD>426.898</TD>
    <TD>2146.51</TD>
    <TD>24.0187</TD>
    <TD>0.1691</TD>
    <TD>22.6747</TD>
    <TD>0.1698</TD>
    <TD>23.2235</TD>
    <TD>0.1482</TD>
    <TD>0.57</TD>
  </TR>
  <TR>
    <TD>3669.0</TD>
    <TD>241.0966</TD>
    <TD>55.09913</TD>
    <TD>200.349</TD>
    <TD>2152.66</TD>
    <TD>22.3912</TD>
    <TD>0.0653</TD>
    <TD>22.1395</TD>
    <TD>0.1059</TD>
    <TD>22.1395</TD>
    <TD>0.1059</TD>
    <TD>0.0</TD>
  </TR>
  <TR>
    <TD>3670.0</TD>
    <TD>241.0958</TD>
    <TD>54.99156</TD>
    <TD>1382.606</TD>
    <TD>2141.231</TD>
    <TD>23.3968</TD>
    <TD>0.0796</TD>
    <TD>23.5356</TD>
    <TD>0.129</TD>
    <TD>23.5356</TD>
    <TD>0.129</TD>
    <TD>0.74</TD>
  </TR>
  <TR>
    <TD>3671.0</TD>
    <TD>241.0958</TD>
    <TD>55.07058</TD>
    <TD>515.6</TD>
    <TD>2153.68</TD>
    <TD>22.4681</TD>
    <TD>0.0753</TD>
    <TD>22.1638</TD>
    <TD>0.0945</TD>
    <TD>22.1638</TD>
    <TD>0.0945</TD>
    <TD>0.0</TD>
  </TR>
  <TR>
    <TD>3672.0</TD>
    <TD>241.0992</TD>
    <TD>55.09609</TD>
    <TD>233.629</TD>
    <TD>2135.703</TD>
    <TD>25.6893</TD>
    <TD>0.2953</TD>
    <TD>25.0671</TD>
    <TD>0.417</TD>
    <TD>25.0671</TD>
    <TD>0.417</TD>
    <TD>0.42</TD>
  </TR>
  <TR>
    <TD>3673.0</TD>
    <TD>241.0949</TD>
    <TD>55.0782</TD>
    <TD>431.677</TD>
    <TD>2160.184</TD>
    <TD>21.8264</TD>
    <TD>0.0464</TD>
    <TD>21.3892</TD>
    <TD>0.0771</TD>
    <TD>21.3892</TD>
    <TD>0.0771</TD>
    <TD>0.02</TD>
  </TR>
  <TR>
    <TD>3674.0</TD>
    <TD>241.0994</TD>
    <TD>55.10929</TD>
    <TD>87.49</TD>
    <TD>2136.498</TD>
    <TD>24.6743</TD>
    <TD>0.2097</TD>
    <TD>24.569</TD>
    <TD>0.2898</TD>
    <TD>24.569</TD>
    <TD>0.2898</TD>
    <TD>0.48</TD>
  </TR>
  <TR>
    <TD>3675.0</TD>
    <TD>241.0989</TD>
    <TD>55.09466</TD>
    <TD>249.484</TD>
    <TD>2137.463</TD>
    <TD>25.8254</TD>
    <TD>0.3812</TD>
    <TD>24.0166</TD>
    <TD>0.2556</TD>
    <TD>24.0166</TD>
    <TD>0.2556</TD>
    <TD>0.39</TD>
  </TR>
  <TR>
    <TD>3676.0</TD>
    <TD>241.0771</TD>
    <TD>54.99476</TD>
    <TD>1349.86</TD>
    <TD>2257.994</TD>
    <TD>18.1111</TD>
    <TD>0.0053</TD>
    <TD>18.1065</TD>
    <TD>0.0058</TD>
    <TD>18.1065</TD>
    <TD>0.0058</TD>
    <TD>0.03</TD>
  </TR>
  <TR>
    <TD>3677.0</TD>
    <TD>241.0949</TD>
    <TD>55.09804</TD>
    <TD>212.625</TD>
    <TD>2162.819</TD>
    <TD>22.8396</TD>
    <TD>0.0884</TD>
    <TD>22.6444</TD>
    <TD>0.123</TD>
    <TD>22.6444</TD>
    <TD>0.123</TD>
    <TD>0.0</TD>
  </TR>
  <TR>
    <TD>3678.0</TD>
    <TD>241.0914</TD>
    <TD>54.99199</TD>
    <TD>1378.405</TD>
    <TD>2168.953</TD>
    <TD>20.6539</TD>
    <TD>0.0209</TD>
    <TD>20.6209</TD>
    <TD>0.0265</TD>
    <TD>20.6209</TD>
    <TD>0.0265</TD>
    <TD>0.02</TD>
  </TR>
  <TR>
    <TD>3679.0</TD>
    <TD>241.0962</TD>
    <TD>55.07639</TD>
    <TD>451.456</TD>
    <TD>2151.773</TD>
    <TD>22.9771</TD>
    <TD>0.0971</TD>
    <TD>22.5232</TD>
    <TD>0.1728</TD>
    <TD>22.5232</TD>
    <TD>0.1728</TD>
    <TD>0.01</TD>
  </TR>
  <TR>
    <TD>3680.0</TD>
    <TD>241.088</TD>
    <TD>55.05169</TD>
    <TD>724.474</TD>
    <TD>2199.333</TD>
    <TD>22.1626</TD>
    <TD>0.0641</TD>
    <TD>21.7512</TD>
    <TD>0.102</TD>
    <TD>21.7512</TD>
    <TD>0.102</TD>
    <TD>0.0</TD>
  </TR>
  <TR>
    <TD>3681.0</TD>
    <TD>241.0834</TD>
    <TD>55.07799</TD>
    <TD>435.472</TD>
    <TD>2231.785</TD>
    <TD>19.5303</TD>
    <TD>0.0133</TD>
    <TD>19.4659</TD>
    <TD>0.0164</TD>
    <TD>19.4659</TD>
    <TD>0.0164</TD>
    <TD>0.0</TD>
  </TR>
  <TR>
    <TD>3682.0</TD>
    <TD>241.0946</TD>
    <TD>55.00184</TD>
    <TD>1270.306</TD>
    <TD>2150.262</TD>
    <TD>24.7323</TD>
    <TD>0.2208</TD>
    <TD>23.6142</TD>
    <TD>0.3242</TD>
    <TD>23.6142</TD>
    <TD>0.3242</TD>
    <TD>0.48</TD>
  </TR>
  <TR>
    <TD>3683.0</TD>
    <TD>241.0967</TD>
    <TD>55.03421</TD>
    <TD>915.471</TD>
    <TD>2142.466</TD>
    <TD>25.54</TD>
    <TD>0.2955</TD>
    <TD>25.1787</TD>
    <TD>0.414</TD>
    <TD>25.1787</TD>
    <TD>0.414</TD>
    <TD>0.47</TD>
  </TR>
  <TR>
    <TD>3684.0</TD>
    <TD>241.092</TD>
    <TD>55.07114</TD>
    <TD>509.907</TD>
    <TD>2177.295</TD>
    <TD>21.063</TD>
    <TD>0.0311</TD>
    <TD>20.8631</TD>
    <TD>0.0406</TD>
    <TD>20.8631</TD>
    <TD>0.0406</TD>
    <TD>0.0</TD>
  </TR>
  <TR>
    <TD>3685.0</TD>
    <TD>241.0945</TD>
    <TD>55.03982</TD>
    <TD>854.131</TD>
    <TD>2156.606</TD>
    <TD>24.5248</TD>
    <TD>0.1999</TD>
    <TD>23.2399</TD>
    <TD>0.2807</TD>
    <TD>23.2399</TD>
    <TD>0.2807</TD>
    <TD>0.5</TD>
  </TR>
  <TR>
    <TD>3686.0</TD>
    <TD>241.0937</TD>
    <TD>54.93179</TD>
    <TD>2034.345</TD>
    <TD>2144.678</TD>
    <TD>26.0627</TD>
    <TD>0.4116</TD>
    <TD>25.8398</TD>
    <TD>0.98</TD>
    <TD>25.8398</TD>
    <TD>0.98</TD>
    <TD>0.44</TD>
  </TR>
  <TR>
    <TD>3687.0</TD>
    <TD>241.096</TD>
    <TD>55.03404</TD>
    <TD>917.367</TD>
    <TD>2146.688</TD>
    <TD>25.8344</TD>
    <TD>0.3358</TD>
    <TD>25.5357</TD>
    <TD>0.3563</TD>
    <TD>25.5357</TD>
    <TD>0.3563</TD>
    <TD>0.35</TD>
  </TR>
  <TR>
    <TD>3688.0</TD>
    <TD>241.0932</TD>
    <TD>54.94282</TD>
    <TD>1914.414</TD>
    <TD>2150.016</TD>
    <TD>25.3145</TD>
    <TD>0.2683</TD>
    <TD>24.1112</TD>
    <TD>0.3628</TD>
    <TD>24.1112</TD>
    <TD>0.3628</TD>
    <TD>0.35</TD>
  </TR>
  <TR>
    <TD>3689.0</TD>
    <TD>241.0955</TD>
    <TD>55.0346</TD>
    <TD>911.329</TD>
    <TD>2149.979</TD>
    <TD>25.601</TD>
    <TD>0.2731</TD>
    <TD>25.0283</TD>
    <TD>0.4123</TD>
    <TD>25.0283</TD>
    <TD>0.4123</TD>
    <TD>0.47</TD>
  </TR>
  <TR>
    <TD>3690.0</TD>
    <TD>241.0467</TD>
    <TD>55.03882</TD>
    <TD>870.873</TD>
    <TD>2454.657</TD>
    <TD>12.9004</TD>
    <TD>3.0E-4</TD>
    <TD>12.921</TD>
    <TD>2.0E-4</TD>
    <TD>12.921</TD>
    <TD>2.0E-4</TD>
    <TD>0.84</TD>
  </TR>
  <TR>
    <TD>3691.0</TD>
    <TD>241.0948</TD>
    <TD>55.00524</TD>
    <TD>1233.112</TD>
    <TD>2149.498</TD>
    <TD>24.2447</TD>
    <TD>0.1616</TD>
    <TD>23.9524</TD>
    <TD>0.2096</TD>
    <TD>23.8535</TD>
    <TD>0.1647</TD>
    <TD>0.49</TD>
  </TR>
  <TR>
    <TD>3692.0</TD>
    <TD>241.0968</TD>
    <TD>55.10476</TD>
    <TD>138.019</TD>
    <TD>2152.038</TD>
    <TD>24.3676</TD>
    <TD>0.1359</TD>
    <TD>24.4336</TD>
    <TD>0.2172</TD>
    <TD>24.4336</TD>
    <TD>0.2172</TD>
    <TD>0.75</TD>
  </TR>
  <TR>
    <TD>3693.0</TD>
    <TD>241.0963</TD>
    <TD>55.10701</TD>
    <TD>113.169</TD>
    <TD>2155.667</TD>
    <TD>24.5665</TD>
    <TD>0.1814</TD>
    <TD>24.3352</TD>
    <TD>0.2249</TD>
    <TD>24.3352</TD>
    <TD>0.2249</TD>
    <TD>0.61</TD>
  </TR>
  <TR>
    <TD>3694.0</TD>
    <TD>241.0945</TD>
    <TD>55.00581</TD>
    <TD>1226.846</TD>
    <TD>2151.633</TD>
    <TD>23.967</TD>
    <TD>0.1507</TD>
    <TD>22.979</TD>
    <TD>0.2003</TD>
    <TD>22.979</TD>
    <TD>0.2003</TD>
    <TD>0.13</TD>
  </TR>
  <TR>
    <TD>3695.0</TD>
    <TD>241.0921</TD>
    <TD>55.03661</TD>
    <TD>889.684</TD>
    <TD>2171.405</TD>
    <TD>22.6681</TD>
    <TD>0.0811</TD>
    <TD>22.3951</TD>
    <TD>0.1402</TD>
    <TD>22.3951</TD>
    <TD>0.1402</TD>
    <TD>0.0</TD>
  </TR>
  <TR>
    <TD>3696.0</TD>
    <TD>241.0905</TD>
    <TD>54.96759</TD>
    <TD>1644.881</TD>
    <TD>2170.589</TD>
    <TD>22.6565</TD>
    <TD>0.0744</TD>
    <TD>22.4712</TD>
    <TD>0.0988</TD>
    <TD>22.4712</TD>
    <TD>0.0988</TD>
    <TD>0.0</TD>
  </TR>
  <TR>
    <TD>3697.0</TD>
    <TD>241.0923</TD>
    <TD>54.93962</TD>
    <TD>1949.314</TD>
    <TD>2154.625</TD>
    <TD>25.8686</TD>
    <TD>0.3462</TD>
    <TD>25.3017</TD>
    <TD>0.2889</TD>
    <TD>25.3017</TD>
    <TD>0.2889</TD>
    <TD>0.36</TD>
  </TR>
  <TR>
    <TD>3698.0</TD>
    <TD>241.0935</TD>
    <TD>54.991</TD>
    <TD>1388.955</TD>
    <TD>2155.353</TD>
    <TD>24.984</TD>
    <TD>0.2177</TD>
    <TD>24.8694</TD>
    <TD>0.4384</TD>
    <TD>24.8694</TD>
    <TD>0.4384</TD>
    <TD>0.47</TD>
  </TR>
  <TR>
    <TD>3699.0</TD>
    <TD>241.0959</TD>
    <TD>55.10607</TD>
    <TD>123.589</TD>
    <TD>2158.196</TD>
    <TD>25.0797</TD>
    <TD>0.2179</TD>
    <TD>25.3037</TD>
    <TD>0.4192</TD>
    <TD>24.8062</TD>
    <TD>0.2259</TD>
    <TD>0.48</TD>
  </TR>
  <TR>
    <TD>3700.0</TD>
    <TD>241.0947</TD>
    <TD>55.07703</TD>
    <TD>444.661</TD>
    <TD>2161.336</TD>
    <TD>24.5095</TD>
    <TD>0.2047</TD>
    <TD>23.5927</TD>
    <TD>0.3368</TD>
    <TD>23.5927</TD>
    <TD>0.3368</TD>
    <TD>0.27</TD>
  </TR>
  <TR>
    <TD>3701.0</TD>
    <TD>241.0911</TD>
    <TD>54.93068</TD>
    <TD>2046.702</TD>
    <TD>2161.076</TD>
    <TD>24.7688</TD>
    <TD>0.1932</TD>
    <TD>24.7929</TD>
    <TD>0.3004</TD>
    <TD>24.7929</TD>
    <TD>0.3004</TD>
    <TD>0.48</TD>
  </TR>
  <TR>
    <TD>3702.0</TD>
    <TD>241.0925</TD>
    <TD>54.96942</TD>
    <TD>1624.675</TD>
    <TD>2158.3</TD>
    <TD>25.6045</TD>
    <TD>0.274</TD>
    <TD>25.1259</TD>
    <TD>0.4291</TD>
    <TD>25.1259</TD>
    <TD>0.4291</TD>
    <TD>0.37</TD>
  </TR>
  <TR>
    <TD>3703.0</TD>
    <TD>241.0908</TD>
    <TD>54.93788</TD>
    <TD>1968.407</TD>
    <TD>2163.858</TD>
    <TD>24.7123</TD>
    <TD>0.2065</TD>
    <TD>23.4953</TD>
    <TD>0.2573</TD>
    <TD>23.4953</TD>
    <TD>0.2573</TD>
    <TD>0.48</TD>
  </TR>
  <TR>
    <TD>3704.0</TD>
    <TD>241.093</TD>
    <TD>55.02445</TD>
    <TD>1022.903</TD>
    <TD>2164.182</TD>
    <TD>23.223</TD>
    <TD>0.0643</TD>
    <TD>23.2077</TD>
    <TD>0.0841</TD>
    <TD>23.2077</TD>
    <TD>0.0841</TD>
    <TD>0.7</TD>
  </TR>
  <TR>
    <TD>3705.0</TD>
    <TD>241.0953</TD>
    <TD>55.10624</TD>
    <TD>121.814</TD>
    <TD>2161.836</TD>
    <TD>25.218</TD>
    <TD>0.2882</TD>
    <TD>24.3934</TD>
    <TD>0.2471</TD>
    <TD>24.3934</TD>
    <TD>0.2471</TD>
    <TD>0.46</TD>
  </TR>
  <TR>
    <TD>3706.0</TD>
    <TD>241.093</TD>
    <TD>55.00573</TD>
    <TD>1227.963</TD>
    <TD>2161.264</TD>
    <TD>24.133</TD>
    <TD>0.1748</TD>
    <TD>23.5772</TD>
    <TD>0.2632</TD>
    <TD>23.5772</TD>
    <TD>0.2632</TD>
    <TD>0.48</TD>
  </TR>
  <TR>
    <TD>3707.0</TD>
    <TD>241.094</TD>
    <TD>55.0748</TD>
    <TD>469.322</TD>
    <TD>2164.975</TD>
    <TD>25.9654</TD>
    <TD>0.3773</TD>
    <TD>24.9197</TD>
    <TD>0.5249</TD>
    <TD>24.9197</TD>
    <TD>0.5249</TD>
    <TD>0.36</TD>
  </TR>
  <TR>
    <TD>3708.0</TD>
    <TD>241.0835</TD>
    <TD>55.04631</TD>
    <TD>784.206</TD>
    <TD>2226.185</TD>
    <TD>22.608</TD>
    <TD>0.0809</TD>
    <TD>21.9905</TD>
    <TD>0.1302</TD>
    <TD>21.9905</TD>
    <TD>0.1302</TD>
    <TD>0.0</TD>
  </TR>
  <TR>
    <TD>3709.0</TD>
    <TD>241.0952</TD>
    <TD>55.11267</TD>
    <TD>50.657</TD>
    <TD>2163.676</TD>
    <TD>26.5008</TD>
    <TD>0.6102</TD>
    <TD>24.9299</TD>
    <TD>0.5298</TD>
    <TD>24.9299</TD>
    <TD>0.5298</TD>
    <TD>0.35</TD>
  </TR>
  <TR>
    <TD>3710.0</TD>
    <TD>241.0852</TD>
    <TD>54.95739</TD>
    <TD>1756.616</TD>
    <TD>2202.112</TD>
    <TD>20.5195</TD>
    <TD>0.0215</TD>
    <TD>20.3638</TD>
    <TD>0.0321</TD>
    <TD>20.3638</TD>
    <TD>0.0321</TD>
    <TD>0.01</TD>
  </TR>
  <TR>
    <TD>3711.0</TD>
    <TD>241.0917</TD>
    <TD>55.00557</TD>
    <TD>1229.898</TD>
    <TD>2169.341</TD>
    <TD>23.5578</TD>
    <TD>0.1375</TD>
    <TD>22.0365</TD>
    <TD>0.1236</TD>
    <TD>22.7403</TD>
    <TD>0.1191</TD>
    <TD>0.0</TD>
  </TR>
  <TR>
    <TD>3712.0</TD>
    <TD>241.0891</TD>
    <TD>55.00832</TD>
    <TD>1200.117</TD>
    <TD>2185.521</TD>
    <TD>24.2506</TD>
    <TD>0.1791</TD>
    <TD>23.006</TD>
    <TD>0.1939</TD>
    <TD>23.006</TD>
    <TD>0.1939</TD>
    <TD>0.5</TD>
  </TR>
  <TR>
    <TD>3713.0</TD>
    <TD>241.083</TD>
    <TD>55.09204</TD>
    <TD>280.456</TD>
    <TD>2236.269</TD>
    <TD>17.8455</TD>
    <TD>0.0034</TD>
    <TD>17.862</TD>
    <TD>0.0032</TD>
    <TD>17.862</TD>
    <TD>0.0032</TD>
    <TD>0.04</TD>
  </TR>
  <TR>
    <TD>3714.0</TD>
    <TD>241.0929</TD>
    <TD>55.09402</TD>
    <TD>257.333</TD>
    <TD>2174.993</TD>
    <TD>24.9059</TD>
    <TD>0.2454</TD>
    <TD>23.3758</TD>
    <TD>0.2372</TD>
    <TD>23.3758</TD>
    <TD>0.2372</TD>
    <TD>0.44</TD>
  </TR>
  <TR>
    <TD>3715.0</TD>
    <TD>241.09</TD>
    <TD>54.9353</TD>
    <TD>1996.55</TD>
    <TD>2168.456</TD>
    <TD>25.6141</TD>
    <TD>0.3156</TD>
    <TD>24.9302</TD>
    <TD>0.2876</TD>
    <TD>24.9302</TD>
    <TD>0.2876</TD>
    <TD>0.46</TD>
  </TR>
  <TR>
    <TD>3716.0</TD>
    <TD>241.0927</TD>
    <TD>55.04865</TD>
    <TD>757.359</TD>
    <TD>2169.266</TD>
    <TD>25.8287</TD>
    <TD>0.3341</TD>
    <TD>25.0622</TD>
    <TD>0.435</TD>
    <TD>25.0622</TD>
    <TD>0.435</TD>
    <TD>0.41</TD>
  </TR>
  <TR>
    <TD>3717.0</TD>
    <TD>241.0904</TD>
    <TD>54.96516</TD>
    <TD>1671.327</TD>
    <TD>2170.699</TD>
    <TD>25.8585</TD>
    <TD>0.3431</TD>
    <TD>25.2655</TD>
    <TD>0.5792</TD>
    <TD>25.2655</TD>
    <TD>0.5792</TD>
    <TD>0.38</TD>
  </TR>
  <TR>
    <TD>3718.0</TD>
    <TD>241.0893</TD>
    <TD>54.9421</TD>
    <TD>1922.631</TD>
    <TD>2173.835</TD>
    <TD>25.5358</TD>
    <TD>0.3268</TD>
    <TD>24.4885</TD>
    <TD>0.3779</TD>
    <TD>24.4885</TD>
    <TD>0.3779</TD>
    <TD>0.38</TD>
  </TR>
  <TR>
    <TD>3719.0</TD>
    <TD>241.0926</TD>
    <TD>55.05612</TD>
    <TD>675.211</TD>
    <TD>2171.373</TD>
    <TD>25.0555</TD>
    <TD>0.1699</TD>
    <TD>25.1319</TD>
    <TD>0.2842</TD>
    <TD>25.1319</TD>
    <TD>0.2842</TD>
    <TD>0.6</TD>
  </TR>
  <TR>
    <TD>3720.0</TD>
    <TD>241.0858</TD>
    <TD>55.00014</TD>
    <TD>1289.987</TD>
    <TD>2204.95</TD>
    <TD>20.169</TD>
    <TD>0.0153</TD>
    <TD>20.1413</TD>
    <TD>0.0185</TD>
    <TD>20.1413</TD>
    <TD>0.0185</TD>
    <TD>0.03</TD>
  </TR>
  <TR>
    <TD>3721.0</TD>
    <TD>241.0879</TD>
    <TD>54.94271</TD>
    <TD>1916.174</TD>
    <TD>2182.935</TD>
    <TD>24.139</TD>
    <TD>0.1713</TD>
    <TD>23.4962</TD>
    <TD>0.2786</TD>
    <TD>23.4962</TD>
    <TD>0.2786</TD>
    <TD>0.38</TD>
  </TR>
  <TR>
    <TD>3722.0</TD>
    <TD>241.0897</TD>
    <TD>55.03507</TD>
    <TD>906.814</TD>
    <TD>2185.994</TD>
    <TD>23.465</TD>
    <TD>0.1229</TD>
    <TD>22.9617</TD>
    <TD>0.1981</TD>
    <TD>22.9617</TD>
    <TD>0.1981</TD>
    <TD>0.63</TD>
  </TR>
  <TR>
    <TD>3723.0</TD>
    <TD>241.0904</TD>
    <TD>55.00969</TD>
    <TD>1184.936</TD>
    <TD>2177.656</TD>
    <TD>24.8147</TD>
    <TD>0.2141</TD>
    <TD>23.486</TD>
    <TD>0.2181</TD>
    <TD>23.486</TD>
    <TD>0.2181</TD>
    <TD>0.47</TD>
  </TR>
  <TR>
    <TD>3724.0</TD>
    <TD>241.0885</TD>
    <TD>54.95434</TD>
    <TD>1789.447</TD>
    <TD>2180.643</TD>
    <TD>24.6401</TD>
    <TD>0.2216</TD>
    <TD>22.9972</TD>
    <TD>0.2101</TD>
    <TD>22.9972</TD>
    <TD>0.2101</TD>
    <TD>0.46</TD>
  </TR>
  <TR>
    <TD>3725.0</TD>
    <TD>241.0914</TD>
    <TD>55.03112</TD>
    <TD>949.984</TD>
    <TD>2174.964</TD>
    <TD>25.3805</TD>
    <TD>0.2845</TD>
    <TD>24.7589</TD>
    <TD>0.4636</TD>
    <TD>24.7589</TD>
    <TD>0.4636</TD>
    <TD>0.36</TD>
  </TR>
  <TR>
    <TD>3726.0</TD>
    <TD>241.0906</TD>
    <TD>55.09639</TD>
    <TD>231.407</TD>
    <TD>2189.84</TD>
    <TD>23.8828</TD>
    <TD>0.1465</TD>
    <TD>23.1985</TD>
    <TD>0.2536</TD>
    <TD>23.1985</TD>
    <TD>0.2536</TD>
    <TD>0.27</TD>
  </TR>
  <TR>
    <TD>3727.0</TD>
    <TD>241.0913</TD>
    <TD>55.0514</TD>
    <TD>727.323</TD>
    <TD>2178.312</TD>
    <TD>25.5998</TD>
    <TD>0.2729</TD>
    <TD>24.9805</TD>
    <TD>0.4464</TD>
    <TD>24.9805</TD>
    <TD>0.4464</TD>
    <TD>0.38</TD>
  </TR>
  <TR>
    <TD>3728.0</TD>
    <TD>241.0912</TD>
    <TD>55.11371</TD>
    <TD>39.587</TD>
    <TD>2188.186</TD>
    <TD>24.4808</TD>
    <TD>0.1922</TD>
    <TD>23.7854</TD>
    <TD>0.345</TD>
    <TD>23.7854</TD>
    <TD>0.345</TD>
    <TD>0.37</TD>
  </TR>
  <TR>
    <TD>3729.0</TD>
    <TD>241.0825</TD>
    <TD>55.00358</TD>
    <TD>1252.766</TD>
    <TD>2226.307</TD>
    <TD>19.9947</TD>
    <TD>0.0166</TD>
    <TD>19.8545</TD>
    <TD>0.0236</TD>
    <TD>19.8545</TD>
    <TD>0.0236</TD>
    <TD>0.01</TD>
  </TR>
  <TR>
    <TD>3730.0</TD>
    <TD>241.089</TD>
    <TD>55.00939</TD>
    <TD>1188.446</TD>
    <TD>2186.733</TD>
    <TD>24.4209</TD>
    <TD>0.1822</TD>
    <TD>22.6382</TD>
    <TD>0.1714</TD>
    <TD>22.6382</TD>
    <TD>0.1714</TD>
    <TD>0.49</TD>
  </TR>
  <TR>
    <TD>3731.0</TD>
    <TD>241.0902</TD>
    <TD>55.0106</TD>
    <TD>1174.97</TD>
    <TD>2179.478</TD>
    <TD>25.1771</TD>
    <TD>0.2584</TD>
    <TD>24.6606</TD>
    <TD>0.2665</TD>
    <TD>24.6606</TD>
    <TD>0.2665</TD>
    <TD>0.44</TD>
  </TR>
  <TR>
    <TD>3732.0</TD>
    <TD>241.0825</TD>
    <TD>54.96633</TD>
    <TD>1659.536</TD>
    <TD>2219.981</TD>
    <TD>19.8751</TD>
    <TD>0.015</TD>
    <TD>19.8207</TD>
    <TD>0.0185</TD>
    <TD>19.8207</TD>
    <TD>0.0185</TD>
    <TD>0.02</TD>
  </TR>
  <TR>
    <TD>3733.0</TD>
    <TD>241.088</TD>
    <TD>55.02971</TD>
    <TD>965.891</TD>
    <TD>2195.572</TD>
    <TD>23.2098</TD>
    <TD>0.1074</TD>
    <TD>22.6128</TD>
    <TD>0.159</TD>
    <TD>22.6128</TD>
    <TD>0.159</TD>
    <TD>0.03</TD>
  </TR>
  <TR>
    <TD>3734.0</TD>
    <TD>241.0897</TD>
    <TD>55.05333</TD>
    <TD>706.267</TD>
    <TD>2188.738</TD>
    <TD>24.4484</TD>
    <TD>0.1867</TD>
    <TD>24.0894</TD>
    <TD>0.2705</TD>
    <TD>24.0894</TD>
    <TD>0.2705</TD>
    <TD>0.49</TD>
  </TR>
  <TR>
    <TD>3735.0</TD>
    <TD>241.0904</TD>
    <TD>55.04057</TD>
    <TD>846.359</TD>
    <TD>2182.319</TD>
    <TD>25.9127</TD>
    <TD>0.36</TD>
    <TD>25.1698</TD>
    <TD>0.3571</TD>
    <TD>25.1698</TD>
    <TD>0.3571</TD>
    <TD>0.43</TD>
  </TR>
  <TR>
    <TD>3736.0</TD>
    <TD>241.0841</TD>
    <TD>54.9787</TD>
    <TD>1524.437</TD>
    <TD>2212.085</TD>
    <TD>21.8182</TD>
    <TD>0.0456</TD>
    <TD>21.6885</TD>
    <TD>0.0604</TD>
    <TD>21.6885</TD>
    <TD>0.0604</TD>
    <TD>0.0</TD>
  </TR>
  <TR>
    <TD>3737.0</TD>
    <TD>241.0863</TD>
    <TD>55.05656</TD>
    <TD>671.176</TD>
    <TD>2210.811</TD>
    <TD>21.5987</TD>
    <TD>0.0428</TD>
    <TD>21.5193</TD>
    <TD>0.061</TD>
    <TD>21.5193</TD>
    <TD>0.061</TD>
    <TD>0.0</TD>
  </TR>
  <TR>
    <TD>3738.0</TD>
    <TD>241.0876</TD>
    <TD>54.98232</TD>
    <TD>1484.478</TD>
    <TD>2191.145</TD>
    <TD>24.2439</TD>
    <TD>0.178</TD>
    <TD>22.8043</TD>
    <TD>0.2098</TD>
    <TD>22.8043</TD>
    <TD>0.2098</TD>
    <TD>0.47</TD>
  </TR>
  <TR>
    <TD>3739.0</TD>
    <TD>241.0819</TD>
    <TD>54.98738</TD>
    <TD>1429.888</TD>
    <TD>2227.376</TD>
    <TD>21.6891</TD>
    <TD>0.0431</TD>
    <TD>21.5208</TD>
    <TD>0.0606</TD>
    <TD>21.5208</TD>
    <TD>0.0606</TD>
    <TD>0.01</TD>
  </TR>
  <TR>
    <TD>3740.0</TD>
    <TD>241.0898</TD>
    <TD>55.0291</TD>
    <TD>972.304</TD>
    <TD>2184.323</TD>
    <TD>25.7403</TD>
    <TD>0.3089</TD>
    <TD>25.4707</TD>
    <TD>0.6593</TD>
    <TD>25.4707</TD>
    <TD>0.6593</TD>
    <TD>0.36</TD>
  </TR>
  <TR>
    <TD>3741.0</TD>
    <TD>241.0907</TD>
    <TD>55.08442</TD>
    <TD>363.651</TD>
    <TD>2187.029</TD>
    <TD>25.7557</TD>
    <TD>0.3132</TD>
    <TD>25.4031</TD>
    <TD>0.7362</TD>
    <TD>25.4031</TD>
    <TD>0.7362</TD>
    <TD>0.38</TD>
  </TR>
  <TR>
    <TD>3742.0</TD>
    <TD>241.0858</TD>
    <TD>55.00562</TD>
    <TD>1230.077</TD>
    <TD>2205.506</TD>
    <TD>21.9211</TD>
    <TD>0.0544</TD>
    <TD>21.4478</TD>
    <TD>0.0928</TD>
    <TD>21.5609</TD>
    <TD>0.0557</TD>
    <TD>0.0</TD>
  </TR>
  <TR>
    <TD>3743.0</TD>
    <TD>241.0872</TD>
    <TD>55.08536</TD>
    <TD>353.649</TD>
    <TD>2209.389</TD>
    <TD>21.7494</TD>
    <TD>0.0481</TD>
    <TD>21.588</TD>
    <TD>0.0658</TD>
    <TD>21.588</TD>
    <TD>0.0658</TD>
    <TD>0.0</TD>
  </TR>
  <TR>
    <TD>3744.0</TD>
    <TD>241.0896</TD>
    <TD>55.06615</TD>
    <TD>565.152</TD>
    <TD>2191.34</TD>
    <TD>25.1268</TD>
    <TD>0.2829</TD>
    <TD>24.1251</TD>
    <TD>0.4007</TD>
    <TD>24.1251</TD>
    <TD>0.4007</TD>
    <TD>0.35</TD>
  </TR>
  <TR>
    <TD>3745.0</TD>
    <TD>241.0876</TD>
    <TD>54.95492</TD>
    <TD>1783.323</TD>
    <TD>2186.305</TD>
    <TD>25.6452</TD>
    <TD>0.284</TD>
    <TD>25.0486</TD>
    <TD>0.492</TD>
    <TD>25.0486</TD>
    <TD>0.492</TD>
    <TD>0.36</TD>
  </TR>
  <TR>
    <TD>3746.0</TD>
    <TD>241.0865</TD>
    <TD>55.00544</TD>
    <TD>1231.966</TD>
    <TD>2201.67</TD>
    <TD>22.2828</TD>
    <TD>0.0619</TD>
    <TD>21.9527</TD>
    <TD>0.0821</TD>
    <TD>21.9751</TD>
    <TD>0.0639</TD>
    <TD>0.0</TD>
  </TR>
  <TR>
    <TD>3747.0</TD>
    <TD>241.0875</TD>
    <TD>54.98803</TD>
    <TD>1422.087</TD>
    <TD>2192.249</TD>
    <TD>24.1986</TD>
    <TD>0.1312</TD>
    <TD>24.4909</TD>
    <TD>0.2472</TD>
    <TD>24.4909</TD>
    <TD>0.2472</TD>
    <TD>0.75</TD>
  </TR>
  <TR>
    <TD>3748.0</TD>
    <TD>241.089</TD>
    <TD>55.05065</TD>
    <TD>735.849</TD>
    <TD>2192.728</TD>
    <TD>24.7705</TD>
    <TD>0.2058</TD>
    <TD>24.1918</TD>
    <TD>0.2912</TD>
    <TD>24.1918</TD>
    <TD>0.2912</TD>
    <TD>0.49</TD>
  </TR>
  <TR>
    <TD>3749.0</TD>
    <TD>241.0888</TD>
    <TD>55.11525</TD>
    <TD>22.876</TD>
    <TD>2203.95</TD>
    <TD>23.8756</TD>
    <TD>0.1519</TD>
    <TD>23.0991</TD>
    <TD>0.2301</TD>
    <TD>23.0991</TD>
    <TD>0.2301</TD>
    <TD>0.5</TD>
  </TR>
  <TR>
    <TD>3750.0</TD>
    <TD>241.0882</TD>
    <TD>55.08766</TD>
    <TD>328.171</TD>
    <TD>2203.332</TD>
    <TD>24.7423</TD>
    <TD>0.2228</TD>
    <TD>23.8675</TD>
    <TD>0.3044</TD>
    <TD>23.8675</TD>
    <TD>0.3044</TD>
    <TD>0.43</TD>
  </TR>
  <TR>
    <TD>3751.0</TD>
    <TD>241.0875</TD>
    <TD>55.0143</TD>
    <TD>1134.783</TD>
    <TD>2196.695</TD>
    <TD>24.6485</TD>
    <TD>0.2049</TD>
    <TD>23.7867</TD>
    <TD>0.306</TD>
    <TD>24.1579</TD>
    <TD>0.2035</TD>
    <TD>0.47</TD>
  </TR>
  <TR>
    <TD>3752.0</TD>
    <TD>241.0516</TD>
    <TD>54.94786</TD>
    <TD>1864.301</TD>
    <TD>2409.567</TD>
    <TD>14.102</TD>
    <TD>5.0E-4</TD>
    <TD>14.1343</TD>
    <TD>4.0E-4</TD>
    <TD>14.1343</TD>
    <TD>4.0E-4</TD>
    <TD>0.73</TD>
  </TR>
  <TR>
    <TD>3753.0</TD>
    <TD>241.0848</TD>
    <TD>55.01507</TD>
    <TD>1126.766</TD>
    <TD>2213.305</TD>
    <TD>21.984</TD>
    <TD>0.0541</TD>
    <TD>21.5988</TD>
    <TD>0.0971</TD>
    <TD>21.5988</TD>
    <TD>0.0971</TD>
    <TD>0.0</TD>
  </TR>
  <TR>
    <TD>3754.0</TD>
    <TD>241.0907</TD>
    <TD>55.10535</TD>
    <TD>132.254</TD>
    <TD>2190.235</TD>
    <TD>25.7068</TD>
    <TD>0.3428</TD>
    <TD>24.5588</TD>
    <TD>0.4424</TD>
    <TD>24.5588</TD>
    <TD>0.4424</TD>
    <TD>0.35</TD>
  </TR>
  <TR>
    <TD>3755.0</TD>
    <TD>241.0879</TD>
    <TD>55.01362</TD>
    <TD>1142.23</TD>
    <TD>2193.96</TD>
    <TD>25.5138</TD>
    <TD>0.2887</TD>
    <TD>23.7948</TD>
    <TD>0.2276</TD>
    <TD>23.7948</TD>
    <TD>0.2276</TD>
    <TD>0.37</TD>
  </TR>
  <TR>
    <TD>3756.0</TD>
    <TD>241.0859</TD>
    <TD>54.94995</TD>
    <TD>1837.619</TD>
    <TD>2196.602</TD>
    <TD>24.9676</TD>
    <TD>0.2305</TD>
    <TD>24.1894</TD>
    <TD>0.3605</TD>
    <TD>24.1894</TD>
    <TD>0.3605</TD>
    <TD>0.43</TD>
  </TR>
  <TR>
    <TD>3757.0</TD>
    <TD>241.0879</TD>
    <TD>55.01501</TD>
    <TD>1127.0</TD>
    <TD>2194.038</TD>
    <TD>25.9325</TD>
    <TD>0.3664</TD>
    <TD>23.8846</TD>
    <TD>0.241</TD>
    <TD>23.8846</TD>
    <TD>0.241</TD>
    <TD>0.43</TD>
  </TR>
  <TR>
    <TD>3758.0</TD>
    <TD>241.0904</TD>
    <TD>55.10181</TD>
    <TD>171.505</TD>
    <TD>2191.503</TD>
    <TD>25.3691</TD>
    <TD>0.254</TD>
    <TD>26.1092</TD>
    <TD>0.84</TD>
    <TD>26.1092</TD>
    <TD>0.84</TD>
    <TD>0.47</TD>
  </TR>
  <TR>
    <TD>3759.0</TD>
    <TD>241.0873</TD>
    <TD>55.00571</TD>
    <TD>1228.927</TD>
    <TD>2196.381</TD>
    <TD>23.8626</TD>
    <TD>0.1532</TD>
    <TD>23.2043</TD>
    <TD>0.2146</TD>
    <TD>23.2043</TD>
    <TD>0.2146</TD>
    <TD>0.07</TD>
  </TR>
  <TR>
    <TD>3760.0</TD>
    <TD>241.0876</TD>
    <TD>55.02035</TD>
    <TD>1068.489</TD>
    <TD>2196.673</TD>
    <TD>24.9467</TD>
    <TD>0.2545</TD>
    <TD>24.3166</TD>
    <TD>0.4639</TD>
    <TD>24.3166</TD>
    <TD>0.4639</TD>
    <TD>0.46</TD>
  </TR>
  <TR>
    <TD>3761.0</TD>
    <TD>241.0844</TD>
    <TD>54.99383</TD>
    <TD>1359.108</TD>
    <TD>2212.887</TD>
    <TD>23.0598</TD>
    <TD>0.1015</TD>
    <TD>22.3375</TD>
    <TD>0.1701</TD>
    <TD>22.3375</TD>
    <TD>0.1701</TD>
    <TD>0.0</TD>
  </TR>
  <TR>
    <TD>3762.0</TD>
    <TD>241.0853</TD>
    <TD>55.06748</TD>
    <TD>551.075</TD>
    <TD>2218.45</TD>
    <TD>21.6211</TD>
    <TD>0.0378</TD>
    <TD>21.5686</TD>
    <TD>0.0519</TD>
    <TD>21.5686</TD>
    <TD>0.0519</TD>
    <TD>0.01</TD>
  </TR>
  <TR>
    <TD>3763.0</TD>
    <TD>241.0833</TD>
    <TD>54.99191</TD>
    <TD>1380.272</TD>
    <TD>2219.183</TD>
    <TD>23.2987</TD>
    <TD>0.1177</TD>
    <TD>22.8666</TD>
    <TD>0.1654</TD>
    <TD>22.8666</TD>
    <TD>0.1654</TD>
    <TD>0.22</TD>
  </TR>
  <TR>
    <TD>3764.0</TD>
    <TD>241.0856</TD>
    <TD>54.97536</TD>
    <TD>1560.658</TD>
    <TD>2202.138</TD>
    <TD>22.7307</TD>
    <TD>0.0455</TD>
    <TD>22.7513</TD>
    <TD>0.0607</TD>
    <TD>22.7513</TD>
    <TD>0.0607</TD>
    <TD>0.97</TD>
  </TR>
  <TR>
    <TD>3765.0</TD>
    <TD>241.0859</TD>
    <TD>54.95641</TD>
    <TD>1767.278</TD>
    <TD>2197.311</TD>
    <TD>25.6263</TD>
    <TD>0.2793</TD>
    <TD>25.0974</TD>
    <TD>0.3345</TD>
    <TD>25.0974</TD>
    <TD>0.3345</TD>
    <TD>0.4</TD>
  </TR>
  <TR>
    <TD>3766.0</TD>
    <TD>241.089</TD>
    <TD>55.08292</TD>
    <TD>380.326</TD>
    <TD>2197.366</TD>
    <TD>25.7729</TD>
    <TD>0.318</TD>
    <TD>25.2499</TD>
    <TD>0.2758</TD>
    <TD>25.2499</TD>
    <TD>0.2758</TD>
    <TD>0.36</TD>
  </TR>
  <TR>
    <TD>3767.0</TD>
    <TD>241.0807</TD>
    <TD>54.9989</TD>
    <TD>1304.171</TD>
    <TD>2236.72</TD>
    <TD>20.2206</TD>
    <TD>0.0155</TD>
    <TD>20.1721</TD>
    <TD>0.0182</TD>
    <TD>20.1721</TD>
    <TD>0.0182</TD>
    <TD>0.03</TD>
  </TR>
  <TR>
    <TD>3768.0</TD>
    <TD>241.0844</TD>
    <TD>54.99572</TD>
    <TD>1338.512</TD>
    <TD>2212.886</TD>
    <TD>23.7462</TD>
    <TD>0.1381</TD>
    <TD>23.1924</TD>
    <TD>0.2072</TD>
    <TD>23.1924</TD>
    <TD>0.2072</TD>
    <TD>0.52</TD>
  </TR>
  <TR>
    <TD>3769.0</TD>
    <TD>241.0854</TD>
    <TD>54.9668</TD>
    <TD>1654.097</TD>
    <TD>2201.903</TD>
    <TD>24.9526</TD>
    <TD>0.2421</TD>
    <TD>24.2934</TD>
    <TD>0.4067</TD>
    <TD>24.2934</TD>
    <TD>0.4067</TD>
    <TD>0.47</TD>
  </TR>
  <TR>
    <TD>3770.0</TD>
    <TD>241.085</TD>
    <TD>54.93326</TD>
    <TD>2019.342</TD>
    <TD>2199.333</TD>
    <TD>26.2487</TD>
    <TD>0.4863</TD>
    <TD>24.4058</TD>
    <TD>0.3504</TD>
    <TD>24.4058</TD>
    <TD>0.3504</TD>
    <TD>0.45</TD>
  </TR>
  <TR>
    <TD>3771.0</TD>
    <TD>241.0849</TD>
    <TD>54.93157</TD>
    <TD>2037.677</TD>
    <TD>2199.28</TD>
    <TD>26.1703</TD>
    <TD>0.4532</TD>
    <TD>25.1387</TD>
    <TD>0.4341</TD>
    <TD>25.1387</TD>
    <TD>0.4341</TD>
    <TD>0.36</TD>
  </TR>
  <TR>
    <TD>3772.0</TD>
    <TD>241.0786</TD>
    <TD>54.98709</TD>
    <TD>1433.474</TD>
    <TD>2247.444</TD>
    <TD>20.3314</TD>
    <TD>0.0183</TD>
    <TD>20.2568</TD>
    <TD>0.0232</TD>
    <TD>20.2568</TD>
    <TD>0.0232</TD>
    <TD>0.02</TD>
  </TR>
  <TR>
    <TD>3773.0</TD>
    <TD>241.0862</TD>
    <TD>55.02057</TD>
    <TD>1066.26</TD>
    <TD>2205.804</TD>
    <TD>24.4352</TD>
    <TD>0.1531</TD>
    <TD>24.4751</TD>
    <TD>0.3107</TD>
    <TD>24.4751</TD>
    <TD>0.3107</TD>
    <TD>0.64</TD>
  </TR>
  <TR>
    <TD>3774.0</TD>
    <TD>241.0842</TD>
    <TD>55.03121</TD>
    <TD>949.941</TD>
    <TD>2219.888</TD>
    <TD>23.322</TD>
    <TD>0.1158</TD>
    <TD>22.9764</TD>
    <TD>0.1911</TD>
    <TD>22.9764</TD>
    <TD>0.1911</TD>
    <TD>0.3</TD>
  </TR>
  <TR>
    <TD>3775.0</TD>
    <TD>241.0886</TD>
    <TD>55.1112</TD>
    <TD>67.706</TD>
    <TD>2204.295</TD>
    <TD>25.5817</TD>
    <TD>0.2685</TD>
    <TD>25.2337</TD>
    <TD>0.3115</TD>
    <TD>25.2337</TD>
    <TD>0.3115</TD>
    <TD>0.44</TD>
  </TR>
  <TR>
    <TD>3776.0</TD>
    <TD>241.0865</TD>
    <TD>55.03799</TD>
    <TD>875.261</TD>
    <TD>2206.344</TD>
    <TD>25.7313</TD>
    <TD>0.3065</TD>
    <TD>25.2263</TD>
    <TD>0.2904</TD>
    <TD>25.2263</TD>
    <TD>0.2904</TD>
    <TD>0.38</TD>
  </TR>
  <TR>
    <TD>3777.0</TD>
    <TD>241.0875</TD>
    <TD>55.08102</TD>
    <TD>401.505</TD>
    <TD>2206.5</TD>
    <TD>25.5464</TD>
    <TD>0.2972</TD>
    <TD>24.9161</TD>
    <TD>0.5353</TD>
    <TD>24.9161</TD>
    <TD>0.5353</TD>
    <TD>0.37</TD>
  </TR>
  <TR>
    <TD>3778.0</TD>
    <TD>241.0878</TD>
    <TD>55.10793</TD>
    <TD>104.036</TD>
    <TD>2208.878</TD>
    <TD>24.8148</TD>
    <TD>0.2141</TD>
    <TD>24.4624</TD>
    <TD>0.2351</TD>
    <TD>24.4624</TD>
    <TD>0.2351</TD>
    <TD>0.68</TD>
  </TR>
  <TR>
    <TD>3779.0</TD>
    <TD>241.0871</TD>
    <TD>55.04547</TD>
    <TD>792.978</TD>
    <TD>2204.0</TD>
    <TD>26.3151</TD>
    <TD>0.5162</TD>
    <TD>24.898</TD>
    <TD>0.5206</TD>
    <TD>24.898</TD>
    <TD>0.5206</TD>
    <TD>0.35</TD>
  </TR>
  <TR>
    <TD>3780.0</TD>
    <TD>241.0853</TD>
    <TD>55.05971</TD>
    <TD>636.678</TD>
    <TD>2217.335</TD>
    <TD>23.9813</TD>
    <TD>0.1635</TD>
    <TD>23.3037</TD>
    <TD>0.2733</TD>
    <TD>23.3037</TD>
    <TD>0.2733</TD>
    <TD>0.06</TD>
  </TR>
  <TR>
    <TD>3781.0</TD>
    <TD>241.0856</TD>
    <TD>55.02181</TD>
    <TD>1052.825</TD>
    <TD>2209.824</TD>
    <TD>25.0716</TD>
    <TD>0.2353</TD>
    <TD>24.8467</TD>
    <TD>0.3329</TD>
    <TD>24.8467</TD>
    <TD>0.3329</TD>
    <TD>0.45</TD>
  </TR>
  <TR>
    <TD>3782.0</TD>
    <TD>241.0864</TD>
    <TD>55.09611</TD>
    <TD>234.971</TD>
    <TD>2215.668</TD>
    <TD>24.1186</TD>
    <TD>0.1682</TD>
    <TD>23.482</TD>
    <TD>0.2648</TD>
    <TD>23.482</TD>
    <TD>0.2648</TD>
    <TD>0.5</TD>
  </TR>
  <TR>
    <TD>3783.0</TD>
    <TD>241.0831</TD>
    <TD>54.98707</TD>
    <TD>1433.157</TD>
    <TD>2219.75</TD>
    <TD>21.9801</TD>
    <TD>0.0304</TD>
    <TD>21.9868</TD>
    <TD>0.035</TD>
    <TD>21.9427</TD>
    <TD>0.0309</TD>
    <TD>0.98</TD>
  </TR>
  <TR>
    <TD>3784.0</TD>
    <TD>241.0708</TD>
    <TD>55.11676</TD>
    <TD>8.395</TD>
    <TD>2316.449</TD>
    <TD>21.0706</TD>
    <TD>0.0399</TD>
    <TD>20.2496</TD>
    <TD>0.0497</TD>
    <TD>20.2496</TD>
    <TD>0.0497</TD>
    <TD>0.0</TD>
  </TR>
  <TR>
    <TD>3785.0</TD>
    <TD>241.0843</TD>
    <TD>55.01709</TD>
    <TD>1104.618</TD>
    <TD>2217.186</TD>
    <TD>24.9562</TD>
    <TD>0.2429</TD>
    <TD>24.2688</TD>
    <TD>0.3092</TD>
    <TD>24.2688</TD>
    <TD>0.3092</TD>
    <TD>0.46</TD>
  </TR>
  <TR>
    <TD>3786.0</TD>
    <TD>241.0823</TD>
    <TD>54.99571</TD>
    <TD>1338.846</TD>
    <TD>2225.857</TD>
    <TD>24.0353</TD>
    <TD>0.152</TD>
    <TD>23.4943</TD>
    <TD>0.2312</TD>
    <TD>23.4943</TD>
    <TD>0.2312</TD>
    <TD>0.56</TD>
  </TR>
  <TR>
    <TD>3787.0</TD>
    <TD>241.0808</TD>
    <TD>55.00919</TD>
    <TD>1191.58</TD>
    <TD>2237.634</TD>
    <TD>22.442</TD>
    <TD>0.0683</TD>
    <TD>22.236</TD>
    <TD>0.0907</TD>
    <TD>22.236</TD>
    <TD>0.0907</TD>
    <TD>0.0</TD>
  </TR>
  <TR>
    <TD>3788.0</TD>
    <TD>241.0847</TD>
    <TD>55.02809</TD>
    <TD>984.054</TD>
    <TD>2216.0</TD>
    <TD>25.5234</TD>
    <TD>0.2551</TD>
    <TD>24.3526</TD>
    <TD>0.3372</TD>
    <TD>24.3526</TD>
    <TD>0.3372</TD>
    <TD>0.41</TD>
  </TR>
  <TR>
    <TD>3789.0</TD>
    <TD>241.0822</TD>
    <TD>55.02269</TD>
    <TD>1043.589</TD>
    <TD>2230.853</TD>
    <TD>24.3184</TD>
    <TD>0.1846</TD>
    <TD>23.1368</TD>
    <TD>0.2601</TD>
    <TD>23.1368</TD>
    <TD>0.2601</TD>
    <TD>0.41</TD>
  </TR>
  <TR>
    <TD>3790.0</TD>
    <TD>241.0798</TD>
    <TD>54.98343</TD>
    <TD>1473.306</TD>
    <TD>2239.488</TD>
    <TD>22.4892</TD>
    <TD>0.0692</TD>
    <TD>22.3431</TD>
    <TD>0.1137</TD>
    <TD>22.3431</TD>
    <TD>0.1137</TD>
    <TD>0.03</TD>
  </TR>
  <TR>
    <TD>3791.0</TD>
    <TD>241.0846</TD>
    <TD>55.04492</TD>
    <TD>799.297</TD>
    <TD>2219.324</TD>
    <TD>25.8922</TD>
    <TD>0.3535</TD>
    <TD>24.9207</TD>
    <TD>0.4149</TD>
    <TD>24.9207</TD>
    <TD>0.4149</TD>
    <TD>0.36</TD>
  </TR>
  <TR>
    <TD>3792.0</TD>
    <TD>241.0838</TD>
    <TD>55.04328</TD>
    <TD>817.497</TD>
    <TD>2224.207</TD>
    <TD>24.8211</TD>
    <TD>0.2275</TD>
    <TD>23.7247</TD>
    <TD>0.2916</TD>
    <TD>23.7247</TD>
    <TD>0.2916</TD>
    <TD>0.48</TD>
  </TR>
  <TR>
    <TD>3793.0</TD>
    <TD>241.0851</TD>
    <TD>55.06401</TD>
    <TD>589.313</TD>
    <TD>2219.321</TD>
    <TD>25.8375</TD>
    <TD>0.3367</TD>
    <TD>24.4955</TD>
    <TD>0.3212</TD>
    <TD>24.4955</TD>
    <TD>0.3212</TD>
    <TD>0.36</TD>
  </TR>
  <TR>
    <TD>3794.0</TD>
    <TD>241.0814</TD>
    <TD>54.96898</TD>
    <TD>1630.736</TD>
    <TD>2227.147</TD>
    <TD>24.1195</TD>
    <TD>0.1684</TD>
    <TD>23.3729</TD>
    <TD>0.3099</TD>
    <TD>23.3729</TD>
    <TD>0.3099</TD>
    <TD>0.35</TD>
  </TR>
  <TR>
    <TD>3795.0</TD>
    <TD>241.0814</TD>
    <TD>54.94044</TD>
    <TD>1941.665</TD>
    <TD>2223.003</TD>
    <TD>25.8736</TD>
    <TD>0.3477</TD>
    <TD>24.8339</TD>
    <TD>0.3905</TD>
    <TD>24.8339</TD>
    <TD>0.3905</TD>
    <TD>0.38</TD>
  </TR>
  <TR>
    <TD>3796.0</TD>
    <TD>241.0796</TD>
    <TD>54.93595</TD>
    <TD>1990.72</TD>
    <TD>2233.138</TD>
    <TD>23.4283</TD>
    <TD>0.1258</TD>
    <TD>22.6726</TD>
    <TD>0.1716</TD>
    <TD>22.6726</TD>
    <TD>0.1716</TD>
    <TD>0.44</TD>
  </TR>
  <TR>
    <TD>3797.0</TD>
    <TD>241.0835</TD>
    <TD>55.02886</TD>
    <TD>975.762</TD>
    <TD>2224.021</TD>
    <TD>24.9822</TD>
    <TD>0.2335</TD>
    <TD>24.7964</TD>
    <TD>0.3635</TD>
    <TD>24.7964</TD>
    <TD>0.3635</TD>
    <TD>0.36</TD>
  </TR>
  <TR>
    <TD>3798.0</TD>
    <TD>241.0818</TD>
    <TD>54.99634</TD>
    <TD>1331.975</TD>
    <TD>2229.566</TD>
    <TD>23.6255</TD>
    <TD>0.0906</TD>
    <TD>23.5514</TD>
    <TD>0.1205</TD>
    <TD>23.5514</TD>
    <TD>0.1205</TD>
    <TD>0.64</TD>
  </TR>
  <TR>
    <TD>3799.0</TD>
    <TD>241.0807</TD>
    <TD>54.95351</TD>
    <TD>1799.418</TD>
    <TD>2229.56</TD>
    <TD>24.1882</TD>
    <TD>0.1482</TD>
    <TD>23.9578</TD>
    <TD>0.1734</TD>
    <TD>23.9578</TD>
    <TD>0.1734</TD>
    <TD>0.69</TD>
  </TR>
  <TR>
    <TD>3800.0</TD>
    <TD>241.0844</TD>
    <TD>55.10549</TD>
    <TD>131.576</TD>
    <TD>2229.754</TD>
    <TD>25.0378</TD>
    <TD>0.2453</TD>
    <TD>24.3579</TD>
    <TD>0.3864</TD>
    <TD>24.3579</TD>
    <TD>0.3864</TD>
    <TD>0.34</TD>
  </TR>
  <TR>
    <TD>3801.0</TD>
    <TD>241.0835</TD>
    <TD>55.11693</TD>
    <TD>4.939</TD>
    <TD>2237.298</TD>
    <TD>24.5232</TD>
    <TD>0.2072</TD>
    <TD>24.5379</TD>
    <TD>0.2517</TD>
    <TD>24.5379</TD>
    <TD>0.2517</TD>
    <TD>0.39</TD>
  </TR>
  <TR>
    <TD>3802.0</TD>
    <TD>241.0841</TD>
    <TD>55.11557</TD>
    <TD>19.951</TD>
    <TD>2233.023</TD>
    <TD>23.4331</TD>
    <TD>0.0846</TD>
    <TD>23.4572</TD>
    <TD>0.1239</TD>
    <TD>23.4572</TD>
    <TD>0.1239</TD>
    <TD>0.94</TD>
  </TR>
  <TR>
    <TD>3803.0</TD>
    <TD>241.0815</TD>
    <TD>55.03836</TD>
    <TD>871.743</TD>
    <TD>2237.808</TD>
    <TD>24.0537</TD>
    <TD>0.1628</TD>
    <TD>23.6378</TD>
    <TD>0.2963</TD>
    <TD>23.6378</TD>
    <TD>0.2963</TD>
    <TD>0.37</TD>
  </TR>
  <TR>
    <TD>3804.0</TD>
    <TD>241.0818</TD>
    <TD>54.996</TD>
    <TD>1335.727</TD>
    <TD>2228.969</TD>
    <TD>24.8438</TD>
    <TD>0.2065</TD>
    <TD>24.6214</TD>
    <TD>0.4178</TD>
    <TD>24.5012</TD>
    <TD>0.2123</TD>
    <TD>0.46</TD>
  </TR>
  <TR>
    <TD>3805.0</TD>
    <TD>241.0819</TD>
    <TD>55.006</TD>
    <TD>1226.379</TD>
    <TD>2230.144</TD>
    <TD>24.4495</TD>
    <TD>0.2141</TD>
    <TD>23.2</TD>
    <TD>0.2518</TD>
    <TD>23.4681</TD>
    <TD>0.1694</TD>
    <TD>0.22</TD>
  </TR>
  <TR>
    <TD>3806.0</TD>
    <TD>241.0805</TD>
    <TD>55.11352</TD>
    <TD>43.073</TD>
    <TD>2254.97</TD>
    <TD>21.537</TD>
    <TD>0.0396</TD>
    <TD>21.3803</TD>
    <TD>0.0575</TD>
    <TD>21.3803</TD>
    <TD>0.0575</TD>
    <TD>0.01</TD>
  </TR>
  <TR>
    <TD>3807.0</TD>
    <TD>241.083</TD>
    <TD>55.0411</TD>
    <TD>841.503</TD>
    <TD>2228.477</TD>
    <TD>25.6488</TD>
    <TD>0.3256</TD>
    <TD>25.2282</TD>
    <TD>0.3765</TD>
    <TD>25.2282</TD>
    <TD>0.3765</TD>
    <TD>0.44</TD>
  </TR>
  <TR>
    <TD>3808.0</TD>
    <TD>241.0832</TD>
    <TD>55.08168</TD>
    <TD>394.826</TD>
    <TD>2233.503</TD>
    <TD>24.6264</TD>
    <TD>0.2009</TD>
    <TD>24.1405</TD>
    <TD>0.3664</TD>
    <TD>24.1405</TD>
    <TD>0.3664</TD>
    <TD>0.48</TD>
  </TR>
  <TR>
    <TD>3809.0</TD>
    <TD>241.0841</TD>
    <TD>55.08603</TD>
    <TD>346.676</TD>
    <TD>2228.653</TD>
    <TD>25.6975</TD>
    <TD>0.2974</TD>
    <TD>25.0274</TD>
    <TD>0.4659</TD>
    <TD>25.0274</TD>
    <TD>0.4659</TD>
    <TD>0.42</TD>
  </TR>
  <TR>
    <TD>3810.0</TD>
    <TD>241.0755</TD>
    <TD>54.9855</TD>
    <TD>1451.233</TD>
    <TD>2266.558</TD>
    <TD>19.9826</TD>
    <TD>0.0127</TD>
    <TD>19.9668</TD>
    <TD>0.0148</TD>
    <TD>19.9668</TD>
    <TD>0.0148</TD>
    <TD>0.03</TD>
  </TR>
  <TR>
    <TD>3811.0</TD>
    <TD>241.0812</TD>
    <TD>55.00576</TD>
    <TD>1229.022</TD>
    <TD>2234.756</TD>
    <TD>23.3536</TD>
    <TD>0.1236</TD>
    <TD>22.7967</TD>
    <TD>0.1998</TD>
    <TD>22.7967</TD>
    <TD>0.1998</TD>
    <TD>0.02</TD>
  </TR>
  <TR>
    <TD>3812.0</TD>
    <TD>241.0805</TD>
    <TD>55.0617</TD>
    <TD>615.281</TD>
    <TD>2247.661</TD>
    <TD>22.7165</TD>
    <TD>0.0785</TD>
    <TD>22.2255</TD>
    <TD>0.1245</TD>
    <TD>22.2255</TD>
    <TD>0.1245</TD>
    <TD>0.0</TD>
  </TR>
  <TR>
    <TD>3813.0</TD>
    <TD>241.0766</TD>
    <TD>55.07434</TD>
    <TD>476.574</TD>
    <TD>2273.765</TD>
    <TD>20.0355</TD>
    <TD>0.0151</TD>
    <TD>19.9813</TD>
    <TD>0.0189</TD>
    <TD>19.9813</TD>
    <TD>0.0189</TD>
    <TD>0.02</TD>
  </TR>
  <TR>
    <TD>3814.0</TD>
    <TD>241.0826</TD>
    <TD>55.05084</TD>
    <TD>734.489</TD>
    <TD>2232.489</TD>
    <TD>25.5533</TD>
    <TD>0.299</TD>
    <TD>24.7075</TD>
    <TD>0.4711</TD>
    <TD>24.7075</TD>
    <TD>0.4711</TD>
    <TD>0.36</TD>
  </TR>
  <TR>
    <TD>3815.0</TD>
    <TD>241.0691</TD>
    <TD>54.95411</TD>
    <TD>1794.221</TD>
    <TD>2301.839</TD>
    <TD>20.4171</TD>
    <TD>0.0196</TD>
    <TD>20.3342</TD>
    <TD>0.0245</TD>
    <TD>20.3342</TD>
    <TD>0.0245</TD>
    <TD>0.01</TD>
  </TR>
  <TR>
    <TD>3816.0</TD>
    <TD>241.0805</TD>
    <TD>54.97041</TD>
    <TD>1615.318</TD>
    <TD>2233.342</TD>
    <TD>26.0598</TD>
    <TD>0.4105</TD>
    <TD>25.1865</TD>
    <TD>0.6701</TD>
    <TD>25.1865</TD>
    <TD>0.6701</TD>
    <TD>0.44</TD>
  </TR>
  <TR>
    <TD>3817.0</TD>
    <TD>241.0808</TD>
    <TD>55.06644</TD>
    <TD>563.044</TD>
    <TD>2246.058</TD>
    <TD>24.5022</TD>
    <TD>0.1881</TD>
    <TD>24.1505</TD>
    <TD>0.3148</TD>
    <TD>24.1505</TD>
    <TD>0.3148</TD>
    <TD>0.46</TD>
  </TR>
  <TR>
    <TD>3818.0</TD>
    <TD>241.0796</TD>
    <TD>55.00478</TD>
    <TD>1239.947</TD>
    <TD>2244.133</TD>
    <TD>24.0541</TD>
    <TD>0.1546</TD>
    <TD>23.3533</TD>
    <TD>0.1756</TD>
    <TD>23.3533</TD>
    <TD>0.1756</TD>
    <TD>0.48</TD>
  </TR>
  <TR>
    <TD>3819.0</TD>
    <TD>241.0682</TD>
    <TD>55.06354</TD>
    <TD>596.524</TD>
    <TD>2324.282</TD>
    <TD>18.3502</TD>
    <TD>0.0065</TD>
    <TD>18.3154</TD>
    <TD>0.0077</TD>
    <TD>18.3154</TD>
    <TD>0.0077</TD>
    <TD>0.03</TD>
  </TR>
  <TR>
    <TD>3820.0</TD>
    <TD>241.073</TD>
    <TD>55.10648</TD>
    <TD>121.987</TD>
    <TD>2300.952</TD>
    <TD>18.6331</TD>
    <TD>0.0055</TD>
    <TD>18.6435</TD>
    <TD>0.0056</TD>
    <TD>18.6435</TD>
    <TD>0.0056</TD>
    <TD>0.03</TD>
  </TR>
  <TR>
    <TD>3821.0</TD>
    <TD>241.0836</TD>
    <TD>55.11129</TD>
    <TD>67.419</TD>
    <TD>2235.511</TD>
    <TD>25.0029</TD>
    <TD>0.2378</TD>
    <TD>25.0578</TD>
    <TD>0.3227</TD>
    <TD>25.0578</TD>
    <TD>0.3227</TD>
    <TD>0.36</TD>
  </TR>
  <TR>
    <TD>3822.0</TD>
    <TD>241.0776</TD>
    <TD>55.02779</TD>
    <TD>988.241</TD>
    <TD>2260.25</TD>
    <TD>22.4305</TD>
    <TD>0.0686</TD>
    <TD>22.2954</TD>
    <TD>0.0933</TD>
    <TD>22.2954</TD>
    <TD>0.0933</TD>
    <TD>0.0</TD>
  </TR>
  <TR>
    <TD>3823.0</TD>
    <TD>241.0813</TD>
    <TD>55.03208</TD>
    <TD>940.686</TD>
    <TD>2237.712</TD>
    <TD>25.7228</TD>
    <TD>0.3042</TD>
    <TD>24.9577</TD>
    <TD>0.4372</TD>
    <TD>24.9577</TD>
    <TD>0.4372</TD>
    <TD>0.42</TD>
  </TR>
  <TR>
    <TD>3824.0</TD>
    <TD>241.0539</TD>
    <TD>54.93326</TD>
    <TD>2022.861</TD>
    <TD>2392.809</TD>
    <TD>14.807</TD>
    <TD>6.0E-4</TD>
    <TD>14.8355</TD>
    <TD>6.0E-4</TD>
    <TD>14.8355</TD>
    <TD>6.0E-4</TD>
    <TD>0.96</TD>
  </TR>
  <TR>
    <TD>3825.0</TD>
    <TD>241.0825</TD>
    <TD>55.09989</TD>
    <TD>193.698</TD>
    <TD>2241.03</TD>
    <TD>25.7883</TD>
    <TD>0.3223</TD>
    <TD>25.0415</TD>
    <TD>0.5131</TD>
    <TD>25.0415</TD>
    <TD>0.5131</TD>
    <TD>0.47</TD>
  </TR>
  <TR>
    <TD>3826.0</TD>
    <TD>241.0731</TD>
    <TD>55.04357</TD>
    <TD>815.613</TD>
    <TD>2291.077</TD>
    <TD>20.9364</TD>
    <TD>0.0308</TD>
    <TD>20.7817</TD>
    <TD>0.0428</TD>
    <TD>20.7817</TD>
    <TD>0.0428</TD>
    <TD>0.0</TD>
  </TR>
  <TR>
    <TD>3827.0</TD>
    <TD>241.0725</TD>
    <TD>55.03467</TD>
    <TD>913.375</TD>
    <TD>2293.165</TD>
    <TD>20.4509</TD>
    <TD>0.0216</TD>
    <TD>20.3591</TD>
    <TD>0.0283</TD>
    <TD>20.3591</TD>
    <TD>0.0283</TD>
    <TD>0.01</TD>
  </TR>
  <TR>
    <TD>3828.0</TD>
    <TD>241.0817</TD>
    <TD>55.05119</TD>
    <TD>730.844</TD>
    <TD>2238.603</TD>
    <TD>25.2286</TD>
    <TD>0.2486</TD>
    <TD>24.4422</TD>
    <TD>0.3732</TD>
    <TD>24.4422</TD>
    <TD>0.3732</TD>
    <TD>0.48</TD>
  </TR>
  <TR>
    <TD>3829.0</TD>
    <TD>241.0822</TD>
    <TD>55.11533</TD>
    <TD>22.793</TD>
    <TD>2244.748</TD>
    <TD>24.5257</TD>
    <TD>0.192</TD>
    <TD>23.5961</TD>
    <TD>0.2969</TD>
    <TD>23.5961</TD>
    <TD>0.2969</TD>
    <TD>0.36</TD>
  </TR>
  <TR>
    <TD>3830.0</TD>
    <TD>241.0761</TD>
    <TD>54.96273</TD>
    <TD>1699.489</TD>
    <TD>2259.61</TD>
    <TD>22.1712</TD>
    <TD>0.0571</TD>
    <TD>22.0402</TD>
    <TD>0.0884</TD>
    <TD>22.0402</TD>
    <TD>0.0884</TD>
    <TD>0.04</TD>
  </TR>
  <TR>
    <TD>3831.0</TD>
    <TD>241.0826</TD>
    <TD>55.09611</TD>
    <TD>235.518</TD>
    <TD>2239.496</TD>
    <TD>25.6098</TD>
    <TD>0.3144</TD>
    <TD>24.7502</TD>
    <TD>0.4995</TD>
    <TD>24.7502</TD>
    <TD>0.4995</TD>
    <TD>0.38</TD>
  </TR>
  <TR>
    <TD>3832.0</TD>
    <TD>241.0806</TD>
    <TD>55.01436</TD>
    <TD>1135.035</TD>
    <TD>2239.346</TD>
    <TD>25.8615</TD>
    <TD>0.344</TD>
    <TD>25.1065</TD>
    <TD>0.4822</TD>
    <TD>25.1065</TD>
    <TD>0.4822</TD>
    <TD>0.39</TD>
  </TR>
  <TR>
    <TD>3833.0</TD>
    <TD>241.0786</TD>
    <TD>54.94023</TD>
    <TD>1944.291</TD>
    <TD>2240.388</TD>
    <TD>26.0564</TD>
    <TD>0.4093</TD>
    <TD>24.7199</TD>
    <TD>0.352</TD>
    <TD>24.7199</TD>
    <TD>0.352</TD>
    <TD>0.4</TD>
  </TR>
  <TR>
    <TD>3834.0</TD>
    <TD>241.0805</TD>
    <TD>55.07914</TD>
    <TD>423.117</TD>
    <TD>2249.881</TD>
    <TD>25.4631</TD>
    <TD>0.3592</TD>
    <TD>23.8106</TD>
    <TD>0.3348</TD>
    <TD>23.8106</TD>
    <TD>0.3348</TD>
    <TD>0.37</TD>
  </TR>
  <TR>
    <TD>3835.0</TD>
    <TD>241.0815</TD>
    <TD>55.09893</TD>
    <TD>204.51</TD>
    <TD>2247.052</TD>
    <TD>22.2245</TD>
    <TD>0.0303</TD>
    <TD>22.2489</TD>
    <TD>0.039</TD>
    <TD>22.2489</TD>
    <TD>0.039</TD>
    <TD>0.99</TD>
  </TR>
  <TR>
    <TD>3836.0</TD>
    <TD>241.0811</TD>
    <TD>55.05559</TD>
    <TD>682.463</TD>
    <TD>2242.506</TD>
    <TD>25.8641</TD>
    <TD>0.3947</TD>
    <TD>24.8051</TD>
    <TD>0.4134</TD>
    <TD>24.8051</TD>
    <TD>0.4134</TD>
    <TD>0.43</TD>
  </TR>
  <TR>
    <TD>3837.0</TD>
    <TD>241.0811</TD>
    <TD>55.09015</TD>
    <TD>301.521</TD>
    <TD>2247.787</TD>
    <TD>24.2827</TD>
    <TD>0.1731</TD>
    <TD>23.3637</TD>
    <TD>0.2461</TD>
    <TD>23.3637</TD>
    <TD>0.2461</TD>
    <TD>0.38</TD>
  </TR>
  <TR>
    <TD>3838.0</TD>
    <TD>241.0764</TD>
    <TD>55.04584</TD>
    <TD>790.275</TD>
    <TD>2270.36</TD>
    <TD>22.2017</TD>
    <TD>0.0612</TD>
    <TD>21.7837</TD>
    <TD>0.1015</TD>
    <TD>21.7837</TD>
    <TD>0.1015</TD>
    <TD>0.0</TD>
  </TR>
  <TR>
    <TD>3839.0</TD>
    <TD>241.0731</TD>
    <TD>55.02332</TD>
    <TD>1037.784</TD>
    <TD>2287.784</TD>
    <TD>22.6611</TD>
    <TD>0.0799</TD>
    <TD>22.5116</TD>
    <TD>0.1148</TD>
    <TD>22.5116</TD>
    <TD>0.1148</TD>
    <TD>0.0</TD>
  </TR>
  <TR>
    <TD>3840.0</TD>
    <TD>241.0782</TD>
    <TD>55.02406</TD>
    <TD>1028.991</TD>
    <TD>2256.224</TD>
    <TD>23.4452</TD>
    <TD>0.1226</TD>
    <TD>22.4163</TD>
    <TD>0.1538</TD>
    <TD>22.4163</TD>
    <TD>0.1538</TD>
    <TD>0.01</TD>
  </TR>
  <TR>
    <TD>3841.0</TD>
    <TD>241.0796</TD>
    <TD>55.02573</TD>
    <TD>1010.591</TD>
    <TD>2247.771</TD>
    <TD>25.5737</TD>
    <TD>0.3381</TD>
    <TD>24.6743</TD>
    <TD>0.2918</TD>
    <TD>24.6743</TD>
    <TD>0.2918</TD>
    <TD>0.42</TD>
  </TR>
  <TR>
    <TD>3842.0</TD>
    <TD>241.0682</TD>
    <TD>54.98314</TD>
    <TD>1477.798</TD>
    <TD>2311.976</TD>
    <TD>19.7306</TD>
    <TD>0.0133</TD>
    <TD>19.6906</TD>
    <TD>0.0169</TD>
    <TD>19.6906</TD>
    <TD>0.0169</TD>
    <TD>0.03</TD>
  </TR>
  <TR>
    <TD>3843.0</TD>
    <TD>241.0814</TD>
    <TD>55.10418</TD>
    <TD>146.414</TD>
    <TD>2248.276</TD>
    <TD>25.1275</TD>
    <TD>0.2273</TD>
    <TD>24.1091</TD>
    <TD>0.2832</TD>
    <TD>24.1091</TD>
    <TD>0.2832</TD>
    <TD>0.44</TD>
  </TR>
  <TR>
    <TD>3844.0</TD>
    <TD>241.0638</TD>
    <TD>54.98714</TD>
    <TD>1434.707</TD>
    <TD>2340.169</TD>
    <TD>17.7595</TD>
    <TD>0.0042</TD>
    <TD>17.777</TD>
    <TD>0.0042</TD>
    <TD>17.777</TD>
    <TD>0.0042</TD>
    <TD>0.03</TD>
  </TR>
  <TR>
    <TD>3845.0</TD>
    <TD>241.0805</TD>
    <TD>55.10284</TD>
    <TD>161.382</TD>
    <TD>2253.8</TD>
    <TD>25.0095</TD>
    <TD>0.2831</TD>
    <TD>23.4567</TD>
    <TD>0.2838</TD>
    <TD>23.4567</TD>
    <TD>0.2838</TD>
    <TD>0.35</TD>
  </TR>
  <TR>
    <TD>3846.0</TD>
    <TD>241.0779</TD>
    <TD>55.02294</TD>
    <TD>1041.371</TD>
    <TD>2257.422</TD>
    <TD>24.4611</TD>
    <TD>0.2098</TD>
    <TD>23.257</TD>
    <TD>0.2191</TD>
    <TD>23.257</TD>
    <TD>0.2191</TD>
    <TD>0.36</TD>
  </TR>
  <TR>
    <TD>3847.0</TD>
    <TD>241.0722</TD>
    <TD>55.01266</TD>
    <TD>1154.626</TD>
    <TD>2291.327</TD>
    <TD>21.0799</TD>
    <TD>0.0297</TD>
    <TD>20.9435</TD>
    <TD>0.0432</TD>
    <TD>20.9435</TD>
    <TD>0.0432</TD>
    <TD>0.01</TD>
  </TR>
  <TR>
    <TD>3848.0</TD>
    <TD>241.0776</TD>
    <TD>55.09624</TD>
    <TD>234.665</TD>
    <TD>2270.633</TD>
    <TD>23.1968</TD>
    <TD>0.101</TD>
    <TD>22.7877</TD>
    <TD>0.1939</TD>
    <TD>22.7877</TD>
    <TD>0.1939</TD>
    <TD>0.58</TD>
  </TR>
  <TR>
    <TD>3849.0</TD>
    <TD>241.073</TD>
    <TD>55.00897</TD>
    <TD>1194.95</TD>
    <TD>2286.176</TD>
    <TD>21.0167</TD>
    <TD>0.0283</TD>
    <TD>20.869</TD>
    <TD>0.042</TD>
    <TD>20.869</TD>
    <TD>0.042</TD>
    <TD>0.01</TD>
  </TR>
  <TR>
    <TD>3850.0</TD>
    <TD>241.0775</TD>
    <TD>55.1155</TD>
    <TD>21.483</TD>
    <TD>2273.952</TD>
    <TD>22.6647</TD>
    <TD>0.0839</TD>
    <TD>21.6205</TD>
    <TD>0.1045</TD>
    <TD>21.6205</TD>
    <TD>0.1045</TD>
    <TD>0.17</TD>
  </TR>
  <TR>
    <TD>3851.0</TD>
    <TD>241.0794</TD>
    <TD>55.09882</TD>
    <TD>206.0</TD>
    <TD>2259.998</TD>
    <TD>23.3388</TD>
    <TD>0.0802</TD>
    <TD>23.432</TD>
    <TD>0.1699</TD>
    <TD>23.2103</TD>
    <TD>0.083</TD>
    <TD>0.82</TD>
  </TR>
  <TR>
    <TD>3852.0</TD>
    <TD>241.0802</TD>
    <TD>55.09881</TD>
    <TD>206.007</TD>
    <TD>2255.063</TD>
    <TD>23.6075</TD>
    <TD>0.0859</TD>
    <TD>23.5285</TD>
    <TD>0.1181</TD>
    <TD>23.5024</TD>
    <TD>0.0886</TD>
    <TD>0.82</TD>
  </TR>
  <TR>
    <TD>3853.0</TD>
    <TD>241.0775</TD>
    <TD>54.97312</TD>
    <TD>1586.043</TD>
    <TD>2252.639</TD>
    <TD>24.7163</TD>
    <TD>0.1845</TD>
    <TD>24.6685</TD>
    <TD>0.2607</TD>
    <TD>24.6685</TD>
    <TD>0.2607</TD>
    <TD>0.56</TD>
  </TR>
  <TR>
    <TD>3854.0</TD>
    <TD>241.0804</TD>
    <TD>55.08282</TD>
    <TD>382.522</TD>
    <TD>2251.475</TD>
    <TD>25.7811</TD>
    <TD>0.3664</TD>
    <TD>24.5272</TD>
    <TD>0.3955</TD>
    <TD>24.5272</TD>
    <TD>0.3955</TD>
    <TD>0.35</TD>
  </TR>
  <TR>
    <TD>3855.0</TD>
    <TD>241.0773</TD>
    <TD>54.97355</TD>
    <TD>1581.418</TD>
    <TD>2253.734</TD>
    <TD>25.3321</TD>
    <TD>0.2725</TD>
    <TD>24.076</TD>
    <TD>0.2797</TD>
    <TD>24.076</TD>
    <TD>0.2797</TD>
    <TD>0.35</TD>
  </TR>
  <TR>
    <TD>3856.0</TD>
    <TD>241.0769</TD>
    <TD>54.96552</TD>
    <TD>1669.022</TD>
    <TD>2254.989</TD>
    <TD>25.0035</TD>
    <TD>0.2533</TD>
    <TD>23.5324</TD>
    <TD>0.2576</TD>
    <TD>23.5324</TD>
    <TD>0.2576</TD>
    <TD>0.41</TD>
  </TR>
  <TR>
    <TD>3857.0</TD>
    <TD>241.08</TD>
    <TD>55.10534</TD>
    <TD>133.701</TD>
    <TD>2257.2</TD>
    <TD>23.9674</TD>
    <TD>0.165</TD>
    <TD>23.5621</TD>
    <TD>0.3022</TD>
    <TD>23.5621</TD>
    <TD>0.3022</TD>
    <TD>0.54</TD>
  </TR>
  <TR>
    <TD>3858.0</TD>
    <TD>241.0757</TD>
    <TD>54.94263</TD>
    <TD>1918.508</TD>
    <TD>2258.482</TD>
    <TD>24.8601</TD>
    <TD>0.2229</TD>
    <TD>24.2214</TD>
    <TD>0.4557</TD>
    <TD>24.2214</TD>
    <TD>0.4557</TD>
    <TD>0.42</TD>
  </TR>
  <TR>
    <TD>3859.0</TD>
    <TD>241.0782</TD>
    <TD>55.00613</TD>
    <TD>1225.362</TD>
    <TD>2253.184</TD>
    <TD>24.2464</TD>
    <TD>0.1619</TD>
    <TD>23.591</TD>
    <TD>0.2634</TD>
    <TD>23.591</TD>
    <TD>0.2634</TD>
    <TD>0.49</TD>
  </TR>
  <TR>
    <TD>3860.0</TD>
    <TD>241.0754</TD>
    <TD>54.95629</TD>
    <TD>1769.8</TD>
    <TD>2262.561</TD>
    <TD>24.5686</TD>
    <TD>0.1908</TD>
    <TD>23.9118</TD>
    <TD>0.2531</TD>
    <TD>23.9118</TD>
    <TD>0.2531</TD>
    <TD>0.36</TD>
  </TR>
  <TR>
    <TD>3861.0</TD>
    <TD>241.0765</TD>
    <TD>55.04471</TD>
    <TD>802.664</TD>
    <TD>2269.708</TD>
    <TD>23.0356</TD>
    <TD>0.0952</TD>
    <TD>22.3697</TD>
    <TD>0.1572</TD>
    <TD>22.3697</TD>
    <TD>0.1572</TD>
    <TD>0.06</TD>
  </TR>
  <TR>
    <TD>3862.0</TD>
    <TD>241.0796</TD>
    <TD>55.10601</TD>
    <TD>126.358</TD>
    <TD>2259.544</TD>
    <TD>24.9594</TD>
    <TD>0.2288</TD>
    <TD>23.4029</TD>
    <TD>0.2209</TD>
    <TD>23.4029</TD>
    <TD>0.2209</TD>
    <TD>0.48</TD>
  </TR>
  <TR>
    <TD>3863.0</TD>
    <TD>241.0778</TD>
    <TD>55.00617</TD>
    <TD>1225.021</TD>
    <TD>2256.0</TD>
    <TD>24.4817</TD>
    <TD>0.1847</TD>
    <TD>24.807</TD>
    <TD>0.6943</TD>
    <TD>24.0476</TD>
    <TD>0.1863</TD>
    <TD>0.49</TD>
  </TR>
  <TR>
    <TD>3864.0</TD>
    <TD>241.0751</TD>
    <TD>55.01142</TD>
    <TD>1167.834</TD>
    <TD>2273.114</TD>
    <TD>22.3777</TD>
    <TD>0.069</TD>
    <TD>22.0496</TD>
    <TD>0.1068</TD>
    <TD>22.0496</TD>
    <TD>0.1068</TD>
    <TD>0.01</TD>
  </TR>
  <TR>
    <TD>3865.0</TD>
    <TD>241.0764</TD>
    <TD>54.97023</TD>
    <TD>1617.719</TD>
    <TD>2258.682</TD>
    <TD>25.8499</TD>
    <TD>0.3405</TD>
    <TD>25.4394</TD>
    <TD>0.4174</TD>
    <TD>25.4394</TD>
    <TD>0.4174</TD>
    <TD>0.4</TD>
  </TR>
  <TR>
    <TD>3866.0</TD>
    <TD>241.0773</TD>
    <TD>55.00369</TD>
    <TD>1252.214</TD>
    <TD>2258.554</TD>
    <TD>25.4036</TD>
    <TD>0.2904</TD>
    <TD>24.416</TD>
    <TD>0.3464</TD>
    <TD>24.416</TD>
    <TD>0.3464</TD>
    <TD>0.46</TD>
  </TR>
  <TR>
    <TD>3867.0</TD>
    <TD>241.0764</TD>
    <TD>54.97337</TD>
    <TD>1583.521</TD>
    <TD>2259.489</TD>
    <TD>25.4608</TD>
    <TD>0.2754</TD>
    <TD>24.4383</TD>
    <TD>0.3497</TD>
    <TD>24.4383</TD>
    <TD>0.3497</TD>
    <TD>0.36</TD>
  </TR>
  <TR>
    <TD>3868.0</TD>
    <TD>241.0792</TD>
    <TD>55.08966</TD>
    <TD>307.216</TD>
    <TD>2259.58</TD>
    <TD>25.2177</TD>
    <TD>0.2462</TD>
    <TD>24.5559</TD>
    <TD>0.2134</TD>
    <TD>24.5559</TD>
    <TD>0.2134</TD>
    <TD>0.48</TD>
  </TR>
  <TR>
    <TD>3869.0</TD>
    <TD>241.0756</TD>
    <TD>54.9544</TD>
    <TD>1790.311</TD>
    <TD>2261.315</TD>
    <TD>25.7795</TD>
    <TD>0.3198</TD>
    <TD>25.5385</TD>
    <TD>0.3572</TD>
    <TD>25.5385</TD>
    <TD>0.3572</TD>
    <TD>0.47</TD>
  </TR>
  <TR>
    <TD>3870.0</TD>
    <TD>241.0767</TD>
    <TD>55.00414</TD>
    <TD>1247.357</TD>
    <TD>2262.31</TD>
    <TD>26.0518</TD>
    <TD>0.4076</TD>
    <TD>24.2945</TD>
    <TD>0.3166</TD>
    <TD>24.2945</TD>
    <TD>0.3166</TD>
    <TD>0.37</TD>
  </TR>
  <TR>
    <TD>3871.0</TD>
    <TD>241.0774</TD>
    <TD>55.03774</TD>
    <TD>879.039</TD>
    <TD>2262.819</TD>
    <TD>25.1632</TD>
    <TD>0.2118</TD>
    <TD>25.1299</TD>
    <TD>0.3156</TD>
    <TD>25.1299</TD>
    <TD>0.3156</TD>
    <TD>0.75</TD>
  </TR>
  <TR>
    <TD>3872.0</TD>
    <TD>241.0773</TD>
    <TD>55.03323</TD>
    <TD>928.637</TD>
    <TD>2263.282</TD>
    <TD>25.9495</TD>
    <TD>0.372</TD>
    <TD>25.0507</TD>
    <TD>0.3207</TD>
    <TD>25.0507</TD>
    <TD>0.3207</TD>
    <TD>0.42</TD>
  </TR>
  <TR>
    <TD>3873.0</TD>
    <TD>241.0728</TD>
    <TD>54.93087</TD>
    <TD>2046.687</TD>
    <TD>2274.595</TD>
    <TD>24.1695</TD>
    <TD>0.1616</TD>
    <TD>23.989</TD>
    <TD>0.2323</TD>
    <TD>23.989</TD>
    <TD>0.2323</TD>
    <TD>0.55</TD>
  </TR>
  <TR>
    <TD>3874.0</TD>
    <TD>241.0713</TD>
    <TD>54.93925</TD>
    <TD>1955.746</TD>
    <TD>2285.245</TD>
    <TD>22.8494</TD>
    <TD>0.0883</TD>
    <TD>22.6004</TD>
    <TD>0.1131</TD>
    <TD>22.6004</TD>
    <TD>0.1131</TD>
    <TD>0.0</TD>
  </TR>
  <TR>
    <TD>3875.0</TD>
    <TD>241.0759</TD>
    <TD>55.00869</TD>
    <TD>1197.67</TD>
    <TD>2267.673</TD>
    <TD>25.0295</TD>
    <TD>0.2593</TD>
    <TD>24.3461</TD>
    <TD>0.391</TD>
    <TD>24.3461</TD>
    <TD>0.391</TD>
    <TD>0.4</TD>
  </TR>
  <TR>
    <TD>3876.0</TD>
    <TD>241.0708</TD>
    <TD>54.95595</TD>
    <TD>1774.074</TD>
    <TD>2291.533</TD>
    <TD>21.482</TD>
    <TD>0.0355</TD>
    <TD>21.3519</TD>
    <TD>0.0447</TD>
    <TD>21.3519</TD>
    <TD>0.0447</TD>
    <TD>0.01</TD>
  </TR>
  <TR>
    <TD>3877.0</TD>
    <TD>241.0778</TD>
    <TD>55.11707</TD>
    <TD>4.088</TD>
    <TD>2272.392</TD>
    <TD>24.3676</TD>
    <TD>0.1803</TD>
    <TD>23.44</TD>
    <TD>0.2349</TD>
    <TD>23.44</TD>
    <TD>0.2349</TD>
    <TD>0.47</TD>
  </TR>
  <TR>
    <TD>3878.0</TD>
    <TD>241.0761</TD>
    <TD>55.01818</TD>
    <TD>1093.676</TD>
    <TD>2268.009</TD>
    <TD>25.7571</TD>
    <TD>0.3135</TD>
    <TD>25.4414</TD>
    <TD>0.5721</TD>
    <TD>25.4414</TD>
    <TD>0.5721</TD>
    <TD>0.36</TD>
  </TR>
  <TR>
    <TD>3879.0</TD>
    <TD>241.0783</TD>
    <TD>55.11202</TD>
    <TD>59.965</TD>
    <TD>2268.946</TD>
    <TD>23.4857</TD>
    <TD>0.0712</TD>
    <TD>23.5184</TD>
    <TD>0.106</TD>
    <TD>23.5184</TD>
    <TD>0.106</TD>
    <TD>0.94</TD>
  </TR>
  <TR>
    <TD>3880.0</TD>
    <TD>241.0746</TD>
    <TD>54.96475</TD>
    <TD>1677.654</TD>
    <TD>2268.92</TD>
    <TD>24.725</TD>
    <TD>0.2295</TD>
    <TD>23.8586</TD>
    <TD>0.3005</TD>
    <TD>23.8586</TD>
    <TD>0.3005</TD>
    <TD>0.35</TD>
  </TR>
  <TR>
    <TD>3881.0</TD>
    <TD>241.0632</TD>
    <TD>55.04208</TD>
    <TD>833.112</TD>
    <TD>2352.003</TD>
    <TD>18.4709</TD>
    <TD>0.0070</TD>
    <TD>18.449</TD>
    <TD>0.0081</TD>
    <TD>18.449</TD>
    <TD>0.0081</TD>
    <TD>0.03</TD>
  </TR>
  <TR>
    <TD>3882.0</TD>
    <TD>241.0755</TD>
    <TD>55.00871</TD>
    <TD>1197.484</TD>
    <TD>2270.517</TD>
    <TD>24.9006</TD>
    <TD>0.2311</TD>
    <TD>23.6426</TD>
    <TD>0.2716</TD>
    <TD>23.6426</TD>
    <TD>0.2716</TD>
    <TD>0.48</TD>
  </TR>
  <TR>
    <TD>3883.0</TD>
    <TD>241.0743</TD>
    <TD>55.08152</TD>
    <TD>397.633</TD>
    <TD>2289.294</TD>
    <TD>23.2741</TD>
    <TD>0.111</TD>
    <TD>22.8327</TD>
    <TD>0.2217</TD>
    <TD>22.7363</TD>
    <TD>0.1086</TD>
    <TD>0.0</TD>
  </TR>
  <TR>
    <TD>3884.0</TD>
    <TD>241.0747</TD>
    <TD>54.96539</TD>
    <TD>1670.655</TD>
    <TD>2268.283</TD>
    <TD>25.651</TD>
    <TD>0.2855</TD>
    <TD>25.4037</TD>
    <TD>0.3165</TD>
    <TD>25.4037</TD>
    <TD>0.3165</TD>
    <TD>0.36</TD>
  </TR>
  <TR>
    <TD>3885.0</TD>
    <TD>241.0703</TD>
    <TD>54.96852</TD>
    <TD>1637.098</TD>
    <TD>2296.647</TD>
    <TD>22.7656</TD>
    <TD>0.0835</TD>
    <TD>22.3117</TD>
    <TD>0.1255</TD>
    <TD>22.3117</TD>
    <TD>0.1255</TD>
    <TD>0.02</TD>
  </TR>
  <TR>
    <TD>3886.0</TD>
    <TD>241.0753</TD>
    <TD>55.00611</TD>
    <TD>1225.985</TD>
    <TD>2271.536</TD>
    <TD>24.4023</TD>
    <TD>0.1792</TD>
    <TD>23.7168</TD>
    <TD>0.2718</TD>
    <TD>23.7168</TD>
    <TD>0.2718</TD>
    <TD>0.46</TD>
  </TR>
  <TR>
    <TD>3887.0</TD>
    <TD>241.0682</TD>
    <TD>55.04676</TD>
    <TD>781.075</TD>
    <TD>2321.606</TD>
    <TD>19.3619</TD>
    <TD>0.0102</TD>
    <TD>19.3429</TD>
    <TD>0.0123</TD>
    <TD>19.3429</TD>
    <TD>0.0123</TD>
    <TD>0.03</TD>
  </TR>
  <TR>
    <TD>3888.0</TD>
    <TD>241.075</TD>
    <TD>55.07609</TD>
    <TD>457.509</TD>
    <TD>2283.699</TD>
    <TD>22.9375</TD>
    <TD>0.092</TD>
    <TD>22.2104</TD>
    <TD>0.1437</TD>
    <TD>22.2104</TD>
    <TD>0.1437</TD>
    <TD>0.0</TD>
  </TR>
  <TR>
    <TD>3889.0</TD>
    <TD>241.0714</TD>
    <TD>55.03857</TD>
    <TD>870.724</TD>
    <TD>2300.615</TD>
    <TD>21.9528</TD>
    <TD>0.0542</TD>
    <TD>21.6636</TD>
    <TD>0.0817</TD>
    <TD>21.6636</TD>
    <TD>0.0817</TD>
    <TD>0.0</TD>
  </TR>
  <TR>
    <TD>3890.0</TD>
    <TD>241.0768</TD>
    <TD>55.09071</TD>
    <TD>295.922</TD>
    <TD>2274.642</TD>
    <TD>25.0244</TD>
    <TD>0.2581</TD>
    <TD>24.0416</TD>
    <TD>0.3404</TD>
    <TD>24.0416</TD>
    <TD>0.3404</TD>
    <TD>0.36</TD>
  </TR>
  <TR>
    <TD>3891.0</TD>
    <TD>241.0736</TD>
    <TD>55.08893</TD>
    <TD>316.003</TD>
    <TD>2294.577</TD>
    <TD>22.5522</TD>
    <TD>0.0765</TD>
    <TD>22.277</TD>
    <TD>0.096</TD>
    <TD>22.277</TD>
    <TD>0.096</TD>
    <TD>0.0</TD>
  </TR>
  <TR>
    <TD>3892.0</TD>
    <TD>241.0712</TD>
    <TD>54.96004</TD>
    <TD>1729.429</TD>
    <TD>2289.511</TD>
    <TD>23.824</TD>
    <TD>0.1537</TD>
    <TD>23.3475</TD>
    <TD>0.2518</TD>
    <TD>23.3475</TD>
    <TD>0.2518</TD>
    <TD>0.24</TD>
  </TR>
  <TR>
    <TD>3893.0</TD>
    <TD>241.0732</TD>
    <TD>54.95938</TD>
    <TD>1736.394</TD>
    <TD>2276.806</TD>
    <TD>25.8541</TD>
    <TD>0.435</TD>
    <TD>24.5597</TD>
    <TD>0.4235</TD>
    <TD>24.5597</TD>
    <TD>0.4235</TD>
    <TD>0.36</TD>
  </TR>
  <TR>
    <TD>3894.0</TD>
    <TD>241.0752</TD>
    <TD>55.05726</TD>
    <TD>664.807</TD>
    <TD>2280.078</TD>
    <TD>25.0251</TD>
    <TD>0.2426</TD>
    <TD>24.4249</TD>
    <TD>0.3813</TD>
    <TD>24.4249</TD>
    <TD>0.3813</TD>
    <TD>0.36</TD>
  </TR>
  <TR>
    <TD>3895.0</TD>
    <TD>241.0758</TD>
    <TD>55.05084</TD>
    <TD>735.374</TD>
    <TD>2275.3</TD>
    <TD>25.8486</TD>
    <TD>0.3401</TD>
    <TD>25.0932</TD>
    <TD>0.4857</TD>
    <TD>25.0932</TD>
    <TD>0.4857</TD>
    <TD>0.42</TD>
  </TR>
  <TR>
    <TD>3896.0</TD>
    <TD>241.0717</TD>
    <TD>55.11393</TD>
    <TD>39.672</TD>
    <TD>2310.405</TD>
    <TD>22.0115</TD>
    <TD>0.0625</TD>
    <TD>21.2094</TD>
    <TD>0.088</TD>
    <TD>21.2094</TD>
    <TD>0.088</TD>
    <TD>0.0</TD>
  </TR>
  <TR>
    <TD>3897.0</TD>
    <TD>241.0695</TD>
    <TD>55.0455</TD>
    <TD>794.839</TD>
    <TD>2313.502</TD>
    <TD>21.361</TD>
    <TD>0.038</TD>
    <TD>21.0935</TD>
    <TD>0.0532</TD>
    <TD>21.1209</TD>
    <TD>0.0395</TD>
    <TD>0.0</TD>
  </TR>
  <TR>
    <TD>3898.0</TD>
    <TD>241.0712</TD>
    <TD>55.04186</TD>
    <TD>834.642</TD>
    <TD>2302.511</TD>
    <TD>22.4967</TD>
    <TD>0.0707</TD>
    <TD>22.2402</TD>
    <TD>0.1117</TD>
    <TD>22.2402</TD>
    <TD>0.1117</TD>
    <TD>0.01</TD>
  </TR>
  <TR>
    <TD>3899.0</TD>
    <TD>241.0743</TD>
    <TD>55.00615</TD>
    <TD>1225.664</TD>
    <TD>2277.42</TD>
    <TD>25.3726</TD>
    <TD>0.3311</TD>
    <TD>24.6368</TD>
    <TD>0.4544</TD>
    <TD>24.6368</TD>
    <TD>0.4544</TD>
    <TD>0.36</TD>
  </TR>
  <TR>
    <TD>3900.0</TD>
    <TD>241.0717</TD>
    <TD>55.10515</TD>
    <TD>136.855</TD>
    <TD>2309.123</TD>
    <TD>21.2024</TD>
    <TD>0.0305</TD>
    <TD>21.1716</TD>
    <TD>0.0459</TD>
    <TD>21.0655</TD>
    <TD>0.0316</TD>
    <TD>0.01</TD>
  </TR>
  <TR>
    <TD>3901.0</TD>
    <TD>241.0763</TD>
    <TD>55.11018</TD>
    <TD>80.568</TD>
    <TD>2281.052</TD>
    <TD>25.2849</TD>
    <TD>0.2613</TD>
    <TD>24.9367</TD>
    <TD>0.3703</TD>
    <TD>24.9367</TD>
    <TD>0.3703</TD>
    <TD>0.37</TD>
  </TR>
  <TR>
    <TD>3902.0</TD>
    <TD>241.0396</TD>
    <TD>54.94512</TD>
    <TD>1895.427</TD>
    <TD>2483.812</TD>
    <TD>14.0476</TD>
    <TD>4.0E-4</TD>
    <TD>14.0713</TD>
    <TD>4.0E-4</TD>
    <TD>14.0455</TD>
    <TD>4.0E-4</TD>
    <TD>0.71</TD>
  </TR>
  <TR>
    <TD>3903.0</TD>
    <TD>241.0759</TD>
    <TD>55.0856</TD>
    <TD>352.492</TD>
    <TD>2279.529</TD>
    <TD>25.7049</TD>
    <TD>0.3423</TD>
    <TD>24.4527</TD>
    <TD>0.4082</TD>
    <TD>24.4527</TD>
    <TD>0.4082</TD>
    <TD>0.43</TD>
  </TR>
  <TR>
    <TD>3904.0</TD>
    <TD>241.0723</TD>
    <TD>55.00553</TD>
    <TD>1232.611</TD>
    <TD>2290.0</TD>
    <TD>24.6391</TD>
    <TD>0.2032</TD>
    <TD>24.0905</TD>
    <TD>0.3003</TD>
    <TD>24.0905</TD>
    <TD>0.3003</TD>
    <TD>0.5</TD>
  </TR>
  <TR>
    <TD>3905.0</TD>
    <TD>241.0761</TD>
    <TD>55.11638</TD>
    <TD>11.986</TD>
    <TD>2283.021</TD>
    <TD>25.0193</TD>
    <TD>0.2413</TD>
    <TD>24.6288</TD>
    <TD>0.383</TD>
    <TD>24.6288</TD>
    <TD>0.383</TD>
    <TD>0.45</TD>
  </TR>
  <TR>
    <TD>3906.0</TD>
    <TD>241.073</TD>
    <TD>54.97076</TD>
    <TD>1612.352</TD>
    <TD>2280.32</TD>
    <TD>26.1577</TD>
    <TD>0.4482</TD>
    <TD>24.7216</TD>
    <TD>0.4168</TD>
    <TD>24.7216</TD>
    <TD>0.4168</TD>
    <TD>0.45</TD>
  </TR>
  <TR>
    <TD>3907.0</TD>
    <TD>241.0722</TD>
    <TD>55.04818</TD>
    <TD>765.017</TD>
    <TD>2297.353</TD>
    <TD>24.047</TD>
    <TD>0.1697</TD>
    <TD>23.7111</TD>
    <TD>0.288</TD>
    <TD>23.7111</TD>
    <TD>0.288</TD>
    <TD>0.35</TD>
  </TR>
  <TR>
    <TD>3908.0</TD>
    <TD>241.0748</TD>
    <TD>55.05246</TD>
    <TD>717.657</TD>
    <TD>2281.302</TD>
    <TD>26.4489</TD>
    <TD>0.5823</TD>
    <TD>24.8722</TD>
    <TD>0.4044</TD>
    <TD>24.8722</TD>
    <TD>0.4044</TD>
    <TD>0.35</TD>
  </TR>
  <TR>
    <TD>3909.0</TD>
    <TD>241.0676</TD>
    <TD>55.02624</TD>
    <TD>1006.391</TD>
    <TD>2322.601</TD>
    <TD>20.1656</TD>
    <TD>0.0154</TD>
    <TD>20.1365</TD>
    <TD>0.0184</TD>
    <TD>20.1365</TD>
    <TD>0.0184</TD>
    <TD>0.03</TD>
  </TR>
  <TR>
    <TD>3910.0</TD>
    <TD>241.0743</TD>
    <TD>55.05192</TD>
    <TD>723.689</TD>
    <TD>2284.691</TD>
    <TD>25.557</TD>
    <TD>0.2628</TD>
    <TD>24.9807</TD>
    <TD>0.3948</TD>
    <TD>24.9807</TD>
    <TD>0.3948</TD>
    <TD>0.41</TD>
  </TR>
  <TR>
    <TD>3911.0</TD>
    <TD>241.0745</TD>
    <TD>55.10111</TD>
    <TD>181.204</TD>
    <TD>2290.797</TD>
    <TD>24.0699</TD>
    <TD>0.1229</TD>
    <TD>24.0387</TD>
    <TD>0.1795</TD>
    <TD>24.0387</TD>
    <TD>0.1795</TD>
    <TD>0.69</TD>
  </TR>
  <TR>
    <TD>3912.0</TD>
    <TD>241.0722</TD>
    <TD>54.981</TD>
    <TD>1500.677</TD>
    <TD>2286.365</TD>
    <TD>25.7125</TD>
    <TD>0.3014</TD>
    <TD>25.1088</TD>
    <TD>0.5019</TD>
    <TD>25.1088</TD>
    <TD>0.5019</TD>
    <TD>0.35</TD>
  </TR>
  <TR>
    <TD>3913.0</TD>
    <TD>241.0735</TD>
    <TD>55.05174</TD>
    <TD>725.766</TD>
    <TD>2289.275</TD>
    <TD>25.873</TD>
    <TD>0.3978</TD>
    <TD>24.0667</TD>
    <TD>0.2675</TD>
    <TD>24.0667</TD>
    <TD>0.2675</TD>
    <TD>0.36</TD>
  </TR>
  <TR>
    <TD>3914.0</TD>
    <TD>241.0698</TD>
    <TD>54.95068</TD>
    <TD>1831.51</TD>
    <TD>2296.479</TD>
    <TD>23.8006</TD>
    <TD>0.1421</TD>
    <TD>23.5079</TD>
    <TD>0.2009</TD>
    <TD>23.5079</TD>
    <TD>0.2009</TD>
    <TD>0.48</TD>
  </TR>
  <TR>
    <TD>3915.0</TD>
    <TD>241.0733</TD>
    <TD>55.08205</TD>
    <TD>391.976</TD>
    <TD>2295.493</TD>
    <TD>23.7294</TD>
    <TD>0.136</TD>
    <TD>22.8772</TD>
    <TD>0.1809</TD>
    <TD>23.2072</TD>
    <TD>0.1338</TD>
    <TD>0.6</TD>
  </TR>
  <TR>
    <TD>3916.0</TD>
    <TD>241.0726</TD>
    <TD>55.01795</TD>
    <TD>1096.699</TD>
    <TD>2289.852</TD>
    <TD>24.885</TD>
    <TD>0.2409</TD>
    <TD>24.034</TD>
    <TD>0.4109</TD>
    <TD>24.034</TD>
    <TD>0.4109</TD>
    <TD>0.35</TD>
  </TR>
  <TR>
    <TD>3917.0</TD>
    <TD>241.0735</TD>
    <TD>55.10283</TD>
    <TD>162.354</TD>
    <TD>2297.279</TD>
    <TD>23.2267</TD>
    <TD>0.1129</TD>
    <TD>22.793</TD>
    <TD>0.2108</TD>
    <TD>22.793</TD>
    <TD>0.2108</TD>
    <TD>0.37</TD>
  </TR>
  <TR>
    <TD>3918.0</TD>
    <TD>241.0734</TD>
    <TD>55.05857</TD>
    <TD>650.688</TD>
    <TD>2290.947</TD>
    <TD>24.5922</TD>
    <TD>0.2038</TD>
    <TD>23.9436</TD>
    <TD>0.3181</TD>
    <TD>23.9436</TD>
    <TD>0.3181</TD>
    <TD>0.48</TD>
  </TR>
  <TR>
    <TD>3919.0</TD>
    <TD>241.0637</TD>
    <TD>55.03069</TD>
    <TD>958.125</TD>
    <TD>2347.379</TD>
    <TD>19.8626</TD>
    <TD>0.0154</TD>
    <TD>19.8042</TD>
    <TD>0.0195</TD>
    <TD>19.8042</TD>
    <TD>0.0195</TD>
    <TD>0.01</TD>
  </TR>
  <TR>
    <TD>3920.0</TD>
    <TD>241.0728</TD>
    <TD>55.08196</TD>
    <TD>393.026</TD>
    <TD>2298.478</TD>
    <TD>23.5251</TD>
    <TD>0.1198</TD>
    <TD>23.0641</TD>
    <TD>0.142</TD>
    <TD>23.0755</TD>
    <TD>0.1204</TD>
    <TD>0.15</TD>
  </TR>
  <TR>
    <TD>3921.0</TD>
    <TD>241.0691</TD>
    <TD>55.07417</TD>
    <TD>479.392</TD>
    <TD>2320.513</TD>
    <TD>21.9442</TD>
    <TD>0.0548</TD>
    <TD>21.6044</TD>
    <TD>0.08</TD>
    <TD>21.6044</TD>
    <TD>0.08</TD>
    <TD>0.0</TD>
  </TR>
  <TR>
    <TD>3922.0</TD>
    <TD>241.072</TD>
    <TD>55.09002</TD>
    <TD>304.124</TD>
    <TD>2305.003</TD>
    <TD>23.7611</TD>
    <TD>0.1372</TD>
    <TD>23.0772</TD>
    <TD>0.2373</TD>
    <TD>23.0772</TD>
    <TD>0.2373</TD>
    <TD>0.13</TD>
  </TR>
  <TR>
    <TD>3923.0</TD>
    <TD>241.0734</TD>
    <TD>55.08524</TD>
    <TD>356.717</TD>
    <TD>2295.431</TD>
    <TD>24.5398</TD>
    <TD>0.1945</TD>
    <TD>24.0613</TD>
    <TD>0.2314</TD>
    <TD>24.0613</TD>
    <TD>0.2314</TD>
    <TD>0.5</TD>
  </TR>
  <TR>
    <TD>3924.0</TD>
    <TD>241.0708</TD>
    <TD>55.01135</TD>
    <TD>1169.116</TD>
    <TD>2300.127</TD>
    <TD>24.5942</TD>
    <TD>0.2041</TD>
    <TD>24.1113</TD>
    <TD>0.2421</TD>
    <TD>24.1113</TD>
    <TD>0.2421</TD>
    <TD>0.48</TD>
  </TR>
  <TR>
    <TD>3925.0</TD>
    <TD>241.0699</TD>
    <TD>54.94347</TD>
    <TD>1909.991</TD>
    <TD>2294.774</TD>
    <TD>25.6679</TD>
    <TD>0.3311</TD>
    <TD>24.7571</TD>
    <TD>0.5026</TD>
    <TD>24.7571</TD>
    <TD>0.5026</TD>
    <TD>0.36</TD>
  </TR>
  <TR>
    <TD>3926.0</TD>
    <TD>241.0423</TD>
    <TD>55.04572</TD>
    <TD>795.607</TD>
    <TD>2482.958</TD>
    <TD>14.8775</TD>
    <TD>7.0E-4</TD>
    <TD>14.907</TD>
    <TD>6.0E-4</TD>
    <TD>14.907</TD>
    <TD>6.0E-4</TD>
    <TD>0.97</TD>
  </TR>
  <TR>
    <TD>3927.0</TD>
    <TD>241.0725</TD>
    <TD>55.10267</TD>
    <TD>164.283</TD>
    <TD>2303.531</TD>
    <TD>24.4859</TD>
    <TD>0.1853</TD>
    <TD>23.5651</TD>
    <TD>0.2654</TD>
    <TD>24.0483</TD>
    <TD>0.1868</TD>
    <TD>0.27</TD>
  </TR>
  <TR>
    <TD>3928.0</TD>
    <TD>241.0699</TD>
    <TD>54.94767</TD>
    <TD>1864.3</TD>
    <TD>2295.694</TD>
    <TD>26.2522</TD>
    <TD>0.4878</TD>
    <TD>25.0998</TD>
    <TD>0.4978</TD>
    <TD>25.0998</TD>
    <TD>0.4978</TD>
    <TD>0.35</TD>
  </TR>
  <TR>
    <TD>3929.0</TD>
    <TD>241.0701</TD>
    <TD>55.03953</TD>
    <TD>860.322</TD>
    <TD>2308.874</TD>
    <TD>23.5809</TD>
    <TD>0.1323</TD>
    <TD>22.6373</TD>
    <TD>0.192</TD>
    <TD>22.6373</TD>
    <TD>0.192</TD>
    <TD>0.11</TD>
  </TR>
  <TR>
    <TD>3930.0</TD>
    <TD>241.0693</TD>
    <TD>54.99348</TD>
    <TD>1364.759</TD>
    <TD>2306.646</TD>
    <TD>23.7874</TD>
    <TD>0.146</TD>
    <TD>23.2196</TD>
    <TD>0.1735</TD>
    <TD>23.2196</TD>
    <TD>0.1735</TD>
    <TD>0.48</TD>
  </TR>
  <TR>
    <TD>3931.0</TD>
    <TD>241.0571</TD>
    <TD>54.95289</TD>
    <TD>1808.978</TD>
    <TD>2376.418</TD>
    <TD>19.5689</TD>
    <TD>0.0133</TD>
    <TD>19.5383</TD>
    <TD>0.0163</TD>
    <TD>19.5383</TD>
    <TD>0.0163</TD>
    <TD>0.02</TD>
  </TR>
  <TR>
    <TD>3932.0</TD>
    <TD>241.0662</TD>
    <TD>55.01761</TD>
    <TD>1101.136</TD>
    <TD>2329.69</TD>
    <TD>21.0556</TD>
    <TD>0.0282</TD>
    <TD>20.995</TD>
    <TD>0.0362</TD>
    <TD>20.995</TD>
    <TD>0.0362</TD>
    <TD>0.01</TD>
  </TR>
  <TR>
    <TD>3933.0</TD>
    <TD>241.0685</TD>
    <TD>54.95961</TD>
    <TD>1734.423</TD>
    <TD>2306.519</TD>
    <TD>24.581</TD>
    <TD>0.2183</TD>
    <TD>23.45</TD>
    <TD>0.253</TD>
    <TD>23.45</TD>
    <TD>0.253</TD>
    <TD>0.45</TD>
  </TR>
  <TR>
    <TD>3934.0</TD>
    <TD>241.0692</TD>
    <TD>55.05624</TD>
    <TD>676.819</TD>
    <TD>2317.152</TD>
    <TD>23.6066</TD>
    <TD>0.1375</TD>
    <TD>22.8591</TD>
    <TD>0.1683</TD>
    <TD>22.8591</TD>
    <TD>0.1683</TD>
    <TD>0.6</TD>
  </TR>
  <TR>
    <TD>3935.0</TD>
    <TD>241.0617</TD>
    <TD>54.99514</TD>
    <TD>1347.481</TD>
    <TD>2354.234</TD>
    <TD>21.3706</TD>
    <TD>0.0353</TD>
    <TD>21.2482</TD>
    <TD>0.0526</TD>
    <TD>21.2482</TD>
    <TD>0.0526</TD>
    <TD>0.01</TD>
  </TR>
  <TR>
    <TD>3936.0</TD>
    <TD>241.0679</TD>
    <TD>54.94786</TD>
    <TD>1862.465</TD>
    <TD>2308.292</TD>
    <TD>24.7645</TD>
    <TD>0.2273</TD>
    <TD>24.2412</TD>
    <TD>0.2154</TD>
    <TD>24.2412</TD>
    <TD>0.2154</TD>
    <TD>0.39</TD>
  </TR>
  <TR>
    <TD>3937.0</TD>
    <TD>241.0668</TD>
    <TD>55.05569</TD>
    <TD>683.157</TD>
    <TD>2331.684</TD>
    <TD>21.7799</TD>
    <TD>0.045</TD>
    <TD>21.6245</TD>
    <TD>0.0588</TD>
    <TD>21.6245</TD>
    <TD>0.0588</TD>
    <TD>0.0</TD>
  </TR>
  <TR>
    <TD>3938.0</TD>
    <TD>241.0692</TD>
    <TD>55.0155</TD>
    <TD>1123.941</TD>
    <TD>2310.601</TD>
    <TD>24.0886</TD>
    <TD>0.1192</TD>
    <TD>24.2388</TD>
    <TD>0.2061</TD>
    <TD>24.2388</TD>
    <TD>0.2061</TD>
    <TD>0.64</TD>
  </TR>
  <TR>
    <TD>3939.0</TD>
    <TD>241.0596</TD>
    <TD>54.98057</TD>
    <TD>1506.922</TD>
    <TD>2364.741</TD>
    <TD>18.2852</TD>
    <TD>0.0044</TD>
    <TD>18.2962</TD>
    <TD>0.0044</TD>
    <TD>18.2962</TD>
    <TD>0.0044</TD>
    <TD>0.03</TD>
  </TR>
  <TR>
    <TD>3940.0</TD>
    <TD>241.0715</TD>
    <TD>55.08022</TD>
    <TD>412.33</TD>
    <TD>2306.674</TD>
    <TD>26.5383</TD>
    <TD>0.6313</TD>
    <TD>25.5418</TD>
    <TD>0.3583</TD>
    <TD>25.5418</TD>
    <TD>0.3583</TD>
    <TD>0.36</TD>
  </TR>
  <TR>
    <TD>3941.0</TD>
    <TD>241.0695</TD>
    <TD>55.03915</TD>
    <TD>864.498</TD>
    <TD>2312.453</TD>
    <TD>25.031</TD>
    <TD>0.2746</TD>
    <TD>23.6315</TD>
    <TD>0.2562</TD>
    <TD>24.1515</TD>
    <TD>0.2302</TD>
    <TD>0.35</TD>
  </TR>
  <TR>
    <TD>3942.0</TD>
    <TD>241.0677</TD>
    <TD>54.93905</TD>
    <TD>1958.324</TD>
    <TD>2307.653</TD>
    <TD>25.9108</TD>
    <TD>0.3594</TD>
    <TD>25.3988</TD>
    <TD>0.3151</TD>
    <TD>25.3988</TD>
    <TD>0.3151</TD>
    <TD>0.4</TD>
  </TR>
  <TR>
    <TD>3943.0</TD>
    <TD>241.0627</TD>
    <TD>55.10251</TD>
    <TD>167.25</TD>
    <TD>2364.631</TD>
    <TD>19.8253</TD>
    <TD>0.0119</TD>
    <TD>19.8185</TD>
    <TD>0.014</TD>
    <TD>19.8185</TD>
    <TD>0.014</TD>
    <TD>0.03</TD>
  </TR>
  <TR>
    <TD>3944.0</TD>
    <TD>241.0688</TD>
    <TD>55.1079</TD>
    <TD>106.793</TD>
    <TD>2327.104</TD>
    <TD>23.432</TD>
    <TD>0.1245</TD>
    <TD>22.6475</TD>
    <TD>0.1831</TD>
    <TD>22.6475</TD>
    <TD>0.1831</TD>
    <TD>0.62</TD>
  </TR>
  <TR>
    <TD>3945.0</TD>
    <TD>241.0703</TD>
    <TD>55.11543</TD>
    <TD>23.173</TD>
    <TD>2318.882</TD>
    <TD>24.087</TD>
    <TD>0.1502</TD>
    <TD>22.0384</TD>
    <TD>0.1024</TD>
    <TD>23.6975</TD>
    <TD>0.1531</TD>
    <TD>0.48</TD>
  </TR>
  <TR>
    <TD>3946.0</TD>
    <TD>241.0665</TD>
    <TD>54.95317</TD>
    <TD>1804.811</TD>
    <TD>2317.909</TD>
    <TD>24.3396</TD>
    <TD>0.1821</TD>
    <TD>23.5601</TD>
    <TD>0.2872</TD>
    <TD>23.5601</TD>
    <TD>0.2872</TD>
    <TD>0.58</TD>
  </TR>
  <TR>
    <TD>3947.0</TD>
    <TD>241.0711</TD>
    <TD>55.1119</TD>
    <TD>62.234</TD>
    <TD>2313.766</TD>
    <TD>25.0765</TD>
    <TD>0.2363</TD>
    <TD>23.7545</TD>
    <TD>0.2439</TD>
    <TD>23.7545</TD>
    <TD>0.2439</TD>
    <TD>0.39</TD>
  </TR>
  <TR>
    <TD>3948.0</TD>
    <TD>241.0706</TD>
    <TD>55.10843</TD>
    <TD>100.681</TD>
    <TD>2316.338</TD>
    <TD>24.8346</TD>
    <TD>0.2048</TD>
    <TD>23.9944</TD>
    <TD>0.2897</TD>
    <TD>23.9944</TD>
    <TD>0.2897</TD>
    <TD>0.36</TD>
  </TR>
  <TR>
    <TD>3949.0</TD>
    <TD>241.0708</TD>
    <TD>55.11076</TD>
    <TD>74.837</TD>
    <TD>2315.338</TD>
    <TD>24.2077</TD>
    <TD>0.1672</TD>
    <TD>22.9937</TD>
    <TD>0.1599</TD>
    <TD>22.9937</TD>
    <TD>0.1599</TD>
    <TD>0.36</TD>
  </TR>
  <TR>
    <TD>3950.0</TD>
    <TD>241.068</TD>
    <TD>54.98502</TD>
    <TD>1457.279</TD>
    <TD>2313.316</TD>
    <TD>25.612</TD>
    <TD>0.2758</TD>
    <TD>25.2384</TD>
    <TD>0.38</TD>
    <TD>25.2384</TD>
    <TD>0.38</TD>
    <TD>0.41</TD>
  </TR>
  <TR>
    <TD>3951.0</TD>
    <TD>241.0702</TD>
    <TD>55.09028</TD>
    <TD>301.459</TD>
    <TD>2316.04</TD>
    <TD>25.1879</TD>
    <TD>0.261</TD>
    <TD>23.9097</TD>
    <TD>0.281</TD>
    <TD>23.9097</TD>
    <TD>0.281</TD>
    <TD>0.44</TD>
  </TR>
  <TR>
    <TD>3952.0</TD>
    <TD>241.0705</TD>
    <TD>55.08573</TD>
    <TD>351.636</TD>
    <TD>2313.304</TD>
    <TD>26.1401</TD>
    <TD>0.4411</TD>
    <TD>24.8114</TD>
    <TD>0.4158</TD>
    <TD>24.8114</TD>
    <TD>0.4158</TD>
    <TD>0.35</TD>
  </TR>
  <TR>
    <TD>3953.0</TD>
    <TD>241.0709</TD>
    <TD>55.10988</TD>
    <TD>84.663</TD>
    <TD>2314.701</TD>
    <TD>25.8393</TD>
    <TD>0.3373</TD>
    <TD>24.9053</TD>
    <TD>0.4091</TD>
    <TD>24.9053</TD>
    <TD>0.4091</TD>
    <TD>0.35</TD>
  </TR>
  <TR>
    <TD>3954.0</TD>
    <TD>241.0664</TD>
    <TD>54.96083</TD>
    <TD>1721.355</TD>
    <TD>2319.521</TD>
    <TD>24.4499</TD>
    <TD>0.1941</TD>
    <TD>23.6948</TD>
    <TD>0.2943</TD>
    <TD>23.6948</TD>
    <TD>0.2943</TD>
    <TD>0.45</TD>
  </TR>
  <TR>
    <TD>3955.0</TD>
    <TD>241.0672</TD>
    <TD>55.04227</TD>
    <TD>830.521</TD>
    <TD>2327.487</TD>
    <TD>23.6156</TD>
    <TD>0.1321</TD>
    <TD>22.599</TD>
    <TD>0.182</TD>
    <TD>22.599</TD>
    <TD>0.182</TD>
    <TD>0.62</TD>
  </TR>
  <TR>
    <TD>3956.0</TD>
    <TD>241.0656</TD>
    <TD>55.09449</TD>
    <TD>255.484</TD>
    <TD>2345.584</TD>
    <TD>22.0163</TD>
    <TD>0.0587</TD>
    <TD>21.6925</TD>
    <TD>0.086</TD>
    <TD>21.6925</TD>
    <TD>0.086</TD>
    <TD>0.0</TD>
  </TR>
  <TR>
    <TD>3957.0</TD>
    <TD>241.0695</TD>
    <TD>55.09996</TD>
    <TD>194.6</TD>
    <TD>2321.873</TD>
    <TD>22.6836</TD>
    <TD>0.0437</TD>
    <TD>22.7232</TD>
    <TD>0.0583</TD>
    <TD>22.7232</TD>
    <TD>0.0583</TD>
    <TD>0.94</TD>
  </TR>
  <TR>
    <TD>3958.0</TD>
    <TD>241.0347</TD>
    <TD>54.97036</TD>
    <TD>1621.047</TD>
    <TD>2518.124</TD>
    <TD>15.9265</TD>
    <TD>0.0015</TD>
    <TD>15.957</TD>
    <TD>0.0015</TD>
    <TD>15.957</TD>
    <TD>0.0015</TD>
    <TD>0.03</TD>
  </TR>
  <TR>
    <TD>3959.0</TD>
    <TD>241.0705</TD>
    <TD>55.11181</TD>
    <TD>63.307</TD>
    <TD>2317.308</TD>
    <TD>25.9747</TD>
    <TD>0.3805</TD>
    <TD>24.5849</TD>
    <TD>0.3679</TD>
    <TD>24.5849</TD>
    <TD>0.3679</TD>
    <TD>0.36</TD>
  </TR>
  <TR>
    <TD>3960.0</TD>
    <TD>241.0685</TD>
    <TD>55.10552</TD>
    <TD>133.2</TD>
    <TD>2328.664</TD>
    <TD>23.9385</TD>
    <TD>0.1433</TD>
    <TD>23.093</TD>
    <TD>0.2693</TD>
    <TD>23.093</TD>
    <TD>0.2693</TD>
    <TD>0.49</TD>
  </TR>
  <TR>
    <TD>3961.0</TD>
    <TD>241.069</TD>
    <TD>55.11153</TD>
    <TD>66.548</TD>
    <TD>2326.43</TD>
    <TD>24.2942</TD>
    <TD>0.1806</TD>
    <TD>23.4694</TD>
    <TD>0.2702</TD>
    <TD>23.4694</TD>
    <TD>0.2702</TD>
    <TD>0.37</TD>
  </TR>
  <TR>
    <TD>3962.0</TD>
    <TD>241.0696</TD>
    <TD>55.11139</TD>
    <TD>68.056</TD>
    <TD>2322.912</TD>
    <TD>24.399</TD>
    <TD>0.192</TD>
    <TD>22.942</TD>
    <TD>0.1748</TD>
    <TD>23.7775</TD>
    <TD>0.1821</TD>
    <TD>0.41</TD>
  </TR>
  <TR>
    <TD>3963.0</TD>
    <TD>241.0627</TD>
    <TD>55.09652</TD>
    <TD>233.467</TD>
    <TD>2363.822</TD>
    <TD>19.7157</TD>
    <TD>0.0117</TD>
    <TD>19.6883</TD>
    <TD>0.0135</TD>
    <TD>19.6883</TD>
    <TD>0.0135</TD>
    <TD>0.03</TD>
  </TR>
  <TR>
    <TD>3964.0</TD>
    <TD>241.0653</TD>
    <TD>55.05028</TD>
    <TD>742.751</TD>
    <TD>2340.503</TD>
    <TD>23.3027</TD>
    <TD>0.1109</TD>
    <TD>22.6547</TD>
    <TD>0.1729</TD>
    <TD>22.6547</TD>
    <TD>0.1729</TD>
    <TD>0.64</TD>
  </TR>
  <TR>
    <TD>3965.0</TD>
    <TD>241.0679</TD>
    <TD>55.11295</TD>
    <TD>50.994</TD>
    <TD>2333.787</TD>
    <TD>23.6228</TD>
    <TD>0.1307</TD>
    <TD>22.9447</TD>
    <TD>0.2224</TD>
    <TD>22.9447</TD>
    <TD>0.2224</TD>
    <TD>0.05</TD>
  </TR>
  <TR>
    <TD>3966.0</TD>
    <TD>241.0625</TD>
    <TD>55.10542</TD>
    <TD>135.016</TD>
    <TD>2366.522</TD>
    <TD>20.2417</TD>
    <TD>0.0168</TD>
    <TD>20.1464</TD>
    <TD>0.0213</TD>
    <TD>20.1641</TD>
    <TD>0.0172</TD>
    <TD>0.02</TD>
  </TR>
  <TR>
    <TD>3967.0</TD>
    <TD>241.0612</TD>
    <TD>55.05896</TD>
    <TD>647.873</TD>
    <TD>2367.486</TD>
    <TD>20.6886</TD>
    <TD>0.0247</TD>
    <TD>20.6224</TD>
    <TD>0.0325</TD>
    <TD>20.6224</TD>
    <TD>0.0325</TD>
    <TD>0.0</TD>
  </TR>
  <TR>
    <TD>3968.0</TD>
    <TD>241.0581</TD>
    <TD>55.0407</TD>
    <TD>848.909</TD>
    <TD>2383.846</TD>
    <TD>19.8597</TD>
    <TD>0.0164</TD>
    <TD>19.7192</TD>
    <TD>0.0249</TD>
    <TD>19.7192</TD>
    <TD>0.0249</TD>
    <TD>0.0</TD>
  </TR>
  <TR>
    <TD>3969.0</TD>
    <TD>241.0651</TD>
    <TD>55.01278</TD>
    <TD>1154.199</TD>
    <TD>2335.813</TD>
    <TD>24.1935</TD>
    <TD>0.1702</TD>
    <TD>23.2019</TD>
    <TD>0.2192</TD>
    <TD>23.2019</TD>
    <TD>0.2192</TD>
    <TD>0.48</TD>
  </TR>
  <TR>
    <TD>3970.0</TD>
    <TD>241.0681</TD>
    <TD>55.11717</TD>
    <TD>4.173</TD>
    <TD>2332.834</TD>
    <TD>24.5541</TD>
    <TD>0.1884</TD>
    <TD>23.0997</TD>
    <TD>0.1939</TD>
    <TD>23.0997</TD>
    <TD>0.1939</TD>
    <TD>0.49</TD>
  </TR>
  <TR>
    <TD>3971.0</TD>
    <TD>241.0528</TD>
    <TD>55.00555</TD>
    <TD>1234.657</TD>
    <TD>2411.175</TD>
    <TD>16.3404</TD>
    <TD>0.0014</TD>
    <TD>16.3565</TD>
    <TD>0.0013</TD>
    <TD>16.3565</TD>
    <TD>0.0013</TD>
    <TD>0.13</TD>
  </TR>
  <TR>
    <TD>3972.0</TD>
    <TD>241.0638</TD>
    <TD>55.10587</TD>
    <TD>129.928</TD>
    <TD>2358.291</TD>
    <TD>21.0374</TD>
    <TD>0.0259</TD>
    <TD>20.8381</TD>
    <TD>0.0311</TD>
    <TD>20.9383</TD>
    <TD>0.0267</TD>
    <TD>0.01</TD>
  </TR>
  <TR>
    <TD>3973.0</TD>
    <TD>241.0657</TD>
    <TD>55.08847</TD>
    <TD>321.986</TD>
    <TD>2344.048</TD>
    <TD>23.4071</TD>
    <TD>0.1218</TD>
    <TD>22.7147</TD>
    <TD>0.1802</TD>
    <TD>22.7147</TD>
    <TD>0.1802</TD>
    <TD>0.53</TD>
  </TR>
  <TR>
    <TD>3974.0</TD>
    <TD>241.0657</TD>
    <TD>55.11651</TD>
    <TD>11.8</TD>
    <TD>2348.013</TD>
    <TD>22.6188</TD>
    <TD>0.0817</TD>
    <TD>21.5216</TD>
    <TD>0.0932</TD>
    <TD>21.5216</TD>
    <TD>0.0932</TD>
    <TD>0.01</TD>
  </TR>
  <TR>
    <TD>3975.0</TD>
    <TD>241.067</TD>
    <TD>55.11624</TD>
    <TD>14.608</TD>
    <TD>2339.673</TD>
    <TD>23.8719</TD>
    <TD>0.1514</TD>
    <TD>22.3799</TD>
    <TD>0.1257</TD>
    <TD>23.2344</TD>
    <TD>0.1427</TD>
    <TD>0.36</TD>
  </TR>
  <TR>
    <TD>3976.0</TD>
    <TD>241.0671</TD>
    <TD>55.11682</TD>
    <TD>8.139</TD>
    <TD>2339.093</TD>
    <TD>24.4084</TD>
    <TD>0.1801</TD>
    <TD>22.7169</TD>
    <TD>0.1663</TD>
    <TD>23.9564</TD>
    <TD>0.1809</TD>
    <TD>0.47</TD>
  </TR>
  <TR>
    <TD>3977.0</TD>
    <TD>241.0444</TD>
    <TD>54.96712</TD>
    <TD>1655.275</TD>
    <TD>2457.42</TD>
    <TD>19.5674</TD>
    <TD>0.0101</TD>
    <TD>19.5276</TD>
    <TD>0.0115</TD>
    <TD>19.5281</TD>
    <TD>0.0103</TD>
    <TD>0.03</TD>
  </TR>
  <TR>
    <TD>3978.0</TD>
    <TD>241.0677</TD>
    <TD>55.09727</TD>
    <TD>224.5</TD>
    <TD>2332.469</TD>
    <TD>25.6614</TD>
    <TD>0.3292</TD>
    <TD>25.3352</TD>
    <TD>0.5704</TD>
    <TD>25.3352</TD>
    <TD>0.5704</TD>
    <TD>0.41</TD>
  </TR>
  <TR>
    <TD>3979.0</TD>
    <TD>241.0632</TD>
    <TD>54.96616</TD>
    <TD>1663.677</TD>
    <TD>2340.156</TD>
    <TD>24.6581</TD>
    <TD>0.2067</TD>
    <TD>24.147</TD>
    <TD>0.3468</TD>
    <TD>24.147</TD>
    <TD>0.3468</TD>
    <TD>0.48</TD>
  </TR>
  <TR>
    <TD>3980.0</TD>
    <TD>241.064</TD>
    <TD>55.05983</TD>
    <TD>637.901</TD>
    <TD>2350.165</TD>
    <TD>22.1888</TD>
    <TD>0.0543</TD>
    <TD>22.0812</TD>
    <TD>0.0729</TD>
    <TD>22.0812</TD>
    <TD>0.0729</TD>
    <TD>0.01</TD>
  </TR>
  <TR>
    <TD>3981.0</TD>
    <TD>241.0644</TD>
    <TD>54.99738</TD>
    <TD>1322.697</TD>
    <TD>2337.725</TD>
    <TD>24.8974</TD>
    <TD>0.2165</TD>
    <TD>24.5767</TD>
    <TD>0.2672</TD>
    <TD>24.5767</TD>
    <TD>0.2672</TD>
    <TD>0.4</TD>
  </TR>
  <TR>
    <TD>3982.0</TD>
    <TD>241.0571</TD>
    <TD>55.00263</TD>
    <TD>1266.126</TD>
    <TD>2384.304</TD>
    <TD>21.3173</TD>
    <TD>0.0372</TD>
    <TD>21.1591</TD>
    <TD>0.0587</TD>
    <TD>21.1591</TD>
    <TD>0.0587</TD>
    <TD>0.0</TD>
  </TR>
  <TR>
    <TD>3983.0</TD>
    <TD>241.0626</TD>
    <TD>55.02423</TD>
    <TD>1028.999</TD>
    <TD>2353.481</TD>
    <TD>22.938</TD>
    <TD>0.0883</TD>
    <TD>22.7661</TD>
    <TD>0.1207</TD>
    <TD>22.7661</TD>
    <TD>0.1207</TD>
    <TD>0.0</TD>
  </TR>
  <TR>
    <TD>3984.0</TD>
    <TD>241.0674</TD>
    <TD>55.10575</TD>
    <TD>130.791</TD>
    <TD>2335.973</TD>
    <TD>25.4924</TD>
    <TD>0.3144</TD>
    <TD>24.5081</TD>
    <TD>0.3847</TD>
    <TD>24.5081</TD>
    <TD>0.3847</TD>
    <TD>0.37</TD>
  </TR>
  <TR>
    <TD>3985.0</TD>
    <TD>241.0645</TD>
    <TD>55.01278</TD>
    <TD>1154.26</TD>
    <TD>2339.411</TD>
    <TD>23.946</TD>
    <TD>0.1404</TD>
    <TD>23.5146</TD>
    <TD>0.2446</TD>
    <TD>23.5601</TD>
    <TD>0.1432</TD>
    <TD>0.52</TD>
  </TR>
  <TR>
    <TD>3986.0</TD>
    <TD>241.0635</TD>
    <TD>54.94311</TD>
    <TD>1914.687</TD>
    <TD>2334.63</TD>
    <TD>25.7073</TD>
    <TD>0.3</TD>
    <TD>25.3417</TD>
    <TD>0.5087</TD>
    <TD>25.3417</TD>
    <TD>0.5087</TD>
    <TD>0.42</TD>
  </TR>
  <TR>
    <TD>3987.0</TD>
    <TD>241.0634</TD>
    <TD>55.04445</TD>
    <TD>807.068</TD>
    <TD>2351.102</TD>
    <TD>23.4948</TD>
    <TD>0.1225</TD>
    <TD>22.6264</TD>
    <TD>0.1955</TD>
    <TD>22.9645</TD>
    <TD>0.1201</TD>
    <TD>0.51</TD>
  </TR>
  <TR>
    <TD>3988.0</TD>
    <TD>241.0661</TD>
    <TD>55.08391</TD>
    <TD>372.263</TD>
    <TD>2340.695</TD>
    <TD>24.0931</TD>
    <TD>0.1254</TD>
    <TD>24.1448</TD>
    <TD>0.1935</TD>
    <TD>24.1448</TD>
    <TD>0.1935</TD>
    <TD>0.69</TD>
  </TR>
  <TR>
    <TD>3989.0</TD>
    <TD>241.0568</TD>
    <TD>55.05017</TD>
    <TD>745.02</TD>
    <TD>2393.569</TD>
    <TD>18.1288</TD>
    <TD>0.0040</TD>
    <TD>18.1385</TD>
    <TD>0.0039</TD>
    <TD>18.1385</TD>
    <TD>0.0039</TD>
    <TD>0.04</TD>
  </TR>
  <TR>
    <TD>3990.0</TD>
    <TD>241.0622</TD>
    <TD>54.94887</TD>
    <TD>1852.088</TD>
    <TD>2343.526</TD>
    <TD>24.5501</TD>
    <TD>0.1693</TD>
    <TD>24.4023</TD>
    <TD>0.2227</TD>
    <TD>24.4023</TD>
    <TD>0.2227</TD>
    <TD>0.63</TD>
  </TR>
  <TR>
    <TD>3991.0</TD>
    <TD>241.0573</TD>
    <TD>54.97214</TD>
    <TD>1599.163</TD>
    <TD>2377.924</TD>
    <TD>19.5152</TD>
    <TD>0.01</TD>
    <TD>19.4966</TD>
    <TD>0.0116</TD>
    <TD>19.4966</TD>
    <TD>0.0116</TD>
    <TD>0.03</TD>
  </TR>
  <TR>
    <TD>3992.0</TD>
    <TD>241.0632</TD>
    <TD>54.99209</TD>
    <TD>1380.658</TD>
    <TD>2344.323</TD>
    <TD>25.7254</TD>
    <TD>0.3049</TD>
    <TD>24.9731</TD>
    <TD>0.4434</TD>
    <TD>24.9731</TD>
    <TD>0.4434</TD>
    <TD>0.42</TD>
  </TR>
  <TR>
    <TD>3993.0</TD>
    <TD>241.0598</TD>
    <TD>55.09369</TD>
    <TD>265.123</TD>
    <TD>2381.301</TD>
    <TD>22.448</TD>
    <TD>0.0749</TD>
    <TD>22.0426</TD>
    <TD>0.1237</TD>
    <TD>22.0426</TD>
    <TD>0.1237</TD>
    <TD>0.0</TD>
  </TR>
  <TR>
    <TD>3994.0</TD>
    <TD>241.0641</TD>
    <TD>55.0447</TD>
    <TD>804.285</TD>
    <TD>2347.051</TD>
    <TD>24.6776</TD>
    <TD>0.2199</TD>
    <TD>22.9689</TD>
    <TD>0.1715</TD>
    <TD>24.0334</TD>
    <TD>0.2067</TD>
    <TD>0.36</TD>
  </TR>
  <TR>
    <TD>3995.0</TD>
    <TD>241.0635</TD>
    <TD>55.00624</TD>
    <TD>1225.948</TD>
    <TD>2344.491</TD>
    <TD>25.5096</TD>
    <TD>0.348</TD>
    <TD>24.2934</TD>
    <TD>0.3351</TD>
    <TD>24.2934</TD>
    <TD>0.3351</TD>
    <TD>0.35</TD>
  </TR>
  <TR>
    <TD>3996.0</TD>
    <TD>241.0598</TD>
    <TD>54.98777</TD>
    <TD>1428.273</TD>
    <TD>2364.658</TD>
    <TD>24.0815</TD>
    <TD>0.1627</TD>
    <TD>22.7027</TD>
    <TD>0.1892</TD>
    <TD>23.5154</TD>
    <TD>0.1576</TD>
    <TD>0.56</TD>
  </TR>
  <TR>
    <TD>3997.0</TD>
    <TD>241.0612</TD>
    <TD>54.98352</TD>
    <TD>1474.47</TD>
    <TD>2355.325</TD>
    <TD>24.1833</TD>
    <TD>0.1686</TD>
    <TD>23.7224</TD>
    <TD>0.2472</TD>
    <TD>23.7224</TD>
    <TD>0.2472</TD>
    <TD>0.53</TD>
  </TR>
  <TR>
    <TD>3998.0</TD>
    <TD>241.0655</TD>
    <TD>55.1123</TD>
    <TD>58.48</TD>
    <TD>2348.468</TD>
    <TD>25.1256</TD>
    <TD>0.205</TD>
    <TD>26.1972</TD>
    <TD>0.9104</TD>
    <TD>26.1972</TD>
    <TD>0.9104</TD>
    <TD>0.41</TD>
  </TR>
  <TR>
    <TD>3999.0</TD>
    <TD>241.063</TD>
    <TD>55.01651</TD>
    <TD>1113.572</TD>
    <TD>2349.525</TD>
    <TD>24.7821</TD>
    <TD>0.1521</TD>
    <TD>24.8334</TD>
    <TD>0.2636</TD>
    <TD>24.8334</TD>
    <TD>0.2636</TD>
    <TD>0.53</TD>
  </TR>
  <TR>
    <TD>4000.0</TD>
    <TD>241.061</TD>
    <TD>54.99761</TD>
    <TD>1320.604</TD>
    <TD>2359.308</TD>
    <TD>24.518</TD>
    <TD>0.1986</TD>
    <TD>24.0049</TD>
    <TD>0.2382</TD>
    <TD>24.0049</TD>
    <TD>0.2382</TD>
    <TD>0.44</TD>
  </TR>
  <TR>
    <TD>4001.0</TD>
    <TD>241.0626</TD>
    <TD>55.01958</TD>
    <TD>1079.961</TD>
    <TD>2352.702</TD>
    <TD>24.3666</TD>
    <TD>0.1358</TD>
    <TD>24.411</TD>
    <TD>0.2068</TD>
    <TD>24.411</TD>
    <TD>0.2068</TD>
    <TD>0.71</TD>
  </TR>
  <TR>
    <TD>4002.0</TD>
    <TD>241.0625</TD>
    <TD>55.06713</TD>
    <TD>557.766</TD>
    <TD>2360.238</TD>
    <TD>23.9787</TD>
    <TD>0.17</TD>
    <TD>23.7553</TD>
    <TD>0.2329</TD>
    <TD>23.7553</TD>
    <TD>0.2329</TD>
    <TD>0.17</TD>
  </TR>
  <TR>
    <TD>4003.0</TD>
    <TD>241.0564</TD>
    <TD>54.97973</TD>
    <TD>1516.359</TD>
    <TD>2384.974</TD>
    <TD>21.6194</TD>
    <TD>0.0444</TD>
    <TD>21.3056</TD>
    <TD>0.071</TD>
    <TD>21.342</TD>
    <TD>0.046</TD>
    <TD>0.0</TD>
  </TR>
  <TR>
    <TD>4004.0</TD>
    <TD>241.0635</TD>
    <TD>55.06817</TD>
    <TD>546.107</TD>
    <TD>2354.192</TD>
    <TD>25.0896</TD>
    <TD>0.2736</TD>
    <TD>24.1802</TD>
    <TD>0.3575</TD>
    <TD>24.1802</TD>
    <TD>0.3575</TD>
    <TD>0.31</TD>
  </TR>
  <TR>
    <TD>4005.0</TD>
    <TD>241.0647</TD>
    <TD>55.11501</TD>
    <TD>28.506</TD>
    <TD>2353.979</TD>
    <TD>25.278</TD>
    <TD>0.2828</TD>
    <TD>23.4986</TD>
    <TD>0.2152</TD>
    <TD>23.4986</TD>
    <TD>0.2152</TD>
    <TD>0.42</TD>
  </TR>
  <TR>
    <TD>4006.0</TD>
    <TD>241.0626</TD>
    <TD>55.02153</TD>
    <TD>1058.666</TD>
    <TD>2352.656</TD>
    <TD>25.7808</TD>
    <TD>0.3202</TD>
    <TD>25.4809</TD>
    <TD>0.3392</TD>
    <TD>25.4809</TD>
    <TD>0.3392</TD>
    <TD>0.36</TD>
  </TR>
  <TR>
    <TD>4007.0</TD>
    <TD>241.0646</TD>
    <TD>55.11387</TD>
    <TD>41.219</TD>
    <TD>2354.634</TD>
    <TD>24.8932</TD>
    <TD>0.255</TD>
    <TD>23.2596</TD>
    <TD>0.2363</TD>
    <TD>23.2596</TD>
    <TD>0.2363</TD>
    <TD>0.36</TD>
  </TR>
  <TR>
    <TD>4008.0</TD>
    <TD>241.063</TD>
    <TD>55.05132</TD>
    <TD>731.611</TD>
    <TD>2355.239</TD>
    <TD>25.3283</TD>
    <TD>0.2716</TD>
    <TD>24.5293</TD>
    <TD>0.3716</TD>
    <TD>24.5293</TD>
    <TD>0.3716</TD>
    <TD>0.42</TD>
  </TR>
  <TR>
    <TD>4009.0</TD>
    <TD>241.0622</TD>
    <TD>55.03647</TD>
    <TD>894.872</TD>
    <TD>2357.777</TD>
    <TD>24.0849</TD>
    <TD>0.1674</TD>
    <TD>23.6657</TD>
    <TD>0.2954</TD>
    <TD>23.6657</TD>
    <TD>0.2954</TD>
    <TD>0.35</TD>
  </TR>
  <TR>
    <TD>4010.0</TD>
    <TD>241.0606</TD>
    <TD>55.07678</TD>
    <TD>451.635</TD>
    <TD>2373.658</TD>
    <TD>22.0192</TD>
    <TD>0.0518</TD>
    <TD>21.8504</TD>
    <TD>0.0682</TD>
    <TD>21.8504</TD>
    <TD>0.0682</TD>
    <TD>0.0</TD>
  </TR>
  <TR>
    <TD>4011.0</TD>
    <TD>241.0622</TD>
    <TD>55.01906</TD>
    <TD>1085.674</TD>
    <TD>2354.677</TD>
    <TD>25.9608</TD>
    <TD>0.3758</TD>
    <TD>24.6476</TD>
    <TD>0.4092</TD>
    <TD>24.6476</TD>
    <TD>0.4092</TD>
    <TD>0.35</TD>
  </TR>
  <TR>
    <TD>4012.0</TD>
    <TD>241.0566</TD>
    <TD>54.98807</TD>
    <TD>1425.37</TD>
    <TD>2385.17</TD>
    <TD>22.0438</TD>
    <TD>0.0551</TD>
    <TD>21.8508</TD>
    <TD>0.0707</TD>
    <TD>21.8508</TD>
    <TD>0.0707</TD>
    <TD>0.0</TD>
  </TR>
  <TR>
    <TD>4013.0</TD>
    <TD>241.061</TD>
    <TD>55.02036</TD>
    <TD>1071.617</TD>
    <TD>2362.877</TD>
    <TD>24.1454</TD>
    <TD>0.163</TD>
    <TD>23.2918</TD>
    <TD>0.2933</TD>
    <TD>23.2918</TD>
    <TD>0.2933</TD>
    <TD>0.47</TD>
  </TR>
  <TR>
    <TD>4014.0</TD>
    <TD>241.064</TD>
    <TD>55.09893</TD>
    <TD>206.642</TD>
    <TD>2355.697</TD>
    <TD>25.8602</TD>
    <TD>0.3436</TD>
    <TD>25.4808</TD>
    <TD>0.3392</TD>
    <TD>25.4808</TD>
    <TD>0.3392</TD>
    <TD>0.4</TD>
  </TR>
  <TR>
    <TD>4015.0</TD>
    <TD>241.0632</TD>
    <TD>55.0628</TD>
    <TD>605.296</TD>
    <TD>2355.636</TD>
    <TD>26.0416</TD>
    <TD>0.4039</TD>
    <TD>24.9662</TD>
    <TD>0.4406</TD>
    <TD>24.9662</TD>
    <TD>0.4406</TD>
    <TD>0.35</TD>
  </TR>
  <TR>
    <TD>4016.0</TD>
    <TD>241.0601</TD>
    <TD>55.03118</TD>
    <TD>953.092</TD>
    <TD>2370.111</TD>
    <TD>23.292</TD>
    <TD>0.1084</TD>
    <TD>22.6032</TD>
    <TD>0.1687</TD>
    <TD>22.6032</TD>
    <TD>0.1687</TD>
    <TD>0.0</TD>
  </TR>
  <TR>
    <TD>4017.0</TD>
    <TD>241.0612</TD>
    <TD>55.01454</TD>
    <TD>1135.296</TD>
    <TD>2360.171</TD>
    <TD>25.1594</TD>
    <TD>0.2735</TD>
    <TD>24.5422</TD>
    <TD>0.4394</TD>
    <TD>24.5422</TD>
    <TD>0.4394</TD>
    <TD>0.38</TD>
  </TR>
  <TR>
    <TD>4018.0</TD>
    <TD>241.0633</TD>
    <TD>55.09884</TD>
    <TD>207.761</TD>
    <TD>2360.226</TD>
    <TD>24.661</TD>
    <TD>0.2167</TD>
    <TD>24.0424</TD>
    <TD>0.3311</TD>
    <TD>24.0424</TD>
    <TD>0.3311</TD>
    <TD>0.47</TD>
  </TR>
  <TR>
    <TD>4019.0</TD>
    <TD>241.0564</TD>
    <TD>54.97809</TD>
    <TD>1534.266</TD>
    <TD>2384.715</TD>
    <TD>20.9355</TD>
    <TD>0.0255</TD>
    <TD>20.8544</TD>
    <TD>0.0319</TD>
    <TD>20.8544</TD>
    <TD>0.0319</TD>
    <TD>0.02</TD>
  </TR>
  <TR>
    <TD>4020.0</TD>
    <TD>241.0638</TD>
    <TD>55.11647</TD>
    <TD>12.496</TD>
    <TD>2359.98</TD>
    <TD>25.6043</TD>
    <TD>0.3129</TD>
    <TD>24.8947</TD>
    <TD>0.548</TD>
    <TD>24.8947</TD>
    <TD>0.548</TD>
    <TD>0.38</TD>
  </TR>
  <TR>
    <TD>4021.0</TD>
    <TD>241.0563</TD>
    <TD>55.08617</TD>
    <TD>348.491</TD>
    <TD>2401.718</TD>
    <TD>21.5825</TD>
    <TD>0.0428</TD>
    <TD>21.4576</TD>
    <TD>0.0802</TD>
    <TD>21.4576</TD>
    <TD>0.0802</TD>
    <TD>0.0</TD>
  </TR>
  <TR>
    <TD>4022.0</TD>
    <TD>241.0632</TD>
    <TD>55.11373</TD>
    <TD>42.977</TD>
    <TD>2363.22</TD>
    <TD>24.7812</TD>
    <TD>0.2307</TD>
    <TD>23.5794</TD>
    <TD>0.2328</TD>
    <TD>23.5794</TD>
    <TD>0.2328</TD>
    <TD>0.37</TD>
  </TR>
  <TR>
    <TD>4023.0</TD>
    <TD>241.064</TD>
    <TD>55.11396</TD>
    <TD>40.32</TD>
    <TD>2358.33</TD>
    <TD>25.992</TD>
    <TD>0.3864</TD>
    <TD>24.6889</TD>
    <TD>0.425</TD>
    <TD>25.4647</TD>
    <TD>0.3794</TD>
    <TD>0.36</TD>
  </TR>
  <TR>
    <TD>4024.0</TD>
    <TD>241.0556</TD>
    <TD>55.09574</TD>
    <TD>242.962</TD>
    <TD>2408.126</TD>
    <TD>19.8618</TD>
    <TD>0.0138</TD>
    <TD>19.8177</TD>
    <TD>0.0165</TD>
    <TD>19.8177</TD>
    <TD>0.0165</TD>
    <TD>0.02</TD>
  </TR>
  <TR>
    <TD>4025.0</TD>
    <TD>241.0595</TD>
    <TD>55.06556</TD>
    <TD>575.425</TD>
    <TD>2378.751</TD>
    <TD>23.3616</TD>
    <TD>0.1185</TD>
    <TD>22.7513</TD>
    <TD>0.1888</TD>
    <TD>22.7513</TD>
    <TD>0.1888</TD>
    <TD>0.0</TD>
  </TR>
  <TR>
    <TD>4026.0</TD>
    <TD>241.0603</TD>
    <TD>55.10457</TD>
    <TD>144.657</TD>
    <TD>2380.062</TD>
    <TD>22.9637</TD>
    <TD>0.0932</TD>
    <TD>22.6355</TD>
    <TD>0.179</TD>
    <TD>22.6355</TD>
    <TD>0.179</TD>
    <TD>0.17</TD>
  </TR>
  <TR>
    <TD>4027.0</TD>
    <TD>241.0588</TD>
    <TD>54.99981</TD>
    <TD>1296.788</TD>
    <TD>2373.009</TD>
    <TD>24.4525</TD>
    <TD>0.2146</TD>
    <TD>23.9417</TD>
    <TD>0.3371</TD>
    <TD>23.9417</TD>
    <TD>0.3371</TD>
    <TD>0.4</TD>
  </TR>
  <TR>
    <TD>4028.0</TD>
    <TD>241.0608</TD>
    <TD>55.01774</TD>
    <TD>1100.331</TD>
    <TD>2363.366</TD>
    <TD>25.8214</TD>
    <TD>0.3319</TD>
    <TD>25.2001</TD>
    <TD>0.2638</TD>
    <TD>25.2001</TD>
    <TD>0.2638</TD>
    <TD>0.47</TD>
  </TR>
  <TR>
    <TD>4029.0</TD>
    <TD>241.0579</TD>
    <TD>54.96017</TD>
    <TD>1729.502</TD>
    <TD>2372.419</TD>
    <TD>22.7931</TD>
    <TD>0.063</TD>
    <TD>22.7386</TD>
    <TD>0.0916</TD>
    <TD>22.7386</TD>
    <TD>0.0916</TD>
    <TD>0.79</TD>
  </TR>
  <TR>
    <TD>4030.0</TD>
    <TD>241.0583</TD>
    <TD>55.00546</TD>
    <TD>1235.115</TD>
    <TD>2377.278</TD>
    <TD>23.3709</TD>
    <TD>0.1226</TD>
    <TD>22.6429</TD>
    <TD>0.1179</TD>
    <TD>22.6429</TD>
    <TD>0.1179</TD>
    <TD>0.5</TD>
  </TR>
  <TR>
    <TD>4031.0</TD>
    <TD>241.0581</TD>
    <TD>55.05697</TD>
    <TD>670.039</TD>
    <TD>2386.453</TD>
    <TD>22.7073</TD>
    <TD>0.0826</TD>
    <TD>22.4593</TD>
    <TD>0.1101</TD>
    <TD>22.4593</TD>
    <TD>0.1101</TD>
    <TD>0.0</TD>
  </TR>
  <TR>
    <TD>4032.0</TD>
    <TD>241.06</TD>
    <TD>55.02332</TD>
    <TD>1039.266</TD>
    <TD>2369.496</TD>
    <TD>24.8667</TD>
    <TD>0.2242</TD>
    <TD>23.6206</TD>
    <TD>0.2706</TD>
    <TD>23.6206</TD>
    <TD>0.2706</TD>
    <TD>0.39</TD>
  </TR>
  <TR>
    <TD>4033.0</TD>
    <TD>241.0593</TD>
    <TD>54.99858</TD>
    <TD>1310.132</TD>
    <TD>2369.625</TD>
    <TD>23.2472</TD>
    <TD>0.0799</TD>
    <TD>23.4642</TD>
    <TD>0.1229</TD>
    <TD>23.4642</TD>
    <TD>0.1229</TD>
    <TD>0.81</TD>
  </TR>
  <TR>
    <TD>4034.0</TD>
    <TD>241.0601</TD>
    <TD>55.01242</TD>
    <TD>1158.669</TD>
    <TD>2367.049</TD>
    <TD>24.7452</TD>
    <TD>0.2336</TD>
    <TD>24.0895</TD>
    <TD>0.3654</TD>
    <TD>24.0895</TD>
    <TD>0.3654</TD>
    <TD>0.14</TD>
  </TR>
  <TR>
    <TD>4035.0</TD>
    <TD>241.0587</TD>
    <TD>55.06214</TD>
    <TD>613.158</TD>
    <TD>2383.513</TD>
    <TD>22.5208</TD>
    <TD>0.0683</TD>
    <TD>21.9663</TD>
    <TD>0.1073</TD>
    <TD>21.9663</TD>
    <TD>0.1073</TD>
    <TD>0.06</TD>
  </TR>
  <TR>
    <TD>4036.0</TD>
    <TD>241.0586</TD>
    <TD>55.06464</TD>
    <TD>585.573</TD>
    <TD>2384.64</TD>
    <TD>23.0843</TD>
    <TD>0.0994</TD>
    <TD>22.5728</TD>
    <TD>0.1631</TD>
    <TD>22.5728</TD>
    <TD>0.1631</TD>
    <TD>0.01</TD>
  </TR>
  <TR>
    <TD>4037.0</TD>
    <TD>241.0602</TD>
    <TD>55.09672</TD>
    <TD>231.533</TD>
    <TD>2379.173</TD>
    <TD>23.9159</TD>
    <TD>0.1475</TD>
    <TD>22.9016</TD>
    <TD>0.2074</TD>
    <TD>23.4055</TD>
    <TD>0.1456</TD>
    <TD>0.6</TD>
  </TR>
  <TR>
    <TD>4038.0</TD>
    <TD>241.0557</TD>
    <TD>55.02981</TD>
    <TD>968.656</TD>
    <TD>2397.136</TD>
    <TD>21.9095</TD>
    <TD>0.0486</TD>
    <TD>21.7117</TD>
    <TD>0.0662</TD>
    <TD>21.7117</TD>
    <TD>0.0662</TD>
    <TD>0.0</TD>
  </TR>
  <TR>
    <TD>4039.0</TD>
    <TD>241.0601</TD>
    <TD>55.0137</TD>
    <TD>1144.67</TD>
    <TD>2367.334</TD>
    <TD>25.9393</TD>
    <TD>0.3687</TD>
    <TD>24.8769</TD>
    <TD>0.4061</TD>
    <TD>24.8769</TD>
    <TD>0.4061</TD>
    <TD>0.42</TD>
  </TR>
  <TR>
    <TD>4040.0</TD>
    <TD>241.061</TD>
    <TD>55.06619</TD>
    <TD>568.236</TD>
    <TD>2369.957</TD>
    <TD>25.7176</TD>
    <TD>0.3462</TD>
    <TD>24.6495</TD>
    <TD>0.318</TD>
    <TD>24.6495</TD>
    <TD>0.318</TD>
    <TD>0.37</TD>
  </TR>
  <TR>
    <TD>4041.0</TD>
    <TD>241.0584</TD>
    <TD>54.99397</TD>
    <TD>1360.676</TD>
    <TD>2374.81</TD>
    <TD>23.6583</TD>
    <TD>0.1301</TD>
    <TD>23.4553</TD>
    <TD>0.2231</TD>
    <TD>23.4553</TD>
    <TD>0.2231</TD>
    <TD>0.41</TD>
  </TR>
  <TR>
    <TD>4042.0</TD>
    <TD>241.0602</TD>
    <TD>55.02569</TD>
    <TD>1013.326</TD>
    <TD>2368.339</TD>
    <TD>25.6201</TD>
    <TD>0.2778</TD>
    <TD>25.3505</TD>
    <TD>0.6373</TD>
    <TD>25.3505</TD>
    <TD>0.6373</TD>
    <TD>0.45</TD>
  </TR>
  <TR>
    <TD>4043.0</TD>
    <TD>241.0569</TD>
    <TD>54.95709</TD>
    <TD>1763.15</TD>
    <TD>2378.159</TD>
    <TD>23.6794</TD>
    <TD>0.1375</TD>
    <TD>23.0144</TD>
    <TD>0.1852</TD>
    <TD>23.0144</TD>
    <TD>0.1852</TD>
    <TD>0.51</TD>
  </TR>
  <TR>
    <TD>4044.0</TD>
    <TD>241.0478</TD>
    <TD>55.02506</TD>
    <TD>1021.62</TD>
    <TD>2445.543</TD>
    <TD>17.2191</TD>
    <TD>0.0024</TD>
    <TD>17.2377</TD>
    <TD>0.0022</TD>
    <TD>17.2094</TD>
    <TD>0.0024</TD>
    <TD>0.3</TD>
  </TR>
  <TR>
    <TD>4045.0</TD>
    <TD>241.054</TD>
    <TD>54.96855</TD>
    <TD>1638.675</TD>
    <TD>2398.013</TD>
    <TD>21.9497</TD>
    <TD>0.052</TD>
    <TD>21.7529</TD>
    <TD>0.076</TD>
    <TD>21.7529</TD>
    <TD>0.076</TD>
    <TD>0.0</TD>
  </TR>
  <TR>
    <TD>4046.0</TD>
    <TD>241.0576</TD>
    <TD>54.9624</TD>
    <TD>1705.31</TD>
    <TD>2374.616</TD>
    <TD>25.7568</TD>
    <TD>0.3135</TD>
    <TD>25.3434</TD>
    <TD>0.2998</TD>
    <TD>25.3434</TD>
    <TD>0.2998</TD>
    <TD>0.37</TD>
  </TR>
  <TR>
    <TD>4047.0</TD>
    <TD>241.0608</TD>
    <TD>55.10982</TD>
    <TD>86.574</TD>
    <TD>2377.846</TD>
    <TD>25.3499</TD>
    <TD>0.2769</TD>
    <TD>24.2742</TD>
    <TD>0.3076</TD>
    <TD>24.2742</TD>
    <TD>0.3076</TD>
    <TD>0.38</TD>
  </TR>
  <TR>
    <TD>4048.0</TD>
    <TD>241.0606</TD>
    <TD>55.09127</TD>
    <TD>291.725</TD>
    <TD>2375.753</TD>
    <TD>25.8142</TD>
    <TD>0.3774</TD>
    <TD>24.3602</TD>
    <TD>0.3782</TD>
    <TD>24.3602</TD>
    <TD>0.3782</TD>
    <TD>0.35</TD>
  </TR>
  <TR>
    <TD>4049.0</TD>
    <TD>241.0578</TD>
    <TD>55.09702</TD>
    <TD>228.563</TD>
    <TD>2394.291</TD>
    <TD>23.5023</TD>
    <TD>0.1271</TD>
    <TD>22.4919</TD>
    <TD>0.1978</TD>
    <TD>22.4919</TD>
    <TD>0.1978</TD>
    <TD>0.54</TD>
  </TR>
  <TR>
    <TD>4050.0</TD>
    <TD>241.055</TD>
    <TD>55.00218</TD>
    <TD>1271.291</TD>
    <TD>2397.1</TD>
    <TD>22.6819</TD>
    <TD>0.0801</TD>
    <TD>22.3323</TD>
    <TD>0.1357</TD>
    <TD>22.2588</TD>
    <TD>0.0811</TD>
    <TD>0.0</TD>
  </TR>
  <TR>
    <TD>4051.0</TD>
    <TD>241.0574</TD>
    <TD>55.00563</TD>
    <TD>1233.293</TD>
    <TD>2382.517</TD>
    <TD>23.9309</TD>
    <TD>0.1529</TD>
    <TD>23.0316</TD>
    <TD>0.2112</TD>
    <TD>23.3448</TD>
    <TD>0.1471</TD>
    <TD>0.08</TD>
  </TR>
  <TR>
    <TD>4052.0</TD>
    <TD>241.0557</TD>
    <TD>54.99123</TD>
    <TD>1390.92</TD>
    <TD>2391.275</TD>
    <TD>23.6014</TD>
    <TD>0.1214</TD>
    <TD>22.9185</TD>
    <TD>0.1749</TD>
    <TD>22.9185</TD>
    <TD>0.1749</TD>
    <TD>0.64</TD>
  </TR>
  <TR>
    <TD>4053.0</TD>
    <TD>241.0547</TD>
    <TD>55.00338</TD>
    <TD>1258.273</TD>
    <TD>2399.044</TD>
    <TD>22.9714</TD>
    <TD>0.0976</TD>
    <TD>21.8853</TD>
    <TD>0.1261</TD>
    <TD>22.4063</TD>
    <TD>0.0945</TD>
    <TD>0.0</TD>
  </TR>
  <TR>
    <TD>4054.0</TD>
    <TD>241.0596</TD>
    <TD>55.08413</TD>
    <TD>370.655</TD>
    <TD>2381.156</TD>
    <TD>25.2767</TD>
    <TD>0.2825</TD>
    <TD>24.3676</TD>
    <TD>0.3745</TD>
    <TD>24.3676</TD>
    <TD>0.3745</TD>
    <TD>0.4</TD>
  </TR>
  <TR>
    <TD>4055.0</TD>
    <TD>241.0607</TD>
    <TD>55.1148</TD>
    <TD>31.318</TD>
    <TD>2378.667</TD>
    <TD>25.7824</TD>
    <TD>0.3207</TD>
    <TD>24.4739</TD>
    <TD>0.3492</TD>
    <TD>25.4281</TD>
    <TD>0.329</TD>
    <TD>0.38</TD>
  </TR>
  <TR>
    <TD>4056.0</TD>
    <TD>241.0514</TD>
    <TD>54.99711</TD>
    <TD>1327.13</TD>
    <TD>2418.85</TD>
    <TD>20.2518</TD>
    <TD>0.0191</TD>
    <TD>20.1692</TD>
    <TD>0.0241</TD>
    <TD>20.1692</TD>
    <TD>0.0241</TD>
    <TD>0.01</TD>
  </TR>
  <TR>
    <TD>4057.0</TD>
    <TD>241.0548</TD>
    <TD>54.98025</TD>
    <TD>1510.937</TD>
    <TD>2394.823</TD>
    <TD>23.4362</TD>
    <TD>0.1216</TD>
    <TD>22.9948</TD>
    <TD>0.2078</TD>
    <TD>22.8549</TD>
    <TD>0.1171</TD>
    <TD>0.04</TD>
  </TR>
  <TR>
    <TD>4058.0</TD>
    <TD>241.0594</TD>
    <TD>55.11263</TD>
    <TD>55.576</TD>
    <TD>2386.941</TD>
    <TD>24.1729</TD>
    <TD>0.1671</TD>
    <TD>23.3008</TD>
    <TD>0.2571</TD>
    <TD>23.3008</TD>
    <TD>0.2571</TD>
    <TD>0.55</TD>
  </TR>
  <TR>
    <TD>4059.0</TD>
    <TD>241.0602</TD>
    <TD>55.1147</TD>
    <TD>32.552</TD>
    <TD>2381.851</TD>
    <TD>25.1213</TD>
    <TD>0.2643</TD>
    <TD>24.975</TD>
    <TD>0.5456</TD>
    <TD>24.975</TD>
    <TD>0.5456</TD>
    <TD>0.38</TD>
  </TR>
  <TR>
    <TD>4060.0</TD>
    <TD>241.0495</TD>
    <TD>55.07848</TD>
    <TD>434.146</TD>
    <TD>2443.13</TD>
    <TD>19.4561</TD>
    <TD>0.0095</TD>
    <TD>19.453</TD>
    <TD>0.0106</TD>
    <TD>19.453</TD>
    <TD>0.0106</TD>
    <TD>0.03</TD>
  </TR>
  <TR>
    <TD>4061.0</TD>
    <TD>241.0564</TD>
    <TD>55.00994</TD>
    <TD>1186.309</TD>
    <TD>2389.353</TD>
    <TD>24.5392</TD>
    <TD>0.2025</TD>
    <TD>24.1764</TD>
    <TD>0.2754</TD>
    <TD>24.1764</TD>
    <TD>0.2754</TD>
    <TD>0.38</TD>
  </TR>
  <TR>
    <TD>4062.0</TD>
    <TD>241.0576</TD>
    <TD>55.06865</TD>
    <TD>541.551</TD>
    <TD>2391.236</TD>
    <TD>24.2145</TD>
    <TD>0.1629</TD>
    <TD>23.1181</TD>
    <TD>0.2366</TD>
    <TD>23.1181</TD>
    <TD>0.2366</TD>
    <TD>0.54</TD>
  </TR>
  <TR>
    <TD>4063.0</TD>
    <TD>241.0572</TD>
    <TD>55.06784</TD>
    <TD>550.541</TD>
    <TD>2393.709</TD>
    <TD>23.9244</TD>
    <TD>0.1554</TD>
    <TD>22.6212</TD>
    <TD>0.197</TD>
    <TD>22.6212</TD>
    <TD>0.197</TD>
    <TD>0.6</TD>
  </TR>
  <TR>
    <TD>4064.0</TD>
    <TD>241.0595</TD>
    <TD>55.11603</TD>
    <TD>17.899</TD>
    <TD>2386.345</TD>
    <TD>24.4129</TD>
    <TD>0.1414</TD>
    <TD>24.4772</TD>
    <TD>0.2259</TD>
    <TD>24.4772</TD>
    <TD>0.2259</TD>
    <TD>0.44</TD>
  </TR>
  <TR>
    <TD>4065.0</TD>
    <TD>241.0558</TD>
    <TD>54.96254</TD>
    <TD>1703.982</TD>
    <TD>2386.01</TD>
    <TD>24.0122</TD>
    <TD>0.1116</TD>
    <TD>24.0669</TD>
    <TD>0.1727</TD>
    <TD>24.0669</TD>
    <TD>0.1727</TD>
    <TD>0.95</TD>
  </TR>
  <TR>
    <TD>4066.0</TD>
    <TD>241.0573</TD>
    <TD>55.00873</TD>
    <TD>1199.372</TD>
    <TD>2383.693</TD>
    <TD>25.6614</TD>
    <TD>0.2881</TD>
    <TD>25.4657</TD>
    <TD>0.5696</TD>
    <TD>25.4657</TD>
    <TD>0.5696</TD>
    <TD>0.36</TD>
  </TR>
  <TR>
    <TD>4067.0</TD>
    <TD>241.0479</TD>
    <TD>55.02384</TD>
    <TD>1034.97</TD>
    <TD>2444.627</TD>
    <TD>19.9364</TD>
    <TD>0.0125</TD>
    <TD>19.8244</TD>
    <TD>0.0152</TD>
    <TD>19.891</TD>
    <TD>0.0127</TD>
    <TD>0.03</TD>
  </TR>
  <TR>
    <TD>4068.0</TD>
    <TD>241.0576</TD>
    <TD>55.07396</TD>
    <TD>483.051</TD>
    <TD>2392.248</TD>
    <TD>24.7927</TD>
    <TD>0.2541</TD>
    <TD>23.6576</TD>
    <TD>0.311</TD>
    <TD>23.6576</TD>
    <TD>0.311</TD>
    <TD>0.43</TD>
  </TR>
  <TR>
    <TD>4069.0</TD>
    <TD>241.0559</TD>
    <TD>54.98119</TD>
    <TD>1500.509</TD>
    <TD>2388.039</TD>
    <TD>25.2633</TD>
    <TD>0.2791</TD>
    <TD>24.4921</TD>
    <TD>0.2703</TD>
    <TD>24.4921</TD>
    <TD>0.2703</TD>
    <TD>0.43</TD>
  </TR>
  <TR>
    <TD>4070.0</TD>
    <TD>241.0545</TD>
    <TD>55.08481</TD>
    <TD>363.779</TD>
    <TD>2412.748</TD>
    <TD>21.9045</TD>
    <TD>0.0524</TD>
    <TD>21.6968</TD>
    <TD>0.0689</TD>
    <TD>21.6968</TD>
    <TD>0.0689</TD>
    <TD>0.0</TD>
  </TR>
  <TR>
    <TD>4071.0</TD>
    <TD>241.0583</TD>
    <TD>55.0741</TD>
    <TD>481.471</TD>
    <TD>2387.509</TD>
    <TD>24.717</TD>
    <TD>0.1963</TD>
    <TD>24.6569</TD>
    <TD>0.4223</TD>
    <TD>24.6569</TD>
    <TD>0.4223</TD>
    <TD>0.48</TD>
  </TR>
  <TR>
    <TD>4072.0</TD>
    <TD>241.056</TD>
    <TD>55.07933</TD>
    <TD>424.041</TD>
    <TD>2402.614</TD>
    <TD>23.1879</TD>
    <TD>0.1041</TD>
    <TD>22.6051</TD>
    <TD>0.1622</TD>
    <TD>22.6051</TD>
    <TD>0.1622</TD>
    <TD>0.0</TD>
  </TR>
  <TR>
    <TD>4073.0</TD>
    <TD>241.0543</TD>
    <TD>55.04883</TD>
    <TD>760.07</TD>
    <TD>2409.006</TD>
    <TD>23.2323</TD>
    <TD>0.1109</TD>
    <TD>22.5834</TD>
    <TD>0.1415</TD>
    <TD>22.5834</TD>
    <TD>0.1415</TD>
    <TD>0.1</TD>
  </TR>
  <TR>
    <TD>4074.0</TD>
    <TD>241.0579</TD>
    <TD>55.10986</TD>
    <TD>86.437</TD>
    <TD>2395.766</TD>
    <TD>24.6884</TD>
    <TD>0.2123</TD>
    <TD>23.6267</TD>
    <TD>0.3023</TD>
    <TD>23.6267</TD>
    <TD>0.3023</TD>
    <TD>0.43</TD>
  </TR>
  <TR>
    <TD>4075.0</TD>
    <TD>241.0563</TD>
    <TD>54.99821</TD>
    <TD>1314.526</TD>
    <TD>2388.483</TD>
    <TD>25.5809</TD>
    <TD>0.3064</TD>
    <TD>25.0914</TD>
    <TD>0.5029</TD>
    <TD>25.0914</TD>
    <TD>0.5029</TD>
    <TD>0.37</TD>
  </TR>
  <TR>
    <TD>4076.0</TD>
    <TD>241.0585</TD>
    <TD>55.09079</TD>
    <TD>297.298</TD>
    <TD>2389.286</TD>
    <TD>25.5466</TD>
    <TD>0.2604</TD>
    <TD>25.3121</TD>
    <TD>0.3342</TD>
    <TD>25.3121</TD>
    <TD>0.3342</TD>
    <TD>0.41</TD>
  </TR>
  <TR>
    <TD>4077.0</TD>
    <TD>241.0576</TD>
    <TD>55.07931</TD>
    <TD>424.134</TD>
    <TD>2392.806</TD>
    <TD>24.7303</TD>
    <TD>0.1741</TD>
    <TD>24.8283</TD>
    <TD>0.2825</TD>
    <TD>24.8283</TD>
    <TD>0.2825</TD>
    <TD>0.64</TD>
  </TR>
  <TR>
    <TD>4078.0</TD>
    <TD>241.0536</TD>
    <TD>55.06987</TD>
    <TD>528.605</TD>
    <TD>2416.158</TD>
    <TD>22.289</TD>
    <TD>0.0662</TD>
    <TD>21.7971</TD>
    <TD>0.0933</TD>
    <TD>21.7971</TD>
    <TD>0.0933</TD>
    <TD>0.0</TD>
  </TR>
  <TR>
    <TD>4079.0</TD>
    <TD>241.055</TD>
    <TD>55.04759</TD>
    <TD>773.61</TD>
    <TD>2404.217</TD>
    <TD>23.259</TD>
    <TD>0.1067</TD>
    <TD>22.6433</TD>
    <TD>0.1665</TD>
    <TD>22.6433</TD>
    <TD>0.1665</TD>
    <TD>0.02</TD>
  </TR>
  <TR>
    <TD>4080.0</TD>
    <TD>241.0585</TD>
    <TD>55.11355</TD>
    <TD>45.479</TD>
    <TD>2392.484</TD>
    <TD>25.4583</TD>
    <TD>0.2748</TD>
    <TD>24.9992</TD>
    <TD>0.5776</TD>
    <TD>24.9992</TD>
    <TD>0.5776</TD>
    <TD>0.47</TD>
  </TR>
  <TR>
    <TD>4081.0</TD>
    <TD>241.0438</TD>
    <TD>54.98632</TD>
    <TD>1445.944</TD>
    <TD>2464.53</TD>
    <TD>17.2929</TD>
    <TD>0.0025</TD>
    <TD>17.3139</TD>
    <TD>0.0023</TD>
    <TD>17.3139</TD>
    <TD>0.0023</TD>
    <TD>0.07</TD>
  </TR>
  <TR>
    <TD>4082.0</TD>
    <TD>241.0561</TD>
    <TD>55.05604</TD>
    <TD>680.589</TD>
    <TD>2398.853</TD>
    <TD>25.2381</TD>
    <TD>0.2935</TD>
    <TD>24.0297</TD>
    <TD>0.3756</TD>
    <TD>24.0297</TD>
    <TD>0.3756</TD>
    <TD>0.41</TD>
  </TR>
  <TR>
    <TD>4083.0</TD>
    <TD>241.0533</TD>
    <TD>54.93724</TD>
    <TD>1979.665</TD>
    <TD>2397.189</TD>
    <TD>25.148</TD>
    <TD>0.2314</TD>
    <TD>24.8703</TD>
    <TD>0.2725</TD>
    <TD>24.8703</TD>
    <TD>0.2725</TD>
    <TD>0.59</TD>
  </TR>
  <TR>
    <TD>4084.0</TD>
    <TD>241.0573</TD>
    <TD>55.09886</TD>
    <TD>208.227</TD>
    <TD>2397.993</TD>
    <TD>25.412</TD>
    <TD>0.2638</TD>
    <TD>25.065</TD>
    <TD>0.4822</TD>
    <TD>25.065</TD>
    <TD>0.4822</TD>
    <TD>0.36</TD>
  </TR>
  <TR>
    <TD>4085.0</TD>
    <TD>241.0529</TD>
    <TD>55.05837</TD>
    <TD>655.272</TD>
    <TD>2419.191</TD>
    <TD>22.8906</TD>
    <TD>0.0908</TD>
    <TD>22.5478</TD>
    <TD>0.1405</TD>
    <TD>22.41</TD>
    <TD>0.0904</TD>
    <TD>0.0</TD>
  </TR>
  <TR>
    <TD>4086.0</TD>
    <TD>241.0477</TD>
    <TD>54.99172</TD>
    <TD>1386.448</TD>
    <TD>2440.751</TD>
    <TD>20.4256</TD>
    <TD>0.0201</TD>
    <TD>20.3416</TD>
    <TD>0.0247</TD>
    <TD>20.3416</TD>
    <TD>0.0247</TD>
    <TD>0.01</TD>
  </TR>
  <TR>
    <TD>4087.0</TD>
    <TD>241.0553</TD>
    <TD>55.07951</TD>
    <TD>422.2</TD>
    <TD>2407.312</TD>
    <TD>23.9467</TD>
    <TD>0.1516</TD>
    <TD>23.2056</TD>
    <TD>0.2255</TD>
    <TD>23.4037</TD>
    <TD>0.1481</TD>
    <TD>0.66</TD>
  </TR>
  <TR>
    <TD>4088.0</TD>
    <TD>241.049</TD>
    <TD>54.95397</TD>
    <TD>1798.032</TD>
    <TD>2426.944</TD>
    <TD>22.1094</TD>
    <TD>0.058</TD>
    <TD>21.8381</TD>
    <TD>0.0749</TD>
    <TD>21.8381</TD>
    <TD>0.0749</TD>
    <TD>0.0</TD>
  </TR>
  <TR>
    <TD>4089.0</TD>
    <TD>241.0558</TD>
    <TD>55.05941</TD>
    <TD>643.475</TD>
    <TD>2400.962</TD>
    <TD>25.405</TD>
    <TD>0.2621</TD>
    <TD>25.1789</TD>
    <TD>0.3601</TD>
    <TD>25.1789</TD>
    <TD>0.3601</TD>
    <TD>0.36</TD>
  </TR>
  <TR>
    <TD>4090.0</TD>
    <TD>241.0553</TD>
    <TD>55.02111</TD>
    <TD>1064.017</TD>
    <TD>2398.0</TD>
    <TD>25.7304</TD>
    <TD>0.3062</TD>
    <TD>24.8471</TD>
    <TD>0.4093</TD>
    <TD>24.8471</TD>
    <TD>0.4093</TD>
    <TD>0.38</TD>
  </TR>
  <TR>
    <TD>4091.0</TD>
    <TD>241.0567</TD>
    <TD>55.09237</TD>
    <TD>280.036</TD>
    <TD>2400.194</TD>
    <TD>25.0166</TD>
    <TD>0.1864</TD>
    <TD>25.2858</TD>
    <TD>0.3804</TD>
    <TD>25.2858</TD>
    <TD>0.3804</TD>
    <TD>0.67</TD>
  </TR>
  <TR>
    <TD>4092.0</TD>
    <TD>241.0523</TD>
    <TD>55.05442</TD>
    <TD>698.817</TD>
    <TD>2421.777</TD>
    <TD>22.4636</TD>
    <TD>0.0755</TD>
    <TD>22.2066</TD>
    <TD>0.1004</TD>
    <TD>22.2066</TD>
    <TD>0.1004</TD>
    <TD>0.0</TD>
  </TR>
  <TR>
    <TD>4093.0</TD>
    <TD>241.0562</TD>
    <TD>55.11064</TD>
    <TD>77.996</TD>
    <TD>2406.502</TD>
    <TD>24.4928</TD>
    <TD>0.161</TD>
    <TD>24.3029</TD>
    <TD>0.1984</TD>
    <TD>24.3029</TD>
    <TD>0.1984</TD>
    <TD>0.59</TD>
  </TR>
  <TR>
    <TD>4094.0</TD>
    <TD>241.0536</TD>
    <TD>54.99291</TD>
    <TD>1372.842</TD>
    <TD>2404.052</TD>
    <TD>24.2593</TD>
    <TD>0.1312</TD>
    <TD>24.1362</TD>
    <TD>0.1753</TD>
    <TD>24.1362</TD>
    <TD>0.1753</TD>
    <TD>0.74</TD>
  </TR>
  <TR>
    <TD>4095.0</TD>
    <TD>241.0508</TD>
    <TD>55.03327</TD>
    <TD>931.231</TD>
    <TD>2427.83</TD>
    <TD>21.5184</TD>
    <TD>0.0372</TD>
    <TD>21.4035</TD>
    <TD>0.0622</TD>
    <TD>21.4035</TD>
    <TD>0.0622</TD>
    <TD>0.01</TD>
  </TR>
  <TR>
    <TD>4096.0</TD>
    <TD>241.0515</TD>
    <TD>55.05839</TD>
    <TD>655.237</TD>
    <TD>2427.812</TD>
    <TD>22.6034</TD>
    <TD>0.0789</TD>
    <TD>22.1709</TD>
    <TD>0.1258</TD>
    <TD>22.1404</TD>
    <TD>0.079</TD>
    <TD>0.0</TD>
  </TR>
  <TR>
    <TD>4097.0</TD>
    <TD>241.0465</TD>
    <TD>55.01305</TD>
    <TD>1153.346</TD>
    <TD>2452.002</TD>
    <TD>18.6255</TD>
    <TD>0.0054</TD>
    <TD>18.6296</TD>
    <TD>0.0055</TD>
    <TD>18.6296</TD>
    <TD>0.0055</TD>
    <TD>0.03</TD>
  </TR>
  <TR>
    <TD>4098.0</TD>
    <TD>241.0532</TD>
    <TD>54.98624</TD>
    <TD>1445.653</TD>
    <TD>2405.666</TD>
    <TD>24.8657</TD>
    <TD>0.2367</TD>
    <TD>23.9382</TD>
    <TD>0.3097</TD>
    <TD>23.9382</TD>
    <TD>0.3097</TD>
    <TD>0.45</TD>
  </TR>
  <TR>
    <TD>4099.0</TD>
    <TD>241.0557</TD>
    <TD>55.11042</TD>
    <TD>80.541</TD>
    <TD>2409.173</TD>
    <TD>24.347</TD>
    <TD>0.1417</TD>
    <TD>24.4263</TD>
    <TD>0.2276</TD>
    <TD>24.4263</TD>
    <TD>0.2276</TD>
    <TD>0.54</TD>
  </TR>
  <TR>
    <TD>4100.0</TD>
    <TD>241.0523</TD>
    <TD>55.09234</TD>
    <TD>280.932</TD>
    <TD>2428.11</TD>
    <TD>22.9709</TD>
    <TD>0.0957</TD>
    <TD>22.4067</TD>
    <TD>0.1654</TD>
    <TD>22.4067</TD>
    <TD>0.1654</TD>
    <TD>0.0</TD>
  </TR>
  <TR>
    <TD>4101.0</TD>
    <TD>241.0561</TD>
    <TD>55.11654</TD>
    <TD>12.672</TD>
    <TD>2407.691</TD>
    <TD>25.8144</TD>
    <TD>0.3299</TD>
    <TD>25.2397</TD>
    <TD>0.6696</TD>
    <TD>25.2397</TD>
    <TD>0.6696</TD>
    <TD>0.38</TD>
  </TR>
  <TR>
    <TD>4102.0</TD>
    <TD>241.0484</TD>
    <TD>55.02171</TD>
    <TD>1058.276</TD>
    <TD>2441.504</TD>
    <TD>22.2318</TD>
    <TD>0.0701</TD>
    <TD>21.7428</TD>
    <TD>0.1162</TD>
    <TD>21.7428</TD>
    <TD>0.1162</TD>
    <TD>0.0</TD>
  </TR>
  <TR>
    <TD>4103.0</TD>
    <TD>241.0517</TD>
    <TD>54.9617</TD>
    <TD>1713.614</TD>
    <TD>2411.156</TD>
    <TD>25.4584</TD>
    <TD>0.305</TD>
    <TD>23.8963</TD>
    <TD>0.2948</TD>
    <TD>23.8963</TD>
    <TD>0.2948</TD>
    <TD>0.38</TD>
  </TR>
  <TR>
    <TD>4104.0</TD>
    <TD>241.0526</TD>
    <TD>55.01857</TD>
    <TD>1092.189</TD>
    <TD>2414.706</TD>
    <TD>24.9824</TD>
    <TD>0.2763</TD>
    <TD>23.7014</TD>
    <TD>0.296</TD>
    <TD>23.7014</TD>
    <TD>0.296</TD>
    <TD>0.47</TD>
  </TR>
  <TR>
    <TD>4105.0</TD>
    <TD>241.051</TD>
    <TD>54.94054</TD>
    <TD>1944.074</TD>
    <TD>2412.013</TD>
    <TD>22.2821</TD>
    <TD>0.0293</TD>
    <TD>22.2781</TD>
    <TD>0.0367</TD>
    <TD>22.2781</TD>
    <TD>0.0367</TD>
    <TD>0.99</TD>
  </TR>
  <TR>
    <TD>4106.0</TD>
    <TD>241.0542</TD>
    <TD>55.06415</TD>
    <TD>591.562</TD>
    <TD>2411.711</TD>
    <TD>25.417</TD>
    <TD>0.3446</TD>
    <TD>24.2839</TD>
    <TD>0.3828</TD>
    <TD>24.2839</TD>
    <TD>0.3828</TD>
    <TD>0.42</TD>
  </TR>
  <TR>
    <TD>4107.0</TD>
    <TD>241.0504</TD>
    <TD>55.01969</TD>
    <TD>1080.236</TD>
    <TD>2428.248</TD>
    <TD>22.8503</TD>
    <TD>0.0825</TD>
    <TD>22.5869</TD>
    <TD>0.1573</TD>
    <TD>22.5869</TD>
    <TD>0.1573</TD>
    <TD>0.0</TD>
  </TR>
  <TR>
    <TD>4108.0</TD>
    <TD>241.0504</TD>
    <TD>55.0975</TD>
    <TD>224.124</TD>
    <TD>2440.695</TD>
    <TD>23.6204</TD>
    <TD>0.1349</TD>
    <TD>22.957</TD>
    <TD>0.2287</TD>
    <TD>22.957</TD>
    <TD>0.2287</TD>
    <TD>0.52</TD>
  </TR>
  <TR>
    <TD>4109.0</TD>
    <TD>241.0545</TD>
    <TD>55.07402</TD>
    <TD>482.787</TD>
    <TD>2411.433</TD>
    <TD>25.1973</TD>
    <TD>0.2829</TD>
    <TD>24.3037</TD>
    <TD>0.4741</TD>
    <TD>24.3037</TD>
    <TD>0.4741</TD>
    <TD>0.35</TD>
  </TR>
  <TR>
    <TD>4110.0</TD>
    <TD>241.0462</TD>
    <TD>54.95235</TD>
    <TD>1816.011</TD>
    <TD>2443.704</TD>
    <TD>20.1223</TD>
    <TD>0.0152</TD>
    <TD>20.0949</TD>
    <TD>0.0195</TD>
    <TD>20.0949</TD>
    <TD>0.0195</TD>
    <TD>0.03</TD>
  </TR>
  <TR>
    <TD>4111.0</TD>
    <TD>241.0536</TD>
    <TD>55.07884</TD>
    <TD>429.781</TD>
    <TD>2417.58</TD>
    <TD>24.2216</TD>
    <TD>0.1639</TD>
    <TD>23.2809</TD>
    <TD>0.2605</TD>
    <TD>23.786</TD>
    <TD>0.1653</TD>
    <TD>0.42</TD>
  </TR>
  <TR>
    <TD>4112.0</TD>
    <TD>241.053</TD>
    <TD>55.01354</TD>
    <TD>1147.3</TD>
    <TD>2411.35</TD>
    <TD>25.6157</TD>
    <TD>0.2767</TD>
    <TD>25.2902</TD>
    <TD>0.3277</TD>
    <TD>25.2902</TD>
    <TD>0.3277</TD>
    <TD>0.37</TD>
  </TR>
  <TR>
    <TD>4113.0</TD>
    <TD>241.0465</TD>
    <TD>54.98692</TD>
    <TD>1439.081</TD>
    <TD>2447.742</TD>
    <TD>21.3137</TD>
    <TD>0.0364</TD>
    <TD>21.1408</TD>
    <TD>0.053</TD>
    <TD>21.0943</TD>
    <TD>0.0378</TD>
    <TD>0.0</TD>
  </TR>
  <TR>
    <TD>4114.0</TD>
    <TD>241.0531</TD>
    <TD>55.07892</TD>
    <TD>428.887</TD>
    <TD>2420.668</TD>
    <TD>23.8694</TD>
    <TD>0.148</TD>
    <TD>23.1121</TD>
    <TD>0.2206</TD>
    <TD>23.1121</TD>
    <TD>0.2206</TD>
    <TD>0.55</TD>
  </TR>
  <TR>
    <TD>4115.0</TD>
    <TD>241.049</TD>
    <TD>54.96836</TD>
    <TD>1641.316</TD>
    <TD>2429.251</TD>
    <TD>24.299</TD>
    <TD>0.1977</TD>
    <TD>23.5789</TD>
    <TD>0.1811</TD>
    <TD>23.5789</TD>
    <TD>0.1811</TD>
    <TD>0.5</TD>
  </TR>
  <TR>
    <TD>4116.0</TD>
    <TD>241.049</TD>
    <TD>55.06143</TD>
    <TD>622.047</TD>
    <TD>2443.986</TD>
    <TD>21.386</TD>
    <TD>0.0354</TD>
    <TD>21.267</TD>
    <TD>0.046</TD>
    <TD>21.267</TD>
    <TD>0.046</TD>
    <TD>0.0</TD>
  </TR>
  <TR>
    <TD>4117.0</TD>
    <TD>241.0474</TD>
    <TD>54.9311</TD>
    <TD>2047.138</TD>
    <TD>2432.755</TD>
    <TD>23.3203</TD>
    <TD>0.0871</TD>
    <TD>23.1165</TD>
    <TD>0.1287</TD>
    <TD>23.1165</TD>
    <TD>0.1287</TD>
    <TD>0.54</TD>
  </TR>
  <TR>
    <TD>4118.0</TD>
    <TD>241.0423</TD>
    <TD>55.01718</TD>
    <TD>1108.587</TD>
    <TD>2478.322</TD>
    <TD>19.9255</TD>
    <TD>0.0161</TD>
    <TD>19.7041</TD>
    <TD>0.0222</TD>
    <TD>19.8116</TD>
    <TD>0.0166</TD>
    <TD>0.0</TD>
  </TR>
  <TR>
    <TD>4119.0</TD>
    <TD>241.0416</TD>
    <TD>54.99439</TD>
    <TD>1357.992</TD>
    <TD>2479.398</TD>
    <TD>20.5292</TD>
    <TD>0.0238</TD>
    <TD>20.3438</TD>
    <TD>0.0362</TD>
    <TD>20.3438</TD>
    <TD>0.0362</TD>
    <TD>0.01</TD>
  </TR>
  <TR>
    <TD>4120.0</TD>
    <TD>241.0482</TD>
    <TD>55.00751</TD>
    <TD>1213.776</TD>
    <TD>2440.531</TD>
    <TD>22.2262</TD>
    <TD>0.0607</TD>
    <TD>22.0937</TD>
    <TD>0.0845</TD>
    <TD>22.0937</TD>
    <TD>0.0845</TD>
    <TD>0.0</TD>
  </TR>
  <TR>
    <TD>4121.0</TD>
    <TD>241.0516</TD>
    <TD>55.10034</TD>
    <TD>192.559</TD>
    <TD>2433.26</TD>
    <TD>24.1922</TD>
    <TD>0.1597</TD>
    <TD>23.5201</TD>
    <TD>0.225</TD>
    <TD>23.5201</TD>
    <TD>0.225</TD>
    <TD>0.52</TD>
  </TR>
  <TR>
    <TD>4122.0</TD>
    <TD>241.049</TD>
    <TD>54.97675</TD>
    <TD>1549.713</TD>
    <TD>2430.353</TD>
    <TD>22.4703</TD>
    <TD>0.0455</TD>
    <TD>22.4627</TD>
    <TD>0.0581</TD>
    <TD>22.4627</TD>
    <TD>0.0581</TD>
    <TD>0.66</TD>
  </TR>
  <TR>
    <TD>4123.0</TD>
    <TD>241.0508</TD>
    <TD>55.06818</TD>
    <TD>547.583</TD>
    <TD>2433.4</TD>
    <TD>23.8792</TD>
    <TD>0.1427</TD>
    <TD>23.4348</TD>
    <TD>0.2766</TD>
    <TD>23.4348</TD>
    <TD>0.2766</TD>
    <TD>0.23</TD>
  </TR>
  <TR>
    <TD>4124.0</TD>
    <TD>241.0523</TD>
    <TD>55.0812</TD>
    <TD>403.862</TD>
    <TD>2426.276</TD>
    <TD>25.0334</TD>
    <TD>0.2602</TD>
    <TD>23.7338</TD>
    <TD>0.2468</TD>
    <TD>23.7338</TD>
    <TD>0.2468</TD>
    <TD>0.46</TD>
  </TR>
  <TR>
    <TD>4125.0</TD>
    <TD>241.0495</TD>
    <TD>55.0323</TD>
    <TD>942.076</TD>
    <TD>2436.328</TD>
    <TD>23.3241</TD>
    <TD>0.1175</TD>
    <TD>22.8225</TD>
    <TD>0.1664</TD>
    <TD>22.8225</TD>
    <TD>0.1664</TD>
    <TD>0.51</TD>
  </TR>
  <TR>
    <TD>4126.0</TD>
    <TD>241.0485</TD>
    <TD>55.05198</TD>
    <TD>726.102</TD>
    <TD>2445.607</TD>
    <TD>22.0439</TD>
    <TD>0.0553</TD>
    <TD>21.9777</TD>
    <TD>0.0807</TD>
    <TD>21.9777</TD>
    <TD>0.0807</TD>
    <TD>0.0</TD>
  </TR>
  <TR>
    <TD>4127.0</TD>
    <TD>241.0502</TD>
    <TD>54.97967</TD>
    <TD>1517.744</TD>
    <TD>2423.416</TD>
    <TD>25.6527</TD>
    <TD>0.3629</TD>
    <TD>24.5326</TD>
    <TD>0.3975</TD>
    <TD>24.5326</TD>
    <TD>0.3975</TD>
    <TD>0.36</TD>
  </TR>
  <TR>
    <TD>4128.0</TD>
    <TD>241.0513</TD>
    <TD>55.08128</TD>
    <TD>403.083</TD>
    <TD>2432.184</TD>
    <TD>24.7102</TD>
    <TD>0.2061</TD>
    <TD>24.0575</TD>
    <TD>0.3154</TD>
    <TD>24.0575</TD>
    <TD>0.3154</TD>
    <TD>0.36</TD>
  </TR>
  <TR>
    <TD>4129.0</TD>
    <TD>241.0371</TD>
    <TD>54.94371</TD>
    <TD>1911.083</TD>
    <TD>2499.137</TD>
    <TD>17.0177</TD>
    <TD>0.0020</TD>
    <TD>17.0136</TD>
    <TD>0.0019</TD>
    <TD>17.0107</TD>
    <TD>0.0020</TD>
    <TD>0.02</TD>
  </TR>
  <TR>
    <TD>4130.0</TD>
    <TD>241.053</TD>
    <TD>55.09979</TD>
    <TD>198.475</TD>
    <TD>2424.544</TD>
    <TD>25.2218</TD>
    <TD>0.223</TD>
    <TD>24.6071</TD>
    <TD>0.3451</TD>
    <TD>24.6071</TD>
    <TD>0.3451</TD>
    <TD>0.47</TD>
  </TR>
  <TR>
    <TD>4131.0</TD>
    <TD>241.0528</TD>
    <TD>55.10408</TD>
    <TD>151.008</TD>
    <TD>2426.465</TD>
    <TD>25.7806</TD>
    <TD>0.3662</TD>
    <TD>24.8101</TD>
    <TD>0.4153</TD>
    <TD>24.8101</TD>
    <TD>0.4153</TD>
    <TD>0.39</TD>
  </TR>
  <TR>
    <TD>4132.0</TD>
    <TD>241.0494</TD>
    <TD>55.08386</TD>
    <TD>374.861</TD>
    <TD>2444.893</TD>
    <TD>23.3219</TD>
    <TD>0.1144</TD>
    <TD>22.3512</TD>
    <TD>0.1484</TD>
    <TD>22.3512</TD>
    <TD>0.1484</TD>
    <TD>0.08</TD>
  </TR>
  <TR>
    <TD>4133.0</TD>
    <TD>241.0446</TD>
    <TD>54.99811</TD>
    <TD>1316.987</TD>
    <TD>2461.393</TD>
    <TD>20.5334</TD>
    <TD>0.0181</TD>
    <TD>20.4971</TD>
    <TD>0.0224</TD>
    <TD>20.4971</TD>
    <TD>0.0224</TD>
    <TD>0.03</TD>
  </TR>
  <TR>
    <TD>4134.0</TD>
    <TD>241.0486</TD>
    <TD>54.98102</TD>
    <TD>1503.197</TD>
    <TD>2433.633</TD>
    <TD>25.437</TD>
    <TD>0.2992</TD>
    <TD>24.5524</TD>
    <TD>0.3382</TD>
    <TD>24.5524</TD>
    <TD>0.3382</TD>
    <TD>0.44</TD>
  </TR>
  <TR>
    <TD>4135.0</TD>
    <TD>241.0364</TD>
    <TD>54.97502</TD>
    <TD>1570.08</TD>
    <TD>2508.378</TD>
    <TD>22.6189</TD>
    <TD>0.0851</TD>
    <TD>21.1058</TD>
    <TD>0.0826</TD>
    <TD>21.9801</TD>
    <TD>0.0801</TD>
    <TD>0.0</TD>
  </TR>
  <TR>
    <TD>4136.0</TD>
    <TD>241.0453</TD>
    <TD>54.93188</TD>
    <TD>2038.902</TD>
    <TD>2446.386</TD>
    <TD>22.8819</TD>
    <TD>0.0875</TD>
    <TD>22.6198</TD>
    <TD>0.1126</TD>
    <TD>22.6198</TD>
    <TD>0.1126</TD>
    <TD>0.5</TD>
  </TR>
  <TR>
    <TD>4137.0</TD>
    <TD>241.0521</TD>
    <TD>55.10614</TD>
    <TD>128.348</TD>
    <TD>2431.324</TD>
    <TD>25.9157</TD>
    <TD>0.361</TD>
    <TD>25.3328</TD>
    <TD>0.414</TD>
    <TD>25.3328</TD>
    <TD>0.414</TD>
    <TD>0.37</TD>
  </TR>
  <TR>
    <TD>4138.0</TD>
    <TD>241.0517</TD>
    <TD>55.11479</TD>
    <TD>32.611</TD>
    <TD>2434.754</TD>
    <TD>24.6639</TD>
    <TD>0.1978</TD>
    <TD>24.9529</TD>
    <TD>0.3051</TD>
    <TD>24.9529</TD>
    <TD>0.3051</TD>
    <TD>0.36</TD>
  </TR>
  <TR>
    <TD>4139.0</TD>
    <TD>241.0379</TD>
    <TD>54.97367</TD>
    <TD>1584.613</TD>
    <TD>2498.745</TD>
    <TD>22.0596</TD>
    <TD>0.0662</TD>
    <TD>20.5448</TD>
    <TD>0.078</TD>
    <TD>20.5448</TD>
    <TD>0.078</TD>
    <TD>0.0</TD>
  </TR>
  <TR>
    <TD>4140.0</TD>
    <TD>241.046</TD>
    <TD>54.95013</TD>
    <TD>1840.265</TD>
    <TD>2444.76</TD>
    <TD>22.8453</TD>
    <TD>0.0919</TD>
    <TD>22.4368</TD>
    <TD>0.1688</TD>
    <TD>22.4368</TD>
    <TD>0.1688</TD>
    <TD>0.0</TD>
  </TR>
  <TR>
    <TD>4141.0</TD>
    <TD>241.052</TD>
    <TD>55.10936</TD>
    <TD>92.641</TD>
    <TD>2432.288</TD>
    <TD>25.8437</TD>
    <TD>0.3386</TD>
    <TD>25.3157</TD>
    <TD>0.2925</TD>
    <TD>25.3157</TD>
    <TD>0.2925</TD>
    <TD>0.35</TD>
  </TR>
  <TR>
    <TD>4142.0</TD>
    <TD>241.0505</TD>
    <TD>55.05456</TD>
    <TD>697.485</TD>
    <TD>2433.526</TD>
    <TD>25.4768</TD>
    <TD>0.2794</TD>
    <TD>24.8393</TD>
    <TD>0.4265</TD>
    <TD>24.8393</TD>
    <TD>0.4265</TD>
    <TD>0.41</TD>
  </TR>
  <TR>
    <TD>4143.0</TD>
    <TD>241.0467</TD>
    <TD>55.04944</TD>
    <TD>754.173</TD>
    <TD>2456.339</TD>
    <TD>21.782</TD>
    <TD>0.0451</TD>
    <TD>21.5262</TD>
    <TD>0.0659</TD>
    <TD>21.5262</TD>
    <TD>0.0659</TD>
    <TD>0.0</TD>
  </TR>
  <TR>
    <TD>4144.0</TD>
    <TD>241.0494</TD>
    <TD>55.06467</TD>
    <TD>586.34</TD>
    <TD>2441.876</TD>
    <TD>25.0169</TD>
    <TD>0.285</TD>
    <TD>23.8271</TD>
    <TD>0.2874</TD>
    <TD>23.8271</TD>
    <TD>0.2874</TD>
    <TD>0.45</TD>
  </TR>
  <TR>
    <TD>4145.0</TD>
    <TD>241.0504</TD>
    <TD>55.08164</TD>
    <TD>399.189</TD>
    <TD>2437.996</TD>
    <TD>25.4801</TD>
    <TD>0.3389</TD>
    <TD>24.2539</TD>
    <TD>0.3432</TD>
    <TD>24.2539</TD>
    <TD>0.3432</TD>
    <TD>0.32</TD>
  </TR>
  <TR>
    <TD>4146.0</TD>
    <TD>241.0483</TD>
    <TD>55.08844</TD>
    <TD>324.472</TD>
    <TD>2452.259</TD>
    <TD>23.8794</TD>
    <TD>0.1555</TD>
    <TD>23.0682</TD>
    <TD>0.1934</TD>
    <TD>23.0682</TD>
    <TD>0.1934</TD>
    <TD>0.08</TD>
  </TR>
  <TR>
    <TD>4147.0</TD>
    <TD>241.0345</TD>
    <TD>55.10361</TD>
    <TD>158.397</TD>
    <TD>2540.579</TD>
    <TD>20.8305</TD>
    <TD>0.0276</TD>
    <TD>20.7631</TD>
    <TD>0.0414</TD>
    <TD>20.7631</TD>
    <TD>0.0414</TD>
    <TD>0.0</TD>
  </TR>
  <TR>
    <TD>4148.0</TD>
    <TD>241.0427</TD>
    <TD>55.00805</TD>
    <TD>1208.49</TD>
    <TD>2474.394</TD>
    <TD>19.9278</TD>
    <TD>0.0126</TD>
    <TD>19.9026</TD>
    <TD>0.0146</TD>
    <TD>19.9026</TD>
    <TD>0.0146</TD>
    <TD>0.03</TD>
  </TR>
  <TR>
    <TD>4149.0</TD>
    <TD>241.0441</TD>
    <TD>55.01697</TD>
    <TD>1110.658</TD>
    <TD>2467.503</TD>
    <TD>20.3944</TD>
    <TD>0.0169</TD>
    <TD>20.2944</TD>
    <TD>0.0202</TD>
    <TD>20.3318</TD>
    <TD>0.0173</TD>
    <TD>0.02</TD>
  </TR>
  <TR>
    <TD>4150.0</TD>
    <TD>241.0499</TD>
    <TD>55.07103</TD>
    <TD>516.327</TD>
    <TD>2439.689</TD>
    <TD>25.9338</TD>
    <TD>0.3669</TD>
    <TD>25.0358</TD>
    <TD>0.4695</TD>
    <TD>25.0358</TD>
    <TD>0.4695</TD>
    <TD>0.44</TD>
  </TR>
  <TR>
    <TD>4151.0</TD>
    <TD>241.0498</TD>
    <TD>55.06982</TD>
    <TD>529.669</TD>
    <TD>2440.315</TD>
    <TD>26.0832</TD>
    <TD>0.4192</TD>
    <TD>25.4941</TD>
    <TD>0.3432</TD>
    <TD>25.4941</TD>
    <TD>0.3432</TD>
    <TD>0.36</TD>
  </TR>
  <TR>
    <TD>4152.0</TD>
    <TD>241.0313</TD>
    <TD>54.93355</TD>
    <TD>2022.167</TD>
    <TD>2533.883</TD>
    <TD>17.8731</TD>
    <TD>0.0039</TD>
    <TD>17.8846</TD>
    <TD>0.0040</TD>
    <TD>17.8846</TD>
    <TD>0.0040</TD>
    <TD>0.03</TD>
  </TR>
  <TR>
    <TD>4153.0</TD>
    <TD>241.0478</TD>
    <TD>55.05533</TD>
    <TD>689.281</TD>
    <TD>2449.997</TD>
    <TD>24.3604</TD>
    <TD>0.1855</TD>
    <TD>23.4541</TD>
    <TD>0.2333</TD>
    <TD>23.4541</TD>
    <TD>0.2333</TD>
    <TD>0.42</TD>
  </TR>
  <TR>
    <TD>4154.0</TD>
    <TD>241.0478</TD>
    <TD>55.09317</TD>
    <TD>272.271</TD>
    <TD>2456.309</TD>
    <TD>24.2465</TD>
    <TD>0.1784</TD>
    <TD>23.4213</TD>
    <TD>0.2472</TD>
    <TD>23.4213</TD>
    <TD>0.2472</TD>
    <TD>0.46</TD>
  </TR>
  <TR>
    <TD>4155.0</TD>
    <TD>241.0434</TD>
    <TD>54.9666</TD>
    <TD>1661.066</TD>
    <TD>2463.825</TD>
    <TD>20.6373</TD>
    <TD>0.0187</TD>
    <TD>20.4451</TD>
    <TD>0.0229</TD>
    <TD>20.5769</TD>
    <TD>0.0192</TD>
    <TD>0.02</TD>
  </TR>
  <TR>
    <TD>4156.0</TD>
    <TD>241.0464</TD>
    <TD>54.95813</TD>
    <TD>1753.006</TD>
    <TD>2443.667</TD>
    <TD>25.7707</TD>
    <TD>0.3174</TD>
    <TD>25.1727</TD>
    <TD>0.4702</TD>
    <TD>25.1727</TD>
    <TD>0.4702</TD>
    <TD>0.37</TD>
  </TR>
  <TR>
    <TD>4157.0</TD>
    <TD>241.0469</TD>
    <TD>55.03285</TD>
    <TD>936.327</TD>
    <TD>2452.127</TD>
    <TD>23.2677</TD>
    <TD>0.1131</TD>
    <TD>22.2279</TD>
    <TD>0.1266</TD>
    <TD>22.2279</TD>
    <TD>0.1266</TD>
    <TD>0.48</TD>
  </TR>
  <TR>
    <TD>4158.0</TD>
    <TD>241.0501</TD>
    <TD>55.11183</TD>
    <TD>65.513</TD>
    <TD>2444.472</TD>
    <TD>25.0769</TD>
    <TD>0.2541</TD>
    <TD>24.9416</TD>
    <TD>0.4067</TD>
    <TD>24.9416</TD>
    <TD>0.4067</TD>
    <TD>0.36</TD>
  </TR>
  <TR>
    <TD>4159.0</TD>
    <TD>241.0411</TD>
    <TD>54.93373</TD>
    <TD>2019.222</TD>
    <TD>2472.5</TD>
    <TD>21.3073</TD>
    <TD>0.0332</TD>
    <TD>21.2506</TD>
    <TD>0.0445</TD>
    <TD>21.2506</TD>
    <TD>0.0445</TD>
    <TD>0.01</TD>
  </TR>
  <TR>
    <TD>4160.0</TD>
    <TD>241.0487</TD>
    <TD>55.07234</TD>
    <TD>501.985</TD>
    <TD>2447.012</TD>
    <TD>25.5738</TD>
    <TD>0.3381</TD>
    <TD>24.9157</TD>
    <TD>0.3721</TD>
    <TD>24.9157</TD>
    <TD>0.3721</TD>
    <TD>0.41</TD>
  </TR>
  <TR>
    <TD>4161.0</TD>
    <TD>241.0485</TD>
    <TD>55.05565</TD>
    <TD>685.696</TD>
    <TD>2445.65</TD>
    <TD>25.658</TD>
    <TD>0.2872</TD>
    <TD>25.0396</TD>
    <TD>0.3175</TD>
    <TD>25.0396</TD>
    <TD>0.3175</TD>
    <TD>0.48</TD>
  </TR>
  <TR>
    <TD>4162.0</TD>
    <TD>241.0492</TD>
    <TD>55.1148</TD>
    <TD>32.757</TD>
    <TD>2450.6</TD>
    <TD>24.8776</TD>
    <TD>0.2264</TD>
    <TD>24.6105</TD>
    <TD>0.2755</TD>
    <TD>24.6105</TD>
    <TD>0.2755</TD>
    <TD>0.37</TD>
  </TR>
  <TR>
    <TD>4163.0</TD>
    <TD>241.0463</TD>
    <TD>54.98152</TD>
    <TD>1498.042</TD>
    <TD>2447.995</TD>
    <TD>24.8488</TD>
    <TD>0.1779</TD>
    <TD>25.4493</TD>
    <TD>0.4412</TD>
    <TD>25.4493</TD>
    <TD>0.4412</TD>
    <TD>0.56</TD>
  </TR>
  <TR>
    <TD>4164.0</TD>
    <TD>241.0484</TD>
    <TD>55.10615</TD>
    <TD>128.681</TD>
    <TD>2454.142</TD>
    <TD>25.1169</TD>
    <TD>0.245</TD>
    <TD>24.168</TD>
    <TD>0.3758</TD>
    <TD>24.168</TD>
    <TD>0.3758</TD>
    <TD>0.42</TD>
  </TR>
  <TR>
    <TD>4165.0</TD>
    <TD>241.0484</TD>
    <TD>55.05769</TD>
    <TD>663.303</TD>
    <TD>2446.629</TD>
    <TD>25.9949</TD>
    <TD>0.3874</TD>
    <TD>25.6531</TD>
    <TD>0.396</TD>
    <TD>25.6531</TD>
    <TD>0.396</TD>
    <TD>0.37</TD>
  </TR>
  <TR>
    <TD>4166.0</TD>
    <TD>241.0449</TD>
    <TD>55.01041</TD>
    <TD>1182.378</TD>
    <TD>2461.225</TD>
    <TD>23.4971</TD>
    <TD>0.1247</TD>
    <TD>23.1246</TD>
    <TD>0.1476</TD>
    <TD>23.1246</TD>
    <TD>0.1476</TD>
    <TD>0.0</TD>
  </TR>
  <TR>
    <TD>4167.0</TD>
    <TD>241.0475</TD>
    <TD>55.06767</TD>
    <TD>553.526</TD>
    <TD>2454.167</TD>
    <TD>24.1659</TD>
    <TD>0.1611</TD>
    <TD>23.3</TD>
    <TD>0.2557</TD>
    <TD>23.3</TD>
    <TD>0.2557</TD>
    <TD>0.57</TD>
  </TR>
  <TR>
    <TD>4168.0</TD>
    <TD>241.0487</TD>
    <TD>55.08585</TD>
    <TD>352.978</TD>
    <TD>2449.513</TD>
    <TD>25.2362</TD>
    <TD>0.2724</TD>
    <TD>24.529</TD>
    <TD>0.3881</TD>
    <TD>24.529</TD>
    <TD>0.3881</TD>
    <TD>0.44</TD>
  </TR>
  <TR>
    <TD>4169.0</TD>
    <TD>241.0381</TD>
    <TD>55.08656</TD>
    <TD>346.388</TD>
    <TD>2515.611</TD>
    <TD>20.4615</TD>
    <TD>0.0194</TD>
    <TD>20.4253</TD>
    <TD>0.0239</TD>
    <TD>20.4253</TD>
    <TD>0.0239</TD>
    <TD>0.02</TD>
  </TR>
  <TR>
    <TD>4170.0</TD>
    <TD>241.0446</TD>
    <TD>55.03405</TD>
    <TD>923.455</TD>
    <TD>2466.687</TD>
    <TD>23.8941</TD>
    <TD>0.1513</TD>
    <TD>21.9377</TD>
    <TD>0.1063</TD>
    <TD>23.291</TD>
    <TD>0.1445</TD>
    <TD>0.07</TD>
  </TR>
  <TR>
    <TD>4171.0</TD>
    <TD>241.0471</TD>
    <TD>55.0915</TD>
    <TD>290.801</TD>
    <TD>2460.438</TD>
    <TD>24.1488</TD>
    <TD>0.1682</TD>
    <TD>23.6663</TD>
    <TD>0.2025</TD>
    <TD>23.6663</TD>
    <TD>0.2025</TD>
    <TD>0.36</TD>
  </TR>
  <TR>
    <TD>4172.0</TD>
    <TD>241.0465</TD>
    <TD>55.03241</TD>
    <TD>941.192</TD>
    <TD>2454.973</TD>
    <TD>24.8217</TD>
    <TD>0.2154</TD>
    <TD>23.4804</TD>
    <TD>0.2342</TD>
    <TD>24.3923</TD>
    <TD>0.2176</TD>
    <TD>0.43</TD>
  </TR>
  <TR>
    <TD>4173.0</TD>
    <TD>241.0471</TD>
    <TD>55.07571</TD>
    <TD>465.01</TD>
    <TD>2457.616</TD>
    <TD>23.4796</TD>
    <TD>0.0931</TD>
    <TD>23.3398</TD>
    <TD>0.1207</TD>
    <TD>23.3398</TD>
    <TD>0.1207</TD>
    <TD>0.65</TD>
  </TR>
  <TR>
    <TD>4174.0</TD>
    <TD>241.0459</TD>
    <TD>55.11686</TD>
    <TD>10.278</TD>
    <TD>2471.598</TD>
    <TD>24.0471</TD>
    <TD>0.1536</TD>
    <TD>23.0006</TD>
    <TD>0.2191</TD>
    <TD>23.0006</TD>
    <TD>0.2191</TD>
    <TD>0.4</TD>
  </TR>
  <TR>
    <TD>4175.0</TD>
    <TD>241.0424</TD>
    <TD>55.07824</TD>
    <TD>437.669</TD>
    <TD>2487.366</TD>
    <TD>21.6316</TD>
    <TD>0.0428</TD>
    <TD>21.4259</TD>
    <TD>0.0653</TD>
    <TD>21.4259</TD>
    <TD>0.0653</TD>
    <TD>0.0</TD>
  </TR>
  <TR>
    <TD>4176.0</TD>
    <TD>241.0458</TD>
    <TD>54.99533</TD>
    <TD>1347.251</TD>
    <TD>2453.564</TD>
    <TD>25.0967</TD>
    <TD>0.2586</TD>
    <TD>24.3951</TD>
    <TD>0.3362</TD>
    <TD>24.3951</TD>
    <TD>0.3362</TD>
    <TD>0.31</TD>
  </TR>
  <TR>
    <TD>4177.0</TD>
    <TD>241.0476</TD>
    <TD>55.09036</TD>
    <TD>303.333</TD>
    <TD>2456.65</TD>
    <TD>25.7851</TD>
    <TD>0.3214</TD>
    <TD>25.0255</TD>
    <TD>0.4651</TD>
    <TD>25.0255</TD>
    <TD>0.4651</TD>
    <TD>0.38</TD>
  </TR>
  <TR>
    <TD>4178.0</TD>
    <TD>241.0428</TD>
    <TD>55.00394</TD>
    <TD>1253.501</TD>
    <TD>2473.532</TD>
    <TD>22.8783</TD>
    <TD>0.0881</TD>
    <TD>22.7748</TD>
    <TD>0.1628</TD>
    <TD>22.7748</TD>
    <TD>0.1628</TD>
    <TD>0.0</TD>
  </TR>
  <TR>
    <TD>4179.0</TD>
    <TD>241.0424</TD>
    <TD>55.00069</TD>
    <TD>1289.025</TD>
    <TD>2475.229</TD>
    <TD>23.1941</TD>
    <TD>0.1007</TD>
    <TD>23.121</TD>
    <TD>0.1549</TD>
    <TD>23.121</TD>
    <TD>0.1549</TD>
    <TD>0.06</TD>
  </TR>
  <TR>
    <TD>4180.0</TD>
    <TD>241.0424</TD>
    <TD>54.97683</TD>
    <TD>1549.618</TD>
    <TD>2471.226</TD>
    <TD>23.6988</TD>
    <TD>0.1374</TD>
    <TD>23.1826</TD>
    <TD>0.1807</TD>
    <TD>23.1826</TD>
    <TD>0.1807</TD>
    <TD>0.41</TD>
  </TR>
  <TR>
    <TD>4181.0</TD>
    <TD>241.0471</TD>
    <TD>55.1045</TD>
    <TD>147.048</TD>
    <TD>2461.952</TD>
    <TD>24.6027</TD>
    <TD>0.1669</TD>
    <TD>24.4518</TD>
    <TD>0.2208</TD>
    <TD>24.4518</TD>
    <TD>0.2208</TD>
    <TD>0.8</TD>
  </TR>
  <TR>
    <TD>4182.0</TD>
    <TD>241.0406</TD>
    <TD>55.05698</TD>
    <TD>671.967</TD>
    <TD>2495.431</TD>
    <TD>21.4925</TD>
    <TD>0.0402</TD>
    <TD>21.4739</TD>
    <TD>0.0622</TD>
    <TD>21.4739</TD>
    <TD>0.0622</TD>
    <TD>0.0</TD>
  </TR>
  <TR>
    <TD>4183.0</TD>
    <TD>241.0473</TD>
    <TD>55.10908</TD>
    <TD>96.306</TD>
    <TD>2461.383</TD>
    <TD>25.7783</TD>
    <TD>0.3195</TD>
    <TD>25.1239</TD>
    <TD>0.4283</TD>
    <TD>25.1239</TD>
    <TD>0.4283</TD>
    <TD>0.38</TD>
  </TR>
  <TR>
    <TD>4184.0</TD>
    <TD>241.0467</TD>
    <TD>55.1063</TD>
    <TD>127.173</TD>
    <TD>2464.798</TD>
    <TD>24.7777</TD>
    <TD>0.1815</TD>
    <TD>24.8401</TD>
    <TD>0.2951</TD>
    <TD>24.8401</TD>
    <TD>0.2951</TD>
    <TD>0.65</TD>
  </TR>
  <TR>
    <TD>4185.0</TD>
    <TD>241.0395</TD>
    <TD>55.00775</TD>
    <TD>1212.125</TD>
    <TD>2494.502</TD>
    <TD>21.1694</TD>
    <TD>0.0327</TD>
    <TD>20.9894</TD>
    <TD>0.0542</TD>
    <TD>20.9894</TD>
    <TD>0.0542</TD>
    <TD>0.0</TD>
  </TR>
  <TR>
    <TD>4186.0</TD>
    <TD>241.043</TD>
    <TD>54.94988</TD>
    <TD>1843.275</TD>
    <TD>2463.668</TD>
    <TD>25.5929</TD>
    <TD>0.2712</TD>
    <TD>25.0732</TD>
    <TD>0.4585</TD>
    <TD>25.0732</TD>
    <TD>0.4585</TD>
    <TD>0.36</TD>
  </TR>
  <TR>
    <TD>4187.0</TD>
    <TD>241.0454</TD>
    <TD>55.09108</TD>
    <TD>295.632</TD>
    <TD>2470.529</TD>
    <TD>25.3108</TD>
    <TD>0.2674</TD>
    <TD>24.8235</TD>
    <TD>0.3577</TD>
    <TD>24.8235</TD>
    <TD>0.3577</TD>
    <TD>0.46</TD>
  </TR>
  <TR>
    <TD>4188.0</TD>
    <TD>241.0413</TD>
    <TD>55.01575</TD>
    <TD>1124.329</TD>
    <TD>2484.278</TD>
    <TD>23.2825</TD>
    <TD>0.1132</TD>
    <TD>22.8258</TD>
    <TD>0.1826</TD>
    <TD>22.8258</TD>
    <TD>0.1826</TD>
    <TD>0.39</TD>
  </TR>
  <TR>
    <TD>4189.0</TD>
    <TD>241.0366</TD>
    <TD>54.97576</TD>
    <TD>1561.939</TD>
    <TD>2507.431</TD>
    <TD>23.5198</TD>
    <TD>0.1272</TD>
    <TD>22.2521</TD>
    <TD>0.1283</TD>
    <TD>22.9191</TD>
    <TD>0.1216</TD>
    <TD>0.5</TD>
  </TR>
  <TR>
    <TD>4190.0</TD>
    <TD>241.0297</TD>
    <TD>54.94163</TD>
    <TD>1934.496</TD>
    <TD>2544.717</TD>
    <TD>17.3844</TD>
    <TD>0.0026</TD>
    <TD>17.4038</TD>
    <TD>0.0024</TD>
    <TD>17.4038</TD>
    <TD>0.0024</TD>
    <TD>0.07</TD>
  </TR>
  <TR>
    <TD>4191.0</TD>
    <TD>241.0378</TD>
    <TD>54.97523</TD>
    <TD>1567.626</TD>
    <TD>2499.837</TD>
    <TD>23.4843</TD>
    <TD>0.1269</TD>
    <TD>21.2176</TD>
    <TD>0.0742</TD>
    <TD>22.8408</TD>
    <TD>0.1193</TD>
    <TD>0.38</TD>
  </TR>
  <TR>
    <TD>4192.0</TD>
    <TD>241.0406</TD>
    <TD>54.97523</TD>
    <TD>1567.244</TD>
    <TD>2482.641</TD>
    <TD>23.5993</TD>
    <TD>0.1427</TD>
    <TD>22.2805</TD>
    <TD>0.1255</TD>
    <TD>22.2805</TD>
    <TD>0.1255</TD>
    <TD>0.52</TD>
  </TR>
  <TR>
    <TD>4193.0</TD>
    <TD>241.0423</TD>
    <TD>55.04975</TD>
    <TD>751.302</TD>
    <TD>2483.34</TD>
    <TD>24.194</TD>
    <TD>0.1703</TD>
    <TD>23.2064</TD>
    <TD>0.2031</TD>
    <TD>23.6455</TD>
    <TD>0.166</TD>
    <TD>0.46</TD>
  </TR>
  <TR>
    <TD>4194.0</TD>
    <TD>241.0256</TD>
    <TD>54.9733</TD>
    <TD>1590.003</TD>
    <TD>2575.595</TD>
    <TD>15.4148</TD>
    <TD>9.0E-4</TD>
    <TD>15.4414</TD>
    <TD>8.0E-4</TD>
    <TD>15.4414</TD>
    <TD>8.0E-4</TD>
    <TD>0.99</TD>
  </TR>
  <TR>
    <TD>4195.0</TD>
    <TD>241.0423</TD>
    <TD>55.04935</TD>
    <TD>755.668</TD>
    <TD>2483.333</TD>
    <TD>23.9565</TD>
    <TD>0.1493</TD>
    <TD>22.7644</TD>
    <TD>0.1765</TD>
    <TD>23.4612</TD>
    <TD>0.1481</TD>
    <TD>0.55</TD>
  </TR>
  <TR>
    <TD>4196.0</TD>
    <TD>241.0419</TD>
    <TD>54.97882</TD>
    <TD>1528.0</TD>
    <TD>2474.954</TD>
    <TD>25.2354</TD>
    <TD>0.1984</TD>
    <TD>25.3813</TD>
    <TD>0.3337</TD>
    <TD>25.3813</TD>
    <TD>0.3337</TD>
    <TD>0.66</TD>
  </TR>
  <TR>
    <TD>4197.0</TD>
    <TD>241.0425</TD>
    <TD>55.0632</TD>
    <TD>603.38</TD>
    <TD>2484.235</TD>
    <TD>24.2451</TD>
    <TD>0.1729</TD>
    <TD>23.6071</TD>
    <TD>0.284</TD>
    <TD>23.6071</TD>
    <TD>0.284</TD>
    <TD>0.47</TD>
  </TR>
  <TR>
    <TD>4198.0</TD>
    <TD>241.0452</TD>
    <TD>55.11443</TD>
    <TD>37.31</TD>
    <TD>2475.654</TD>
    <TD>26.0267</TD>
    <TD>0.3986</TD>
    <TD>25.1654</TD>
    <TD>0.6091</TD>
    <TD>25.1654</TD>
    <TD>0.6091</TD>
    <TD>0.36</TD>
  </TR>
  <TR>
    <TD>4199.0</TD>
    <TD>241.0426</TD>
    <TD>55.03223</TD>
    <TD>943.615</TD>
    <TD>2478.978</TD>
    <TD>24.2531</TD>
    <TD>0.1231</TD>
    <TD>24.213</TD>
    <TD>0.1732</TD>
    <TD>24.213</TD>
    <TD>0.1732</TD>
    <TD>0.67</TD>
  </TR>
  <TR>
    <TD>4200.0</TD>
    <TD>241.0376</TD>
    <TD>54.93833</TD>
    <TD>1969.522</TD>
    <TD>2495.319</TD>
    <TD>22.7721</TD>
    <TD>0.0786</TD>
    <TD>22.5315</TD>
    <TD>0.1001</TD>
    <TD>22.5315</TD>
    <TD>0.1001</TD>
    <TD>0.03</TD>
  </TR>
  <TR>
    <TD>4201.0</TD>
    <TD>241.0434</TD>
    <TD>55.07616</TD>
    <TD>460.536</TD>
    <TD>2480.947</TD>
    <TD>25.5387</TD>
    <TD>0.2952</TD>
    <TD>24.5627</TD>
    <TD>0.2881</TD>
    <TD>24.5627</TD>
    <TD>0.2881</TD>
    <TD>0.47</TD>
  </TR>
  <TR>
    <TD>4202.0</TD>
    <TD>241.042</TD>
    <TD>55.04958</TD>
    <TD>753.24</TD>
    <TD>2485.601</TD>
    <TD>23.7582</TD>
    <TD>0.1396</TD>
    <TD>22.9938</TD>
    <TD>0.1848</TD>
    <TD>23.2047</TD>
    <TD>0.1358</TD>
    <TD>0.49</TD>
  </TR>
  <TR>
    <TD>4203.0</TD>
    <TD>241.0398</TD>
    <TD>54.93738</TD>
    <TD>1979.61</TD>
    <TD>2481.279</TD>
    <TD>25.5237</TD>
    <TD>0.2552</TD>
    <TD>25.3383</TD>
    <TD>0.4161</TD>
    <TD>25.3383</TD>
    <TD>0.4161</TD>
    <TD>0.41</TD>
  </TR>
  <TR>
    <TD>4204.0</TD>
    <TD>241.043</TD>
    <TD>55.06992</TD>
    <TD>529.27</TD>
    <TD>2482.712</TD>
    <TD>25.2916</TD>
    <TD>0.2083</TD>
    <TD>25.4651</TD>
    <TD>0.3837</TD>
    <TD>25.4651</TD>
    <TD>0.3837</TD>
    <TD>0.69</TD>
  </TR>
  <TR>
    <TD>4205.0</TD>
    <TD>241.0339</TD>
    <TD>54.96056</TD>
    <TD>1727.983</TD>
    <TD>2521.92</TD>
    <TD>21.1718</TD>
    <TD>0.0323</TD>
    <TD>21.0151</TD>
    <TD>0.0548</TD>
    <TD>21.0151</TD>
    <TD>0.0548</TD>
    <TD>0.0</TD>
  </TR>
  <TR>
    <TD>4206.0</TD>
    <TD>241.04</TD>
    <TD>54.99279</TD>
    <TD>1375.683</TD>
    <TD>2489.161</TD>
    <TD>24.5279</TD>
    <TD>0.2081</TD>
    <TD>23.3014</TD>
    <TD>0.238</TD>
    <TD>23.3014</TD>
    <TD>0.238</TD>
    <TD>0.36</TD>
  </TR>
  <TR>
    <TD>4207.0</TD>
    <TD>241.0352</TD>
    <TD>54.94962</TD>
    <TD>1846.945</TD>
    <TD>2511.959</TD>
    <TD>21.0849</TD>
    <TD>0.0318</TD>
    <TD>20.9997</TD>
    <TD>0.0442</TD>
    <TD>20.9997</TD>
    <TD>0.0442</TD>
    <TD>0.0</TD>
  </TR>
  <TR>
    <TD>4208.0</TD>
    <TD>241.0396</TD>
    <TD>54.97595</TD>
    <TD>1559.583</TD>
    <TD>2488.711</TD>
    <TD>24.5857</TD>
    <TD>0.1845</TD>
    <TD>23.181</TD>
    <TD>0.1745</TD>
    <TD>23.181</TD>
    <TD>0.1745</TD>
    <TD>0.37</TD>
  </TR>
  <TR>
    <TD>4209.0</TD>
    <TD>241.0395</TD>
    <TD>54.97536</TD>
    <TD>1566.005</TD>
    <TD>2489.017</TD>
    <TD>24.7245</TD>
    <TD>0.2193</TD>
    <TD>22.8601</TD>
    <TD>0.1374</TD>
    <TD>22.8601</TD>
    <TD>0.1374</TD>
    <TD>0.36</TD>
  </TR>
  <TR>
    <TD>4210.0</TD>
    <TD>241.037</TD>
    <TD>55.05963</TD>
    <TD>643.323</TD>
    <TD>2518.096</TD>
    <TD>21.2914</TD>
    <TD>0.035</TD>
    <TD>21.1188</TD>
    <TD>0.0588</TD>
    <TD>21.1188</TD>
    <TD>0.0588</TD>
    <TD>0.0</TD>
  </TR>
  <TR>
    <TD>4211.0</TD>
    <TD>241.0433</TD>
    <TD>55.10079</TD>
    <TD>188.527</TD>
    <TD>2485.0</TD>
    <TD>25.4603</TD>
    <TD>0.2753</TD>
    <TD>24.4733</TD>
    <TD>0.3147</TD>
    <TD>24.4733</TD>
    <TD>0.3147</TD>
    <TD>0.38</TD>
  </TR>
  <TR>
    <TD>4212.0</TD>
    <TD>241.0424</TD>
    <TD>55.08655</TD>
    <TD>345.999</TD>
    <TD>2488.51</TD>
    <TD>25.3946</TD>
    <TD>0.2598</TD>
    <TD>25.0712</TD>
    <TD>0.3267</TD>
    <TD>25.0712</TD>
    <TD>0.3267</TD>
    <TD>0.36</TD>
  </TR>
  <TR>
    <TD>4213.0</TD>
    <TD>241.0411</TD>
    <TD>55.05497</TD>
    <TD>694.081</TD>
    <TD>2491.774</TD>
    <TD>24.6806</TD>
    <TD>0.2108</TD>
    <TD>24.228</TD>
    <TD>0.304</TD>
    <TD>24.228</TD>
    <TD>0.304</TD>
    <TD>0.37</TD>
  </TR>
  <TR>
    <TD>4214.0</TD>
    <TD>241.0346</TD>
    <TD>55.06375</TD>
    <TD>598.232</TD>
    <TD>2533.785</TD>
    <TD>22.9184</TD>
    <TD>0.0904</TD>
    <TD>22.1779</TD>
    <TD>0.1376</TD>
    <TD>22.1779</TD>
    <TD>0.1376</TD>
    <TD>0.0</TD>
  </TR>
  <TR>
    <TD>4215.0</TD>
    <TD>241.0353</TD>
    <TD>54.98142</TD>
    <TD>1500.304</TD>
    <TD>2516.434</TD>
    <TD>21.6692</TD>
    <TD>0.0402</TD>
    <TD>21.5625</TD>
    <TD>0.0527</TD>
    <TD>21.5625</TD>
    <TD>0.0527</TD>
    <TD>0.01</TD>
  </TR>
  <TR>
    <TD>4216.0</TD>
    <TD>241.0361</TD>
    <TD>54.99322</TD>
    <TD>1371.441</TD>
    <TD>2513.318</TD>
    <TD>23.245</TD>
    <TD>0.1095</TD>
    <TD>22.293</TD>
    <TD>0.1579</TD>
    <TD>22.293</TD>
    <TD>0.1579</TD>
    <TD>0.0</TD>
  </TR>
  <TR>
    <TD>4217.0</TD>
    <TD>241.0413</TD>
    <TD>55.06903</TD>
    <TD>539.336</TD>
    <TD>2492.662</TD>
    <TD>26.0735</TD>
    <TD>0.4156</TD>
    <TD>24.616</TD>
    <TD>0.4246</TD>
    <TD>24.616</TD>
    <TD>0.4246</TD>
    <TD>0.35</TD>
  </TR>
  <TR>
    <TD>4218.0</TD>
    <TD>241.039</TD>
    <TD>54.98373</TD>
    <TD>1474.701</TD>
    <TD>2493.622</TD>
    <TD>25.9302</TD>
    <TD>0.3657</TD>
    <TD>25.5714</TD>
    <TD>0.7663</TD>
    <TD>25.5714</TD>
    <TD>0.7663</TD>
    <TD>0.36</TD>
  </TR>
  <TR>
    <TD>4219.0</TD>
    <TD>241.0385</TD>
    <TD>54.96121</TD>
    <TD>1720.418</TD>
    <TD>2493.529</TD>
    <TD>25.3346</TD>
    <TD>0.2463</TD>
    <TD>24.8844</TD>
    <TD>0.276</TD>
    <TD>24.8844</TD>
    <TD>0.276</TD>
    <TD>0.47</TD>
  </TR>
  <TR>
    <TD>4220.0</TD>
    <TD>241.0386</TD>
    <TD>55.01348</TD>
    <TD>1149.589</TD>
    <TD>2500.954</TD>
    <TD>24.6777</TD>
    <TD>0.22</TD>
    <TD>23.6429</TD>
    <TD>0.2914</TD>
    <TD>23.6429</TD>
    <TD>0.2914</TD>
    <TD>0.35</TD>
  </TR>
  <TR>
    <TD>4221.0</TD>
    <TD>241.0393</TD>
    <TD>54.99283</TD>
    <TD>1375.306</TD>
    <TD>2493.312</TD>
    <TD>26.1919</TD>
    <TD>0.4621</TD>
    <TD>24.3284</TD>
    <TD>0.3198</TD>
    <TD>25.3779</TD>
    <TD>0.4011</TD>
    <TD>0.38</TD>
  </TR>
  <TR>
    <TD>4222.0</TD>
    <TD>241.0417</TD>
    <TD>55.09891</TD>
    <TD>209.573</TD>
    <TD>2494.727</TD>
    <TD>25.6315</TD>
    <TD>0.2806</TD>
    <TD>24.9668</TD>
    <TD>0.4245</TD>
    <TD>24.9668</TD>
    <TD>0.4245</TD>
    <TD>0.37</TD>
  </TR>
  <TR>
    <TD>4223.0</TD>
    <TD>241.0333</TD>
    <TD>55.05845</TD>
    <TD>656.672</TD>
    <TD>2541.063</TD>
    <TD>19.8521</TD>
    <TD>0.0129</TD>
    <TD>19.8348</TD>
    <TD>0.0148</TD>
    <TD>19.8348</TD>
    <TD>0.0148</TD>
    <TD>0.03</TD>
  </TR>
  <TR>
    <TD>4224.0</TD>
    <TD>241.0309</TD>
    <TD>55.03349</TD>
    <TD>931.13</TD>
    <TD>2551.953</TD>
    <TD>19.4467</TD>
    <TD>0.0107</TD>
    <TD>19.4154</TD>
    <TD>0.0125</TD>
    <TD>19.4154</TD>
    <TD>0.0125</TD>
    <TD>0.03</TD>
  </TR>
  <TR>
    <TD>4225.0</TD>
    <TD>241.0375</TD>
    <TD>54.95721</TD>
    <TD>1764.024</TD>
    <TD>2498.95</TD>
    <TD>24.3662</TD>
    <TD>0.152</TD>
    <TD>24.3645</TD>
    <TD>0.2258</TD>
    <TD>24.3645</TD>
    <TD>0.2258</TD>
    <TD>0.85</TD>
  </TR>
  <TR>
    <TD>4226.0</TD>
    <TD>241.0369</TD>
    <TD>54.93463</TD>
    <TD>2009.915</TD>
    <TD>2498.949</TD>
    <TD>24.4194</TD>
    <TD>0.1747</TD>
    <TD>24.4162</TD>
    <TD>0.3783</TD>
    <TD>24.4162</TD>
    <TD>0.3783</TD>
    <TD>0.48</TD>
  </TR>
  <TR>
    <TD>4227.0</TD>
    <TD>241.0334</TD>
    <TD>54.99169</TD>
    <TD>1388.385</TD>
    <TD>2529.76</TD>
    <TD>20.8275</TD>
    <TD>0.0253</TD>
    <TD>20.7429</TD>
    <TD>0.0333</TD>
    <TD>20.7429</TD>
    <TD>0.0333</TD>
    <TD>0.01</TD>
  </TR>
  <TR>
    <TD>4228.0</TD>
    <TD>241.0411</TD>
    <TD>55.08303</TD>
    <TD>385.024</TD>
    <TD>2496.518</TD>
    <TD>25.6412</TD>
    <TD>0.3233</TD>
    <TD>24.8244</TD>
    <TD>0.4208</TD>
    <TD>24.8244</TD>
    <TD>0.4208</TD>
    <TD>0.42</TD>
  </TR>
  <TR>
    <TD>4229.0</TD>
    <TD>241.0365</TD>
    <TD>55.05001</TD>
    <TD>749.144</TD>
    <TD>2519.773</TD>
    <TD>21.6817</TD>
    <TD>0.0399</TD>
    <TD>21.5711</TD>
    <TD>0.0523</TD>
    <TD>21.5711</TD>
    <TD>0.0523</TD>
    <TD>0.01</TD>
  </TR>
  <TR>
    <TD>4230.0</TD>
    <TD>241.0385</TD>
    <TD>55.07196</TD>
    <TD>507.307</TD>
    <TD>2510.675</TD>
    <TD>22.8517</TD>
    <TD>0.0835</TD>
    <TD>22.559</TD>
    <TD>0.1417</TD>
    <TD>22.559</TD>
    <TD>0.1417</TD>
    <TD>0.01</TD>
  </TR>
  <TR>
    <TD>4231.0</TD>
    <TD>241.0383</TD>
    <TD>55.00273</TD>
    <TD>1267.163</TD>
    <TD>2501.158</TD>
    <TD>25.167</TD>
    <TD>0.2561</TD>
    <TD>23.8594</TD>
    <TD>0.2579</TD>
    <TD>23.8594</TD>
    <TD>0.2579</TD>
    <TD>0.47</TD>
  </TR>
  <TR>
    <TD>4232.0</TD>
    <TD>241.0401</TD>
    <TD>55.07734</TD>
    <TD>447.882</TD>
    <TD>2501.314</TD>
    <TD>24.2419</TD>
    <TD>0.1612</TD>
    <TD>23.4505</TD>
    <TD>0.2581</TD>
    <TD>23.4505</TD>
    <TD>0.2581</TD>
    <TD>0.55</TD>
  </TR>
  <TR>
    <TD>4233.0</TD>
    <TD>241.0302</TD>
    <TD>54.96498</TD>
    <TD>1680.229</TD>
    <TD>2545.48</TD>
    <TD>22.9076</TD>
    <TD>0.098</TD>
    <TD>21.3728</TD>
    <TD>0.1247</TD>
    <TD>21.3728</TD>
    <TD>0.1247</TD>
    <TD>0.1</TD>
  </TR>
  <TR>
    <TD>4234.0</TD>
    <TD>241.037</TD>
    <TD>55.06784</TD>
    <TD>552.858</TD>
    <TD>2519.346</TD>
    <TD>22.5342</TD>
    <TD>0.0736</TD>
    <TD>22.3077</TD>
    <TD>0.0898</TD>
    <TD>22.3077</TD>
    <TD>0.0898</TD>
    <TD>0.14</TD>
  </TR>
  <TR>
    <TD>4235.0</TD>
    <TD>241.035</TD>
    <TD>54.9751</TD>
    <TD>1569.34</TD>
    <TD>2517.246</TD>
    <TD>24.0697</TD>
    <TD>0.177</TD>
    <TD>21.8528</TD>
    <TD>0.1128</TD>
    <TD>23.1701</TD>
    <TD>0.1468</TD>
    <TD>0.44</TD>
  </TR>
  <TR>
    <TD>4236.0</TD>
    <TD>241.0369</TD>
    <TD>55.01167</TD>
    <TD>1169.524</TD>
    <TD>2511.477</TD>
    <TD>24.1581</TD>
    <TD>0.1743</TD>
    <TD>23.3506</TD>
    <TD>0.2409</TD>
    <TD>23.3506</TD>
    <TD>0.2409</TD>
    <TD>0.43</TD>
  </TR>
  <TR>
    <TD>4237.0</TD>
    <TD>241.0384</TD>
    <TD>55.01384</TD>
    <TD>1145.648</TD>
    <TD>2502.308</TD>
    <TD>26.0223</TD>
    <TD>0.397</TD>
    <TD>24.7682</TD>
    <TD>0.4461</TD>
    <TD>24.7682</TD>
    <TD>0.4461</TD>
    <TD>0.36</TD>
  </TR>
  <TR>
    <TD>4238.0</TD>
    <TD>241.0358</TD>
    <TD>55.01641</TD>
    <TD>1117.805</TD>
    <TD>2518.83</TD>
    <TD>22.7065</TD>
    <TD>0.0785</TD>
    <TD>22.6236</TD>
    <TD>0.1191</TD>
    <TD>22.6236</TD>
    <TD>0.1191</TD>
    <TD>0.02</TD>
  </TR>
  <TR>
    <TD>4239.0</TD>
    <TD>241.036</TD>
    <TD>55.0614</TD>
    <TD>623.934</TD>
    <TD>2524.887</TD>
    <TD>22.3518</TD>
    <TD>0.0687</TD>
    <TD>21.8233</TD>
    <TD>0.1169</TD>
    <TD>21.8233</TD>
    <TD>0.1169</TD>
    <TD>0.0</TD>
  </TR>
  <TR>
    <TD>4240.0</TD>
    <TD>241.0384</TD>
    <TD>55.08177</TD>
    <TD>399.165</TD>
    <TD>2513.02</TD>
    <TD>24.9137</TD>
    <TD>0.2197</TD>
    <TD>24.5709</TD>
    <TD>0.4874</TD>
    <TD>24.5709</TD>
    <TD>0.4874</TD>
    <TD>0.37</TD>
  </TR>
  <TR>
    <TD>4241.0</TD>
    <TD>241.0394</TD>
    <TD>55.08201</TD>
    <TD>396.384</TD>
    <TD>2506.634</TD>
    <TD>24.9403</TD>
    <TD>0.2394</TD>
    <TD>23.8513</TD>
    <TD>0.2923</TD>
    <TD>23.8513</TD>
    <TD>0.2923</TD>
    <TD>0.46</TD>
  </TR>
  <TR>
    <TD>4242.0</TD>
    <TD>241.0389</TD>
    <TD>55.06114</TD>
    <TD>626.482</TD>
    <TD>2506.503</TD>
    <TD>25.5506</TD>
    <TD>0.2983</TD>
    <TD>24.9783</TD>
    <TD>0.3004</TD>
    <TD>24.9783</TD>
    <TD>0.3004</TD>
    <TD>0.45</TD>
  </TR>
  <TR>
    <TD>4243.0</TD>
    <TD>241.0323</TD>
    <TD>55.02493</TD>
    <TD>1024.867</TD>
    <TD>2542.184</TD>
    <TD>20.6937</TD>
    <TD>0.0219</TD>
    <TD>20.6404</TD>
    <TD>0.0273</TD>
    <TD>20.6404</TD>
    <TD>0.0273</TD>
    <TD>0.02</TD>
  </TR>
  <TR>
    <TD>4244.0</TD>
    <TD>241.0315</TD>
    <TD>54.9589</TD>
    <TD>1746.353</TD>
    <TD>2536.532</TD>
    <TD>21.6584</TD>
    <TD>0.0426</TD>
    <TD>21.4671</TD>
    <TD>0.0687</TD>
    <TD>21.4671</TD>
    <TD>0.0687</TD>
    <TD>0.0</TD>
  </TR>
  <TR>
    <TD>4245.0</TD>
    <TD>241.0349</TD>
    <TD>55.04359</TD>
    <TD>819.828</TD>
    <TD>2529.043</TD>
    <TD>22.195</TD>
    <TD>0.0542</TD>
    <TD>21.9834</TD>
    <TD>0.0943</TD>
    <TD>21.9834</TD>
    <TD>0.0943</TD>
    <TD>0.01</TD>
  </TR>
  <TR>
    <TD>4246.0</TD>
    <TD>241.0368</TD>
    <TD>55.11528</TD>
    <TD>28.894</TD>
    <TD>2528.306</TD>
    <TD>23.2297</TD>
    <TD>0.1093</TD>
    <TD>22.8285</TD>
    <TD>0.1509</TD>
    <TD>22.8285</TD>
    <TD>0.1509</TD>
    <TD>0.09</TD>
  </TR>
  <TR>
    <TD>4247.0</TD>
    <TD>241.0346</TD>
    <TD>55.02794</TD>
    <TD>991.619</TD>
    <TD>2528.124</TD>
    <TD>23.9147</TD>
    <TD>0.1574</TD>
    <TD>23.1647</TD>
    <TD>0.2762</TD>
    <TD>23.1647</TD>
    <TD>0.2762</TD>
    <TD>0.4</TD>
  </TR>
  <TR>
    <TD>4248.0</TD>
    <TD>241.039</TD>
    <TD>55.0947</TD>
    <TD>256.351</TD>
    <TD>2511.266</TD>
    <TD>25.7365</TD>
    <TD>0.3079</TD>
    <TD>25.0607</TD>
    <TD>0.4344</TD>
    <TD>25.0607</TD>
    <TD>0.4344</TD>
    <TD>0.41</TD>
  </TR>
  <TR>
    <TD>4249.0</TD>
    <TD>241.0365</TD>
    <TD>55.01188</TD>
    <TD>1167.339</TD>
    <TD>2513.676</TD>
    <TD>24.8122</TD>
    <TD>0.2257</TD>
    <TD>24.4432</TD>
    <TD>0.5633</TD>
    <TD>24.2709</TD>
    <TD>0.2205</TD>
    <TD>0.48</TD>
  </TR>
  <TR>
    <TD>4250.0</TD>
    <TD>241.0393</TD>
    <TD>55.11293</TD>
    <TD>54.674</TD>
    <TD>2512.273</TD>
    <TD>25.8328</TD>
    <TD>0.3353</TD>
    <TD>25.1867</TD>
    <TD>0.3626</TD>
    <TD>25.1867</TD>
    <TD>0.3626</TD>
    <TD>0.37</TD>
  </TR>
  <TR>
    <TD>4251.0</TD>
    <TD>241.0361</TD>
    <TD>55.05631</TD>
    <TD>679.853</TD>
    <TD>2523.538</TD>
    <TD>23.8995</TD>
    <TD>0.1419</TD>
    <TD>23.1389</TD>
    <TD>0.2201</TD>
    <TD>23.1389</TD>
    <TD>0.2201</TD>
    <TD>0.54</TD>
  </TR>
  <TR>
    <TD>4252.0</TD>
    <TD>241.0351</TD>
    <TD>55.06381</TD>
    <TD>597.508</TD>
    <TD>2530.492</TD>
    <TD>23.796</TD>
    <TD>0.1386</TD>
    <TD>22.7875</TD>
    <TD>0.2097</TD>
    <TD>23.302</TD>
    <TD>0.1375</TD>
    <TD>0.68</TD>
  </TR>
  <TR>
    <TD>4253.0</TD>
    <TD>241.0339</TD>
    <TD>54.98367</TD>
    <TD>1475.895</TD>
    <TD>2525.463</TD>
    <TD>23.7852</TD>
    <TD>0.143</TD>
    <TD>23.5525</TD>
    <TD>0.2214</TD>
    <TD>23.5525</TD>
    <TD>0.2214</TD>
    <TD>0.06</TD>
  </TR>
  <TR>
    <TD>4254.0</TD>
    <TD>241.0379</TD>
    <TD>55.09968</TD>
    <TD>201.47</TD>
    <TD>2519.007</TD>
    <TD>25.2529</TD>
    <TD>0.2765</TD>
    <TD>24.6022</TD>
    <TD>0.5193</TD>
    <TD>24.6022</TD>
    <TD>0.5193</TD>
    <TD>0.36</TD>
  </TR>
  <TR>
    <TD>4255.0</TD>
    <TD>241.0332</TD>
    <TD>54.96149</TD>
    <TD>1717.924</TD>
    <TD>2526.193</TD>
    <TD>23.1736</TD>
    <TD>0.0976</TD>
    <TD>22.5864</TD>
    <TD>0.1409</TD>
    <TD>22.8015</TD>
    <TD>0.0998</TD>
    <TD>0.14</TD>
  </TR>
  <TR>
    <TD>4256.0</TD>
    <TD>241.0368</TD>
    <TD>55.03025</TD>
    <TD>965.987</TD>
    <TD>2515.0</TD>
    <TD>25.9797</TD>
    <TD>0.3822</TD>
    <TD>24.7352</TD>
    <TD>0.4973</TD>
    <TD>24.7352</TD>
    <TD>0.4973</TD>
    <TD>0.35</TD>
  </TR>
  <TR>
    <TD>4257.0</TD>
    <TD>241.0275</TD>
    <TD>55.11507</TD>
    <TD>32.304</TD>
    <TD>2585.778</TD>
    <TD>20.4524</TD>
    <TD>0.0192</TD>
    <TD>20.4083</TD>
    <TD>0.0281</TD>
    <TD>20.4083</TD>
    <TD>0.0281</TD>
    <TD>0.03</TD>
  </TR>
  <TR>
    <TD>4258.0</TD>
    <TD>241.0358</TD>
    <TD>55.05653</TD>
    <TD>677.507</TD>
    <TD>2525.014</TD>
    <TD>24.4614</TD>
    <TD>0.1814</TD>
    <TD>23.6113</TD>
    <TD>0.255</TD>
    <TD>24.0436</TD>
    <TD>0.1837</TD>
    <TD>0.47</TD>
  </TR>
  <TR>
    <TD>4259.0</TD>
    <TD>241.0357</TD>
    <TD>55.10559</TD>
    <TD>136.327</TD>
    <TD>2533.674</TD>
    <TD>25.112</TD>
    <TD>0.2439</TD>
    <TD>25.2657</TD>
    <TD>0.4874</TD>
    <TD>25.2657</TD>
    <TD>0.4874</TD>
    <TD>0.4</TD>
  </TR>
  <TR>
    <TD>4260.0</TD>
    <TD>241.0337</TD>
    <TD>55.04671</TD>
    <TD>785.649</TD>
    <TD>2536.74</TD>
    <TD>23.5055</TD>
    <TD>0.1275</TD>
    <TD>22.9293</TD>
    <TD>0.1345</TD>
    <TD>22.9293</TD>
    <TD>0.1345</TD>
    <TD>0.66</TD>
  </TR>
  <TR>
    <TD>4261.0</TD>
    <TD>241.034</TD>
    <TD>55.02744</TD>
    <TD>997.167</TD>
    <TD>2531.687</TD>
    <TD>24.5847</TD>
    <TD>0.2024</TD>
    <TD>23.5741</TD>
    <TD>0.2862</TD>
    <TD>23.5741</TD>
    <TD>0.2862</TD>
    <TD>0.38</TD>
  </TR>
  <TR>
    <TD>4262.0</TD>
    <TD>241.0228</TD>
    <TD>54.96296</TD>
    <TD>1702.993</TD>
    <TD>2591.437</TD>
    <TD>18.3525</TD>
    <TD>0.0061</TD>
    <TD>18.3288</TD>
    <TD>0.0070</TD>
    <TD>18.3288</TD>
    <TD>0.0070</TD>
    <TD>0.03</TD>
  </TR>
  <TR>
    <TD>4263.0</TD>
    <TD>241.034</TD>
    <TD>54.9877</TD>
    <TD>1431.88</TD>
    <TD>2525.317</TD>
    <TD>24.4595</TD>
    <TD>0.1958</TD>
    <TD>24.2852</TD>
    <TD>0.3326</TD>
    <TD>24.2852</TD>
    <TD>0.3326</TD>
    <TD>0.36</TD>
  </TR>
  <TR>
    <TD>4264.0</TD>
    <TD>241.0287</TD>
    <TD>55.08184</TD>
    <TD>399.587</TD>
    <TD>2573.646</TD>
    <TD>21.2211</TD>
    <TD>0.0372</TD>
    <TD>20.8198</TD>
    <TD>0.0598</TD>
    <TD>20.8198</TD>
    <TD>0.0598</TD>
    <TD>0.0</TD>
  </TR>
  <TR>
    <TD>4265.0</TD>
    <TD>241.0324</TD>
    <TD>55.08494</TD>
    <TD>364.923</TD>
    <TD>2551.003</TD>
    <TD>22.1721</TD>
    <TD>0.061</TD>
    <TD>21.933</TD>
    <TD>0.0996</TD>
    <TD>21.933</TD>
    <TD>0.0996</TD>
    <TD>0.0</TD>
  </TR>
  <TR>
    <TD>4266.0</TD>
    <TD>241.0333</TD>
    <TD>55.0447</TD>
    <TD>807.766</TD>
    <TD>2538.921</TD>
    <TD>22.5053</TD>
    <TD>0.0754</TD>
    <TD>22.4956</TD>
    <TD>0.1217</TD>
    <TD>22.4956</TD>
    <TD>0.1217</TD>
    <TD>0.0</TD>
  </TR>
  <TR>
    <TD>4267.0</TD>
    <TD>241.0299</TD>
    <TD>55.05618</TD>
    <TD>682.068</TD>
    <TD>2561.816</TD>
    <TD>21.3021</TD>
    <TD>0.0346</TD>
    <TD>20.9911</TD>
    <TD>0.0566</TD>
    <TD>20.9911</TD>
    <TD>0.0566</TD>
    <TD>0.0</TD>
  </TR>
  <TR>
    <TD>4268.0</TD>
    <TD>241.0236</TD>
    <TD>54.94625</TD>
    <TD>1884.872</TD>
    <TD>2583.308</TD>
    <TD>20.0132</TD>
    <TD>0.0162</TD>
    <TD>19.9436</TD>
    <TD>0.021</TD>
    <TD>19.9436</TD>
    <TD>0.021</TD>
    <TD>0.01</TD>
  </TR>
  <TR>
    <TD>4269.0</TD>
    <TD>241.0311</TD>
    <TD>54.9316</TD>
    <TD>2043.449</TD>
    <TD>2534.618</TD>
    <TD>24.0087</TD>
    <TD>0.1602</TD>
    <TD>23.3871</TD>
    <TD>0.2372</TD>
    <TD>23.3871</TD>
    <TD>0.2372</TD>
    <TD>0.35</TD>
  </TR>
  <TR>
    <TD>4270.0</TD>
    <TD>241.0296</TD>
    <TD>55.08093</TD>
    <TD>409.429</TD>
    <TD>2567.559</TD>
    <TD>23.0715</TD>
    <TD>0.0829</TD>
    <TD>22.5774</TD>
    <TD>0.123</TD>
    <TD>22.8399</TD>
    <TD>0.0861</TD>
    <TD>0.62</TD>
  </TR>
  <TR>
    <TD>4271.0</TD>
    <TD>241.0231</TD>
    <TD>55.04701</TD>
    <TD>783.515</TD>
    <TD>2602.572</TD>
    <TD>20.3755</TD>
    <TD>0.0198</TD>
    <TD>20.2759</TD>
    <TD>0.0261</TD>
    <TD>20.2759</TD>
    <TD>0.0261</TD>
    <TD>0.01</TD>
  </TR>
  <TR>
    <TD>4272.0</TD>
    <TD>241.0284</TD>
    <TD>54.96147</TD>
    <TD>1718.617</TD>
    <TD>2556.381</TD>
    <TD>21.751</TD>
    <TD>0.049</TD>
    <TD>21.3682</TD>
    <TD>0.0795</TD>
    <TD>21.3682</TD>
    <TD>0.0795</TD>
    <TD>0.01</TD>
  </TR>
  <TR>
    <TD>4273.0</TD>
    <TD>241.0291</TD>
    <TD>54.96486</TD>
    <TD>1681.647</TD>
    <TD>2552.217</TD>
    <TD>23.5367</TD>
    <TD>0.1368</TD>
    <TD>21.768</TD>
    <TD>0.1141</TD>
    <TD>22.6986</TD>
    <TD>0.1172</TD>
    <TD>0.66</TD>
  </TR>
  <TR>
    <TD>4274.0</TD>
    <TD>241.0335</TD>
    <TD>55.05114</TD>
    <TD>737.062</TD>
    <TD>2538.667</TD>
    <TD>24.9193</TD>
    <TD>0.2732</TD>
    <TD>24.4788</TD>
    <TD>0.4147</TD>
    <TD>24.4788</TD>
    <TD>0.4147</TD>
    <TD>0.38</TD>
  </TR>
  <TR>
    <TD>4275.0</TD>
    <TD>241.034</TD>
    <TD>55.08464</TD>
    <TD>368.056</TD>
    <TD>2540.788</TD>
    <TD>24.4213</TD>
    <TD>0.1512</TD>
    <TD>24.4143</TD>
    <TD>0.2251</TD>
    <TD>24.4143</TD>
    <TD>0.2251</TD>
    <TD>0.77</TD>
  </TR>
  <TR>
    <TD>4276.0</TD>
    <TD>241.0331</TD>
    <TD>55.06377</TD>
    <TD>598.183</TD>
    <TD>2543.413</TD>
    <TD>24.5894</TD>
    <TD>0.2033</TD>
    <TD>23.6157</TD>
    <TD>0.2605</TD>
    <TD>23.6157</TD>
    <TD>0.2605</TD>
    <TD>0.36</TD>
  </TR>
  <TR>
    <TD>4277.0</TD>
    <TD>241.0297</TD>
    <TD>55.03174</TD>
    <TD>950.454</TD>
    <TD>2559.455</TD>
    <TD>22.6036</TD>
    <TD>0.0771</TD>
    <TD>22.33</TD>
    <TD>0.1279</TD>
    <TD>22.33</TD>
    <TD>0.1279</TD>
    <TD>0.0</TD>
  </TR>
  <TR>
    <TD>4278.0</TD>
    <TD>241.0328</TD>
    <TD>55.0737</TD>
    <TD>488.815</TD>
    <TD>2546.748</TD>
    <TD>24.6693</TD>
    <TD>0.2183</TD>
    <TD>24.0056</TD>
    <TD>0.2058</TD>
    <TD>24.0056</TD>
    <TD>0.2058</TD>
    <TD>0.29</TD>
  </TR>
  <TR>
    <TD>4279.0</TD>
    <TD>241.0334</TD>
    <TD>55.11237</TD>
    <TD>61.508</TD>
    <TD>2548.506</TD>
    <TD>25.0201</TD>
    <TD>0.2415</TD>
    <TD>23.766</TD>
    <TD>0.248</TD>
    <TD>23.766</TD>
    <TD>0.248</TD>
    <TD>0.39</TD>
  </TR>
  <TR>
    <TD>4280.0</TD>
    <TD>241.0324</TD>
    <TD>55.02029</TD>
    <TD>1075.645</TD>
    <TD>2540.679</TD>
    <TD>26.4721</TD>
    <TD>0.5946</TD>
    <TD>25.2872</TD>
    <TD>0.662</TD>
    <TD>25.2872</TD>
    <TD>0.662</TD>
    <TD>0.35</TD>
  </TR>
  <TR>
    <TD>4281.0</TD>
    <TD>241.0304</TD>
    <TD>55.03955</TD>
    <TD>864.722</TD>
    <TD>2555.982</TD>
    <TD>23.5567</TD>
    <TD>0.1373</TD>
    <TD>22.8987</TD>
    <TD>0.2143</TD>
    <TD>22.8987</TD>
    <TD>0.2143</TD>
    <TD>0.36</TD>
  </TR>
  <TR>
    <TD>4282.0</TD>
    <TD>241.0276</TD>
    <TD>55.09898</TD>
    <TD>210.341</TD>
    <TD>2583.176</TD>
    <TD>21.8695</TD>
    <TD>0.0529</TD>
    <TD>21.6131</TD>
    <TD>0.0935</TD>
    <TD>21.6131</TD>
    <TD>0.0935</TD>
    <TD>0.0</TD>
  </TR>
  <TR>
    <TD>4283.0</TD>
    <TD>241.0317</TD>
    <TD>54.99955</TD>
    <TD>1302.713</TD>
    <TD>2541.638</TD>
    <TD>25.8196</TD>
    <TD>0.3314</TD>
    <TD>25.1065</TD>
    <TD>0.3372</TD>
    <TD>25.1065</TD>
    <TD>0.3372</TD>
    <TD>0.36</TD>
  </TR>
  <TR>
    <TD>4284.0</TD>
    <TD>241.0291</TD>
    <TD>54.95271</TD>
    <TD>1814.01</TD>
    <TD>2550.27</TD>
    <TD>23.354</TD>
    <TD>0.1207</TD>
    <TD>22.7313</TD>
    <TD>0.1772</TD>
    <TD>22.7313</TD>
    <TD>0.1772</TD>
    <TD>0.41</TD>
  </TR>
  <TR>
    <TD>4285.0</TD>
    <TD>241.0264</TD>
    <TD>54.97982</TD>
    <TD>1518.756</TD>
    <TD>2571.852</TD>
    <TD>21.5517</TD>
    <TD>0.0417</TD>
    <TD>21.4061</TD>
    <TD>0.0546</TD>
    <TD>21.4061</TD>
    <TD>0.0546</TD>
    <TD>0.0</TD>
  </TR>
  <TR>
    <TD>4286.0</TD>
    <TD>241.0343</TD>
    <TD>55.11686</TD>
    <TD>11.641</TD>
    <TD>2543.685</TD>
    <TD>25.8825</TD>
    <TD>0.3505</TD>
    <TD>24.8214</TD>
    <TD>0.3861</TD>
    <TD>24.8214</TD>
    <TD>0.3861</TD>
    <TD>0.39</TD>
  </TR>
  <TR>
    <TD>4287.0</TD>
    <TD>241.0281</TD>
    <TD>55.00361</TD>
    <TD>1258.73</TD>
    <TD>2564.95</TD>
    <TD>23.496</TD>
    <TD>0.1245</TD>
    <TD>23.0769</TD>
    <TD>0.2032</TD>
    <TD>23.0769</TD>
    <TD>0.2032</TD>
    <TD>0.65</TD>
  </TR>
  <TR>
    <TD>4288.0</TD>
    <TD>241.0285</TD>
    <TD>54.94751</TD>
    <TD>1870.674</TD>
    <TD>2553.053</TD>
    <TD>24.266</TD>
    <TD>0.1869</TD>
    <TD>23.6563</TD>
    <TD>0.2796</TD>
    <TD>23.6563</TD>
    <TD>0.2796</TD>
    <TD>0.39</TD>
  </TR>
  <TR>
    <TD>4289.0</TD>
    <TD>241.0292</TD>
    <TD>54.96036</TD>
    <TD>1730.666</TD>
    <TD>2550.784</TD>
    <TD>24.4107</TD>
    <TD>0.1874</TD>
    <TD>23.0183</TD>
    <TD>0.199</TD>
    <TD>23.0183</TD>
    <TD>0.199</TD>
    <TD>0.35</TD>
  </TR>
  <TR>
    <TD>4290.0</TD>
    <TD>241.0308</TD>
    <TD>55.00718</TD>
    <TD>1219.401</TD>
    <TD>2548.777</TD>
    <TD>24.7591</TD>
    <TD>0.2152</TD>
    <TD>24.9769</TD>
    <TD>0.3</TD>
    <TD>24.9769</TD>
    <TD>0.3</TD>
    <TD>0.43</TD>
  </TR>
  <TR>
    <TD>4291.0</TD>
    <TD>241.0265</TD>
    <TD>55.09742</TD>
    <TD>227.698</TD>
    <TD>2589.57</TD>
    <TD>21.6315</TD>
    <TD>0.0499</TD>
    <TD>21.2175</TD>
    <TD>0.0783</TD>
    <TD>21.2175</TD>
    <TD>0.0783</TD>
    <TD>0.0</TD>
  </TR>
  <TR>
    <TD>4292.0</TD>
    <TD>241.025</TD>
    <TD>54.96505</TD>
    <TD>1680.006</TD>
    <TD>2577.663</TD>
    <TD>22.1849</TD>
    <TD>0.0631</TD>
    <TD>21.8165</TD>
    <TD>0.1042</TD>
    <TD>21.7815</TD>
    <TD>0.0641</TD>
    <TD>0.0</TD>
  </TR>
  <TR>
    <TD>4293.0</TD>
    <TD>241.0197</TD>
    <TD>54.98627</TD>
    <TD>1449.068</TD>
    <TD>2614.092</TD>
    <TD>22.667</TD>
    <TD>0.0771</TD>
    <TD>22.3801</TD>
    <TD>0.1428</TD>
    <TD>22.3801</TD>
    <TD>0.1428</TD>
    <TD>0.01</TD>
  </TR>
  <TR>
    <TD>4294.0</TD>
    <TD>241.0282</TD>
    <TD>55.05932</TD>
    <TD>647.641</TD>
    <TD>2573.093</TD>
    <TD>22.0879</TD>
    <TD>0.0579</TD>
    <TD>21.8848</TD>
    <TD>0.074</TD>
    <TD>21.8848</TD>
    <TD>0.074</TD>
    <TD>0.0</TD>
  </TR>
  <TR>
    <TD>4295.0</TD>
    <TD>241.0285</TD>
    <TD>54.96231</TD>
    <TD>1709.518</TD>
    <TD>2555.853</TD>
    <TD>24.2719</TD>
    <TD>0.1771</TD>
    <TD>23.226</TD>
    <TD>0.2169</TD>
    <TD>23.7145</TD>
    <TD>0.1721</TD>
    <TD>0.36</TD>
  </TR>
  <TR>
    <TD>4296.0</TD>
    <TD>241.0302</TD>
    <TD>54.99134</TD>
    <TD>1392.525</TD>
    <TD>2549.506</TD>
    <TD>25.4745</TD>
    <TD>0.2788</TD>
    <TD>24.7358</TD>
    <TD>0.4539</TD>
    <TD>24.7358</TD>
    <TD>0.4539</TD>
    <TD>0.36</TD>
  </TR>
  <TR>
    <TD>4297.0</TD>
    <TD>241.029</TD>
    <TD>54.95005</TD>
    <TD>1842.969</TD>
    <TD>2550.494</TD>
    <TD>25.5589</TD>
    <TD>0.3005</TD>
    <TD>24.4545</TD>
    <TD>0.4089</TD>
    <TD>24.4545</TD>
    <TD>0.4089</TD>
    <TD>0.38</TD>
  </TR>
  <TR>
    <TD>4298.0</TD>
    <TD>241.0283</TD>
    <TD>54.96424</TD>
    <TD>1688.509</TD>
    <TD>2557.482</TD>
    <TD>24.304</TD>
    <TD>0.1704</TD>
    <TD>23.1393</TD>
    <TD>0.1853</TD>
    <TD>23.1393</TD>
    <TD>0.1853</TD>
    <TD>0.35</TD>
  </TR>
  <TR>
    <TD>4299.0</TD>
    <TD>241.0285</TD>
    <TD>55.01734</TD>
    <TD>1108.388</TD>
    <TD>2564.24</TD>
    <TD>25.0202</TD>
    <TD>0.2572</TD>
    <TD>23.8553</TD>
    <TD>0.2587</TD>
    <TD>23.8553</TD>
    <TD>0.2587</TD>
    <TD>0.36</TD>
  </TR>
  <TR>
    <TD>4300.0</TD>
    <TD>241.0239</TD>
    <TD>54.94158</TD>
    <TD>1935.695</TD>
    <TD>2581.177</TD>
    <TD>21.4564</TD>
    <TD>0.041</TD>
    <TD>21.205</TD>
    <TD>0.0654</TD>
    <TD>21.205</TD>
    <TD>0.0654</TD>
    <TD>0.0</TD>
  </TR>
  <TR>
    <TD>4301.0</TD>
    <TD>241.0281</TD>
    <TD>54.96492</TD>
    <TD>1681.035</TD>
    <TD>2558.476</TD>
    <TD>24.6612</TD>
    <TD>0.2072</TD>
    <TD>22.6705</TD>
    <TD>0.1453</TD>
    <TD>24.1582</TD>
    <TD>0.2051</TD>
    <TD>0.49</TD>
  </TR>
  <TR>
    <TD>4302.0</TD>
    <TD>241.0317</TD>
    <TD>55.09456</TD>
    <TD>258.742</TD>
    <TD>2556.87</TD>
    <TD>24.4686</TD>
    <TD>0.1901</TD>
    <TD>23.7173</TD>
    <TD>0.2956</TD>
    <TD>23.7173</TD>
    <TD>0.2956</TD>
    <TD>0.35</TD>
  </TR>
  <TR>
    <TD>4303.0</TD>
    <TD>241.0282</TD>
    <TD>54.96616</TD>
    <TD>1667.502</TD>
    <TD>2558.42</TD>
    <TD>25.0411</TD>
    <TD>0.2461</TD>
    <TD>23.9032</TD>
    <TD>0.2775</TD>
    <TD>23.9032</TD>
    <TD>0.2775</TD>
    <TD>0.36</TD>
  </TR>
  <TR>
    <TD>4304.0</TD>
    <TD>241.0284</TD>
    <TD>54.96581</TD>
    <TD>1671.292</TD>
    <TD>2556.61</TD>
    <TD>25.7547</TD>
    <TD>0.3129</TD>
    <TD>24.7657</TD>
    <TD>0.3864</TD>
    <TD>24.7657</TD>
    <TD>0.3864</TD>
    <TD>0.36</TD>
  </TR>
  <TR>
    <TD>4305.0</TD>
    <TD>241.0222</TD>
    <TD>54.97625</TD>
    <TD>1558.13</TD>
    <TD>2596.904</TD>
    <TD>19.5946</TD>
    <TD>0.0102</TD>
    <TD>19.5715</TD>
    <TD>0.0115</TD>
    <TD>19.5715</TD>
    <TD>0.0115</TD>
    <TD>0.03</TD>
  </TR>
  <TR>
    <TD>4306.0</TD>
    <TD>241.0273</TD>
    <TD>55.01501</TD>
    <TD>1134.025</TD>
    <TD>2571.568</TD>
    <TD>24.5609</TD>
    <TD>0.1981</TD>
    <TD>23.5375</TD>
    <TD>0.2814</TD>
    <TD>23.5375</TD>
    <TD>0.2814</TD>
    <TD>0.49</TD>
  </TR>
  <TR>
    <TD>4307.0</TD>
    <TD>241.0286</TD>
    <TD>54.98622</TD>
    <TD>1448.668</TD>
    <TD>2558.663</TD>
    <TD>25.6904</TD>
    <TD>0.2956</TD>
    <TD>25.1565</TD>
    <TD>0.4633</TD>
    <TD>25.1565</TD>
    <TD>0.4633</TD>
    <TD>0.44</TD>
  </TR>
  <TR>
    <TD>4308.0</TD>
    <TD>241.0277</TD>
    <TD>54.95496</TD>
    <TD>1789.627</TD>
    <TD>2559.281</TD>
    <TD>25.7547</TD>
    <TD>0.3129</TD>
    <TD>24.8641</TD>
    <TD>0.4157</TD>
    <TD>24.8641</TD>
    <TD>0.4157</TD>
    <TD>0.38</TD>
  </TR>
  <TR>
    <TD>4309.0</TD>
    <TD>241.0309</TD>
    <TD>55.10118</TD>
    <TD>185.658</TD>
    <TD>2562.783</TD>
    <TD>25.4129</TD>
    <TD>0.2928</TD>
    <TD>24.9971</TD>
    <TD>0.3175</TD>
    <TD>24.9971</TD>
    <TD>0.3175</TD>
    <TD>0.38</TD>
  </TR>
  <TR>
    <TD>4310.0</TD>
    <TD>241.0262</TD>
    <TD>55.08846</TD>
    <TD>326.79</TD>
    <TD>2589.935</TD>
    <TD>21.2488</TD>
    <TD>0.0309</TD>
    <TD>21.1696</TD>
    <TD>0.0392</TD>
    <TD>21.1696</TD>
    <TD>0.0392</TD>
    <TD>0.01</TD>
  </TR>
  <TR>
    <TD>4311.0</TD>
    <TD>241.0303</TD>
    <TD>55.07967</TD>
    <TD>423.309</TD>
    <TD>2563.318</TD>
    <TD>25.7582</TD>
    <TD>0.3138</TD>
    <TD>24.8068</TD>
    <TD>0.4506</TD>
    <TD>24.8068</TD>
    <TD>0.4506</TD>
    <TD>0.36</TD>
  </TR>
  <TR>
    <TD>4312.0</TD>
    <TD>241.0284</TD>
    <TD>55.01318</TD>
    <TD>1153.987</TD>
    <TD>2564.487</TD>
    <TD>25.3485</TD>
    <TD>0.3012</TD>
    <TD>23.8971</TD>
    <TD>0.267</TD>
    <TD>23.8971</TD>
    <TD>0.267</TD>
    <TD>0.34</TD>
  </TR>
  <TR>
    <TD>4313.0</TD>
    <TD>241.0281</TD>
    <TD>55.00692</TD>
    <TD>1222.491</TD>
    <TD>2565.504</TD>
    <TD>25.5157</TD>
    <TD>0.2892</TD>
    <TD>25.0502</TD>
    <TD>0.5172</TD>
    <TD>25.0502</TD>
    <TD>0.5172</TD>
    <TD>0.41</TD>
  </TR>
  <TR>
    <TD>4314.0</TD>
    <TD>241.0276</TD>
    <TD>55.10555</TD>
    <TD>137.645</TD>
    <TD>2583.673</TD>
    <TD>23.0359</TD>
    <TD>0.0984</TD>
    <TD>22.489</TD>
    <TD>0.151</TD>
    <TD>22.489</TD>
    <TD>0.151</TD>
    <TD>0.0</TD>
  </TR>
  <TR>
    <TD>4315.0</TD>
    <TD>241.028</TD>
    <TD>55.05655</TD>
    <TD>678.146</TD>
    <TD>2573.544</TD>
    <TD>24.0439</TD>
    <TD>0.1614</TD>
    <TD>22.4132</TD>
    <TD>0.164</TD>
    <TD>22.4132</TD>
    <TD>0.164</TD>
    <TD>0.24</TD>
  </TR>
  <TR>
    <TD>4316.0</TD>
    <TD>241.0268</TD>
    <TD>55.02235</TD>
    <TD>1053.686</TD>
    <TD>2576.147</TD>
    <TD>23.9232</TD>
    <TD>0.1553</TD>
    <TD>23.0584</TD>
    <TD>0.2341</TD>
    <TD>23.0584</TD>
    <TD>0.2341</TD>
    <TD>0.36</TD>
  </TR>
  <TR>
    <TD>4317.0</TD>
    <TD>241.0234</TD>
    <TD>54.95336</TD>
    <TD>1807.472</TD>
    <TD>2586.196</TD>
    <TD>22.4509</TD>
    <TD>0.0737</TD>
    <TD>22.2403</TD>
    <TD>0.1297</TD>
    <TD>22.2403</TD>
    <TD>0.1297</TD>
    <TD>0.0</TD>
  </TR>
  <TR>
    <TD>4318.0</TD>
    <TD>241.0279</TD>
    <TD>55.0352</TD>
    <TD>912.692</TD>
    <TD>2571.19</TD>
    <TD>23.8596</TD>
    <TD>0.111</TD>
    <TD>23.8001</TD>
    <TD>0.1505</TD>
    <TD>23.8001</TD>
    <TD>0.1505</TD>
    <TD>0.79</TD>
  </TR>
  <TR>
    <TD>4319.0</TD>
    <TD>241.0188</TD>
    <TD>55.02571</TD>
    <TD>1017.782</TD>
    <TD>2625.97</TD>
    <TD>22.2265</TD>
    <TD>0.0668</TD>
    <TD>21.96</TD>
    <TD>0.1216</TD>
    <TD>21.96</TD>
    <TD>0.1216</TD>
    <TD>0.0</TD>
  </TR>
  <TR>
    <TD>4320.0</TD>
    <TD>241.0276</TD>
    <TD>55.01215</TD>
    <TD>1165.32</TD>
    <TD>2569.331</TD>
    <TD>26.0498</TD>
    <TD>0.4069</TD>
    <TD>24.6162</TD>
    <TD>0.3372</TD>
    <TD>24.6162</TD>
    <TD>0.3372</TD>
    <TD>0.36</TD>
  </TR>
  <TR>
    <TD>4321.0</TD>
    <TD>241.0269</TD>
    <TD>55.07744</TD>
    <TD>448.244</TD>
    <TD>2583.756</TD>
    <TD>23.8439</TD>
    <TD>0.1446</TD>
    <TD>23.2071</TD>
    <TD>0.2562</TD>
    <TD>23.2071</TD>
    <TD>0.2562</TD>
    <TD>0.49</TD>
  </TR>
  <TR>
    <TD>4322.0</TD>
    <TD>241.0277</TD>
    <TD>55.03944</TD>
    <TD>866.217</TD>
    <TD>2573.206</TD>
    <TD>24.4737</TD>
    <TD>0.1583</TD>
    <TD>24.4837</TD>
    <TD>0.3222</TD>
    <TD>24.4837</TD>
    <TD>0.3222</TD>
    <TD>0.64</TD>
  </TR>
  <TR>
    <TD>4323.0</TD>
    <TD>241.025</TD>
    <TD>55.09946</TD>
    <TD>205.352</TD>
    <TD>2599.091</TD>
    <TD>22.191</TD>
    <TD>0.061</TD>
    <TD>21.9796</TD>
    <TD>0.0972</TD>
    <TD>21.9796</TD>
    <TD>0.0972</TD>
    <TD>0.0</TD>
  </TR>
  <TR>
    <TD>4324.0</TD>
    <TD>241.0261</TD>
    <TD>55.0411</TD>
    <TD>848.12</TD>
    <TD>2583.068</TD>
    <TD>23.9551</TD>
    <TD>0.1563</TD>
    <TD>23.2662</TD>
    <TD>0.2558</TD>
    <TD>23.2662</TD>
    <TD>0.2558</TD>
    <TD>0.62</TD>
  </TR>
  <TR>
    <TD>4325.0</TD>
    <TD>241.0257</TD>
    <TD>54.99599</TD>
    <TD>1342.25</TD>
    <TD>2578.567</TD>
    <TD>24.8364</TD>
    <TD>0.2182</TD>
    <TD>24.3967</TD>
    <TD>0.2479</TD>
    <TD>24.3967</TD>
    <TD>0.2479</TD>
    <TD>0.36</TD>
  </TR>
  <TR>
    <TD>4326.0</TD>
    <TD>241.0263</TD>
    <TD>55.01183</TD>
    <TD>1169.0</TD>
    <TD>2577.04</TD>
    <TD>25.7032</TD>
    <TD>0.2989</TD>
    <TD>24.8682</TD>
    <TD>0.4827</TD>
    <TD>24.8682</TD>
    <TD>0.4827</TD>
    <TD>0.36</TD>
  </TR>
  <TR>
    <TD>4327.0</TD>
    <TD>241.0274</TD>
    <TD>55.03876</TD>
    <TD>873.667</TD>
    <TD>2574.705</TD>
    <TD>25.9185</TD>
    <TD>0.3619</TD>
    <TD>25.2671</TD>
    <TD>0.2801</TD>
    <TD>25.2671</TD>
    <TD>0.2801</TD>
    <TD>0.36</TD>
  </TR>
  <TR>
    <TD>4328.0</TD>
    <TD>241.0269</TD>
    <TD>55.02992</TD>
    <TD>970.677</TD>
    <TD>2576.695</TD>
    <TD>25.7883</TD>
    <TD>0.3224</TD>
    <TD>25.1275</TD>
    <TD>0.6497</TD>
    <TD>25.1275</TD>
    <TD>0.6497</TD>
    <TD>0.37</TD>
  </TR>
  <TR>
    <TD>4329.0</TD>
    <TD>241.0278</TD>
    <TD>55.06832</TD>
    <TD>548.707</TD>
    <TD>2576.638</TD>
    <TD>25.6201</TD>
    <TD>0.2778</TD>
    <TD>25.2933</TD>
    <TD>0.2867</TD>
    <TD>25.2933</TD>
    <TD>0.2867</TD>
    <TD>0.38</TD>
  </TR>
  <TR>
    <TD>4330.0</TD>
    <TD>241.0241</TD>
    <TD>55.0854</TD>
    <TD>360.804</TD>
    <TD>2602.553</TD>
    <TD>22.3049</TD>
    <TD>0.0694</TD>
    <TD>21.9787</TD>
    <TD>0.1056</TD>
    <TD>21.9787</TD>
    <TD>0.1056</TD>
    <TD>0.0</TD>
  </TR>
  <TR>
    <TD>4331.0</TD>
    <TD>241.0234</TD>
    <TD>55.00831</TD>
    <TD>1207.849</TD>
    <TD>2594.64</TD>
    <TD>23.3463</TD>
    <TD>0.109</TD>
    <TD>23.0226</TD>
    <TD>0.1504</TD>
    <TD>23.0226</TD>
    <TD>0.1504</TD>
    <TD>0.02</TD>
  </TR>
  <TR>
    <TD>4332.0</TD>
    <TD>241.0221</TD>
    <TD>55.07921</TD>
    <TD>429.222</TD>
    <TD>2613.959</TD>
    <TD>20.7392</TD>
    <TD>0.0258</TD>
    <TD>20.5081</TD>
    <TD>0.0387</TD>
    <TD>20.5081</TD>
    <TD>0.0387</TD>
    <TD>0.0</TD>
  </TR>
  <TR>
    <TD>4333.0</TD>
    <TD>241.0234</TD>
    <TD>54.93943</TD>
    <TD>1959.141</TD>
    <TD>2583.678</TD>
    <TD>24.1123</TD>
    <TD>0.1673</TD>
    <TD>23.8413</TD>
    <TD>0.3312</TD>
    <TD>23.8413</TD>
    <TD>0.3312</TD>
    <TD>0.35</TD>
  </TR>
  <TR>
    <TD>4334.0</TD>
    <TD>241.028</TD>
    <TD>55.10721</TD>
    <TD>119.302</TD>
    <TD>2581.656</TD>
    <TD>26.3107</TD>
    <TD>0.5142</TD>
    <TD>25.0783</TD>
    <TD>0.3012</TD>
    <TD>25.0783</TD>
    <TD>0.3012</TD>
    <TD>0.35</TD>
  </TR>
  <TR>
    <TD>4335.0</TD>
    <TD>241.0204</TD>
    <TD>54.94693</TD>
    <TD>1877.846</TD>
    <TD>2603.636</TD>
    <TD>22.3202</TD>
    <TD>0.0656</TD>
    <TD>21.6913</TD>
    <TD>0.1042</TD>
    <TD>21.6913</TD>
    <TD>0.1042</TD>
    <TD>0.0</TD>
  </TR>
  <TR>
    <TD>4336.0</TD>
    <TD>241.0243</TD>
    <TD>55.0611</TD>
    <TD>628.504</TD>
    <TD>2597.378</TD>
    <TD>23.3451</TD>
    <TD>0.1152</TD>
    <TD>23.0083</TD>
    <TD>0.1419</TD>
    <TD>23.0083</TD>
    <TD>0.1419</TD>
    <TD>0.01</TD>
  </TR>
  <TR>
    <TD>4337.0</TD>
    <TD>241.0253</TD>
    <TD>55.00371</TD>
    <TD>1257.948</TD>
    <TD>2582.506</TD>
    <TD>25.1684</TD>
    <TD>0.2565</TD>
    <TD>24.121</TD>
    <TD>0.3183</TD>
    <TD>24.121</TD>
    <TD>0.3183</TD>
    <TD>0.47</TD>
  </TR>
  <TR>
    <TD>4338.0</TD>
    <TD>241.0164</TD>
    <TD>54.94056</TD>
    <TD>1947.558</TD>
    <TD>2627.649</TD>
    <TD>19.7321</TD>
    <TD>0.0135</TD>
    <TD>19.6578</TD>
    <TD>0.0168</TD>
    <TD>19.6578</TD>
    <TD>0.0168</TD>
    <TD>0.02</TD>
  </TR>
  <TR>
    <TD>4339.0</TD>
    <TD>241.0239</TD>
    <TD>54.98967</TD>
    <TD>1411.489</TD>
    <TD>2588.528</TD>
    <TD>25.5519</TD>
    <TD>0.2986</TD>
    <TD>24.4421</TD>
    <TD>0.3471</TD>
    <TD>24.4421</TD>
    <TD>0.3471</TD>
    <TD>0.37</TD>
  </TR>
  <TR>
    <TD>4340.0</TD>
    <TD>241.0267</TD>
    <TD>55.06455</TD>
    <TD>590.309</TD>
    <TD>2583.31</TD>
    <TD>26.0188</TD>
    <TD>0.3957</TD>
    <TD>25.2774</TD>
    <TD>0.6932</TD>
    <TD>25.2774</TD>
    <TD>0.6932</TD>
    <TD>0.36</TD>
  </TR>
  <TR>
    <TD>4341.0</TD>
    <TD>241.0247</TD>
    <TD>55.01011</TD>
    <TD>1188.017</TD>
    <TD>2587.205</TD>
    <TD>25.45</TD>
    <TD>0.3027</TD>
    <TD>24.6824</TD>
    <TD>0.2868</TD>
    <TD>24.6824</TD>
    <TD>0.2868</TD>
    <TD>0.39</TD>
  </TR>
  <TR>
    <TD>4342.0</TD>
    <TD>241.0255</TD>
    <TD>55.03121</TD>
    <TD>956.684</TD>
    <TD>2585.334</TD>
    <TD>25.8647</TD>
    <TD>0.345</TD>
    <TD>25.1907</TD>
    <TD>0.478</TD>
    <TD>25.1907</TD>
    <TD>0.478</TD>
    <TD>0.39</TD>
  </TR>
  <TR>
    <TD>4343.0</TD>
    <TD>241.0178</TD>
    <TD>55.00794</TD>
    <TD>1212.448</TD>
    <TD>2629.423</TD>
    <TD>20.3922</TD>
    <TD>0.0202</TD>
    <TD>20.3008</TD>
    <TD>0.0253</TD>
    <TD>20.3008</TD>
    <TD>0.0253</TD>
    <TD>0.01</TD>
  </TR>
  <TR>
    <TD>4344.0</TD>
    <TD>241.0218</TD>
    <TD>54.93421</TD>
    <TD>2016.015</TD>
    <TD>2593.108</TD>
    <TD>24.9581</TD>
    <TD>0.2433</TD>
    <TD>23.878</TD>
    <TD>0.3369</TD>
    <TD>23.878</TD>
    <TD>0.3369</TD>
    <TD>0.37</TD>
  </TR>
  <TR>
    <TD>4345.0</TD>
    <TD>241.0245</TD>
    <TD>55.026</TD>
    <TD>1014.004</TD>
    <TD>2590.506</TD>
    <TD>25.7015</TD>
    <TD>0.3412</TD>
    <TD>24.9542</TD>
    <TD>0.4737</TD>
    <TD>24.9542</TD>
    <TD>0.4737</TD>
    <TD>0.43</TD>
  </TR>
  <TR>
    <TD>4346.0</TD>
    <TD>241.0243</TD>
    <TD>55.11607</TD>
    <TD>21.577</TD>
    <TD>2605.865</TD>
    <TD>23.2788</TD>
    <TD>0.1115</TD>
    <TD>22.9466</TD>
    <TD>0.1398</TD>
    <TD>22.9466</TD>
    <TD>0.1398</TD>
    <TD>0.09</TD>
  </TR>
  <TR>
    <TD>4347.0</TD>
    <TD>241.02</TD>
    <TD>55.04892</TD>
    <TD>762.974</TD>
    <TD>2622.557</TD>
    <TD>21.4873</TD>
    <TD>0.0362</TD>
    <TD>21.3218</TD>
    <TD>0.0561</TD>
    <TD>21.3218</TD>
    <TD>0.0561</TD>
    <TD>0.01</TD>
  </TR>
  <TR>
    <TD>4348.0</TD>
    <TD>241.0227</TD>
    <TD>55.04435</TD>
    <TD>812.838</TD>
    <TD>2604.682</TD>
    <TD>23.8331</TD>
    <TD>0.1338</TD>
    <TD>23.2917</TD>
    <TD>0.2203</TD>
    <TD>23.2917</TD>
    <TD>0.2203</TD>
    <TD>0.68</TD>
  </TR>
  <TR>
    <TD>4349.0</TD>
    <TD>241.0188</TD>
    <TD>54.98248</TD>
    <TD>1490.512</TD>
    <TD>2619.497</TD>
    <TD>22.1095</TD>
    <TD>0.0568</TD>
    <TD>21.9192</TD>
    <TD>0.0867</TD>
    <TD>21.9192</TD>
    <TD>0.0867</TD>
    <TD>0.0</TD>
  </TR>
  <TR>
    <TD>4350.0</TD>
    <TD>241.0173</TD>
    <TD>55.03277</TD>
    <TD>940.553</TD>
    <TD>2636.77</TD>
    <TD>20.9441</TD>
    <TD>0.0276</TD>
    <TD>20.8175</TD>
    <TD>0.0402</TD>
    <TD>20.8175</TD>
    <TD>0.0402</TD>
    <TD>0.01</TD>
  </TR>
  <TR>
    <TD>4351.0</TD>
    <TD>241.0225</TD>
    <TD>55.02658</TD>
    <TD>1007.794</TD>
    <TD>2603.399</TD>
    <TD>25.3101</TD>
    <TD>0.2672</TD>
    <TD>24.373</TD>
    <TD>0.4481</TD>
    <TD>24.373</TD>
    <TD>0.4481</TD>
    <TD>0.36</TD>
  </TR>
  <TR>
    <TD>4352.0</TD>
    <TD>241.0219</TD>
    <TD>55.01226</TD>
    <TD>1164.684</TD>
    <TD>2604.646</TD>
    <TD>24.1401</TD>
    <TD>0.1623</TD>
    <TD>23.5494</TD>
    <TD>0.2616</TD>
    <TD>23.5494</TD>
    <TD>0.2616</TD>
    <TD>0.35</TD>
  </TR>
  <TR>
    <TD>4353.0</TD>
    <TD>241.0146</TD>
    <TD>54.93712</TD>
    <TD>1985.163</TD>
    <TD>2638.135</TD>
    <TD>21.4542</TD>
    <TD>0.0361</TD>
    <TD>21.3567</TD>
    <TD>0.0528</TD>
    <TD>21.3567</TD>
    <TD>0.0528</TD>
    <TD>0.01</TD>
  </TR>
  <TR>
    <TD>4354.0</TD>
    <TD>241.0175</TD>
    <TD>54.94605</TD>
    <TD>1887.663</TD>
    <TD>2621.424</TD>
    <TD>23.1388</TD>
    <TD>0.1078</TD>
    <TD>22.3955</TD>
    <TD>0.1671</TD>
    <TD>22.3955</TD>
    <TD>0.1671</TD>
    <TD>0.01</TD>
  </TR>
  <TR>
    <TD>4355.0</TD>
    <TD>241.0229</TD>
    <TD>55.03328</TD>
    <TD>934.352</TD>
    <TD>2601.679</TD>
    <TD>25.4708</TD>
    <TD>0.2436</TD>
    <TD>24.9728</TD>
    <TD>0.3636</TD>
    <TD>24.9728</TD>
    <TD>0.3636</TD>
    <TD>0.37</TD>
  </TR>
  <TR>
    <TD>4356.0</TD>
    <TD>241.021</TD>
    <TD>55.09385</TD>
    <TD>267.847</TD>
    <TD>2623.368</TD>
    <TD>22.5134</TD>
    <TD>0.0712</TD>
    <TD>22.34</TD>
    <TD>0.1011</TD>
    <TD>22.34</TD>
    <TD>0.1011</TD>
    <TD>0.01</TD>
  </TR>
  <TR>
    <TD>4357.0</TD>
    <TD>241.0218</TD>
    <TD>55.04935</TD>
    <TD>758.019</TD>
    <TD>2611.226</TD>
    <TD>23.6812</TD>
    <TD>0.1353</TD>
    <TD>23.0567</TD>
    <TD>0.2097</TD>
    <TD>23.0567</TD>
    <TD>0.2097</TD>
    <TD>0.46</TD>
  </TR>
  <TR>
    <TD>4358.0</TD>
    <TD>241.0224</TD>
    <TD>55.03389</TD>
    <TD>927.68</TD>
    <TD>2605.0</TD>
    <TD>25.6667</TD>
    <TD>0.2894</TD>
    <TD>24.6469</TD>
    <TD>0.3294</TD>
    <TD>24.6469</TD>
    <TD>0.3294</TD>
    <TD>0.38</TD>
  </TR>
  <TR>
    <TD>4359.0</TD>
    <TD>241.0236</TD>
    <TD>55.08182</TD>
    <TD>400.272</TD>
    <TD>2604.948</TD>
    <TD>25.5617</TD>
    <TD>0.3013</TD>
    <TD>24.8202</TD>
    <TD>0.3166</TD>
    <TD>24.8202</TD>
    <TD>0.3166</TD>
    <TD>0.35</TD>
  </TR>
  <TR>
    <TD>4360.0</TD>
    <TD>241.0225</TD>
    <TD>55.11125</TD>
    <TD>75.125</TD>
    <TD>2616.769</TD>
    <TD>23.2366</TD>
    <TD>0.11</TD>
    <TD>22.6176</TD>
    <TD>0.205</TD>
    <TD>22.6176</TD>
    <TD>0.205</TD>
    <TD>0.01</TD>
  </TR>
  <TR>
    <TD>4361.0</TD>
    <TD>241.0232</TD>
    <TD>55.05087</TD>
    <TD>741.192</TD>
    <TD>2602.598</TD>
    <TD>25.2281</TD>
    <TD>0.2485</TD>
    <TD>24.7156</TD>
    <TD>0.3868</TD>
    <TD>24.7156</TD>
    <TD>0.3868</TD>
    <TD>0.36</TD>
  </TR>
  <TR>
    <TD>4362.0</TD>
    <TD>241.0225</TD>
    <TD>55.08301</TD>
    <TD>387.365</TD>
    <TD>2612.41</TD>
    <TD>23.7497</TD>
    <TD>0.1358</TD>
    <TD>23.1889</TD>
    <TD>0.2166</TD>
    <TD>23.1889</TD>
    <TD>0.2166</TD>
    <TD>0.29</TD>
  </TR>
  <TR>
    <TD>4363.0</TD>
    <TD>241.0154</TD>
    <TD>54.93165</TD>
    <TD>2044.576</TD>
    <TD>2632.263</TD>
    <TD>21.6666</TD>
    <TD>0.0393</TD>
    <TD>21.6054</TD>
    <TD>0.0496</TD>
    <TD>21.6054</TD>
    <TD>0.0496</TD>
    <TD>0.01</TD>
  </TR>
  <TR>
    <TD>4364.0</TD>
    <TD>241.0201</TD>
    <TD>54.93558</TD>
    <TD>2001.304</TD>
    <TD>2603.371</TD>
    <TD>26.034</TD>
    <TD>0.4012</TD>
    <TD>25.0849</TD>
    <TD>0.2882</TD>
    <TD>25.0849</TD>
    <TD>0.2882</TD>
    <TD>0.38</TD>
  </TR>
  <TR>
    <TD>4365.0</TD>
    <TD>241.021</TD>
    <TD>55.05679</TD>
    <TD>676.293</TD>
    <TD>2617.225</TD>
    <TD>24.1459</TD>
    <TD>0.1724</TD>
    <TD>23.3851</TD>
    <TD>0.1828</TD>
    <TD>23.3851</TD>
    <TD>0.1828</TD>
    <TD>0.47</TD>
  </TR>
  <TR>
    <TD>4366.0</TD>
    <TD>241.0231</TD>
    <TD>55.05931</TD>
    <TD>648.335</TD>
    <TD>2604.679</TD>
    <TD>25.8526</TD>
    <TD>0.3413</TD>
    <TD>25.4913</TD>
    <TD>0.5831</TD>
    <TD>25.4913</TD>
    <TD>0.5831</TD>
    <TD>0.36</TD>
  </TR>
  <TR>
    <TD>4367.0</TD>
    <TD>241.0228</TD>
    <TD>55.11094</TD>
    <TD>78.586</TD>
    <TD>2614.823</TD>
    <TD>24.11</TD>
    <TD>0.1485</TD>
    <TD>23.4126</TD>
    <TD>0.2282</TD>
    <TD>23.7556</TD>
    <TD>0.1523</TD>
    <TD>0.45</TD>
  </TR>
  <TR>
    <TD>4368.0</TD>
    <TD>241.021</TD>
    <TD>54.99389</TD>
    <TD>1365.67</TD>
    <TD>2607.339</TD>
    <TD>25.9541</TD>
    <TD>0.3736</TD>
    <TD>25.4283</TD>
    <TD>0.3235</TD>
    <TD>25.4283</TD>
    <TD>0.3235</TD>
    <TD>0.37</TD>
  </TR>
  <TR>
    <TD>4369.0</TD>
    <TD>241.0207</TD>
    <TD>55.05892</TD>
    <TD>652.901</TD>
    <TD>2619.667</TD>
    <TD>24.2207</TD>
    <TD>0.1794</TD>
    <TD>23.5256</TD>
    <TD>0.2261</TD>
    <TD>23.5256</TD>
    <TD>0.2261</TD>
    <TD>0.35</TD>
  </TR>
  <TR>
    <TD>4370.0</TD>
    <TD>241.0191</TD>
    <TD>55.01816</TD>
    <TD>1100.475</TD>
    <TD>2623.391</TD>
    <TD>23.1291</TD>
    <TD>0.1046</TD>
    <TD>22.3391</TD>
    <TD>0.1585</TD>
    <TD>22.3391</TD>
    <TD>0.1585</TD>
    <TD>0.04</TD>
  </TR>
  <TR>
    <TD>4371.0</TD>
    <TD>241.0224</TD>
    <TD>55.0896</TD>
    <TD>314.582</TD>
    <TD>2613.621</TD>
    <TD>24.6376</TD>
    <TD>0.2029</TD>
    <TD>23.4834</TD>
    <TD>0.2581</TD>
    <TD>23.4834</TD>
    <TD>0.2581</TD>
    <TD>0.41</TD>
  </TR>
  <TR>
    <TD>4372.0</TD>
    <TD>240.9989</TD>
    <TD>55.04537</TD>
    <TD>804.23</TD>
    <TD>2753.248</TD>
    <TD>17.8266</TD>
    <TD>0.0034</TD>
    <TD>17.8369</TD>
    <TD>0.0033</TD>
    <TD>17.8369</TD>
    <TD>0.0033</TD>
    <TD>0.03</TD>
  </TR>
  <TR>
    <TD>4373.0</TD>
    <TD>241.0195</TD>
    <TD>54.96622</TD>
    <TD>1667.831</TD>
    <TD>2612.136</TD>
    <TD>25.3178</TD>
    <TD>0.2931</TD>
    <TD>24.0441</TD>
    <TD>0.2764</TD>
    <TD>24.0441</TD>
    <TD>0.2764</TD>
    <TD>0.36</TD>
  </TR>
  <TR>
    <TD>4374.0</TD>
    <TD>241.0195</TD>
    <TD>55.08748</TD>
    <TD>338.362</TD>
    <TD>2631.288</TD>
    <TD>21.7087</TD>
    <TD>0.0449</TD>
    <TD>21.4892</TD>
    <TD>0.0726</TD>
    <TD>21.4892</TD>
    <TD>0.0726</TD>
    <TD>0.09</TD>
  </TR>
  <TR>
    <TD>4375.0</TD>
    <TD>241.0212</TD>
    <TD>55.05287</TD>
    <TD>719.432</TD>
    <TD>2615.291</TD>
    <TD>24.9096</TD>
    <TD>0.2189</TD>
    <TD>24.2129</TD>
    <TD>0.3358</TD>
    <TD>24.2129</TD>
    <TD>0.3358</TD>
    <TD>0.49</TD>
  </TR>
  <TR>
    <TD>4376.0</TD>
    <TD>241.0203</TD>
    <TD>54.9921</TD>
    <TD>1385.319</TD>
    <TD>2611.298</TD>
    <TD>25.9156</TD>
    <TD>0.361</TD>
    <TD>25.0369</TD>
    <TD>0.4868</TD>
    <TD>25.0369</TD>
    <TD>0.4868</TD>
    <TD>0.37</TD>
  </TR>
  <TR>
    <TD>4377.0</TD>
    <TD>241.0199</TD>
    <TD>54.99104</TD>
    <TD>1397.0</TD>
    <TD>2613.98</TD>
    <TD>25.8527</TD>
    <TD>0.3413</TD>
    <TD>25.5861</TD>
    <TD>0.4014</TD>
    <TD>25.5861</TD>
    <TD>0.4014</TD>
    <TD>0.37</TD>
  </TR>
  <TR>
    <TD>4378.0</TD>
    <TD>241.0138</TD>
    <TD>55.06515</TD>
    <TD>585.147</TD>
    <TD>2663.694</TD>
    <TD>19.8748</TD>
    <TD>0.0164</TD>
    <TD>19.805</TD>
    <TD>0.0208</TD>
    <TD>19.805</TD>
    <TD>0.0208</TD>
    <TD>0.0</TD>
  </TR>
  <TR>
    <TD>4379.0</TD>
    <TD>241.0226</TD>
    <TD>55.11763</TD>
    <TD>4.443</TD>
    <TD>2617.097</TD>
    <TD>24.2558</TD>
    <TD>0.1745</TD>
    <TD>24.1927</TD>
    <TD>0.2541</TD>
    <TD>24.1927</TD>
    <TD>0.2541</TD>
    <TD>0.42</TD>
  </TR>
  <TR>
    <TD>4380.0</TD>
    <TD>241.0188</TD>
    <TD>55.03991</TD>
    <TD>861.987</TD>
    <TD>2628.633</TD>
    <TD>22.4503</TD>
    <TD>0.0668</TD>
    <TD>22.2377</TD>
    <TD>0.1175</TD>
    <TD>22.2377</TD>
    <TD>0.1175</TD>
    <TD>0.0</TD>
  </TR>
  <TR>
    <TD>4381.0</TD>
    <TD>241.0184</TD>
    <TD>55.00414</TD>
    <TD>1253.94</TD>
    <TD>2625.529</TD>
    <TD>23.8978</TD>
    <TD>0.1518</TD>
    <TD>23.3591</TD>
    <TD>0.256</TD>
    <TD>23.3591</TD>
    <TD>0.256</TD>
    <TD>0.46</TD>
  </TR>
  <TR>
    <TD>4382.0</TD>
    <TD>240.9983</TD>
    <TD>54.97918</TD>
    <TD>1528.759</TD>
    <TD>2746.237</TD>
    <TD>21.2943</TD>
    <TD>0.0377</TD>
    <TD>21.2648</TD>
    <TD>0.0563</TD>
    <TD>21.2648</TD>
    <TD>0.0563</TD>
    <TD>0.0</TD>
  </TR>
  <TR>
    <TD>4383.0</TD>
    <TD>241.019</TD>
    <TD>55.10203</TD>
    <TD>177.635</TD>
    <TD>2637.21</TD>
    <TD>22.5475</TD>
    <TD>0.0745</TD>
    <TD>22.156</TD>
    <TD>0.0971</TD>
    <TD>22.156</TD>
    <TD>0.0971</TD>
    <TD>0.0</TD>
  </TR>
  <TR>
    <TD>4384.0</TD>
    <TD>241.0119</TD>
    <TD>54.95075</TD>
    <TD>1837.101</TD>
    <TD>2657.075</TD>
    <TD>20.5227</TD>
    <TD>0.0238</TD>
    <TD>20.3246</TD>
    <TD>0.0324</TD>
    <TD>20.3246</TD>
    <TD>0.0324</TD>
    <TD>0.0</TD>
  </TR>
  <TR>
    <TD>4385.0</TD>
    <TD>241.0184</TD>
    <TD>55.10763</TD>
    <TD>115.741</TD>
    <TD>2641.453</TD>
    <TD>21.5855</TD>
    <TD>0.0415</TD>
    <TD>21.5175</TD>
    <TD>0.063</TD>
    <TD>21.5175</TD>
    <TD>0.063</TD>
    <TD>0.0</TD>
  </TR>
  <TR>
    <TD>4386.0</TD>
    <TD>241.004</TD>
    <TD>55.00983</TD>
    <TD>1193.289</TD>
    <TD>2716.039</TD>
    <TD>19.4711</TD>
    <TD>0.0116</TD>
    <TD>19.3964</TD>
    <TD>0.0152</TD>
    <TD>19.396</TD>
    <TD>0.0119</TD>
    <TD>0.02</TD>
  </TR>
  <TR>
    <TD>4387.0</TD>
    <TD>241.0116</TD>
    <TD>54.96689</TD>
    <TD>1661.315</TD>
    <TD>2661.621</TD>
    <TD>20.2889</TD>
    <TD>0.0165</TD>
    <TD>20.2649</TD>
    <TD>0.0195</TD>
    <TD>20.2649</TD>
    <TD>0.0195</TD>
    <TD>0.03</TD>
  </TR>
  <TR>
    <TD>4388.0</TD>
    <TD>241.0145</TD>
    <TD>54.99273</TD>
    <TD>1379.063</TD>
    <TD>2647.377</TD>
    <TD>22.543</TD>
    <TD>0.0758</TD>
    <TD>22.2938</TD>
    <TD>0.1029</TD>
    <TD>22.2938</TD>
    <TD>0.1029</TD>
    <TD>0.0</TD>
  </TR>
  <TR>
    <TD>4389.0</TD>
    <TD>240.993</TD>
    <TD>55.05511</TD>
    <TD>697.713</TD>
    <TD>2791.302</TD>
    <TD>15.2585</TD>
    <TD>8.0E-4</TD>
    <TD>15.2875</TD>
    <TD>7.0E-4</TD>
    <TD>15.2875</TD>
    <TD>7.0E-4</TD>
    <TD>0.97</TD>
  </TR>
  <TR>
    <TD>4390.0</TD>
    <TD>241.0157</TD>
    <TD>54.98617</TD>
    <TD>1450.646</TD>
    <TD>2639.41</TD>
    <TD>22.4143</TD>
    <TD>0.0632</TD>
    <TD>22.1475</TD>
    <TD>0.0933</TD>
    <TD>22.1475</TD>
    <TD>0.0933</TD>
    <TD>0.0</TD>
  </TR>
  <TR>
    <TD>4391.0</TD>
    <TD>241.0184</TD>
    <TD>55.01655</TD>
    <TD>1118.102</TD>
    <TD>2627.334</TD>
    <TD>24.316</TD>
    <TD>0.1842</TD>
    <TD>23.0813</TD>
    <TD>0.2139</TD>
    <TD>23.0813</TD>
    <TD>0.2139</TD>
    <TD>0.09</TD>
  </TR>
  <TR>
    <TD>4392.0</TD>
    <TD>241.0184</TD>
    <TD>55.01053</TD>
    <TD>1184.0</TD>
    <TD>2626.037</TD>
    <TD>25.7801</TD>
    <TD>0.32</TD>
    <TD>25.1185</TD>
    <TD>0.2808</TD>
    <TD>25.1185</TD>
    <TD>0.2808</TD>
    <TD>0.42</TD>
  </TR>
  <TR>
    <TD>4393.0</TD>
    <TD>241.0183</TD>
    <TD>54.98915</TD>
    <TD>1417.724</TD>
    <TD>2623.233</TD>
    <TD>25.5045</TD>
    <TD>0.2863</TD>
    <TD>24.9557</TD>
    <TD>0.5613</TD>
    <TD>24.9557</TD>
    <TD>0.5613</TD>
    <TD>0.36</TD>
  </TR>
  <TR>
    <TD>4394.0</TD>
    <TD>241.0205</TD>
    <TD>55.07411</TD>
    <TD>485.672</TD>
    <TD>2623.343</TD>
    <TD>25.9434</TD>
    <TD>0.37</TD>
    <TD>25.318</TD>
    <TD>0.4085</TD>
    <TD>25.318</TD>
    <TD>0.4085</TD>
    <TD>0.36</TD>
  </TR>
  <TR>
    <TD>4395.0</TD>
    <TD>241.0196</TD>
    <TD>55.10879</TD>
    <TD>102.693</TD>
    <TD>2634.016</TD>
    <TD>23.6723</TD>
    <TD>0.1366</TD>
    <TD>22.8549</TD>
    <TD>0.1875</TD>
    <TD>22.8549</TD>
    <TD>0.1875</TD>
    <TD>0.01</TD>
  </TR>
  <TR>
    <TD>4396.0</TD>
    <TD>241.0159</TD>
    <TD>55.05267</TD>
    <TD>722.104</TD>
    <TD>2648.28</TD>
    <TD>22.5616</TD>
    <TD>0.0738</TD>
    <TD>21.3645</TD>
    <TD>0.0911</TD>
    <TD>22.1863</TD>
    <TD>0.0754</TD>
    <TD>0.01</TD>
  </TR>
  <TR>
    <TD>4397.0</TD>
    <TD>241.0196</TD>
    <TD>55.05059</TD>
    <TD>744.654</TD>
    <TD>2625.335</TD>
    <TD>25.9468</TD>
    <TD>0.3711</TD>
    <TD>25.1719</TD>
    <TD>0.5316</TD>
    <TD>25.1719</TD>
    <TD>0.5316</TD>
    <TD>0.36</TD>
  </TR>
  <TR>
    <TD>4398.0</TD>
    <TD>241.0166</TD>
    <TD>55.02902</TD>
    <TD>981.677</TD>
    <TD>2640.528</TD>
    <TD>22.5061</TD>
    <TD>0.0686</TD>
    <TD>22.3312</TD>
    <TD>0.092</TD>
    <TD>22.3312</TD>
    <TD>0.092</TD>
    <TD>0.0</TD>
  </TR>
  <TR>
    <TD>4399.0</TD>
    <TD>241.0165</TD>
    <TD>54.95443</TD>
    <TD>1796.626</TD>
    <TD>2628.812</TD>
    <TD>25.6403</TD>
    <TD>0.3589</TD>
    <TD>24.1201</TD>
    <TD>0.3384</TD>
    <TD>24.1201</TD>
    <TD>0.3384</TD>
    <TD>0.36</TD>
  </TR>
  <TR>
    <TD>4400.0</TD>
    <TD>241.0209</TD>
    <TD>55.11667</TD>
    <TD>15.298</TD>
    <TD>2627.312</TD>
    <TD>25.913</TD>
    <TD>0.3601</TD>
    <TD>25.2835</TD>
    <TD>0.6099</TD>
    <TD>25.2835</TD>
    <TD>0.6099</TD>
    <TD>0.37</TD>
  </TR>
  <TR>
    <TD>4401.0</TD>
    <TD>241.0159</TD>
    <TD>55.11674</TD>
    <TD>15.044</TD>
    <TD>2658.735</TD>
    <TD>21.336</TD>
    <TD>0.0334</TD>
    <TD>21.1679</TD>
    <TD>0.0486</TD>
    <TD>21.1679</TD>
    <TD>0.0486</TD>
    <TD>0.01</TD>
  </TR>
  <TR>
    <TD>4402.0</TD>
    <TD>241.0201</TD>
    <TD>55.09805</TD>
    <TD>221.439</TD>
    <TD>2629.496</TD>
    <TD>25.5502</TD>
    <TD>0.2982</TD>
    <TD>25.0752</TD>
    <TD>0.3278</TD>
    <TD>25.0752</TD>
    <TD>0.3278</TD>
    <TD>0.41</TD>
  </TR>
  <TR>
    <TD>4403.0</TD>
    <TD>241.0165</TD>
    <TD>55.05291</TD>
    <TD>719.493</TD>
    <TD>2645.009</TD>
    <TD>23.2011</TD>
    <TD>0.1</TD>
    <TD>21.9976</TD>
    <TD>0.1155</TD>
    <TD>22.8097</TD>
    <TD>0.1019</TD>
    <TD>0.38</TD>
  </TR>
  <TR>
    <TD>4404.0</TD>
    <TD>241.0106</TD>
    <TD>55.08904</TD>
    <TD>322.045</TD>
    <TD>2687.121</TD>
    <TD>22.1986</TD>
    <TD>0.0618</TD>
    <TD>21.9949</TD>
    <TD>0.0889</TD>
    <TD>21.8392</TD>
    <TD>0.0633</TD>
    <TD>0.0</TD>
  </TR>
  <TR>
    <TD>4405.0</TD>
    <TD>241.0136</TD>
    <TD>54.97457</TD>
    <TD>1577.457</TD>
    <TD>2650.346</TD>
    <TD>22.369</TD>
    <TD>0.0681</TD>
    <TD>22.134</TD>
    <TD>0.087</TD>
    <TD>22.134</TD>
    <TD>0.087</TD>
    <TD>0.0</TD>
  </TR>
  <TR>
    <TD>4406.0</TD>
    <TD>241.0164</TD>
    <TD>55.0996</TD>
    <TD>204.707</TD>
    <TD>2652.701</TD>
    <TD>22.8373</TD>
    <TD>0.0928</TD>
    <TD>22.4882</TD>
    <TD>0.1137</TD>
    <TD>22.4882</TD>
    <TD>0.1137</TD>
    <TD>0.0</TD>
  </TR>
  <TR>
    <TD>4407.0</TD>
    <TD>241.0176</TD>
    <TD>55.04687</TD>
    <TD>785.753</TD>
    <TD>2637.005</TD>
    <TD>25.5597</TD>
    <TD>0.3007</TD>
    <TD>24.6135</TD>
    <TD>0.3967</TD>
    <TD>24.6135</TD>
    <TD>0.3967</TD>
    <TD>0.36</TD>
  </TR>
  <TR>
    <TD>4408.0</TD>
    <TD>241.0141</TD>
    <TD>55.05282</TD>
    <TD>720.661</TD>
    <TD>2659.599</TD>
    <TD>21.7208</TD>
    <TD>0.0484</TD>
    <TD>21.2822</TD>
    <TD>0.075</TD>
    <TD>21.2822</TD>
    <TD>0.075</TD>
    <TD>0.0</TD>
  </TR>
  <TR>
    <TD>4409.0</TD>
    <TD>241.0133</TD>
    <TD>54.96172</TD>
    <TD>1717.533</TD>
    <TD>2650.179</TD>
    <TD>23.4418</TD>
    <TD>0.1187</TD>
    <TD>23.0396</TD>
    <TD>0.1999</TD>
    <TD>22.9297</TD>
    <TD>0.1171</TD>
    <TD>0.07</TD>
  </TR>
  <TR>
    <TD>4410.0</TD>
    <TD>241.0178</TD>
    <TD>55.05626</TD>
    <TD>682.514</TD>
    <TD>2637.469</TD>
    <TD>25.4719</TD>
    <TD>0.2782</TD>
    <TD>25.4086</TD>
    <TD>0.4435</TD>
    <TD>25.4086</TD>
    <TD>0.4435</TD>
    <TD>0.43</TD>
  </TR>
  <TR>
    <TD>4411.0</TD>
    <TD>241.0139</TD>
    <TD>54.96155</TD>
    <TD>1719.358</TD>
    <TD>2646.248</TD>
    <TD>23.6765</TD>
    <TD>0.1219</TD>
    <TD>23.2114</TD>
    <TD>0.1921</TD>
    <TD>23.3178</TD>
    <TD>0.125</TD>
    <TD>0.61</TD>
  </TR>
  <TR>
    <TD>4412.0</TD>
    <TD>241.0133</TD>
    <TD>54.94035</TD>
    <TD>1950.214</TD>
    <TD>2646.567</TD>
    <TD>23.2849</TD>
    <TD>0.1149</TD>
    <TD>22.7169</TD>
    <TD>0.1872</TD>
    <TD>22.7169</TD>
    <TD>0.1872</TD>
    <TD>0.63</TD>
  </TR>
  <TR>
    <TD>4413.0</TD>
    <TD>241.014</TD>
    <TD>54.93604</TD>
    <TD>1996.989</TD>
    <TD>2641.938</TD>
    <TD>25.0612</TD>
    <TD>0.2505</TD>
    <TD>24.0797</TD>
    <TD>0.311</TD>
    <TD>24.0797</TD>
    <TD>0.311</TD>
    <TD>0.36</TD>
  </TR>
  <TR>
    <TD>4414.0</TD>
    <TD>240.9982</TD>
    <TD>54.9593</TD>
    <TD>1745.426</TD>
    <TD>2743.62</TD>
    <TD>20.1836</TD>
    <TD>0.0168</TD>
    <TD>20.112</TD>
    <TD>0.0239</TD>
    <TD>20.112</TD>
    <TD>0.0239</TD>
    <TD>0.02</TD>
  </TR>
  <TR>
    <TD>4415.0</TD>
    <TD>241.0016</TD>
    <TD>55.0506</TD>
    <TD>746.431</TD>
    <TD>2737.232</TD>
    <TD>20.3149</TD>
    <TD>0.0165</TD>
    <TD>20.2923</TD>
    <TD>0.0198</TD>
    <TD>20.2923</TD>
    <TD>0.0198</TD>
    <TD>0.03</TD>
  </TR>
  <TR>
    <TD>4416.0</TD>
    <TD>241.0147</TD>
    <TD>55.04595</TD>
    <TD>796.177</TD>
    <TD>2655.157</TD>
    <TD>22.8141</TD>
    <TD>0.0848</TD>
    <TD>22.4077</TD>
    <TD>0.1143</TD>
    <TD>22.4077</TD>
    <TD>0.1143</TD>
    <TD>0.01</TD>
  </TR>
  <TR>
    <TD>4417.0</TD>
    <TD>241.0135</TD>
    <TD>55.00674</TD>
    <TD>1226.05</TD>
    <TD>2656.076</TD>
    <TD>21.839</TD>
    <TD>0.0472</TD>
    <TD>21.5351</TD>
    <TD>0.0879</TD>
    <TD>21.5351</TD>
    <TD>0.0879</TD>
    <TD>0.0</TD>
  </TR>
  <TR>
    <TD>4418.0</TD>
    <TD>241.0156</TD>
    <TD>54.99684</TD>
    <TD>1334.011</TD>
    <TD>2641.474</TD>
    <TD>25.3243</TD>
    <TD>0.2948</TD>
    <TD>24.927</TD>
    <TD>0.4013</TD>
    <TD>24.927</TD>
    <TD>0.4013</TD>
    <TD>0.36</TD>
  </TR>
  <TR>
    <TD>4419.0</TD>
    <TD>241.0173</TD>
    <TD>55.08439</TD>
    <TD>372.607</TD>
    <TD>2644.505</TD>
    <TD>24.9921</TD>
    <TD>0.1824</TD>
    <TD>25.0301</TD>
    <TD>0.3019</TD>
    <TD>25.0301</TD>
    <TD>0.3019</TD>
    <TD>0.53</TD>
  </TR>
  <TR>
    <TD>4420.0</TD>
    <TD>241.0169</TD>
    <TD>55.09035</TD>
    <TD>306.871</TD>
    <TD>2648.136</TD>
    <TD>25.2283</TD>
    <TD>0.3099</TD>
    <TD>24.4157</TD>
    <TD>0.3536</TD>
    <TD>24.4157</TD>
    <TD>0.3536</TD>
    <TD>0.41</TD>
  </TR>
  <TR>
    <TD>4421.0</TD>
    <TD>241.012</TD>
    <TD>54.94092</TD>
    <TD>1944.08</TD>
    <TD>2654.92</TD>
    <TD>24.3121</TD>
    <TD>0.1947</TD>
    <TD>22.9037</TD>
    <TD>0.2353</TD>
    <TD>22.9037</TD>
    <TD>0.2353</TD>
    <TD>0.37</TD>
  </TR>
  <TR>
    <TD>4422.0</TD>
    <TD>241.0163</TD>
    <TD>55.05638</TD>
    <TD>681.332</TD>
    <TD>2646.675</TD>
    <TD>25.9708</TD>
    <TD>0.3792</TD>
    <TD>24.9862</TD>
    <TD>0.5169</TD>
    <TD>24.9862</TD>
    <TD>0.5169</TD>
    <TD>0.35</TD>
  </TR>
  <TR>
    <TD>4423.0</TD>
    <TD>241.0177</TD>
    <TD>55.11781</TD>
    <TD>3.063</TD>
    <TD>2647.496</TD>
    <TD>25.3668</TD>
    <TD>0.3062</TD>
    <TD>25.1923</TD>
    <TD>0.4898</TD>
    <TD>25.1923</TD>
    <TD>0.4898</TD>
    <TD>0.4</TD>
  </TR>
  <TR>
    <TD>4424.0</TD>
    <TD>241.015</TD>
    <TD>55.02623</TD>
    <TD>1012.47</TD>
    <TD>2650.035</TD>
    <TD>25.9732</TD>
    <TD>0.4353</TD>
    <TD>24.6409</TD>
    <TD>0.4687</TD>
    <TD>24.6409</TD>
    <TD>0.4687</TD>
    <TD>0.37</TD>
  </TR>
  <TR>
    <TD>4425.0</TD>
    <TD>241.01</TD>
    <TD>54.99882</TD>
    <TD>1312.984</TD>
    <TD>2676.673</TD>
    <TD>21.4387</TD>
    <TD>0.0385</TD>
    <TD>21.356</TD>
    <TD>0.0531</TD>
    <TD>21.221</TD>
    <TD>0.04</TD>
    <TD>0.0</TD>
  </TR>
  <TR>
    <TD>4426.0</TD>
    <TD>241.0129</TD>
    <TD>55.1014</TD>
    <TD>185.249</TD>
    <TD>2674.557</TD>
    <TD>23.9101</TD>
    <TD>0.1534</TD>
    <TD>23.2784</TD>
    <TD>0.222</TD>
    <TD>23.2784</TD>
    <TD>0.222</TD>
    <TD>0.4</TD>
  </TR>
  <TR>
    <TD>4427.0</TD>
    <TD>241.0079</TD>
    <TD>54.94136</TD>
    <TD>1939.69</TD>
    <TD>2680.286</TD>
    <TD>22.0729</TD>
    <TD>0.062</TD>
    <TD>21.7914</TD>
    <TD>0.0801</TD>
    <TD>21.7914</TD>
    <TD>0.0801</TD>
    <TD>0.01</TD>
  </TR>
  <TR>
    <TD>4428.0</TD>
    <TD>241.01</TD>
    <TD>54.98427</TD>
    <TD>1471.958</TD>
    <TD>2674.527</TD>
    <TD>21.7844</TD>
    <TD>0.0424</TD>
    <TD>21.5638</TD>
    <TD>0.0624</TD>
    <TD>21.5638</TD>
    <TD>0.0624</TD>
    <TD>0.01</TD>
  </TR>
  <TR>
    <TD>4429.0</TD>
    <TD>241.0088</TD>
    <TD>54.99998</TD>
    <TD>1300.505</TD>
    <TD>2684.252</TD>
    <TD>21.0562</TD>
    <TD>0.0299</TD>
    <TD>20.921</TD>
    <TD>0.0372</TD>
    <TD>20.921</TD>
    <TD>0.0372</TD>
    <TD>0.01</TD>
  </TR>
  <TR>
    <TD>4430.0</TD>
    <TD>241.01</TD>
    <TD>55.0422</TD>
    <TD>837.835</TD>
    <TD>2683.378</TD>
    <TD>20.9299</TD>
    <TD>0.0257</TD>
    <TD>20.8515</TD>
    <TD>0.0328</TD>
    <TD>20.8515</TD>
    <TD>0.0328</TD>
    <TD>0.01</TD>
  </TR>
  <TR>
    <TD>4431.0</TD>
    <TD>241.0122</TD>
    <TD>55.0488</TD>
    <TD>765.098</TD>
    <TD>2670.926</TD>
    <TD>22.9899</TD>
    <TD>0.0934</TD>
    <TD>22.7795</TD>
    <TD>0.1257</TD>
    <TD>22.7795</TD>
    <TD>0.1257</TD>
    <TD>0.0</TD>
  </TR>
  <TR>
    <TD>4432.0</TD>
    <TD>241.0088</TD>
    <TD>54.97605</TD>
    <TD>1561.779</TD>
    <TD>2680.782</TD>
    <TD>21.909</TD>
    <TD>0.0509</TD>
    <TD>21.8116</TD>
    <TD>0.0754</TD>
    <TD>21.8116</TD>
    <TD>0.0754</TD>
    <TD>0.01</TD>
  </TR>
  <TR>
    <TD>4433.0</TD>
    <TD>241.0131</TD>
    <TD>55.10723</TD>
    <TD>120.726</TD>
    <TD>2674.308</TD>
    <TD>23.4935</TD>
    <TD>0.1204</TD>
    <TD>23.1622</TD>
    <TD>0.1535</TD>
    <TD>23.1622</TD>
    <TD>0.1535</TD>
    <TD>0.09</TD>
  </TR>
  <TR>
    <TD>4434.0</TD>
    <TD>241.0133</TD>
    <TD>55.03644</TD>
    <TD>900.649</TD>
    <TD>2662.099</TD>
    <TD>25.1534</TD>
    <TD>0.2531</TD>
    <TD>24.7847</TD>
    <TD>0.2982</TD>
    <TD>24.7847</TD>
    <TD>0.2982</TD>
    <TD>0.37</TD>
  </TR>
  <TR>
    <TD>4435.0</TD>
    <TD>241.0146</TD>
    <TD>55.05711</TD>
    <TD>673.499</TD>
    <TD>2657.521</TD>
    <TD>25.5924</TD>
    <TD>0.3096</TD>
    <TD>23.8522</TD>
    <TD>0.2509</TD>
    <TD>23.8522</TD>
    <TD>0.2509</TD>
    <TD>0.46</TD>
  </TR>
  <TR>
    <TD>4436.0</TD>
    <TD>241.0087</TD>
    <TD>54.96738</TD>
    <TD>1656.296</TD>
    <TD>2679.984</TD>
    <TD>22.7809</TD>
    <TD>0.0816</TD>
    <TD>22.4019</TD>
    <TD>0.1021</TD>
    <TD>22.4019</TD>
    <TD>0.1021</TD>
    <TD>0.0</TD>
  </TR>
  <TR>
    <TD>4437.0</TD>
    <TD>241.0094</TD>
    <TD>54.98546</TD>
    <TD>1459.058</TD>
    <TD>2678.0</TD>
    <TD>22.4423</TD>
    <TD>0.0664</TD>
    <TD>22.0651</TD>
    <TD>0.0962</TD>
    <TD>22.0651</TD>
    <TD>0.0962</TD>
    <TD>0.0</TD>
  </TR>
  <TR>
    <TD>4438.0</TD>
    <TD>240.9908</TD>
    <TD>54.95082</TD>
    <TD>1838.54</TD>
    <TD>2788.583</TD>
    <TD>15.3732</TD>
    <TD>8.0E-4</TD>
    <TD>15.401</TD>
    <TD>8.0E-4</TD>
    <TD>15.3701</TD>
    <TD>8.0E-4</TD>
    <TD>0.98</TD>
  </TR>
  <TR>
    <TD>4439.0</TD>
    <TD>241.0096</TD>
    <TD>54.93236</TD>
    <TD>2037.462</TD>
    <TD>2668.476</TD>
    <TD>25.0209</TD>
    <TD>0.2573</TD>
    <TD>24.0035</TD>
    <TD>0.3233</TD>
    <TD>24.0035</TD>
    <TD>0.3233</TD>
    <TD>0.36</TD>
  </TR>
  <TR>
    <TD>4440.0</TD>
    <TD>241.0148</TD>
    <TD>55.10626</TD>
    <TD>131.236</TD>
    <TD>2663.797</TD>
    <TD>24.1728</TD>
    <TD>0.1283</TD>
    <TD>24.0313</TD>
    <TD>0.2046</TD>
    <TD>24.0313</TD>
    <TD>0.2046</TD>
    <TD>0.66</TD>
  </TR>
  <TR>
    <TD>4441.0</TD>
    <TD>241.0103</TD>
    <TD>55.0902</TD>
    <TD>309.328</TD>
    <TD>2689.246</TD>
    <TD>21.6178</TD>
    <TD>0.045</TD>
    <TD>21.3622</TD>
    <TD>0.07</TD>
    <TD>21.3622</TD>
    <TD>0.07</TD>
    <TD>0.0</TD>
  </TR>
  <TR>
    <TD>4442.0</TD>
    <TD>241.0068</TD>
    <TD>54.97052</TD>
    <TD>1622.253</TD>
    <TD>2691.723</TD>
    <TD>23.2843</TD>
    <TD>0.1134</TD>
    <TD>22.323</TD>
    <TD>0.1646</TD>
    <TD>22.7015</TD>
    <TD>0.1092</TD>
    <TD>0.62</TD>
  </TR>
  <TR>
    <TD>4443.0</TD>
    <TD>241.014</TD>
    <TD>55.106</TD>
    <TD>134.246</TD>
    <TD>2668.843</TD>
    <TD>23.9149</TD>
    <TD>0.1074</TD>
    <TD>23.9774</TD>
    <TD>0.1698</TD>
    <TD>23.9774</TD>
    <TD>0.1698</TD>
    <TD>0.61</TD>
  </TR>
  <TR>
    <TD>4444.0</TD>
    <TD>241.0065</TD>
    <TD>55.07529</TD>
    <TD>474.145</TD>
    <TD>2710.511</TD>
    <TD>20.2413</TD>
    <TD>0.0175</TD>
    <TD>20.1611</TD>
    <TD>0.0226</TD>
    <TD>20.1611</TD>
    <TD>0.0226</TD>
    <TD>0.02</TD>
  </TR>
  <TR>
    <TD>4445.0</TD>
    <TD>241.009</TD>
    <TD>54.99681</TD>
    <TD>1335.093</TD>
    <TD>2682.348</TD>
    <TD>23.477</TD>
    <TD>0.1206</TD>
    <TD>22.8926</TD>
    <TD>0.2</TD>
    <TD>22.8926</TD>
    <TD>0.2</TD>
    <TD>0.63</TD>
  </TR>
  <TR>
    <TD>4446.0</TD>
    <TD>241.013</TD>
    <TD>55.11523</TD>
    <TD>32.126</TD>
    <TD>2676.179</TD>
    <TD>24.2346</TD>
    <TD>0.1713</TD>
    <TD>23.3519</TD>
    <TD>0.2806</TD>
    <TD>23.3519</TD>
    <TD>0.2806</TD>
    <TD>0.47</TD>
  </TR>
  <TR>
    <TD>4447.0</TD>
    <TD>241.0096</TD>
    <TD>55.05825</TD>
    <TD>661.441</TD>
    <TD>2688.712</TD>
    <TD>22.9971</TD>
    <TD>0.0899</TD>
    <TD>22.8741</TD>
    <TD>0.1309</TD>
    <TD>22.8741</TD>
    <TD>0.1309</TD>
    <TD>0.01</TD>
  </TR>
  <TR>
    <TD>4448.0</TD>
    <TD>241.0137</TD>
    <TD>55.11484</TD>
    <TD>36.369</TD>
    <TD>2671.993</TD>
    <TD>24.3839</TD>
    <TD>0.1763</TD>
    <TD>23.7891</TD>
    <TD>0.2351</TD>
    <TD>23.9525</TD>
    <TD>0.178</TD>
    <TD>0.43</TD>
  </TR>
  <TR>
    <TD>4449.0</TD>
    <TD>241.0127</TD>
    <TD>55.10105</TD>
    <TD>189.106</TD>
    <TD>2675.749</TD>
    <TD>24.8661</TD>
    <TD>0.2241</TD>
    <TD>24.681</TD>
    <TD>0.3006</TD>
    <TD>24.681</TD>
    <TD>0.3006</TD>
    <TD>0.35</TD>
  </TR>
  <TR>
    <TD>4450.0</TD>
    <TD>241.0118</TD>
    <TD>55.03682</TD>
    <TD>896.66</TD>
    <TD>2671.659</TD>
    <TD>25.6685</TD>
    <TD>0.2899</TD>
    <TD>25.4441</TD>
    <TD>0.3281</TD>
    <TD>25.4441</TD>
    <TD>0.3281</TD>
    <TD>0.4</TD>
  </TR>
  <TR>
    <TD>4451.0</TD>
    <TD>241.0114</TD>
    <TD>55.08252</TD>
    <TD>393.9</TD>
    <TD>2681.09</TD>
    <TD>23.3553</TD>
    <TD>0.1115</TD>
    <TD>22.8799</TD>
    <TD>0.1992</TD>
    <TD>22.8799</TD>
    <TD>0.1992</TD>
    <TD>0.09</TD>
  </TR>
  <TR>
    <TD>4452.0</TD>
    <TD>241.0131</TD>
    <TD>55.08626</TD>
    <TD>352.519</TD>
    <TD>2671.488</TD>
    <TD>25.5433</TD>
    <TD>0.2964</TD>
    <TD>24.4712</TD>
    <TD>0.372</TD>
    <TD>24.4712</TD>
    <TD>0.372</TD>
    <TD>0.35</TD>
  </TR>
  <TR>
    <TD>4453.0</TD>
    <TD>241.011</TD>
    <TD>55.02823</TD>
    <TD>991.021</TD>
    <TD>2674.907</TD>
    <TD>24.4395</TD>
    <TD>0.1621</TD>
    <TD>24.0803</TD>
    <TD>0.2383</TD>
    <TD>24.0803</TD>
    <TD>0.2383</TD>
    <TD>0.84</TD>
  </TR>
  <TR>
    <TD>4454.0</TD>
    <TD>241.0113</TD>
    <TD>55.03493</TD>
    <TD>917.447</TD>
    <TD>2674.498</TD>
    <TD>25.8448</TD>
    <TD>0.3879</TD>
    <TD>24.9778</TD>
    <TD>0.4841</TD>
    <TD>24.9778</TD>
    <TD>0.4841</TD>
    <TD>0.36</TD>
  </TR>
  <TR>
    <TD>4455.0</TD>
    <TD>241.0101</TD>
    <TD>54.99016</TD>
    <TD>1407.673</TD>
    <TD>2674.667</TD>
    <TD>26.1925</TD>
    <TD>0.4623</TD>
    <TD>25.4032</TD>
    <TD>0.3163</TD>
    <TD>25.4032</TD>
    <TD>0.3163</TD>
    <TD>0.4</TD>
  </TR>
  <TR>
    <TD>4456.0</TD>
    <TD>241.0089</TD>
    <TD>55.08191</TD>
    <TD>400.999</TD>
    <TD>2696.98</TD>
    <TD>22.3429</TD>
    <TD>0.0657</TD>
    <TD>22.0132</TD>
    <TD>0.1086</TD>
    <TD>22.0132</TD>
    <TD>0.1086</TD>
    <TD>0.0</TD>
  </TR>
  <TR>
    <TD>4457.0</TD>
    <TD>241.009</TD>
    <TD>54.96432</TD>
    <TD>1689.639</TD>
    <TD>2677.304</TD>
    <TD>26.132</TD>
    <TD>0.4379</TD>
    <TD>24.7646</TD>
    <TD>0.386</TD>
    <TD>24.7646</TD>
    <TD>0.386</TD>
    <TD>0.36</TD>
  </TR>
  <TR>
    <TD>4458.0</TD>
    <TD>241.0041</TD>
    <TD>54.98603</TD>
    <TD>1453.398</TD>
    <TD>2711.132</TD>
    <TD>21.1282</TD>
    <TD>0.0322</TD>
    <TD>20.9991</TD>
    <TD>0.0406</TD>
    <TD>20.9991</TD>
    <TD>0.0406</TD>
    <TD>0.0</TD>
  </TR>
  <TR>
    <TD>4459.0</TD>
    <TD>241.0</TD>
    <TD>54.99564</TD>
    <TD>1348.851</TD>
    <TD>2738.259</TD>
    <TD>20.92</TD>
    <TD>0.032</TD>
    <TD>20.7016</TD>
    <TD>0.0501</TD>
    <TD>20.7016</TD>
    <TD>0.0501</TD>
    <TD>0.0</TD>
  </TR>
  <TR>
    <TD>4460.0</TD>
    <TD>241.0088</TD>
    <TD>55.1012</TD>
    <TD>187.886</TD>
    <TD>2700.567</TD>
    <TD>23.3531</TD>
    <TD>0.1176</TD>
    <TD>22.9151</TD>
    <TD>0.1394</TD>
    <TD>22.9151</TD>
    <TD>0.1394</TD>
    <TD>0.13</TD>
  </TR>
  <TR>
    <TD>4461.0</TD>
    <TD>241.0057</TD>
    <TD>54.97067</TD>
    <TD>1620.743</TD>
    <TD>2698.873</TD>
    <TD>23.1151</TD>
    <TD>0.1033</TD>
    <TD>22.0657</TD>
    <TD>0.1437</TD>
    <TD>22.0657</TD>
    <TD>0.1437</TD>
    <TD>0.01</TD>
  </TR>
  <TR>
    <TD>4462.0</TD>
    <TD>241.0036</TD>
    <TD>54.93218</TD>
    <TD>2039.978</TD>
    <TD>2705.828</TD>
    <TD>22.0276</TD>
    <TD>0.0522</TD>
    <TD>21.8034</TD>
    <TD>0.0639</TD>
    <TD>21.8034</TD>
    <TD>0.0639</TD>
    <TD>0.0</TD>
  </TR>
  <TR>
    <TD>4463.0</TD>
    <TD>241.0094</TD>
    <TD>55.01422</TD>
    <TD>1144.651</TD>
    <TD>2682.722</TD>
    <TD>26.0798</TD>
    <TD>0.4179</TD>
    <TD>25.1929</TD>
    <TD>0.479</TD>
    <TD>25.1929</TD>
    <TD>0.479</TD>
    <TD>0.37</TD>
  </TR>
  <TR>
    <TD>4464.0</TD>
    <TD>241.0096</TD>
    <TD>55.02044</TD>
    <TD>1076.506</TD>
    <TD>2682.553</TD>
    <TD>25.5832</TD>
    <TD>0.3071</TD>
    <TD>25.0482</TD>
    <TD>0.5163</TD>
    <TD>25.0482</TD>
    <TD>0.5163</TD>
    <TD>0.48</TD>
  </TR>
  <TR>
    <TD>4465.0</TD>
    <TD>241.0057</TD>
    <TD>54.99515</TD>
    <TD>1353.56</TD>
    <TD>2702.832</TD>
    <TD>22.3849</TD>
    <TD>0.0645</TD>
    <TD>22.2855</TD>
    <TD>0.0922</TD>
    <TD>22.2855</TD>
    <TD>0.0922</TD>
    <TD>0.0</TD>
  </TR>
  <TR>
    <TD>4466.0</TD>
    <TD>241.0106</TD>
    <TD>55.06595</TD>
    <TD>576.663</TD>
    <TD>2683.351</TD>
    <TD>25.8802</TD>
    <TD>0.3498</TD>
    <TD>25.1276</TD>
    <TD>0.5106</TD>
    <TD>25.1276</TD>
    <TD>0.5106</TD>
    <TD>0.43</TD>
  </TR>
  <TR>
    <TD>4467.0</TD>
    <TD>241.0031</TD>
    <TD>54.95318</TD>
    <TD>1811.579</TD>
    <TD>2712.283</TD>
    <TD>21.993</TD>
    <TD>0.0526</TD>
    <TD>21.8386</TD>
    <TD>0.068</TD>
    <TD>21.8386</TD>
    <TD>0.068</TD>
    <TD>0.0</TD>
  </TR>
  <TR>
    <TD>4468.0</TD>
    <TD>241.0118</TD>
    <TD>55.11712</TD>
    <TD>11.317</TD>
    <TD>2684.336</TD>
    <TD>25.9749</TD>
    <TD>0.3806</TD>
    <TD>25.0427</TD>
    <TD>0.3183</TD>
    <TD>25.0427</TD>
    <TD>0.3183</TD>
    <TD>0.36</TD>
  </TR>
  <TR>
    <TD>4469.0</TD>
    <TD>241.0107</TD>
    <TD>55.085</TD>
    <TD>366.667</TD>
    <TD>2685.699</TD>
    <TD>25.7539</TD>
    <TD>0.3127</TD>
    <TD>25.3383</TD>
    <TD>0.5071</TD>
    <TD>25.3383</TD>
    <TD>0.5071</TD>
    <TD>0.41</TD>
  </TR>
  <TR>
    <TD>4470.0</TD>
    <TD>241.0088</TD>
    <TD>55.06646</TD>
    <TD>571.213</TD>
    <TD>2694.853</TD>
    <TD>23.8575</TD>
    <TD>0.1464</TD>
    <TD>22.8955</TD>
    <TD>0.2349</TD>
    <TD>22.8955</TD>
    <TD>0.2349</TD>
    <TD>0.27</TD>
  </TR>
  <TR>
    <TD>4471.0</TD>
    <TD>241.009</TD>
    <TD>55.02163</TD>
    <TD>1063.493</TD>
    <TD>2686.519</TD>
    <TD>25.5367</TD>
    <TD>0.2946</TD>
    <TD>25.0981</TD>
    <TD>0.3347</TD>
    <TD>25.0981</TD>
    <TD>0.3347</TD>
    <TD>0.46</TD>
  </TR>
  <TR>
    <TD>4472.0</TD>
    <TD>241.008</TD>
    <TD>55.09332</TD>
    <TD>275.11</TD>
    <TD>2703.919</TD>
    <TD>22.7279</TD>
    <TD>0.0835</TD>
    <TD>22.3154</TD>
    <TD>0.1255</TD>
    <TD>22.3154</TD>
    <TD>0.1255</TD>
    <TD>0.0</TD>
  </TR>
  <TR>
    <TD>4473.0</TD>
    <TD>241.0067</TD>
    <TD>55.04355</TD>
    <TD>823.298</TD>
    <TD>2704.073</TD>
    <TD>23.6227</TD>
    <TD>0.1307</TD>
    <TD>22.7547</TD>
    <TD>0.2055</TD>
    <TD>22.7547</TD>
    <TD>0.2055</TD>
    <TD>0.28</TD>
  </TR>
  <TR>
    <TD>4474.0</TD>
    <TD>241.0053</TD>
    <TD>54.99254</TD>
    <TD>1382.083</TD>
    <TD>2704.849</TD>
    <TD>23.7668</TD>
    <TD>0.146</TD>
    <TD>22.8632</TD>
    <TD>0.2562</TD>
    <TD>22.8632</TD>
    <TD>0.2562</TD>
    <TD>0.07</TD>
  </TR>
  <TR>
    <TD>4475.0</TD>
    <TD>241.0079</TD>
    <TD>55.0247</TD>
    <TD>1030.011</TD>
    <TD>2693.832</TD>
    <TD>24.9424</TD>
    <TD>0.2536</TD>
    <TD>24.3372</TD>
    <TD>0.3703</TD>
    <TD>24.3372</TD>
    <TD>0.3703</TD>
    <TD>0.42</TD>
  </TR>
  <TR>
    <TD>4476.0</TD>
    <TD>241.0111</TD>
    <TD>55.11639</TD>
    <TD>19.53</TD>
    <TD>2688.482</TD>
    <TD>25.4121</TD>
    <TD>0.3189</TD>
    <TD>24.246</TD>
    <TD>0.2248</TD>
    <TD>24.246</TD>
    <TD>0.2248</TD>
    <TD>0.38</TD>
  </TR>
  <TR>
    <TD>4477.0</TD>
    <TD>241.0103</TD>
    <TD>55.08577</TD>
    <TD>358.188</TD>
    <TD>2688.847</TD>
    <TD>25.5886</TD>
    <TD>0.3737</TD>
    <TD>24.3751</TD>
    <TD>0.4074</TD>
    <TD>24.3751</TD>
    <TD>0.4074</TD>
    <TD>0.35</TD>
  </TR>
  <TR>
    <TD>4478.0</TD>
    <TD>241.0038</TD>
    <TD>55.03705</TD>
    <TD>894.988</TD>
    <TD>2721.388</TD>
    <TD>20.3441</TD>
    <TD>0.0163</TD>
    <TD>20.3124</TD>
    <TD>0.0197</TD>
    <TD>20.3124</TD>
    <TD>0.0197</TD>
    <TD>0.03</TD>
  </TR>
  <TR>
    <TD>4479.0</TD>
    <TD>241.0062</TD>
    <TD>55.01218</TD>
    <TD>1167.245</TD>
    <TD>2702.212</TD>
    <TD>23.3423</TD>
    <TD>0.118</TD>
    <TD>23.2147</TD>
    <TD>0.2292</TD>
    <TD>23.2147</TD>
    <TD>0.2292</TD>
    <TD>0.57</TD>
  </TR>
  <TR>
    <TD>4480.0</TD>
    <TD>241.0024</TD>
    <TD>55.00858</TD>
    <TD>1207.111</TD>
    <TD>2725.428</TD>
    <TD>19.9629</TD>
    <TD>0.0124</TD>
    <TD>19.9087</TD>
    <TD>0.0149</TD>
    <TD>19.9208</TD>
    <TD>0.0126</TD>
    <TD>0.03</TD>
  </TR>
  <TR>
    <TD>4481.0</TD>
    <TD>241.006</TD>
    <TD>54.94557</TD>
    <TD>1894.098</TD>
    <TD>2693.127</TD>
    <TD>24.7861</TD>
    <TD>0.1828</TD>
    <TD>24.9727</TD>
    <TD>0.3219</TD>
    <TD>24.9727</TD>
    <TD>0.3219</TD>
    <TD>0.75</TD>
  </TR>
  <TR>
    <TD>4482.0</TD>
    <TD>241.0087</TD>
    <TD>55.08238</TD>
    <TD>395.793</TD>
    <TD>2698.173</TD>
    <TD>22.9718</TD>
    <TD>0.0601</TD>
    <TD>22.8973</TD>
    <TD>0.0774</TD>
    <TD>22.8883</TD>
    <TD>0.0618</TD>
    <TD>0.95</TD>
  </TR>
  <TR>
    <TD>4483.0</TD>
    <TD>241.0047</TD>
    <TD>54.95759</TD>
    <TD>1763.451</TD>
    <TD>2702.712</TD>
    <TD>23.5022</TD>
    <TD>0.1194</TD>
    <TD>22.9024</TD>
    <TD>0.186</TD>
    <TD>22.9024</TD>
    <TD>0.186</TD>
    <TD>0.6</TD>
  </TR>
  <TR>
    <TD>4484.0</TD>
    <TD>241.0093</TD>
    <TD>55.10616</TD>
    <TD>133.027</TD>
    <TD>2698.261</TD>
    <TD>24.8603</TD>
    <TD>0.223</TD>
    <TD>24.3798</TD>
    <TD>0.2584</TD>
    <TD>24.3798</TD>
    <TD>0.2584</TD>
    <TD>0.48</TD>
  </TR>
  <TR>
    <TD>4485.0</TD>
    <TD>241.0054</TD>
    <TD>54.94612</TD>
    <TD>1888.212</TD>
    <TD>2696.574</TD>
    <TD>23.9421</TD>
    <TD>0.11</TD>
    <TD>23.9898</TD>
    <TD>0.1683</TD>
    <TD>23.9898</TD>
    <TD>0.1683</TD>
    <TD>0.64</TD>
  </TR>
  <TR>
    <TD>4486.0</TD>
    <TD>240.9997</TD>
    <TD>54.9571</TD>
    <TD>1769.268</TD>
    <TD>2733.909</TD>
    <TD>21.0347</TD>
    <TD>0.0274</TD>
    <TD>20.9531</TD>
    <TD>0.0406</TD>
    <TD>20.9531</TD>
    <TD>0.0406</TD>
    <TD>0.01</TD>
  </TR>
  <TR>
    <TD>4487.0</TD>
    <TD>240.9987</TD>
    <TD>54.98506</TD>
    <TD>1464.497</TD>
    <TD>2744.971</TD>
    <TD>19.8516</TD>
    <TD>0.0137</TD>
    <TD>19.8074</TD>
    <TD>0.0172</TD>
    <TD>19.8074</TD>
    <TD>0.0172</TD>
    <TD>0.02</TD>
  </TR>
  <TR>
    <TD>4488.0</TD>
    <TD>241.0059</TD>
    <TD>54.94724</TD>
    <TD>1875.997</TD>
    <TD>2693.759</TD>
    <TD>24.7515</TD>
    <TD>0.2024</TD>
    <TD>24.5325</TD>
    <TD>0.4014</TD>
    <TD>24.5325</TD>
    <TD>0.4014</TD>
    <TD>0.38</TD>
  </TR>
  <TR>
    <TD>4489.0</TD>
    <TD>241.0064</TD>
    <TD>54.96101</TD>
    <TD>1726.009</TD>
    <TD>2693.226</TD>
    <TD>25.9056</TD>
    <TD>0.4096</TD>
    <TD>24.8448</TD>
    <TD>0.3569</TD>
    <TD>24.8448</TD>
    <TD>0.3569</TD>
    <TD>0.35</TD>
  </TR>
  <TR>
    <TD>4490.0</TD>
    <TD>241.006</TD>
    <TD>55.03649</TD>
    <TD>900.93</TD>
    <TD>2707.302</TD>
    <TD>23.5147</TD>
    <TD>0.1247</TD>
    <TD>23.1131</TD>
    <TD>0.216</TD>
    <TD>23.1131</TD>
    <TD>0.216</TD>
    <TD>0.01</TD>
  </TR>
  <TR>
    <TD>4491.0</TD>
    <TD>241.0072</TD>
    <TD>55.07708</TD>
    <TD>454.34</TD>
    <TD>2706.25</TD>
    <TD>24.419</TD>
    <TD>0.1888</TD>
    <TD>23.5053</TD>
    <TD>0.3039</TD>
    <TD>23.5053</TD>
    <TD>0.3039</TD>
    <TD>0.5</TD>
  </TR>
  <TR>
    <TD>4492.0</TD>
    <TD>241.0091</TD>
    <TD>55.07967</TD>
    <TD>425.627</TD>
    <TD>2695.297</TD>
    <TD>26.0371</TD>
    <TD>0.4023</TD>
    <TD>25.0759</TD>
    <TD>0.5295</TD>
    <TD>25.0759</TD>
    <TD>0.5295</TD>
    <TD>0.35</TD>
  </TR>
  <TR>
    <TD>4493.0</TD>
    <TD>241.0098</TD>
    <TD>55.11368</TD>
    <TD>49.678</TD>
    <TD>2696.33</TD>
    <TD>25.8441</TD>
    <TD>0.3387</TD>
    <TD>25.5874</TD>
    <TD>0.5218</TD>
    <TD>25.5874</TD>
    <TD>0.5218</TD>
    <TD>0.37</TD>
  </TR>
  <TR>
    <TD>4494.0</TD>
    <TD>241.0055</TD>
    <TD>55.01682</TD>
    <TD>1116.531</TD>
    <TD>2707.48</TD>
    <TD>24.1066</TD>
    <TD>0.1664</TD>
    <TD>23.4927</TD>
    <TD>0.2917</TD>
    <TD>23.4927</TD>
    <TD>0.2917</TD>
    <TD>0.34</TD>
  </TR>
  <TR>
    <TD>4495.0</TD>
    <TD>241.0052</TD>
    <TD>54.94104</TD>
    <TD>1943.487</TD>
    <TD>2697.469</TD>
    <TD>25.6041</TD>
    <TD>0.3128</TD>
    <TD>25.139</TD>
    <TD>0.3473</TD>
    <TD>25.139</TD>
    <TD>0.3473</TD>
    <TD>0.39</TD>
  </TR>
  <TR>
    <TD>4496.0</TD>
    <TD>241.0066</TD>
    <TD>55.07317</TD>
    <TD>497.504</TD>
    <TD>2709.493</TD>
    <TD>24.9907</TD>
    <TD>0.2505</TD>
    <TD>24.9338</TD>
    <TD>0.2885</TD>
    <TD>24.9338</TD>
    <TD>0.2885</TD>
    <TD>0.48</TD>
  </TR>
  <TR>
    <TD>4497.0</TD>
    <TD>241.0068</TD>
    <TD>55.02557</TD>
    <TD>1020.567</TD>
    <TD>2700.76</TD>
    <TD>25.4137</TD>
    <TD>0.293</TD>
    <TD>24.7915</TD>
    <TD>0.4207</TD>
    <TD>24.7915</TD>
    <TD>0.4207</TD>
    <TD>0.42</TD>
  </TR>
  <TR>
    <TD>4498.0</TD>
    <TD>241.0087</TD>
    <TD>55.10594</TD>
    <TD>135.491</TD>
    <TD>2701.984</TD>
    <TD>24.7811</TD>
    <TD>0.2307</TD>
    <TD>23.6305</TD>
    <TD>0.2953</TD>
    <TD>23.6305</TD>
    <TD>0.2953</TD>
    <TD>0.38</TD>
  </TR>
  <TR>
    <TD>4499.0</TD>
    <TD>241.0092</TD>
    <TD>55.11107</TD>
    <TD>78.688</TD>
    <TD>2699.358</TD>
    <TD>25.8151</TD>
    <TD>0.3301</TD>
    <TD>25.1199</TD>
    <TD>0.3414</TD>
    <TD>25.1199</TD>
    <TD>0.3414</TD>
    <TD>0.36</TD>
  </TR>
  <TR>
    <TD>4500.0</TD>
    <TD>241.0052</TD>
    <TD>54.95475</TD>
    <TD>1794.324</TD>
    <TD>2699.662</TD>
    <TD>26.28</TD>
    <TD>0.5001</TD>
    <TD>25.2086</TD>
    <TD>0.2658</TD>
    <TD>25.2086</TD>
    <TD>0.2658</TD>
    <TD>0.35</TD>
  </TR>
  <TR>
    <TD>4501.0</TD>
    <TD>241.0024</TD>
    <TD>55.08756</TD>
    <TD>339.32</TD>
    <TD>2737.939</TD>
    <TD>20.5082</TD>
    <TD>0.0217</TD>
    <TD>20.4524</TD>
    <TD>0.0277</TD>
    <TD>20.4524</TD>
    <TD>0.0277</TD>
    <TD>0.01</TD>
  </TR>
  <TR>
    <TD>4502.0</TD>
    <TD>241.0071</TD>
    <TD>55.08735</TD>
    <TD>341.071</TD>
    <TD>2709.09</TD>
    <TD>24.3669</TD>
    <TD>0.1521</TD>
    <TD>24.3754</TD>
    <TD>0.228</TD>
    <TD>24.3754</TD>
    <TD>0.228</TD>
    <TD>0.64</TD>
  </TR>
  <TR>
    <TD>4503.0</TD>
    <TD>241.006</TD>
    <TD>55.03013</TD>
    <TD>970.669</TD>
    <TD>2706.667</TD>
    <TD>26.1349</TD>
    <TD>0.4391</TD>
    <TD>25.5613</TD>
    <TD>0.3646</TD>
    <TD>25.5613</TD>
    <TD>0.3646</TD>
    <TD>0.35</TD>
  </TR>
  <TR>
    <TD>4504.0</TD>
    <TD>241.0029</TD>
    <TD>55.03106</TD>
    <TD>960.746</TD>
    <TD>2725.77</TD>
    <TD>23.6755</TD>
    <TD>0.1394</TD>
    <TD>22.9921</TD>
    <TD>0.263</TD>
    <TD>22.9921</TD>
    <TD>0.263</TD>
    <TD>0.29</TD>
  </TR>
  <TR>
    <TD>4505.0</TD>
    <TD>240.9868</TD>
    <TD>54.95164</TD>
    <TD>1830.054</TD>
    <TD>2813.506</TD>
    <TD>15.04</TD>
    <TD>7.0E-4</TD>
    <TD>15.0673</TD>
    <TD>7.0E-4</TD>
    <TD>15.0374</TD>
    <TD>7.0E-4</TD>
    <TD>0.98</TD>
  </TR>
  <TR>
    <TD>4506.0</TD>
    <TD>241.0019</TD>
    <TD>54.99644</TD>
    <TD>1339.846</TD>
    <TD>2726.591</TD>
    <TD>22.5988</TD>
    <TD>0.0762</TD>
    <TD>22.0485</TD>
    <TD>0.1156</TD>
    <TD>22.1968</TD>
    <TD>0.0775</TD>
    <TD>0.0</TD>
  </TR>
  <TR>
    <TD>4507.0</TD>
    <TD>241.0051</TD>
    <TD>55.02282</TD>
    <TD>1050.879</TD>
    <TD>2711.005</TD>
    <TD>25.0176</TD>
    <TD>0.2063</TD>
    <TD>24.8583</TD>
    <TD>0.2801</TD>
    <TD>24.8583</TD>
    <TD>0.2801</TD>
    <TD>0.44</TD>
  </TR>
  <TR>
    <TD>4508.0</TD>
    <TD>241.0025</TD>
    <TD>54.97332</TD>
    <TD>1592.225</TD>
    <TD>2718.976</TD>
    <TD>24.7247</TD>
    <TD>0.2193</TD>
    <TD>23.4632</TD>
    <TD>0.2954</TD>
    <TD>23.4632</TD>
    <TD>0.2954</TD>
    <TD>0.43</TD>
  </TR>
  <TR>
    <TD>4509.0</TD>
    <TD>241.0067</TD>
    <TD>55.08584</TD>
    <TD>357.821</TD>
    <TD>2710.912</TD>
    <TD>22.5294</TD>
    <TD>0.0486</TD>
    <TD>22.6158</TD>
    <TD>0.075</TD>
    <TD>22.6158</TD>
    <TD>0.075</TD>
    <TD>0.83</TD>
  </TR>
  <TR>
    <TD>4510.0</TD>
    <TD>241.0032</TD>
    <TD>54.97344</TD>
    <TD>1590.829</TD>
    <TD>2714.671</TD>
    <TD>25.0368</TD>
    <TD>0.276</TD>
    <TD>24.3394</TD>
    <TD>0.2622</TD>
    <TD>24.3394</TD>
    <TD>0.2622</TD>
    <TD>0.46</TD>
  </TR>
  <TR>
    <TD>4511.0</TD>
    <TD>241.0029</TD>
    <TD>54.93324</TD>
    <TD>2028.605</TD>
    <TD>2710.541</TD>
    <TD>25.0505</TD>
    <TD>0.192</TD>
    <TD>24.9588</TD>
    <TD>0.2951</TD>
    <TD>24.9588</TD>
    <TD>0.2951</TD>
    <TD>0.51</TD>
  </TR>
  <TR>
    <TD>4512.0</TD>
    <TD>241.0035</TD>
    <TD>54.95752</TD>
    <TD>1764.324</TD>
    <TD>2710.318</TD>
    <TD>25.7528</TD>
    <TD>0.3124</TD>
    <TD>24.8118</TD>
    <TD>0.3827</TD>
    <TD>24.8118</TD>
    <TD>0.3827</TD>
    <TD>0.35</TD>
  </TR>
  <TR>
    <TD>4513.0</TD>
    <TD>240.9893</TD>
    <TD>54.933</TD>
    <TD>2032.505</TD>
    <TD>2795.13</TD>
    <TD>22.2098</TD>
    <TD>0.062</TD>
    <TD>21.8603</TD>
    <TD>0.1043</TD>
    <TD>21.8517</TD>
    <TD>0.0636</TD>
    <TD>0.0</TD>
  </TR>
  <TR>
    <TD>4514.0</TD>
    <TD>241.0045</TD>
    <TD>55.03294</TD>
    <TD>940.028</TD>
    <TD>2716.407</TD>
    <TD>24.0806</TD>
    <TD>0.1539</TD>
    <TD>23.1451</TD>
    <TD>0.2311</TD>
    <TD>23.1451</TD>
    <TD>0.2311</TD>
    <TD>0.6</TD>
  </TR>
  <TR>
    <TD>4515.0</TD>
    <TD>241.0007</TD>
    <TD>55.07313</TD>
    <TD>498.561</TD>
    <TD>2746.155</TD>
    <TD>20.5893</TD>
    <TD>0.02</TD>
    <TD>20.5519</TD>
    <TD>0.0245</TD>
    <TD>20.5519</TD>
    <TD>0.0245</TD>
    <TD>0.02</TD>
  </TR>
  <TR>
    <TD>4516.0</TD>
    <TD>241.003</TD>
    <TD>55.02235</TD>
    <TD>1056.26</TD>
    <TD>2723.983</TD>
    <TD>23.642</TD>
    <TD>0.1419</TD>
    <TD>23.1758</TD>
    <TD>0.211</TD>
    <TD>23.1758</TD>
    <TD>0.211</TD>
    <TD>0.58</TD>
  </TR>
  <TR>
    <TD>4517.0</TD>
    <TD>241.0057</TD>
    <TD>55.08103</TD>
    <TD>411.002</TD>
    <TD>2716.489</TD>
    <TD>24.9689</TD>
    <TD>0.2597</TD>
    <TD>24.9522</TD>
    <TD>0.4872</TD>
    <TD>24.9522</TD>
    <TD>0.4872</TD>
    <TD>0.36</TD>
  </TR>
  <TR>
    <TD>4518.0</TD>
    <TD>241.005</TD>
    <TD>55.04</TD>
    <TD>862.476</TD>
    <TD>2714.5</TD>
    <TD>25.6479</TD>
    <TD>0.3253</TD>
    <TD>24.5019</TD>
    <TD>0.3665</TD>
    <TD>24.5019</TD>
    <TD>0.3665</TD>
    <TD>0.43</TD>
  </TR>
  <TR>
    <TD>4519.0</TD>
    <TD>241.0028</TD>
    <TD>54.98315</TD>
    <TD>1484.961</TD>
    <TD>2719.198</TD>
    <TD>24.0025</TD>
    <TD>0.1159</TD>
    <TD>24.0759</TD>
    <TD>0.1818</TD>
    <TD>24.0759</TD>
    <TD>0.1818</TD>
    <TD>0.64</TD>
  </TR>
  <TR>
    <TD>4520.0</TD>
    <TD>241.0038</TD>
    <TD>55.01902</TD>
    <TD>1092.628</TD>
    <TD>2718.19</TD>
    <TD>25.6483</TD>
    <TD>0.3615</TD>
    <TD>24.1491</TD>
    <TD>0.3242</TD>
    <TD>24.1491</TD>
    <TD>0.3242</TD>
    <TD>0.36</TD>
  </TR>
  <TR>
    <TD>4521.0</TD>
    <TD>241.0049</TD>
    <TD>55.10902</TD>
    <TD>101.81</TD>
    <TD>2725.806</TD>
    <TD>24.7084</TD>
    <TD>0.2356</TD>
    <TD>23.3877</TD>
    <TD>0.2538</TD>
    <TD>23.3877</TD>
    <TD>0.2538</TD>
    <TD>0.36</TD>
  </TR>
  <TR>
    <TD>4522.0</TD>
    <TD>241.0055</TD>
    <TD>55.10885</TD>
    <TD>103.645</TD>
    <TD>2722.328</TD>
    <TD>24.1334</TD>
    <TD>0.1516</TD>
    <TD>23.525</TD>
    <TD>0.3029</TD>
    <TD>23.525</TD>
    <TD>0.3029</TD>
    <TD>0.45</TD>
  </TR>
  <TR>
    <TD>4523.0</TD>
    <TD>241.0039</TD>
    <TD>55.03117</TD>
    <TD>959.521</TD>
    <TD>2719.87</TD>
    <TD>24.9581</TD>
    <TD>0.2433</TD>
    <TD>23.4124</TD>
    <TD>0.2308</TD>
    <TD>23.4124</TD>
    <TD>0.2308</TD>
    <TD>0.44</TD>
  </TR>
  <TR>
    <TD>4524.0</TD>
    <TD>241.0052</TD>
    <TD>55.08165</TD>
    <TD>404.157</TD>
    <TD>2719.77</TD>
    <TD>25.3659</TD>
    <TD>0.2808</TD>
    <TD>25.0207</TD>
    <TD>0.3121</TD>
    <TD>25.0207</TD>
    <TD>0.3121</TD>
    <TD>0.38</TD>
  </TR>
  <TR>
    <TD>4525.0</TD>
    <TD>241.0016</TD>
    <TD>54.9476</TD>
    <TD>1872.485</TD>
    <TD>2720.971</TD>
    <TD>25.6448</TD>
    <TD>0.3244</TD>
    <TD>24.3303</TD>
    <TD>0.3271</TD>
    <TD>24.3303</TD>
    <TD>0.3271</TD>
    <TD>0.32</TD>
  </TR>
  <TR>
    <TD>4526.0</TD>
    <TD>241.001</TD>
    <TD>54.97753</TD>
    <TD>1546.405</TD>
    <TD>2729.296</TD>
    <TD>23.9224</TD>
    <TD>0.1551</TD>
    <TD>23.3331</TD>
    <TD>0.2089</TD>
    <TD>23.3331</TD>
    <TD>0.2089</TD>
    <TD>0.14</TD>
  </TR>
  <TR>
    <TD>4527.0</TD>
    <TD>241.0027</TD>
    <TD>54.98751</TD>
    <TD>1437.314</TD>
    <TD>2720.34</TD>
    <TD>25.6973</TD>
    <TD>0.2974</TD>
    <TD>25.5447</TD>
    <TD>0.3592</TD>
    <TD>25.5447</TD>
    <TD>0.3592</TD>
    <TD>0.41</TD>
  </TR>
  <TR>
    <TD>4528.0</TD>
    <TD>240.9921</TD>
    <TD>55.05939</TD>
    <TD>650.811</TD>
    <TD>2797.615</TD>
    <TD>20.8438</TD>
    <TD>0.0265</TD>
    <TD>20.739</TD>
    <TD>0.0394</TD>
    <TD>20.739</TD>
    <TD>0.0394</TD>
    <TD>0.0</TD>
  </TR>
  <TR>
    <TD>4529.0</TD>
    <TD>241.001</TD>
    <TD>55.07568</TD>
    <TD>470.443</TD>
    <TD>2745.165</TD>
    <TD>23.471</TD>
    <TD>0.1272</TD>
    <TD>22.7698</TD>
    <TD>0.2045</TD>
    <TD>22.7698</TD>
    <TD>0.2045</TD>
    <TD>0.23</TD>
  </TR>
  <TR>
    <TD>4530.0</TD>
    <TD>241.0028</TD>
    <TD>55.07767</TD>
    <TD>448.312</TD>
    <TD>2733.96</TD>
    <TD>23.7014</TD>
    <TD>0.1327</TD>
    <TD>22.4855</TD>
    <TD>0.1563</TD>
    <TD>22.4855</TD>
    <TD>0.1563</TD>
    <TD>0.02</TD>
  </TR>
  <TR>
    <TD>4531.0</TD>
    <TD>240.999</TD>
    <TD>55.01701</TD>
    <TD>1115.122</TD>
    <TD>2748.268</TD>
    <TD>22.0224</TD>
    <TD>0.0552</TD>
    <TD>21.8843</TD>
    <TD>0.075</TD>
    <TD>21.8843</TD>
    <TD>0.075</TD>
    <TD>0.0</TD>
  </TR>
  <TR>
    <TD>4532.0</TD>
    <TD>241.0039</TD>
    <TD>55.11204</TD>
    <TD>68.504</TD>
    <TD>2732.469</TD>
    <TD>24.9253</TD>
    <TD>0.2362</TD>
    <TD>25.121</TD>
    <TD>0.4789</TD>
    <TD>25.121</TD>
    <TD>0.4789</TD>
    <TD>0.36</TD>
  </TR>
  <TR>
    <TD>4533.0</TD>
    <TD>241.0021</TD>
    <TD>55.10911</TD>
    <TD>101.05</TD>
    <TD>2743.606</TD>
    <TD>23.2035</TD>
    <TD>0.1055</TD>
    <TD>22.9408</TD>
    <TD>0.1421</TD>
    <TD>22.9408</TD>
    <TD>0.1421</TD>
    <TD>0.07</TD>
  </TR>
  <TR>
    <TD>4534.0</TD>
    <TD>240.9997</TD>
    <TD>55.02414</TD>
    <TD>1036.979</TD>
    <TD>2744.967</TD>
    <TD>22.4339</TD>
    <TD>0.0654</TD>
    <TD>22.1755</TD>
    <TD>0.0937</TD>
    <TD>22.1755</TD>
    <TD>0.0937</TD>
    <TD>0.0</TD>
  </TR>
  <TR>
    <TD>4535.0</TD>
    <TD>241.004</TD>
    <TD>55.10686</TD>
    <TD>125.765</TD>
    <TD>2731.196</TD>
    <TD>25.427</TD>
    <TD>0.2966</TD>
    <TD>24.8314</TD>
    <TD>0.3198</TD>
    <TD>24.8314</TD>
    <TD>0.3198</TD>
    <TD>0.36</TD>
  </TR>
  <TR>
    <TD>4536.0</TD>
    <TD>241.0008</TD>
    <TD>54.97222</TD>
    <TD>1604.335</TD>
    <TD>2729.666</TD>
    <TD>25.6653</TD>
    <TD>0.2891</TD>
    <TD>25.2669</TD>
    <TD>0.28</TD>
    <TD>25.2669</TD>
    <TD>0.28</TD>
    <TD>0.48</TD>
  </TR>
  <TR>
    <TD>4537.0</TD>
    <TD>241.0029</TD>
    <TD>55.06573</TD>
    <TD>579.938</TD>
    <TD>2731.693</TD>
    <TD>25.6765</TD>
    <TD>0.292</TD>
    <TD>25.3752</TD>
    <TD>0.495</TD>
    <TD>25.3752</TD>
    <TD>0.495</TD>
    <TD>0.37</TD>
  </TR>
  <TR>
    <TD>4538.0</TD>
    <TD>240.9995</TD>
    <TD>54.93261</TD>
    <TD>2035.791</TD>
    <TD>2731.583</TD>
    <TD>25.526</TD>
    <TD>0.324</TD>
    <TD>24.1172</TD>
    <TD>0.3172</TD>
    <TD>24.1172</TD>
    <TD>0.3172</TD>
    <TD>0.36</TD>
  </TR>
  <TR>
    <TD>4539.0</TD>
    <TD>240.9984</TD>
    <TD>55.10239</TD>
    <TD>175.819</TD>
    <TD>2765.314</TD>
    <TD>22.9477</TD>
    <TD>0.0999</TD>
    <TD>22.3444</TD>
    <TD>0.1605</TD>
    <TD>22.3444</TD>
    <TD>0.1605</TD>
    <TD>0.01</TD>
  </TR>
  <TR>
    <TD>4540.0</TD>
    <TD>240.9897</TD>
    <TD>54.95975</TD>
    <TD>1741.393</TD>
    <TD>2796.658</TD>
    <TD>20.388</TD>
    <TD>0.0196</TD>
    <TD>20.233</TD>
    <TD>0.0253</TD>
    <TD>20.2809</TD>
    <TD>0.0202</TD>
    <TD>0.01</TD>
  </TR>
  <TR>
    <TD>4541.0</TD>
    <TD>241.002</TD>
    <TD>55.03538</TD>
    <TD>913.482</TD>
    <TD>2732.49</TD>
    <TD>25.6435</TD>
    <TD>0.324</TD>
    <TD>25.2173</TD>
    <TD>0.3728</TD>
    <TD>25.2173</TD>
    <TD>0.3728</TD>
    <TD>0.36</TD>
  </TR>
  <TR>
    <TD>4542.0</TD>
    <TD>240.9957</TD>
    <TD>55.02589</TD>
    <TD>1018.185</TD>
    <TD>2769.879</TD>
    <TD>20.7094</TD>
    <TD>0.0221</TD>
    <TD>20.6507</TD>
    <TD>0.0279</TD>
    <TD>20.6507</TD>
    <TD>0.0279</TD>
    <TD>0.01</TD>
  </TR>
  <TR>
    <TD>4543.0</TD>
    <TD>240.9989</TD>
    <TD>54.94662</TD>
    <TD>1883.419</TD>
    <TD>2737.208</TD>
    <TD>25.0688</TD>
    <TD>0.2522</TD>
    <TD>24.4012</TD>
    <TD>0.2387</TD>
    <TD>24.4012</TD>
    <TD>0.2387</TD>
    <TD>0.43</TD>
  </TR>
  <TR>
    <TD>4544.0</TD>
    <TD>240.9955</TD>
    <TD>55.02162</TD>
    <TD>1064.99</TD>
    <TD>2770.251</TD>
    <TD>20.9903</TD>
    <TD>0.0288</TD>
    <TD>20.9229</TD>
    <TD>0.0384</TD>
    <TD>20.9229</TD>
    <TD>0.0384</TD>
    <TD>0.0</TD>
  </TR>
  <TR>
    <TD>4545.0</TD>
    <TD>241.0017</TD>
    <TD>55.03489</TD>
    <TD>918.951</TD>
    <TD>2734.0</TD>
    <TD>25.8984</TD>
    <TD>0.3555</TD>
    <TD>25.7776</TD>
    <TD>0.5091</TD>
    <TD>25.7776</TD>
    <TD>0.5091</TD>
    <TD>0.36</TD>
  </TR>
  <TR>
    <TD>4546.0</TD>
    <TD>240.9981</TD>
    <TD>54.93218</TD>
    <TD>2040.62</TD>
    <TD>2740.033</TD>
    <TD>24.6216</TD>
    <TD>0.1804</TD>
    <TD>24.4018</TD>
    <TD>0.3308</TD>
    <TD>24.4018</TD>
    <TD>0.3308</TD>
    <TD>0.81</TD>
  </TR>
  <TR>
    <TD>4547.0</TD>
    <TD>240.9845</TD>
    <TD>54.9882</TD>
    <TD>1431.629</TD>
    <TD>2833.392</TD>
    <TD>19.1801</TD>
    <TD>0.0084</TD>
    <TD>19.169</TD>
    <TD>0.0096</TD>
    <TD>19.142</TD>
    <TD>0.0085</TD>
    <TD>0.03</TD>
  </TR>
  <TR>
    <TD>4548.0</TD>
    <TD>241.0012</TD>
    <TD>55.09642</TD>
    <TD>241.594</TD>
    <TD>2747.272</TD>
    <TD>23.7546</TD>
    <TD>0.0935</TD>
    <TD>24.1176</TD>
    <TD>0.1965</TD>
    <TD>24.1176</TD>
    <TD>0.1965</TD>
    <TD>0.83</TD>
  </TR>
  <TR>
    <TD>4549.0</TD>
    <TD>240.9963</TD>
    <TD>54.96175</TD>
    <TD>1718.978</TD>
    <TD>2756.005</TD>
    <TD>23.8799</TD>
    <TD>0.1494</TD>
    <TD>23.157</TD>
    <TD>0.2478</TD>
    <TD>23.157</TD>
    <TD>0.2478</TD>
    <TD>0.5</TD>
  </TR>
  <TR>
    <TD>4550.0</TD>
    <TD>240.9956</TD>
    <TD>54.9971</TD>
    <TD>1333.359</TD>
    <TD>2766.001</TD>
    <TD>21.9061</TD>
    <TD>0.0505</TD>
    <TD>21.5138</TD>
    <TD>0.082</TD>
    <TD>21.5138</TD>
    <TD>0.082</TD>
    <TD>0.0</TD>
  </TR>
  <TR>
    <TD>4551.0</TD>
    <TD>241.002</TD>
    <TD>55.11399</TD>
    <TD>47.021</TD>
    <TD>2744.793</TD>
    <TD>25.7987</TD>
    <TD>0.3722</TD>
    <TD>24.7948</TD>
    <TD>0.2443</TD>
    <TD>24.7948</TD>
    <TD>0.2443</TD>
    <TD>0.36</TD>
  </TR>
  <TR>
    <TD>4552.0</TD>
    <TD>241.0</TD>
    <TD>55.03258</TD>
    <TD>944.453</TD>
    <TD>2744.51</TD>
    <TD>25.3216</TD>
    <TD>0.2435</TD>
    <TD>25.1976</TD>
    <TD>0.3663</TD>
    <TD>25.1976</TD>
    <TD>0.3663</TD>
    <TD>0.47</TD>
  </TR>
  <TR>
    <TD>4553.0</TD>
    <TD>240.9968</TD>
    <TD>55.04807</TD>
    <TD>774.695</TD>
    <TD>2766.995</TD>
    <TD>21.8135</TD>
    <TD>0.0457</TD>
    <TD>21.5979</TD>
    <TD>0.0795</TD>
    <TD>21.5979</TD>
    <TD>0.0795</TD>
    <TD>0.0</TD>
  </TR>
  <TR>
    <TD>4554.0</TD>
    <TD>240.9981</TD>
    <TD>54.97428</TD>
    <TD>1582.234</TD>
    <TD>2747.004</TD>
    <TD>24.9278</TD>
    <TD>0.2225</TD>
    <TD>24.7362</TD>
    <TD>0.2934</TD>
    <TD>24.7362</TD>
    <TD>0.2934</TD>
    <TD>0.76</TD>
  </TR>
  <TR>
    <TD>4555.0</TD>
    <TD>240.9992</TD>
    <TD>55.0145</TD>
    <TD>1142.65</TD>
    <TD>2746.669</TD>
    <TD>25.7837</TD>
    <TD>0.321</TD>
    <TD>25.2512</TD>
    <TD>0.5052</TD>
    <TD>25.2512</TD>
    <TD>0.5052</TD>
    <TD>0.42</TD>
  </TR>
  <TR>
    <TD>4556.0</TD>
    <TD>240.9968</TD>
    <TD>55.08236</TD>
    <TD>397.222</TD>
    <TD>2771.869</TD>
    <TD>22.4669</TD>
    <TD>0.0743</TD>
    <TD>22.1265</TD>
    <TD>0.1019</TD>
    <TD>22.1265</TD>
    <TD>0.1019</TD>
    <TD>0.0</TD>
  </TR>
  <TR>
    <TD>4557.0</TD>
    <TD>240.9966</TD>
    <TD>55.11059</TD>
    <TD>85.335</TD>
    <TD>2778.043</TD>
    <TD>20.8109</TD>
    <TD>0.0225</TD>
    <TD>20.7775</TD>
    <TD>0.0305</TD>
    <TD>20.7775</TD>
    <TD>0.0305</TD>
    <TD>0.02</TD>
  </TR>
  <TR>
    <TD>4558.0</TD>
    <TD>241.0004</TD>
    <TD>55.09905</TD>
    <TD>212.615</TD>
    <TD>2752.595</TD>
    <TD>25.218</TD>
    <TD>0.3071</TD>
    <TD>24.0208</TD>
    <TD>0.3904</TD>
    <TD>24.0208</TD>
    <TD>0.3904</TD>
    <TD>0.37</TD>
  </TR>
  <TR>
    <TD>4559.0</TD>
    <TD>241.0015</TD>
    <TD>55.10316</TD>
    <TD>166.995</TD>
    <TD>2746.0</TD>
    <TD>26.0392</TD>
    <TD>0.403</TD>
    <TD>24.9203</TD>
    <TD>0.4376</TD>
    <TD>24.9203</TD>
    <TD>0.4376</TD>
    <TD>0.43</TD>
  </TR>
  <TR>
    <TD>4560.0</TD>
    <TD>240.995</TD>
    <TD>55.04925</TD>
    <TD>761.977</TD>
    <TD>2777.794</TD>
    <TD>23.4201</TD>
    <TD>0.1198</TD>
    <TD>22.716</TD>
    <TD>0.2721</TD>
    <TD>22.716</TD>
    <TD>0.2721</TD>
    <TD>0.6</TD>
  </TR>
  <TR>
    <TD>4561.0</TD>
    <TD>240.9977</TD>
    <TD>55.08033</TD>
    <TD>419.564</TD>
    <TD>2766.124</TD>
    <TD>23.2777</TD>
    <TD>0.107</TD>
    <TD>22.7969</TD>
    <TD>0.1681</TD>
    <TD>22.7969</TD>
    <TD>0.1681</TD>
    <TD>0.38</TD>
  </TR>
  <TR>
    <TD>4562.0</TD>
    <TD>240.9973</TD>
    <TD>55.03645</TD>
    <TD>902.213</TD>
    <TD>2761.651</TD>
    <TD>24.0852</TD>
    <TD>0.1633</TD>
    <TD>23.1881</TD>
    <TD>0.2195</TD>
    <TD>23.1881</TD>
    <TD>0.2195</TD>
    <TD>0.44</TD>
  </TR>
  <TR>
    <TD>4563.0</TD>
    <TD>240.9933</TD>
    <TD>54.94392</TD>
    <TD>1913.381</TD>
    <TD>2771.713</TD>
    <TD>22.2781</TD>
    <TD>0.0591</TD>
    <TD>22.1361</TD>
    <TD>0.0789</TD>
    <TD>22.1361</TD>
    <TD>0.0789</TD>
    <TD>0.06</TD>
  </TR>
  <TR>
    <TD>4564.0</TD>
    <TD>240.9858</TD>
    <TD>55.00285</TD>
    <TD>1271.461</TD>
    <TD>2828.065</TD>
    <TD>11.8902</TD>
    <TD>1.0E-4</TD>
    <TD>11.8903</TD>
    <TD>1.0E-4</TD>
    <TD>11.8903</TD>
    <TD>1.0E-4</TD>
    <TD>0.96</TD>
  </TR>
  <TR>
    <TD>4565.0</TD>
    <TD>241.0004</TD>
    <TD>55.11711</TD>
    <TD>12.669</TD>
    <TD>2754.988</TD>
    <TD>25.8269</TD>
    <TD>0.3336</TD>
    <TD>24.9107</TD>
    <TD>0.5144</TD>
    <TD>24.9107</TD>
    <TD>0.5144</TD>
    <TD>0.35</TD>
  </TR>
  <TR>
    <TD>4566.0</TD>
    <TD>240.9983</TD>
    <TD>55.03265</TD>
    <TD>943.866</TD>
    <TD>2754.874</TD>
    <TD>25.0905</TD>
    <TD>0.2739</TD>
    <TD>23.8597</TD>
    <TD>0.2992</TD>
    <TD>23.8597</TD>
    <TD>0.2992</TD>
    <TD>0.37</TD>
  </TR>
  <TR>
    <TD>4567.0</TD>
    <TD>240.9952</TD>
    <TD>54.96032</TD>
    <TD>1734.645</TD>
    <TD>2762.758</TD>
    <TD>24.245</TD>
    <TD>0.1782</TD>
    <TD>22.7435</TD>
    <TD>0.1847</TD>
    <TD>22.7435</TD>
    <TD>0.1847</TD>
    <TD>0.38</TD>
  </TR>
  <TR>
    <TD>4568.0</TD>
    <TD>241.0002</TD>
    <TD>55.11775</TD>
    <TD>5.643</TD>
    <TD>2756.672</TD>
    <TD>25.992</TD>
    <TD>0.3864</TD>
    <TD>25.5057</TD>
    <TD>0.398</TD>
    <TD>25.5057</TD>
    <TD>0.398</TD>
    <TD>0.35</TD>
  </TR>
  <TR>
    <TD>4569.0</TD>
    <TD>240.9997</TD>
    <TD>55.11277</TD>
    <TD>60.803</TD>
    <TD>2759.046</TD>
    <TD>23.6111</TD>
    <TD>0.0827</TD>
    <TD>23.5735</TD>
    <TD>0.1137</TD>
    <TD>23.5735</TD>
    <TD>0.1137</TD>
    <TD>0.64</TD>
  </TR>
  <TR>
    <TD>4570.0</TD>
    <TD>240.9959</TD>
    <TD>54.96985</TD>
    <TD>1630.682</TD>
    <TD>2759.996</TD>
    <TD>26.3078</TD>
    <TD>0.5128</TD>
    <TD>25.015</TD>
    <TD>0.5727</TD>
    <TD>25.015</TD>
    <TD>0.5727</TD>
    <TD>0.37</TD>
  </TR>
  <TR>
    <TD>4571.0</TD>
    <TD>240.996</TD>
    <TD>54.96134</TD>
    <TD>1723.464</TD>
    <TD>2757.488</TD>
    <TD>25.2237</TD>
    <TD>0.2475</TD>
    <TD>23.9508</TD>
    <TD>0.2705</TD>
    <TD>24.872</TD>
    <TD>0.2541</TD>
    <TD>0.43</TD>
  </TR>
  <TR>
    <TD>4572.0</TD>
    <TD>240.9945</TD>
    <TD>54.99783</TD>
    <TD>1325.49</TD>
    <TD>2772.992</TD>
    <TD>23.1513</TD>
    <TD>0.1044</TD>
    <TD>22.6687</TD>
    <TD>0.1911</TD>
    <TD>22.6256</TD>
    <TD>0.1025</TD>
    <TD>0.01</TD>
  </TR>
  <TR>
    <TD>4573.0</TD>
    <TD>240.9966</TD>
    <TD>55.03615</TD>
    <TD>905.647</TD>
    <TD>2765.854</TD>
    <TD>24.6164</TD>
    <TD>0.1896</TD>
    <TD>23.1963</TD>
    <TD>0.2444</TD>
    <TD>23.1963</TD>
    <TD>0.2444</TD>
    <TD>0.49</TD>
  </TR>
  <TR>
    <TD>4574.0</TD>
    <TD>240.9964</TD>
    <TD>55.06364</TD>
    <TD>603.602</TD>
    <TD>2771.509</TD>
    <TD>23.6268</TD>
    <TD>0.1357</TD>
    <TD>23.2282</TD>
    <TD>0.203</TD>
    <TD>23.2282</TD>
    <TD>0.203</TD>
    <TD>0.43</TD>
  </TR>
  <TR>
    <TD>4575.0</TD>
    <TD>240.9955</TD>
    <TD>54.98549</TD>
    <TD>1460.089</TD>
    <TD>2764.455</TD>
    <TD>23.6203</TD>
    <TD>0.0869</TD>
    <TD>23.6589</TD>
    <TD>0.1463</TD>
    <TD>23.6589</TD>
    <TD>0.1463</TD>
    <TD>0.8</TD>
  </TR>
  <TR>
    <TD>4576.0</TD>
    <TD>240.9912</TD>
    <TD>55.04014</TD>
    <TD>862.361</TD>
    <TD>2800.082</TD>
    <TD>22.4367</TD>
    <TD>0.0704</TD>
    <TD>22.0008</TD>
    <TD>0.117</TD>
    <TD>22.0008</TD>
    <TD>0.117</TD>
    <TD>0.0</TD>
  </TR>
  <TR>
    <TD>4577.0</TD>
    <TD>240.9875</TD>
    <TD>54.95988</TD>
    <TD>1740.197</TD>
    <TD>2810.117</TD>
    <TD>19.8016</TD>
    <TD>0.0129</TD>
    <TD>19.7093</TD>
    <TD>0.0156</TD>
    <TD>19.739</TD>
    <TD>0.0132</TD>
    <TD>0.03</TD>
  </TR>
  <TR>
    <TD>4578.0</TD>
    <TD>240.9967</TD>
    <TD>55.0426</TD>
    <TD>834.794</TD>
    <TD>2766.215</TD>
    <TD>24.8617</TD>
    <TD>0.2479</TD>
    <TD>23.4832</TD>
    <TD>0.2358</TD>
    <TD>23.4832</TD>
    <TD>0.2358</TD>
    <TD>0.38</TD>
  </TR>
  <TR>
    <TD>4579.0</TD>
    <TD>240.9952</TD>
    <TD>54.9609</TD>
    <TD>1728.296</TD>
    <TD>2762.622</TD>
    <TD>25.8547</TD>
    <TD>0.3419</TD>
    <TD>25.3577</TD>
    <TD>0.3037</TD>
    <TD>25.3577</TD>
    <TD>0.3037</TD>
    <TD>0.35</TD>
  </TR>
  <TR>
    <TD>4580.0</TD>
    <TD>240.9955</TD>
    <TD>54.98779</TD>
    <TD>1435.0</TD>
    <TD>2764.984</TD>
    <TD>26.0449</TD>
    <TD>0.4051</TD>
    <TD>24.7039</TD>
    <TD>0.3208</TD>
    <TD>24.7039</TD>
    <TD>0.3208</TD>
    <TD>0.42</TD>
  </TR>
  <TR>
    <TD>4581.0</TD>
    <TD>240.9965</TD>
    <TD>55.01428</TD>
    <TD>1145.292</TD>
    <TD>2763.348</TD>
    <TD>25.6643</TD>
    <TD>0.2888</TD>
    <TD>24.7123</TD>
    <TD>0.4392</TD>
    <TD>24.7123</TD>
    <TD>0.4392</TD>
    <TD>0.36</TD>
  </TR>
  <TR>
    <TD>4582.0</TD>
    <TD>240.9981</TD>
    <TD>55.09377</TD>
    <TD>271.121</TD>
    <TD>2765.793</TD>
    <TD>24.8483</TD>
    <TD>0.1931</TD>
    <TD>25.1668</TD>
    <TD>0.4337</TD>
    <TD>25.1668</TD>
    <TD>0.4337</TD>
    <TD>0.48</TD>
  </TR>
  <TR>
    <TD>4583.0</TD>
    <TD>240.9961</TD>
    <TD>55.06885</TD>
    <TD>546.302</TD>
    <TD>2774.642</TD>
    <TD>23.5559</TD>
    <TD>0.1334</TD>
    <TD>23.0217</TD>
    <TD>0.1535</TD>
    <TD>23.0217</TD>
    <TD>0.1535</TD>
    <TD>0.02</TD>
  </TR>
  <TR>
    <TD>4584.0</TD>
    <TD>240.9898</TD>
    <TD>54.94472</TD>
    <TD>1904.99</TD>
    <TD>2793.631</TD>
    <TD>21.7473</TD>
    <TD>0.0482</TD>
    <TD>21.5997</TD>
    <TD>0.0638</TD>
    <TD>21.5997</TD>
    <TD>0.0638</TD>
    <TD>0.0</TD>
  </TR>
  <TR>
    <TD>4585.0</TD>
    <TD>240.9928</TD>
    <TD>54.98518</TD>
    <TD>1463.814</TD>
    <TD>2781.536</TD>
    <TD>23.0335</TD>
    <TD>0.0971</TD>
    <TD>22.4675</TD>
    <TD>0.1622</TD>
    <TD>22.4675</TD>
    <TD>0.1622</TD>
    <TD>0.0</TD>
  </TR>
  <TR>
    <TD>4586.0</TD>
    <TD>240.9939</TD>
    <TD>54.93296</TD>
    <TD>2032.564</TD>
    <TD>2766.477</TD>
    <TD>25.7255</TD>
    <TD>0.3486</TD>
    <TD>24.7969</TD>
    <TD>0.2551</TD>
    <TD>24.7969</TD>
    <TD>0.2551</TD>
    <TD>0.4</TD>
  </TR>
  <TR>
    <TD>4587.0</TD>
    <TD>240.9984</TD>
    <TD>55.11572</TD>
    <TD>28.34</TD>
    <TD>2767.67</TD>
    <TD>25.7668</TD>
    <TD>0.3162</TD>
    <TD>25.2372</TD>
    <TD>0.2727</TD>
    <TD>25.2372</TD>
    <TD>0.2727</TD>
    <TD>0.37</TD>
  </TR>
  <TR>
    <TD>4588.0</TD>
    <TD>240.9971</TD>
    <TD>55.09699</TD>
    <TD>235.638</TD>
    <TD>2772.582</TD>
    <TD>24.2468</TD>
    <TD>0.1369</TD>
    <TD>24.4568</TD>
    <TD>0.2454</TD>
    <TD>24.4568</TD>
    <TD>0.2454</TD>
    <TD>0.64</TD>
  </TR>
  <TR>
    <TD>4589.0</TD>
    <TD>240.994</TD>
    <TD>55.02301</TD>
    <TD>1050.002</TD>
    <TD>2779.81</TD>
    <TD>23.6486</TD>
    <TD>0.1383</TD>
    <TD>23.1745</TD>
    <TD>0.233</TD>
    <TD>23.1745</TD>
    <TD>0.233</TD>
    <TD>0.0</TD>
  </TR>
  <TR>
    <TD>4590.0</TD>
    <TD>240.9947</TD>
    <TD>55.04792</TD>
    <TD>776.562</TD>
    <TD>2780.058</TD>
    <TD>23.603</TD>
    <TD>0.1284</TD>
    <TD>22.7509</TD>
    <TD>0.1814</TD>
    <TD>22.7509</TD>
    <TD>0.1814</TD>
    <TD>0.21</TD>
  </TR>
  <TR>
    <TD>4591.0</TD>
    <TD>240.9962</TD>
    <TD>55.04272</TD>
    <TD>833.581</TD>
    <TD>2769.726</TD>
    <TD>24.62</TD>
    <TD>0.1902</TD>
    <TD>23.9228</TD>
    <TD>0.3329</TD>
    <TD>23.9228</TD>
    <TD>0.3329</TD>
    <TD>0.42</TD>
  </TR>
  <TR>
    <TD>4592.0</TD>
    <TD>240.9971</TD>
    <TD>55.06123</TD>
    <TD>630.019</TD>
    <TD>2767.0</TD>
    <TD>25.9384</TD>
    <TD>0.3684</TD>
    <TD>24.7611</TD>
    <TD>0.3379</TD>
    <TD>24.7611</TD>
    <TD>0.3379</TD>
    <TD>0.36</TD>
  </TR>
  <TR>
    <TD>4593.0</TD>
    <TD>240.9945</TD>
    <TD>54.97665</TD>
    <TD>1556.667</TD>
    <TD>2769.717</TD>
    <TD>25.7572</TD>
    <TD>0.3136</TD>
    <TD>24.9523</TD>
    <TD>0.3757</TD>
    <TD>24.9523</TD>
    <TD>0.3757</TD>
    <TD>0.39</TD>
  </TR>
  <TR>
    <TD>4594.0</TD>
    <TD>240.9935</TD>
    <TD>54.96446</TD>
    <TD>1689.75</TD>
    <TD>2774.067</TD>
    <TD>24.9162</TD>
    <TD>0.2477</TD>
    <TD>23.9096</TD>
    <TD>0.3568</TD>
    <TD>23.9096</TD>
    <TD>0.3568</TD>
    <TD>0.42</TD>
  </TR>
  <TR>
    <TD>4595.0</TD>
    <TD>240.994</TD>
    <TD>55.0783</TD>
    <TD>442.349</TD>
    <TD>2788.74</TD>
    <TD>23.2641</TD>
    <TD>0.1114</TD>
    <TD>22.8727</TD>
    <TD>0.1834</TD>
    <TD>22.8727</TD>
    <TD>0.1834</TD>
    <TD>0.07</TD>
  </TR>
  <TR>
    <TD>4596.0</TD>
    <TD>240.9951</TD>
    <TD>55.04963</TD>
    <TD>757.82</TD>
    <TD>2777.403</TD>
    <TD>24.5224</TD>
    <TD>0.2071</TD>
    <TD>23.6616</TD>
    <TD>0.3028</TD>
    <TD>23.8404</TD>
    <TD>0.1915</TD>
    <TD>0.41</TD>
  </TR>
  <TR>
    <TD>4597.0</TD>
    <TD>240.9971</TD>
    <TD>55.09883</TD>
    <TD>215.309</TD>
    <TD>2772.684</TD>
    <TD>25.817</TD>
    <TD>0.3307</TD>
    <TD>25.3556</TD>
    <TD>0.684</TD>
    <TD>25.3556</TD>
    <TD>0.684</TD>
    <TD>0.36</TD>
  </TR>
  <TR>
    <TD>4598.0</TD>
    <TD>240.9949</TD>
    <TD>55.0101</TD>
    <TD>1191.236</TD>
    <TD>2772.414</TD>
    <TD>25.4068</TD>
    <TD>0.2913</TD>
    <TD>24.6762</TD>
    <TD>0.4151</TD>
    <TD>24.6762</TD>
    <TD>0.4151</TD>
    <TD>0.22</TD>
  </TR>
  <TR>
    <TD>4599.0</TD>
    <TD>240.9951</TD>
    <TD>55.03367</TD>
    <TD>933.0</TD>
    <TD>2774.96</TD>
    <TD>25.7785</TD>
    <TD>0.3196</TD>
    <TD>24.7985</TD>
    <TD>0.3496</TD>
    <TD>24.7985</TD>
    <TD>0.3496</TD>
    <TD>0.4</TD>
  </TR>
  <TR>
    <TD>4600.0</TD>
    <TD>240.9952</TD>
    <TD>55.03731</TD>
    <TD>893.0</TD>
    <TD>2774.99</TD>
    <TD>24.5025</TD>
    <TD>0.1714</TD>
    <TD>24.4863</TD>
    <TD>0.2521</TD>
    <TD>24.4863</TD>
    <TD>0.2521</TD>
    <TD>0.77</TD>
  </TR>
  <TR>
    <TD>4601.0</TD>
    <TD>240.996</TD>
    <TD>55.05958</TD>
    <TD>648.326</TD>
    <TD>2773.319</TD>
    <TD>26.0069</TD>
    <TD>0.3916</TD>
    <TD>25.561</TD>
    <TD>0.3645</TD>
    <TD>25.561</TD>
    <TD>0.3645</TD>
    <TD>0.36</TD>
  </TR>
  <TR>
    <TD>4602.0</TD>
    <TD>240.9919</TD>
    <TD>55.06269</TD>
    <TD>614.487</TD>
    <TD>2799.638</TD>
    <TD>22.3129</TD>
    <TD>0.0644</TD>
    <TD>21.7591</TD>
    <TD>0.1143</TD>
    <TD>21.7591</TD>
    <TD>0.1143</TD>
    <TD>0.01</TD>
  </TR>
  <TR>
    <TD>4603.0</TD>
    <TD>240.9819</TD>
    <TD>54.98815</TD>
    <TD>1432.436</TD>
    <TD>2849.99</TD>
    <TD>17.2069</TD>
    <TD>0.0023</TD>
    <TD>17.223</TD>
    <TD>0.0022</TD>
    <TD>17.1987</TD>
    <TD>0.0023</TD>
    <TD>0.11</TD>
  </TR>
  <TR>
    <TD>4604.0</TD>
    <TD>240.9941</TD>
    <TD>54.99979</TD>
    <TD>1304.047</TD>
    <TD>2775.473</TD>
    <TD>25.2389</TD>
    <TD>0.2731</TD>
    <TD>24.811</TD>
    <TD>0.3611</TD>
    <TD>24.811</TD>
    <TD>0.3611</TD>
    <TD>0.38</TD>
  </TR>
  <TR>
    <TD>4605.0</TD>
    <TD>240.9935</TD>
    <TD>54.99631</TD>
    <TD>1342.171</TD>
    <TD>2778.982</TD>
    <TD>25.1333</TD>
    <TD>0.2486</TD>
    <TD>24.8348</TD>
    <TD>0.3208</TD>
    <TD>24.8348</TD>
    <TD>0.3208</TD>
    <TD>0.44</TD>
  </TR>
  <TR>
    <TD>4606.0</TD>
    <TD>240.9929</TD>
    <TD>54.97933</TD>
    <TD>1527.667</TD>
    <TD>2779.958</TD>
    <TD>24.2861</TD>
    <TD>0.1343</TD>
    <TD>24.555</TD>
    <TD>0.303</TD>
    <TD>24.555</TD>
    <TD>0.303</TD>
    <TD>0.68</TD>
  </TR>
  <TR>
    <TD>4607.0</TD>
    <TD>240.9958</TD>
    <TD>55.06193</TD>
    <TD>622.492</TD>
    <TD>2775.0</TD>
    <TD>25.8024</TD>
    <TD>0.3735</TD>
    <TD>24.4675</TD>
    <TD>0.3552</TD>
    <TD>24.4675</TD>
    <TD>0.3552</TD>
    <TD>0.36</TD>
  </TR>
  <TR>
    <TD>4608.0</TD>
    <TD>240.9961</TD>
    <TD>55.11259</TD>
    <TD>63.241</TD>
    <TD>2781.153</TD>
    <TD>24.7992</TD>
    <TD>0.2111</TD>
    <TD>23.8532</TD>
    <TD>0.302</TD>
    <TD>23.8532</TD>
    <TD>0.302</TD>
    <TD>0.46</TD>
  </TR>
  <TR>
    <TD>4609.0</TD>
    <TD>240.9963</TD>
    <TD>55.10199</TD>
    <TD>180.45</TD>
    <TD>2778.449</TD>
    <TD>25.3873</TD>
    <TD>0.2581</TD>
    <TD>24.77</TD>
    <TD>0.4004</TD>
    <TD>24.77</TD>
    <TD>0.4004</TD>
    <TD>0.36</TD>
  </TR>
  <TR>
    <TD>4610.0</TD>
    <TD>240.9955</TD>
    <TD>55.11305</TD>
    <TD>58.139</TD>
    <TD>2785.308</TD>
    <TD>25.0234</TD>
    <TD>0.2422</TD>
    <TD>24.3129</TD>
    <TD>0.3708</TD>
    <TD>24.3129</TD>
    <TD>0.3708</TD>
    <TD>0.36</TD>
  </TR>
  <TR>
    <TD>4611.0</TD>
    <TD>240.9875</TD>
    <TD>54.93354</TD>
    <TD>2026.907</TD>
    <TD>2806.046</TD>
    <TD>22.0839</TD>
    <TD>0.0567</TD>
    <TD>21.801</TD>
    <TD>0.0821</TD>
    <TD>21.801</TD>
    <TD>0.0821</TD>
    <TD>0.0</TD>
  </TR>
  <TR>
    <TD>4612.0</TD>
    <TD>240.9931</TD>
    <TD>55.09861</TD>
    <TD>218.217</TD>
    <TD>2798.074</TD>
    <TD>22.3857</TD>
    <TD>0.0626</TD>
    <TD>22.0818</TD>
    <TD>0.0989</TD>
    <TD>22.0818</TD>
    <TD>0.0989</TD>
    <TD>0.0</TD>
  </TR>
  <TR>
    <TD>4613.0</TD>
    <TD>240.9935</TD>
    <TD>55.03535</TD>
    <TD>914.709</TD>
    <TD>2784.948</TD>
    <TD>25.294</TD>
    <TD>0.3086</TD>
    <TD>23.8746</TD>
    <TD>0.2704</TD>
    <TD>23.8746</TD>
    <TD>0.2704</TD>
    <TD>0.37</TD>
  </TR>
  <TR>
    <TD>4614.0</TD>
    <TD>240.9906</TD>
    <TD>54.99615</TD>
    <TD>1344.249</TD>
    <TD>2796.658</TD>
    <TD>23.8245</TD>
    <TD>0.1391</TD>
    <TD>23.5039</TD>
    <TD>0.2061</TD>
    <TD>23.5039</TD>
    <TD>0.2061</TD>
    <TD>0.32</TD>
  </TR>
  <TR>
    <TD>4615.0</TD>
    <TD>240.9876</TD>
    <TD>55.04269</TD>
    <TD>834.783</TD>
    <TD>2823.326</TD>
    <TD>21.2031</TD>
    <TD>0.0369</TD>
    <TD>21.0326</TD>
    <TD>0.0537</TD>
    <TD>21.0326</TD>
    <TD>0.0537</TD>
    <TD>0.0</TD>
  </TR>
  <TR>
    <TD>4616.0</TD>
    <TD>240.9915</TD>
    <TD>54.98702</TD>
    <TD>1443.84</TD>
    <TD>2789.653</TD>
    <TD>25.144</TD>
    <TD>0.251</TD>
    <TD>24.4643</TD>
    <TD>0.4389</TD>
    <TD>24.4643</TD>
    <TD>0.4389</TD>
    <TD>0.46</TD>
  </TR>
  <TR>
    <TD>4617.0</TD>
    <TD>240.987</TD>
    <TD>54.95845</TD>
    <TD>1755.833</TD>
    <TD>2813.122</TD>
    <TD>21.8383</TD>
    <TD>0.0499</TD>
    <TD>21.3298</TD>
    <TD>0.0756</TD>
    <TD>21.5437</TD>
    <TD>0.0516</TD>
    <TD>0.0</TD>
  </TR>
  <TR>
    <TD>4618.0</TD>
    <TD>240.9909</TD>
    <TD>55.02258</TD>
    <TD>1055.003</TD>
    <TD>2799.501</TD>
    <TD>24.1241</TD>
    <TD>0.1646</TD>
    <TD>23.3509</TD>
    <TD>0.2132</TD>
    <TD>23.3509</TD>
    <TD>0.2132</TD>
    <TD>0.45</TD>
  </TR>
  <TR>
    <TD>4619.0</TD>
    <TD>240.9917</TD>
    <TD>55.01489</TD>
    <TD>1139.162</TD>
    <TD>2793.144</TD>
    <TD>22.4696</TD>
    <TD>0.0368</TD>
    <TD>22.4699</TD>
    <TD>0.0439</TD>
    <TD>22.4699</TD>
    <TD>0.0439</TD>
    <TD>0.99</TD>
  </TR>
  <TR>
    <TD>4620.0</TD>
    <TD>240.989</TD>
    <TD>55.0191</TD>
    <TD>1093.345</TD>
    <TD>2810.448</TD>
    <TD>22.4093</TD>
    <TD>0.0669</TD>
    <TD>22.2463</TD>
    <TD>0.1036</TD>
    <TD>22.2463</TD>
    <TD>0.1036</TD>
    <TD>0.0</TD>
  </TR>
  <TR>
    <TD>4621.0</TD>
    <TD>240.9886</TD>
    <TD>55.07221</TD>
    <TD>510.037</TD>
    <TD>2821.891</TD>
    <TD>21.8677</TD>
    <TD>0.0481</TD>
    <TD>21.677</TD>
    <TD>0.0746</TD>
    <TD>21.677</TD>
    <TD>0.0746</TD>
    <TD>0.0</TD>
  </TR>
  <TR>
    <TD>4622.0</TD>
    <TD>240.9916</TD>
    <TD>55.03712</TD>
    <TD>895.498</TD>
    <TD>2797.492</TD>
    <TD>24.8066</TD>
    <TD>0.2125</TD>
    <TD>23.6865</TD>
    <TD>0.2966</TD>
    <TD>23.6865</TD>
    <TD>0.2966</TD>
    <TD>0.42</TD>
  </TR>
  <TR>
    <TD>4623.0</TD>
    <TD>240.9898</TD>
    <TD>55.01768</TD>
    <TD>1108.806</TD>
    <TD>2805.49</TD>
    <TD>24.2008</TD>
    <TD>0.1713</TD>
    <TD>23.2973</TD>
    <TD>0.2399</TD>
    <TD>23.2973</TD>
    <TD>0.2399</TD>
    <TD>0.49</TD>
  </TR>
  <TR>
    <TD>4624.0</TD>
    <TD>240.9921</TD>
    <TD>55.06457</TD>
    <TD>593.809</TD>
    <TD>2798.851</TD>
    <TD>25.3317</TD>
    <TD>0.2967</TD>
    <TD>24.63</TD>
    <TD>0.3578</TD>
    <TD>24.63</TD>
    <TD>0.3578</TD>
    <TD>0.42</TD>
  </TR>
  <TR>
    <TD>4625.0</TD>
    <TD>240.9927</TD>
    <TD>55.09094</TD>
    <TD>303.035</TD>
    <TD>2798.81</TD>
    <TD>25.5524</TD>
    <TD>0.3617</TD>
    <TD>24.699</TD>
    <TD>0.4486</TD>
    <TD>24.699</TD>
    <TD>0.4486</TD>
    <TD>0.35</TD>
  </TR>
  <TR>
    <TD>4626.0</TD>
    <TD>240.9931</TD>
    <TD>55.09172</TD>
    <TD>294.312</TD>
    <TD>2796.649</TD>
    <TD>25.945</TD>
    <TD>0.3705</TD>
    <TD>25.4605</TD>
    <TD>0.333</TD>
    <TD>25.4605</TD>
    <TD>0.333</TD>
    <TD>0.39</TD>
  </TR>
  <TR>
    <TD>4627.0</TD>
    <TD>240.9834</TD>
    <TD>55.06464</TD>
    <TD>593.946</TD>
    <TD>2852.774</TD>
    <TD>21.1497</TD>
    <TD>0.0351</TD>
    <TD>21.0461</TD>
    <TD>0.0532</TD>
    <TD>21.0461</TD>
    <TD>0.0532</TD>
    <TD>0.0</TD>
  </TR>
  <TR>
    <TD>4628.0</TD>
    <TD>240.9891</TD>
    <TD>55.00699</TD>
    <TD>1225.882</TD>
    <TD>2807.735</TD>
    <TD>24.0406</TD>
    <TD>0.1687</TD>
    <TD>23.4562</TD>
    <TD>0.2552</TD>
    <TD>23.4562</TD>
    <TD>0.2552</TD>
    <TD>0.09</TD>
  </TR>
  <TR>
    <TD>4629.0</TD>
    <TD>240.9856</TD>
    <TD>54.9628</TD>
    <TD>1708.614</TD>
    <TD>2822.43</TD>
    <TD>22.2934</TD>
    <TD>0.0656</TD>
    <TD>22.1696</TD>
    <TD>0.0934</TD>
    <TD>22.1696</TD>
    <TD>0.0934</TD>
    <TD>0.0</TD>
  </TR>
  <TR>
    <TD>4630.0</TD>
    <TD>240.9843</TD>
    <TD>54.97081</TD>
    <TD>1621.371</TD>
    <TD>2832.136</TD>
    <TD>21.4825</TD>
    <TD>0.0365</TD>
    <TD>21.4307</TD>
    <TD>0.0485</TD>
    <TD>21.4307</TD>
    <TD>0.0485</TD>
    <TD>0.01</TD>
  </TR>
  <TR>
    <TD>4631.0</TD>
    <TD>240.9835</TD>
    <TD>55.01569</TD>
    <TD>1131.177</TD>
    <TD>2844.516</TD>
    <TD>20.8253</TD>
    <TD>0.0288</TD>
    <TD>20.6775</TD>
    <TD>0.038</TD>
    <TD>20.6775</TD>
    <TD>0.038</TD>
    <TD>0.0</TD>
  </TR>
  <TR>
    <TD>4632.0</TD>
    <TD>240.9898</TD>
    <TD>55.06283</TD>
    <TD>613.182</TD>
    <TD>2812.733</TD>
    <TD>24.128</TD>
    <TD>0.1696</TD>
    <TD>22.9579</TD>
    <TD>0.2123</TD>
    <TD>22.9579</TD>
    <TD>0.2123</TD>
    <TD>0.26</TD>
  </TR>
  <TR>
    <TD>4633.0</TD>
    <TD>240.9888</TD>
    <TD>54.96775</TD>
    <TD>1654.371</TD>
    <TD>2803.696</TD>
    <TD>25.7937</TD>
    <TD>0.3239</TD>
    <TD>24.9493</TD>
    <TD>0.3151</TD>
    <TD>24.9493</TD>
    <TD>0.3151</TD>
    <TD>0.37</TD>
  </TR>
  <TR>
    <TD>4634.0</TD>
    <TD>240.9898</TD>
    <TD>55.00637</TD>
    <TD>1232.52</TD>
    <TD>2803.591</TD>
    <TD>24.5476</TD>
    <TD>0.204</TD>
    <TD>24.0876</TD>
    <TD>0.2279</TD>
    <TD>24.0876</TD>
    <TD>0.2279</TD>
    <TD>0.07</TD>
  </TR>
  <TR>
    <TD>4635.0</TD>
    <TD>240.9915</TD>
    <TD>55.07216</TD>
    <TD>510.293</TD>
    <TD>2803.375</TD>
    <TD>25.8448</TD>
    <TD>0.3389</TD>
    <TD>25.0496</TD>
    <TD>0.4667</TD>
    <TD>25.0496</TD>
    <TD>0.4667</TD>
    <TD>0.35</TD>
  </TR>
  <TR>
    <TD>4636.0</TD>
    <TD>240.9908</TD>
    <TD>55.06429</TD>
    <TD>597.0</TD>
    <TD>2806.961</TD>
    <TD>25.7991</TD>
    <TD>0.3254</TD>
    <TD>24.851</TD>
    <TD>0.4108</TD>
    <TD>24.851</TD>
    <TD>0.4108</TD>
    <TD>0.38</TD>
  </TR>
  <TR>
    <TD>4637.0</TD>
    <TD>240.9907</TD>
    <TD>55.07561</TD>
    <TD>472.337</TD>
    <TD>2809.328</TD>
    <TD>23.6445</TD>
    <TD>0.0921</TD>
    <TD>23.7344</TD>
    <TD>0.1393</TD>
    <TD>23.7344</TD>
    <TD>0.1393</TD>
    <TD>0.65</TD>
  </TR>
  <TR>
    <TD>4638.0</TD>
    <TD>240.9915</TD>
    <TD>55.09614</TD>
    <TD>245.704</TD>
    <TD>2807.299</TD>
    <TD>25.5867</TD>
    <TD>0.2697</TD>
    <TD>25.3696</TD>
    <TD>0.3302</TD>
    <TD>25.3696</TD>
    <TD>0.3302</TD>
    <TD>0.42</TD>
  </TR>
  <TR>
    <TD>4639.0</TD>
    <TD>240.9909</TD>
    <TD>55.09738</TD>
    <TD>231.978</TD>
    <TD>2811.281</TD>
    <TD>24.8874</TD>
    <TD>0.2146</TD>
    <TD>24.6905</TD>
    <TD>0.2738</TD>
    <TD>24.6905</TD>
    <TD>0.2738</TD>
    <TD>0.68</TD>
  </TR>
  <TR>
    <TD>4640.0</TD>
    <TD>240.9898</TD>
    <TD>55.03658</TD>
    <TD>901.655</TD>
    <TD>2808.659</TD>
    <TD>25.653</TD>
    <TD>0.286</TD>
    <TD>25.0217</TD>
    <TD>0.4098</TD>
    <TD>25.0217</TD>
    <TD>0.4098</TD>
    <TD>0.41</TD>
  </TR>
  <TR>
    <TD>4641.0</TD>
    <TD>240.9677</TD>
    <TD>54.93263</TD>
    <TD>2038.746</TD>
    <TD>2929.271</TD>
    <TD>15.9632</TD>
    <TD>0.0011</TD>
    <TD>15.985</TD>
    <TD>0.0011</TD>
    <TD>15.985</TD>
    <TD>0.0011</TD>
    <TD>0.97</TD>
  </TR>
  <TR>
    <TD>4642.0</TD>
    <TD>240.9888</TD>
    <TD>55.03728</TD>
    <TD>894.017</TD>
    <TD>2814.986</TD>
    <TD>25.0752</TD>
    <TD>0.2537</TD>
    <TD>24.769</TD>
    <TD>0.5224</TD>
    <TD>24.769</TD>
    <TD>0.5224</TD>
    <TD>0.36</TD>
  </TR>
  <TR>
    <TD>4643.0</TD>
    <TD>240.987</TD>
    <TD>54.98034</TD>
    <TD>1517.16</TD>
    <TD>2816.722</TD>
    <TD>23.7139</TD>
    <TD>0.1418</TD>
    <TD>23.0079</TD>
    <TD>0.2205</TD>
    <TD>23.0079</TD>
    <TD>0.2205</TD>
    <TD>0.4</TD>
  </TR>
  <TR>
    <TD>4644.0</TD>
    <TD>240.9864</TD>
    <TD>54.93827</TD>
    <TD>1975.542</TD>
    <TD>2813.451</TD>
    <TD>25.1329</TD>
    <TD>0.2063</TD>
    <TD>24.9461</TD>
    <TD>0.2918</TD>
    <TD>24.9461</TD>
    <TD>0.2918</TD>
    <TD>0.53</TD>
  </TR>
  <TR>
    <TD>4645.0</TD>
    <TD>240.9835</TD>
    <TD>54.94501</TD>
    <TD>1902.551</TD>
    <TD>2832.72</TD>
    <TD>22.9626</TD>
    <TD>0.0862</TD>
    <TD>22.8726</TD>
    <TD>0.1313</TD>
    <TD>22.6297</TD>
    <TD>0.0888</TD>
    <TD>0.46</TD>
  </TR>
  <TR>
    <TD>4646.0</TD>
    <TD>240.9865</TD>
    <TD>55.06809</TD>
    <TD>555.601</TD>
    <TD>2834.255</TD>
    <TD>22.675</TD>
    <TD>0.0797</TD>
    <TD>22.4184</TD>
    <TD>0.1199</TD>
    <TD>22.4184</TD>
    <TD>0.1199</TD>
    <TD>0.17</TD>
  </TR>
  <TR>
    <TD>4647.0</TD>
    <TD>240.9893</TD>
    <TD>55.08484</TD>
    <TD>370.658</TD>
    <TD>2819.344</TD>
    <TD>25.3783</TD>
    <TD>0.3094</TD>
    <TD>24.2605</TD>
    <TD>0.3668</TD>
    <TD>24.2605</TD>
    <TD>0.3668</TD>
    <TD>0.36</TD>
  </TR>
  <TR>
    <TD>4648.0</TD>
    <TD>240.9901</TD>
    <TD>55.10989</TD>
    <TD>93.677</TD>
    <TD>2818.293</TD>
    <TD>25.81</TD>
    <TD>0.3286</TD>
    <TD>24.9657</TD>
    <TD>0.4483</TD>
    <TD>24.9657</TD>
    <TD>0.4483</TD>
    <TD>0.37</TD>
  </TR>
  <TR>
    <TD>4649.0</TD>
    <TD>240.9901</TD>
    <TD>55.11161</TD>
    <TD>74.654</TD>
    <TD>2818.326</TD>
    <TD>25.9313</TD>
    <TD>0.366</TD>
    <TD>25.055</TD>
    <TD>0.5352</TD>
    <TD>25.055</TD>
    <TD>0.5352</TD>
    <TD>0.36</TD>
  </TR>
  <TR>
    <TD>4650.0</TD>
    <TD>240.9896</TD>
    <TD>55.09136</TD>
    <TD>298.675</TD>
    <TD>2818.685</TD>
    <TD>25.9531</TD>
    <TD>0.3732</TD>
    <TD>24.8472</TD>
    <TD>0.4024</TD>
    <TD>24.8472</TD>
    <TD>0.4024</TD>
    <TD>0.39</TD>
  </TR>
  <TR>
    <TD>4651.0</TD>
    <TD>240.9886</TD>
    <TD>55.05865</TD>
    <TD>659.325</TD>
    <TD>2819.312</TD>
    <TD>26.0421</TD>
    <TD>0.4041</TD>
    <TD>25.3451</TD>
    <TD>0.3003</TD>
    <TD>25.3451</TD>
    <TD>0.3003</TD>
    <TD>0.35</TD>
  </TR>
  <TR>
    <TD>4652.0</TD>
    <TD>240.989</TD>
    <TD>55.08098</TD>
    <TD>413.27</TD>
    <TD>2820.246</TD>
    <TD>25.9641</TD>
    <TD>0.4318</TD>
    <TD>25.0204</TD>
    <TD>0.3585</TD>
    <TD>25.0204</TD>
    <TD>0.3585</TD>
    <TD>0.35</TD>
  </TR>
  <TR>
    <TD>4653.0</TD>
    <TD>240.9848</TD>
    <TD>55.087</TD>
    <TD>347.281</TD>
    <TD>2847.892</TD>
    <TD>21.7617</TD>
    <TD>0.0482</TD>
    <TD>21.5736</TD>
    <TD>0.0611</TD>
    <TD>21.5736</TD>
    <TD>0.0611</TD>
    <TD>0.0</TD>
  </TR>
  <TR>
    <TD>4654.0</TD>
    <TD>240.9851</TD>
    <TD>54.93561</TD>
    <TD>2004.646</TD>
    <TD>2821.684</TD>
    <TD>25.7371</TD>
    <TD>0.308</TD>
    <TD>25.6671</TD>
    <TD>0.401</TD>
    <TD>25.6671</TD>
    <TD>0.401</TD>
    <TD>0.4</TD>
  </TR>
  <TR>
    <TD>4655.0</TD>
    <TD>240.981</TD>
    <TD>54.97303</TD>
    <TD>1597.497</TD>
    <TD>2853.078</TD>
    <TD>21.3825</TD>
    <TD>0.0385</TD>
    <TD>21.2139</TD>
    <TD>0.0534</TD>
    <TD>21.2139</TD>
    <TD>0.0534</TD>
    <TD>0.0</TD>
  </TR>
  <TR>
    <TD>4656.0</TD>
    <TD>240.9837</TD>
    <TD>54.94461</TD>
    <TD>1906.888</TD>
    <TD>2831.66</TD>
    <TD>23.5953</TD>
    <TD>0.1183</TD>
    <TD>23.3957</TD>
    <TD>0.2503</TD>
    <TD>23.225</TD>
    <TD>0.1211</TD>
    <TD>0.05</TD>
  </TR>
  <TR>
    <TD>4657.0</TD>
    <TD>240.9812</TD>
    <TD>54.94301</TD>
    <TD>1924.484</TD>
    <TD>2847.133</TD>
    <TD>21.6428</TD>
    <TD>0.0399</TD>
    <TD>21.5484</TD>
    <TD>0.0529</TD>
    <TD>21.5484</TD>
    <TD>0.0529</TD>
    <TD>0.01</TD>
  </TR>
  <TR>
    <TD>4658.0</TD>
    <TD>240.9812</TD>
    <TD>55.02003</TD>
    <TD>1083.881</TD>
    <TD>2859.175</TD>
    <TD>21.4867</TD>
    <TD>0.0388</TD>
    <TD>21.3189</TD>
    <TD>0.0489</TD>
    <TD>21.3189</TD>
    <TD>0.0489</TD>
    <TD>0.0</TD>
  </TR>
  <TR>
    <TD>4659.0</TD>
    <TD>240.9747</TD>
    <TD>54.97889</TD>
    <TD>1534.298</TD>
    <TD>2892.931</TD>
    <TD>19.6049</TD>
    <TD>0.0126</TD>
    <TD>19.5515</TD>
    <TD>0.015</TD>
    <TD>19.5515</TD>
    <TD>0.015</TD>
    <TD>0.03</TD>
  </TR>
  <TR>
    <TD>4660.0</TD>
    <TD>240.987</TD>
    <TD>55.09007</TD>
    <TD>313.146</TD>
    <TD>2834.564</TD>
    <TD>23.6774</TD>
    <TD>0.1396</TD>
    <TD>22.4786</TD>
    <TD>0.159</TD>
    <TD>23.013</TD>
    <TD>0.1301</TD>
    <TD>0.44</TD>
  </TR>
  <TR>
    <TD>4661.0</TD>
    <TD>240.984</TD>
    <TD>54.97305</TD>
    <TD>1597.015</TD>
    <TD>2834.577</TD>
    <TD>23.8763</TD>
    <TD>0.1457</TD>
    <TD>23.6862</TD>
    <TD>0.2218</TD>
    <TD>23.6862</TD>
    <TD>0.2218</TD>
    <TD>0.6</TD>
  </TR>
  <TR>
    <TD>4662.0</TD>
    <TD>240.9857</TD>
    <TD>55.03434</TD>
    <TD>926.553</TD>
    <TD>2833.491</TD>
    <TD>24.3578</TD>
    <TD>0.1912</TD>
    <TD>23.6708</TD>
    <TD>0.2912</TD>
    <TD>23.6708</TD>
    <TD>0.2912</TD>
    <TD>0.36</TD>
  </TR>
  <TR>
    <TD>4663.0</TD>
    <TD>240.9877</TD>
    <TD>55.11199</TD>
    <TD>70.683</TD>
    <TD>2833.859</TD>
    <TD>24.9764</TD>
    <TD>0.2323</TD>
    <TD>24.662</TD>
    <TD>0.4337</TD>
    <TD>24.662</TD>
    <TD>0.4337</TD>
    <TD>0.42</TD>
  </TR>
  <TR>
    <TD>4664.0</TD>
    <TD>240.9863</TD>
    <TD>55.09008</TD>
    <TD>313.151</TD>
    <TD>2838.514</TD>
    <TD>23.6592</TD>
    <TD>0.1302</TD>
    <TD>22.6195</TD>
    <TD>0.1707</TD>
    <TD>22.6195</TD>
    <TD>0.1707</TD>
    <TD>0.42</TD>
  </TR>
  <TR>
    <TD>4665.0</TD>
    <TD>240.9823</TD>
    <TD>54.93482</TD>
    <TD>2013.444</TD>
    <TD>2838.815</TD>
    <TD>23.8124</TD>
    <TD>0.1521</TD>
    <TD>23.2796</TD>
    <TD>0.2981</TD>
    <TD>23.2796</TD>
    <TD>0.2981</TD>
    <TD>0.49</TD>
  </TR>
  <TR>
    <TD>4666.0</TD>
    <TD>240.9799</TD>
    <TD>55.05235</TD>
    <TD>729.45</TD>
    <TD>2872.589</TD>
    <TD>20.3245</TD>
    <TD>0.018</TD>
    <TD>20.2696</TD>
    <TD>0.0222</TD>
    <TD>20.2696</TD>
    <TD>0.0222</TD>
    <TD>0.02</TD>
  </TR>
  <TR>
    <TD>4667.0</TD>
    <TD>240.9862</TD>
    <TD>55.05021</TD>
    <TD>752.302</TD>
    <TD>2833.334</TD>
    <TD>25.7054</TD>
    <TD>0.2995</TD>
    <TD>25.3235</TD>
    <TD>0.3168</TD>
    <TD>25.3235</TD>
    <TD>0.3168</TD>
    <TD>0.48</TD>
  </TR>
  <TR>
    <TD>4668.0</TD>
    <TD>240.9805</TD>
    <TD>54.97706</TD>
    <TD>1553.692</TD>
    <TD>2856.802</TD>
    <TD>22.3008</TD>
    <TD>0.0637</TD>
    <TD>22.0759</TD>
    <TD>0.0826</TD>
    <TD>22.0759</TD>
    <TD>0.0826</TD>
    <TD>0.0</TD>
  </TR>
  <TR>
    <TD>4669.0</TD>
    <TD>240.9827</TD>
    <TD>54.93898</TD>
    <TD>1968.18</TD>
    <TD>2836.673</TD>
    <TD>24.6675</TD>
    <TD>0.1519</TD>
    <TD>24.9264</TD>
    <TD>0.2866</TD>
    <TD>24.9264</TD>
    <TD>0.2866</TD>
    <TD>0.51</TD>
  </TR>
  <TR>
    <TD>4670.0</TD>
    <TD>240.9837</TD>
    <TD>55.09448</TD>
    <TD>264.855</TD>
    <TD>2855.438</TD>
    <TD>23.1106</TD>
    <TD>0.1018</TD>
    <TD>22.8768</TD>
    <TD>0.1422</TD>
    <TD>22.8768</TD>
    <TD>0.1422</TD>
    <TD>0.01</TD>
  </TR>
  <TR>
    <TD>4671.0</TD>
    <TD>240.9858</TD>
    <TD>55.07726</TD>
    <TD>454.701</TD>
    <TD>2840.116</TD>
    <TD>24.9292</TD>
    <TD>0.2227</TD>
    <TD>24.3885</TD>
    <TD>0.3818</TD>
    <TD>24.3885</TD>
    <TD>0.3818</TD>
    <TD>0.42</TD>
  </TR>
  <TR>
    <TD>4672.0</TD>
    <TD>240.9765</TD>
    <TD>55.07006</TD>
    <TD>534.911</TD>
    <TD>2896.454</TD>
    <TD>20.4358</TD>
    <TD>0.0182</TD>
    <TD>20.4016</TD>
    <TD>0.023</TD>
    <TD>20.4016</TD>
    <TD>0.023</TD>
    <TD>0.03</TD>
  </TR>
  <TR>
    <TD>4673.0</TD>
    <TD>240.9824</TD>
    <TD>54.94557</TD>
    <TD>1896.48</TD>
    <TD>2839.505</TD>
    <TD>25.5805</TD>
    <TD>0.3063</TD>
    <TD>25.3581</TD>
    <TD>0.4236</TD>
    <TD>25.3581</TD>
    <TD>0.4236</TD>
    <TD>0.39</TD>
  </TR>
  <TR>
    <TD>4674.0</TD>
    <TD>240.9791</TD>
    <TD>54.9356</TD>
    <TD>2005.327</TD>
    <TD>2858.961</TD>
    <TD>22.7564</TD>
    <TD>0.0791</TD>
    <TD>22.5505</TD>
    <TD>0.1026</TD>
    <TD>22.5505</TD>
    <TD>0.1026</TD>
    <TD>0.0</TD>
  </TR>
  <TR>
    <TD>4675.0</TD>
    <TD>240.9861</TD>
    <TD>55.11284</TD>
    <TD>61.474</TD>
    <TD>2843.459</TD>
    <TD>25.5788</TD>
    <TD>0.3059</TD>
    <TD>24.9452</TD>
    <TD>0.4699</TD>
    <TD>24.9452</TD>
    <TD>0.4699</TD>
    <TD>0.36</TD>
  </TR>
  <TR>
    <TD>4676.0</TD>
    <TD>240.9828</TD>
    <TD>55.06571</TD>
    <TD>582.23</TD>
    <TD>2856.99</TD>
    <TD>23.6559</TD>
    <TD>0.1392</TD>
    <TD>22.2697</TD>
    <TD>0.1638</TD>
    <TD>22.9669</TD>
    <TD>0.1283</TD>
    <TD>0.3</TD>
  </TR>
  <TR>
    <TD>4677.0</TD>
    <TD>240.9851</TD>
    <TD>55.11489</TD>
    <TD>38.871</TD>
    <TD>2850.482</TD>
    <TD>25.466</TD>
    <TD>0.3347</TD>
    <TD>24.37</TD>
    <TD>0.3321</TD>
    <TD>24.37</TD>
    <TD>0.3321</TD>
    <TD>0.36</TD>
  </TR>
  <TR>
    <TD>4678.0</TD>
    <TD>240.9773</TD>
    <TD>54.9477</TD>
    <TD>1873.828</TD>
    <TD>2871.711</TD>
    <TD>22.3399</TD>
    <TD>0.0672</TD>
    <TD>22.2654</TD>
    <TD>0.1224</TD>
    <TD>22.2654</TD>
    <TD>0.1224</TD>
    <TD>0.01</TD>
  </TR>
  <TR>
    <TD>4679.0</TD>
    <TD>240.9785</TD>
    <TD>54.94452</TD>
    <TD>1908.323</TD>
    <TD>2863.861</TD>
    <TD>22.9963</TD>
    <TD>0.094</TD>
    <TD>22.6308</TD>
    <TD>0.1166</TD>
    <TD>22.6308</TD>
    <TD>0.1166</TD>
    <TD>0.02</TD>
  </TR>
  <TR>
    <TD>4680.0</TD>
    <TD>240.9845</TD>
    <TD>55.08008</TD>
    <TD>423.669</TD>
    <TD>2848.624</TD>
    <TD>25.9783</TD>
    <TD>0.3817</TD>
    <TD>25.0647</TD>
    <TD>0.4641</TD>
    <TD>25.0647</TD>
    <TD>0.4641</TD>
    <TD>0.36</TD>
  </TR>
  <TR>
    <TD>4681.0</TD>
    <TD>240.983</TD>
    <TD>55.11405</TD>
    <TD>48.335</TD>
    <TD>2863.148</TD>
    <TD>23.8745</TD>
    <TD>0.1421</TD>
    <TD>23.3273</TD>
    <TD>0.2423</TD>
    <TD>23.3273</TD>
    <TD>0.2423</TD>
    <TD>0.47</TD>
  </TR>
  <TR>
    <TD>4682.0</TD>
    <TD>240.9839</TD>
    <TD>55.07044</TD>
    <TD>529.975</TD>
    <TD>2850.484</TD>
    <TD>25.9013</TD>
    <TD>0.4081</TD>
    <TD>24.7936</TD>
    <TD>0.2919</TD>
    <TD>24.7936</TD>
    <TD>0.2919</TD>
    <TD>0.35</TD>
  </TR>
  <TR>
    <TD>4683.0</TD>
    <TD>240.9845</TD>
    <TD>55.09931</TD>
    <TD>211.302</TD>
    <TD>2851.367</TD>
    <TD>25.883</TD>
    <TD>0.3506</TD>
    <TD>25.1182</TD>
    <TD>0.4369</TD>
    <TD>25.1182</TD>
    <TD>0.4369</TD>
    <TD>0.39</TD>
  </TR>
  <TR>
    <TD>4684.0</TD>
    <TD>240.9796</TD>
    <TD>55.00049</TD>
    <TD>1297.927</TD>
    <TD>2866.115</TD>
    <TD>23.0718</TD>
    <TD>0.0983</TD>
    <TD>22.7806</TD>
    <TD>0.1423</TD>
    <TD>22.7806</TD>
    <TD>0.1423</TD>
    <TD>0.02</TD>
  </TR>
  <TR>
    <TD>4685.0</TD>
    <TD>240.9797</TD>
    <TD>55.03472</TD>
    <TD>923.013</TD>
    <TD>2871.13</TD>
    <TD>22.1565</TD>
    <TD>0.0581</TD>
    <TD>21.9298</TD>
    <TD>0.0722</TD>
    <TD>21.9298</TD>
    <TD>0.0722</TD>
    <TD>0.0</TD>
  </TR>
  <TR>
    <TD>4686.0</TD>
    <TD>240.9747</TD>
    <TD>54.97</TD>
    <TD>1631.261</TD>
    <TD>2891.843</TD>
    <TD>19.3815</TD>
    <TD>0.0088</TD>
    <TD>19.3677</TD>
    <TD>0.0096</TD>
    <TD>19.3677</TD>
    <TD>0.0096</TD>
    <TD>0.03</TD>
  </TR>
  <TR>
    <TD>4687.0</TD>
    <TD>240.9814</TD>
    <TD>55.00667</TD>
    <TD>1230.132</TD>
    <TD>2855.746</TD>
    <TD>24.0337</TD>
    <TD>0.1559</TD>
    <TD>23.8354</TD>
    <TD>0.2266</TD>
    <TD>23.8354</TD>
    <TD>0.2266</TD>
    <TD>0.01</TD>
  </TR>
  <TR>
    <TD>4688.0</TD>
    <TD>240.9767</TD>
    <TD>54.94949</TD>
    <TD>1854.391</TD>
    <TD>2875.842</TD>
    <TD>22.3447</TD>
    <TD>0.0653</TD>
    <TD>22.0677</TD>
    <TD>0.0813</TD>
    <TD>22.0677</TD>
    <TD>0.0813</TD>
    <TD>0.0</TD>
  </TR>
  <TR>
    <TD>4689.0</TD>
    <TD>240.9838</TD>
    <TD>55.11279</TD>
    <TD>62.226</TD>
    <TD>2858.028</TD>
    <TD>25.1095</TD>
    <TD>0.2616</TD>
    <TD>24.2727</TD>
    <TD>0.3288</TD>
    <TD>24.2727</TD>
    <TD>0.3288</TD>
    <TD>0.36</TD>
  </TR>
  <TR>
    <TD>4690.0</TD>
    <TD>240.9658</TD>
    <TD>55.10862</TD>
    <TD>110.199</TD>
    <TD>2969.527</TD>
    <TD>16.7923</TD>
    <TD>0.0019</TD>
    <TD>16.8168</TD>
    <TD>0.0017</TD>
    <TD>16.8168</TD>
    <TD>0.0017</TD>
    <TD>0.26</TD>
  </TR>
  <TR>
    <TD>4691.0</TD>
    <TD>240.964</TD>
    <TD>54.93755</TD>
    <TD>1985.547</TD>
    <TD>2952.9</TD>
    <TD>17.0034</TD>
    <TD>0.0022</TD>
    <TD>17.0352</TD>
    <TD>0.0020</TD>
    <TD>17.0352</TD>
    <TD>0.0020</TD>
    <TD>0.19</TD>
  </TR>
  <TR>
    <TD>4692.0</TD>
    <TD>240.9805</TD>
    <TD>55.08054</TD>
    <TD>419.014</TD>
    <TD>2873.45</TD>
    <TD>23.3358</TD>
    <TD>0.1158</TD>
    <TD>22.9487</TD>
    <TD>0.1734</TD>
    <TD>22.9487</TD>
    <TD>0.1734</TD>
    <TD>0.01</TD>
  </TR>
  <TR>
    <TD>4693.0</TD>
    <TD>240.9786</TD>
    <TD>55.04106</TD>
    <TD>853.547</TD>
    <TD>2879.097</TD>
    <TD>22.374</TD>
    <TD>0.0648</TD>
    <TD>22.178</TD>
    <TD>0.0871</TD>
    <TD>22.178</TD>
    <TD>0.0871</TD>
    <TD>0.0</TD>
  </TR>
  <TR>
    <TD>4694.0</TD>
    <TD>240.9737</TD>
    <TD>54.95674</TD>
    <TD>1775.737</TD>
    <TD>2895.71</TD>
    <TD>22.5289</TD>
    <TD>0.0705</TD>
    <TD>22.3642</TD>
    <TD>0.1102</TD>
    <TD>22.3642</TD>
    <TD>0.1102</TD>
    <TD>0.0</TD>
  </TR>
  <TR>
    <TD>4695.0</TD>
    <TD>240.9828</TD>
    <TD>55.08847</TD>
    <TD>331.299</TD>
    <TD>2860.292</TD>
    <TD>26.0082</TD>
    <TD>0.392</TD>
    <TD>25.0238</TD>
    <TD>0.258</TD>
    <TD>25.0238</TD>
    <TD>0.258</TD>
    <TD>0.36</TD>
  </TR>
  <TR>
    <TD>4696.0</TD>
    <TD>240.9714</TD>
    <TD>54.98807</TD>
    <TD>1434.327</TD>
    <TD>2914.831</TD>
    <TD>20.279</TD>
    <TD>0.0179</TD>
    <TD>20.2104</TD>
    <TD>0.022</TD>
    <TD>20.2104</TD>
    <TD>0.022</TD>
    <TD>0.02</TD>
  </TR>
  <TR>
    <TD>4697.0</TD>
    <TD>240.9749</TD>
    <TD>55.05438</TD>
    <TD>707.6</TD>
    <TD>2903.76</TD>
    <TD>19.9277</TD>
    <TD>0.0154</TD>
    <TD>19.8758</TD>
    <TD>0.0191</TD>
    <TD>19.8758</TD>
    <TD>0.0191</TD>
    <TD>0.01</TD>
  </TR>
  <TR>
    <TD>4698.0</TD>
    <TD>240.9637</TD>
    <TD>54.9932</TD>
    <TD>1379.147</TD>
    <TD>2963.791</TD>
    <TD>18.6488</TD>
    <TD>0.0079</TD>
    <TD>18.6102</TD>
    <TD>0.0094</TD>
    <TD>18.6102</TD>
    <TD>0.0094</TD>
    <TD>0.02</TD>
  </TR>
  <TR>
    <TD>4699.0</TD>
    <TD>240.9782</TD>
    <TD>54.96719</TD>
    <TD>1661.508</TD>
    <TD>2869.455</TD>
    <TD>25.1423</TD>
    <TD>0.2506</TD>
    <TD>24.5999</TD>
    <TD>0.3963</TD>
    <TD>24.5999</TD>
    <TD>0.3963</TD>
    <TD>0.44</TD>
  </TR>
  <TR>
    <TD>4700.0</TD>
    <TD>240.9789</TD>
    <TD>55.0014</TD>
    <TD>1287.952</TD>
    <TD>2870.65</TD>
    <TD>24.9743</TD>
    <TD>0.2609</TD>
    <TD>23.7434</TD>
    <TD>0.2851</TD>
    <TD>23.7434</TD>
    <TD>0.2851</TD>
    <TD>0.46</TD>
  </TR>
  <TR>
    <TD>4701.0</TD>
    <TD>240.9725</TD>
    <TD>55.11374</TD>
    <TD>52.863</TD>
    <TD>2928.906</TD>
    <TD>21.8731</TD>
    <TD>0.0476</TD>
    <TD>21.7877</TD>
    <TD>0.0674</TD>
    <TD>21.7877</TD>
    <TD>0.0674</TD>
    <TD>0.0</TD>
  </TR>
  <TR>
    <TD>4702.0</TD>
    <TD>240.9804</TD>
    <TD>55.11314</TD>
    <TD>58.693</TD>
    <TD>2879.371</TD>
    <TD>23.856</TD>
    <TD>0.1523</TD>
    <TD>23.2967</TD>
    <TD>0.2542</TD>
    <TD>23.2967</TD>
    <TD>0.2542</TD>
    <TD>0.49</TD>
  </TR>
  <TR>
    <TD>4703.0</TD>
    <TD>240.9795</TD>
    <TD>54.99731</TD>
    <TD>1332.681</TD>
    <TD>2866.319</TD>
    <TD>25.8943</TD>
    <TD>0.3542</TD>
    <TD>25.2577</TD>
    <TD>0.4712</TD>
    <TD>25.2577</TD>
    <TD>0.4712</TD>
    <TD>0.35</TD>
  </TR>
  <TR>
    <TD>4704.0</TD>
    <TD>240.9782</TD>
    <TD>54.94958</TD>
    <TD>1853.335</TD>
    <TD>2866.29</TD>
    <TD>26.1034</TD>
    <TD>0.4268</TD>
    <TD>25.0496</TD>
    <TD>0.3203</TD>
    <TD>25.0496</TD>
    <TD>0.3203</TD>
    <TD>0.36</TD>
  </TR>
  <TR>
    <TD>4705.0</TD>
    <TD>240.9802</TD>
    <TD>55.0372</TD>
    <TD>895.747</TD>
    <TD>2868.589</TD>
    <TD>24.6369</TD>
    <TD>0.2121</TD>
    <TD>23.4493</TD>
    <TD>0.2717</TD>
    <TD>23.4493</TD>
    <TD>0.2717</TD>
    <TD>0.47</TD>
  </TR>
  <TR>
    <TD>4706.0</TD>
    <TD>240.9716</TD>
    <TD>55.02387</TD>
    <TD>1042.792</TD>
    <TD>2919.632</TD>
    <TD>20.2273</TD>
    <TD>0.018</TD>
    <TD>20.127</TD>
    <TD>0.0251</TD>
    <TD>20.127</TD>
    <TD>0.0251</TD>
    <TD>0.01</TD>
  </TR>
  <TR>
    <TD>4707.0</TD>
    <TD>240.9813</TD>
    <TD>55.09772</TD>
    <TD>229.228</TD>
    <TD>2871.224</TD>
    <TD>25.8164</TD>
    <TD>0.3781</TD>
    <TD>25.0691</TD>
    <TD>0.4377</TD>
    <TD>25.0691</TD>
    <TD>0.4377</TD>
    <TD>0.36</TD>
  </TR>
  <TR>
    <TD>4708.0</TD>
    <TD>240.9787</TD>
    <TD>55.0626</TD>
    <TD>616.788</TD>
    <TD>2881.476</TD>
    <TD>23.3053</TD>
    <TD>0.1127</TD>
    <TD>22.8794</TD>
    <TD>0.1332</TD>
    <TD>22.8794</TD>
    <TD>0.1332</TD>
    <TD>0.1</TD>
  </TR>
  <TR>
    <TD>4709.0</TD>
    <TD>240.9743</TD>
    <TD>55.06388</TD>
    <TD>603.194</TD>
    <TD>2909.555</TD>
    <TD>21.1172</TD>
    <TD>0.0335</TD>
    <TD>20.9572</TD>
    <TD>0.0476</TD>
    <TD>20.9572</TD>
    <TD>0.0476</TD>
    <TD>0.0</TD>
  </TR>
  <TR>
    <TD>4710.0</TD>
    <TD>240.9766</TD>
    <TD>54.93609</TD>
    <TD>2000.207</TD>
    <TD>2874.156</TD>
    <TD>25.4262</TD>
    <TD>0.2963</TD>
    <TD>24.6002</TD>
    <TD>0.4185</TD>
    <TD>24.6002</TD>
    <TD>0.4185</TD>
    <TD>0.41</TD>
  </TR>
  <TR>
    <TD>4711.0</TD>
    <TD>240.9775</TD>
    <TD>54.9923</TD>
    <TD>1387.609</TD>
    <TD>2877.787</TD>
    <TD>23.3026</TD>
    <TD>0.1181</TD>
    <TD>22.9225</TD>
    <TD>0.2011</TD>
    <TD>22.9225</TD>
    <TD>0.2011</TD>
    <TD>0.54</TD>
  </TR>
  <TR>
    <TD>4712.0</TD>
    <TD>240.9754</TD>
    <TD>55.09657</TD>
    <TD>242.506</TD>
    <TD>2907.697</TD>
    <TD>20.612</TD>
    <TD>0.022</TD>
    <TD>20.5452</TD>
    <TD>0.0297</TD>
    <TD>20.5452</TD>
    <TD>0.0297</TD>
    <TD>0.01</TD>
  </TR>
  <TR>
    <TD>4713.0</TD>
    <TD>240.9772</TD>
    <TD>54.94288</TD>
    <TD>1926.335</TD>
    <TD>2871.669</TD>
    <TD>25.5849</TD>
    <TD>0.2693</TD>
    <TD>25.1208</TD>
    <TD>0.3417</TD>
    <TD>25.1208</TD>
    <TD>0.3417</TD>
    <TD>0.45</TD>
  </TR>
  <TR>
    <TD>4714.0</TD>
    <TD>240.9794</TD>
    <TD>55.09551</TD>
    <TD>253.837</TD>
    <TD>2882.799</TD>
    <TD>24.8741</TD>
    <TD>0.2385</TD>
    <TD>24.3392</TD>
    <TD>0.3364</TD>
    <TD>24.3392</TD>
    <TD>0.3364</TD>
    <TD>0.39</TD>
  </TR>
  <TR>
    <TD>4715.0</TD>
    <TD>240.9788</TD>
    <TD>55.00428</TD>
    <TD>1256.508</TD>
    <TD>2871.49</TD>
    <TD>25.3613</TD>
    <TD>0.3047</TD>
    <TD>24.2659</TD>
    <TD>0.3268</TD>
    <TD>24.2659</TD>
    <TD>0.3268</TD>
    <TD>0.48</TD>
  </TR>
  <TR>
    <TD>4716.0</TD>
    <TD>240.9804</TD>
    <TD>55.10212</TD>
    <TD>180.684</TD>
    <TD>2877.58</TD>
    <TD>24.6595</TD>
    <TD>0.197</TD>
    <TD>23.4562</TD>
    <TD>0.2518</TD>
    <TD>23.4562</TD>
    <TD>0.2518</TD>
    <TD>0.48</TD>
  </TR>
  <TR>
    <TD>4717.0</TD>
    <TD>240.9786</TD>
    <TD>55.00712</TD>
    <TD>1225.478</TD>
    <TD>2873.495</TD>
    <TD>24.8678</TD>
    <TD>0.2244</TD>
    <TD>24.4756</TD>
    <TD>0.2662</TD>
    <TD>24.4756</TD>
    <TD>0.2662</TD>
    <TD>0.45</TD>
  </TR>
  <TR>
    <TD>4718.0</TD>
    <TD>240.9792</TD>
    <TD>55.07509</TD>
    <TD>479.177</TD>
    <TD>2880.649</TD>
    <TD>25.3341</TD>
    <TD>0.2974</TD>
    <TD>24.3745</TD>
    <TD>0.4592</TD>
    <TD>24.3745</TD>
    <TD>0.4592</TD>
    <TD>0.36</TD>
  </TR>
  <TR>
    <TD>4719.0</TD>
    <TD>240.9809</TD>
    <TD>55.09515</TD>
    <TD>257.656</TD>
    <TD>2873.299</TD>
    <TD>25.6494</TD>
    <TD>0.285</TD>
    <TD>25.3314</TD>
    <TD>0.5922</TD>
    <TD>25.3314</TD>
    <TD>0.5922</TD>
    <TD>0.38</TD>
  </TR>
  <TR>
    <TD>4720.0</TD>
    <TD>240.9739</TD>
    <TD>55.09058</TD>
    <TD>308.917</TD>
    <TD>2915.955</TD>
    <TD>20.8512</TD>
    <TD>0.027</TD>
    <TD>20.7734</TD>
    <TD>0.0382</TD>
    <TD>20.7734</TD>
    <TD>0.0382</TD>
    <TD>0.0</TD>
  </TR>
  <TR>
    <TD>4721.0</TD>
    <TD>240.9729</TD>
    <TD>55.05579</TD>
    <TD>692.354</TD>
    <TD>2916.57</TD>
    <TD>20.4608</TD>
    <TD>0.0207</TD>
    <TD>20.3298</TD>
    <TD>0.0289</TD>
    <TD>20.3452</TD>
    <TD>0.0214</TD>
    <TD>0.01</TD>
  </TR>
  <TR>
    <TD>4722.0</TD>
    <TD>240.9774</TD>
    <TD>55.0822</TD>
    <TD>401.009</TD>
    <TD>2893.128</TD>
    <TD>23.1869</TD>
    <TD>0.104</TD>
    <TD>22.6396</TD>
    <TD>0.1714</TD>
    <TD>22.6396</TD>
    <TD>0.1714</TD>
    <TD>0.0</TD>
  </TR>
  <TR>
    <TD>4723.0</TD>
    <TD>240.9743</TD>
    <TD>55.03234</TD>
    <TD>949.706</TD>
    <TD>2903.925</TD>
    <TD>21.5336</TD>
    <TD>0.0354</TD>
    <TD>21.446</TD>
    <TD>0.0473</TD>
    <TD>21.446</TD>
    <TD>0.0473</TD>
    <TD>0.01</TD>
  </TR>
  <TR>
    <TD>4724.0</TD>
    <TD>240.977</TD>
    <TD>55.0123</TD>
    <TD>1168.962</TD>
    <TD>2884.467</TD>
    <TD>24.8271</TD>
    <TD>0.2165</TD>
    <TD>24.9518</TD>
    <TD>0.3567</TD>
    <TD>24.9518</TD>
    <TD>0.3567</TD>
    <TD>0.68</TD>
  </TR>
  <TR>
    <TD>4725.0</TD>
    <TD>240.9792</TD>
    <TD>55.09124</TD>
    <TD>301.06</TD>
    <TD>2883.21</TD>
    <TD>24.5072</TD>
    <TD>0.1535</TD>
    <TD>24.6571</TD>
    <TD>0.2731</TD>
    <TD>24.6571</TD>
    <TD>0.2731</TD>
    <TD>0.73</TD>
  </TR>
  <TR>
    <TD>4726.0</TD>
    <TD>240.9772</TD>
    <TD>55.01773</TD>
    <TD>1109.506</TD>
    <TD>2883.946</TD>
    <TD>25.4064</TD>
    <TD>0.3172</TD>
    <TD>24.8193</TD>
    <TD>0.5421</TD>
    <TD>24.8193</TD>
    <TD>0.5421</TD>
    <TD>0.37</TD>
  </TR>
  <TR>
    <TD>4727.0</TD>
    <TD>240.9775</TD>
    <TD>55.06104</TD>
    <TD>634.121</TD>
    <TD>2888.922</TD>
    <TD>23.9734</TD>
    <TD>0.1439</TD>
    <TD>23.4604</TD>
    <TD>0.2403</TD>
    <TD>23.4604</TD>
    <TD>0.2403</TD>
    <TD>0.04</TD>
  </TR>
  <TR>
    <TD>4728.0</TD>
    <TD>240.9769</TD>
    <TD>55.0135</TD>
    <TD>1155.873</TD>
    <TD>2884.795</TD>
    <TD>25.128</TD>
    <TD>0.2474</TD>
    <TD>24.9558</TD>
    <TD>0.3381</TD>
    <TD>24.9558</TD>
    <TD>0.3381</TD>
    <TD>0.65</TD>
  </TR>
  <TR>
    <TD>4729.0</TD>
    <TD>240.9714</TD>
    <TD>54.9392</TD>
    <TD>1966.888</TD>
    <TD>2907.422</TD>
    <TD>22.3112</TD>
    <TD>0.0626</TD>
    <TD>21.9751</TD>
    <TD>0.1058</TD>
    <TD>21.9751</TD>
    <TD>0.1058</TD>
    <TD>0.05</TD>
  </TR>
  <TR>
    <TD>4730.0</TD>
    <TD>240.9759</TD>
    <TD>54.97627</TD>
    <TD>1562.686</TD>
    <TD>2885.329</TD>
    <TD>26.1699</TD>
    <TD>0.4531</TD>
    <TD>25.1039</TD>
    <TD>0.5757</TD>
    <TD>25.1039</TD>
    <TD>0.5757</TD>
    <TD>0.35</TD>
  </TR>
  <TR>
    <TD>4731.0</TD>
    <TD>240.9791</TD>
    <TD>55.11477</TD>
    <TD>40.796</TD>
    <TD>2887.786</TD>
    <TD>25.4684</TD>
    <TD>0.3077</TD>
    <TD>24.5851</TD>
    <TD>0.3865</TD>
    <TD>24.5851</TD>
    <TD>0.3865</TD>
    <TD>0.36</TD>
  </TR>
  <TR>
    <TD>4732.0</TD>
    <TD>240.9748</TD>
    <TD>54.95156</TD>
    <TD>1832.127</TD>
    <TD>2887.859</TD>
    <TD>24.9477</TD>
    <TD>0.241</TD>
    <TD>24.3491</TD>
    <TD>0.3863</TD>
    <TD>24.3491</TD>
    <TD>0.3863</TD>
    <TD>0.13</TD>
  </TR>
  <TR>
    <TD>4733.0</TD>
    <TD>240.9763</TD>
    <TD>55.01584</TD>
    <TD>1130.233</TD>
    <TD>2889.005</TD>
    <TD>25.3685</TD>
    <TD>0.2538</TD>
    <TD>25.1662</TD>
    <TD>0.3414</TD>
    <TD>25.1662</TD>
    <TD>0.3414</TD>
    <TD>0.39</TD>
  </TR>
  <TR>
    <TD>4734.0</TD>
    <TD>240.9788</TD>
    <TD>55.09543</TD>
    <TD>254.823</TD>
    <TD>2886.58</TD>
    <TD>25.223</TD>
    <TD>0.2473</TD>
    <TD>24.3214</TD>
    <TD>0.3342</TD>
    <TD>24.3214</TD>
    <TD>0.3342</TD>
    <TD>0.46</TD>
  </TR>
  <TR>
    <TD>4735.0</TD>
    <TD>240.9767</TD>
    <TD>55.03557</TD>
    <TD>913.975</TD>
    <TD>2889.972</TD>
    <TD>23.4035</TD>
    <TD>0.0665</TD>
    <TD>23.4465</TD>
    <TD>0.0995</TD>
    <TD>23.4465</TD>
    <TD>0.0995</TD>
    <TD>0.97</TD>
  </TR>
  <TR>
    <TD>4736.0</TD>
    <TD>240.9623</TD>
    <TD>55.04717</TD>
    <TD>788.124</TD>
    <TD>2981.34</TD>
    <TD>21.4567</TD>
    <TD>0.0382</TD>
    <TD>21.2875</TD>
    <TD>0.05</TD>
    <TD>21.2875</TD>
    <TD>0.05</TD>
    <TD>0.0</TD>
  </TR>
  <TR>
    <TD>4737.0</TD>
    <TD>240.9757</TD>
    <TD>54.98106</TD>
    <TD>1510.475</TD>
    <TD>2887.539</TD>
    <TD>25.1899</TD>
    <TD>0.2169</TD>
    <TD>25.1525</TD>
    <TD>0.4042</TD>
    <TD>25.1525</TD>
    <TD>0.4042</TD>
    <TD>0.48</TD>
  </TR>
  <TR>
    <TD>4738.0</TD>
    <TD>240.9744</TD>
    <TD>55.07229</TD>
    <TD>510.603</TD>
    <TD>2909.907</TD>
    <TD>21.854</TD>
    <TD>0.0463</TD>
    <TD>21.7537</TD>
    <TD>0.0697</TD>
    <TD>21.7537</TD>
    <TD>0.0697</TD>
    <TD>0.0</TD>
  </TR>
  <TR>
    <TD>4739.0</TD>
    <TD>240.9768</TD>
    <TD>55.02697</TD>
    <TD>1008.327</TD>
    <TD>2887.658</TD>
    <TD>26.1726</TD>
    <TD>0.4542</TD>
    <TD>25.0023</TD>
    <TD>0.5246</TD>
    <TD>25.0023</TD>
    <TD>0.5246</TD>
    <TD>0.39</TD>
  </TR>
  <TR>
    <TD>4740.0</TD>
    <TD>240.9682</TD>
    <TD>55.06979</TD>
    <TD>538.728</TD>
    <TD>2948.356</TD>
    <TD>19.2282</TD>
    <TD>0.0101</TD>
    <TD>19.171</TD>
    <TD>0.0124</TD>
    <TD>19.171</TD>
    <TD>0.0124</TD>
    <TD>0.03</TD>
  </TR>
  <TR>
    <TD>4741.0</TD>
    <TD>240.9703</TD>
    <TD>54.94564</TD>
    <TD>1896.965</TD>
    <TD>2915.11</TD>
    <TD>21.9464</TD>
    <TD>0.0486</TD>
    <TD>21.7482</TD>
    <TD>0.0734</TD>
    <TD>21.7482</TD>
    <TD>0.0734</TD>
    <TD>0.0</TD>
  </TR>
  <TR>
    <TD>4742.0</TD>
    <TD>240.9709</TD>
    <TD>55.05829</TD>
    <TD>665.013</TD>
    <TD>2929.641</TD>
    <TD>21.0271</TD>
    <TD>0.0311</TD>
    <TD>20.9486</TD>
    <TD>0.0409</TD>
    <TD>20.9486</TD>
    <TD>0.0409</TD>
    <TD>0.0</TD>
  </TR>
  <TR>
    <TD>4743.0</TD>
    <TD>240.9682</TD>
    <TD>55.00782</TD>
    <TD>1218.868</TD>
    <TD>2938.382</TD>
    <TD>18.2854</TD>
    <TD>0.0045</TD>
    <TD>18.2916</TD>
    <TD>0.0046</TD>
    <TD>18.2916</TD>
    <TD>0.0046</TD>
    <TD>0.03</TD>
  </TR>
  <TR>
    <TD>4744.0</TD>
    <TD>240.9732</TD>
    <TD>55.01271</TD>
    <TD>1164.886</TD>
    <TD>2907.718</TD>
    <TD>22.7561</TD>
    <TD>0.071</TD>
    <TD>22.4375</TD>
    <TD>0.1163</TD>
    <TD>22.4375</TD>
    <TD>0.1163</TD>
    <TD>0.86</TD>
  </TR>
  <TR>
    <TD>4745.0</TD>
    <TD>240.9774</TD>
    <TD>55.09181</TD>
    <TD>294.899</TD>
    <TD>2894.72</TD>
    <TD>24.4207</TD>
    <TD>0.1423</TD>
    <TD>24.6084</TD>
    <TD>0.247</TD>
    <TD>24.6084</TD>
    <TD>0.247</TD>
    <TD>0.69</TD>
  </TR>
  <TR>
    <TD>4746.0</TD>
    <TD>240.9759</TD>
    <TD>55.02684</TD>
    <TD>1009.785</TD>
    <TD>2893.593</TD>
    <TD>25.3406</TD>
    <TD>0.2746</TD>
    <TD>24.4425</TD>
    <TD>0.3805</TD>
    <TD>24.4425</TD>
    <TD>0.3805</TD>
    <TD>0.48</TD>
  </TR>
  <TR>
    <TD>4747.0</TD>
    <TD>240.9761</TD>
    <TD>55.05105</TD>
    <TD>744.152</TD>
    <TD>2895.897</TD>
    <TD>24.233</TD>
    <TD>0.1283</TD>
    <TD>24.2362</TD>
    <TD>0.1918</TD>
    <TD>24.2362</TD>
    <TD>0.1918</TD>
    <TD>0.83</TD>
  </TR>
  <TR>
    <TD>4748.0</TD>
    <TD>240.975</TD>
    <TD>55.00637</TD>
    <TD>1234.006</TD>
    <TD>2895.78</TD>
    <TD>25.8427</TD>
    <TD>0.3872</TD>
    <TD>24.9432</TD>
    <TD>0.3024</TD>
    <TD>24.9432</TD>
    <TD>0.3024</TD>
    <TD>0.35</TD>
  </TR>
  <TR>
    <TD>4749.0</TD>
    <TD>240.9754</TD>
    <TD>55.0373</TD>
    <TD>895.186</TD>
    <TD>2898.274</TD>
    <TD>24.9145</TD>
    <TD>0.2047</TD>
    <TD>24.6121</TD>
    <TD>0.2325</TD>
    <TD>24.6121</TD>
    <TD>0.2325</TD>
    <TD>0.58</TD>
  </TR>
  <TR>
    <TD>4750.0</TD>
    <TD>240.9738</TD>
    <TD>55.02376</TD>
    <TD>1043.81</TD>
    <TD>2905.824</TD>
    <TD>24.0087</TD>
    <TD>0.1485</TD>
    <TD>22.7884</TD>
    <TD>0.1629</TD>
    <TD>23.5749</TD>
    <TD>0.1498</TD>
    <TD>0.03</TD>
  </TR>
  <TR>
    <TD>4751.0</TD>
    <TD>240.9766</TD>
    <TD>55.07434</TD>
    <TD>487.803</TD>
    <TD>2896.417</TD>
    <TD>25.3867</TD>
    <TD>0.2861</TD>
    <TD>24.7976</TD>
    <TD>0.3778</TD>
    <TD>24.7976</TD>
    <TD>0.3778</TD>
    <TD>0.36</TD>
  </TR>
  <TR>
    <TD>4752.0</TD>
    <TD>240.9739</TD>
    <TD>54.99731</TD>
    <TD>1333.201</TD>
    <TD>2901.316</TD>
    <TD>25.2841</TD>
    <TD>0.2843</TD>
    <TD>24.329</TD>
    <TD>0.4897</TD>
    <TD>24.329</TD>
    <TD>0.4897</TD>
    <TD>0.45</TD>
  </TR>
  <TR>
    <TD>4753.0</TD>
    <TD>240.9735</TD>
    <TD>55.0836</TD>
    <TD>386.018</TD>
    <TD>2917.732</TD>
    <TD>23.5481</TD>
    <TD>0.1223</TD>
    <TD>22.9685</TD>
    <TD>0.1801</TD>
    <TD>23.0781</TD>
    <TD>0.1222</TD>
    <TD>0.36</TD>
  </TR>
  <TR>
    <TD>4754.0</TD>
    <TD>240.9453</TD>
    <TD>55.11389</TD>
    <TD>53.881</TD>
    <TD>3098.348</TD>
    <TD>14.6387</TD>
    <TD>6.0E-4</TD>
    <TD>14.6677</TD>
    <TD>5.0E-4</TD>
    <TD>14.6677</TD>
    <TD>5.0E-4</TD>
    <TD>0.95</TD>
  </TR>
  <TR>
    <TD>4755.0</TD>
    <TD>240.9724</TD>
    <TD>54.99154</TD>
    <TD>1396.378</TD>
    <TD>2909.178</TD>
    <TD>24.5146</TD>
    <TD>0.2057</TD>
    <TD>23.5052</TD>
    <TD>0.2651</TD>
    <TD>23.5052</TD>
    <TD>0.2651</TD>
    <TD>0.36</TD>
  </TR>
  <TR>
    <TD>4756.0</TD>
    <TD>240.9762</TD>
    <TD>55.10596</TD>
    <TD>138.67</TD>
    <TD>2904.276</TD>
    <TD>25.7748</TD>
    <TD>0.3185</TD>
    <TD>24.9925</TD>
    <TD>0.3896</TD>
    <TD>24.9925</TD>
    <TD>0.3896</TD>
    <TD>0.4</TD>
  </TR>
  <TR>
    <TD>4757.0</TD>
    <TD>240.9737</TD>
    <TD>55.10441</TD>
    <TD>156.032</TD>
    <TD>2919.885</TD>
    <TD>23.1691</TD>
    <TD>0.1048</TD>
    <TD>22.6633</TD>
    <TD>0.1828</TD>
    <TD>22.6633</TD>
    <TD>0.1828</TD>
    <TD>0.01</TD>
  </TR>
  <TR>
    <TD>4758.0</TD>
    <TD>240.972</TD>
    <TD>55.07481</TD>
    <TD>483.038</TD>
    <TD>2925.597</TD>
    <TD>22.7136</TD>
    <TD>0.0818</TD>
    <TD>22.4337</TD>
    <TD>0.1588</TD>
    <TD>22.4337</TD>
    <TD>0.1588</TD>
    <TD>0.0</TD>
  </TR>
  <TR>
    <TD>4759.0</TD>
    <TD>240.9716</TD>
    <TD>55.00896</TD>
    <TD>1206.039</TD>
    <TD>2917.546</TD>
    <TD>23.5785</TD>
    <TD>0.0901</TD>
    <TD>23.5249</TD>
    <TD>0.1278</TD>
    <TD>23.5249</TD>
    <TD>0.1278</TD>
    <TD>0.7</TD>
  </TR>
  <TR>
    <TD>4760.0</TD>
    <TD>240.965</TD>
    <TD>55.06109</TD>
    <TD>634.803</TD>
    <TD>2966.994</TD>
    <TD>19.3254</TD>
    <TD>0.0103</TD>
    <TD>19.2934</TD>
    <TD>0.012</TD>
    <TD>19.264</TD>
    <TD>0.0105</TD>
    <TD>0.03</TD>
  </TR>
  <TR>
    <TD>4761.0</TD>
    <TD>240.9731</TD>
    <TD>55.00723</TD>
    <TD>1224.817</TD>
    <TD>2907.377</TD>
    <TD>25.4225</TD>
    <TD>0.2953</TD>
    <TD>24.8376</TD>
    <TD>0.6615</TD>
    <TD>24.8376</TD>
    <TD>0.6615</TD>
    <TD>0.44</TD>
  </TR>
  <TR>
    <TD>4762.0</TD>
    <TD>240.974</TD>
    <TD>55.09534</TD>
    <TD>256.288</TD>
    <TD>2916.345</TD>
    <TD>24.3637</TD>
    <TD>0.1731</TD>
    <TD>23.8645</TD>
    <TD>0.2029</TD>
    <TD>23.8645</TD>
    <TD>0.2029</TD>
    <TD>0.8</TD>
  </TR>
  <TR>
    <TD>4763.0</TD>
    <TD>240.9743</TD>
    <TD>55.06905</TD>
    <TD>546.32</TD>
    <TD>2910.302</TD>
    <TD>26.2147</TD>
    <TD>0.4717</TD>
    <TD>24.3702</TD>
    <TD>0.2947</TD>
    <TD>24.3702</TD>
    <TD>0.2947</TD>
    <TD>0.36</TD>
  </TR>
  <TR>
    <TD>4764.0</TD>
    <TD>240.967</TD>
    <TD>54.96436</TD>
    <TD>1693.443</TD>
    <TD>2938.483</TD>
    <TD>21.8743</TD>
    <TD>0.0519</TD>
    <TD>21.5233</TD>
    <TD>0.0685</TD>
    <TD>21.5233</TD>
    <TD>0.0685</TD>
    <TD>0.32</TD>
  </TR>
  <TR>
    <TD>4765.0</TD>
    <TD>240.974</TD>
    <TD>55.08955</TD>
    <TD>320.222</TD>
    <TD>2915.399</TD>
    <TD>24.2561</TD>
    <TD>0.1512</TD>
    <TD>24.1871</TD>
    <TD>0.232</TD>
    <TD>24.1871</TD>
    <TD>0.232</TD>
    <TD>0.68</TD>
  </TR>
  <TR>
    <TD>4766.0</TD>
    <TD>240.9738</TD>
    <TD>55.06808</TD>
    <TD>556.967</TD>
    <TD>2913.333</TD>
    <TD>25.0324</TD>
    <TD>0.2442</TD>
    <TD>24.9834</TD>
    <TD>0.3467</TD>
    <TD>24.9834</TD>
    <TD>0.3467</TD>
    <TD>0.78</TD>
  </TR>
  <TR>
    <TD>4767.0</TD>
    <TD>240.9519</TD>
    <TD>54.96823</TD>
    <TD>1652.698</TD>
    <TD>3033.309</TD>
    <TD>17.3404</TD>
    <TD>0.0026</TD>
    <TD>17.3607</TD>
    <TD>0.0024</TD>
    <TD>17.3607</TD>
    <TD>0.0024</TD>
    <TD>0.09</TD>
  </TR>
  <TR>
    <TD>4768.0</TD>
    <TD>240.9731</TD>
    <TD>55.0834</TD>
    <TD>388.194</TD>
    <TD>2920.225</TD>
    <TD>24.414</TD>
    <TD>0.188</TD>
    <TD>23.1154</TD>
    <TD>0.2265</TD>
    <TD>23.8715</TD>
    <TD>0.1836</TD>
    <TD>0.49</TD>
  </TR>
  <TR>
    <TD>4769.0</TD>
    <TD>240.9661</TD>
    <TD>55.01815</TD>
    <TD>1105.957</TD>
    <TD>2952.913</TD>
    <TD>20.9278</TD>
    <TD>0.0272</TD>
    <TD>20.7307</TD>
    <TD>0.0392</TD>
    <TD>20.7307</TD>
    <TD>0.0392</TD>
    <TD>0.01</TD>
  </TR>
  <TR>
    <TD>4770.0</TD>
    <TD>240.9732</TD>
    <TD>55.04666</TD>
    <TD>792.649</TD>
    <TD>2913.698</TD>
    <TD>25.8067</TD>
    <TD>0.3277</TD>
    <TD>24.9447</TD>
    <TD>0.416</TD>
    <TD>24.9447</TD>
    <TD>0.416</TD>
    <TD>0.37</TD>
  </TR>
  <TR>
    <TD>4771.0</TD>
    <TD>240.9692</TD>
    <TD>55.06246</TD>
    <TD>619.331</TD>
    <TD>2940.896</TD>
    <TD>21.6207</TD>
    <TD>0.0421</TD>
    <TD>21.4023</TD>
    <TD>0.0622</TD>
    <TD>21.4023</TD>
    <TD>0.0622</TD>
    <TD>0.0</TD>
  </TR>
  <TR>
    <TD>4772.0</TD>
    <TD>240.9729</TD>
    <TD>55.04633</TD>
    <TD>796.305</TD>
    <TD>2915.353</TD>
    <TD>26.1169</TD>
    <TD>0.432</TD>
    <TD>25.4987</TD>
    <TD>0.8379</TD>
    <TD>25.4987</TD>
    <TD>0.8379</TD>
    <TD>0.35</TD>
  </TR>
  <TR>
    <TD>4773.0</TD>
    <TD>240.9729</TD>
    <TD>55.08742</TD>
    <TD>343.911</TD>
    <TD>2921.549</TD>
    <TD>24.7623</TD>
    <TD>0.2043</TD>
    <TD>24.2026</TD>
    <TD>0.3028</TD>
    <TD>24.2026</TD>
    <TD>0.3028</TD>
    <TD>0.49</TD>
  </TR>
  <TR>
    <TD>4774.0</TD>
    <TD>240.9695</TD>
    <TD>55.02455</TD>
    <TD>1035.531</TD>
    <TD>2932.815</TD>
    <TD>23.2466</TD>
    <TD>0.1083</TD>
    <TD>22.675</TD>
    <TD>0.1964</TD>
    <TD>22.7376</TD>
    <TD>0.107</TD>
    <TD>0.01</TD>
  </TR>
  <TR>
    <TD>4775.0</TD>
    <TD>240.9722</TD>
    <TD>55.04612</TD>
    <TD>798.663</TD>
    <TD>2919.697</TD>
    <TD>25.7219</TD>
    <TD>0.3039</TD>
    <TD>25.0777</TD>
    <TD>0.3286</TD>
    <TD>25.0777</TD>
    <TD>0.3286</TD>
    <TD>0.36</TD>
  </TR>
  <TR>
    <TD>4776.0</TD>
    <TD>240.9688</TD>
    <TD>55.0916</TD>
    <TD>298.134</TD>
    <TD>2948.242</TD>
    <TD>21.8305</TD>
    <TD>0.0475</TD>
    <TD>21.6183</TD>
    <TD>0.0715</TD>
    <TD>21.6183</TD>
    <TD>0.0715</TD>
    <TD>0.0</TD>
  </TR>
  <TR>
    <TD>4777.0</TD>
    <TD>240.9677</TD>
    <TD>55.01945</TD>
    <TD>1091.553</TD>
    <TD>2943.529</TD>
    <TD>22.1511</TD>
    <TD>0.054</TD>
    <TD>22.0516</TD>
    <TD>0.0861</TD>
    <TD>22.0516</TD>
    <TD>0.0861</TD>
    <TD>0.0</TD>
  </TR>
  <TR>
    <TD>4778.0</TD>
    <TD>240.9686</TD>
    <TD>54.93656</TD>
    <TD>1995.926</TD>
    <TD>2924.106</TD>
    <TD>24.4883</TD>
    <TD>0.1604</TD>
    <TD>24.1804</TD>
    <TD>0.3735</TD>
    <TD>24.1804</TD>
    <TD>0.3735</TD>
    <TD>0.49</TD>
  </TR>
  <TR>
    <TD>4779.0</TD>
    <TD>240.9673</TD>
    <TD>55.0291</TD>
    <TD>985.883</TD>
    <TD>2947.46</TD>
    <TD>22.5561</TD>
    <TD>0.0794</TD>
    <TD>22.4472</TD>
    <TD>0.1285</TD>
    <TD>22.4472</TD>
    <TD>0.1285</TD>
    <TD>0.0</TD>
  </TR>
  <TR>
    <TD>4780.0</TD>
    <TD>240.9725</TD>
    <TD>55.08771</TD>
    <TD>340.671</TD>
    <TD>2924.671</TD>
    <TD>25.9549</TD>
    <TD>0.3738</TD>
    <TD>25.387</TD>
    <TD>0.3118</TD>
    <TD>25.387</TD>
    <TD>0.3118</TD>
    <TD>0.35</TD>
  </TR>
  <TR>
    <TD>4781.0</TD>
    <TD>240.9672</TD>
    <TD>54.9769</TD>
    <TD>1556.738</TD>
    <TD>2939.691</TD>
    <TD>23.7262</TD>
    <TD>0.1483</TD>
    <TD>23.1709</TD>
    <TD>0.2012</TD>
    <TD>23.1709</TD>
    <TD>0.2012</TD>
    <TD>0.21</TD>
  </TR>
  <TR>
    <TD>4782.0</TD>
    <TD>240.9667</TD>
    <TD>55.02345</TD>
    <TD>1047.835</TD>
    <TD>2949.987</TD>
    <TD>23.0691</TD>
    <TD>0.0992</TD>
    <TD>21.8766</TD>
    <TD>0.1258</TD>
    <TD>21.8766</TD>
    <TD>0.1258</TD>
    <TD>0.01</TD>
  </TR>
  <TR>
    <TD>4783.0</TD>
    <TD>240.9685</TD>
    <TD>54.97025</TD>
    <TD>1629.046</TD>
    <TD>2930.446</TD>
    <TD>25.1587</TD>
    <TD>0.2543</TD>
    <TD>24.8621</TD>
    <TD>0.6319</TD>
    <TD>24.8621</TD>
    <TD>0.6319</TD>
    <TD>0.36</TD>
  </TR>
  <TR>
    <TD>4784.0</TD>
    <TD>240.9721</TD>
    <TD>55.10638</TD>
    <TD>134.411</TD>
    <TD>2929.806</TD>
    <TD>24.8413</TD>
    <TD>0.2192</TD>
    <TD>24.1416</TD>
    <TD>0.3021</TD>
    <TD>24.1416</TD>
    <TD>0.3021</TD>
    <TD>0.44</TD>
  </TR>
  <TR>
    <TD>4785.0</TD>
    <TD>240.972</TD>
    <TD>55.08065</TD>
    <TD>418.667</TD>
    <TD>2926.346</TD>
    <TD>26.1977</TD>
    <TD>0.4645</TD>
    <TD>25.2169</TD>
    <TD>0.454</TD>
    <TD>25.2169</TD>
    <TD>0.454</TD>
    <TD>0.35</TD>
  </TR>
  <TR>
    <TD>4786.0</TD>
    <TD>240.97</TD>
    <TD>55.02581</TD>
    <TD>1021.654</TD>
    <TD>2930.087</TD>
    <TD>24.293</TD>
    <TD>0.1425</TD>
    <TD>24.1877</TD>
    <TD>0.1881</TD>
    <TD>24.1877</TD>
    <TD>0.1881</TD>
    <TD>0.65</TD>
  </TR>
  <TR>
    <TD>4787.0</TD>
    <TD>240.9677</TD>
    <TD>54.94214</TD>
    <TD>1935.279</TD>
    <TD>2930.984</TD>
    <TD>25.4375</TD>
    <TD>0.2698</TD>
    <TD>24.3919</TD>
    <TD>0.3389</TD>
    <TD>24.3919</TD>
    <TD>0.3389</TD>
    <TD>0.47</TD>
  </TR>
  <TR>
    <TD>4788.0</TD>
    <TD>240.9674</TD>
    <TD>54.93481</TD>
    <TD>2015.016</TD>
    <TD>2931.226</TD>
    <TD>25.0793</TD>
    <TD>0.2369</TD>
    <TD>23.8119</TD>
    <TD>0.2619</TD>
    <TD>23.8119</TD>
    <TD>0.2619</TD>
    <TD>0.47</TD>
  </TR>
  <TR>
    <TD>4789.0</TD>
    <TD>240.9708</TD>
    <TD>55.05135</TD>
    <TD>741.339</TD>
    <TD>2929.321</TD>
    <TD>26.059</TD>
    <TD>0.4102</TD>
    <TD>24.9388</TD>
    <TD>0.495</TD>
    <TD>24.9388</TD>
    <TD>0.495</TD>
    <TD>0.36</TD>
  </TR>
  <TR>
    <TD>4790.0</TD>
    <TD>240.9713</TD>
    <TD>55.09206</TD>
    <TD>292.813</TD>
    <TD>2932.632</TD>
    <TD>23.8781</TD>
    <TD>0.1491</TD>
    <TD>23.564</TD>
    <TD>0.291</TD>
    <TD>23.564</TD>
    <TD>0.291</TD>
    <TD>0.39</TD>
  </TR>
  <TR>
    <TD>4791.0</TD>
    <TD>240.962</TD>
    <TD>55.05999</TD>
    <TD>647.185</TD>
    <TD>2985.015</TD>
    <TD>20.0387</TD>
    <TD>0.0161</TD>
    <TD>19.9937</TD>
    <TD>0.0198</TD>
    <TD>19.9457</TD>
    <TD>0.0165</TD>
    <TD>0.02</TD>
  </TR>
  <TR>
    <TD>4792.0</TD>
    <TD>240.9674</TD>
    <TD>55.03974</TD>
    <TD>869.133</TD>
    <TD>2948.114</TD>
    <TD>22.8862</TD>
    <TD>0.0913</TD>
    <TD>22.531</TD>
    <TD>0.1209</TD>
    <TD>22.531</TD>
    <TD>0.1209</TD>
    <TD>0.0</TD>
  </TR>
  <TR>
    <TD>4793.0</TD>
    <TD>240.9698</TD>
    <TD>55.03599</TD>
    <TD>910.085</TD>
    <TD>2932.956</TD>
    <TD>23.3683</TD>
    <TD>0.0674</TD>
    <TD>23.2988</TD>
    <TD>0.0874</TD>
    <TD>23.2988</TD>
    <TD>0.0874</TD>
    <TD>0.89</TD>
  </TR>
  <TR>
    <TD>4794.0</TD>
    <TD>240.9695</TD>
    <TD>55.07478</TD>
    <TD>483.59</TD>
    <TD>2940.946</TD>
    <TD>23.9456</TD>
    <TD>0.1442</TD>
    <TD>22.9861</TD>
    <TD>0.217</TD>
    <TD>22.9861</TD>
    <TD>0.217</TD>
    <TD>0.4</TD>
  </TR>
  <TR>
    <TD>4795.0</TD>
    <TD>240.9695</TD>
    <TD>55.0318</TD>
    <TD>956.045</TD>
    <TD>2933.964</TD>
    <TD>24.2142</TD>
    <TD>0.133</TD>
    <TD>24.2823</TD>
    <TD>0.2097</TD>
    <TD>24.2823</TD>
    <TD>0.2097</TD>
    <TD>0.85</TD>
  </TR>
  <TR>
    <TD>4796.0</TD>
    <TD>240.9677</TD>
    <TD>55.01271</TD>
    <TD>1165.343</TD>
    <TD>2942.071</TD>
    <TD>24.7762</TD>
    <TD>0.2186</TD>
    <TD>23.4672</TD>
    <TD>0.238</TD>
    <TD>23.4672</TD>
    <TD>0.238</TD>
    <TD>0.48</TD>
  </TR>
  <TR>
    <TD>4797.0</TD>
    <TD>240.9678</TD>
    <TD>54.98246</TD>
    <TD>1496.0</TD>
    <TD>2936.616</TD>
    <TD>23.556</TD>
    <TD>0.0853</TD>
    <TD>23.5648</TD>
    <TD>0.1219</TD>
    <TD>23.5648</TD>
    <TD>0.1219</TD>
    <TD>0.77</TD>
  </TR>
  <TR>
    <TD>4798.0</TD>
    <TD>240.9711</TD>
    <TD>55.08209</TD>
    <TD>402.829</TD>
    <TD>2932.382</TD>
    <TD>25.6397</TD>
    <TD>0.3587</TD>
    <TD>24.647</TD>
    <TD>0.3173</TD>
    <TD>24.647</TD>
    <TD>0.3173</TD>
    <TD>0.36</TD>
  </TR>
  <TR>
    <TD>4799.0</TD>
    <TD>240.9654</TD>
    <TD>55.01584</TD>
    <TD>1131.396</TD>
    <TD>2957.137</TD>
    <TD>21.815</TD>
    <TD>0.0466</TD>
    <TD>21.5991</TD>
    <TD>0.0629</TD>
    <TD>21.5991</TD>
    <TD>0.0629</TD>
    <TD>0.0</TD>
  </TR>
  <TR>
    <TD>4800.0</TD>
    <TD>240.9716</TD>
    <TD>55.10052</TD>
    <TD>199.319</TD>
    <TD>2932.354</TD>
    <TD>25.4637</TD>
    <TD>0.2421</TD>
    <TD>25.6666</TD>
    <TD>0.4009</TD>
    <TD>25.6666</TD>
    <TD>0.4009</TD>
    <TD>0.38</TD>
  </TR>
  <TR>
    <TD>4801.0</TD>
    <TD>240.96</TD>
    <TD>55.03171</TD>
    <TD>957.99</TD>
    <TD>2993.197</TD>
    <TD>20.4851</TD>
    <TD>0.0238</TD>
    <TD>20.3973</TD>
    <TD>0.0361</TD>
    <TD>20.3973</TD>
    <TD>0.0361</TD>
    <TD>0.0</TD>
  </TR>
  <TR>
    <TD>4802.0</TD>
    <TD>240.9677</TD>
    <TD>55.02296</TD>
    <TD>1053.194</TD>
    <TD>2943.487</TD>
    <TD>24.7538</TD>
    <TD>0.2142</TD>
    <TD>23.5086</TD>
    <TD>0.2894</TD>
    <TD>23.5086</TD>
    <TD>0.2894</TD>
    <TD>0.55</TD>
  </TR>
  <TR>
    <TD>4803.0</TD>
    <TD>240.9709</TD>
    <TD>55.11814</TD>
    <TD>4.247</TD>
    <TD>2939.008</TD>
    <TD>25.6936</TD>
    <TD>0.3388</TD>
    <TD>24.912</TD>
    <TD>0.325</TD>
    <TD>24.912</TD>
    <TD>0.325</TD>
    <TD>0.37</TD>
  </TR>
  <TR>
    <TD>4804.0</TD>
    <TD>240.9669</TD>
    <TD>55.01287</TD>
    <TD>1163.693</TD>
    <TD>2947.009</TD>
    <TD>24.3695</TD>
    <TD>0.1807</TD>
    <TD>23.3752</TD>
    <TD>0.2362</TD>
    <TD>23.3752</TD>
    <TD>0.2362</TD>
    <TD>0.26</TD>
  </TR>
  <TR>
    <TD>4805.0</TD>
    <TD>240.9659</TD>
    <TD>55.03909</TD>
    <TD>876.482</TD>
    <TD>2957.515</TD>
    <TD>23.7113</TD>
    <TD>0.1338</TD>
    <TD>22.9091</TD>
    <TD>0.2156</TD>
    <TD>22.9091</TD>
    <TD>0.2156</TD>
    <TD>0.67</TD>
  </TR>
  <TR>
    <TD>4806.0</TD>
    <TD>240.9648</TD>
    <TD>54.9809</TD>
    <TD>1513.281</TD>
    <TD>2955.002</TD>
    <TD>24.1677</TD>
    <TD>0.1663</TD>
    <TD>23.4464</TD>
    <TD>0.2083</TD>
    <TD>23.4464</TD>
    <TD>0.2083</TD>
    <TD>0.46</TD>
  </TR>
  <TR>
    <TD>4807.0</TD>
    <TD>240.9663</TD>
    <TD>54.95176</TD>
    <TD>1830.673</TD>
    <TD>2940.678</TD>
    <TD>25.8293</TD>
    <TD>0.3343</TD>
    <TD>25.2868</TD>
    <TD>0.3971</TD>
    <TD>25.2868</TD>
    <TD>0.3971</TD>
    <TD>0.36</TD>
  </TR>
  <TR>
    <TD>4808.0</TD>
    <TD>240.9681</TD>
    <TD>55.03335</TD>
    <TD>939.201</TD>
    <TD>2942.99</TD>
    <TD>25.1657</TD>
    <TD>0.2559</TD>
    <TD>24.9769</TD>
    <TD>0.3649</TD>
    <TD>24.9769</TD>
    <TD>0.3649</TD>
    <TD>0.4</TD>
  </TR>
  <TR>
    <TD>4809.0</TD>
    <TD>240.9696</TD>
    <TD>55.07734</TD>
    <TD>455.342</TD>
    <TD>2940.674</TD>
    <TD>25.9016</TD>
    <TD>0.3565</TD>
    <TD>25.4871</TD>
    <TD>0.6693</TD>
    <TD>25.4871</TD>
    <TD>0.6693</TD>
    <TD>0.39</TD>
  </TR>
  <TR>
    <TD>4810.0</TD>
    <TD>240.9665</TD>
    <TD>55.03022</TD>
    <TD>973.712</TD>
    <TD>2952.171</TD>
    <TD>23.6345</TD>
    <TD>0.1298</TD>
    <TD>22.7449</TD>
    <TD>0.1936</TD>
    <TD>23.1206</TD>
    <TD>0.128</TD>
    <TD>0.6</TD>
  </TR>
  <TR>
    <TD>4811.0</TD>
    <TD>240.9443</TD>
    <TD>55.02527</TD>
    <TD>1030.038</TD>
    <TD>3090.039</TD>
    <TD>17.4173</TD>
    <TD>0.0039</TD>
    <TD>17.4335</TD>
    <TD>0.0041</TD>
    <TD>17.4335</TD>
    <TD>0.0041</TD>
    <TD>0.03</TD>
  </TR>
  <TR>
    <TD>4812.0</TD>
    <TD>240.964</TD>
    <TD>55.01482</TD>
    <TD>1142.662</TD>
    <TD>2965.743</TD>
    <TD>21.9404</TD>
    <TD>0.0513</TD>
    <TD>21.7172</TD>
    <TD>0.0822</TD>
    <TD>21.7172</TD>
    <TD>0.0822</TD>
    <TD>0.0</TD>
  </TR>
  <TR>
    <TD>4813.0</TD>
    <TD>240.9671</TD>
    <TD>55.03014</TD>
    <TD>974.479</TD>
    <TD>2948.502</TD>
    <TD>24.3417</TD>
    <TD>0.1825</TD>
    <TD>23.4748</TD>
    <TD>0.2281</TD>
    <TD>23.7901</TD>
    <TD>0.1777</TD>
    <TD>0.44</TD>
  </TR>
  <TR>
    <TD>4814.0</TD>
    <TD>240.9668</TD>
    <TD>55.00901</TD>
    <TD>1205.927</TD>
    <TD>2946.908</TD>
    <TD>24.6907</TD>
    <TD>0.1918</TD>
    <TD>24.6133</TD>
    <TD>0.2694</TD>
    <TD>24.6133</TD>
    <TD>0.2694</TD>
    <TD>0.75</TD>
  </TR>
  <TR>
    <TD>4815.0</TD>
    <TD>240.9664</TD>
    <TD>55.03919</TD>
    <TD>875.324</TD>
    <TD>2954.679</TD>
    <TD>24.0834</TD>
    <TD>0.1672</TD>
    <TD>23.2426</TD>
    <TD>0.2203</TD>
    <TD>23.4403</TD>
    <TD>0.1572</TD>
    <TD>0.63</TD>
  </TR>
  <TR>
    <TD>4816.0</TD>
    <TD>240.9632</TD>
    <TD>54.95302</TD>
    <TD>1817.259</TD>
    <TD>2960.403</TD>
    <TD>23.6926</TD>
    <TD>0.1415</TD>
    <TD>23.384</TD>
    <TD>0.2053</TD>
    <TD>23.384</TD>
    <TD>0.2053</TD>
    <TD>0.02</TD>
  </TR>
  <TR>
    <TD>4817.0</TD>
    <TD>240.951</TD>
    <TD>54.97595</TD>
    <TD>1568.645</TD>
    <TD>3040.248</TD>
    <TD>20.4464</TD>
    <TD>0.0183</TD>
    <TD>20.4138</TD>
    <TD>0.0228</TD>
    <TD>20.4138</TD>
    <TD>0.0228</TD>
    <TD>0.03</TD>
  </TR>
  <TR>
    <TD>4818.0</TD>
    <TD>240.9687</TD>
    <TD>55.11641</TD>
    <TD>23.638</TD>
    <TD>2952.639</TD>
    <TD>23.9279</TD>
    <TD>0.1455</TD>
    <TD>23.3302</TD>
    <TD>0.155</TD>
    <TD>23.3302</TD>
    <TD>0.155</TD>
    <TD>0.62</TD>
  </TR>
  <TR>
    <TD>4819.0</TD>
    <TD>240.9672</TD>
    <TD>55.08694</TD>
    <TD>349.707</TD>
    <TD>2957.328</TD>
    <TD>23.8473</TD>
    <TD>0.1419</TD>
    <TD>23.4785</TD>
    <TD>0.2498</TD>
    <TD>23.4785</TD>
    <TD>0.2498</TD>
    <TD>0.37</TD>
  </TR>
  <TR>
    <TD>4820.0</TD>
    <TD>240.9589</TD>
    <TD>54.94293</TD>
    <TD>1927.549</TD>
    <TD>2985.699</TD>
    <TD>20.8187</TD>
    <TD>0.0245</TD>
    <TD>20.7251</TD>
    <TD>0.0313</TD>
    <TD>20.7251</TD>
    <TD>0.0313</TD>
    <TD>0.01</TD>
  </TR>
  <TR>
    <TD>4821.0</TD>
    <TD>240.9663</TD>
    <TD>55.08976</TD>
    <TD>318.706</TD>
    <TD>2963.606</TD>
    <TD>24.4581</TD>
    <TD>0.1955</TD>
    <TD>23.4386</TD>
    <TD>0.2503</TD>
    <TD>23.4386</TD>
    <TD>0.2503</TD>
    <TD>0.45</TD>
  </TR>
  <TR>
    <TD>4822.0</TD>
    <TD>240.9675</TD>
    <TD>55.08458</TD>
    <TD>375.796</TD>
    <TD>2955.173</TD>
    <TD>25.4362</TD>
    <TD>0.299</TD>
    <TD>24.8719</TD>
    <TD>0.3227</TD>
    <TD>24.8719</TD>
    <TD>0.3227</TD>
    <TD>0.39</TD>
  </TR>
  <TR>
    <TD>4823.0</TD>
    <TD>240.9659</TD>
    <TD>54.99725</TD>
    <TD>1334.655</TD>
    <TD>2950.675</TD>
    <TD>26.2366</TD>
    <TD>0.481</TD>
    <TD>25.0885</TD>
    <TD>0.3318</TD>
    <TD>25.0885</TD>
    <TD>0.3318</TD>
    <TD>0.36</TD>
  </TR>
  <TR>
    <TD>4824.0</TD>
    <TD>240.9669</TD>
    <TD>55.08723</TD>
    <TD>346.527</TD>
    <TD>2959.017</TD>
    <TD>24.6207</TD>
    <TD>0.209</TD>
    <TD>23.6818</TD>
    <TD>0.2908</TD>
    <TD>24.0493</TD>
    <TD>0.2021</TD>
    <TD>0.49</TD>
  </TR>
  <TR>
    <TD>4825.0</TD>
    <TD>240.968</TD>
    <TD>55.08094</TD>
    <TD>415.819</TD>
    <TD>2951.624</TD>
    <TD>25.5673</TD>
    <TD>0.3362</TD>
    <TD>24.9153</TD>
    <TD>0.2838</TD>
    <TD>24.9153</TD>
    <TD>0.2838</TD>
    <TD>0.35</TD>
  </TR>
  <TR>
    <TD>4826.0</TD>
    <TD>240.9623</TD>
    <TD>55.06209</TD>
    <TD>624.091</TD>
    <TD>2983.575</TD>
    <TD>22.0038</TD>
    <TD>0.0564</TD>
    <TD>21.7741</TD>
    <TD>0.0973</TD>
    <TD>21.6452</TD>
    <TD>0.0579</TD>
    <TD>0.0</TD>
  </TR>
  <TR>
    <TD>4827.0</TD>
    <TD>240.9664</TD>
    <TD>55.02414</TD>
    <TD>1040.352</TD>
    <TD>2952.293</TD>
    <TD>25.9074</TD>
    <TD>0.3583</TD>
    <TD>25.0627</TD>
    <TD>0.3242</TD>
    <TD>25.0627</TD>
    <TD>0.3242</TD>
    <TD>0.36</TD>
  </TR>
  <TR>
    <TD>4828.0</TD>
    <TD>240.9656</TD>
    <TD>55.10658</TD>
    <TD>132.804</TD>
    <TD>2970.693</TD>
    <TD>24.745</TD>
    <TD>0.2336</TD>
    <TD>23.7763</TD>
    <TD>0.273</TD>
    <TD>23.7763</TD>
    <TD>0.273</TD>
    <TD>0.35</TD>
  </TR>
  <TR>
    <TD>4829.0</TD>
    <TD>240.9573</TD>
    <TD>55.00642</TD>
    <TD>1235.154</TD>
    <TD>3005.946</TD>
    <TD>20.1344</TD>
    <TD>0.0197</TD>
    <TD>20.0304</TD>
    <TD>0.0277</TD>
    <TD>20.0304</TD>
    <TD>0.0277</TD>
    <TD>0.0</TD>
  </TR>
  <TR>
    <TD>4830.0</TD>
    <TD>240.9575</TD>
    <TD>54.94538</TD>
    <TD>1901.028</TD>
    <TD>2994.976</TD>
    <TD>20.5716</TD>
    <TD>0.021</TD>
    <TD>20.5091</TD>
    <TD>0.0266</TD>
    <TD>20.5091</TD>
    <TD>0.0266</TD>
    <TD>0.02</TD>
  </TR>
  <TR>
    <TD>4831.0</TD>
    <TD>240.9609</TD>
    <TD>54.97339</TD>
    <TD>1595.524</TD>
    <TD>2977.9</TD>
    <TD>23.0361</TD>
    <TD>0.0942</TD>
    <TD>22.6101</TD>
    <TD>0.1334</TD>
    <TD>22.6101</TD>
    <TD>0.1334</TD>
    <TD>0.0</TD>
  </TR>
  <TR>
    <TD>4832.0</TD>
    <TD>240.9589</TD>
    <TD>55.11231</TD>
    <TD>70.031</TD>
    <TD>3013.093</TD>
    <TD>18.3965</TD>
    <TD>0.0046</TD>
    <TD>18.4019</TD>
    <TD>0.0046</TD>
    <TD>18.4019</TD>
    <TD>0.0046</TD>
    <TD>0.03</TD>
  </TR>
  <TR>
    <TD>4833.0</TD>
    <TD>240.9574</TD>
    <TD>55.07384</TD>
    <TD>495.095</TD>
    <TD>3016.348</TD>
    <TD>19.5179</TD>
    <TD>0.0097</TD>
    <TD>19.5081</TD>
    <TD>0.0106</TD>
    <TD>19.5081</TD>
    <TD>0.0106</TD>
    <TD>0.03</TD>
  </TR>
  <TR>
    <TD>4834.0</TD>
    <TD>240.9555</TD>
    <TD>55.0177</TD>
    <TD>1111.929</TD>
    <TD>3018.972</TD>
    <TD>19.4173</TD>
    <TD>0.0101</TD>
    <TD>19.3932</TD>
    <TD>0.012</TD>
    <TD>19.3932</TD>
    <TD>0.012</TD>
    <TD>0.03</TD>
  </TR>
  <TR>
    <TD>4835.0</TD>
    <TD>240.9665</TD>
    <TD>55.08751</TD>
    <TD>343.481</TD>
    <TD>2961.494</TD>
    <TD>25.4274</TD>
    <TD>0.2674</TD>
    <TD>24.9131</TD>
    <TD>0.3253</TD>
    <TD>24.9131</TD>
    <TD>0.3253</TD>
    <TD>0.45</TD>
  </TR>
  <TR>
    <TD>4836.0</TD>
    <TD>240.9602</TD>
    <TD>54.95131</TD>
    <TD>1836.207</TD>
    <TD>2978.965</TD>
    <TD>23.4667</TD>
    <TD>0.1213</TD>
    <TD>22.9673</TD>
    <TD>0.1622</TD>
    <TD>22.9673</TD>
    <TD>0.1622</TD>
    <TD>0.0</TD>
  </TR>
  <TR>
    <TD>4837.0</TD>
    <TD>240.9645</TD>
    <TD>55.03769</TD>
    <TD>891.919</TD>
    <TD>2965.976</TD>
    <TD>23.7661</TD>
    <TD>0.0945</TD>
    <TD>23.9826</TD>
    <TD>0.1602</TD>
    <TD>23.9826</TD>
    <TD>0.1602</TD>
    <TD>0.69</TD>
  </TR>
  <TR>
    <TD>4838.0</TD>
    <TD>240.9649</TD>
    <TD>55.02154</TD>
    <TD>1069.005</TD>
    <TD>2961.0</TD>
    <TD>26.1049</TD>
    <TD>0.4274</TD>
    <TD>25.4877</TD>
    <TD>0.6557</TD>
    <TD>25.4877</TD>
    <TD>0.6557</TD>
    <TD>0.43</TD>
  </TR>
  <TR>
    <TD>4839.0</TD>
    <TD>240.9628</TD>
    <TD>55.00657</TD>
    <TD>1233.031</TD>
    <TD>2971.941</TD>
    <TD>23.8991</TD>
    <TD>0.1453</TD>
    <TD>23.4771</TD>
    <TD>0.282</TD>
    <TD>23.4771</TD>
    <TD>0.282</TD>
    <TD>0.27</TD>
  </TR>
  <TR>
    <TD>4840.0</TD>
    <TD>240.9556</TD>
    <TD>55.05881</TD>
    <TD>660.791</TD>
    <TD>3024.931</TD>
    <TD>19.4012</TD>
    <TD>0.011</TD>
    <TD>19.3725</TD>
    <TD>0.0133</TD>
    <TD>19.3725</TD>
    <TD>0.0133</TD>
    <TD>0.03</TD>
  </TR>
  <TR>
    <TD>4841.0</TD>
    <TD>240.9612</TD>
    <TD>55.03285</TD>
    <TD>945.405</TD>
    <TD>2985.799</TD>
    <TD>22.3578</TD>
    <TD>0.0691</TD>
    <TD>22.0825</TD>
    <TD>0.111</TD>
    <TD>21.9327</TD>
    <TD>0.0699</TD>
    <TD>0.0</TD>
  </TR>
  <TR>
    <TD>4842.0</TD>
    <TD>240.9661</TD>
    <TD>55.11428</TD>
    <TD>47.474</TD>
    <TD>2968.504</TD>
    <TD>25.392</TD>
    <TD>0.2592</TD>
    <TD>25.0265</TD>
    <TD>0.3137</TD>
    <TD>25.0265</TD>
    <TD>0.3137</TD>
    <TD>0.36</TD>
  </TR>
  <TR>
    <TD>4843.0</TD>
    <TD>240.963</TD>
    <TD>55.04065</TD>
    <TD>859.594</TD>
    <TD>2975.863</TD>
    <TD>24.4559</TD>
    <TD>0.2088</TD>
    <TD>23.6733</TD>
    <TD>0.3155</TD>
    <TD>23.6193</TD>
    <TD>0.1791</TD>
    <TD>0.48</TD>
  </TR>
  <TR>
    <TD>4844.0</TD>
    <TD>240.9589</TD>
    <TD>55.06781</TD>
    <TD>561.405</TD>
    <TD>3005.694</TD>
    <TD>21.379</TD>
    <TD>0.0412</TD>
    <TD>21.2599</TD>
    <TD>0.055</TD>
    <TD>21.2599</TD>
    <TD>0.055</TD>
    <TD>0.0</TD>
  </TR>
  <TR>
    <TD>4845.0</TD>
    <TD>240.9627</TD>
    <TD>55.02034</TD>
    <TD>1082.363</TD>
    <TD>2974.486</TD>
    <TD>24.1541</TD>
    <TD>0.1737</TD>
    <TD>23.2102</TD>
    <TD>0.2787</TD>
    <TD>23.2102</TD>
    <TD>0.2787</TD>
    <TD>0.47</TD>
  </TR>
  <TR>
    <TD>4846.0</TD>
    <TD>240.9621</TD>
    <TD>54.97403</TD>
    <TD>1588.493</TD>
    <TD>2970.502</TD>
    <TD>25.5977</TD>
    <TD>0.3111</TD>
    <TD>24.2645</TD>
    <TD>0.3656</TD>
    <TD>24.2645</TD>
    <TD>0.3656</TD>
    <TD>0.35</TD>
  </TR>
  <TR>
    <TD>4847.0</TD>
    <TD>240.9288</TD>
    <TD>54.93273</TD>
    <TD>2041.295</TD>
    <TD>3171.043</TD>
    <TD>17.3168</TD>
    <TD>0.0033</TD>
    <TD>17.322</TD>
    <TD>0.0035</TD>
    <TD>17.322</TD>
    <TD>0.0035</TD>
    <TD>0.03</TD>
  </TR>
  <TR>
    <TD>4848.0</TD>
    <TD>240.9622</TD>
    <TD>55.04079</TD>
    <TD>858.169</TD>
    <TD>2980.68</TD>
    <TD>24.0307</TD>
    <TD>0.1595</TD>
    <TD>22.9321</TD>
    <TD>0.2033</TD>
    <TD>22.9321</TD>
    <TD>0.2033</TD>
    <TD>0.08</TD>
  </TR>
  <TR>
    <TD>4849.0</TD>
    <TD>240.9604</TD>
    <TD>55.04176</TD>
    <TD>847.624</TD>
    <TD>2992.261</TD>
    <TD>23.3255</TD>
    <TD>0.1132</TD>
    <TD>22.4343</TD>
    <TD>0.1557</TD>
    <TD>22.4343</TD>
    <TD>0.1557</TD>
    <TD>0.0</TD>
  </TR>
  <TR>
    <TD>4850.0</TD>
    <TD>240.9452</TD>
    <TD>55.01003</TD>
    <TD>1196.817</TD>
    <TD>3081.977</TD>
    <TD>16.1143</TD>
    <TD>0.0013</TD>
    <TD>16.1468</TD>
    <TD>0.0012</TD>
    <TD>16.1468</TD>
    <TD>0.0012</TD>
    <TD>0.41</TD>
  </TR>
  <TR>
    <TD>4851.0</TD>
    <TD>240.963</TD>
    <TD>55.0302</TD>
    <TD>974.307</TD>
    <TD>2974.365</TD>
    <TD>25.498</TD>
    <TD>0.2495</TD>
    <TD>25.218</TD>
    <TD>0.3731</TD>
    <TD>25.218</TD>
    <TD>0.3731</TD>
    <TD>0.42</TD>
  </TR>
  <TR>
    <TD>4852.0</TD>
    <TD>240.9614</TD>
    <TD>54.97414</TD>
    <TD>1587.324</TD>
    <TD>2975.318</TD>
    <TD>25.7736</TD>
    <TD>0.3182</TD>
    <TD>24.5721</TD>
    <TD>0.4079</TD>
    <TD>24.5721</TD>
    <TD>0.4079</TD>
    <TD>0.42</TD>
  </TR>
  <TR>
    <TD>4853.0</TD>
    <TD>240.9545</TD>
    <TD>54.99844</TD>
    <TD>1322.679</TD>
    <TD>3022.139</TD>
    <TD>20.8369</TD>
    <TD>0.0278</TD>
    <TD>20.677</TD>
    <TD>0.0395</TD>
    <TD>20.677</TD>
    <TD>0.0395</TD>
    <TD>0.0</TD>
  </TR>
  <TR>
    <TD>4854.0</TD>
    <TD>240.9635</TD>
    <TD>55.05695</TD>
    <TD>680.464</TD>
    <TD>2975.534</TD>
    <TD>25.1821</TD>
    <TD>0.2154</TD>
    <TD>25.4227</TD>
    <TD>0.4492</TD>
    <TD>25.4227</TD>
    <TD>0.4492</TD>
    <TD>0.59</TD>
  </TR>
  <TR>
    <TD>4855.0</TD>
    <TD>240.9645</TD>
    <TD>55.10184</TD>
    <TD>185.342</TD>
    <TD>2976.308</TD>
    <TD>25.8038</TD>
    <TD>0.3268</TD>
    <TD>25.2667</TD>
    <TD>0.5002</TD>
    <TD>25.2667</TD>
    <TD>0.5002</TD>
    <TD>0.38</TD>
  </TR>
  <TR>
    <TD>4856.0</TD>
    <TD>240.9591</TD>
    <TD>55.03558</TD>
    <TD>915.575</TD>
    <TD>2999.418</TD>
    <TD>21.9842</TD>
    <TD>0.0502</TD>
    <TD>21.8641</TD>
    <TD>0.0758</TD>
    <TD>21.8641</TD>
    <TD>0.0758</TD>
    <TD>0.0</TD>
  </TR>
  <TR>
    <TD>4857.0</TD>
    <TD>240.9635</TD>
    <TD>55.07613</TD>
    <TD>469.332</TD>
    <TD>2978.682</TD>
    <TD>26.0036</TD>
    <TD>0.3904</TD>
    <TD>24.862</TD>
    <TD>0.4149</TD>
    <TD>24.862</TD>
    <TD>0.4149</TD>
    <TD>0.4</TD>
  </TR>
  <TR>
    <TD>4858.0</TD>
    <TD>240.9637</TD>
    <TD>55.10313</TD>
    <TD>171.223</TD>
    <TD>2982.019</TD>
    <TD>25.4151</TD>
    <TD>0.2645</TD>
    <TD>24.3427</TD>
    <TD>0.3205</TD>
    <TD>24.3427</TD>
    <TD>0.3205</TD>
    <TD>0.47</TD>
  </TR>
  <TR>
    <TD>4859.0</TD>
    <TD>240.9619</TD>
    <TD>55.08923</TD>
    <TD>324.931</TD>
    <TD>2990.438</TD>
    <TD>24.5152</TD>
    <TD>0.1902</TD>
    <TD>23.917</TD>
    <TD>0.3564</TD>
    <TD>23.917</TD>
    <TD>0.3564</TD>
    <TD>0.48</TD>
  </TR>
  <TR>
    <TD>4860.0</TD>
    <TD>240.9599</TD>
    <TD>55.01925</TD>
    <TD>1094.515</TD>
    <TD>2991.491</TD>
    <TD>24.0012</TD>
    <TD>0.1629</TD>
    <TD>23.4109</TD>
    <TD>0.1872</TD>
    <TD>23.4109</TD>
    <TD>0.1872</TD>
    <TD>0.12</TD>
  </TR>
  <TR>
    <TD>4861.0</TD>
    <TD>240.9597</TD>
    <TD>55.07868</TD>
    <TD>441.61</TD>
    <TD>3002.728</TD>
    <TD>23.6793</TD>
    <TD>0.1301</TD>
    <TD>22.6626</TD>
    <TD>0.1801</TD>
    <TD>22.6626</TD>
    <TD>0.1801</TD>
    <TD>0.41</TD>
  </TR>
  <TR>
    <TD>4862.0</TD>
    <TD>240.9508</TD>
    <TD>54.97806</TD>
    <TD>1545.553</TD>
    <TD>3041.662</TD>
    <TD>18.0893</TD>
    <TD>0.0040</TD>
    <TD>18.1039</TD>
    <TD>0.0039</TD>
    <TD>18.1039</TD>
    <TD>0.0039</TD>
    <TD>0.03</TD>
  </TR>
  <TR>
    <TD>4863.0</TD>
    <TD>240.9594</TD>
    <TD>55.01886</TD>
    <TD>1098.858</TD>
    <TD>2994.621</TD>
    <TD>24.316</TD>
    <TD>0.1954</TD>
    <TD>23.0308</TD>
    <TD>0.23</TD>
    <TD>23.4874</TD>
    <TD>0.1683</TD>
    <TD>0.31</TD>
  </TR>
  <TR>
    <TD>4864.0</TD>
    <TD>240.956</TD>
    <TD>54.99527</TD>
    <TD>1357.225</TD>
    <TD>3012.188</TD>
    <TD>21.3036</TD>
    <TD>0.0311</TD>
    <TD>21.2085</TD>
    <TD>0.0472</TD>
    <TD>21.2085</TD>
    <TD>0.0472</TD>
    <TD>0.01</TD>
  </TR>
  <TR>
    <TD>4865.0</TD>
    <TD>240.9458</TD>
    <TD>54.94262</TD>
    <TD>1932.097</TD>
    <TD>3066.921</TD>
    <TD>18.3597</TD>
    <TD>0.0064</TD>
    <TD>18.3492</TD>
    <TD>0.0071</TD>
    <TD>18.3492</TD>
    <TD>0.0071</TD>
    <TD>0.03</TD>
  </TR>
  <TR>
    <TD>4866.0</TD>
    <TD>240.9591</TD>
    <TD>55.0883</TD>
    <TD>335.471</TD>
    <TD>3008.059</TD>
    <TD>23.061</TD>
    <TD>0.0952</TD>
    <TD>22.8475</TD>
    <TD>0.1866</TD>
    <TD>22.8475</TD>
    <TD>0.1866</TD>
    <TD>0.1</TD>
  </TR>
  <TR>
    <TD>4867.0</TD>
    <TD>240.9599</TD>
    <TD>55.07174</TD>
    <TD>518.002</TD>
    <TD>3000.419</TD>
    <TD>23.5265</TD>
    <TD>0.1199</TD>
    <TD>22.9318</TD>
    <TD>0.1962</TD>
    <TD>22.9318</TD>
    <TD>0.1962</TD>
    <TD>0.05</TD>
  </TR>
  <TR>
    <TD>4868.0</TD>
    <TD>240.959</TD>
    <TD>54.97062</TD>
    <TD>1625.98</TD>
    <TD>2989.487</TD>
    <TD>25.7282</TD>
    <TD>0.3495</TD>
    <TD>24.9446</TD>
    <TD>0.4078</TD>
    <TD>24.9446</TD>
    <TD>0.4078</TD>
    <TD>0.36</TD>
  </TR>
  <TR>
    <TD>4869.0</TD>
    <TD>240.961</TD>
    <TD>55.06418</TD>
    <TD>601.148</TD>
    <TD>2991.977</TD>
    <TD>24.7687</TD>
    <TD>0.2281</TD>
    <TD>24.2267</TD>
    <TD>0.3401</TD>
    <TD>24.2267</TD>
    <TD>0.3401</TD>
    <TD>0.49</TD>
  </TR>
  <TR>
    <TD>4870.0</TD>
    <TD>240.9618</TD>
    <TD>55.09676</TD>
    <TD>241.754</TD>
    <TD>2992.781</TD>
    <TD>25.6528</TD>
    <TD>0.3267</TD>
    <TD>24.471</TD>
    <TD>0.4048</TD>
    <TD>24.471</TD>
    <TD>0.4048</TD>
    <TD>0.36</TD>
  </TR>
  <TR>
    <TD>4871.0</TD>
    <TD>240.9617</TD>
    <TD>55.08671</TD>
    <TD>352.796</TD>
    <TD>2991.594</TD>
    <TD>25.3841</TD>
    <TD>0.2854</TD>
    <TD>25.045</TD>
    <TD>0.5147</TD>
    <TD>25.045</TD>
    <TD>0.5147</TD>
    <TD>0.42</TD>
  </TR>
  <TR>
    <TD>4872.0</TD>
    <TD>240.9613</TD>
    <TD>55.08911</TD>
    <TD>326.305</TD>
    <TD>2994.661</TD>
    <TD>24.989</TD>
    <TD>0.2644</TD>
    <TD>23.7957</TD>
    <TD>0.2612</TD>
    <TD>24.1942</TD>
    <TD>0.2317</TD>
    <TD>0.38</TD>
  </TR>
  <TR>
    <TD>4873.0</TD>
    <TD>240.9598</TD>
    <TD>55.09604</TD>
    <TD>249.935</TD>
    <TD>3004.793</TD>
    <TD>24.2621</TD>
    <TD>0.1699</TD>
    <TD>23.5408</TD>
    <TD>0.2596</TD>
    <TD>23.5408</TD>
    <TD>0.2596</TD>
    <TD>0.56</TD>
  </TR>
  <TR>
    <TD>4874.0</TD>
    <TD>240.9569</TD>
    <TD>55.05237</TD>
    <TD>731.414</TD>
    <TD>3015.538</TD>
    <TD>21.8494</TD>
    <TD>0.0471</TD>
    <TD>21.7789</TD>
    <TD>0.0647</TD>
    <TD>21.7789</TD>
    <TD>0.0647</TD>
    <TD>0.0</TD>
  </TR>
  <TR>
    <TD>4875.0</TD>
    <TD>240.9587</TD>
    <TD>54.97921</TD>
    <TD>1532.321</TD>
    <TD>2992.643</TD>
    <TD>26.4466</TD>
    <TD>0.5811</TD>
    <TD>24.9865</TD>
    <TD>0.4322</TD>
    <TD>24.9865</TD>
    <TD>0.4322</TD>
    <TD>0.35</TD>
  </TR>
  <TR>
    <TD>4876.0</TD>
    <TD>240.9602</TD>
    <TD>55.03764</TD>
    <TD>892.963</TD>
    <TD>2992.548</TD>
    <TD>25.4997</TD>
    <TD>0.2851</TD>
    <TD>24.8822</TD>
    <TD>0.2754</TD>
    <TD>24.8822</TD>
    <TD>0.2754</TD>
    <TD>0.35</TD>
  </TR>
  <TR>
    <TD>4877.0</TD>
    <TD>240.9393</TD>
    <TD>55.10191</TD>
    <TD>186.97</TD>
    <TD>3133.507</TD>
    <TD>15.7692</TD>
    <TD>0.0011</TD>
    <TD>15.7939</TD>
    <TD>0.0010</TD>
    <TD>15.7646</TD>
    <TD>0.0011</TD>
    <TD>0.78</TD>
  </TR>
  <TR>
    <TD>4878.0</TD>
    <TD>240.9574</TD>
    <TD>54.9352</TD>
    <TD>2011.709</TD>
    <TD>2993.633</TD>
    <TD>25.8861</TD>
    <TD>0.3516</TD>
    <TD>25.0965</TD>
    <TD>0.3842</TD>
    <TD>25.0965</TD>
    <TD>0.3842</TD>
    <TD>0.39</TD>
  </TR>
  <TR>
    <TD>4879.0</TD>
    <TD>240.9572</TD>
    <TD>55.03798</TD>
    <TD>889.464</TD>
    <TD>3011.757</TD>
    <TD>23.2149</TD>
    <TD>0.1117</TD>
    <TD>22.4074</TD>
    <TD>0.1594</TD>
    <TD>22.4074</TD>
    <TD>0.1594</TD>
    <TD>0.11</TD>
  </TR>
  <TR>
    <TD>4880.0</TD>
    <TD>240.9571</TD>
    <TD>54.96249</TD>
    <TD>1714.776</TD>
    <TD>2999.811</TD>
    <TD>25.4888</TD>
    <TD>0.2824</TD>
    <TD>24.7964</TD>
    <TD>0.4286</TD>
    <TD>24.7964</TD>
    <TD>0.4286</TD>
    <TD>0.38</TD>
  </TR>
  <TR>
    <TD>4881.0</TD>
    <TD>240.9594</TD>
    <TD>55.04435</TD>
    <TD>819.308</TD>
    <TD>2998.698</TD>
    <TD>25.8173</TD>
    <TD>0.3308</TD>
    <TD>25.2576</TD>
    <TD>0.5313</TD>
    <TD>25.2576</TD>
    <TD>0.5313</TD>
    <TD>0.36</TD>
  </TR>
  <TR>
    <TD>4882.0</TD>
    <TD>240.9561</TD>
    <TD>54.93617</TD>
    <TD>2001.296</TD>
    <TD>3001.673</TD>
    <TD>25.6817</TD>
    <TD>0.2933</TD>
    <TD>25.5044</TD>
    <TD>0.3464</TD>
    <TD>25.5044</TD>
    <TD>0.3464</TD>
    <TD>0.41</TD>
  </TR>
  <TR>
    <TD>4883.0</TD>
    <TD>240.9594</TD>
    <TD>55.07587</TD>
    <TD>472.531</TD>
    <TD>3003.849</TD>
    <TD>24.8206</TD>
    <TD>0.2274</TD>
    <TD>24.0915</TD>
    <TD>0.3143</TD>
    <TD>24.0915</TD>
    <TD>0.3143</TD>
    <TD>0.36</TD>
  </TR>
  <TR>
    <TD>4884.0</TD>
    <TD>240.9483</TD>
    <TD>54.93738</TD>
    <TD>1988.921</TD>
    <TD>3050.768</TD>
    <TD>22.2909</TD>
    <TD>0.0631</TD>
    <TD>22.3126</TD>
    <TD>0.1447</TD>
    <TD>22.3126</TD>
    <TD>0.1447</TD>
    <TD>0.0</TD>
  </TR>
  <TR>
    <TD>4885.0</TD>
    <TD>240.9557</TD>
    <TD>54.94135</TD>
    <TD>1944.987</TD>
    <TD>3004.999</TD>
    <TD>23.9824</TD>
    <TD>0.1087</TD>
    <TD>24.0583</TD>
    <TD>0.1714</TD>
    <TD>24.0583</TD>
    <TD>0.1714</TD>
    <TD>0.89</TD>
  </TR>
  <TR>
    <TD>4886.0</TD>
    <TD>240.9574</TD>
    <TD>54.9965</TD>
    <TD>1343.637</TD>
    <TD>3003.699</TD>
    <TD>25.8794</TD>
    <TD>0.3495</TD>
    <TD>24.5178</TD>
    <TD>0.3635</TD>
    <TD>24.5178</TD>
    <TD>0.3635</TD>
    <TD>0.38</TD>
  </TR>
  <TR>
    <TD>4887.0</TD>
    <TD>240.9576</TD>
    <TD>55.00089</TD>
    <TD>1295.651</TD>
    <TD>3003.32</TD>
    <TD>26.2195</TD>
    <TD>0.4737</TD>
    <TD>24.9481</TD>
    <TD>0.2923</TD>
    <TD>24.9481</TD>
    <TD>0.2923</TD>
    <TD>0.35</TD>
  </TR>
  <TR>
    <TD>4888.0</TD>
    <TD>240.9565</TD>
    <TD>55.06217</TD>
    <TD>623.773</TD>
    <TD>3019.83</TD>
    <TD>23.8012</TD>
    <TD>0.1422</TD>
    <TD>22.9717</TD>
    <TD>0.207</TD>
    <TD>22.9717</TD>
    <TD>0.207</TD>
    <TD>0.45</TD>
  </TR>
  <TR>
    <TD>4889.0</TD>
    <TD>240.9565</TD>
    <TD>54.97334</TD>
    <TD>1596.568</TD>
    <TD>3005.48</TD>
    <TD>25.5133</TD>
    <TD>0.2886</TD>
    <TD>25.1006</TD>
    <TD>0.3354</TD>
    <TD>25.1006</TD>
    <TD>0.3354</TD>
    <TD>0.36</TD>
  </TR>
  <TR>
    <TD>4890.0</TD>
    <TD>240.9547</TD>
    <TD>54.94184</TD>
    <TD>1939.785</TD>
    <TD>3011.364</TD>
    <TD>22.4425</TD>
    <TD>0.0413</TD>
    <TD>22.4366</TD>
    <TD>0.0556</TD>
    <TD>22.4366</TD>
    <TD>0.0556</TD>
    <TD>0.93</TD>
  </TR>
  <TR>
    <TD>4891.0</TD>
    <TD>240.9586</TD>
    <TD>55.09786</TD>
    <TD>229.945</TD>
    <TD>3012.787</TD>
    <TD>24.9797</TD>
    <TD>0.233</TD>
    <TD>24.4858</TD>
    <TD>0.4541</TD>
    <TD>24.4858</TD>
    <TD>0.4541</TD>
    <TD>0.43</TD>
  </TR>
  <TR>
    <TD>4892.0</TD>
    <TD>240.9547</TD>
    <TD>55.01574</TD>
    <TD>1133.484</TD>
    <TD>3023.505</TD>
    <TD>23.2413</TD>
    <TD>0.1092</TD>
    <TD>23.0481</TD>
    <TD>0.1499</TD>
    <TD>23.0481</TD>
    <TD>0.1499</TD>
    <TD>0.27</TD>
  </TR>
  <TR>
    <TD>4893.0</TD>
    <TD>240.9566</TD>
    <TD>55.02942</TD>
    <TD>983.383</TD>
    <TD>3013.715</TD>
    <TD>24.2116</TD>
    <TD>0.1678</TD>
    <TD>23.9473</TD>
    <TD>0.2696</TD>
    <TD>23.9473</TD>
    <TD>0.2696</TD>
    <TD>0.64</TD>
  </TR>
  <TR>
    <TD>4894.0</TD>
    <TD>240.9591</TD>
    <TD>55.09637</TD>
    <TD>246.313</TD>
    <TD>3009.324</TD>
    <TD>26.0214</TD>
    <TD>0.3967</TD>
    <TD>24.7367</TD>
    <TD>0.4115</TD>
    <TD>24.7367</TD>
    <TD>0.4115</TD>
    <TD>0.39</TD>
  </TR>
  <TR>
    <TD>4895.0</TD>
    <TD>240.9529</TD>
    <TD>54.9544</TD>
    <TD>1803.215</TD>
    <TD>3024.884</TD>
    <TD>22.8346</TD>
    <TD>0.0814</TD>
    <TD>22.6511</TD>
    <TD>0.1092</TD>
    <TD>22.6511</TD>
    <TD>0.1092</TD>
    <TD>0.02</TD>
  </TR>
  <TR>
    <TD>4896.0</TD>
    <TD>240.957</TD>
    <TD>55.10665</TD>
    <TD>132.868</TD>
    <TD>3024.174</TD>
    <TD>24.7115</TD>
    <TD>0.2362</TD>
    <TD>24.1601</TD>
    <TD>0.3441</TD>
    <TD>24.1601</TD>
    <TD>0.3441</TD>
    <TD>0.51</TD>
  </TR>
  <TR>
    <TD>4897.0</TD>
    <TD>240.9583</TD>
    <TD>55.10485</TD>
    <TD>152.711</TD>
    <TD>3015.548</TD>
    <TD>25.2236</TD>
    <TD>0.2694</TD>
    <TD>24.6419</TD>
    <TD>0.3158</TD>
    <TD>24.6419</TD>
    <TD>0.3158</TD>
    <TD>0.37</TD>
  </TR>
  <TR>
    <TD>4898.0</TD>
    <TD>240.9517</TD>
    <TD>55.08254</TD>
    <TD>399.778</TD>
    <TD>3053.031</TD>
    <TD>22.7758</TD>
    <TD>0.0864</TD>
    <TD>22.2879</TD>
    <TD>0.1239</TD>
    <TD>22.2879</TD>
    <TD>0.1239</TD>
    <TD>0.0</TD>
  </TR>
  <TR>
    <TD>4899.0</TD>
    <TD>240.9546</TD>
    <TD>54.9616</TD>
    <TD>1724.687</TD>
    <TD>3015.352</TD>
    <TD>26.1159</TD>
    <TD>0.4317</TD>
    <TD>24.9154</TD>
    <TD>0.443</TD>
    <TD>24.9154</TD>
    <TD>0.443</TD>
    <TD>0.38</TD>
  </TR>
  <TR>
    <TD>4900.0</TD>
    <TD>240.9553</TD>
    <TD>55.02007</TD>
    <TD>1085.978</TD>
    <TD>3020.746</TD>
    <TD>25.15</TD>
    <TD>0.2712</TD>
    <TD>24.1127</TD>
    <TD>0.3772</TD>
    <TD>24.1127</TD>
    <TD>0.3772</TD>
    <TD>0.47</TD>
  </TR>
  <TR>
    <TD>4901.0</TD>
    <TD>240.9507</TD>
    <TD>55.02411</TD>
    <TD>1042.115</TD>
    <TD>3049.795</TD>
    <TD>22.5473</TD>
    <TD>0.0823</TD>
    <TD>22.0623</TD>
    <TD>0.1527</TD>
    <TD>22.0623</TD>
    <TD>0.1527</TD>
    <TD>0.01</TD>
  </TR>
  <TR>
    <TD>4902.0</TD>
    <TD>240.9545</TD>
    <TD>54.98183</TD>
    <TD>1504.128</TD>
    <TD>3019.136</TD>
    <TD>24.9315</TD>
    <TD>0.2376</TD>
    <TD>24.6724</TD>
    <TD>0.2842</TD>
    <TD>24.6724</TD>
    <TD>0.2842</TD>
    <TD>0.74</TD>
  </TR>
  <TR>
    <TD>4903.0</TD>
    <TD>240.9553</TD>
    <TD>55.07548</TD>
    <TD>477.309</TD>
    <TD>3029.365</TD>
    <TD>23.5936</TD>
    <TD>0.1205</TD>
    <TD>22.5191</TD>
    <TD>0.1614</TD>
    <TD>22.5191</TD>
    <TD>0.1614</TD>
    <TD>0.26</TD>
  </TR>
  <TR>
    <TD>4904.0</TD>
    <TD>240.9568</TD>
    <TD>55.09699</TD>
    <TD>239.729</TD>
    <TD>3023.896</TD>
    <TD>24.0559</TD>
    <TD>0.1631</TD>
    <TD>22.9469</TD>
    <TD>0.2224</TD>
    <TD>22.9469</TD>
    <TD>0.2224</TD>
    <TD>0.07</TD>
  </TR>
  <TR>
    <TD>4905.0</TD>
    <TD>240.9549</TD>
    <TD>55.02604</TD>
    <TD>1020.579</TD>
    <TD>3023.731</TD>
    <TD>25.1239</TD>
    <TD>0.265</TD>
    <TD>24.4306</TD>
    <TD>0.2848</TD>
    <TD>24.4306</TD>
    <TD>0.2848</TD>
    <TD>0.41</TD>
  </TR>
  <TR>
    <TD>4906.0</TD>
    <TD>240.9571</TD>
    <TD>55.07638</TD>
    <TD>467.177</TD>
    <TD>3018.402</TD>
    <TD>25.5988</TD>
    <TD>0.3458</TD>
    <TD>24.6931</TD>
    <TD>0.3789</TD>
    <TD>24.6931</TD>
    <TD>0.3789</TD>
    <TD>0.46</TD>
  </TR>
  <TR>
    <TD>4907.0</TD>
    <TD>240.9545</TD>
    <TD>55.07848</TD>
    <TD>444.295</TD>
    <TD>3035.218</TD>
    <TD>23.2481</TD>
    <TD>0.1098</TD>
    <TD>22.9903</TD>
    <TD>0.1461</TD>
    <TD>22.9903</TD>
    <TD>0.1461</TD>
    <TD>0.5</TD>
  </TR>
  <TR>
    <TD>4908.0</TD>
    <TD>240.9546</TD>
    <TD>55.10713</TD>
    <TD>127.759</TD>
    <TD>3038.777</TD>
    <TD>22.4389</TD>
    <TD>0.071</TD>
    <TD>22.3105</TD>
    <TD>0.099</TD>
    <TD>22.3105</TD>
    <TD>0.099</TD>
    <TD>0.0</TD>
  </TR>
  <TR>
    <TD>4909.0</TD>
    <TD>240.9575</TD>
    <TD>55.11831</TD>
    <TD>3.672</TD>
    <TD>3022.644</TD>
    <TD>26.1366</TD>
    <TD>0.4397</TD>
    <TD>25.7205</TD>
    <TD>0.4208</TD>
    <TD>25.7205</TD>
    <TD>0.4208</TD>
    <TD>0.36</TD>
  </TR>
  <TR>
    <TD>4910.0</TD>
    <TD>240.9462</TD>
    <TD>54.96127</TD>
    <TD>1729.087</TD>
    <TD>3067.319</TD>
    <TD>24.2212</TD>
    <TD>0.1795</TD>
    <TD>23.4877</TD>
    <TD>0.3112</TD>
    <TD>23.4877</TD>
    <TD>0.3112</TD>
    <TD>0.48</TD>
  </TR>
  <TR>
    <TD>4911.0</TD>
    <TD>240.9501</TD>
    <TD>55.07191</TD>
    <TD>517.094</TD>
    <TD>3061.36</TD>
    <TD>21.516</TD>
    <TD>0.0442</TD>
    <TD>21.3406</TD>
    <TD>0.0597</TD>
    <TD>21.3406</TD>
    <TD>0.0597</TD>
    <TD>0.0</TD>
  </TR>
  <TR>
    <TD>4912.0</TD>
    <TD>240.9555</TD>
    <TD>55.08943</TD>
    <TD>323.383</TD>
    <TD>3030.633</TD>
    <TD>25.267</TD>
    <TD>0.2572</TD>
    <TD>24.8461</TD>
    <TD>0.461</TD>
    <TD>24.8461</TD>
    <TD>0.461</TD>
    <TD>0.47</TD>
  </TR>
  <TR>
    <TD>4913.0</TD>
    <TD>240.9528</TD>
    <TD>54.97681</TD>
    <TD>1559.092</TD>
    <TD>3028.876</TD>
    <TD>24.6869</TD>
    <TD>0.212</TD>
    <TD>23.2383</TD>
    <TD>0.2028</TD>
    <TD>23.2383</TD>
    <TD>0.2028</TD>
    <TD>0.47</TD>
  </TR>
  <TR>
    <TD>4914.0</TD>
    <TD>240.9453</TD>
    <TD>55.11717</TD>
    <TD>17.462</TD>
    <TD>3099.0</TD>
    <TD>18.7986</TD>
    <TD>0.0072</TD>
    <TD>18.8059</TD>
    <TD>0.0083</TD>
    <TD>18.7569</TD>
    <TD>0.0074</TD>
    <TD>0.03</TD>
  </TR>
  <TR>
    <TD>4915.0</TD>
    <TD>240.9508</TD>
    <TD>55.02605</TD>
    <TD>1020.87</TD>
    <TD>3049.462</TD>
    <TD>22.4001</TD>
    <TD>0.0752</TD>
    <TD>21.6334</TD>
    <TD>0.1139</TD>
    <TD>21.6334</TD>
    <TD>0.1139</TD>
    <TD>0.01</TD>
  </TR>
  <TR>
    <TD>4916.0</TD>
    <TD>240.9558</TD>
    <TD>55.09405</TD>
    <TD>272.307</TD>
    <TD>3029.687</TD>
    <TD>25.7336</TD>
    <TD>0.3071</TD>
    <TD>25.5345</TD>
    <TD>0.4973</TD>
    <TD>25.5345</TD>
    <TD>0.4973</TD>
    <TD>0.41</TD>
  </TR>
  <TR>
    <TD>4917.0</TD>
    <TD>240.9493</TD>
    <TD>54.99693</TD>
    <TD>1339.735</TD>
    <TD>3054.119</TD>
    <TD>22.5442</TD>
    <TD>0.0765</TD>
    <TD>22.0315</TD>
    <TD>0.1211</TD>
    <TD>22.0315</TD>
    <TD>0.1211</TD>
    <TD>0.0</TD>
  </TR>
  <TR>
    <TD>4918.0</TD>
    <TD>240.9472</TD>
    <TD>55.02918</TD>
    <TD>986.922</TD>
    <TD>3072.101</TD>
    <TD>20.216</TD>
    <TD>0.0187</TD>
    <TD>20.0418</TD>
    <TD>0.0269</TD>
    <TD>20.0946</TD>
    <TD>0.0194</TD>
    <TD>0.01</TD>
  </TR>
  <TR>
    <TD>4919.0</TD>
    <TD>240.9489</TD>
    <TD>55.04677</TD>
    <TD>793.796</TD>
    <TD>3064.665</TD>
    <TD>20.1727</TD>
    <TD>0.014</TD>
    <TD>20.1474</TD>
    <TD>0.017</TD>
    <TD>20.1474</TD>
    <TD>0.017</TD>
    <TD>0.03</TD>
  </TR>
  <TR>
    <TD>4920.0</TD>
    <TD>240.9517</TD>
    <TD>54.98304</TD>
    <TD>1491.191</TD>
    <TD>3036.617</TD>
    <TD>23.4641</TD>
    <TD>0.0843</TD>
    <TD>23.4597</TD>
    <TD>0.1169</TD>
    <TD>23.4597</TD>
    <TD>0.1169</TD>
    <TD>0.64</TD>
  </TR>
  <TR>
    <TD>4921.0</TD>
    <TD>240.9488</TD>
    <TD>55.03008</TD>
    <TD>976.961</TD>
    <TD>3062.837</TD>
    <TD>20.8143</TD>
    <TD>0.0243</TD>
    <TD>20.747</TD>
    <TD>0.0314</TD>
    <TD>20.7001</TD>
    <TD>0.0251</TD>
    <TD>0.01</TD>
  </TR>
  <TR>
    <TD>4922.0</TD>
    <TD>240.954</TD>
    <TD>55.08842</TD>
    <TD>334.659</TD>
    <TD>3039.716</TD>
    <TD>23.7862</TD>
    <TD>0.1374</TD>
    <TD>23.2119</TD>
    <TD>0.1958</TD>
    <TD>23.2119</TD>
    <TD>0.1958</TD>
    <TD>0.25</TD>
  </TR>
  <TR>
    <TD>4923.0</TD>
    <TD>240.9511</TD>
    <TD>54.99943</TD>
    <TD>1312.26</TD>
    <TD>3043.466</TD>
    <TD>23.6894</TD>
    <TD>0.126</TD>
    <TD>23.1273</TD>
    <TD>0.1832</TD>
    <TD>23.1273</TD>
    <TD>0.1832</TD>
    <TD>0.64</TD>
  </TR>
  <TR>
    <TD>4924.0</TD>
    <TD>240.9428</TD>
    <TD>55.11189</TD>
    <TD>76.169</TD>
    <TD>3113.519</TD>
    <TD>18.9877</TD>
    <TD>0.0084</TD>
    <TD>18.9469</TD>
    <TD>0.01</TD>
    <TD>18.9351</TD>
    <TD>0.0086</TD>
    <TD>0.03</TD>
  </TR>
  <TR>
    <TD>4925.0</TD>
    <TD>240.9467</TD>
    <TD>54.95584</TD>
    <TD>1788.144</TD>
    <TD>3063.377</TD>
    <TD>21.7472</TD>
    <TD>0.0503</TD>
    <TD>21.5329</TD>
    <TD>0.0656</TD>
    <TD>21.5329</TD>
    <TD>0.0656</TD>
    <TD>0.0</TD>
  </TR>
  <TR>
    <TD>4926.0</TD>
    <TD>240.9531</TD>
    <TD>55.06392</TD>
    <TD>604.74</TD>
    <TD>3041.502</TD>
    <TD>25.078</TD>
    <TD>0.2708</TD>
    <TD>23.7485</TD>
    <TD>0.3221</TD>
    <TD>23.7485</TD>
    <TD>0.3221</TD>
    <TD>0.35</TD>
  </TR>
  <TR>
    <TD>4927.0</TD>
    <TD>240.9459</TD>
    <TD>54.93425</TD>
    <TD>2023.203</TD>
    <TD>3065.037</TD>
    <TD>22.0238</TD>
    <TD>0.0544</TD>
    <TD>21.7721</TD>
    <TD>0.0831</TD>
    <TD>21.7721</TD>
    <TD>0.0831</TD>
    <TD>0.0</TD>
  </TR>
  <TR>
    <TD>4928.0</TD>
    <TD>240.9498</TD>
    <TD>55.01686</TD>
    <TD>1121.712</TD>
    <TD>3054.2</TD>
    <TD>23.6411</TD>
    <TD>0.1305</TD>
    <TD>23.3032</TD>
    <TD>0.1736</TD>
    <TD>23.3032</TD>
    <TD>0.1736</TD>
    <TD>0.43</TD>
  </TR>
  <TR>
    <TD>4929.0</TD>
    <TD>240.9495</TD>
    <TD>54.99214</TD>
    <TD>1392.019</TD>
    <TD>3051.991</TD>
    <TD>25.1008</TD>
    <TD>0.2764</TD>
    <TD>24.1782</TD>
    <TD>0.2302</TD>
    <TD>24.1782</TD>
    <TD>0.2302</TD>
    <TD>0.36</TD>
  </TR>
  <TR>
    <TD>4930.0</TD>
    <TD>240.9514</TD>
    <TD>55.1184</TD>
    <TD>3.326</TD>
    <TD>3061.141</TD>
    <TD>23.2056</TD>
    <TD>0.1031</TD>
    <TD>22.98</TD>
    <TD>0.1322</TD>
    <TD>22.98</TD>
    <TD>0.1322</TD>
    <TD>0.01</TD>
  </TR>
  <TR>
    <TD>4931.0</TD>
    <TD>240.9513</TD>
    <TD>55.09498</TD>
    <TD>262.418</TD>
    <TD>3057.377</TD>
    <TD>23.5497</TD>
    <TD>0.1266</TD>
    <TD>23.0549</TD>
    <TD>0.2148</TD>
    <TD>23.0549</TD>
    <TD>0.2148</TD>
    <TD>0.44</TD>
  </TR>
  <TR>
    <TD>4932.0</TD>
    <TD>240.9513</TD>
    <TD>55.08677</TD>
    <TD>353.094</TD>
    <TD>3056.256</TD>
    <TD>23.1724</TD>
    <TD>0.11</TD>
    <TD>22.5514</TD>
    <TD>0.1594</TD>
    <TD>22.5514</TD>
    <TD>0.1594</TD>
    <TD>0.01</TD>
  </TR>
  <TR>
    <TD>4933.0</TD>
    <TD>240.9498</TD>
    <TD>54.96404</TD>
    <TD>1698.522</TD>
    <TD>3045.488</TD>
    <TD>26.0067</TD>
    <TD>0.4486</TD>
    <TD>24.817</TD>
    <TD>0.4179</TD>
    <TD>24.817</TD>
    <TD>0.4179</TD>
    <TD>0.35</TD>
  </TR>
  <TR>
    <TD>4934.0</TD>
    <TD>240.942</TD>
    <TD>55.08792</TD>
    <TD>341.244</TD>
    <TD>3114.573</TD>
    <TD>19.7764</TD>
    <TD>0.0152</TD>
    <TD>19.6519</TD>
    <TD>0.0205</TD>
    <TD>19.6519</TD>
    <TD>0.0205</TD>
    <TD>0.01</TD>
  </TR>
  <TR>
    <TD>4935.0</TD>
    <TD>240.9071</TD>
    <TD>55.04487</TD>
    <TD>818.304</TD>
    <TD>3324.546</TD>
    <TD>13.4256</TD>
    <TD>3.0E-4</TD>
    <TD>13.4501</TD>
    <TD>3.0E-4</TD>
    <TD>13.4501</TD>
    <TD>3.0E-4</TD>
    <TD>0.73</TD>
  </TR>
  <TR>
    <TD>4936.0</TD>
    <TD>240.9467</TD>
    <TD>55.03282</TD>
    <TD>947.07</TD>
    <TD>3075.98</TD>
    <TD>21.5765</TD>
    <TD>0.0405</TD>
    <TD>21.4694</TD>
    <TD>0.0542</TD>
    <TD>21.4694</TD>
    <TD>0.0542</TD>
    <TD>0.0</TD>
  </TR>
  <TR>
    <TD>4937.0</TD>
    <TD>240.9447</TD>
    <TD>54.96411</TD>
    <TD>1698.299</TD>
    <TD>3077.465</TD>
    <TD>21.9368</TD>
    <TD>0.0577</TD>
    <TD>21.7082</TD>
    <TD>0.1012</TD>
    <TD>21.7082</TD>
    <TD>0.1012</TD>
    <TD>0.0</TD>
  </TR>
  <TR>
    <TD>4938.0</TD>
    <TD>240.9495</TD>
    <TD>55.07665</TD>
    <TD>464.917</TD>
    <TD>3066.096</TD>
    <TD>23.5254</TD>
    <TD>0.1317</TD>
    <TD>22.831</TD>
    <TD>0.1876</TD>
    <TD>22.831</TD>
    <TD>0.1876</TD>
    <TD>0.46</TD>
  </TR>
  <TR>
    <TD>4939.0</TD>
    <TD>240.9491</TD>
    <TD>54.98731</TD>
    <TD>1444.817</TD>
    <TD>3053.748</TD>
    <TD>25.604</TD>
    <TD>0.3474</TD>
    <TD>24.1085</TD>
    <TD>0.3282</TD>
    <TD>24.1085</TD>
    <TD>0.3282</TD>
    <TD>0.36</TD>
  </TR>
  <TR>
    <TD>4940.0</TD>
    <TD>240.9508</TD>
    <TD>55.10931</TD>
    <TD>104.038</TD>
    <TD>3063.23</TD>
    <TD>24.006</TD>
    <TD>0.1672</TD>
    <TD>23.3335</TD>
    <TD>0.1694</TD>
    <TD>23.3335</TD>
    <TD>0.1694</TD>
    <TD>0.54</TD>
  </TR>
  <TR>
    <TD>4941.0</TD>
    <TD>240.9473</TD>
    <TD>55.03888</TD>
    <TD>880.478</TD>
    <TD>3073.627</TD>
    <TD>22.3729</TD>
    <TD>0.0713</TD>
    <TD>22.0418</TD>
    <TD>0.1264</TD>
    <TD>22.0418</TD>
    <TD>0.1264</TD>
    <TD>0.0</TD>
  </TR>
  <TR>
    <TD>4942.0</TD>
    <TD>240.9489</TD>
    <TD>54.97158</TD>
    <TD>1616.394</TD>
    <TD>3052.166</TD>
    <TD>25.5027</TD>
    <TD>0.3173</TD>
    <TD>24.2168</TD>
    <TD>0.3096</TD>
    <TD>24.2168</TD>
    <TD>0.3096</TD>
    <TD>0.35</TD>
  </TR>
  <TR>
    <TD>4943.0</TD>
    <TD>240.9465</TD>
    <TD>54.98853</TD>
    <TD>1431.692</TD>
    <TD>3070.016</TD>
    <TD>23.7454</TD>
    <TD>0.1325</TD>
    <TD>22.9289</TD>
    <TD>0.1852</TD>
    <TD>22.9289</TD>
    <TD>0.1852</TD>
    <TD>0.63</TD>
  </TR>
  <TR>
    <TD>4944.0</TD>
    <TD>240.949</TD>
    <TD>55.04381</TD>
    <TD>826.194</TD>
    <TD>3063.412</TD>
    <TD>24.6374</TD>
    <TD>0.2029</TD>
    <TD>23.8728</TD>
    <TD>0.2538</TD>
    <TD>23.8728</TD>
    <TD>0.2538</TD>
    <TD>0.36</TD>
  </TR>
  <TR>
    <TD>4945.0</TD>
    <TD>240.9481</TD>
    <TD>54.97169</TD>
    <TD>1615.298</TD>
    <TD>3057.325</TD>
    <TD>26.2825</TD>
    <TD>0.5013</TD>
    <TD>24.8783</TD>
    <TD>0.4212</TD>
    <TD>24.8783</TD>
    <TD>0.4212</TD>
    <TD>0.35</TD>
  </TR>
  <TR>
    <TD>4946.0</TD>
    <TD>240.9441</TD>
    <TD>54.93539</TD>
    <TD>2010.949</TD>
    <TD>3076.303</TD>
    <TD>22.7203</TD>
    <TD>0.0787</TD>
    <TD>22.4685</TD>
    <TD>0.101</TD>
    <TD>22.4685</TD>
    <TD>0.101</TD>
    <TD>0.0</TD>
  </TR>
  <TR>
    <TD>4947.0</TD>
    <TD>240.9472</TD>
    <TD>55.06667</TD>
    <TD>575.093</TD>
    <TD>3078.599</TD>
    <TD>22.9411</TD>
    <TD>0.0976</TD>
    <TD>22.3201</TD>
    <TD>0.1422</TD>
    <TD>22.3201</TD>
    <TD>0.1422</TD>
    <TD>0.0</TD>
  </TR>
  <TR>
    <TD>4948.0</TD>
    <TD>240.9462</TD>
    <TD>55.04281</TD>
    <TD>837.46</TD>
    <TD>3080.731</TD>
    <TD>23.2165</TD>
    <TD>0.1054</TD>
    <TD>22.5818</TD>
    <TD>0.1668</TD>
    <TD>22.5818</TD>
    <TD>0.1668</TD>
    <TD>0.47</TD>
  </TR>
  <TR>
    <TD>4949.0</TD>
    <TD>240.946</TD>
    <TD>54.96956</TD>
    <TD>1638.789</TD>
    <TD>3070.093</TD>
    <TD>24.4379</TD>
    <TD>0.1849</TD>
    <TD>23.7565</TD>
    <TD>0.2145</TD>
    <TD>23.7565</TD>
    <TD>0.2145</TD>
    <TD>0.58</TD>
  </TR>
  <TR>
    <TD>4950.0</TD>
    <TD>240.946</TD>
    <TD>54.995</TD>
    <TD>1361.142</TD>
    <TD>3074.338</TD>
    <TD>23.4564</TD>
    <TD>0.1273</TD>
    <TD>23.0639</TD>
    <TD>0.1938</TD>
    <TD>23.0639</TD>
    <TD>0.1938</TD>
    <TD>0.11</TD>
  </TR>
  <TR>
    <TD>4951.0</TD>
    <TD>240.9488</TD>
    <TD>55.0741</TD>
    <TD>493.084</TD>
    <TD>3069.691</TD>
    <TD>24.6301</TD>
    <TD>0.2281</TD>
    <TD>23.9833</TD>
    <TD>0.2311</TD>
    <TD>23.9833</TD>
    <TD>0.2311</TD>
    <TD>0.35</TD>
  </TR>
  <TR>
    <TD>4952.0</TD>
    <TD>240.9491</TD>
    <TD>55.05342</TD>
    <TD>720.638</TD>
    <TD>3064.663</TD>
    <TD>25.0197</TD>
    <TD>0.2414</TD>
    <TD>23.7588</TD>
    <TD>0.2798</TD>
    <TD>23.7588</TD>
    <TD>0.2798</TD>
    <TD>0.36</TD>
  </TR>
  <TR>
    <TD>4953.0</TD>
    <TD>240.947</TD>
    <TD>54.98349</TD>
    <TD>1486.664</TD>
    <TD>3066.297</TD>
    <TD>25.9251</TD>
    <TD>0.364</TD>
    <TD>25.0518</TD>
    <TD>0.4496</TD>
    <TD>25.0518</TD>
    <TD>0.4496</TD>
    <TD>0.4</TD>
  </TR>
  <TR>
    <TD>4954.0</TD>
    <TD>240.9497</TD>
    <TD>55.09721</TD>
    <TD>238.015</TD>
    <TD>3067.752</TD>
    <TD>25.4653</TD>
    <TD>0.2765</TD>
    <TD>25.1518</TD>
    <TD>0.3652</TD>
    <TD>25.1518</TD>
    <TD>0.3652</TD>
    <TD>0.47</TD>
  </TR>
  <TR>
    <TD>4955.0</TD>
    <TD>240.9466</TD>
    <TD>54.9838</TD>
    <TD>1483.318</TD>
    <TD>3068.649</TD>
    <TD>26.0922</TD>
    <TD>0.4226</TD>
    <TD>24.7928</TD>
    <TD>0.4673</TD>
    <TD>24.7928</TD>
    <TD>0.4673</TD>
    <TD>0.35</TD>
  </TR>
  <TR>
    <TD>4956.0</TD>
    <TD>240.9491</TD>
    <TD>55.08376</TD>
    <TD>386.496</TD>
    <TD>3069.476</TD>
    <TD>25.7264</TD>
    <TD>0.3489</TD>
    <TD>24.9773</TD>
    <TD>0.3001</TD>
    <TD>24.9773</TD>
    <TD>0.3001</TD>
    <TD>0.46</TD>
  </TR>
  <TR>
    <TD>4957.0</TD>
    <TD>240.9468</TD>
    <TD>55.10491</TD>
    <TD>153.151</TD>
    <TD>3087.405</TD>
    <TD>22.6003</TD>
    <TD>0.0769</TD>
    <TD>22.456</TD>
    <TD>0.1108</TD>
    <TD>22.456</TD>
    <TD>0.1108</TD>
    <TD>0.0</TD>
  </TR>
  <TR>
    <TD>4958.0</TD>
    <TD>240.9459</TD>
    <TD>54.96628</TD>
    <TD>1674.526</TD>
    <TD>3070.516</TD>
    <TD>25.5222</TD>
    <TD>0.2908</TD>
    <TD>25.3907</TD>
    <TD>0.4364</TD>
    <TD>25.3907</TD>
    <TD>0.4364</TD>
    <TD>0.36</TD>
  </TR>
  <TR>
    <TD>4959.0</TD>
    <TD>240.9444</TD>
    <TD>54.95874</TD>
    <TD>1756.748</TD>
    <TD>3078.498</TD>
    <TD>24.1185</TD>
    <TD>0.1638</TD>
    <TD>23.6058</TD>
    <TD>0.2433</TD>
    <TD>23.6058</TD>
    <TD>0.2433</TD>
    <TD>0.5</TD>
  </TR>
  <TR>
    <TD>4960.0</TD>
    <TD>240.9428</TD>
    <TD>55.03013</TD>
    <TD>976.923</TD>
    <TD>3100.112</TD>
    <TD>21.3695</TD>
    <TD>0.0359</TD>
    <TD>21.1845</TD>
    <TD>0.0575</TD>
    <TD>21.1845</TD>
    <TD>0.0575</TD>
    <TD>0.0</TD>
  </TR>
  <TR>
    <TD>4961.0</TD>
    <TD>240.9453</TD>
    <TD>54.9659</TD>
    <TD>1678.67</TD>
    <TD>3073.707</TD>
    <TD>25.9558</TD>
    <TD>0.3741</TD>
    <TD>24.5488</TD>
    <TD>0.3606</TD>
    <TD>24.5488</TD>
    <TD>0.3606</TD>
    <TD>0.35</TD>
  </TR>
  <TR>
    <TD>4962.0</TD>
    <TD>240.9253</TD>
    <TD>55.00549</TD>
    <TD>1248.297</TD>
    <TD>3204.839</TD>
    <TD>18.0603</TD>
    <TD>0.0045</TD>
    <TD>18.0732</TD>
    <TD>0.0046</TD>
    <TD>18.0732</TD>
    <TD>0.0046</TD>
    <TD>0.03</TD>
  </TR>
  <TR>
    <TD>4963.0</TD>
    <TD>240.941</TD>
    <TD>54.94738</TD>
    <TD>1880.812</TD>
    <TD>3097.594</TD>
    <TD>22.2717</TD>
    <TD>0.0592</TD>
    <TD>21.9418</TD>
    <TD>0.0904</TD>
    <TD>21.9418</TD>
    <TD>0.0904</TD>
    <TD>0.08</TD>
  </TR>
  <TR>
    <TD>4964.0</TD>
    <TD>240.9417</TD>
    <TD>55.04336</TD>
    <TD>831.827</TD>
    <TD>3109.212</TD>
    <TD>21.2495</TD>
    <TD>0.0352</TD>
    <TD>21.095</TD>
    <TD>0.0573</TD>
    <TD>21.095</TD>
    <TD>0.0573</TD>
    <TD>0.0</TD>
  </TR>
  <TR>
    <TD>4965.0</TD>
    <TD>240.9427</TD>
    <TD>54.97564</TD>
    <TD>1572.735</TD>
    <TD>3091.764</TD>
    <TD>23.1563</TD>
    <TD>0.1072</TD>
    <TD>22.7358</TD>
    <TD>0.1956</TD>
    <TD>22.7358</TD>
    <TD>0.1956</TD>
    <TD>0.37</TD>
  </TR>
  <TR>
    <TD>4966.0</TD>
    <TD>240.9437</TD>
    <TD>54.94005</TD>
    <TD>1960.277</TD>
    <TD>3079.663</TD>
    <TD>25.6193</TD>
    <TD>0.2776</TD>
    <TD>25.3309</TD>
    <TD>0.2965</TD>
    <TD>25.3309</TD>
    <TD>0.2965</TD>
    <TD>0.42</TD>
  </TR>
  <TR>
    <TD>4967.0</TD>
    <TD>240.9361</TD>
    <TD>55.07262</TD>
    <TD>510.517</TD>
    <TD>3148.495</TD>
    <TD>19.4918</TD>
    <TD>0.0111</TD>
    <TD>19.4604</TD>
    <TD>0.0131</TD>
    <TD>19.4604</TD>
    <TD>0.0131</TD>
    <TD>0.03</TD>
  </TR>
  <TR>
    <TD>4968.0</TD>
    <TD>240.9422</TD>
    <TD>55.07081</TD>
    <TD>529.903</TD>
    <TD>3110.582</TD>
    <TD>21.7521</TD>
    <TD>0.0448</TD>
    <TD>21.5372</TD>
    <TD>0.0591</TD>
    <TD>21.5372</TD>
    <TD>0.0591</TD>
    <TD>0.01</TD>
  </TR>
  <TR>
    <TD>4969.0</TD>
    <TD>240.9228</TD>
    <TD>54.96397</TD>
    <TD>1701.764</TD>
    <TD>3213.528</TD>
    <TD>14.8114</TD>
    <TD>6.0E-4</TD>
    <TD>14.8398</TD>
    <TD>6.0E-4</TD>
    <TD>14.8398</TD>
    <TD>6.0E-4</TD>
    <TD>0.96</TD>
  </TR>
  <TR>
    <TD>4970.0</TD>
    <TD>240.9442</TD>
    <TD>54.96517</TD>
    <TD>1686.799</TD>
    <TD>3080.371</TD>
    <TD>25.3507</TD>
    <TD>0.277</TD>
    <TD>24.8685</TD>
    <TD>0.2827</TD>
    <TD>24.8685</TD>
    <TD>0.2827</TD>
    <TD>0.47</TD>
  </TR>
  <TR>
    <TD>4971.0</TD>
    <TD>240.9453</TD>
    <TD>55.00535</TD>
    <TD>1248.048</TD>
    <TD>3080.541</TD>
    <TD>23.6221</TD>
    <TD>0.1236</TD>
    <TD>23.5227</TD>
    <TD>0.2504</TD>
    <TD>23.5227</TD>
    <TD>0.2504</TD>
    <TD>0.49</TD>
  </TR>
  <TR>
    <TD>4972.0</TD>
    <TD>240.9429</TD>
    <TD>54.95215</TD>
    <TD>1828.716</TD>
    <TD>3086.677</TD>
    <TD>25.0509</TD>
    <TD>0.2795</TD>
    <TD>23.9682</TD>
    <TD>0.3094</TD>
    <TD>23.9682</TD>
    <TD>0.3094</TD>
    <TD>0.35</TD>
  </TR>
  <TR>
    <TD>4973.0</TD>
    <TD>240.8355</TD>
    <TD>55.03968</TD>
    <TD>880.702</TD>
    <TD>3769.339</TD>
    <TD>25.7105</TD>
    <TD>0.3009</TD>
    <TD>24.9153</TD>
    <TD>0.4206</TD>
    <TD>24.9153</TD>
    <TD>0.4206</TD>
    <TD>0.36</TD>
  </TR>
  <TR>
    <TD>4974.0</TD>
    <TD>240.7796</TD>
    <TD>54.93334</TD>
    <TD>2046.164</TD>
    <TD>4100.0</TD>
    <TD>24.2968</TD>
    <TD>0.1105</TD>
    <TD>24.3788</TD>
    <TD>0.1457</TD>
    <TD>24.2137</TD>
    <TD>0.1136</TD>
    <TD>0.58</TD>
  </TR>
  <TR>
    <TD>4975.0</TD>
    <TD>240.7806</TD>
    <TD>54.94524</TD>
    <TD>1916.527</TD>
    <TD>4095.969</TD>
    <TD>20.0994</TD>
    <TD>0.0165</TD>
    <TD>20.1033</TD>
    <TD>0.021</TD>
    <TD>20.1033</TD>
    <TD>0.021</TD>
    <TD>0.02</TD>
  </TR>
  <TR>
    <TD>4976.0</TD>
    <TD>240.781</TD>
    <TD>54.98588</TD>
    <TD>1473.367</TD>
    <TD>4100.0</TD>
    <TD>22.6244</TD>
    <TD>0.057</TD>
    <TD>22.9025</TD>
    <TD>0.0864</TD>
    <TD>22.5018</TD>
    <TD>0.0589</TD>
    <TD>0.22</TD>
  </TR>
  <TR>
    <TD>4977.0</TD>
    <TD>240.7804</TD>
    <TD>54.9616</TD>
    <TD>1738.292</TD>
    <TD>4100.0</TD>
    <TD>22.6478</TD>
    <TD>0.0564</TD>
    <TD>23.0182</TD>
    <TD>0.0988</TD>
    <TD>22.5341</TD>
    <TD>0.0583</TD>
    <TD>0.04</TD>
  </TR>
  <TR>
    <TD>4978.0</TD>
    <TD>240.7804</TD>
    <TD>54.96432</TD>
    <TD>1708.676</TD>
    <TD>4100.0</TD>
    <TD>22.5096</TD>
    <TD>0.0531</TD>
    <TD>22.4251</TD>
    <TD>0.0729</TD>
    <TD>22.3948</TD>
    <TD>0.0548</TD>
    <TD>0.02</TD>
  </TR>
  <TR>
    <TD>4979.0</TD>
    <TD>240.7806</TD>
    <TD>54.97015</TD>
    <TD>1645.083</TD>
    <TD>4100.0</TD>
    <TD>21.349</TD>
    <TD>0.0311</TD>
    <TD>22.0682</TD>
    <TD>0.0697</TD>
    <TD>21.2345</TD>
    <TD>0.0321</TD>
    <TD>0.0</TD>
  </TR>
  <TR>
    <TD>4980.0</TD>
    <TD>240.7808</TD>
    <TD>54.97621</TD>
    <TD>1578.902</TD>
    <TD>4100.0</TD>
    <TD>22.0427</TD>
    <TD>0.0428</TD>
    <TD>22.234</TD>
    <TD>0.0659</TD>
    <TD>21.9286</TD>
    <TD>0.0441</TD>
    <TD>0.01</TD>
  </TR>
  <TR>
    <TD>4981.0</TD>
    <TD>240.7812</TD>
    <TD>54.99068</TD>
    <TD>1420.865</TD>
    <TD>4099.81</TD>
    <TD>21.9534</TD>
    <TD>0.0302</TD>
    <TD>22.0659</TD>
    <TD>0.042</TD>
    <TD>21.9152</TD>
    <TD>0.0307</TD>
    <TD>0.99</TD>
  </TR>
  <TR>
    <TD>4982.0</TD>
    <TD>240.7811</TD>
    <TD>54.98815</TD>
    <TD>1448.5</TD>
    <TD>4100.0</TD>
    <TD>23.283</TD>
    <TD>0.0785</TD>
    <TD>23.4708</TD>
    <TD>0.1038</TD>
    <TD>23.1525</TD>
    <TD>0.0812</TD>
    <TD>0.5</TD>
  </TR>
  <TR>
    <TD>4983.0</TD>
    <TD>240.7811</TD>
    <TD>54.98957</TD>
    <TD>1433.035</TD>
    <TD>4100.0</TD>
    <TD>23.9558</TD>
    <TD>0.1063</TD>
    <TD>24.1124</TD>
    <TD>0.1758</TD>
    <TD>23.8287</TD>
    <TD>0.1099</TD>
    <TD>0.49</TD>
  </TR>
  <TR>
    <TD>4984.0</TD>
    <TD>240.7812</TD>
    <TD>54.99245</TD>
    <TD>1401.507</TD>
    <TD>4100.0</TD>
    <TD>24.3947</TD>
    <TD>0.1391</TD>
    <TD>24.0533</TD>
    <TD>0.1502</TD>
    <TD>24.2315</TD>
    <TD>0.1444</TD>
    <TD>0.5</TD>
  </TR>
  <TR>
    <TD>4985.0</TD>
    <TD>240.7813</TD>
    <TD>54.99525</TD>
    <TD>1370.895</TD>
    <TD>4100.0</TD>
    <TD>24.1796</TD>
    <TD>0.1225</TD>
    <TD>23.6564</TD>
    <TD>0.1144</TD>
    <TD>24.0329</TD>
    <TD>0.1269</TD>
    <TD>0.52</TD>
  </TR>
  <TR>
    <TD>4986.0</TD>
    <TD>240.7812</TD>
    <TD>54.994</TD>
    <TD>1384.547</TD>
    <TD>4100.0</TD>
    <TD>23.141</TD>
    <TD>0.0778</TD>
    <TD>24.2708</TD>
    <TD>0.1824</TD>
    <TD>22.9803</TD>
    <TD>0.0807</TD>
    <TD>0.5</TD>
  </TR>
  <TR>
    <TD>4987.0</TD>
    <TD>240.7814</TD>
    <TD>55.00006</TD>
    <TD>1318.303</TD>
    <TD>4099.921</TD>
    <TD>21.9673</TD>
    <TD>0.0438</TD>
    <TD>22.6612</TD>
    <TD>0.0912</TD>
    <TD>21.826</TD>
    <TD>0.0453</TD>
    <TD>0.01</TD>
  </TR>
  <TR>
    <TD>4988.0</TD>
    <TD>240.7819</TD>
    <TD>55.0029</TD>
    <TD>1287.272</TD>
    <TD>4097.535</TD>
    <TD>21.505</TD>
    <TD>0.0402</TD>
    <TD>21.4767</TD>
    <TD>0.0683</TD>
    <TD>21.4767</TD>
    <TD>0.0683</TD>
    <TD>0.0</TD>
  </TR>
  <TR>
    <TD>4989.0</TD>
    <TD>240.7816</TD>
    <TD>55.00802</TD>
    <TD>1231.264</TD>
    <TD>4099.881</TD>
    <TD>23.0513</TD>
    <TD>0.0814</TD>
    <TD>23.1137</TD>
    <TD>0.1189</TD>
    <TD>22.8272</TD>
    <TD>0.0846</TD>
    <TD>0.2</TD>
  </TR>
  <TR>
    <TD>4990.0</TD>
    <TD>240.7817</TD>
    <TD>55.01177</TD>
    <TD>1190.153</TD>
    <TD>4100.0</TD>
    <TD>23.7192</TD>
    <TD>0.0983</TD>
    <TD>23.325</TD>
    <TD>0.0986</TD>
    <TD>23.577</TD>
    <TD>0.1018</TD>
    <TD>0.26</TD>
  </TR>
  <TR>
    <TD>4991.0</TD>
    <TD>240.7818</TD>
    <TD>55.01408</TD>
    <TD>1164.838</TD>
    <TD>4100.0</TD>
    <TD>22.4768</TD>
    <TD>0.0563</TD>
    <TD>22.6582</TD>
    <TD>0.0718</TD>
    <TD>22.3263</TD>
    <TD>0.0584</TD>
    <TD>0.25</TD>
  </TR>
  <TR>
    <TD>4992.0</TD>
    <TD>240.7819</TD>
    <TD>55.01649</TD>
    <TD>1138.48</TD>
    <TD>4100.0</TD>
    <TD>24.0106</TD>
    <TD>0.1114</TD>
    <TD>24.1506</TD>
    <TD>0.1433</TD>
    <TD>23.8727</TD>
    <TD>0.1154</TD>
    <TD>0.5</TD>
  </TR>
  <TR>
    <TD>4993.0</TD>
    <TD>240.7819</TD>
    <TD>55.01818</TD>
    <TD>1119.939</TD>
    <TD>4100.0</TD>
    <TD>23.9393</TD>
    <TD>0.1097</TD>
    <TD>24.5007</TD>
    <TD>0.1796</TD>
    <TD>23.7922</TD>
    <TD>0.1137</TD>
    <TD>0.5</TD>
  </TR>
  <TR>
    <TD>4994.0</TD>
    <TD>240.7819</TD>
    <TD>55.01908</TD>
    <TD>1110.021</TD>
    <TD>4100.0</TD>
    <TD>25.2944</TD>
    <TD>0.2088</TD>
    <TD>24.844</TD>
    <TD>0.1924</TD>
    <TD>25.1362</TD>
    <TD>0.2166</TD>
    <TD>0.47</TD>
  </TR>
  <TR>
    <TD>4995.0</TD>
    <TD>240.7819</TD>
    <TD>55.01946</TD>
    <TD>1105.941</TD>
    <TD>4100.0</TD>
    <TD>25.1821</TD>
    <TD>0.1894</TD>
    <TD>24.8639</TD>
    <TD>0.1958</TD>
    <TD>25.0486</TD>
    <TD>0.1961</TD>
    <TD>0.46</TD>
  </TR>
  <TR>
    <TD>4996.0</TD>
    <TD>240.7826</TD>
    <TD>55.02173</TD>
    <TD>1080.977</TD>
    <TD>4096.548</TD>
    <TD>25.0258</TD>
    <TD>0.2427</TD>
    <TD>24.2684</TD>
    <TD>0.3695</TD>
    <TD>24.5447</TD>
    <TD>0.2418</TD>
    <TD>0.37</TD>
  </TR>
  <TR>
    <TD>4997.0</TD>
    <TD>240.782</TD>
    <TD>55.02174</TD>
    <TD>1080.887</TD>
    <TD>4099.791</TD>
    <TD>22.5781</TD>
    <TD>0.0593</TD>
    <TD>22.8198</TD>
    <TD>0.0964</TD>
    <TD>22.4242</TD>
    <TD>0.0615</TD>
    <TD>0.45</TD>
  </TR>
  <TR>
    <TD>4998.0</TD>
    <TD>240.7822</TD>
    <TD>55.02821</TD>
    <TD>1009.983</TD>
    <TD>4100.0</TD>
    <TD>25.3899</TD>
    <TD>0.227</TD>
    <TD>24.7275</TD>
    <TD>0.2199</TD>
    <TD>24.7275</TD>
    <TD>0.2199</TD>
    <TD>0.47</TD>
  </TR>
  <TR>
    <TD>4999.0</TD>
    <TD>240.7825</TD>
    <TD>55.03887</TD>
    <TD>892.949</TD>
    <TD>4100.0</TD>
    <TD>24.1295</TD>
    <TD>0.1295</TD>
    <TD>23.8714</TD>
    <TD>0.1278</TD>
    <TD>23.8714</TD>
    <TD>0.1278</TD>
    <TD>0.49</TD>
  </TR>
  <TR>
    <TD>5000.0</TD>
    <TD>240.7851</TD>
    <TD>55.04928</TD>
    <TD>778.393</TD>
    <TD>4085.481</TD>
    <TD>17.5564</TD>
    <TD>0.0029</TD>
    <TD>17.5752</TD>
    <TD>0.0027</TD>
    <TD>17.5752</TD>
    <TD>0.0027</TD>
    <TD>0.04</TD>
  </TR>
  <TR>
    <TD>5001.0</TD>
    <TD>240.7857</TD>
    <TD>55.08107</TD>
    <TD>428.226</TD>
    <TD>4087.52</TD>
    <TD>21.9948</TD>
    <TD>0.0541</TD>
    <TD>21.7471</TD>
    <TD>0.0904</TD>
    <TD>21.7471</TD>
    <TD>0.0904</TD>
    <TD>0.0</TD>
  </TR>
  <TR>
    <TD>5002.0</TD>
    <TD>240.7837</TD>
    <TD>55.03182</TD>
    <TD>970.303</TD>
    <TD>4091.044</TD>
    <TD>25.5426</TD>
    <TD>0.2962</TD>
    <TD>24.6291</TD>
    <TD>0.4637</TD>
    <TD>24.6291</TD>
    <TD>0.4637</TD>
    <TD>0.48</TD>
  </TR>
  <TR>
    <TD>5003.0</TD>
    <TD>240.7838</TD>
    <TD>55.03482</TD>
    <TD>937.36</TD>
    <TD>4091.312</TD>
    <TD>25.6465</TD>
    <TD>0.2843</TD>
    <TD>25.022</TD>
    <TD>0.4636</TD>
    <TD>25.022</TD>
    <TD>0.4636</TD>
    <TD>0.38</TD>
  </TR>
  <TR>
    <TD>5004.0</TD>
    <TD>240.7839</TD>
    <TD>55.03759</TD>
    <TD>906.962</TD>
    <TD>4091.067</TD>
    <TD>24.245</TD>
    <TD>0.1366</TD>
    <TD>24.3729</TD>
    <TD>0.2275</TD>
    <TD>24.3729</TD>
    <TD>0.2275</TD>
    <TD>0.79</TD>
  </TR>
  <TR>
    <TD>5005.0</TD>
    <TD>240.7849</TD>
    <TD>55.09022</TD>
    <TD>327.278</TD>
    <TD>4093.995</TD>
    <TD>22.7674</TD>
    <TD>0.0906</TD>
    <TD>22.448</TD>
    <TD>0.1508</TD>
    <TD>22.448</TD>
    <TD>0.1508</TD>
    <TD>0.0</TD>
  </TR>
  <TR>
    <TD>5006.0</TD>
    <TD>240.7826</TD>
    <TD>54.964</TD>
    <TD>1712.004</TD>
    <TD>4086.435</TD>
    <TD>23.3796</TD>
    <TD>0.1172</TD>
    <TD>22.6324</TD>
    <TD>0.1892</TD>
    <TD>22.6324</TD>
    <TD>0.1892</TD>
    <TD>0.48</TD>
  </TR>
  <TR>
    <TD>5007.0</TD>
    <TD>240.7833</TD>
    <TD>55.01456</TD>
    <TD>1159.477</TD>
    <TD>4090.454</TD>
    <TD>25.602</TD>
    <TD>0.3122</TD>
    <TD>24.9607</TD>
    <TD>0.4766</TD>
    <TD>24.9607</TD>
    <TD>0.4766</TD>
    <TD>0.36</TD>
  </TR>
  <TR>
    <TD>5008.0</TD>
    <TD>240.7831</TD>
    <TD>55.00593</TD>
    <TD>1253.988</TD>
    <TD>4090.177</TD>
    <TD>24.7329</TD>
    <TD>0.2209</TD>
    <TD>23.4828</TD>
    <TD>0.2471</TD>
    <TD>23.4828</TD>
    <TD>0.2471</TD>
    <TD>0.35</TD>
  </TR>
  <TR>
    <TD>5009.0</TD>
    <TD>240.7854</TD>
    <TD>55.08403</TD>
    <TD>395.546</TD>
    <TD>4089.976</TD>
    <TD>25.1975</TD>
    <TD>0.2632</TD>
    <TD>23.8669</TD>
    <TD>0.2524</TD>
    <TD>23.8669</TD>
    <TD>0.2524</TD>
    <TD>0.36</TD>
  </TR>
  <TR>
    <TD>5010.0</TD>
    <TD>240.7816</TD>
    <TD>55.00673</TD>
    <TD>1245.325</TD>
    <TD>4100.0</TD>
    <TD>23.024</TD>
    <TD>0.0717</TD>
    <TD>23.2999</TD>
    <TD>0.1164</TD>
    <TD>22.8793</TD>
    <TD>0.0743</TD>
    <TD>0.04</TD>
  </TR>
  <TR>
    <TD>5011.0</TD>
    <TD>240.7849</TD>
    <TD>55.02112</TD>
    <TD>1087.551</TD>
    <TD>4082.024</TD>
    <TD>22.9732</TD>
    <TD>0.0959</TD>
    <TD>22.544</TD>
    <TD>0.1726</TD>
    <TD>22.544</TD>
    <TD>0.1726</TD>
    <TD>0.01</TD>
  </TR>
  <TR>
    <TD>5012.0</TD>
    <TD>240.7837</TD>
    <TD>55.0579</TD>
    <TD>683.631</TD>
    <TD>4095.517</TD>
    <TD>19.2127</TD>
    <TD>0.0084</TD>
    <TD>19.2158</TD>
    <TD>0.0091</TD>
    <TD>19.2158</TD>
    <TD>0.0091</TD>
    <TD>0.03</TD>
  </TR>
  <TR>
    <TD>5013.0</TD>
    <TD>240.7879</TD>
    <TD>55.10255</TD>
    <TD>190.769</TD>
    <TD>4077.822</TD>
    <TD>21.1963</TD>
    <TD>0.0332</TD>
    <TD>21.1091</TD>
    <TD>0.0453</TD>
    <TD>21.1091</TD>
    <TD>0.0453</TD>
    <TD>0.0</TD>
  </TR>
  <TR>
    <TD>5014.0</TD>
    <TD>240.7876</TD>
    <TD>55.11186</TD>
    <TD>87.665</TD>
    <TD>4081.309</TD>
    <TD>21.5349</TD>
    <TD>0.0403</TD>
    <TD>21.4312</TD>
    <TD>0.0549</TD>
    <TD>21.3149</TD>
    <TD>0.0419</TD>
    <TD>0.0</TD>
  </TR>
  <TR>
    <TD>5015.0</TD>
    <TD>240.7885</TD>
    <TD>55.11042</TD>
    <TD>103.544</TD>
    <TD>4075.145</TD>
    <TD>20.0113</TD>
    <TD>0.0168</TD>
    <TD>19.8903</TD>
    <TD>0.0222</TD>
    <TD>19.8903</TD>
    <TD>0.0222</TD>
    <TD>0.01</TD>
  </TR>
  <TR>
    <TD>5016.0</TD>
    <TD>240.7863</TD>
    <TD>55.05856</TD>
    <TD>676.304</TD>
    <TD>4079.52</TD>
    <TD>23.7768</TD>
    <TD>0.15</TD>
    <TD>22.5346</TD>
    <TD>0.1727</TD>
    <TD>23.017</TD>
    <TD>0.1338</TD>
    <TD>0.55</TD>
  </TR>
  <TR>
    <TD>5017.0</TD>
    <TD>240.7875</TD>
    <TD>55.10784</TD>
    <TD>132.28</TD>
    <TD>4081.326</TD>
    <TD>25.6439</TD>
    <TD>0.2837</TD>
    <TD>24.8534</TD>
    <TD>0.3975</TD>
    <TD>24.8534</TD>
    <TD>0.3975</TD>
    <TD>0.37</TD>
  </TR>
  <TR>
    <TD>5018.0</TD>
    <TD>240.7854</TD>
    <TD>55.02962</TD>
    <TD>994.346</TD>
    <TD>4080.322</TD>
    <TD>25.728</TD>
    <TD>0.3056</TD>
    <TD>25.3102</TD>
    <TD>0.4056</TD>
    <TD>25.3102</TD>
    <TD>0.4056</TD>
    <TD>0.41</TD>
  </TR>
  <TR>
    <TD>5019.0</TD>
    <TD>240.7874</TD>
    <TD>55.04294</TD>
    <TD>848.016</TD>
    <TD>4070.235</TD>
    <TD>18.8074</TD>
    <TD>0.0061</TD>
    <TD>18.807</TD>
    <TD>0.0064</TD>
    <TD>18.807</TD>
    <TD>0.0064</TD>
    <TD>0.03</TD>
  </TR>
  <TR>
    <TD>5020.0</TD>
    <TD>240.7886</TD>
    <TD>55.09878</TD>
    <TD>232.448</TD>
    <TD>4072.919</TD>
    <TD>21.5575</TD>
    <TD>0.0395</TD>
    <TD>21.3902</TD>
    <TD>0.0496</TD>
    <TD>21.3902</TD>
    <TD>0.0496</TD>
    <TD>0.01</TD>
  </TR>
  <TR>
    <TD>5021.0</TD>
    <TD>240.788</TD>
    <TD>55.09044</TD>
    <TD>324.655</TD>
    <TD>4074.823</TD>
    <TD>24.8551</TD>
    <TD>0.2465</TD>
    <TD>23.6002</TD>
    <TD>0.242</TD>
    <TD>23.6002</TD>
    <TD>0.242</TD>
    <TD>0.36</TD>
  </TR>
  <TR>
    <TD>5022.0</TD>
    <TD>240.7922</TD>
    <TD>55.08216</TD>
    <TD>415.861</TD>
    <TD>4047.278</TD>
    <TD>23.4827</TD>
    <TD>0.1231</TD>
    <TD>22.7119</TD>
    <TD>0.1879</TD>
    <TD>22.7119</TD>
    <TD>0.1879</TD>
    <TD>0.2</TD>
  </TR>
  <TR>
    <TD>5023.0</TD>
    <TD>240.7907</TD>
    <TD>55.00878</TD>
    <TD>1222.313</TD>
    <TD>4043.321</TD>
    <TD>25.9615</TD>
    <TD>0.376</TD>
    <TD>25.3664</TD>
    <TD>0.5343</TD>
    <TD>25.3664</TD>
    <TD>0.5343</TD>
    <TD>0.38</TD>
  </TR>
  <TR>
    <TD>5024.0</TD>
    <TD>240.7895</TD>
    <TD>55.11505</TD>
    <TD>52.238</TD>
    <TD>4069.964</TD>
    <TD>25.4765</TD>
    <TD>0.2793</TD>
    <TD>24.9231</TD>
    <TD>0.4312</TD>
    <TD>24.9231</TD>
    <TD>0.4312</TD>
    <TD>0.42</TD>
  </TR>
  <TR>
    <TD>5025.0</TD>
    <TD>240.7904</TD>
    <TD>55.09402</TD>
    <TD>284.938</TD>
    <TD>4060.65</TD>
    <TD>23.5054</TD>
    <TD>0.1197</TD>
    <TD>23.2771</TD>
    <TD>0.1609</TD>
    <TD>23.2771</TD>
    <TD>0.1609</TD>
    <TD>0.11</TD>
  </TR>
  <TR>
    <TD>5026.0</TD>
    <TD>240.7927</TD>
    <TD>55.03776</TD>
    <TD>904.499</TD>
    <TD>4035.986</TD>
    <TD>25.5598</TD>
    <TD>0.3007</TD>
    <TD>24.645</TD>
    <TD>0.4536</TD>
    <TD>24.645</TD>
    <TD>0.4536</TD>
    <TD>0.36</TD>
  </TR>
  <TR>
    <TD>5027.0</TD>
    <TD>240.793</TD>
    <TD>55.05005</TD>
    <TD>769.501</TD>
    <TD>4036.493</TD>
    <TD>25.7565</TD>
    <TD>0.3584</TD>
    <TD>25.3039</TD>
    <TD>0.4639</TD>
    <TD>25.3039</TD>
    <TD>0.4639</TD>
    <TD>0.44</TD>
  </TR>
  <TR>
    <TD>5028.0</TD>
    <TD>240.7851</TD>
    <TD>54.96152</TD>
    <TD>1738.948</TD>
    <TD>4070.45</TD>
    <TD>24.3467</TD>
    <TD>0.177</TD>
    <TD>23.4901</TD>
    <TD>0.2023</TD>
    <TD>23.4901</TD>
    <TD>0.2023</TD>
    <TD>0.35</TD>
  </TR>
  <TR>
    <TD>5029.0</TD>
    <TD>240.7935</TD>
    <TD>55.0031</TD>
    <TD>1284.339</TD>
    <TD>4025.249</TD>
    <TD>21.6563</TD>
    <TD>0.0457</TD>
    <TD>21.4524</TD>
    <TD>0.066</TD>
    <TD>21.3653</TD>
    <TD>0.0473</TD>
    <TD>0.0</TD>
  </TR>
  <TR>
    <TD>5030.0</TD>
    <TD>240.7906</TD>
    <TD>55.02985</TD>
    <TD>991.521</TD>
    <TD>4047.769</TD>
    <TD>20.6721</TD>
    <TD>0.021</TD>
    <TD>20.6223</TD>
    <TD>0.0278</TD>
    <TD>20.6223</TD>
    <TD>0.0278</TD>
    <TD>0.02</TD>
  </TR>
  <TR>
    <TD>5031.0</TD>
    <TD>240.7924</TD>
    <TD>54.94788</TD>
    <TD>1887.0</TD>
    <TD>4023.038</TD>
    <TD>22.8995</TD>
    <TD>0.0924</TD>
    <TD>22.2487</TD>
    <TD>0.1382</TD>
    <TD>22.2487</TD>
    <TD>0.1382</TD>
    <TD>0.01</TD>
  </TR>
  <TR>
    <TD>5032.0</TD>
    <TD>240.7957</TD>
    <TD>55.104</TD>
    <TD>174.285</TD>
    <TD>4029.304</TD>
    <TD>25.6303</TD>
    <TD>0.2803</TD>
    <TD>25.0802</TD>
    <TD>0.3293</TD>
    <TD>25.0802</TD>
    <TD>0.3293</TD>
    <TD>0.39</TD>
  </TR>
  <TR>
    <TD>5033.0</TD>
    <TD>240.7967</TD>
    <TD>55.06386</TD>
    <TD>617.368</TD>
    <TD>4015.952</TD>
    <TD>22.6085</TD>
    <TD>0.0763</TD>
    <TD>22.4251</TD>
    <TD>0.1312</TD>
    <TD>22.4251</TD>
    <TD>0.1312</TD>
    <TD>0.0</TD>
  </TR>
  <TR>
    <TD>5034.0</TD>
    <TD>240.7963</TD>
    <TD>55.06174</TD>
    <TD>640.651</TD>
    <TD>4017.67</TD>
    <TD>25.2443</TD>
    <TD>0.2744</TD>
    <TD>23.9495</TD>
    <TD>0.3024</TD>
    <TD>23.9495</TD>
    <TD>0.3024</TD>
    <TD>0.46</TD>
  </TR>
  <TR>
    <TD>5035.0</TD>
    <TD>240.7984</TD>
    <TD>55.10446</TD>
    <TD>169.054</TD>
    <TD>4012.655</TD>
    <TD>19.5825</TD>
    <TD>0.0113</TD>
    <TD>19.5124</TD>
    <TD>0.0137</TD>
    <TD>19.5262</TD>
    <TD>0.0115</TD>
    <TD>0.03</TD>
  </TR>
  <TR>
    <TD>5036.0</TD>
    <TD>240.7977</TD>
    <TD>55.07786</TD>
    <TD>462.965</TD>
    <TD>4012.0</TD>
    <TD>25.7223</TD>
    <TD>0.304</TD>
    <TD>24.695</TD>
    <TD>0.3962</TD>
    <TD>24.695</TD>
    <TD>0.3962</TD>
    <TD>0.37</TD>
  </TR>
  <TR>
    <TD>5037.0</TD>
    <TD>240.8001</TD>
    <TD>55.11322</TD>
    <TD>71.958</TD>
    <TD>4003.507</TD>
    <TD>20.9928</TD>
    <TD>0.0333</TD>
    <TD>20.9047</TD>
    <TD>0.0475</TD>
    <TD>20.9047</TD>
    <TD>0.0475</TD>
    <TD>0.0</TD>
  </TR>
  <TR>
    <TD>5038.0</TD>
    <TD>240.7986</TD>
    <TD>54.99724</TD>
    <TD>1348.154</TD>
    <TD>3992.485</TD>
    <TD>21.6328</TD>
    <TD>0.0386</TD>
    <TD>21.5783</TD>
    <TD>0.0541</TD>
    <TD>21.5783</TD>
    <TD>0.0541</TD>
    <TD>0.01</TD>
  </TR>
  <TR>
    <TD>5039.0</TD>
    <TD>240.8</TD>
    <TD>55.07048</TD>
    <TD>544.21</TD>
    <TD>3996.615</TD>
    <TD>25.4512</TD>
    <TD>0.303</TD>
    <TD>24.4876</TD>
    <TD>0.4612</TD>
    <TD>24.4876</TD>
    <TD>0.4612</TD>
    <TD>0.36</TD>
  </TR>
  <TR>
    <TD>5040.0</TD>
    <TD>240.8246</TD>
    <TD>55.10352</TD>
    <TD>177.894</TD>
    <TD>3848.794</TD>
    <TD>22.6782</TD>
    <TD>0.0792</TD>
    <TD>22.5809</TD>
    <TD>0.1187</TD>
    <TD>22.5809</TD>
    <TD>0.1187</TD>
    <TD>0.0</TD>
  </TR>
  <TR>
    <TD>5041.0</TD>
    <TD>240.8243</TD>
    <TD>55.11246</TD>
    <TD>78.99</TD>
    <TD>3852.64</TD>
    <TD>24.7183</TD>
    <TD>0.1848</TD>
    <TD>24.422</TD>
    <TD>0.3212</TD>
    <TD>24.422</TD>
    <TD>0.3212</TD>
    <TD>0.58</TD>
  </TR>
  <TR>
    <TD>5042.0</TD>
    <TD>240.8259</TD>
    <TD>55.11916</TD>
    <TD>4.655</TD>
    <TD>3843.481</TD>
    <TD>19.9318</TD>
    <TD>0.0127</TD>
    <TD>19.9287</TD>
    <TD>0.014</TD>
    <TD>19.9287</TD>
    <TD>0.014</TD>
    <TD>0.03</TD>
  </TR>
  <TR>
    <TD>5043.0</TD>
    <TD>240.8668</TD>
    <TD>54.95543</TD>
    <TD>1799.464</TD>
    <TD>3560.738</TD>
    <TD>23.3139</TD>
    <TD>0.1165</TD>
    <TD>22.8156</TD>
    <TD>0.1976</TD>
    <TD>22.8156</TD>
    <TD>0.1976</TD>
    <TD>0.59</TD>
  </TR>
  <TR>
    <TD>5044.0</TD>
    <TD>240.8856</TD>
    <TD>55.07438</TD>
    <TD>495.359</TD>
    <TD>3463.162</TD>
    <TD>25.437</TD>
    <TD>0.2992</TD>
    <TD>24.252</TD>
    <TD>0.364</TD>
    <TD>24.252</TD>
    <TD>0.364</TD>
    <TD>0.48</TD>
  </TR>
  <TR>
    <TD>5045.0</TD>
    <TD>240.8828</TD>
    <TD>55.01027</TD>
    <TD>1199.594</TD>
    <TD>3470.409</TD>
    <TD>23.6365</TD>
    <TD>0.13</TD>
    <TD>22.905</TD>
    <TD>0.1569</TD>
    <TD>22.905</TD>
    <TD>0.1569</TD>
    <TD>0.02</TD>
  </TR>
  <TR>
    <TD>5046.0</TD>
    <TD>240.8969</TD>
    <TD>55.05817</TD>
    <TD>673.007</TD>
    <TD>3390.371</TD>
    <TD>21.7472</TD>
    <TD>0.0468</TD>
    <TD>21.5518</TD>
    <TD>0.0745</TD>
    <TD>21.5518</TD>
    <TD>0.0745</TD>
    <TD>0.0</TD>
  </TR>
  <TR>
    <TD>5047.0</TD>
    <TD>240.8882</TD>
    <TD>55.01156</TD>
    <TD>1185.093</TD>
    <TD>3436.711</TD>
    <TD>25.0309</TD>
    <TD>0.2438</TD>
    <TD>24.1292</TD>
    <TD>0.3062</TD>
    <TD>24.1292</TD>
    <TD>0.3062</TD>
    <TD>0.47</TD>
  </TR>
  <TR>
    <TD>5048.0</TD>
    <TD>240.9177</TD>
    <TD>55.10656</TD>
    <TD>137.402</TD>
    <TD>3268.979</TD>
    <TD>24.7349</TD>
    <TD>0.1748</TD>
    <TD>24.9032</TD>
    <TD>0.3023</TD>
    <TD>24.9032</TD>
    <TD>0.3023</TD>
    <TD>0.73</TD>
  </TR>
  <TR>
    <TD>5049.0</TD>
    <TD>240.8618</TD>
    <TD>54.94222</TD>
    <TD>1943.684</TD>
    <TD>3589.653</TD>
    <TD>26.0832</TD>
    <TD>0.4192</TD>
    <TD>25.1868</TD>
    <TD>0.4651</TD>
    <TD>25.1868</TD>
    <TD>0.4651</TD>
    <TD>0.4</TD>
  </TR>
  <TR>
    <TD>5050.0</TD>
    <TD>240.9198</TD>
    <TD>54.9323</TD>
    <TD>2046.674</TD>
    <TD>3227.173</TD>
    <TD>23.5083</TD>
    <TD>0.116</TD>
    <TD>23.4381</TD>
    <TD>0.1746</TD>
    <TD>23.4381</TD>
    <TD>0.1746</TD>
    <TD>0.54</TD>
  </TR>
  <TR>
    <TD>5051.0</TD>
    <TD>240.8922</TD>
    <TD>55.08254</TD>
    <TD>404.92</TD>
    <TD>3423.646</TD>
    <TD>24.7124</TD>
    <TD>0.2169</TD>
    <TD>23.6203</TD>
    <TD>0.3025</TD>
    <TD>23.6203</TD>
    <TD>0.3025</TD>
    <TD>0.48</TD>
  </TR>
  <TR>
    <TD>5052.0</TD>
    <TD>240.8853</TD>
    <TD>55.0753</TD>
    <TD>485.262</TD>
    <TD>3465.231</TD>
    <TD>25.3568</TD>
    <TD>0.2786</TD>
    <TD>24.8582</TD>
    <TD>0.4471</TD>
    <TD>24.8582</TD>
    <TD>0.4471</TD>
    <TD>0.37</TD>
  </TR>
  <TR>
    <TD>5053.0</TD>
    <TD>240.8816</TD>
    <TD>55.08447</TD>
    <TD>384.402</TD>
    <TD>3490.085</TD>
    <TD>24.3683</TD>
    <TD>0.1805</TD>
    <TD>23.1519</TD>
    <TD>0.2009</TD>
    <TD>23.1519</TD>
    <TD>0.2009</TD>
    <TD>0.47</TD>
  </TR>
  <TR>
    <TD>5054.0</TD>
    <TD>240.8584</TD>
    <TD>54.93446</TD>
    <TD>2028.313</TD>
    <TD>3609.348</TD>
    <TD>26.0985</TD>
    <TD>0.425</TD>
    <TD>25.1623</TD>
    <TD>0.4548</TD>
    <TD>25.1623</TD>
    <TD>0.4548</TD>
    <TD>0.35</TD>
  </TR>
  <TR>
    <TD>5055.0</TD>
    <TD>240.8968</TD>
    <TD>54.94039</TD>
    <TD>1960.679</TD>
    <TD>3371.623</TD>
    <TD>25.9586</TD>
    <TD>0.3751</TD>
    <TD>24.9963</TD>
    <TD>0.4445</TD>
    <TD>24.9963</TD>
    <TD>0.4445</TD>
    <TD>0.4</TD>
  </TR>
  <TR>
    <TD>5056.0</TD>
    <TD>240.8562</TD>
    <TD>54.99204</TD>
    <TD>1401.0</TD>
    <TD>3632.978</TD>
    <TD>26.0645</TD>
    <TD>0.4122</TD>
    <TD>24.2876</TD>
    <TD>0.3481</TD>
    <TD>24.2876</TD>
    <TD>0.3481</TD>
    <TD>0.35</TD>
  </TR>
  <TR>
    <TD>5057.0</TD>
    <TD>240.8732</TD>
    <TD>55.04412</TD>
    <TD>829.303</TD>
    <TD>3535.362</TD>
    <TD>25.6707</TD>
    <TD>0.2905</TD>
    <TD>25.0294</TD>
    <TD>0.4667</TD>
    <TD>25.0294</TD>
    <TD>0.4667</TD>
    <TD>0.41</TD>
  </TR>
  <TR>
    <TD>5058.0</TD>
    <TD>240.8865</TD>
    <TD>55.07293</TD>
    <TD>511.338</TD>
    <TD>3457.334</TD>
    <TD>25.9839</TD>
    <TD>0.3836</TD>
    <TD>24.9285</TD>
    <TD>0.5101</TD>
    <TD>24.9285</TD>
    <TD>0.5101</TD>
    <TD>0.37</TD>
  </TR>
  <TR>
    <TD>5059.0</TD>
    <TD>240.8906</TD>
    <TD>55.04604</TD>
    <TD>806.798</TD>
    <TD>3427.534</TD>
    <TD>23.3271</TD>
    <TD>0.1118</TD>
    <TD>22.9976</TD>
    <TD>0.1425</TD>
    <TD>22.9976</TD>
    <TD>0.1425</TD>
    <TD>0.6</TD>
  </TR>
  <TR>
    <TD>5060.0</TD>
    <TD>240.8861</TD>
    <TD>55.01876</TD>
    <TD>1106.365</TD>
    <TD>3450.673</TD>
    <TD>25.8918</TD>
    <TD>0.3534</TD>
    <TD>25.2402</TD>
    <TD>0.4883</TD>
    <TD>25.2402</TD>
    <TD>0.4883</TD>
    <TD>0.43</TD>
  </TR>
  <TR>
    <TD>5061.0</TD>
    <TD>240.9029</TD>
    <TD>54.93421</TD>
    <TD>2027.466</TD>
    <TD>3332.511</TD>
    <TD>25.5762</TD>
    <TD>0.3052</TD>
    <TD>24.8392</TD>
    <TD>0.5419</TD>
    <TD>24.8392</TD>
    <TD>0.5419</TD>
    <TD>0.45</TD>
  </TR>
  <TR>
    <TD>5062.0</TD>
    <TD>240.8989</TD>
    <TD>55.04948</TD>
    <TD>768.328</TD>
    <TD>3376.648</TD>
    <TD>26.1244</TD>
    <TD>0.435</TD>
    <TD>24.9044</TD>
    <TD>0.4239</TD>
    <TD>24.9044</TD>
    <TD>0.4239</TD>
    <TD>0.36</TD>
  </TR>
  <TR>
    <TD>5063.0</TD>
    <TD>240.8969</TD>
    <TD>55.04501</TD>
    <TD>817.627</TD>
    <TD>3388.39</TD>
    <TD>23.2374</TD>
    <TD>0.1127</TD>
    <TD>21.8509</TD>
    <TD>0.1183</TD>
    <TD>21.8509</TD>
    <TD>0.1183</TD>
    <TD>0.01</TD>
  </TR>
  <TR>
    <TD>5064.0</TD>
    <TD>240.8608</TD>
    <TD>54.94097</TD>
    <TD>1957.306</TD>
    <TD>3595.687</TD>
    <TD>25.989</TD>
    <TD>0.3854</TD>
    <TD>24.5065</TD>
    <TD>0.3598</TD>
    <TD>24.5065</TD>
    <TD>0.3598</TD>
    <TD>0.37</TD>
  </TR>
  <TR>
    <TD>5065.0</TD>
    <TD>240.8763</TD>
    <TD>55.0457</TD>
    <TD>811.726</TD>
    <TD>3516.419</TD>
    <TD>24.5947</TD>
    <TD>0.2042</TD>
    <TD>23.9239</TD>
    <TD>0.3107</TD>
    <TD>23.9239</TD>
    <TD>0.3107</TD>
    <TD>0.32</TD>
  </TR>
  <TR>
    <TD>5066.0</TD>
    <TD>240.9223</TD>
    <TD>55.09632</TD>
    <TD>250.297</TD>
    <TD>3238.333</TD>
    <TD>25.8107</TD>
    <TD>0.3288</TD>
    <TD>25.1956</TD>
    <TD>0.4204</TD>
    <TD>25.1956</TD>
    <TD>0.4204</TD>
    <TD>0.41</TD>
  </TR>
  <TR>
    <TD>5067.0</TD>
    <TD>240.936</TD>
    <TD>54.93736</TD>
    <TD>1990.295</TD>
    <TD>3127.02</TD>
    <TD>21.1006</TD>
    <TD>0.0307</TD>
    <TD>20.9945</TD>
    <TD>0.04</TD>
    <TD>20.9945</TD>
    <TD>0.04</TD>
    <TD>0.0</TD>
  </TR>
  <TR>
    <TD>5068.0</TD>
    <TD>240.8768</TD>
    <TD>55.0591</TD>
    <TD>664.35</TD>
    <TD>3515.688</TD>
    <TD>25.8674</TD>
    <TD>0.3458</TD>
    <TD>25.1734</TD>
    <TD>0.3583</TD>
    <TD>25.1734</TD>
    <TD>0.3583</TD>
    <TD>0.37</TD>
  </TR>
  <TR>
    <TD>5069.0</TD>
    <TD>240.8732</TD>
    <TD>55.09095</TD>
    <TD>313.571</TD>
    <TD>3543.526</TD>
    <TD>24.426</TD>
    <TD>0.183</TD>
    <TD>23.7986</TD>
    <TD>0.2247</TD>
    <TD>23.7986</TD>
    <TD>0.2247</TD>
    <TD>0.48</TD>
  </TR>
  <TR>
    <TD>5070.0</TD>
    <TD>240.8924</TD>
    <TD>55.05908</TD>
    <TD>663.298</TD>
    <TD>3418.677</TD>
    <TD>25.9273</TD>
    <TD>0.3647</TD>
    <TD>25.1411</TD>
    <TD>0.348</TD>
    <TD>25.1411</TD>
    <TD>0.348</TD>
    <TD>0.39</TD>
  </TR>
  <TR>
    <TD>5071.0</TD>
    <TD>240.8922</TD>
    <TD>55.04678</TD>
    <TD>798.608</TD>
    <TD>3417.549</TD>
    <TD>22.4122</TD>
    <TD>0.0743</TD>
    <TD>21.9593</TD>
    <TD>0.0961</TD>
    <TD>21.9593</TD>
    <TD>0.0961</TD>
    <TD>0.0</TD>
  </TR>
  <TR>
    <TD>5072.0</TD>
    <TD>240.9022</TD>
    <TD>55.06834</TD>
    <TD>560.661</TD>
    <TD>3359.313</TD>
    <TD>25.7582</TD>
    <TD>0.3138</TD>
    <TD>25.4159</TD>
    <TD>0.32</TD>
    <TD>25.4159</TD>
    <TD>0.32</TD>
    <TD>0.36</TD>
  </TR>
  <TR>
    <TD>5073.0</TD>
    <TD>240.8683</TD>
    <TD>55.11054</TD>
    <TD>97.259</TD>
    <TD>3577.301</TD>
    <TD>21.3399</TD>
    <TD>0.0358</TD>
    <TD>21.2446</TD>
    <TD>0.0491</TD>
    <TD>21.2446</TD>
    <TD>0.0491</TD>
    <TD>0.0</TD>
  </TR>
  <TR>
    <TD>5074.0</TD>
    <TD>240.8883</TD>
    <TD>55.0014</TD>
    <TD>1296.197</TD>
    <TD>3434.408</TD>
    <TD>25.3218</TD>
    <TD>0.27</TD>
    <TD>24.9932</TD>
    <TD>0.3164</TD>
    <TD>24.9932</TD>
    <TD>0.3164</TD>
    <TD>0.41</TD>
  </TR>
  <TR>
    <TD>5075.0</TD>
    <TD>240.8792</TD>
    <TD>54.96669</TD>
    <TD>1675.826</TD>
    <TD>3485.248</TD>
    <TD>21.2056</TD>
    <TD>0.0363</TD>
    <TD>21.0355</TD>
    <TD>0.0553</TD>
    <TD>21.0355</TD>
    <TD>0.0553</TD>
    <TD>0.0</TD>
  </TR>
  <TR>
    <TD>5076.0</TD>
    <TD>240.8982</TD>
    <TD>55.03532</TD>
    <TD>923.891</TD>
    <TD>3378.517</TD>
    <TD>23.4958</TD>
    <TD>0.1264</TD>
    <TD>22.9574</TD>
    <TD>0.1873</TD>
    <TD>22.9574</TD>
    <TD>0.1873</TD>
    <TD>0.64</TD>
  </TR>
  <TR>
    <TD>5077.0</TD>
    <TD>240.8822</TD>
    <TD>54.97087</TD>
    <TD>1630.029</TD>
    <TD>3467.17</TD>
    <TD>25.0676</TD>
    <TD>0.2345</TD>
    <TD>25.0572</TD>
    <TD>0.4519</TD>
    <TD>25.0572</TD>
    <TD>0.4519</TD>
    <TD>0.35</TD>
  </TR>
  <TR>
    <TD>5078.0</TD>
    <TD>240.8947</TD>
    <TD>55.11559</TD>
    <TD>39.351</TD>
    <TD>3414.003</TD>
    <TD>24.5144</TD>
    <TD>0.1901</TD>
    <TD>23.3846</TD>
    <TD>0.2546</TD>
    <TD>23.3846</TD>
    <TD>0.2546</TD>
    <TD>0.38</TD>
  </TR>
  <TR>
    <TD>5079.0</TD>
    <TD>240.8939</TD>
    <TD>55.05111</TD>
    <TD>750.886</TD>
    <TD>3408.141</TD>
    <TD>24.6</TD>
    <TD>0.2138</TD>
    <TD>23.1163</TD>
    <TD>0.192</TD>
    <TD>23.1163</TD>
    <TD>0.192</TD>
    <TD>0.36</TD>
  </TR>
  <TR>
    <TD>5080.0</TD>
    <TD>240.874</TD>
    <TD>55.01522</TD>
    <TD>1146.135</TD>
    <TD>3525.495</TD>
    <TD>22.3167</TD>
    <TD>0.0654</TD>
    <TD>21.6271</TD>
    <TD>0.0993</TD>
    <TD>21.953</TD>
    <TD>0.067</TD>
    <TD>0.0</TD>
  </TR>
  <TR>
    <TD>5081.0</TD>
    <TD>240.8845</TD>
    <TD>55.01583</TD>
    <TD>1138.594</TD>
    <TD>3460.472</TD>
    <TD>23.6938</TD>
    <TD>0.1318</TD>
    <TD>23.1382</TD>
    <TD>0.1436</TD>
    <TD>23.1382</TD>
    <TD>0.1436</TD>
    <TD>0.05</TD>
  </TR>
  <TR>
    <TD>5082.0</TD>
    <TD>240.9037</TD>
    <TD>55.0774</TD>
    <TD>460.685</TD>
    <TD>3351.38</TD>
    <TD>19.2948</TD>
    <TD>0.0083</TD>
    <TD>19.2878</TD>
    <TD>0.0092</TD>
    <TD>19.2878</TD>
    <TD>0.0092</TD>
    <TD>0.03</TD>
  </TR>
  <TR>
    <TD>5083.0</TD>
    <TD>240.9361</TD>
    <TD>54.94896</TD>
    <TD>1864.091</TD>
    <TD>3128.442</TD>
    <TD>23.9419</TD>
    <TD>0.1147</TD>
    <TD>24.0254</TD>
    <TD>0.1773</TD>
    <TD>24.0254</TD>
    <TD>0.1773</TD>
    <TD>0.93</TD>
  </TR>
  <TR>
    <TD>5084.0</TD>
    <TD>240.8899</TD>
    <TD>55.02397</TD>
    <TD>1048.956</TD>
    <TD>3428.318</TD>
    <TD>23.0155</TD>
    <TD>0.0986</TD>
    <TD>22.7492</TD>
    <TD>0.173</TD>
    <TD>22.7492</TD>
    <TD>0.173</TD>
    <TD>0.0</TD>
  </TR>
  <TR>
    <TD>5085.0</TD>
    <TD>240.9012</TD>
    <TD>55.06019</TD>
    <TD>650.425</TD>
    <TD>3363.837</TD>
    <TD>24.9593</TD>
    <TD>0.2435</TD>
    <TD>24.012</TD>
    <TD>0.3163</TD>
    <TD>24.012</TD>
    <TD>0.3163</TD>
    <TD>0.47</TD>
  </TR>
  <TR>
    <TD>5086.0</TD>
    <TD>240.8991</TD>
    <TD>55.05127</TD>
    <TD>748.666</TD>
    <TD>3375.7</TD>
    <TD>25.8281</TD>
    <TD>0.3339</TD>
    <TD>24.5702</TD>
    <TD>0.3181</TD>
    <TD>24.5702</TD>
    <TD>0.3181</TD>
    <TD>0.43</TD>
  </TR>
  <TR>
    <TD>5087.0</TD>
    <TD>240.894</TD>
    <TD>55.06104</TD>
    <TD>641.68</TD>
    <TD>3408.653</TD>
    <TD>24.5162</TD>
    <TD>0.1821</TD>
    <TD>25.0257</TD>
    <TD>0.6242</TD>
    <TD>25.0257</TD>
    <TD>0.6242</TD>
    <TD>0.42</TD>
  </TR>
  <TR>
    <TD>5088.0</TD>
    <TD>240.8853</TD>
    <TD>55.05932</TD>
    <TD>661.305</TD>
    <TD>3463.049</TD>
    <TD>25.0378</TD>
    <TD>0.2284</TD>
    <TD>24.4868</TD>
    <TD>0.2997</TD>
    <TD>24.4868</TD>
    <TD>0.2997</TD>
    <TD>0.37</TD>
  </TR>
  <TR>
    <TD>5089.0</TD>
    <TD>240.8902</TD>
    <TD>54.99553</TD>
    <TD>1360.147</TD>
    <TD>3421.893</TD>
    <TD>24.5919</TD>
    <TD>0.1542</TD>
    <TD>24.993</TD>
    <TD>0.3278</TD>
    <TD>24.993</TD>
    <TD>0.3278</TD>
    <TD>0.84</TD>
  </TR>
  <TR>
    <TD>5090.0</TD>
    <TD>240.9012</TD>
    <TD>55.11524</TD>
    <TD>42.72</TD>
    <TD>3373.534</TD>
    <TD>20.7418</TD>
    <TD>0.0216</TD>
    <TD>20.6985</TD>
    <TD>0.0271</TD>
    <TD>20.6985</TD>
    <TD>0.0271</TD>
    <TD>0.02</TD>
  </TR>
  <TR>
    <TD>5091.0</TD>
    <TD>240.9147</TD>
    <TD>54.99566</TD>
    <TD>1356.686</TD>
    <TD>3269.331</TD>
    <TD>26.0647</TD>
    <TD>0.4123</TD>
    <TD>25.3552</TD>
    <TD>0.5288</TD>
    <TD>25.3552</TD>
    <TD>0.5288</TD>
    <TD>0.35</TD>
  </TR>
  <TR>
    <TD>5092.0</TD>
    <TD>240.8791</TD>
    <TD>55.07682</TD>
    <TD>468.977</TD>
    <TD>3504.456</TD>
    <TD>25.5534</TD>
    <TD>0.299</TD>
    <TD>24.8253</TD>
    <TD>0.4211</TD>
    <TD>24.8253</TD>
    <TD>0.4211</TD>
    <TD>0.36</TD>
  </TR>
  <TR>
    <TD>5093.0</TD>
    <TD>240.8933</TD>
    <TD>55.11225</TD>
    <TD>76.396</TD>
    <TD>3421.846</TD>
    <TD>21.9503</TD>
    <TD>0.0515</TD>
    <TD>21.8299</TD>
    <TD>0.0701</TD>
    <TD>21.8299</TD>
    <TD>0.0701</TD>
    <TD>0.01</TD>
  </TR>
  <TR>
    <TD>5094.0</TD>
    <TD>240.7884</TD>
    <TD>55.00865</TD>
    <TD>1223.908</TD>
    <TD>4057.613</TD>
    <TD>25.9808</TD>
    <TD>0.3826</TD>
    <TD>24.3755</TD>
    <TD>0.3229</TD>
    <TD>24.3755</TD>
    <TD>0.3229</TD>
    <TD>0.37</TD>
  </TR>
  <TR>
    <TD>5095.0</TD>
    <TD>240.8975</TD>
    <TD>55.08372</TD>
    <TD>391.484</TD>
    <TD>3390.816</TD>
    <TD>24.6477</TD>
    <TD>0.1846</TD>
    <TD>23.9324</TD>
    <TD>0.3327</TD>
    <TD>24.3347</TD>
    <TD>0.1906</TD>
    <TD>0.49</TD>
  </TR>
  <TR>
    <TD>5096.0</TD>
    <TD>240.8932</TD>
    <TD>54.98963</TD>
    <TD>1424.329</TD>
    <TD>3401.958</TD>
    <TD>23.3073</TD>
    <TD>0.1099</TD>
    <TD>23.156</TD>
    <TD>0.2029</TD>
    <TD>23.156</TD>
    <TD>0.2029</TD>
    <TD>0.0</TD>
  </TR>
  <TR>
    <TD>5097.0</TD>
    <TD>240.786</TD>
    <TD>55.08428</TD>
    <TD>392.775</TD>
    <TD>4086.025</TD>
    <TD>24.8342</TD>
    <TD>0.2419</TD>
    <TD>23.7704</TD>
    <TD>0.3263</TD>
    <TD>23.7704</TD>
    <TD>0.3263</TD>
    <TD>0.04</TD>
  </TR>
  <TR>
    <TD>5098.0</TD>
    <TD>240.903</TD>
    <TD>55.05565</TD>
    <TD>700.198</TD>
    <TD>3352.194</TD>
    <TD>25.278</TD>
    <TD>0.2828</TD>
    <TD>24.7217</TD>
    <TD>0.4275</TD>
    <TD>24.7217</TD>
    <TD>0.4275</TD>
    <TD>0.44</TD>
  </TR>
  <TR>
    <TD>5099.0</TD>
    <TD>240.8921</TD>
    <TD>54.97583</TD>
    <TD>1575.118</TD>
    <TD>3406.277</TD>
    <TD>23.3859</TD>
    <TD>0.0836</TD>
    <TD>23.4796</TD>
    <TD>0.1282</TD>
    <TD>23.4796</TD>
    <TD>0.1282</TD>
    <TD>0.8</TD>
  </TR>
  <TR>
    <TD>5100.0</TD>
    <TD>240.7872</TD>
    <TD>54.96031</TD>
    <TD>1752.0</TD>
    <TD>4057.008</TD>
    <TD>23.6552</TD>
    <TD>0.1345</TD>
    <TD>23.4578</TD>
    <TD>0.2722</TD>
    <TD>23.4578</TD>
    <TD>0.2722</TD>
    <TD>0.46</TD>
  </TR>
  <TR>
    <TD>5101.0</TD>
    <TD>240.89</TD>
    <TD>55.05798</TD>
    <TD>675.621</TD>
    <TD>3433.322</TD>
    <TD>25.8184</TD>
    <TD>0.3311</TD>
    <TD>25.5048</TD>
    <TD>0.3465</TD>
    <TD>25.5048</TD>
    <TD>0.3465</TD>
    <TD>0.43</TD>
  </TR>
  <TR>
    <TD>5102.0</TD>
    <TD>240.9018</TD>
    <TD>54.9895</TD>
    <TD>1425.115</TD>
    <TD>3348.116</TD>
    <TD>23.2329</TD>
    <TD>0.1148</TD>
    <TD>22.6817</TD>
    <TD>0.1656</TD>
    <TD>22.6817</TD>
    <TD>0.1656</TD>
    <TD>0.47</TD>
  </TR>
  <TR>
    <TD>5103.0</TD>
    <TD>240.8859</TD>
    <TD>54.95943</TD>
    <TD>1754.411</TD>
    <TD>3442.76</TD>
    <TD>25.4694</TD>
    <TD>0.308</TD>
    <TD>24.1989</TD>
    <TD>0.3157</TD>
    <TD>24.1989</TD>
    <TD>0.3157</TD>
    <TD>0.47</TD>
  </TR>
  <TR>
    <TD>5104.0</TD>
    <TD>240.8866</TD>
    <TD>55.08428</TD>
    <TD>386.203</TD>
    <TD>3458.742</TD>
    <TD>23.2882</TD>
    <TD>0.111</TD>
    <TD>22.6408</TD>
    <TD>0.1855</TD>
    <TD>22.6408</TD>
    <TD>0.1855</TD>
    <TD>0.02</TD>
  </TR>
  <TR>
    <TD>5105.0</TD>
    <TD>240.8969</TD>
    <TD>55.00775</TD>
    <TD>1225.984</TD>
    <TD>3382.0</TD>
    <TD>25.7971</TD>
    <TD>0.3249</TD>
    <TD>24.4695</TD>
    <TD>0.3438</TD>
    <TD>24.4695</TD>
    <TD>0.3438</TD>
    <TD>0.46</TD>
  </TR>
  <TR>
    <TD>5106.0</TD>
    <TD>240.9023</TD>
    <TD>54.94531</TD>
    <TD>1906.742</TD>
    <TD>3337.999</TD>
    <TD>25.5365</TD>
    <TD>0.2946</TD>
    <TD>24.2782</TD>
    <TD>0.3055</TD>
    <TD>24.2782</TD>
    <TD>0.3055</TD>
    <TD>0.4</TD>
  </TR>
  <TR>
    <TD>5107.0</TD>
    <TD>240.8834</TD>
    <TD>54.99673</TD>
    <TD>1347.644</TD>
    <TD>3464.308</TD>
    <TD>25.9383</TD>
    <TD>0.3683</TD>
    <TD>25.3746</TD>
    <TD>0.43</TD>
    <TD>25.3746</TD>
    <TD>0.43</TD>
    <TD>0.35</TD>
  </TR>
  <TR>
    <TD>5108.0</TD>
    <TD>240.9016</TD>
    <TD>55.10962</TD>
    <TD>104.893</TD>
    <TD>3369.599</TD>
    <TD>24.1221</TD>
    <TD>0.1597</TD>
    <TD>22.7112</TD>
    <TD>0.1648</TD>
    <TD>22.7112</TD>
    <TD>0.1648</TD>
    <TD>0.48</TD>
  </TR>
  <TR>
    <TD>5109.0</TD>
    <TD>240.8829</TD>
    <TD>55.08733</TD>
    <TD>352.749</TD>
    <TD>3482.588</TD>
    <TD>25.452</TD>
    <TD>0.3032</TD>
    <TD>24.5024</TD>
    <TD>0.4129</TD>
    <TD>24.5024</TD>
    <TD>0.4129</TD>
    <TD>0.36</TD>
  </TR>
  <TR>
    <TD>5110.0</TD>
    <TD>240.9089</TD>
    <TD>55.02296</TD>
    <TD>1058.489</TD>
    <TD>3310.0</TD>
    <TD>25.6473</TD>
    <TD>0.3251</TD>
    <TD>25.2049</TD>
    <TD>0.3687</TD>
    <TD>25.2049</TD>
    <TD>0.3687</TD>
    <TD>0.36</TD>
  </TR>
  <TR>
    <TD>5111.0</TD>
    <TD>240.886</TD>
    <TD>55.07788</TD>
    <TD>456.813</TD>
    <TD>3461.33</TD>
    <TD>24.2046</TD>
    <TD>0.1667</TD>
    <TD>23.4239</TD>
    <TD>0.2495</TD>
    <TD>23.4239</TD>
    <TD>0.2495</TD>
    <TD>0.46</TD>
  </TR>
  <TR>
    <TD>5112.0</TD>
    <TD>240.9046</TD>
    <TD>55.10029</TD>
    <TD>207.91</TD>
    <TD>3349.426</TD>
    <TD>20.1971</TD>
    <TD>0.0166</TD>
    <TD>20.1638</TD>
    <TD>0.0206</TD>
    <TD>20.1158</TD>
    <TD>0.0171</TD>
    <TD>0.03</TD>
  </TR>
  <TR>
    <TD>5113.0</TD>
    <TD>240.8937</TD>
    <TD>55.05879</TD>
    <TD>666.373</TD>
    <TD>3410.272</TD>
    <TD>23.6569</TD>
    <TD>0.1371</TD>
    <TD>22.409</TD>
    <TD>0.18</TD>
    <TD>22.409</TD>
    <TD>0.18</TD>
    <TD>0.21</TD>
  </TR>
  <TR>
    <TD>5114.0</TD>
    <TD>240.8974</TD>
    <TD>55.08436</TD>
    <TD>384.373</TD>
    <TD>3391.492</TD>
    <TD>22.9366</TD>
    <TD>0.0955</TD>
    <TD>22.6187</TD>
    <TD>0.1178</TD>
    <TD>22.6187</TD>
    <TD>0.1178</TD>
    <TD>0.0</TD>
  </TR>
  <TR>
    <TD>5115.0</TD>
    <TD>240.8972</TD>
    <TD>55.02279</TD>
    <TD>1061.306</TD>
    <TD>3382.642</TD>
    <TD>25.685</TD>
    <TD>0.2942</TD>
    <TD>25.3673</TD>
    <TD>0.3063</TD>
    <TD>25.3673</TD>
    <TD>0.3063</TD>
    <TD>0.42</TD>
  </TR>
  <TR>
    <TD>5116.0</TD>
    <TD>240.8965</TD>
    <TD>55.0857</TD>
    <TD>369.701</TD>
    <TD>3397.282</TD>
    <TD>24.959</TD>
    <TD>0.2287</TD>
    <TD>24.597</TD>
    <TD>0.2586</TD>
    <TD>24.597</TD>
    <TD>0.2586</TD>
    <TD>0.46</TD>
  </TR>
  <TR>
    <TD>5117.0</TD>
    <TD>240.8971</TD>
    <TD>55.07892</TD>
    <TD>444.42</TD>
    <TD>3392.471</TD>
    <TD>24.5588</TD>
    <TD>0.1706</TD>
    <TD>24.6257</TD>
    <TD>0.3231</TD>
    <TD>24.6257</TD>
    <TD>0.3231</TD>
    <TD>0.71</TD>
  </TR>
  <TR>
    <TD>5118.0</TD>
    <TD>240.9064</TD>
    <TD>54.94519</TD>
    <TD>1907.647</TD>
    <TD>3312.273</TD>
    <TD>25.8134</TD>
    <TD>0.3296</TD>
    <TD>24.9253</TD>
    <TD>0.4006</TD>
    <TD>24.9253</TD>
    <TD>0.4006</TD>
    <TD>0.41</TD>
  </TR>
  <TR>
    <TD>5119.0</TD>
    <TD>240.8978</TD>
    <TD>55.11678</TD>
    <TD>25.955</TD>
    <TD>3394.677</TD>
    <TD>23.8003</TD>
    <TD>0.1477</TD>
    <TD>23.171</TD>
    <TD>0.2426</TD>
    <TD>23.171</TD>
    <TD>0.2426</TD>
    <TD>0.21</TD>
  </TR>
  <TR>
    <TD>5120.0</TD>
    <TD>240.9009</TD>
    <TD>55.09019</TD>
    <TD>319.754</TD>
    <TD>3370.756</TD>
    <TD>21.392</TD>
    <TD>0.0333</TD>
    <TD>21.2289</TD>
    <TD>0.0503</TD>
    <TD>21.2289</TD>
    <TD>0.0503</TD>
    <TD>0.01</TD>
  </TR>
  <TR>
    <TD>5121.0</TD>
    <TD>240.8854</TD>
    <TD>55.02589</TD>
    <TD>1028.345</TD>
    <TD>3456.295</TD>
    <TD>25.8716</TD>
    <TD>0.3471</TD>
    <TD>25.2338</TD>
    <TD>0.461</TD>
    <TD>25.2338</TD>
    <TD>0.461</TD>
    <TD>0.35</TD>
  </TR>
  <TR>
    <TD>5122.0</TD>
    <TD>240.9036</TD>
    <TD>55.1172</TD>
    <TD>20.727</TD>
    <TD>3358.438</TD>
    <TD>22.9184</TD>
    <TD>0.0819</TD>
    <TD>22.7737</TD>
    <TD>0.1142</TD>
    <TD>22.7737</TD>
    <TD>0.1142</TD>
    <TD>0.0</TD>
  </TR>
  <TR>
    <TD>5123.0</TD>
    <TD>240.9001</TD>
    <TD>54.97028</TD>
    <TD>1634.946</TD>
    <TD>3356.0</TD>
    <TD>25.8836</TD>
    <TD>0.3508</TD>
    <TD>24.4419</TD>
    <TD>0.283</TD>
    <TD>24.4419</TD>
    <TD>0.283</TD>
    <TD>0.43</TD>
  </TR>
  <TR>
    <TD>5124.0</TD>
    <TD>240.8847</TD>
    <TD>55.04703</TD>
    <TD>796.451</TD>
    <TD>3464.616</TD>
    <TD>24.8967</TD>
    <TD>0.1679</TD>
    <TD>25.0412</TD>
    <TD>0.3179</TD>
    <TD>25.0412</TD>
    <TD>0.3179</TD>
    <TD>0.7</TD>
  </TR>
  <TR>
    <TD>5125.0</TD>
    <TD>240.8845</TD>
    <TD>55.05005</TD>
    <TD>763.222</TD>
    <TD>3465.884</TD>
    <TD>24.4211</TD>
    <TD>0.1512</TD>
    <TD>24.3448</TD>
    <TD>0.2114</TD>
    <TD>24.3448</TD>
    <TD>0.2114</TD>
    <TD>0.75</TD>
  </TR>
  <TR>
    <TD>5126.0</TD>
    <TD>240.863</TD>
    <TD>55.11286</TD>
    <TD>71.917</TD>
    <TD>3611.251</TD>
    <TD>25.1927</TD>
    <TD>0.2818</TD>
    <TD>24.3675</TD>
    <TD>0.2556</TD>
    <TD>24.3675</TD>
    <TD>0.2556</TD>
    <TD>0.42</TD>
  </TR>
  <TR>
    <TD>5127.0</TD>
    <TD>240.9048</TD>
    <TD>55.10685</TD>
    <TD>135.285</TD>
    <TD>3349.375</TD>
    <TD>21.7368</TD>
    <TD>0.0491</TD>
    <TD>21.4294</TD>
    <TD>0.0817</TD>
    <TD>21.4294</TD>
    <TD>0.0817</TD>
    <TD>0.0</TD>
  </TR>
  <TR>
    <TD>5128.0</TD>
    <TD>240.8944</TD>
    <TD>54.95368</TD>
    <TD>1816.302</TD>
    <TD>3388.659</TD>
    <TD>26.3681</TD>
    <TD>0.5414</TD>
    <TD>25.0031</TD>
    <TD>0.3072</TD>
    <TD>25.0031</TD>
    <TD>0.3072</TD>
    <TD>0.35</TD>
  </TR>
  <TR>
    <TD>5129.0</TD>
    <TD>240.8978</TD>
    <TD>55.11537</TD>
    <TD>41.542</TD>
    <TD>3394.486</TD>
    <TD>23.8549</TD>
    <TD>0.1551</TD>
    <TD>23.5293</TD>
    <TD>0.2837</TD>
    <TD>23.5293</TD>
    <TD>0.2837</TD>
    <TD>0.35</TD>
  </TR>
  <TR>
    <TD>5130.0</TD>
    <TD>240.8953</TD>
    <TD>54.9431</TD>
    <TD>1931.374</TD>
    <TD>3381.125</TD>
    <TD>22.1911</TD>
    <TD>0.0559</TD>
    <TD>22.0162</TD>
    <TD>0.0723</TD>
    <TD>22.0162</TD>
    <TD>0.0723</TD>
    <TD>0.0</TD>
  </TR>
  <TR>
    <TD>5131.0</TD>
    <TD>240.8622</TD>
    <TD>55.00575</TD>
    <TD>1250.672</TD>
    <TD>3597.689</TD>
    <TD>26.0151</TD>
    <TD>0.3944</TD>
    <TD>25.2748</TD>
    <TD>0.3928</TD>
    <TD>25.2748</TD>
    <TD>0.3928</TD>
    <TD>0.42</TD>
  </TR>
  <TR>
    <TD>5132.0</TD>
    <TD>240.8961</TD>
    <TD>55.07005</TD>
    <TD>542.257</TD>
    <TD>3397.116</TD>
    <TD>23.7394</TD>
    <TD>0.1372</TD>
    <TD>23.0382</TD>
    <TD>0.2263</TD>
    <TD>23.0382</TD>
    <TD>0.2263</TD>
    <TD>0.51</TD>
  </TR>
  <TR>
    <TD>5133.0</TD>
    <TD>240.8928</TD>
    <TD>55.03647</TD>
    <TD>911.689</TD>
    <TD>3412.33</TD>
    <TD>26.2451</TD>
    <TD>0.4847</TD>
    <TD>25.1697</TD>
    <TD>0.4579</TD>
    <TD>25.1697</TD>
    <TD>0.4579</TD>
    <TD>0.36</TD>
  </TR>
  <TR>
    <TD>5134.0</TD>
    <TD>240.8996</TD>
    <TD>55.02618</TD>
    <TD>1024.008</TD>
    <TD>3368.316</TD>
    <TD>25.7483</TD>
    <TD>0.3111</TD>
    <TD>24.9941</TD>
    <TD>0.3996</TD>
    <TD>24.9941</TD>
    <TD>0.3996</TD>
    <TD>0.36</TD>
  </TR>
  <TR>
    <TD>5135.0</TD>
    <TD>240.907</TD>
    <TD>55.02722</TD>
    <TD>1011.995</TD>
    <TD>3322.0</TD>
    <TD>25.7749</TD>
    <TD>0.3185</TD>
    <TD>25.2366</TD>
    <TD>0.5212</TD>
    <TD>25.2366</TD>
    <TD>0.5212</TD>
    <TD>0.38</TD>
  </TR>
  <TR>
    <TD>5136.0</TD>
    <TD>240.9064</TD>
    <TD>54.95141</TD>
    <TD>1839.987</TD>
    <TD>3313.639</TD>
    <TD>14.2324</TD>
    <TD>5.0E-4</TD>
    <TD>14.2621</TD>
    <TD>5.0E-4</TD>
    <TD>14.2621</TD>
    <TD>5.0E-4</TD>
    <TD>0.75</TD>
  </TR>
  <TR>
    <TD>5137.0</TD>
    <TD>240.892</TD>
    <TD>55.05766</TD>
    <TD>679.012</TD>
    <TD>3420.477</TD>
    <TD>22.5108</TD>
    <TD>0.0737</TD>
    <TD>22.0307</TD>
    <TD>0.1201</TD>
    <TD>22.0307</TD>
    <TD>0.1201</TD>
    <TD>0.0</TD>
  </TR>
  <TR>
    <TD>5138.0</TD>
    <TD>240.8957</TD>
    <TD>54.98697</TD>
    <TD>1453.18</TD>
    <TD>3386.122</TD>
    <TD>23.0241</TD>
    <TD>0.0973</TD>
    <TD>22.5418</TD>
    <TD>0.1653</TD>
    <TD>22.5418</TD>
    <TD>0.1653</TD>
    <TD>0.0</TD>
  </TR>
  <TR>
    <TD>5139.0</TD>
    <TD>240.8937</TD>
    <TD>54.93361</TD>
    <TD>2034.728</TD>
    <TD>3389.569</TD>
    <TD>25.301</TD>
    <TD>0.2651</TD>
    <TD>24.26</TD>
    <TD>0.3191</TD>
    <TD>24.26</TD>
    <TD>0.3191</TD>
    <TD>0.37</TD>
  </TR>
  <TR>
    <TD>5140.0</TD>
    <TD>240.8897</TD>
    <TD>54.94117</TD>
    <TD>1952.87</TD>
    <TD>3415.641</TD>
    <TD>24.1758</TD>
    <TD>0.1771</TD>
    <TD>23.4079</TD>
    <TD>0.2647</TD>
    <TD>23.4079</TD>
    <TD>0.2647</TD>
    <TD>0.54</TD>
  </TR>
  <TR>
    <TD>5141.0</TD>
    <TD>240.9011</TD>
    <TD>55.11042</TD>
    <TD>96.057</TD>
    <TD>3373.157</TD>
    <TD>24.212</TD>
    <TD>0.173</TD>
    <TD>23.0403</TD>
    <TD>0.2176</TD>
    <TD>23.0403</TD>
    <TD>0.2176</TD>
    <TD>0.5</TD>
  </TR>
  <TR>
    <TD>5142.0</TD>
    <TD>240.8673</TD>
    <TD>55.02104</TD>
    <TD>1082.838</TD>
    <TD>3568.396</TD>
    <TD>22.1954</TD>
    <TD>0.0626</TD>
    <TD>21.9706</TD>
    <TD>0.0974</TD>
    <TD>21.9706</TD>
    <TD>0.0974</TD>
    <TD>0.0</TD>
  </TR>
  <TR>
    <TD>5143.0</TD>
    <TD>240.8691</TD>
    <TD>55.05617</TD>
    <TD>697.154</TD>
    <TD>3563.372</TD>
    <TD>25.1331</TD>
    <TD>0.2284</TD>
    <TD>24.9643</TD>
    <TD>0.2966</TD>
    <TD>24.9643</TD>
    <TD>0.2966</TD>
    <TD>0.46</TD>
  </TR>
  <TR>
    <TD>5144.0</TD>
    <TD>240.896</TD>
    <TD>55.07752</TD>
    <TD>459.944</TD>
    <TD>3398.959</TD>
    <TD>25.1433</TD>
    <TD>0.2305</TD>
    <TD>24.8709</TD>
    <TD>0.2833</TD>
    <TD>24.8709</TD>
    <TD>0.2833</TD>
    <TD>0.42</TD>
  </TR>
  <TR>
    <TD>5145.0</TD>
    <TD>240.9025</TD>
    <TD>55.06076</TD>
    <TD>644.023</TD>
    <TD>3355.986</TD>
    <TD>25.226</TD>
    <TD>0.27</TD>
    <TD>24.065</TD>
    <TD>0.3555</TD>
    <TD>24.065</TD>
    <TD>0.3555</TD>
    <TD>0.39</TD>
  </TR>
  <TR>
    <TD>5146.0</TD>
    <TD>240.8954</TD>
    <TD>54.97498</TD>
    <TD>1584.138</TD>
    <TD>3385.78</TD>
    <TD>23.5873</TD>
    <TD>0.1309</TD>
    <TD>22.6935</TD>
    <TD>0.1862</TD>
    <TD>22.6935</TD>
    <TD>0.1862</TD>
    <TD>0.04</TD>
  </TR>
  <TR>
    <TD>5147.0</TD>
    <TD>240.9045</TD>
    <TD>55.06528</TD>
    <TD>594.084</TD>
    <TD>3343.994</TD>
    <TD>24.1006</TD>
    <TD>0.1655</TD>
    <TD>23.3884</TD>
    <TD>0.2517</TD>
    <TD>23.3884</TD>
    <TD>0.2517</TD>
    <TD>0.49</TD>
  </TR>
  <TR>
    <TD>5148.0</TD>
    <TD>240.8897</TD>
    <TD>55.08712</TD>
    <TD>354.547</TD>
    <TD>3440.147</TD>
    <TD>25.0876</TD>
    <TD>0.2387</TD>
    <TD>24.7556</TD>
    <TD>0.3891</TD>
    <TD>24.7556</TD>
    <TD>0.3891</TD>
    <TD>0.48</TD>
  </TR>
  <TR>
    <TD>5149.0</TD>
    <TD>240.8978</TD>
    <TD>55.04859</TD>
    <TD>778.224</TD>
    <TD>3383.075</TD>
    <TD>23.208</TD>
    <TD>0.1046</TD>
    <TD>22.6209</TD>
    <TD>0.1628</TD>
    <TD>22.6209</TD>
    <TD>0.1628</TD>
    <TD>0.0</TD>
  </TR>
  <TR>
    <TD>5150.0</TD>
    <TD>240.8939</TD>
    <TD>54.94226</TD>
    <TD>1940.585</TD>
    <TD>3389.805</TD>
    <TD>23.7221</TD>
    <TD>0.1182</TD>
    <TD>23.6295</TD>
    <TD>0.1603</TD>
    <TD>23.6295</TD>
    <TD>0.1603</TD>
    <TD>0.65</TD>
  </TR>
  <TR>
    <TD>5151.0</TD>
    <TD>240.8767</TD>
    <TD>54.99274</TD>
    <TD>1391.753</TD>
    <TD>3504.984</TD>
    <TD>22.7364</TD>
    <TD>0.0813</TD>
    <TD>22.2115</TD>
    <TD>0.1165</TD>
    <TD>22.2115</TD>
    <TD>0.1165</TD>
    <TD>0.0</TD>
  </TR>
  <TR>
    <TD>5152.0</TD>
    <TD>240.8058</TD>
    <TD>55.03804</TD>
    <TD>900.684</TD>
    <TD>3954.364</TD>
    <TD>26.0767</TD>
    <TD>0.4168</TD>
    <TD>24.977</TD>
    <TD>0.453</TD>
    <TD>24.977</TD>
    <TD>0.453</TD>
    <TD>0.36</TD>
  </TR>
  <TR>
    <TD>5153.0</TD>
    <TD>240.9186</TD>
    <TD>55.06661</TD>
    <TD>578.257</TD>
    <TD>3256.328</TD>
    <TD>22.3355</TD>
    <TD>0.0635</TD>
    <TD>22.2553</TD>
    <TD>0.0913</TD>
    <TD>22.2553</TD>
    <TD>0.0913</TD>
    <TD>0.0</TD>
  </TR>
  <TR>
    <TD>5154.0</TD>
    <TD>240.7804</TD>
    <TD>54.95513</TD>
    <TD>1808.894</TD>
    <TD>4098.967</TD>
    <TD>21.2036</TD>
    <TD>0.032</TD>
    <TD>21.31</TD>
    <TD>0.0595</TD>
    <TD>21.31</TD>
    <TD>0.0595</TD>
    <TD>0.01</TD>
  </TR>
  <TR>
    <TD>5155.0</TD>
    <TD>240.906</TD>
    <TD>55.05146</TD>
    <TD>746.008</TD>
    <TD>3332.529</TD>
    <TD>20.1556</TD>
    <TD>0.0151</TD>
    <TD>20.1344</TD>
    <TD>0.0198</TD>
    <TD>20.1344</TD>
    <TD>0.0198</TD>
    <TD>0.03</TD>
  </TR>
  <TR>
    <TD>5156.0</TD>
    <TD>240.9075</TD>
    <TD>55.11198</TD>
    <TD>78.313</TD>
    <TD>3333.269</TD>
    <TD>25.6045</TD>
    <TD>0.274</TD>
    <TD>25.4442</TD>
    <TD>0.3765</TD>
    <TD>25.4442</TD>
    <TD>0.3765</TD>
    <TD>0.37</TD>
  </TR>
  <TR>
    <TD>5157.0</TD>
    <TD>240.8978</TD>
    <TD>55.04241</TD>
    <TD>846.117</TD>
    <TD>3381.87</TD>
    <TD>24.4605</TD>
    <TD>0.1887</TD>
    <TD>23.686</TD>
    <TD>0.2766</TD>
    <TD>23.686</TD>
    <TD>0.2766</TD>
    <TD>0.47</TD>
  </TR>
  <TR>
    <TD>5158.0</TD>
    <TD>240.8748</TD>
    <TD>54.93911</TD>
    <TD>1976.477</TD>
    <TD>3508.523</TD>
    <TD>21.9723</TD>
    <TD>0.0525</TD>
    <TD>21.7906</TD>
    <TD>0.0696</TD>
    <TD>21.7906</TD>
    <TD>0.0696</TD>
    <TD>0.0</TD>
  </TR>
  <TR>
    <TD>5159.0</TD>
    <TD>240.9068</TD>
    <TD>55.00877</TD>
    <TD>1214.043</TD>
    <TD>3320.206</TD>
    <TD>21.6952</TD>
    <TD>0.0468</TD>
    <TD>21.375</TD>
    <TD>0.0813</TD>
    <TD>21.3983</TD>
    <TD>0.0484</TD>
    <TD>0.0</TD>
  </TR>
  <TR>
    <TD>5160.0</TD>
    <TD>240.8681</TD>
    <TD>55.00263</TD>
    <TD>1284.299</TD>
    <TD>3560.64</TD>
    <TD>26.3818</TD>
    <TD>0.5481</TD>
    <TD>24.7148</TD>
    <TD>0.4453</TD>
    <TD>24.7148</TD>
    <TD>0.4453</TD>
    <TD>0.35</TD>
  </TR>
  <TR>
    <TD>5161.0</TD>
    <TD>240.9058</TD>
    <TD>55.06912</TD>
    <TD>551.712</TD>
    <TD>3337.045</TD>
    <TD>22.8383</TD>
    <TD>0.0858</TD>
    <TD>22.6261</TD>
    <TD>0.1157</TD>
    <TD>22.6261</TD>
    <TD>0.1157</TD>
    <TD>0.15</TD>
  </TR>
  <TR>
    <TD>5162.0</TD>
    <TD>240.903</TD>
    <TD>54.94101</TD>
    <TD>1953.441</TD>
    <TD>3332.998</TD>
    <TD>25.1961</TD>
    <TD>0.2629</TD>
    <TD>24.43</TD>
    <TD>0.3796</TD>
    <TD>24.43</TD>
    <TD>0.3796</TD>
    <TD>0.46</TD>
  </TR>
  <TR>
    <TD>5163.0</TD>
    <TD>240.8966</TD>
    <TD>55.00307</TD>
    <TD>1277.255</TD>
    <TD>3383.064</TD>
    <TD>23.07</TD>
    <TD>0.0993</TD>
    <TD>22.3984</TD>
    <TD>0.1482</TD>
    <TD>22.3984</TD>
    <TD>0.1482</TD>
    <TD>0.01</TD>
  </TR>
  <TR>
    <TD>5164.0</TD>
    <TD>240.9004</TD>
    <TD>55.01379</TD>
    <TD>1159.663</TD>
    <TD>3361.378</TD>
    <TD>20.3752</TD>
    <TD>0.0243</TD>
    <TD>20.2495</TD>
    <TD>0.0371</TD>
    <TD>20.2495</TD>
    <TD>0.0371</TD>
    <TD>0.0</TD>
  </TR>
  <TR>
    <TD>5165.0</TD>
    <TD>240.8819</TD>
    <TD>55.06604</TD>
    <TD>587.584</TD>
    <TD>3484.836</TD>
    <TD>16.932</TD>
    <TD>0.0020</TD>
    <TD>16.9513</TD>
    <TD>0.0018</TD>
    <TD>16.9513</TD>
    <TD>0.0018</TD>
    <TD>0.46</TD>
  </TR>
  <TR>
    <TD>5166.0</TD>
    <TD>240.8638</TD>
    <TD>54.99565</TD>
    <TD>1361.0</TD>
    <TD>3585.995</TD>
    <TD>25.5093</TD>
    <TD>0.252</TD>
    <TD>25.0864</TD>
    <TD>0.4545</TD>
    <TD>25.0864</TD>
    <TD>0.4545</TD>
    <TD>0.41</TD>
  </TR>
  <TR>
    <TD>5167.0</TD>
    <TD>240.9072</TD>
    <TD>54.99693</TD>
    <TD>1343.41</TD>
    <TD>3316.232</TD>
    <TD>25.6482</TD>
    <TD>0.3615</TD>
    <TD>24.585</TD>
    <TD>0.2626</TD>
    <TD>24.585</TD>
    <TD>0.2626</TD>
    <TD>0.4</TD>
  </TR>
  <TR>
    <TD>5168.0</TD>
    <TD>240.911</TD>
    <TD>55.11629</TD>
    <TD>30.203</TD>
    <TD>3312.078</TD>
    <TD>20.4985</TD>
    <TD>0.0203</TD>
    <TD>20.4141</TD>
    <TD>0.0256</TD>
    <TD>20.4141</TD>
    <TD>0.0256</TD>
    <TD>0.02</TD>
  </TR>
  <TR>
    <TD>5169.0</TD>
    <TD>240.8984</TD>
    <TD>54.98477</TD>
    <TD>1477.054</TD>
    <TD>3368.513</TD>
    <TD>25.4426</TD>
    <TD>0.3277</TD>
    <TD>24.1433</TD>
    <TD>0.3716</TD>
    <TD>24.1433</TD>
    <TD>0.3716</TD>
    <TD>0.38</TD>
  </TR>
  <TR>
    <TD>5170.0</TD>
    <TD>240.8812</TD>
    <TD>54.94446</TD>
    <TD>1917.776</TD>
    <TD>3469.366</TD>
    <TD>22.3128</TD>
    <TD>0.0605</TD>
    <TD>21.9322</TD>
    <TD>0.0875</TD>
    <TD>21.9322</TD>
    <TD>0.0875</TD>
    <TD>0.0</TD>
  </TR>
  <TR>
    <TD>5171.0</TD>
    <TD>240.8917</TD>
    <TD>54.93361</TD>
    <TD>2034.95</TD>
    <TD>3402.304</TD>
    <TD>23.8414</TD>
    <TD>0.159</TD>
    <TD>23.0541</TD>
    <TD>0.2359</TD>
    <TD>23.0541</TD>
    <TD>0.2359</TD>
    <TD>0.37</TD>
  </TR>
  <TR>
    <TD>5172.0</TD>
    <TD>240.9197</TD>
    <TD>55.05851</TD>
    <TD>667.306</TD>
    <TD>3248.195</TD>
    <TD>24.7561</TD>
    <TD>0.2032</TD>
    <TD>24.7691</TD>
    <TD>0.4239</TD>
    <TD>24.7691</TD>
    <TD>0.4239</TD>
    <TD>0.45</TD>
  </TR>
  <TR>
    <TD>5173.0</TD>
    <TD>240.9173</TD>
    <TD>54.98278</TD>
    <TD>1497.168</TD>
    <TD>3250.843</TD>
    <TD>23.3966</TD>
    <TD>0.1122</TD>
    <TD>23.1619</TD>
    <TD>0.2077</TD>
    <TD>22.959</TD>
    <TD>0.1131</TD>
    <TD>0.36</TD>
  </TR>
  <TR>
    <TD>5174.0</TD>
    <TD>240.9171</TD>
    <TD>55.03424</TD>
    <TD>934.155</TD>
    <TD>3260.55</TD>
    <TD>21.8693</TD>
    <TD>0.0531</TD>
    <TD>21.6602</TD>
    <TD>0.094</TD>
    <TD>21.6602</TD>
    <TD>0.094</TD>
    <TD>0.01</TD>
  </TR>
  <TR>
    <TD>5175.0</TD>
    <TD>240.8919</TD>
    <TD>55.03028</TD>
    <TD>979.711</TD>
    <TD>3416.652</TD>
    <TD>25.6372</TD>
    <TD>0.282</TD>
    <TD>25.1749</TD>
    <TD>0.4601</TD>
    <TD>25.1749</TD>
    <TD>0.4601</TD>
    <TD>0.37</TD>
  </TR>
  <TR>
    <TD>5176.0</TD>
    <TD>240.8995</TD>
    <TD>54.97321</TD>
    <TD>1603.023</TD>
    <TD>3360.045</TD>
    <TD>24.355</TD>
    <TD>0.1505</TD>
    <TD>24.1336</TD>
    <TD>0.2344</TD>
    <TD>24.1336</TD>
    <TD>0.2344</TD>
    <TD>0.84</TD>
  </TR>
  <TR>
    <TD>5177.0</TD>
    <TD>240.9084</TD>
    <TD>55.10467</TD>
    <TD>159.099</TD>
    <TD>3326.858</TD>
    <TD>25.1178</TD>
    <TD>0.2452</TD>
    <TD>24.6235</TD>
    <TD>0.3811</TD>
    <TD>24.6235</TD>
    <TD>0.3811</TD>
    <TD>0.66</TD>
  </TR>
  <TR>
    <TD>5178.0</TD>
    <TD>240.9046</TD>
    <TD>55.00176</TD>
    <TD>1290.925</TD>
    <TD>3333.005</TD>
    <TD>21.9906</TD>
    <TD>0.0542</TD>
    <TD>21.8365</TD>
    <TD>0.0807</TD>
    <TD>21.8365</TD>
    <TD>0.0807</TD>
    <TD>0.0</TD>
  </TR>
  <TR>
    <TD>5179.0</TD>
    <TD>240.8609</TD>
    <TD>55.08061</TD>
    <TD>428.623</TD>
    <TD>3618.551</TD>
    <TD>20.0838</TD>
    <TD>0.0177</TD>
    <TD>20.0112</TD>
    <TD>0.0226</TD>
    <TD>20.0112</TD>
    <TD>0.0226</TD>
    <TD>0.0</TD>
  </TR>
  <TR>
    <TD>5180.0</TD>
    <TD>240.8614</TD>
    <TD>55.09318</TD>
    <TD>289.822</TD>
    <TD>3617.31</TD>
    <TD>23.3234</TD>
    <TD>0.1145</TD>
    <TD>22.7277</TD>
    <TD>0.17</TD>
    <TD>22.7277</TD>
    <TD>0.17</TD>
    <TD>0.09</TD>
  </TR>
  <TR>
    <TD>5181.0</TD>
    <TD>240.8833</TD>
    <TD>54.98904</TD>
    <TD>1431.575</TD>
    <TD>3463.329</TD>
    <TD>23.8472</TD>
    <TD>0.1511</TD>
    <TD>22.6877</TD>
    <TD>0.1808</TD>
    <TD>22.6877</TD>
    <TD>0.1808</TD>
    <TD>0.2</TD>
  </TR>
  <TR>
    <TD>5182.0</TD>
    <TD>240.8773</TD>
    <TD>54.95278</TD>
    <TD>1827.476</TD>
    <TD>3495.198</TD>
    <TD>20.9167</TD>
    <TD>0.027</TD>
    <TD>20.7234</TD>
    <TD>0.0385</TD>
    <TD>20.7234</TD>
    <TD>0.0385</TD>
    <TD>0.0</TD>
  </TR>
  <TR>
    <TD>5183.0</TD>
    <TD>240.8592</TD>
    <TD>55.031</TD>
    <TD>974.303</TD>
    <TD>3620.353</TD>
    <TD>25.731</TD>
    <TD>0.3064</TD>
    <TD>24.5818</TD>
    <TD>0.3762</TD>
    <TD>24.5818</TD>
    <TD>0.3762</TD>
    <TD>0.38</TD>
  </TR>
  <TR>
    <TD>5184.0</TD>
    <TD>240.865</TD>
    <TD>55.05161</TD>
    <TD>747.546</TD>
    <TD>3587.646</TD>
    <TD>19.9463</TD>
    <TD>0.0129</TD>
    <TD>19.9377</TD>
    <TD>0.0148</TD>
    <TD>19.9377</TD>
    <TD>0.0148</TD>
    <TD>0.03</TD>
  </TR>
  <TR>
    <TD>5185.0</TD>
    <TD>240.8622</TD>
    <TD>55.08889</TD>
    <TD>337.159</TD>
    <TD>3611.859</TD>
    <TD>24.1146</TD>
    <TD>0.1676</TD>
    <TD>23.3978</TD>
    <TD>0.2592</TD>
    <TD>23.3978</TD>
    <TD>0.2592</TD>
    <TD>0.49</TD>
  </TR>
  <TR>
    <TD>5186.0</TD>
    <TD>240.8999</TD>
    <TD>54.99582</TD>
    <TD>1356.255</TD>
    <TD>3361.365</TD>
    <TD>25.0951</TD>
    <TD>0.2908</TD>
    <TD>23.8619</TD>
    <TD>0.2741</TD>
    <TD>23.8619</TD>
    <TD>0.2741</TD>
    <TD>0.35</TD>
  </TR>
  <TR>
    <TD>5187.0</TD>
    <TD>240.9261</TD>
    <TD>54.949</TD>
    <TD>1864.488</TD>
    <TD>3190.487</TD>
    <TD>25.6326</TD>
    <TD>0.3209</TD>
    <TD>24.4559</TD>
    <TD>0.3816</TD>
    <TD>24.4559</TD>
    <TD>0.3816</TD>
    <TD>0.46</TD>
  </TR>
  <TR>
    <TD>5188.0</TD>
    <TD>240.904</TD>
    <TD>55.01989</TD>
    <TD>1092.556</TD>
    <TD>3339.667</TD>
    <TD>20.9749</TD>
    <TD>0.0249</TD>
    <TD>20.9192</TD>
    <TD>0.0314</TD>
    <TD>20.9192</TD>
    <TD>0.0314</TD>
    <TD>0.02</TD>
  </TR>
  <TR>
    <TD>5189.0</TD>
    <TD>240.9237</TD>
    <TD>54.94203</TD>
    <TD>1940.596</TD>
    <TD>3204.228</TD>
    <TD>19.1282</TD>
    <TD>0.0076</TD>
    <TD>19.1169</TD>
    <TD>0.0081</TD>
    <TD>19.0994</TD>
    <TD>0.0077</TD>
    <TD>0.03</TD>
  </TR>
  <TR>
    <TD>5190.0</TD>
    <TD>240.9027</TD>
    <TD>55.08744</TD>
    <TD>350.009</TD>
    <TD>3359.222</TD>
    <TD>25.922</TD>
    <TD>0.4157</TD>
    <TD>24.8054</TD>
    <TD>0.3873</TD>
    <TD>24.8054</TD>
    <TD>0.3873</TD>
    <TD>0.46</TD>
  </TR>
  <TR>
    <TD>5191.0</TD>
    <TD>240.8891</TD>
    <TD>54.94085</TD>
    <TD>1956.369</TD>
    <TD>3419.539</TD>
    <TD>24.5855</TD>
    <TD>0.211</TD>
    <TD>23.6956</TD>
    <TD>0.3589</TD>
    <TD>23.938</TD>
    <TD>0.198</TD>
    <TD>0.44</TD>
  </TR>
  <TR>
    <TD>5192.0</TD>
    <TD>240.8623</TD>
    <TD>54.97226</TD>
    <TD>1616.381</TD>
    <TD>3591.512</TD>
    <TD>20.0649</TD>
    <TD>0.0139</TD>
    <TD>20.0394</TD>
    <TD>0.0162</TD>
    <TD>20.0394</TD>
    <TD>0.0162</TD>
    <TD>0.03</TD>
  </TR>
  <TR>
    <TD>5193.0</TD>
    <TD>240.9083</TD>
    <TD>55.03138</TD>
    <TD>966.262</TD>
    <TD>3314.93</TD>
    <TD>23.2862</TD>
    <TD>0.0807</TD>
    <TD>23.155</TD>
    <TD>0.1047</TD>
    <TD>23.155</TD>
    <TD>0.1047</TD>
    <TD>0.74</TD>
  </TR>
  <TR>
    <TD>5194.0</TD>
    <TD>240.8944</TD>
    <TD>54.93394</TD>
    <TD>2031.031</TD>
    <TD>3385.156</TD>
    <TD>24.7876</TD>
    <TD>0.2208</TD>
    <TD>24.0088</TD>
    <TD>0.3173</TD>
    <TD>24.0088</TD>
    <TD>0.3173</TD>
    <TD>0.37</TD>
  </TR>
  <TR>
    <TD>5195.0</TD>
    <TD>240.9082</TD>
    <TD>54.98315</TD>
    <TD>1493.819</TD>
    <TD>3307.358</TD>
    <TD>25.2869</TD>
    <TD>0.2618</TD>
    <TD>24.4292</TD>
    <TD>0.3616</TD>
    <TD>24.4292</TD>
    <TD>0.3616</TD>
    <TD>0.39</TD>
  </TR>
  <TR>
    <TD>5196.0</TD>
    <TD>240.918</TD>
    <TD>55.00726</TD>
    <TD>1229.572</TD>
    <TD>3250.516</TD>
    <TD>24.1728</TD>
    <TD>0.1856</TD>
    <TD>23.1673</TD>
    <TD>0.2552</TD>
    <TD>23.1673</TD>
    <TD>0.2552</TD>
    <TD>0.01</TD>
  </TR>
  <TR>
    <TD>5197.0</TD>
    <TD>240.9131</TD>
    <TD>54.95927</TD>
    <TD>1753.848</TD>
    <TD>3273.418</TD>
    <TD>22.5951</TD>
    <TD>0.0794</TD>
    <TD>22.4695</TD>
    <TD>0.141</TD>
    <TD>22.4695</TD>
    <TD>0.141</TD>
    <TD>0.0</TD>
  </TR>
  <TR>
    <TD>5198.0</TD>
    <TD>240.8993</TD>
    <TD>54.96877</TD>
    <TD>1651.474</TD>
    <TD>3360.495</TD>
    <TD>25.9018</TD>
    <TD>0.4082</TD>
    <TD>24.0209</TD>
    <TD>0.2752</TD>
    <TD>24.0209</TD>
    <TD>0.2752</TD>
    <TD>0.36</TD>
  </TR>
  <TR>
    <TD>5199.0</TD>
    <TD>240.9081</TD>
    <TD>55.02085</TD>
    <TD>1081.68</TD>
    <TD>3314.687</TD>
    <TD>26.0126</TD>
    <TD>0.3936</TD>
    <TD>25.0134</TD>
    <TD>0.4844</TD>
    <TD>25.0134</TD>
    <TD>0.4844</TD>
    <TD>0.36</TD>
  </TR>
  <TR>
    <TD>5200.0</TD>
    <TD>240.9025</TD>
    <TD>55.0686</TD>
    <TD>557.745</TD>
    <TD>3356.957</TD>
    <TD>24.3338</TD>
    <TD>0.1871</TD>
    <TD>23.5297</TD>
    <TD>0.252</TD>
    <TD>23.5297</TD>
    <TD>0.252</TD>
    <TD>0.43</TD>
  </TR>
  <TR>
    <TD>5201.0</TD>
    <TD>240.9053</TD>
    <TD>55.02565</TD>
    <TD>1029.33</TD>
    <TD>3332.529</TD>
    <TD>24.705</TD>
    <TD>0.2155</TD>
    <TD>23.5148</TD>
    <TD>0.215</TD>
    <TD>23.5148</TD>
    <TD>0.215</TD>
    <TD>0.37</TD>
  </TR>
  <TR>
    <TD>5202.0</TD>
    <TD>240.9068</TD>
    <TD>55.08969</TD>
    <TD>324.827</TD>
    <TD>3334.107</TD>
    <TD>24.4492</TD>
    <TD>0.155</TD>
    <TD>24.1726</TD>
    <TD>0.1811</TD>
    <TD>24.1726</TD>
    <TD>0.1811</TD>
    <TD>0.67</TD>
  </TR>
  <TR>
    <TD>5203.0</TD>
    <TD>240.8546</TD>
    <TD>54.9671</TD>
    <TD>1673.243</TD>
    <TD>3638.668</TD>
    <TD>23.5328</TD>
    <TD>0.1267</TD>
    <TD>22.8051</TD>
    <TD>0.2228</TD>
    <TD>22.8051</TD>
    <TD>0.2228</TD>
    <TD>0.49</TD>
  </TR>
  <TR>
    <TD>5204.0</TD>
    <TD>240.8937</TD>
    <TD>55.07795</TD>
    <TD>455.481</TD>
    <TD>3413.859</TD>
    <TD>23.9682</TD>
    <TD>0.1581</TD>
    <TD>23.2165</TD>
    <TD>0.2897</TD>
    <TD>23.2165</TD>
    <TD>0.2897</TD>
    <TD>0.61</TD>
  </TR>
  <TR>
    <TD>5205.0</TD>
    <TD>240.9085</TD>
    <TD>55.00835</TD>
    <TD>1218.495</TD>
    <TD>3309.528</TD>
    <TD>22.1499</TD>
    <TD>0.0633</TD>
    <TD>21.3815</TD>
    <TD>0.0966</TD>
    <TD>21.7083</TD>
    <TD>0.0638</TD>
    <TD>0.0</TD>
  </TR>
  <TR>
    <TD>5206.0</TD>
    <TD>240.8636</TD>
    <TD>55.00793</TD>
    <TD>1226.729</TD>
    <TD>3589.322</TD>
    <TD>23.7258</TD>
    <TD>0.1274</TD>
    <TD>23.7705</TD>
    <TD>0.1965</TD>
    <TD>23.7705</TD>
    <TD>0.1965</TD>
    <TD>0.37</TD>
  </TR>
  <TR>
    <TD>5207.0</TD>
    <TD>240.9105</TD>
    <TD>55.11449</TD>
    <TD>50.247</TD>
    <TD>3315.275</TD>
    <TD>20.4071</TD>
    <TD>0.0227</TD>
    <TD>20.2198</TD>
    <TD>0.0358</TD>
    <TD>20.2292</TD>
    <TD>0.0236</TD>
    <TD>0.01</TD>
  </TR>
  <TR>
    <TD>5208.0</TD>
    <TD>240.9073</TD>
    <TD>55.11648</TD>
    <TD>28.399</TD>
    <TD>3335.29</TD>
    <TD>21.9106</TD>
    <TD>0.0495</TD>
    <TD>21.7199</TD>
    <TD>0.0701</TD>
    <TD>21.7199</TD>
    <TD>0.0701</TD>
    <TD>0.0</TD>
  </TR>
  <TR>
    <TD>5209.0</TD>
    <TD>240.9</TD>
    <TD>54.95013</TD>
    <TD>1854.474</TD>
    <TD>3353.037</TD>
    <TD>21.7278</TD>
    <TD>0.0495</TD>
    <TD>20.9528</TD>
    <TD>0.0708</TD>
    <TD>21.3768</TD>
    <TD>0.0508</TD>
    <TD>0.01</TD>
  </TR>
  <TR>
    <TD>5210.0</TD>
    <TD>240.8712</TD>
    <TD>54.94511</TD>
    <TD>1911.444</TD>
    <TD>3531.572</TD>
    <TD>22.2214</TD>
    <TD>0.0668</TD>
    <TD>21.9932</TD>
    <TD>0.084</TD>
    <TD>21.9932</TD>
    <TD>0.084</TD>
    <TD>0.0</TD>
  </TR>
  <TR>
    <TD>5211.0</TD>
    <TD>240.8681</TD>
    <TD>54.98515</TD>
    <TD>1475.339</TD>
    <TD>3557.511</TD>
    <TD>22.3759</TD>
    <TD>0.0626</TD>
    <TD>22.2085</TD>
    <TD>0.0837</TD>
    <TD>22.2085</TD>
    <TD>0.0837</TD>
    <TD>0.0</TD>
  </TR>
  <TR>
    <TD>5212.0</TD>
    <TD>240.8828</TD>
    <TD>55.06032</TD>
    <TD>650.437</TD>
    <TD>3478.45</TD>
    <TD>23.7151</TD>
    <TD>0.1369</TD>
    <TD>23.1005</TD>
    <TD>0.1987</TD>
    <TD>23.1005</TD>
    <TD>0.1987</TD>
    <TD>0.21</TD>
  </TR>
  <TR>
    <TD>5213.0</TD>
    <TD>240.9129</TD>
    <TD>55.09612</TD>
    <TD>253.317</TD>
    <TD>3297.346</TD>
    <TD>26.3272</TD>
    <TD>0.5218</TD>
    <TD>25.3584</TD>
    <TD>0.3039</TD>
    <TD>25.3584</TD>
    <TD>0.3039</TD>
    <TD>0.36</TD>
  </TR>
  <TR>
    <TD>5214.0</TD>
    <TD>240.8849</TD>
    <TD>55.07383</TD>
    <TD>501.488</TD>
    <TD>3467.509</TD>
    <TD>25.5659</TD>
    <TD>0.3024</TD>
    <TD>25.0455</TD>
    <TD>0.4471</TD>
    <TD>25.0455</TD>
    <TD>0.4471</TD>
    <TD>0.42</TD>
  </TR>
  <TR>
    <TD>5215.0</TD>
    <TD>240.8852</TD>
    <TD>54.99416</TD>
    <TD>1375.515</TD>
    <TD>3452.583</TD>
    <TD>19.3904</TD>
    <TD>0.0088</TD>
    <TD>19.3811</TD>
    <TD>0.0096</TD>
    <TD>19.3811</TD>
    <TD>0.0096</TD>
    <TD>0.03</TD>
  </TR>
  <TR>
    <TD>5216.0</TD>
    <TD>240.9115</TD>
    <TD>55.01565</TD>
    <TD>1138.376</TD>
    <TD>3292.117</TD>
    <TD>21.8616</TD>
    <TD>0.052</TD>
    <TD>21.5806</TD>
    <TD>0.085</TD>
    <TD>21.5806</TD>
    <TD>0.085</TD>
    <TD>0.0</TD>
  </TR>
  <TR>
    <TD>5217.0</TD>
    <TD>240.9083</TD>
    <TD>55.11212</TD>
    <TD>76.724</TD>
    <TD>3328.325</TD>
    <TD>22.8999</TD>
    <TD>0.0907</TD>
    <TD>22.5531</TD>
    <TD>0.1581</TD>
    <TD>22.5531</TD>
    <TD>0.1581</TD>
    <TD>0.01</TD>
  </TR>
  <TR>
    <TD>5218.0</TD>
    <TD>240.9071</TD>
    <TD>54.96826</TD>
    <TD>1656.323</TD>
    <TD>3311.674</TD>
    <TD>25.7078</TD>
    <TD>0.3001</TD>
    <TD>25.1415</TD>
    <TD>0.3481</TD>
    <TD>25.1415</TD>
    <TD>0.3481</TD>
    <TD>0.38</TD>
  </TR>
  <TR>
    <TD>5219.0</TD>
    <TD>240.9007</TD>
    <TD>54.95757</TD>
    <TD>1773.349</TD>
    <TD>3349.847</TD>
    <TD>20.9718</TD>
    <TD>0.0247</TD>
    <TD>20.8814</TD>
    <TD>0.038</TD>
    <TD>20.8814</TD>
    <TD>0.038</TD>
    <TD>0.01</TD>
  </TR>
  <TR>
    <TD>5220.0</TD>
    <TD>240.8756</TD>
    <TD>55.04965</TD>
    <TD>768.333</TD>
    <TD>3521.709</TD>
    <TD>25.8414</TD>
    <TD>0.3379</TD>
    <TD>24.8671</TD>
    <TD>0.4025</TD>
    <TD>24.8671</TD>
    <TD>0.4025</TD>
    <TD>0.38</TD>
  </TR>
  <TR>
    <TD>5221.0</TD>
    <TD>240.9055</TD>
    <TD>54.98494</TD>
    <TD>1474.594</TD>
    <TD>3324.406</TD>
    <TD>20.6327</TD>
    <TD>0.0248</TD>
    <TD>20.5332</TD>
    <TD>0.0332</TD>
    <TD>20.5332</TD>
    <TD>0.0332</TD>
    <TD>0.0</TD>
  </TR>
  <TR>
    <TD>5222.0</TD>
    <TD>240.9076</TD>
    <TD>54.99123</TD>
    <TD>1405.713</TD>
    <TD>3312.554</TD>
    <TD>25.1228</TD>
    <TD>0.2647</TD>
    <TD>24.455</TD>
    <TD>0.3589</TD>
    <TD>24.455</TD>
    <TD>0.3589</TD>
    <TD>0.45</TD>
  </TR>
  <TR>
    <TD>5223.0</TD>
    <TD>240.9051</TD>
    <TD>55.03075</TD>
    <TD>973.431</TD>
    <TD>3334.916</TD>
    <TD>23.5616</TD>
    <TD>0.1341</TD>
    <TD>22.6</TD>
    <TD>0.1944</TD>
    <TD>22.6</TD>
    <TD>0.1944</TD>
    <TD>0.5</TD>
  </TR>
  <TR>
    <TD>5224.0</TD>
    <TD>240.8973</TD>
    <TD>54.98858</TD>
    <TD>1435.461</TD>
    <TD>3376.019</TD>
    <TD>20.5083</TD>
    <TD>0.0238</TD>
    <TD>20.3051</TD>
    <TD>0.0387</TD>
    <TD>20.3051</TD>
    <TD>0.0387</TD>
    <TD>0.0</TD>
  </TR>
  <TR>
    <TD>5225.0</TD>
    <TD>240.9216</TD>
    <TD>54.95604</TD>
    <TD>1788.233</TD>
    <TD>3219.758</TD>
    <TD>21.795</TD>
    <TD>0.0456</TD>
    <TD>21.4266</TD>
    <TD>0.0685</TD>
    <TD>21.572</TD>
    <TD>0.0474</TD>
    <TD>0.0</TD>
  </TR>
  <TR>
    <TD>5226.0</TD>
    <TD>240.9248</TD>
    <TD>55.00007</TD>
    <TD>1307.674</TD>
    <TD>3207.32</TD>
    <TD>25.8834</TD>
    <TD>0.3507</TD>
    <TD>25.5584</TD>
    <TD>0.62</TD>
    <TD>25.5584</TD>
    <TD>0.62</TD>
    <TD>0.36</TD>
  </TR>
  <TR>
    <TD>5227.0</TD>
    <TD>240.9101</TD>
    <TD>54.97708</TD>
    <TD>1559.966</TD>
    <TD>3295.002</TD>
    <TD>24.3343</TD>
    <TD>0.1478</TD>
    <TD>24.4634</TD>
    <TD>0.2469</TD>
    <TD>24.4634</TD>
    <TD>0.2469</TD>
    <TD>0.85</TD>
  </TR>
  <TR>
    <TD>5228.0</TD>
    <TD>240.8867</TD>
    <TD>54.9447</TD>
    <TD>1914.655</TD>
    <TD>3435.312</TD>
    <TD>25.9494</TD>
    <TD>0.372</TD>
    <TD>25.2132</TD>
    <TD>0.5521</TD>
    <TD>25.2132</TD>
    <TD>0.5521</TD>
    <TD>0.35</TD>
  </TR>
  <TR>
    <TD>5229.0</TD>
    <TD>240.9151</TD>
    <TD>55.02268</TD>
    <TD>1061.073</TD>
    <TD>3270.845</TD>
    <TD>24.2091</TD>
    <TD>0.1256</TD>
    <TD>24.2684</TD>
    <TD>0.1974</TD>
    <TD>24.2684</TD>
    <TD>0.1974</TD>
    <TD>0.87</TD>
  </TR>
  <TR>
    <TD>5230.0</TD>
    <TD>240.857</TD>
    <TD>54.94476</TD>
    <TD>1916.385</TD>
    <TD>3619.825</TD>
    <TD>23.0399</TD>
    <TD>0.0934</TD>
    <TD>22.6764</TD>
    <TD>0.1474</TD>
    <TD>22.6764</TD>
    <TD>0.1474</TD>
    <TD>0.17</TD>
  </TR>
  <TR>
    <TD>5231.0</TD>
    <TD>240.9103</TD>
    <TD>55.10512</TD>
    <TD>154.011</TD>
    <TD>3314.731</TD>
    <TD>20.7189</TD>
    <TD>0.0212</TD>
    <TD>20.6973</TD>
    <TD>0.0262</TD>
    <TD>20.6973</TD>
    <TD>0.0262</TD>
    <TD>0.02</TD>
  </TR>
  <TR>
    <TD>5232.0</TD>
    <TD>240.9122</TD>
    <TD>55.03726</TD>
    <TD>901.473</TD>
    <TD>3291.381</TD>
    <TD>21.6389</TD>
    <TD>0.045</TD>
    <TD>21.3971</TD>
    <TD>0.0783</TD>
    <TD>21.3971</TD>
    <TD>0.0783</TD>
    <TD>0.0</TD>
  </TR>
  <TR>
    <TD>5233.0</TD>
    <TD>240.9231</TD>
    <TD>54.98362</TD>
    <TD>1487.43</TD>
    <TD>3215.061</TD>
    <TD>21.0482</TD>
    <TD>0.0318</TD>
    <TD>20.9249</TD>
    <TD>0.0552</TD>
    <TD>20.8379</TD>
    <TD>0.0331</TD>
    <TD>0.0</TD>
  </TR>
  <TR>
    <TD>5234.0</TD>
    <TD>240.9177</TD>
    <TD>54.98294</TD>
    <TD>1495.314</TD>
    <TD>3248.345</TD>
    <TD>23.519</TD>
    <TD>0.1192</TD>
    <TD>22.8273</TD>
    <TD>0.1193</TD>
    <TD>23.0746</TD>
    <TD>0.1199</TD>
    <TD>0.63</TD>
  </TR>
  <TR>
    <TD>5235.0</TD>
    <TD>240.8618</TD>
    <TD>55.10293</TD>
    <TD>182.015</TD>
    <TD>3616.749</TD>
    <TD>24.8752</TD>
    <TD>0.2259</TD>
    <TD>24.2239</TD>
    <TD>0.3419</TD>
    <TD>24.3993</TD>
    <TD>0.2254</TD>
    <TD>0.39</TD>
  </TR>
  <TR>
    <TD>5236.0</TD>
    <TD>240.9161</TD>
    <TD>54.99402</TD>
    <TD>1374.472</TD>
    <TD>3260.478</TD>
    <TD>25.6838</TD>
    <TD>0.3359</TD>
    <TD>24.9666</TD>
    <TD>0.4791</TD>
    <TD>24.9666</TD>
    <TD>0.4791</TD>
    <TD>0.36</TD>
  </TR>
  <TR>
    <TD>5237.0</TD>
    <TD>240.9105</TD>
    <TD>55.01037</TD>
    <TD>1196.173</TD>
    <TD>3297.993</TD>
    <TD>19.274</TD>
    <TD>0.0109</TD>
    <TD>19.2067</TD>
    <TD>0.0132</TD>
    <TD>19.2067</TD>
    <TD>0.0132</TD>
    <TD>0.03</TD>
  </TR>
  <TR>
    <TD>5238.0</TD>
    <TD>240.9174</TD>
    <TD>55.11203</TD>
    <TD>76.94</TD>
    <TD>3271.576</TD>
    <TD>19.9167</TD>
    <TD>0.0182</TD>
    <TD>19.6845</TD>
    <TD>0.0281</TD>
    <TD>19.6845</TD>
    <TD>0.0281</TD>
    <TD>0.02</TD>
  </TR>
  <TR>
    <TD>5239.0</TD>
    <TD>240.9056</TD>
    <TD>54.9621</TD>
    <TD>1723.683</TD>
    <TD>3320.337</TD>
    <TD>26.1667</TD>
    <TD>0.4518</TD>
    <TD>25.1794</TD>
    <TD>0.4731</TD>
    <TD>25.1794</TD>
    <TD>0.4731</TD>
    <TD>0.35</TD>
  </TR>
  <TR>
    <TD>5240.0</TD>
    <TD>240.9065</TD>
    <TD>54.9325</TD>
    <TD>2045.661</TD>
    <TD>3309.664</TD>
    <TD>25.5554</TD>
    <TD>0.2624</TD>
    <TD>25.4059</TD>
    <TD>0.5818</TD>
    <TD>25.4059</TD>
    <TD>0.5818</TD>
    <TD>0.41</TD>
  </TR>
  <TR>
    <TD>5241.0</TD>
    <TD>240.8616</TD>
    <TD>55.02745</TD>
    <TD>1013.022</TD>
    <TD>3604.813</TD>
    <TD>24.9034</TD>
    <TD>0.2449</TD>
    <TD>23.9556</TD>
    <TD>0.3964</TD>
    <TD>23.9556</TD>
    <TD>0.3964</TD>
    <TD>0.35</TD>
  </TR>
  <TR>
    <TD>5242.0</TD>
    <TD>240.9117</TD>
    <TD>55.03062</TD>
    <TD>974.329</TD>
    <TD>3293.661</TD>
    <TD>26.026</TD>
    <TD>0.3983</TD>
    <TD>25.5794</TD>
    <TD>0.3706</TD>
    <TD>25.5794</TD>
    <TD>0.3706</TD>
    <TD>0.36</TD>
  </TR>
  <TR>
    <TD>5243.0</TD>
    <TD>240.9045</TD>
    <TD>54.96602</TD>
    <TD>1680.979</TD>
    <TD>3327.535</TD>
    <TD>23.9404</TD>
    <TD>0.1507</TD>
    <TD>23.0659</TD>
    <TD>0.1968</TD>
    <TD>23.0659</TD>
    <TD>0.1968</TD>
    <TD>0.4</TD>
  </TR>
  <TR>
    <TD>5244.0</TD>
    <TD>240.86</TD>
    <TD>55.04639</TD>
    <TD>805.277</TD>
    <TD>3618.286</TD>
    <TD>25.149</TD>
    <TD>0.271</TD>
    <TD>23.8654</TD>
    <TD>0.2521</TD>
    <TD>23.8654</TD>
    <TD>0.2521</TD>
    <TD>0.38</TD>
  </TR>
  <TR>
    <TD>5245.0</TD>
    <TD>240.9079</TD>
    <TD>55.00639</TD>
    <TD>1239.935</TD>
    <TD>3313.0</TD>
    <TD>25.6057</TD>
    <TD>0.2743</TD>
    <TD>24.876</TD>
    <TD>0.3419</TD>
    <TD>24.876</TD>
    <TD>0.3419</TD>
    <TD>0.48</TD>
  </TR>
  <TR>
    <TD>5246.0</TD>
    <TD>240.9112</TD>
    <TD>55.06718</TD>
    <TD>572.695</TD>
    <TD>3302.646</TD>
    <TD>26.1415</TD>
    <TD>0.4417</TD>
    <TD>24.8314</TD>
    <TD>0.3525</TD>
    <TD>24.8314</TD>
    <TD>0.3525</TD>
    <TD>0.37</TD>
  </TR>
  <TR>
    <TD>5247.0</TD>
    <TD>240.9028</TD>
    <TD>55.03879</TD>
    <TD>885.472</TD>
    <TD>3350.588</TD>
    <TD>18.8286</TD>
    <TD>0.0064</TD>
    <TD>18.8353</TD>
    <TD>0.0066</TD>
    <TD>18.8353</TD>
    <TD>0.0066</TD>
    <TD>0.03</TD>
  </TR>
  <TR>
    <TD>5248.0</TD>
    <TD>240.8886</TD>
    <TD>54.97078</TD>
    <TD>1630.505</TD>
    <TD>3427.414</TD>
    <TD>24.1101</TD>
    <TD>0.1713</TD>
    <TD>23.8897</TD>
    <TD>0.2168</TD>
    <TD>23.8897</TD>
    <TD>0.2168</TD>
    <TD>0.58</TD>
  </TR>
  <TR>
    <TD>5249.0</TD>
    <TD>240.885</TD>
    <TD>55.07637</TD>
    <TD>473.498</TD>
    <TD>3467.479</TD>
    <TD>24.4313</TD>
    <TD>0.1909</TD>
    <TD>22.9512</TD>
    <TD>0.1533</TD>
    <TD>22.9512</TD>
    <TD>0.1533</TD>
    <TD>0.48</TD>
  </TR>
  <TR>
    <TD>5250.0</TD>
    <TD>240.8583</TD>
    <TD>54.93688</TD>
    <TD>2002.013</TD>
    <TD>3610.39</TD>
    <TD>22.0386</TD>
    <TD>0.0539</TD>
    <TD>21.5663</TD>
    <TD>0.0837</TD>
    <TD>21.5663</TD>
    <TD>0.0837</TD>
    <TD>0.0</TD>
  </TR>
  <TR>
    <TD>5251.0</TD>
    <TD>240.8684</TD>
    <TD>54.94843</TD>
    <TD>1875.603</TD>
    <TD>3549.757</TD>
    <TD>25.491</TD>
    <TD>0.314</TD>
    <TD>24.6233</TD>
    <TD>0.4693</TD>
    <TD>24.6233</TD>
    <TD>0.4693</TD>
    <TD>0.46</TD>
  </TR>
  <TR>
    <TD>5252.0</TD>
    <TD>240.8804</TD>
    <TD>55.00801</TD>
    <TD>1224.509</TD>
    <TD>3484.841</TD>
    <TD>25.3131</TD>
    <TD>0.2918</TD>
    <TD>24.5949</TD>
    <TD>0.3854</TD>
    <TD>24.5949</TD>
    <TD>0.3854</TD>
    <TD>0.38</TD>
  </TR>
  <TR>
    <TD>5253.0</TD>
    <TD>240.9111</TD>
    <TD>55.03187</TD>
    <TD>960.661</TD>
    <TD>3297.324</TD>
    <TD>25.8129</TD>
    <TD>0.3295</TD>
    <TD>25.2568</TD>
    <TD>0.2775</TD>
    <TD>25.2568</TD>
    <TD>0.2775</TD>
    <TD>0.45</TD>
  </TR>
  <TR>
    <TD>5254.0</TD>
    <TD>240.8766</TD>
    <TD>54.9633</TD>
    <TD>1712.965</TD>
    <TD>3501.109</TD>
    <TD>16.5126</TD>
    <TD>0.0016</TD>
    <TD>16.5365</TD>
    <TD>0.0014</TD>
    <TD>16.5365</TD>
    <TD>0.0014</TD>
    <TD>0.68</TD>
  </TR>
  <TR>
    <TD>5255.0</TD>
    <TD>240.8565</TD>
    <TD>54.97646</TD>
    <TD>1571.0</TD>
    <TD>3627.991</TD>
    <TD>25.3724</TD>
    <TD>0.2824</TD>
    <TD>24.1095</TD>
    <TD>0.3541</TD>
    <TD>24.1095</TD>
    <TD>0.3541</TD>
    <TD>0.36</TD>
  </TR>
  <TR>
    <TD>5256.0</TD>
    <TD>240.9059</TD>
    <TD>54.93649</TD>
    <TD>2002.341</TD>
    <TD>3314.312</TD>
    <TD>25.9467</TD>
    <TD>0.3711</TD>
    <TD>25.2061</TD>
    <TD>0.4848</TD>
    <TD>25.2061</TD>
    <TD>0.4848</TD>
    <TD>0.35</TD>
  </TR>
  <TR>
    <TD>5257.0</TD>
    <TD>240.8579</TD>
    <TD>54.97935</TD>
    <TD>1539.387</TD>
    <TD>3620.273</TD>
    <TD>21.4136</TD>
    <TD>0.0406</TD>
    <TD>21.1856</TD>
    <TD>0.0625</TD>
    <TD>21.1856</TD>
    <TD>0.0625</TD>
    <TD>0.0</TD>
  </TR>
  <TR>
    <TD>5258.0</TD>
    <TD>240.9043</TD>
    <TD>54.96771</TD>
    <TD>1662.642</TD>
    <TD>3329.314</TD>
    <TD>26.9361</TD>
    <TD>0.9052</TD>
    <TD>24.29</TD>
    <TD>0.2919</TD>
    <TD>24.29</TD>
    <TD>0.2919</TD>
    <TD>0.35</TD>
  </TR>
  <TR>
    <TD>5259.0</TD>
    <TD>240.8724</TD>
    <TD>55.03589</TD>
    <TD>919.717</TD>
    <TD>3539.233</TD>
    <TD>21.8009</TD>
    <TD>0.0493</TD>
    <TD>21.6691</TD>
    <TD>0.0672</TD>
    <TD>21.6691</TD>
    <TD>0.0672</TD>
    <TD>0.0</TD>
  </TR>
  <TR>
    <TD>5260.0</TD>
    <TD>240.9087</TD>
    <TD>55.01795</TD>
    <TD>1113.347</TD>
    <TD>3310.317</TD>
    <TD>22.2718</TD>
    <TD>0.0685</TD>
    <TD>21.8633</TD>
    <TD>0.1043</TD>
    <TD>21.8633</TD>
    <TD>0.1043</TD>
    <TD>0.0</TD>
  </TR>
  <TR>
    <TD>5261.0</TD>
    <TD>240.8588</TD>
    <TD>55.02081</TD>
    <TD>1086.0</TD>
    <TD>3620.99</TD>
    <TD>26.0227</TD>
    <TD>0.3971</TD>
    <TD>24.99</TD>
    <TD>0.497</TD>
    <TD>24.99</TD>
    <TD>0.497</TD>
    <TD>0.36</TD>
  </TR>
  <TR>
    <TD>5262.0</TD>
    <TD>240.9142</TD>
    <TD>55.11642</TD>
    <TD>28.51</TD>
    <TD>3292.506</TD>
    <TD>25.4199</TD>
    <TD>0.2656</TD>
    <TD>24.9925</TD>
    <TD>0.3042</TD>
    <TD>24.9925</TD>
    <TD>0.3042</TD>
    <TD>0.45</TD>
  </TR>
  <TR>
    <TD>5263.0</TD>
    <TD>240.8866</TD>
    <TD>55.07359</TD>
    <TD>504.0</TD>
    <TD>3456.986</TD>
    <TD>26.0892</TD>
    <TD>0.4215</TD>
    <TD>24.5684</TD>
    <TD>0.4269</TD>
    <TD>24.5684</TD>
    <TD>0.4269</TD>
    <TD>0.36</TD>
  </TR>
  <TR>
    <TD>5264.0</TD>
    <TD>240.9119</TD>
    <TD>55.08742</TD>
    <TD>349.407</TD>
    <TD>3302.017</TD>
    <TD>23.7128</TD>
    <TD>0.1441</TD>
    <TD>23.3079</TD>
    <TD>0.2503</TD>
    <TD>23.3079</TD>
    <TD>0.2503</TD>
    <TD>0.4</TD>
  </TR>
  <TR>
    <TD>5265.0</TD>
    <TD>240.876</TD>
    <TD>55.01488</TD>
    <TD>1149.67</TD>
    <TD>3513.258</TD>
    <TD>21.2238</TD>
    <TD>0.0371</TD>
    <TD>20.9806</TD>
    <TD>0.0587</TD>
    <TD>20.9806</TD>
    <TD>0.0587</TD>
    <TD>0.0</TD>
  </TR>
  <TR>
    <TD>5266.0</TD>
    <TD>240.9196</TD>
    <TD>55.05724</TD>
    <TD>681.267</TD>
    <TD>3248.966</TD>
    <TD>23.5593</TD>
    <TD>0.0824</TD>
    <TD>23.4945</TD>
    <TD>0.1104</TD>
    <TD>23.4945</TD>
    <TD>0.1104</TD>
    <TD>0.73</TD>
  </TR>
  <TR>
    <TD>5267.0</TD>
    <TD>240.9068</TD>
    <TD>55.03887</TD>
    <TD>884.206</TD>
    <TD>3325.75</TD>
    <TD>24.538</TD>
    <TD>0.21</TD>
    <TD>22.9992</TD>
    <TD>0.1779</TD>
    <TD>22.9992</TD>
    <TD>0.1779</TD>
    <TD>0.36</TD>
  </TR>
  <TR>
    <TD>5268.0</TD>
    <TD>240.9102</TD>
    <TD>55.08212</TD>
    <TD>408.051</TD>
    <TD>3311.684</TD>
    <TD>22.355</TD>
    <TD>0.0624</TD>
    <TD>22.1443</TD>
    <TD>0.1072</TD>
    <TD>22.1443</TD>
    <TD>0.1072</TD>
    <TD>0.0</TD>
  </TR>
  <TR>
    <TD>5269.0</TD>
    <TD>240.8856</TD>
    <TD>55.0225</TD>
    <TD>1065.447</TD>
    <TD>3454.616</TD>
    <TD>21.7575</TD>
    <TD>0.0475</TD>
    <TD>21.5669</TD>
    <TD>0.0634</TD>
    <TD>21.5669</TD>
    <TD>0.0634</TD>
    <TD>0.01</TD>
  </TR>
  <TR>
    <TD>5270.0</TD>
    <TD>240.9243</TD>
    <TD>55.02368</TD>
    <TD>1049.32</TD>
    <TD>3214.009</TD>
    <TD>25.6693</TD>
    <TD>0.2901</TD>
    <TD>25.4218</TD>
    <TD>0.4488</TD>
    <TD>25.4218</TD>
    <TD>0.4488</TD>
    <TD>0.37</TD>
  </TR>
  <TR>
    <TD>5271.0</TD>
    <TD>240.814</TD>
    <TD>55.10706</TD>
    <TD>139.374</TD>
    <TD>3915.853</TD>
    <TD>23.6527</TD>
    <TD>0.1319</TD>
    <TD>22.8111</TD>
    <TD>0.186</TD>
    <TD>22.8111</TD>
    <TD>0.186</TD>
    <TD>0.01</TD>
  </TR>
  <TR>
    <TD>5272.0</TD>
    <TD>240.8129</TD>
    <TD>54.99302</TD>
    <TD>1393.353</TD>
    <TD>3902.595</TD>
    <TD>18.2886</TD>
    <TD>0.0056</TD>
    <TD>18.3061</TD>
    <TD>0.0064</TD>
    <TD>18.2502</TD>
    <TD>0.0057</TD>
    <TD>0.03</TD>
  </TR>
  <TR>
    <TD>5273.0</TD>
    <TD>240.9128</TD>
    <TD>55.11133</TD>
    <TD>85.016</TD>
    <TD>3300.424</TD>
    <TD>23.7259</TD>
    <TD>0.1408</TD>
    <TD>22.3449</TD>
    <TD>0.1352</TD>
    <TD>22.3449</TD>
    <TD>0.1352</TD>
    <TD>0.48</TD>
  </TR>
  <TR>
    <TD>5274.0</TD>
    <TD>240.9174</TD>
    <TD>54.99089</TD>
    <TD>1408.563</TD>
    <TD>3251.826</TD>
    <TD>24.683</TD>
    <TD>0.1904</TD>
    <TD>23.7414</TD>
    <TD>0.2923</TD>
    <TD>23.7414</TD>
    <TD>0.2923</TD>
    <TD>0.35</TD>
  </TR>
  <TR>
    <TD>5275.0</TD>
    <TD>240.8544</TD>
    <TD>55.02337</TD>
    <TD>1058.319</TD>
    <TD>3649.312</TD>
    <TD>25.7194</TD>
    <TD>0.3032</TD>
    <TD>25.6416</TD>
    <TD>0.3919</TD>
    <TD>25.6416</TD>
    <TD>0.3919</TD>
    <TD>0.43</TD>
  </TR>
  <TR>
    <TD>5276.0</TD>
    <TD>240.9106</TD>
    <TD>54.97223</TD>
    <TD>1612.774</TD>
    <TD>3291.009</TD>
    <TD>25.702</TD>
    <TD>0.3414</TD>
    <TD>25.3159</TD>
    <TD>0.3909</TD>
    <TD>25.3159</TD>
    <TD>0.3909</TD>
    <TD>0.39</TD>
  </TR>
  <TR>
    <TD>5277.0</TD>
    <TD>240.919</TD>
    <TD>55.06147</TD>
    <TD>634.818</TD>
    <TD>3253.352</TD>
    <TD>20.1068</TD>
    <TD>0.0144</TD>
    <TD>20.0899</TD>
    <TD>0.0169</TD>
    <TD>20.0899</TD>
    <TD>0.0169</TD>
    <TD>0.03</TD>
  </TR>
  <TR>
    <TD>5278.0</TD>
    <TD>240.9239</TD>
    <TD>54.97528</TD>
    <TD>1578.329</TD>
    <TD>3208.664</TD>
    <TD>25.7467</TD>
    <TD>0.3107</TD>
    <TD>25.4213</TD>
    <TD>0.4486</TD>
    <TD>25.4213</TD>
    <TD>0.4486</TD>
    <TD>0.37</TD>
  </TR>
  <TR>
    <TD>5279.0</TD>
    <TD>240.9174</TD>
    <TD>54.96987</TD>
    <TD>1637.959</TD>
    <TD>3248.3</TD>
    <TD>21.7313</TD>
    <TD>0.0545</TD>
    <TD>21.2705</TD>
    <TD>0.0952</TD>
    <TD>21.2705</TD>
    <TD>0.0952</TD>
    <TD>0.0</TD>
  </TR>
  <TR>
    <TD>5280.0</TD>
    <TD>240.916</TD>
    <TD>55.00701</TD>
    <TD>1232.555</TD>
    <TD>3263.123</TD>
    <TD>24.258</TD>
    <TD>0.1803</TD>
    <TD>23.7762</TD>
    <TD>0.2054</TD>
    <TD>23.7762</TD>
    <TD>0.2054</TD>
    <TD>0.38</TD>
  </TR>
  <TR>
    <TD>5281.0</TD>
    <TD>240.7991</TD>
    <TD>54.94799</TD>
    <TD>1885.426</TD>
    <TD>3981.367</TD>
    <TD>20.8923</TD>
    <TD>0.0304</TD>
    <TD>20.7314</TD>
    <TD>0.0383</TD>
    <TD>20.7314</TD>
    <TD>0.0383</TD>
    <TD>0.0</TD>
  </TR>
  <TR>
    <TD>5282.0</TD>
    <TD>240.9127</TD>
    <TD>55.06702</TD>
    <TD>574.301</TD>
    <TD>3293.198</TD>
    <TD>23.4066</TD>
    <TD>0.115</TD>
    <TD>23.226</TD>
    <TD>0.1954</TD>
    <TD>23.226</TD>
    <TD>0.1954</TD>
    <TD>0.6</TD>
  </TR>
  <TR>
    <TD>5283.0</TD>
    <TD>240.858</TD>
    <TD>55.06237</TD>
    <TD>629.753</TD>
    <TD>3633.07</TD>
    <TD>20.3879</TD>
    <TD>0.0197</TD>
    <TD>20.2865</TD>
    <TD>0.0277</TD>
    <TD>20.2865</TD>
    <TD>0.0277</TD>
    <TD>0.01</TD>
  </TR>
  <TR>
    <TD>5284.0</TD>
    <TD>240.8565</TD>
    <TD>54.93283</TD>
    <TD>2046.175</TD>
    <TD>3621.156</TD>
    <TD>24.6322</TD>
    <TD>0.2112</TD>
    <TD>24.6533</TD>
    <TD>0.4065</TD>
    <TD>24.6533</TD>
    <TD>0.4065</TD>
    <TD>0.37</TD>
  </TR>
  <TR>
    <TD>5285.0</TD>
    <TD>240.8562</TD>
    <TD>55.02106</TD>
    <TD>1083.473</TD>
    <TD>3637.475</TD>
    <TD>24.3592</TD>
    <TD>0.179</TD>
    <TD>23.9975</TD>
    <TD>0.2627</TD>
    <TD>23.9975</TD>
    <TD>0.2627</TD>
    <TD>0.45</TD>
  </TR>
  <TR>
    <TD>5286.0</TD>
    <TD>240.8085</TD>
    <TD>54.96287</TD>
    <TD>1722.638</TD>
    <TD>3924.755</TD>
    <TD>24.7978</TD>
    <TD>0.2228</TD>
    <TD>23.5596</TD>
    <TD>0.2518</TD>
    <TD>24.272</TD>
    <TD>0.2189</TD>
    <TD>0.35</TD>
  </TR>
  <TR>
    <TD>5287.0</TD>
    <TD>240.9054</TD>
    <TD>55.02867</TD>
    <TD>996.258</TD>
    <TD>3332.594</TD>
    <TD>24.659</TD>
    <TD>0.1969</TD>
    <TD>24.557</TD>
    <TD>0.3723</TD>
    <TD>24.557</TD>
    <TD>0.3723</TD>
    <TD>0.35</TD>
  </TR>
  <TR>
    <TD>5288.0</TD>
    <TD>240.9104</TD>
    <TD>54.98393</TD>
    <TD>1485.118</TD>
    <TD>3293.828</TD>
    <TD>22.615</TD>
    <TD>0.0809</TD>
    <TD>22.1142</TD>
    <TD>0.1365</TD>
    <TD>22.1142</TD>
    <TD>0.1365</TD>
    <TD>0.0</TD>
  </TR>
  <TR>
    <TD>5289.0</TD>
    <TD>240.9197</TD>
    <TD>55.11849</TD>
    <TD>5.082</TD>
    <TD>3258.443</TD>
    <TD>22.3469</TD>
    <TD>0.0591</TD>
    <TD>22.3727</TD>
    <TD>0.0874</TD>
    <TD>22.3727</TD>
    <TD>0.0874</TD>
    <TD>0.12</TD>
  </TR>
  <TR>
    <TD>5290.0</TD>
    <TD>240.8703</TD>
    <TD>55.07674</TD>
    <TD>470.593</TD>
    <TD>3559.201</TD>
    <TD>24.0069</TD>
    <TD>0.1674</TD>
    <TD>22.8299</TD>
    <TD>0.1772</TD>
    <TD>23.2333</TD>
    <TD>0.1483</TD>
    <TD>0.36</TD>
  </TR>
  <TR>
    <TD>5291.0</TD>
    <TD>240.8588</TD>
    <TD>55.0498</TD>
    <TD>767.993</TD>
    <TD>3625.957</TD>
    <TD>22.8479</TD>
    <TD>0.089</TD>
    <TD>22.681</TD>
    <TD>0.1304</TD>
    <TD>22.681</TD>
    <TD>0.1304</TD>
    <TD>0.0</TD>
  </TR>
  <TR>
    <TD>5292.0</TD>
    <TD>240.9099</TD>
    <TD>55.11868</TD>
    <TD>3.838</TD>
    <TD>3319.853</TD>
    <TD>24.0342</TD>
    <TD>0.108</TD>
    <TD>24.3538</TD>
    <TD>0.2132</TD>
    <TD>24.3538</TD>
    <TD>0.2132</TD>
    <TD>0.72</TD>
  </TR>
  <TR>
    <TD>5293.0</TD>
    <TD>240.8705</TD>
    <TD>55.04746</TD>
    <TD>792.733</TD>
    <TD>3552.695</TD>
    <TD>24.8189</TD>
    <TD>0.2386</TD>
    <TD>23.4733</TD>
    <TD>0.2422</TD>
    <TD>23.4733</TD>
    <TD>0.2422</TD>
    <TD>0.36</TD>
  </TR>
  <TR>
    <TD>5294.0</TD>
    <TD>240.8901</TD>
    <TD>55.07538</TD>
    <TD>483.99</TD>
    <TD>3435.795</TD>
    <TD>23.4334</TD>
    <TD>0.1178</TD>
    <TD>22.437</TD>
    <TD>0.1533</TD>
    <TD>22.437</TD>
    <TD>0.1533</TD>
    <TD>0.44</TD>
  </TR>
  <TR>
    <TD>5295.0</TD>
    <TD>240.8533</TD>
    <TD>54.98824</TD>
    <TD>1442.68</TD>
    <TD>3650.302</TD>
    <TD>25.9588</TD>
    <TD>0.3751</TD>
    <TD>25.4258</TD>
    <TD>0.564</TD>
    <TD>25.4258</TD>
    <TD>0.564</TD>
    <TD>0.36</TD>
  </TR>
  <TR>
    <TD>5296.0</TD>
    <TD>240.891</TD>
    <TD>55.11407</TD>
    <TD>56.47</TD>
    <TD>3436.52</TD>
    <TD>24.8971</TD>
    <TD>0.2304</TD>
    <TD>24.5168</TD>
    <TD>0.2926</TD>
    <TD>24.5168</TD>
    <TD>0.2926</TD>
    <TD>0.41</TD>
  </TR>
  <TR>
    <TD>5297.0</TD>
    <TD>240.7987</TD>
    <TD>54.96672</TD>
    <TD>1681.31</TD>
    <TD>3986.37</TD>
    <TD>26.0716</TD>
    <TD>0.4149</TD>
    <TD>25.3998</TD>
    <TD>0.3154</TD>
    <TD>25.3998</TD>
    <TD>0.3154</TD>
    <TD>0.35</TD>
  </TR>
  <TR>
    <TD>5298.0</TD>
    <TD>240.8586</TD>
    <TD>54.99477</TD>
    <TD>1370.984</TD>
    <TD>3618.0</TD>
    <TD>26.0412</TD>
    <TD>0.4038</TD>
    <TD>25.3761</TD>
    <TD>0.3322</TD>
    <TD>25.3761</TD>
    <TD>0.3322</TD>
    <TD>0.35</TD>
  </TR>
  <TR>
    <TD>5299.0</TD>
    <TD>240.8593</TD>
    <TD>55.02619</TD>
    <TD>1027.0</TD>
    <TD>3618.958</TD>
    <TD>25.8197</TD>
    <TD>0.3314</TD>
    <TD>24.4034</TD>
    <TD>0.3387</TD>
    <TD>24.4034</TD>
    <TD>0.3387</TD>
    <TD>0.43</TD>
  </TR>
  <TR>
    <TD>5300.0</TD>
    <TD>240.9106</TD>
    <TD>55.02975</TD>
    <TD>983.951</TD>
    <TD>3300.317</TD>
    <TD>25.797</TD>
    <TD>0.3248</TD>
    <TD>24.839</TD>
    <TD>0.4988</TD>
    <TD>24.839</TD>
    <TD>0.4988</TD>
    <TD>0.47</TD>
  </TR>
  <TR>
    <TD>5301.0</TD>
    <TD>240.8472</TD>
    <TD>55.0827</TD>
    <TD>406.47</TD>
    <TD>3704.491</TD>
    <TD>25.5048</TD>
    <TD>0.2864</TD>
    <TD>24.3357</TD>
    <TD>0.3419</TD>
    <TD>24.3357</TD>
    <TD>0.3419</TD>
    <TD>0.37</TD>
  </TR>
  <TR>
    <TD>5302.0</TD>
    <TD>240.9279</TD>
    <TD>55.09473</TD>
    <TD>267.318</TD>
    <TD>3203.338</TD>
    <TD>23.4394</TD>
    <TD>0.1237</TD>
    <TD>22.8099</TD>
    <TD>0.1918</TD>
    <TD>22.8099</TD>
    <TD>0.1918</TD>
    <TD>0.5</TD>
  </TR>
  <TR>
    <TD>5303.0</TD>
    <TD>240.8745</TD>
    <TD>55.08415</TD>
    <TD>388.535</TD>
    <TD>3534.506</TD>
    <TD>25.5857</TD>
    <TD>0.3078</TD>
    <TD>24.6994</TD>
    <TD>0.4767</TD>
    <TD>24.6994</TD>
    <TD>0.4767</TD>
    <TD>0.43</TD>
  </TR>
  <TR>
    <TD>5304.0</TD>
    <TD>240.9086</TD>
    <TD>54.98155</TD>
    <TD>1511.35</TD>
    <TD>3304.904</TD>
    <TD>23.6042</TD>
    <TD>0.1372</TD>
    <TD>22.7761</TD>
    <TD>0.1713</TD>
    <TD>22.7761</TD>
    <TD>0.1713</TD>
    <TD>0.0</TD>
  </TR>
  <TR>
    <TD>5305.0</TD>
    <TD>240.8661</TD>
    <TD>54.99979</TD>
    <TD>1315.523</TD>
    <TD>3572.478</TD>
    <TD>25.7716</TD>
    <TD>0.3633</TD>
    <TD>25.0857</TD>
    <TD>0.331</TD>
    <TD>25.0857</TD>
    <TD>0.331</TD>
    <TD>0.44</TD>
  </TR>
  <TR>
    <TD>5306.0</TD>
    <TD>240.8695</TD>
    <TD>55.06186</TD>
    <TD>634.493</TD>
    <TD>3561.474</TD>
    <TD>25.7004</TD>
    <TD>0.3409</TD>
    <TD>25.0412</TD>
    <TD>0.5129</TD>
    <TD>25.0412</TD>
    <TD>0.5129</TD>
    <TD>0.48</TD>
  </TR>
  <TR>
    <TD>5307.0</TD>
    <TD>240.8629</TD>
    <TD>55.09192</TD>
    <TD>303.543</TD>
    <TD>3607.845</TD>
    <TD>22.6995</TD>
    <TD>0.0801</TD>
    <TD>22.5093</TD>
    <TD>0.1266</TD>
    <TD>22.5093</TD>
    <TD>0.1266</TD>
    <TD>0.0</TD>
  </TR>
  <TR>
    <TD>5308.0</TD>
    <TD>240.7909</TD>
    <TD>55.07154</TD>
    <TD>533.024</TD>
    <TD>4053.273</TD>
    <TD>18.6526</TD>
    <TD>0.0055</TD>
    <TD>18.6582</TD>
    <TD>0.0057</TD>
    <TD>18.6582</TD>
    <TD>0.0057</TD>
    <TD>0.03</TD>
  </TR>
  <TR>
    <TD>5309.0</TD>
    <TD>240.8909</TD>
    <TD>55.05319</TD>
    <TD>728.248</TD>
    <TD>3426.856</TD>
    <TD>20.5227</TD>
    <TD>0.0207</TD>
    <TD>20.458</TD>
    <TD>0.0262</TD>
    <TD>20.458</TD>
    <TD>0.0262</TD>
    <TD>0.01</TD>
  </TR>
  <TR>
    <TD>5310.0</TD>
    <TD>240.908</TD>
    <TD>55.0252</TD>
    <TD>1033.99</TD>
    <TD>3315.591</TD>
    <TD>24.1806</TD>
    <TD>0.1632</TD>
    <TD>23.6168</TD>
    <TD>0.2528</TD>
    <TD>23.6168</TD>
    <TD>0.2528</TD>
    <TD>0.48</TD>
  </TR>
  <TR>
    <TD>5311.0</TD>
    <TD>240.913</TD>
    <TD>55.06244</TD>
    <TD>624.679</TD>
    <TD>3290.67</TD>
    <TD>25.7855</TD>
    <TD>0.3215</TD>
    <TD>25.6177</TD>
    <TD>0.6544</TD>
    <TD>25.6177</TD>
    <TD>0.6544</TD>
    <TD>0.4</TD>
  </TR>
  <TR>
    <TD>5312.0</TD>
    <TD>240.8701</TD>
    <TD>55.10223</TD>
    <TD>189.078</TD>
    <TD>3565.164</TD>
    <TD>19.5104</TD>
    <TD>0.0112</TD>
    <TD>19.4928</TD>
    <TD>0.0133</TD>
    <TD>19.4928</TD>
    <TD>0.0133</TD>
    <TD>0.03</TD>
  </TR>
  <TR>
    <TD>5313.0</TD>
    <TD>240.9185</TD>
    <TD>55.03961</TD>
    <TD>875.056</TD>
    <TD>3252.661</TD>
    <TD>24.6746</TD>
    <TD>0.1996</TD>
    <TD>23.5499</TD>
    <TD>0.2464</TD>
    <TD>24.2604</TD>
    <TD>0.2024</TD>
    <TD>0.37</TD>
  </TR>
  <TR>
    <TD>5314.0</TD>
    <TD>240.8569</TD>
    <TD>55.03709</TD>
    <TD>907.711</TD>
    <TD>3636.14</TD>
    <TD>24.7724</TD>
    <TD>0.2178</TD>
    <TD>23.4882</TD>
    <TD>0.2511</TD>
    <TD>23.4882</TD>
    <TD>0.2511</TD>
    <TD>0.36</TD>
  </TR>
  <TR>
    <TD>5315.0</TD>
    <TD>240.8815</TD>
    <TD>55.0072</TD>
    <TD>1233.243</TD>
    <TD>3477.851</TD>
    <TD>25.4492</TD>
    <TD>0.3297</TD>
    <TD>24.0476</TD>
    <TD>0.3626</TD>
    <TD>24.0476</TD>
    <TD>0.3626</TD>
    <TD>0.4</TD>
  </TR>
  <TR>
    <TD>5316.0</TD>
    <TD>240.8778</TD>
    <TD>55.09697</TD>
    <TD>246.67</TD>
    <TD>3515.797</TD>
    <TD>19.607</TD>
    <TD>0.0122</TD>
    <TD>19.5576</TD>
    <TD>0.0148</TD>
    <TD>19.5576</TD>
    <TD>0.0148</TD>
    <TD>0.02</TD>
  </TR>
  <TR>
    <TD>5317.0</TD>
    <TD>240.8877</TD>
    <TD>55.10261</TD>
    <TD>183.577</TD>
    <TD>3454.999</TD>
    <TD>20.1009</TD>
    <TD>0.0176</TD>
    <TD>20.0417</TD>
    <TD>0.0237</TD>
    <TD>19.9831</TD>
    <TD>0.0182</TD>
    <TD>0.02</TD>
  </TR>
  <TR>
    <TD>5318.0</TD>
    <TD>240.8664</TD>
    <TD>55.08959</TD>
    <TD>329.116</TD>
    <TD>3586.002</TD>
    <TD>22.9771</TD>
    <TD>0.0953</TD>
    <TD>22.6044</TD>
    <TD>0.1238</TD>
    <TD>22.6044</TD>
    <TD>0.1238</TD>
    <TD>0.01</TD>
  </TR>
  <TR>
    <TD>5319.0</TD>
    <TD>240.8686</TD>
    <TD>55.05538</TD>
    <TD>705.84</TD>
    <TD>3566.112</TD>
    <TD>24.8357</TD>
    <TD>0.191</TD>
    <TD>24.7838</TD>
    <TD>0.2713</TD>
    <TD>24.7838</TD>
    <TD>0.2713</TD>
    <TD>0.78</TD>
  </TR>
  <TR>
    <TD>5320.0</TD>
    <TD>240.7852</TD>
    <TD>55.02312</TD>
    <TD>1065.579</TD>
    <TD>4080.348</TD>
    <TD>23.9251</TD>
    <TD>0.1416</TD>
    <TD>23.6097</TD>
    <TD>0.2393</TD>
    <TD>23.6097</TD>
    <TD>0.2393</TD>
    <TD>0.57</TD>
  </TR>
  <TR>
    <TD>5321.0</TD>
    <TD>240.9207</TD>
    <TD>54.95126</TD>
    <TD>1840.347</TD>
    <TD>3224.311</TD>
    <TD>25.5395</TD>
    <TD>0.2588</TD>
    <TD>25.7885</TD>
    <TD>0.4475</TD>
    <TD>25.7885</TD>
    <TD>0.4475</TD>
    <TD>0.42</TD>
  </TR>
  <TR>
    <TD>5322.0</TD>
    <TD>240.9229</TD>
    <TD>55.01285</TD>
    <TD>1168.035</TD>
    <TD>3220.657</TD>
    <TD>22.6436</TD>
    <TD>0.0799</TD>
    <TD>22.3808</TD>
    <TD>0.1355</TD>
    <TD>22.3808</TD>
    <TD>0.1355</TD>
    <TD>0.0</TD>
  </TR>
  <TR>
    <TD>5323.0</TD>
    <TD>240.9132</TD>
    <TD>55.03033</TD>
    <TD>977.329</TD>
    <TD>3284.286</TD>
    <TD>25.7058</TD>
    <TD>0.2996</TD>
    <TD>25.1869</TD>
    <TD>0.539</TD>
    <TD>25.1869</TD>
    <TD>0.539</TD>
    <TD>0.44</TD>
  </TR>
  <TR>
    <TD>5324.0</TD>
    <TD>240.877</TD>
    <TD>55.09221</TD>
    <TD>299.317</TD>
    <TD>3520.313</TD>
    <TD>25.8978</TD>
    <TD>0.3553</TD>
    <TD>25.3478</TD>
    <TD>0.301</TD>
    <TD>25.3478</TD>
    <TD>0.301</TD>
    <TD>0.39</TD>
  </TR>
  <TR>
    <TD>5325.0</TD>
    <TD>240.9148</TD>
    <TD>55.05684</TD>
    <TD>686.092</TD>
    <TD>3278.698</TD>
    <TD>24.6346</TD>
    <TD>0.2116</TD>
    <TD>24.2686</TD>
    <TD>0.3478</TD>
    <TD>24.2686</TD>
    <TD>0.3478</TD>
    <TD>0.48</TD>
  </TR>
  <TR>
    <TD>5326.0</TD>
    <TD>240.8823</TD>
    <TD>54.94165</TD>
    <TD>1948.265</TD>
    <TD>3461.762</TD>
    <TD>23.8798</TD>
    <TD>0.1525</TD>
    <TD>22.974</TD>
    <TD>0.2451</TD>
    <TD>22.974</TD>
    <TD>0.2451</TD>
    <TD>0.28</TD>
  </TR>
  <TR>
    <TD>5327.0</TD>
    <TD>240.891</TD>
    <TD>55.0667</TD>
    <TD>579.638</TD>
    <TD>3428.317</TD>
    <TD>26.05</TD>
    <TD>0.4069</TD>
    <TD>25.1616</TD>
    <TD>0.4432</TD>
    <TD>25.1616</TD>
    <TD>0.4432</TD>
    <TD>0.36</TD>
  </TR>
  <TR>
    <TD>5328.0</TD>
    <TD>240.9362</TD>
    <TD>55.02708</TD>
    <TD>1010.956</TD>
    <TD>3140.606</TD>
    <TD>24.2147</TD>
    <TD>0.1395</TD>
    <TD>24.0717</TD>
    <TD>0.1849</TD>
    <TD>24.0717</TD>
    <TD>0.1849</TD>
    <TD>0.87</TD>
  </TR>
  <TR>
    <TD>5329.0</TD>
    <TD>240.8476</TD>
    <TD>55.07491</TD>
    <TD>492.343</TD>
    <TD>3700.328</TD>
    <TD>26.2347</TD>
    <TD>0.4802</TD>
    <TD>25.3954</TD>
    <TD>0.6871</TD>
    <TD>25.3954</TD>
    <TD>0.6871</TD>
    <TD>0.35</TD>
  </TR>
  <TR>
    <TD>5330.0</TD>
    <TD>240.92</TD>
    <TD>55.05263</TD>
    <TD>731.906</TD>
    <TD>3245.379</TD>
    <TD>25.3868</TD>
    <TD>0.3117</TD>
    <TD>24.3689</TD>
    <TD>0.3524</TD>
    <TD>24.3689</TD>
    <TD>0.3524</TD>
    <TD>0.36</TD>
  </TR>
  <TR>
    <TD>5331.0</TD>
    <TD>240.8896</TD>
    <TD>54.9592</TD>
    <TD>1756.545</TD>
    <TD>3419.151</TD>
    <TD>24.0552</TD>
    <TD>0.167</TD>
    <TD>23.6938</TD>
    <TD>0.2598</TD>
    <TD>23.6938</TD>
    <TD>0.2598</TD>
    <TD>0.35</TD>
  </TR>
  <TR>
    <TD>5332.0</TD>
    <TD>240.8777</TD>
    <TD>55.08059</TD>
    <TD>427.609</TD>
    <TD>3513.906</TD>
    <TD>20.4658</TD>
    <TD>0.0187</TD>
    <TD>20.4408</TD>
    <TD>0.0242</TD>
    <TD>20.4408</TD>
    <TD>0.0242</TD>
    <TD>0.02</TD>
  </TR>
  <TR>
    <TD>5333.0</TD>
    <TD>240.8884</TD>
    <TD>55.00652</TD>
    <TD>1240.114</TD>
    <TD>3434.693</TD>
    <TD>25.2998</TD>
    <TD>0.2884</TD>
    <TD>24.2689</TD>
    <TD>0.3697</TD>
    <TD>24.2689</TD>
    <TD>0.3697</TD>
    <TD>0.48</TD>
  </TR>
  <TR>
    <TD>5334.0</TD>
    <TD>240.9133</TD>
    <TD>54.97621</TD>
    <TD>1569.202</TD>
    <TD>3274.892</TD>
    <TD>23.4006</TD>
    <TD>0.1194</TD>
    <TD>22.7434</TD>
    <TD>0.1567</TD>
    <TD>22.7434</TD>
    <TD>0.1567</TD>
    <TD>0.01</TD>
  </TR>
  <TR>
    <TD>5335.0</TD>
    <TD>240.8647</TD>
    <TD>55.03011</TD>
    <TD>983.7</TD>
    <TD>3586.326</TD>
    <TD>25.822</TD>
    <TD>0.3321</TD>
    <TD>25.1712</TD>
    <TD>0.2571</TD>
    <TD>25.1712</TD>
    <TD>0.2571</TD>
    <TD>0.36</TD>
  </TR>
  <TR>
    <TD>5336.0</TD>
    <TD>240.8627</TD>
    <TD>55.02322</TD>
    <TD>1059.321</TD>
    <TD>3597.651</TD>
    <TD>25.8415</TD>
    <TD>0.3379</TD>
    <TD>25.5195</TD>
    <TD>0.3511</TD>
    <TD>25.5195</TD>
    <TD>0.3511</TD>
    <TD>0.36</TD>
  </TR>
  <TR>
    <TD>5337.0</TD>
    <TD>240.87</TD>
    <TD>55.09969</TD>
    <TD>217.218</TD>
    <TD>3564.966</TD>
    <TD>23.7413</TD>
    <TD>0.1453</TD>
    <TD>23.084</TD>
    <TD>0.2225</TD>
    <TD>23.084</TD>
    <TD>0.2225</TD>
    <TD>0.05</TD>
  </TR>
  <TR>
    <TD>5338.0</TD>
    <TD>240.8867</TD>
    <TD>55.05614</TD>
    <TD>696.169</TD>
    <TD>3453.503</TD>
    <TD>23.5805</TD>
    <TD>0.128</TD>
    <TD>22.9892</TD>
    <TD>0.2463</TD>
    <TD>22.9892</TD>
    <TD>0.2463</TD>
    <TD>0.52</TD>
  </TR>
  <TR>
    <TD>5339.0</TD>
    <TD>240.8646</TD>
    <TD>55.07718</TD>
    <TD>466.171</TD>
    <TD>3594.607</TD>
    <TD>25.1601</TD>
    <TD>0.2737</TD>
    <TD>24.2563</TD>
    <TD>0.1953</TD>
    <TD>24.2563</TD>
    <TD>0.1953</TD>
    <TD>0.41</TD>
  </TR>
  <TR>
    <TD>5340.0</TD>
    <TD>240.9231</TD>
    <TD>54.98938</TD>
    <TD>1424.568</TD>
    <TD>3215.868</TD>
    <TD>24.4234</TD>
    <TD>0.1895</TD>
    <TD>23.4223</TD>
    <TD>0.254</TD>
    <TD>23.4223</TD>
    <TD>0.254</TD>
    <TD>0.59</TD>
  </TR>
  <TR>
    <TD>5341.0</TD>
    <TD>240.9025</TD>
    <TD>55.01696</TD>
    <TD>1124.785</TD>
    <TD>3348.435</TD>
    <TD>21.012</TD>
    <TD>0.0274</TD>
    <TD>20.9678</TD>
    <TD>0.0352</TD>
    <TD>20.9678</TD>
    <TD>0.0352</TD>
    <TD>0.01</TD>
  </TR>
  <TR>
    <TD>5342.0</TD>
    <TD>240.9331</TD>
    <TD>55.01132</TD>
    <TD>1183.798</TD>
    <TD>3157.392</TD>
    <TD>25.1643</TD>
    <TD>0.2348</TD>
    <TD>24.5102</TD>
    <TD>0.4442</TD>
    <TD>24.5102</TD>
    <TD>0.4442</TD>
    <TD>0.38</TD>
  </TR>
  <TR>
    <TD>5343.0</TD>
    <TD>240.8565</TD>
    <TD>55.07554</TD>
    <TD>484.779</TD>
    <TD>3644.738</TD>
    <TD>24.6235</TD>
    <TD>0.1585</TD>
    <TD>24.3571</TD>
    <TD>0.185</TD>
    <TD>24.3571</TD>
    <TD>0.185</TD>
    <TD>0.62</TD>
  </TR>
  <TR>
    <TD>5344.0</TD>
    <TD>240.8724</TD>
    <TD>55.10358</TD>
    <TD>173.984</TD>
    <TD>3551.07</TD>
    <TD>22.3435</TD>
    <TD>0.0686</TD>
    <TD>21.6126</TD>
    <TD>0.1039</TD>
    <TD>21.9187</TD>
    <TD>0.0694</TD>
    <TD>0.0</TD>
  </TR>
  <TR>
    <TD>5345.0</TD>
    <TD>240.8762</TD>
    <TD>54.98187</TD>
    <TD>1510.517</TD>
    <TD>3506.367</TD>
    <TD>19.8665</TD>
    <TD>0.0121</TD>
    <TD>19.8447</TD>
    <TD>0.014</TD>
    <TD>19.8447</TD>
    <TD>0.014</TD>
    <TD>0.03</TD>
  </TR>
  <TR>
    <TD>5346.0</TD>
    <TD>240.9105</TD>
    <TD>55.00554</TD>
    <TD>1249.074</TD>
    <TD>3296.775</TD>
    <TD>25.0289</TD>
    <TD>0.2592</TD>
    <TD>24.1566</TD>
    <TD>0.3865</TD>
    <TD>24.1566</TD>
    <TD>0.3865</TD>
    <TD>0.04</TD>
  </TR>
  <TR>
    <TD>5347.0</TD>
    <TD>240.9178</TD>
    <TD>55.01695</TD>
    <TD>1123.568</TD>
    <TD>3253.066</TD>
    <TD>25.4494</TD>
    <TD>0.3297</TD>
    <TD>24.1579</TD>
    <TD>0.448</TD>
    <TD>24.1579</TD>
    <TD>0.448</TD>
    <TD>0.36</TD>
  </TR>
  <TR>
    <TD>5348.0</TD>
    <TD>240.7836</TD>
    <TD>54.95568</TD>
    <TD>1802.631</TD>
    <TD>4078.746</TD>
    <TD>24.503</TD>
    <TD>0.1882</TD>
    <TD>23.7633</TD>
    <TD>0.289</TD>
    <TD>23.7633</TD>
    <TD>0.289</TD>
    <TD>0.4</TD>
  </TR>
  <TR>
    <TD>5349.0</TD>
    <TD>240.9136</TD>
    <TD>54.94404</TD>
    <TD>1919.573</TD>
    <TD>3267.353</TD>
    <TD>25.1377</TD>
    <TD>0.3022</TD>
    <TD>23.6851</TD>
    <TD>0.346</TD>
    <TD>23.6851</TD>
    <TD>0.346</TD>
    <TD>0.44</TD>
  </TR>
  <TR>
    <TD>5350.0</TD>
    <TD>240.8628</TD>
    <TD>55.06374</TD>
    <TD>614.278</TD>
    <TD>3603.439</TD>
    <TD>24.3624</TD>
    <TD>0.192</TD>
    <TD>23.1146</TD>
    <TD>0.2179</TD>
    <TD>23.1146</TD>
    <TD>0.2179</TD>
    <TD>0.38</TD>
  </TR>
  <TR>
    <TD>5351.0</TD>
    <TD>240.8832</TD>
    <TD>54.9779</TD>
    <TD>1553.272</TD>
    <TD>3462.292</TD>
    <TD>20.0385</TD>
    <TD>0.0153</TD>
    <TD>19.9809</TD>
    <TD>0.0184</TD>
    <TD>19.9809</TD>
    <TD>0.0184</TD>
    <TD>0.02</TD>
  </TR>
  <TR>
    <TD>5352.0</TD>
    <TD>240.8954</TD>
    <TD>55.10069</TD>
    <TD>204.25</TD>
    <TD>3407.043</TD>
    <TD>15.5435</TD>
    <TD>0.0016</TD>
    <TD>15.5485</TD>
    <TD>0.0017</TD>
    <TD>15.5485</TD>
    <TD>0.0017</TD>
    <TD>0.03</TD>
  </TR>
  <TR>
    <TD>5353.0</TD>
    <TD>240.8214</TD>
    <TD>55.07184</TD>
    <TD>527.982</TD>
    <TD>3863.0</TD>
    <TD>25.7127</TD>
    <TD>0.3014</TD>
    <TD>24.8729</TD>
    <TD>0.4465</TD>
    <TD>24.8729</TD>
    <TD>0.4465</TD>
    <TD>0.47</TD>
  </TR>
  <TR>
    <TD>5354.0</TD>
    <TD>240.9237</TD>
    <TD>55.11044</TD>
    <TD>93.939</TD>
    <TD>3232.169</TD>
    <TD>24.811</TD>
    <TD>0.1869</TD>
    <TD>24.7735</TD>
    <TD>0.2688</TD>
    <TD>24.7735</TD>
    <TD>0.2688</TD>
    <TD>0.68</TD>
  </TR>
  <TR>
    <TD>5355.0</TD>
    <TD>240.9131</TD>
    <TD>55.05914</TD>
    <TD>660.978</TD>
    <TD>3289.723</TD>
    <TD>24.6725</TD>
    <TD>0.1775</TD>
    <TD>24.6975</TD>
    <TD>0.2676</TD>
    <TD>24.6975</TD>
    <TD>0.2676</TD>
    <TD>0.71</TD>
  </TR>
  <TR>
    <TD>5356.0</TD>
    <TD>240.9162</TD>
    <TD>55.03603</TD>
    <TD>914.607</TD>
    <TD>3266.293</TD>
    <TD>21.1756</TD>
    <TD>0.0296</TD>
    <TD>21.102</TD>
    <TD>0.0415</TD>
    <TD>21.102</TD>
    <TD>0.0415</TD>
    <TD>0.01</TD>
  </TR>
  <TR>
    <TD>5357.0</TD>
    <TD>240.9434</TD>
    <TD>55.09618</TD>
    <TD>249.987</TD>
    <TD>3107.002</TD>
    <TD>24.5222</TD>
    <TD>0.1744</TD>
    <TD>24.0681</TD>
    <TD>0.2385</TD>
    <TD>24.0681</TD>
    <TD>0.2385</TD>
    <TD>0.8</TD>
  </TR>
  <TR>
    <TD>5358.0</TD>
    <TD>240.858</TD>
    <TD>54.95676</TD>
    <TD>1785.659</TD>
    <TD>3615.368</TD>
    <TD>18.9997</TD>
    <TD>0.0095</TD>
    <TD>18.9529</TD>
    <TD>0.0115</TD>
    <TD>18.9529</TD>
    <TD>0.0115</TD>
    <TD>0.03</TD>
  </TR>
  <TR>
    <TD>5359.0</TD>
    <TD>240.9305</TD>
    <TD>54.93423</TD>
    <TD>2024.727</TD>
    <TD>3160.714</TD>
    <TD>20.9356</TD>
    <TD>0.027</TD>
    <TD>20.7989</TD>
    <TD>0.0384</TD>
    <TD>20.799</TD>
    <TD>0.0279</TD>
    <TD>0.01</TD>
  </TR>
  <TR>
    <TD>5360.0</TD>
    <TD>240.8929</TD>
    <TD>55.06019</TD>
    <TD>651.043</TD>
    <TD>3415.755</TD>
    <TD>22.7225</TD>
    <TD>0.0851</TD>
    <TD>21.7433</TD>
    <TD>0.1113</TD>
    <TD>21.7433</TD>
    <TD>0.1113</TD>
    <TD>0.01</TD>
  </TR>
  <TR>
    <TD>5361.0</TD>
    <TD>240.9157</TD>
    <TD>55.04922</TD>
    <TD>769.854</TD>
    <TD>3271.934</TD>
    <TD>24.4725</TD>
    <TD>0.1582</TD>
    <TD>24.55</TD>
    <TD>0.2544</TD>
    <TD>24.55</TD>
    <TD>0.2544</TD>
    <TD>0.67</TD>
  </TR>
  <TR>
    <TD>5362.0</TD>
    <TD>240.9326</TD>
    <TD>54.96463</TD>
    <TD>1693.673</TD>
    <TD>3152.489</TD>
    <TD>25.2406</TD>
    <TD>0.2735</TD>
    <TD>24.2243</TD>
    <TD>0.4068</TD>
    <TD>24.2243</TD>
    <TD>0.4068</TD>
    <TD>0.35</TD>
  </TR>
  <TR>
    <TD>5363.0</TD>
    <TD>240.869</TD>
    <TD>55.01392</TD>
    <TD>1160.705</TD>
    <TD>3556.701</TD>
    <TD>25.6323</TD>
    <TD>0.2808</TD>
    <TD>24.9134</TD>
    <TD>0.4837</TD>
    <TD>24.9134</TD>
    <TD>0.4837</TD>
    <TD>0.41</TD>
  </TR>
  <TR>
    <TD>5364.0</TD>
    <TD>240.8419</TD>
    <TD>55.00633</TD>
    <TD>1245.829</TD>
    <TD>3723.943</TD>
    <TD>23.3482</TD>
    <TD>0.1186</TD>
    <TD>22.993</TD>
    <TD>0.158</TD>
    <TD>22.7209</TD>
    <TD>0.1122</TD>
    <TD>0.0</TD>
  </TR>
  <TR>
    <TD>5365.0</TD>
    <TD>240.8762</TD>
    <TD>54.98923</TD>
    <TD>1430.15</TD>
    <TD>3507.604</TD>
    <TD>22.6775</TD>
    <TD>0.0805</TD>
    <TD>22.4353</TD>
    <TD>0.1059</TD>
    <TD>22.4353</TD>
    <TD>0.1059</TD>
    <TD>0.01</TD>
  </TR>
  <TR>
    <TD>5366.0</TD>
    <TD>240.9176</TD>
    <TD>54.94925</TD>
    <TD>1862.533</TD>
    <TD>3243.499</TD>
    <TD>25.5222</TD>
    <TD>0.2909</TD>
    <TD>25.3387</TD>
    <TD>0.4162</TD>
    <TD>25.3387</TD>
    <TD>0.4162</TD>
    <TD>0.36</TD>
  </TR>
  <TR>
    <TD>5367.0</TD>
    <TD>240.8469</TD>
    <TD>55.00835</TD>
    <TD>1223.326</TD>
    <TD>3693.037</TD>
    <TD>25.1286</TD>
    <TD>0.2475</TD>
    <TD>23.8133</TD>
    <TD>0.2941</TD>
    <TD>23.8133</TD>
    <TD>0.2941</TD>
    <TD>0.39</TD>
  </TR>
  <TR>
    <TD>5368.0</TD>
    <TD>240.9158</TD>
    <TD>55.06878</TD>
    <TD>554.585</TD>
    <TD>3274.533</TD>
    <TD>22.1687</TD>
    <TD>0.0588</TD>
    <TD>21.9561</TD>
    <TD>0.0768</TD>
    <TD>21.9561</TD>
    <TD>0.0768</TD>
    <TD>0.0</TD>
  </TR>
  <TR>
    <TD>5369.0</TD>
    <TD>240.921</TD>
    <TD>55.07883</TD>
    <TD>443.405</TD>
    <TD>3243.753</TD>
    <TD>22.3581</TD>
    <TD>0.0648</TD>
    <TD>22.1267</TD>
    <TD>0.0962</TD>
    <TD>22.1267</TD>
    <TD>0.0962</TD>
    <TD>0.0</TD>
  </TR>
  <TR>
    <TD>5370.0</TD>
    <TD>240.811</TD>
    <TD>55.08364</TD>
    <TD>398.469</TD>
    <TD>3929.951</TD>
    <TD>25.5292</TD>
    <TD>0.2927</TD>
    <TD>24.8277</TD>
    <TD>0.422</TD>
    <TD>24.8277</TD>
    <TD>0.422</TD>
    <TD>0.4</TD>
  </TR>
  <TR>
    <TD>5371.0</TD>
    <TD>240.8503</TD>
    <TD>54.93343</TD>
    <TD>2040.145</TD>
    <TD>3659.719</TD>
    <TD>25.1584</TD>
    <TD>0.2911</TD>
    <TD>24.1629</TD>
    <TD>0.3631</TD>
    <TD>24.1629</TD>
    <TD>0.3631</TD>
    <TD>0.48</TD>
  </TR>
  <TR>
    <TD>5372.0</TD>
    <TD>240.8723</TD>
    <TD>54.96485</TD>
    <TD>1696.358</TD>
    <TD>3527.847</TD>
    <TD>23.4696</TD>
    <TD>0.1198</TD>
    <TD>22.4694</TD>
    <TD>0.1664</TD>
    <TD>22.4694</TD>
    <TD>0.1664</TD>
    <TD>0.55</TD>
  </TR>
  <TR>
    <TD>5373.0</TD>
    <TD>240.9273</TD>
    <TD>55.09884</TD>
    <TD>221.957</TD>
    <TD>3208.0</TD>
    <TD>25.8798</TD>
    <TD>0.3496</TD>
    <TD>24.7142</TD>
    <TD>0.2876</TD>
    <TD>24.7142</TD>
    <TD>0.2876</TD>
    <TD>0.37</TD>
  </TR>
  <TR>
    <TD>5374.0</TD>
    <TD>240.9199</TD>
    <TD>54.93951</TD>
    <TD>1968.355</TD>
    <TD>3227.677</TD>
    <TD>25.8865</TD>
    <TD>0.3517</TD>
    <TD>24.8105</TD>
    <TD>0.3823</TD>
    <TD>24.8105</TD>
    <TD>0.3823</TD>
    <TD>0.36</TD>
  </TR>
  <TR>
    <TD>5375.0</TD>
    <TD>240.7832</TD>
    <TD>55.0367</TD>
    <TD>916.786</TD>
    <TD>4095.189</TD>
    <TD>24.4083</TD>
    <TD>0.2001</TD>
    <TD>23.6312</TD>
    <TD>0.3419</TD>
    <TD>23.6312</TD>
    <TD>0.3419</TD>
    <TD>0.48</TD>
  </TR>
  <TR>
    <TD>5376.0</TD>
    <TD>240.8022</TD>
    <TD>55.03571</TD>
    <TD>926.443</TD>
    <TD>3976.777</TD>
    <TD>25.4829</TD>
    <TD>0.2809</TD>
    <TD>24.357</TD>
    <TD>0.3709</TD>
    <TD>24.357</TD>
    <TD>0.3709</TD>
    <TD>0.37</TD>
  </TR>
  <TR>
    <TD>5377.0</TD>
    <TD>240.8508</TD>
    <TD>55.01618</TD>
    <TD>1137.354</TD>
    <TD>3670.147</TD>
    <TD>25.4445</TD>
    <TD>0.3012</TD>
    <TD>24.2498</TD>
    <TD>0.3278</TD>
    <TD>24.2498</TD>
    <TD>0.3278</TD>
    <TD>0.4</TD>
  </TR>
  <TR>
    <TD>5378.0</TD>
    <TD>240.9221</TD>
    <TD>54.94777</TD>
    <TD>1878.271</TD>
    <TD>3215.448</TD>
    <TD>23.6671</TD>
    <TD>0.1311</TD>
    <TD>23.0396</TD>
    <TD>0.2059</TD>
    <TD>23.0396</TD>
    <TD>0.2059</TD>
    <TD>0.15</TD>
  </TR>
  <TR>
    <TD>5379.0</TD>
    <TD>240.845</TD>
    <TD>54.98457</TD>
    <TD>1483.324</TD>
    <TD>3700.953</TD>
    <TD>25.6261</TD>
    <TD>0.2793</TD>
    <TD>25.0673</TD>
    <TD>0.4466</TD>
    <TD>25.0673</TD>
    <TD>0.4466</TD>
    <TD>0.36</TD>
  </TR>
  <TR>
    <TD>5380.0</TD>
    <TD>240.9446</TD>
    <TD>55.06527</TD>
    <TD>590.68</TD>
    <TD>3094.726</TD>
    <TD>23.5814</TD>
    <TD>0.1192</TD>
    <TD>23.1815</TD>
    <TD>0.2218</TD>
    <TD>23.1815</TD>
    <TD>0.2218</TD>
    <TD>0.66</TD>
  </TR>
  <TR>
    <TD>5381.0</TD>
    <TD>240.8968</TD>
    <TD>55.07421</TD>
    <TD>496.358</TD>
    <TD>3393.832</TD>
    <TD>21.5835</TD>
    <TD>0.0395</TD>
    <TD>21.4569</TD>
    <TD>0.0512</TD>
    <TD>21.4569</TD>
    <TD>0.0512</TD>
    <TD>0.0</TD>
  </TR>
  <TR>
    <TD>5382.0</TD>
    <TD>240.9127</TD>
    <TD>55.02168</TD>
    <TD>1072.228</TD>
    <TD>3285.627</TD>
    <TD>25.3027</TD>
    <TD>0.2655</TD>
    <TD>24.6773</TD>
    <TD>0.3791</TD>
    <TD>24.6773</TD>
    <TD>0.3791</TD>
    <TD>0.35</TD>
  </TR>
  <TR>
    <TD>5383.0</TD>
    <TD>240.8871</TD>
    <TD>55.05362</TD>
    <TD>723.832</TD>
    <TD>3450.302</TD>
    <TD>25.2209</TD>
    <TD>0.289</TD>
    <TD>24.3341</TD>
    <TD>0.4248</TD>
    <TD>24.3341</TD>
    <TD>0.4248</TD>
    <TD>0.35</TD>
  </TR>
  <TR>
    <TD>5384.0</TD>
    <TD>240.8695</TD>
    <TD>55.01689</TD>
    <TD>1128.146</TD>
    <TD>3554.123</TD>
    <TD>24.6438</TD>
    <TD>0.1614</TD>
    <TD>24.9167</TD>
    <TD>0.306</TD>
    <TD>24.9167</TD>
    <TD>0.306</TD>
    <TD>0.74</TD>
  </TR>
  <TR>
    <TD>5385.0</TD>
    <TD>240.9099</TD>
    <TD>55.06022</TD>
    <TD>649.344</TD>
    <TD>3309.706</TD>
    <TD>25.6954</TD>
    <TD>0.2969</TD>
    <TD>25.0064</TD>
    <TD>0.4571</TD>
    <TD>25.0064</TD>
    <TD>0.4571</TD>
    <TD>0.37</TD>
  </TR>
  <TR>
    <TD>5386.0</TD>
    <TD>240.889</TD>
    <TD>54.97354</TD>
    <TD>1600.349</TD>
    <TD>3425.693</TD>
    <TD>26.0087</TD>
    <TD>0.3922</TD>
    <TD>25.2839</TD>
    <TD>0.4826</TD>
    <TD>25.2839</TD>
    <TD>0.4826</TD>
    <TD>0.4</TD>
  </TR>
  <TR>
    <TD>5387.0</TD>
    <TD>240.9155</TD>
    <TD>55.11432</TD>
    <TD>51.743</TD>
    <TD>3283.866</TD>
    <TD>24.4922</TD>
    <TD>0.2016</TD>
    <TD>24.0156</TD>
    <TD>0.3269</TD>
    <TD>24.0156</TD>
    <TD>0.3269</TD>
    <TD>0.35</TD>
  </TR>
  <TR>
    <TD>5388.0</TD>
    <TD>240.8639</TD>
    <TD>55.07888</TD>
    <TD>447.498</TD>
    <TD>3599.589</TD>
    <TD>23.1347</TD>
    <TD>0.0655</TD>
    <TD>23.0826</TD>
    <TD>0.085</TD>
    <TD>23.0826</TD>
    <TD>0.085</TD>
    <TD>0.68</TD>
  </TR>
  <TR>
    <TD>5389.0</TD>
    <TD>240.9229</TD>
    <TD>55.1068</TD>
    <TD>134.361</TD>
    <TD>3236.674</TD>
    <TD>20.9555</TD>
    <TD>0.0296</TD>
    <TD>20.7672</TD>
    <TD>0.046</TD>
    <TD>20.7672</TD>
    <TD>0.046</TD>
    <TD>0.0</TD>
  </TR>
  <TR>
    <TD>5390.0</TD>
    <TD>240.8456</TD>
    <TD>55.00812</TD>
    <TD>1225.958</TD>
    <TD>3701.503</TD>
    <TD>24.6186</TD>
    <TD>0.2086</TD>
    <TD>23.9407</TD>
    <TD>0.2872</TD>
    <TD>23.9407</TD>
    <TD>0.2872</TD>
    <TD>0.47</TD>
  </TR>
  <TR>
    <TD>5391.0</TD>
    <TD>240.8715</TD>
    <TD>55.08694</TD>
    <TD>357.933</TD>
    <TD>3553.651</TD>
    <TD>22.1294</TD>
    <TD>0.0571</TD>
    <TD>21.8478</TD>
    <TD>0.0674</TD>
    <TD>21.8478</TD>
    <TD>0.0674</TD>
    <TD>0.0</TD>
  </TR>
  <TR>
    <TD>5392.0</TD>
    <TD>240.851</TD>
    <TD>54.96409</TD>
    <TD>1706.35</TD>
    <TD>3660.301</TD>
    <TD>25.6433</TD>
    <TD>0.2835</TD>
    <TD>24.9598</TD>
    <TD>0.4218</TD>
    <TD>24.9598</TD>
    <TD>0.4218</TD>
    <TD>0.36</TD>
  </TR>
  <TR>
    <TD>5393.0</TD>
    <TD>240.8264</TD>
    <TD>55.05008</TD>
    <TD>767.104</TD>
    <TD>3828.058</TD>
    <TD>23.6738</TD>
    <TD>0.1415</TD>
    <TD>23.0716</TD>
    <TD>0.1437</TD>
    <TD>23.0716</TD>
    <TD>0.1437</TD>
    <TD>0.28</TD>
  </TR>
  <TR>
    <TD>5394.0</TD>
    <TD>240.914</TD>
    <TD>55.00537</TD>
    <TD>1250.592</TD>
    <TD>3275.188</TD>
    <TD>25.3552</TD>
    <TD>0.2782</TD>
    <TD>24.3165</TD>
    <TD>0.265</TD>
    <TD>24.3165</TD>
    <TD>0.265</TD>
    <TD>0.48</TD>
  </TR>
  <TR>
    <TD>5395.0</TD>
    <TD>240.854</TD>
    <TD>55.0417</TD>
    <TD>857.29</TD>
    <TD>3654.584</TD>
    <TD>22.8362</TD>
    <TD>0.0904</TD>
    <TD>22.0986</TD>
    <TD>0.1451</TD>
    <TD>22.0986</TD>
    <TD>0.1451</TD>
    <TD>0.0</TD>
  </TR>
  <TR>
    <TD>5396.0</TD>
    <TD>240.9326</TD>
    <TD>55.04931</TD>
    <TD>767.372</TD>
    <TD>3166.701</TD>
    <TD>25.8195</TD>
    <TD>0.3314</TD>
    <TD>25.2116</TD>
    <TD>0.3709</TD>
    <TD>25.2116</TD>
    <TD>0.3709</TD>
    <TD>0.37</TD>
  </TR>
  <TR>
    <TD>5397.0</TD>
    <TD>240.9142</TD>
    <TD>54.99475</TD>
    <TD>1366.685</TD>
    <TD>3272.328</TD>
    <TD>25.9094</TD>
    <TD>0.359</TD>
    <TD>25.2431</TD>
    <TD>0.3817</TD>
    <TD>25.2431</TD>
    <TD>0.3817</TD>
    <TD>0.36</TD>
  </TR>
  <TR>
    <TD>5398.0</TD>
    <TD>240.8491</TD>
    <TD>55.10859</TD>
    <TD>120.184</TD>
    <TD>3696.83</TD>
    <TD>24.5161</TD>
    <TD>0.2059</TD>
    <TD>23.1592</TD>
    <TD>0.215</TD>
    <TD>23.1592</TD>
    <TD>0.215</TD>
    <TD>0.36</TD>
  </TR>
  <TR>
    <TD>5399.0</TD>
    <TD>240.8763</TD>
    <TD>55.0784</TD>
    <TD>451.869</TD>
    <TD>3521.961</TD>
    <TD>23.2749</TD>
    <TD>0.1111</TD>
    <TD>22.8521</TD>
    <TD>0.1886</TD>
    <TD>22.8521</TD>
    <TD>0.1886</TD>
    <TD>0.0</TD>
  </TR>
  <TR>
    <TD>5400.0</TD>
    <TD>240.8546</TD>
    <TD>55.03183</TD>
    <TD>965.522</TD>
    <TD>3649.468</TD>
    <TD>25.5559</TD>
    <TD>0.2997</TD>
    <TD>24.8144</TD>
    <TD>0.4169</TD>
    <TD>24.8144</TD>
    <TD>0.4169</TD>
    <TD>0.36</TD>
  </TR>
  <TR>
    <TD>5401.0</TD>
    <TD>240.8703</TD>
    <TD>54.93515</TD>
    <TD>2019.859</TD>
    <TD>3535.617</TD>
    <TD>22.1668</TD>
    <TD>0.054</TD>
    <TD>21.8044</TD>
    <TD>0.0892</TD>
    <TD>21.9457</TD>
    <TD>0.0561</TD>
    <TD>0.02</TD>
  </TR>
  <TR>
    <TD>5402.0</TD>
    <TD>240.8235</TD>
    <TD>54.9482</TD>
    <TD>1881.469</TD>
    <TD>3829.158</TD>
    <TD>23.2834</TD>
    <TD>0.1188</TD>
    <TD>22.8157</TD>
    <TD>0.2007</TD>
    <TD>22.8157</TD>
    <TD>0.2007</TD>
    <TD>0.0</TD>
  </TR>
  <TR>
    <TD>5403.0</TD>
    <TD>240.9158</TD>
    <TD>54.95855</TD>
    <TD>1761.424</TD>
    <TD>3256.38</TD>
    <TD>23.4689</TD>
    <TD>0.0873</TD>
    <TD>23.3645</TD>
    <TD>0.114</TD>
    <TD>23.3645</TD>
    <TD>0.114</TD>
    <TD>0.71</TD>
  </TR>
  <TR>
    <TD>5404.0</TD>
    <TD>240.9299</TD>
    <TD>55.0013</TD>
    <TD>1293.691</TD>
    <TD>3175.706</TD>
    <TD>25.629</TD>
    <TD>0.28</TD>
    <TD>24.723</TD>
    <TD>0.3836</TD>
    <TD>24.723</TD>
    <TD>0.3836</TD>
    <TD>0.4</TD>
  </TR>
  <TR>
    <TD>5405.0</TD>
    <TD>240.7801</TD>
    <TD>54.95027</TD>
    <TD>1861.791</TD>
    <TD>4099.971</TD>
    <TD>20.5932</TD>
    <TD>0.0221</TD>
    <TD>20.8999</TD>
    <TD>0.0401</TD>
    <TD>20.4763</TD>
    <TD>0.0228</TD>
    <TD>0.0</TD>
  </TR>
  <TR>
    <TD>5406.0</TD>
    <TD>240.9129</TD>
    <TD>54.97739</TD>
    <TD>1556.357</TD>
    <TD>3277.66</TD>
    <TD>25.9525</TD>
    <TD>0.373</TD>
    <TD>25.0653</TD>
    <TD>0.3955</TD>
    <TD>25.0653</TD>
    <TD>0.3955</TD>
    <TD>0.36</TD>
  </TR>
  <TR>
    <TD>5407.0</TD>
    <TD>240.851</TD>
    <TD>55.02078</TD>
    <TD>1086.979</TD>
    <TD>3669.856</TD>
    <TD>23.5802</TD>
    <TD>0.1301</TD>
    <TD>23.2292</TD>
    <TD>0.231</TD>
    <TD>23.2292</TD>
    <TD>0.231</TD>
    <TD>0.0</TD>
  </TR>
  <TR>
    <TD>5408.0</TD>
    <TD>240.8551</TD>
    <TD>55.10296</TD>
    <TD>182.143</TD>
    <TD>3658.277</TD>
    <TD>23.7029</TD>
    <TD>0.1404</TD>
    <TD>23.2788</TD>
    <TD>0.1542</TD>
    <TD>23.2788</TD>
    <TD>0.1542</TD>
    <TD>0.4</TD>
  </TR>
  <TR>
    <TD>5409.0</TD>
    <TD>240.864</TD>
    <TD>55.06306</TD>
    <TD>621.751</TD>
    <TD>3595.98</TD>
    <TD>21.3256</TD>
    <TD>0.0373</TD>
    <TD>20.9552</TD>
    <TD>0.054</TD>
    <TD>20.9552</TD>
    <TD>0.054</TD>
    <TD>0.0</TD>
  </TR>
  <TR>
    <TD>5410.0</TD>
    <TD>240.8676</TD>
    <TD>55.0808</TD>
    <TD>426.046</TD>
    <TD>3576.942</TD>
    <TD>24.3845</TD>
    <TD>0.1831</TD>
    <TD>23.7189</TD>
    <TD>0.3043</TD>
    <TD>23.7189</TD>
    <TD>0.3043</TD>
    <TD>0.42</TD>
  </TR>
  <TR>
    <TD>5411.0</TD>
    <TD>240.8726</TD>
    <TD>55.09944</TD>
    <TD>219.808</TD>
    <TD>3548.733</TD>
    <TD>22.9877</TD>
    <TD>0.0932</TD>
    <TD>22.6023</TD>
    <TD>0.1417</TD>
    <TD>22.6023</TD>
    <TD>0.1417</TD>
    <TD>0.0</TD>
  </TR>
  <TR>
    <TD>5412.0</TD>
    <TD>240.9352</TD>
    <TD>55.01415</TD>
    <TD>1152.677</TD>
    <TD>3144.334</TD>
    <TD>26.0348</TD>
    <TD>0.4015</TD>
    <TD>24.7968</TD>
    <TD>0.3975</TD>
    <TD>24.7968</TD>
    <TD>0.3975</TD>
    <TD>0.35</TD>
  </TR>
  <TR>
    <TD>5413.0</TD>
    <TD>240.8596</TD>
    <TD>55.08738</TD>
    <TD>353.925</TD>
    <TD>3628.0</TD>
    <TD>25.7021</TD>
    <TD>0.2987</TD>
    <TD>25.2294</TD>
    <TD>0.3102</TD>
    <TD>25.2294</TD>
    <TD>0.3102</TD>
    <TD>0.42</TD>
  </TR>
  <TR>
    <TD>5414.0</TD>
    <TD>240.8598</TD>
    <TD>54.98285</TD>
    <TD>1501.081</TD>
    <TD>3608.928</TD>
    <TD>22.2702</TD>
    <TD>0.0591</TD>
    <TD>22.136</TD>
    <TD>0.0761</TD>
    <TD>22.136</TD>
    <TD>0.0761</TD>
    <TD>0.0</TD>
  </TR>
  <TR>
    <TD>5415.0</TD>
    <TD>240.9217</TD>
    <TD>55.09869</TD>
    <TD>224.132</TD>
    <TD>3242.672</TD>
    <TD>22.7553</TD>
    <TD>0.0848</TD>
    <TD>22.4633</TD>
    <TD>0.1446</TD>
    <TD>22.4633</TD>
    <TD>0.1446</TD>
    <TD>0.0</TD>
  </TR>
  <TR>
    <TD>5416.0</TD>
    <TD>240.9331</TD>
    <TD>54.99387</TD>
    <TD>1374.672</TD>
    <TD>3154.324</TD>
    <TD>24.7134</TD>
    <TD>0.1956</TD>
    <TD>23.286</TD>
    <TD>0.1903</TD>
    <TD>24.3617</TD>
    <TD>0.2008</TD>
    <TD>0.49</TD>
  </TR>
  <TR>
    <TD>5417.0</TD>
    <TD>240.9217</TD>
    <TD>54.97609</TD>
    <TD>1569.704</TD>
    <TD>3222.26</TD>
    <TD>25.5018</TD>
    <TD>0.2856</TD>
    <TD>24.842</TD>
    <TD>0.4276</TD>
    <TD>24.842</TD>
    <TD>0.4276</TD>
    <TD>0.38</TD>
  </TR>
  <TR>
    <TD>5418.0</TD>
    <TD>240.9171</TD>
    <TD>54.9459</TD>
    <TD>1899.066</TD>
    <TD>3246.138</TD>
    <TD>24.679</TD>
    <TD>0.1898</TD>
    <TD>24.6984</TD>
    <TD>0.291</TD>
    <TD>24.6984</TD>
    <TD>0.291</TD>
    <TD>0.62</TD>
  </TR>
  <TR>
    <TD>5419.0</TD>
    <TD>240.8462</TD>
    <TD>54.94998</TD>
    <TD>1860.416</TD>
    <TD>3688.335</TD>
    <TD>21.7932</TD>
    <TD>0.0539</TD>
    <TD>21.6454</TD>
    <TD>0.0735</TD>
    <TD>21.6454</TD>
    <TD>0.0735</TD>
    <TD>0.01</TD>
  </TR>
  <TR>
    <TD>5420.0</TD>
    <TD>240.9251</TD>
    <TD>54.97027</TD>
    <TD>1632.865</TD>
    <TD>3200.479</TD>
    <TD>16.6271</TD>
    <TD>0.0017</TD>
    <TD>16.6562</TD>
    <TD>0.0016</TD>
    <TD>16.6562</TD>
    <TD>0.0016</TD>
    <TD>0.34</TD>
  </TR>
  <TR>
    <TD>5421.0</TD>
    <TD>240.8532</TD>
    <TD>55.08877</TD>
    <TD>339.086</TD>
    <TD>3667.892</TD>
    <TD>21.7494</TD>
    <TD>0.0409</TD>
    <TD>21.7238</TD>
    <TD>0.0585</TD>
    <TD>21.7238</TD>
    <TD>0.0585</TD>
    <TD>0.01</TD>
  </TR>
  <TR>
    <TD>5422.0</TD>
    <TD>240.9247</TD>
    <TD>55.09956</TD>
    <TD>214.207</TD>
    <TD>3224.281</TD>
    <TD>23.2176</TD>
    <TD>0.1069</TD>
    <TD>22.6327</TD>
    <TD>0.1774</TD>
    <TD>22.6327</TD>
    <TD>0.1774</TD>
    <TD>0.14</TD>
  </TR>
  <TR>
    <TD>5423.0</TD>
    <TD>240.8833</TD>
    <TD>54.95347</TD>
    <TD>1819.498</TD>
    <TD>3457.459</TD>
    <TD>25.4603</TD>
    <TD>0.2753</TD>
    <TD>25.0847</TD>
    <TD>0.3307</TD>
    <TD>25.0847</TD>
    <TD>0.3307</TD>
    <TD>0.48</TD>
  </TR>
  <TR>
    <TD>5424.0</TD>
    <TD>240.9178</TD>
    <TD>55.03981</TD>
    <TD>872.926</TD>
    <TD>3257.28</TD>
    <TD>23.6708</TD>
    <TD>0.1291</TD>
    <TD>22.8465</TD>
    <TD>0.194</TD>
    <TD>22.8465</TD>
    <TD>0.194</TD>
    <TD>0.06</TD>
  </TR>
  <TR>
    <TD>5425.0</TD>
    <TD>240.9215</TD>
    <TD>54.96972</TD>
    <TD>1639.207</TD>
    <TD>3222.347</TD>
    <TD>24.1206</TD>
    <TD>0.1813</TD>
    <TD>22.4329</TD>
    <TD>0.1474</TD>
    <TD>23.2201</TD>
    <TD>0.1502</TD>
    <TD>0.34</TD>
  </TR>
  <TR>
    <TD>5426.0</TD>
    <TD>240.9177</TD>
    <TD>55.10548</TD>
    <TD>149.389</TD>
    <TD>3268.624</TD>
    <TD>24.6309</TD>
    <TD>0.2109</TD>
    <TD>24.0909</TD>
    <TD>0.2347</TD>
    <TD>24.0909</TD>
    <TD>0.2347</TD>
    <TD>0.48</TD>
  </TR>
  <TR>
    <TD>5427.0</TD>
    <TD>240.9243</TD>
    <TD>55.01381</TD>
    <TD>1157.316</TD>
    <TD>3212.334</TD>
    <TD>26.1648</TD>
    <TD>0.451</TD>
    <TD>25.0616</TD>
    <TD>0.3941</TD>
    <TD>25.0616</TD>
    <TD>0.3941</TD>
    <TD>0.35</TD>
  </TR>
  <TR>
    <TD>5428.0</TD>
    <TD>240.7846</TD>
    <TD>54.95268</TD>
    <TD>1835.331</TD>
    <TD>4072.292</TD>
    <TD>26.0045</TD>
    <TD>0.3907</TD>
    <TD>24.5736</TD>
    <TD>0.3498</TD>
    <TD>24.5736</TD>
    <TD>0.3498</TD>
    <TD>0.35</TD>
  </TR>
  <TR>
    <TD>5429.0</TD>
    <TD>240.9206</TD>
    <TD>54.97826</TD>
    <TD>1546.189</TD>
    <TD>3229.81</TD>
    <TD>25.3922</TD>
    <TD>0.2875</TD>
    <TD>24.7158</TD>
    <TD>0.628</TD>
    <TD>24.7158</TD>
    <TD>0.628</TD>
    <TD>0.46</TD>
  </TR>
  <TR>
    <TD>5430.0</TD>
    <TD>240.9225</TD>
    <TD>55.11824</TD>
    <TD>7.615</TD>
    <TD>3240.857</TD>
    <TD>24.2341</TD>
    <TD>0.1765</TD>
    <TD>23.897</TD>
    <TD>0.2594</TD>
    <TD>23.897</TD>
    <TD>0.2594</TD>
    <TD>0.48</TD>
  </TR>
  <TR>
    <TD>5431.0</TD>
    <TD>240.879</TD>
    <TD>55.1164</TD>
    <TD>31.591</TD>
    <TD>3511.822</TD>
    <TD>25.2969</TD>
    <TD>0.2641</TD>
    <TD>24.9377</TD>
    <TD>0.2896</TD>
    <TD>24.9377</TD>
    <TD>0.2896</TD>
    <TD>0.36</TD>
  </TR>
  <TR>
    <TD>5432.0</TD>
    <TD>240.9206</TD>
    <TD>55.08527</TD>
    <TD>372.476</TD>
    <TD>3247.47</TD>
    <TD>25.3284</TD>
    <TD>0.245</TD>
    <TD>25.1862</TD>
    <TD>0.3625</TD>
    <TD>25.1862</TD>
    <TD>0.3625</TD>
    <TD>0.4</TD>
  </TR>
  <TR>
    <TD>5433.0</TD>
    <TD>240.9235</TD>
    <TD>55.08247</TD>
    <TD>403.065</TD>
    <TD>3229.029</TD>
    <TD>23.5921</TD>
    <TD>0.0779</TD>
    <TD>23.7018</TD>
    <TD>0.1247</TD>
    <TD>23.7018</TD>
    <TD>0.1247</TD>
    <TD>0.9</TD>
  </TR>
  <TR>
    <TD>5434.0</TD>
    <TD>240.9248</TD>
    <TD>55.08809</TD>
    <TD>340.959</TD>
    <TD>3221.686</TD>
    <TD>26.3997</TD>
    <TD>0.5571</TD>
    <TD>24.4351</TD>
    <TD>0.341</TD>
    <TD>24.4351</TD>
    <TD>0.341</TD>
    <TD>0.35</TD>
  </TR>
  <TR>
    <TD>5435.0</TD>
    <TD>240.9327</TD>
    <TD>54.99225</TD>
    <TD>1392.35</TD>
    <TD>3156.451</TD>
    <TD>21.8813</TD>
    <TD>0.0527</TD>
    <TD>21.5468</TD>
    <TD>0.0865</TD>
    <TD>21.5468</TD>
    <TD>0.0865</TD>
    <TD>0.01</TD>
  </TR>
  <TR>
    <TD>5436.0</TD>
    <TD>240.843</TD>
    <TD>55.02454</TD>
    <TD>1046.336</TD>
    <TD>3720.023</TD>
    <TD>22.1092</TD>
    <TD>0.0554</TD>
    <TD>21.9876</TD>
    <TD>0.097</TD>
    <TD>21.9876</TD>
    <TD>0.097</TD>
    <TD>0.04</TD>
  </TR>
  <TR>
    <TD>5437.0</TD>
    <TD>240.8584</TD>
    <TD>55.11186</TD>
    <TD>83.394</TD>
    <TD>3639.322</TD>
    <TD>20.7955</TD>
    <TD>0.0254</TD>
    <TD>20.747</TD>
    <TD>0.0377</TD>
    <TD>20.747</TD>
    <TD>0.0377</TD>
    <TD>0.01</TD>
  </TR>
  <TR>
    <TD>5438.0</TD>
    <TD>240.913</TD>
    <TD>55.08616</TD>
    <TD>363.236</TD>
    <TD>3295.042</TD>
    <TD>21.9354</TD>
    <TD>0.0526</TD>
    <TD>21.8394</TD>
    <TD>0.096</TD>
    <TD>21.8394</TD>
    <TD>0.096</TD>
    <TD>0.0</TD>
  </TR>
  <TR>
    <TD>5439.0</TD>
    <TD>240.8568</TD>
    <TD>55.07437</TD>
    <TD>497.649</TD>
    <TD>3642.943</TD>
    <TD>24.2647</TD>
    <TD>0.1814</TD>
    <TD>22.9476</TD>
    <TD>0.2024</TD>
    <TD>22.9476</TD>
    <TD>0.2024</TD>
    <TD>0.35</TD>
  </TR>
  <TR>
    <TD>5440.0</TD>
    <TD>240.8812</TD>
    <TD>55.07944</TD>
    <TD>439.948</TD>
    <TD>3492.009</TD>
    <TD>21.2424</TD>
    <TD>0.0332</TD>
    <TD>20.9435</TD>
    <TD>0.0543</TD>
    <TD>20.9435</TD>
    <TD>0.0543</TD>
    <TD>0.0</TD>
  </TR>
  <TR>
    <TD>5441.0</TD>
    <TD>240.9341</TD>
    <TD>55.07676</TD>
    <TD>465.081</TD>
    <TD>3162.0</TD>
    <TD>24.9168</TD>
    <TD>0.1888</TD>
    <TD>24.6676</TD>
    <TD>0.3356</TD>
    <TD>24.6676</TD>
    <TD>0.3356</TD>
    <TD>0.49</TD>
  </TR>
  <TR>
    <TD>5442.0</TD>
    <TD>240.8296</TD>
    <TD>55.09198</TD>
    <TD>305.176</TD>
    <TD>3815.329</TD>
    <TD>24.4502</TD>
    <TD>0.1636</TD>
    <TD>24.2109</TD>
    <TD>0.1966</TD>
    <TD>24.2109</TD>
    <TD>0.1966</TD>
    <TD>0.73</TD>
  </TR>
  <TR>
    <TD>5443.0</TD>
    <TD>240.8727</TD>
    <TD>55.01633</TD>
    <TD>1134.068</TD>
    <TD>3533.935</TD>
    <TD>22.2959</TD>
    <TD>0.0588</TD>
    <TD>22.0321</TD>
    <TD>0.1059</TD>
    <TD>22.0321</TD>
    <TD>0.1059</TD>
    <TD>0.0</TD>
  </TR>
  <TR>
    <TD>5444.0</TD>
    <TD>240.8657</TD>
    <TD>55.11331</TD>
    <TD>66.803</TD>
    <TD>3594.134</TD>
    <TD>24.7191</TD>
    <TD>0.1724</TD>
    <TD>24.7307</TD>
    <TD>0.2674</TD>
    <TD>24.7307</TD>
    <TD>0.2674</TD>
    <TD>0.66</TD>
  </TR>
  <TR>
    <TD>5445.0</TD>
    <TD>240.9257</TD>
    <TD>55.11615</TD>
    <TD>30.504</TD>
    <TD>3220.668</TD>
    <TD>25.3253</TD>
    <TD>0.295</TD>
    <TD>24.5992</TD>
    <TD>0.2792</TD>
    <TD>24.5992</TD>
    <TD>0.2792</TD>
    <TD>0.42</TD>
  </TR>
  <TR>
    <TD>5446.0</TD>
    <TD>240.9306</TD>
    <TD>55.08241</TD>
    <TD>403.122</TD>
    <TD>3184.814</TD>
    <TD>22.4011</TD>
    <TD>0.074</TD>
    <TD>22.1705</TD>
    <TD>0.1345</TD>
    <TD>22.1705</TD>
    <TD>0.1345</TD>
    <TD>0.0</TD>
  </TR>
  <TR>
    <TD>5447.0</TD>
    <TD>240.8541</TD>
    <TD>54.99008</TD>
    <TD>1422.501</TD>
    <TD>3645.503</TD>
    <TD>25.3156</TD>
    <TD>0.3146</TD>
    <TD>24.3802</TD>
    <TD>0.328</TD>
    <TD>24.3802</TD>
    <TD>0.328</TD>
    <TD>0.41</TD>
  </TR>
  <TR>
    <TD>5448.0</TD>
    <TD>240.8791</TD>
    <TD>55.06157</TD>
    <TD>637.005</TD>
    <TD>3501.519</TD>
    <TD>25.5514</TD>
    <TD>0.2985</TD>
    <TD>25.1561</TD>
    <TD>0.3527</TD>
    <TD>25.1561</TD>
    <TD>0.3527</TD>
    <TD>0.36</TD>
  </TR>
  <TR>
    <TD>5449.0</TD>
    <TD>240.9242</TD>
    <TD>55.04252</TD>
    <TD>842.616</TD>
    <TD>3217.669</TD>
    <TD>22.478</TD>
    <TD>0.0741</TD>
    <TD>22.1812</TD>
    <TD>0.1257</TD>
    <TD>22.1812</TD>
    <TD>0.1257</TD>
    <TD>0.0</TD>
  </TR>
  <TR>
    <TD>5450.0</TD>
    <TD>240.8727</TD>
    <TD>55.1127</TD>
    <TD>73.011</TD>
    <TD>3550.23</TD>
    <TD>25.8045</TD>
    <TD>0.3742</TD>
    <TD>24.6336</TD>
    <TD>0.4403</TD>
    <TD>24.6336</TD>
    <TD>0.4403</TD>
    <TD>0.48</TD>
  </TR>
  <TR>
    <TD>5451.0</TD>
    <TD>240.8561</TD>
    <TD>55.1165</TD>
    <TD>32.168</TD>
    <TD>3654.429</TD>
    <TD>22.2374</TD>
    <TD>0.0617</TD>
    <TD>22.2599</TD>
    <TD>0.114</TD>
    <TD>22.2599</TD>
    <TD>0.114</TD>
    <TD>0.0</TD>
  </TR>
  <TR>
    <TD>5452.0</TD>
    <TD>240.8587</TD>
    <TD>55.04001</TD>
    <TD>875.464</TD>
    <TD>3625.46</TD>
    <TD>25.6285</TD>
    <TD>0.3197</TD>
    <TD>25.1581</TD>
    <TD>0.3534</TD>
    <TD>25.1581</TD>
    <TD>0.3534</TD>
    <TD>0.36</TD>
  </TR>
  <TR>
    <TD>5453.0</TD>
    <TD>240.9246</TD>
    <TD>54.94707</TD>
    <TD>1885.634</TD>
    <TD>3199.646</TD>
    <TD>21.84</TD>
    <TD>0.0528</TD>
    <TD>21.5632</TD>
    <TD>0.0732</TD>
    <TD>21.5632</TD>
    <TD>0.0732</TD>
    <TD>0.0</TD>
  </TR>
  <TR>
    <TD>5454.0</TD>
    <TD>240.9411</TD>
    <TD>55.04882</TD>
    <TD>771.983</TD>
    <TD>3113.612</TD>
    <TD>23.5273</TD>
    <TD>0.0918</TD>
    <TD>23.7093</TD>
    <TD>0.1387</TD>
    <TD>23.7093</TD>
    <TD>0.1387</TD>
    <TD>0.74</TD>
  </TR>
  <TR>
    <TD>5455.0</TD>
    <TD>240.8575</TD>
    <TD>55.09934</TD>
    <TD>222.031</TD>
    <TD>3643.032</TD>
    <TD>23.9337</TD>
    <TD>0.1567</TD>
    <TD>23.4094</TD>
    <TD>0.2951</TD>
    <TD>23.4094</TD>
    <TD>0.2951</TD>
    <TD>0.49</TD>
  </TR>
  <TR>
    <TD>5456.0</TD>
    <TD>240.9088</TD>
    <TD>54.95846</TD>
    <TD>1762.997</TD>
    <TD>3299.709</TD>
    <TD>24.9508</TD>
    <TD>0.2271</TD>
    <TD>24.7154</TD>
    <TD>0.28</TD>
    <TD>24.7154</TD>
    <TD>0.28</TD>
    <TD>0.71</TD>
  </TR>
  <TR>
    <TD>5457.0</TD>
    <TD>240.9187</TD>
    <TD>55.04871</TD>
    <TD>775.14</TD>
    <TD>3253.003</TD>
    <TD>24.897</TD>
    <TD>0.2304</TD>
    <TD>24.7021</TD>
    <TD>0.3705</TD>
    <TD>24.7021</TD>
    <TD>0.3705</TD>
    <TD>0.43</TD>
  </TR>
  <TR>
    <TD>5458.0</TD>
    <TD>240.9249</TD>
    <TD>55.09771</TD>
    <TD>234.684</TD>
    <TD>3222.696</TD>
    <TD>25.8517</TD>
    <TD>0.341</TD>
    <TD>25.3885</TD>
    <TD>0.4355</TD>
    <TD>25.3885</TD>
    <TD>0.4355</TD>
    <TD>0.36</TD>
  </TR>
  <TR>
    <TD>5459.0</TD>
    <TD>240.9263</TD>
    <TD>55.07178</TD>
    <TD>520.69</TD>
    <TD>3209.457</TD>
    <TD>24.1321</TD>
    <TD>0.1747</TD>
    <TD>22.949</TD>
    <TD>0.201</TD>
    <TD>22.949</TD>
    <TD>0.201</TD>
    <TD>0.36</TD>
  </TR>
  <TR>
    <TD>5460.0</TD>
    <TD>240.8457</TD>
    <TD>54.98298</TD>
    <TD>1500.67</TD>
    <TD>3696.364</TD>
    <TD>24.4745</TD>
    <TD>0.1984</TD>
    <TD>23.7885</TD>
    <TD>0.3401</TD>
    <TD>23.7885</TD>
    <TD>0.3401</TD>
    <TD>0.41</TD>
  </TR>
  <TR>
    <TD>5461.0</TD>
    <TD>240.9211</TD>
    <TD>54.94208</TD>
    <TD>1940.293</TD>
    <TD>3220.395</TD>
    <TD>21.3509</TD>
    <TD>0.0352</TD>
    <TD>21.2048</TD>
    <TD>0.0478</TD>
    <TD>21.1694</TD>
    <TD>0.0366</TD>
    <TD>0.0</TD>
  </TR>
  <TR>
    <TD>5462.0</TD>
    <TD>240.922</TD>
    <TD>55.05069</TD>
    <TD>753.15</TD>
    <TD>3233.078</TD>
    <TD>23.9568</TD>
    <TD>0.1063</TD>
    <TD>23.9917</TD>
    <TD>0.1651</TD>
    <TD>23.8295</TD>
    <TD>0.11</TD>
    <TD>0.76</TD>
  </TR>
  <TR>
    <TD>5463.0</TD>
    <TD>240.9295</TD>
    <TD>55.00408</TD>
    <TD>1263.39</TD>
    <TD>3178.483</TD>
    <TD>24.8461</TD>
    <TD>0.2201</TD>
    <TD>23.6074</TD>
    <TD>0.2506</TD>
    <TD>23.6074</TD>
    <TD>0.2506</TD>
    <TD>0.38</TD>
  </TR>
  <TR>
    <TD>5464.0</TD>
    <TD>240.9241</TD>
    <TD>54.99894</TD>
    <TD>1320.019</TD>
    <TD>3210.989</TD>
    <TD>24.9193</TD>
    <TD>0.235</TD>
    <TD>24.5166</TD>
    <TD>0.2926</TD>
    <TD>24.5166</TD>
    <TD>0.2926</TD>
    <TD>0.48</TD>
  </TR>
  <TR>
    <TD>5465.0</TD>
    <TD>240.9281</TD>
    <TD>55.1129</TD>
    <TD>66.358</TD>
    <TD>3205.275</TD>
    <TD>25.8052</TD>
    <TD>0.3272</TD>
    <TD>24.81</TD>
    <TD>0.368</TD>
    <TD>24.81</TD>
    <TD>0.368</TD>
    <TD>0.46</TD>
  </TR>
  <TR>
    <TD>5466.0</TD>
    <TD>240.8486</TD>
    <TD>55.00761</TD>
    <TD>1231.292</TD>
    <TD>3682.73</TD>
    <TD>24.3881</TD>
    <TD>0.1699</TD>
    <TD>23.9542</TD>
    <TD>0.1993</TD>
    <TD>23.9542</TD>
    <TD>0.1993</TD>
    <TD>0.01</TD>
  </TR>
  <TR>
    <TD>5467.0</TD>
    <TD>240.9121</TD>
    <TD>54.93295</TD>
    <TD>2040.317</TD>
    <TD>3275.344</TD>
    <TD>26.0434</TD>
    <TD>0.4046</TD>
    <TD>25.431</TD>
    <TD>0.5518</TD>
    <TD>25.431</TD>
    <TD>0.5518</TD>
    <TD>0.35</TD>
  </TR>
  <TR>
    <TD>5468.0</TD>
    <TD>240.9152</TD>
    <TD>54.93439</TD>
    <TD>2024.414</TD>
    <TD>3255.87</TD>
    <TD>20.0327</TD>
    <TD>0.0137</TD>
    <TD>20.0057</TD>
    <TD>0.016</TD>
    <TD>20.0057</TD>
    <TD>0.016</TD>
    <TD>0.03</TD>
  </TR>
  <TR>
    <TD>5469.0</TD>
    <TD>240.8587</TD>
    <TD>55.10051</TD>
    <TD>208.999</TD>
    <TD>3635.455</TD>
    <TD>21.6992</TD>
    <TD>0.0441</TD>
    <TD>21.5553</TD>
    <TD>0.0649</TD>
    <TD>21.5553</TD>
    <TD>0.0649</TD>
    <TD>0.0</TD>
  </TR>
  <TR>
    <TD>5470.0</TD>
    <TD>240.849</TD>
    <TD>54.97887</TD>
    <TD>1545.322</TD>
    <TD>3675.359</TD>
    <TD>26.0321</TD>
    <TD>0.4005</TD>
    <TD>25.0585</TD>
    <TD>0.4035</TD>
    <TD>25.0585</TD>
    <TD>0.4035</TD>
    <TD>0.35</TD>
  </TR>
  <TR>
    <TD>5471.0</TD>
    <TD>240.8758</TD>
    <TD>54.97703</TD>
    <TD>1563.363</TD>
    <TD>3508.269</TD>
    <TD>22.6704</TD>
    <TD>0.0812</TD>
    <TD>22.5174</TD>
    <TD>0.1124</TD>
    <TD>22.5174</TD>
    <TD>0.1124</TD>
    <TD>0.0</TD>
  </TR>
  <TR>
    <TD>5472.0</TD>
    <TD>240.8599</TD>
    <TD>55.03912</TD>
    <TD>885.176</TD>
    <TD>3617.406</TD>
    <TD>24.7116</TD>
    <TD>0.2063</TD>
    <TD>24.4275</TD>
    <TD>0.3463</TD>
    <TD>24.4275</TD>
    <TD>0.3463</TD>
    <TD>0.37</TD>
  </TR>
  <TR>
    <TD>5473.0</TD>
    <TD>240.8574</TD>
    <TD>55.06705</TD>
    <TD>578.311</TD>
    <TD>3637.709</TD>
    <TD>25.7909</TD>
    <TD>0.3231</TD>
    <TD>25.2617</TD>
    <TD>0.2787</TD>
    <TD>25.2617</TD>
    <TD>0.2787</TD>
    <TD>0.36</TD>
  </TR>
  <TR>
    <TD>5474.0</TD>
    <TD>240.8651</TD>
    <TD>54.97282</TD>
    <TD>1610.108</TD>
    <TD>3573.842</TD>
    <TD>24.5069</TD>
    <TD>0.2042</TD>
    <TD>23.4968</TD>
    <TD>0.2762</TD>
    <TD>23.4968</TD>
    <TD>0.2762</TD>
    <TD>0.46</TD>
  </TR>
  <TR>
    <TD>5475.0</TD>
    <TD>240.933</TD>
    <TD>55.07753</TD>
    <TD>456.687</TD>
    <TD>3168.569</TD>
    <TD>24.9225</TD>
    <TD>0.2357</TD>
    <TD>24.3225</TD>
    <TD>0.3042</TD>
    <TD>24.3225</TD>
    <TD>0.3042</TD>
    <TD>0.48</TD>
  </TR>
  <TR>
    <TD>5476.0</TD>
    <TD>240.9245</TD>
    <TD>55.08335</TD>
    <TD>393.316</TD>
    <TD>3222.632</TD>
    <TD>25.8951</TD>
    <TD>0.3544</TD>
    <TD>25.4127</TD>
    <TD>0.5427</TD>
    <TD>25.4127</TD>
    <TD>0.5427</TD>
    <TD>0.39</TD>
  </TR>
  <TR>
    <TD>5477.0</TD>
    <TD>240.922</TD>
    <TD>54.98513</TD>
    <TD>1471.046</TD>
    <TD>3221.871</TD>
    <TD>20.0228</TD>
    <TD>0.0177</TD>
    <TD>19.6697</TD>
    <TD>0.0262</TD>
    <TD>19.8877</TD>
    <TD>0.0183</TD>
    <TD>0.0</TD>
  </TR>
  <TR>
    <TD>5478.0</TD>
    <TD>240.8532</TD>
    <TD>55.05075</TD>
    <TD>757.938</TD>
    <TD>3661.33</TD>
    <TD>20.4811</TD>
    <TD>0.0214</TD>
    <TD>20.4263</TD>
    <TD>0.0297</TD>
    <TD>20.4263</TD>
    <TD>0.0297</TD>
    <TD>0.01</TD>
  </TR>
  <TR>
    <TD>5479.0</TD>
    <TD>240.8543</TD>
    <TD>54.978</TD>
    <TD>1554.434</TD>
    <TD>3642.488</TD>
    <TD>24.8085</TD>
    <TD>0.2129</TD>
    <TD>24.0991</TD>
    <TD>0.2781</TD>
    <TD>24.0991</TD>
    <TD>0.2781</TD>
    <TD>0.37</TD>
  </TR>
  <TR>
    <TD>5480.0</TD>
    <TD>240.9286</TD>
    <TD>55.01882</TD>
    <TD>1102.188</TD>
    <TD>3186.644</TD>
    <TD>22.9323</TD>
    <TD>0.0977</TD>
    <TD>22.105</TD>
    <TD>0.1339</TD>
    <TD>22.105</TD>
    <TD>0.1339</TD>
    <TD>0.3</TD>
  </TR>
  <TR>
    <TD>5481.0</TD>
    <TD>240.8475</TD>
    <TD>54.96619</TD>
    <TD>1683.722</TD>
    <TD>3682.739</TD>
    <TD>22.8264</TD>
    <TD>0.0865</TD>
    <TD>22.5996</TD>
    <TD>0.1451</TD>
    <TD>22.5996</TD>
    <TD>0.1451</TD>
    <TD>0.0</TD>
  </TR>
  <TR>
    <TD>5482.0</TD>
    <TD>240.8617</TD>
    <TD>55.00013</TD>
    <TD>1312.089</TD>
    <TD>3599.936</TD>
    <TD>24.3711</TD>
    <TD>0.1526</TD>
    <TD>24.3114</TD>
    <TD>0.2201</TD>
    <TD>24.3114</TD>
    <TD>0.2201</TD>
    <TD>0.49</TD>
  </TR>
  <TR>
    <TD>5483.0</TD>
    <TD>240.8459</TD>
    <TD>54.96447</TD>
    <TD>1702.602</TD>
    <TD>3692.18</TD>
    <TD>25.6167</TD>
    <TD>0.3514</TD>
    <TD>24.2148</TD>
    <TD>0.3033</TD>
    <TD>24.2148</TD>
    <TD>0.3033</TD>
    <TD>0.35</TD>
  </TR>
  <TR>
    <TD>5484.0</TD>
    <TD>240.9346</TD>
    <TD>55.06354</TD>
    <TD>610.679</TD>
    <TD>3156.32</TD>
    <TD>24.1762</TD>
    <TD>0.1676</TD>
    <TD>23.0443</TD>
    <TD>0.2117</TD>
    <TD>23.6471</TD>
    <TD>0.1644</TD>
    <TD>0.55</TD>
  </TR>
  <TR>
    <TD>5485.0</TD>
    <TD>240.9222</TD>
    <TD>55.09366</TD>
    <TD>279.634</TD>
    <TD>3238.896</TD>
    <TD>22.3333</TD>
    <TD>0.0664</TD>
    <TD>22.0257</TD>
    <TD>0.106</TD>
    <TD>22.0257</TD>
    <TD>0.106</TD>
    <TD>0.0</TD>
  </TR>
  <TR>
    <TD>5486.0</TD>
    <TD>240.7853</TD>
    <TD>54.98708</TD>
    <TD>1459.984</TD>
    <TD>4073.24</TD>
    <TD>25.5124</TD>
    <TD>0.2883</TD>
    <TD>25.2109</TD>
    <TD>0.3853</TD>
    <TD>25.2109</TD>
    <TD>0.3853</TD>
    <TD>0.36</TD>
  </TR>
  <TR>
    <TD>5487.0</TD>
    <TD>240.9219</TD>
    <TD>55.00494</TD>
    <TD>1254.622</TD>
    <TD>3225.724</TD>
    <TD>25.6437</TD>
    <TD>0.2836</TD>
    <TD>25.3172</TD>
    <TD>0.2929</TD>
    <TD>25.3172</TD>
    <TD>0.2929</TD>
    <TD>0.39</TD>
  </TR>
  <TR>
    <TD>5488.0</TD>
    <TD>240.8483</TD>
    <TD>54.94629</TD>
    <TD>1900.358</TD>
    <TD>3674.166</TD>
    <TD>24.5853</TD>
    <TD>0.1644</TD>
    <TD>24.8332</TD>
    <TD>0.3026</TD>
    <TD>24.8332</TD>
    <TD>0.3026</TD>
    <TD>0.71</TD>
  </TR>
  <TR>
    <TD>5489.0</TD>
    <TD>240.86</TD>
    <TD>54.95027</TD>
    <TD>1856.203</TD>
    <TD>3602.28</TD>
    <TD>17.6773</TD>
    <TD>0.0032</TD>
    <TD>17.6983</TD>
    <TD>0.0030</TD>
    <TD>17.6983</TD>
    <TD>0.0030</TD>
    <TD>0.03</TD>
  </TR>
  <TR>
    <TD>5490.0</TD>
    <TD>240.9232</TD>
    <TD>55.06721</TD>
    <TD>571.341</TD>
    <TD>3228.337</TD>
    <TD>25.9394</TD>
    <TD>0.3687</TD>
    <TD>24.2792</TD>
    <TD>0.3057</TD>
    <TD>24.2792</TD>
    <TD>0.3057</TD>
    <TD>0.35</TD>
  </TR>
  <TR>
    <TD>5491.0</TD>
    <TD>240.9095</TD>
    <TD>55.00697</TD>
    <TD>1233.509</TD>
    <TD>3303.5</TD>
    <TD>24.9337</TD>
    <TD>0.238</TD>
    <TD>24.0002</TD>
    <TD>0.2953</TD>
    <TD>24.0002</TD>
    <TD>0.2953</TD>
    <TD>0.48</TD>
  </TR>
  <TR>
    <TD>5492.0</TD>
    <TD>240.8608</TD>
    <TD>54.9543</TD>
    <TD>1812.266</TD>
    <TD>3598.066</TD>
    <TD>18.7312</TD>
    <TD>0.0085</TD>
    <TD>18.656</TD>
    <TD>0.0104</TD>
    <TD>18.6492</TD>
    <TD>0.0087</TD>
    <TD>0.03</TD>
  </TR>
  <TR>
    <TD>5493.0</TD>
    <TD>240.9313</TD>
    <TD>55.09243</TD>
    <TD>292.459</TD>
    <TD>3182.008</TD>
    <TD>25.1225</TD>
    <TD>0.2818</TD>
    <TD>24.9088</TD>
    <TD>0.5073</TD>
    <TD>24.9088</TD>
    <TD>0.5073</TD>
    <TD>0.35</TD>
  </TR>
  <TR>
    <TD>5494.0</TD>
    <TD>240.8584</TD>
    <TD>55.07954</TD>
    <TD>440.531</TD>
    <TD>3634.141</TD>
    <TD>20.9257</TD>
    <TD>0.0269</TD>
    <TD>20.8089</TD>
    <TD>0.0347</TD>
    <TD>20.7882</TD>
    <TD>0.0278</TD>
    <TD>0.01</TD>
  </TR>
  <TR>
    <TD>5495.0</TD>
    <TD>240.9409</TD>
    <TD>54.99449</TD>
    <TD>1367.095</TD>
    <TD>3106.035</TD>
    <TD>24.9532</TD>
    <TD>0.2422</TD>
    <TD>24.5732</TD>
    <TD>0.3135</TD>
    <TD>24.5732</TD>
    <TD>0.3135</TD>
    <TD>0.48</TD>
  </TR>
  <TR>
    <TD>5496.0</TD>
    <TD>240.9214</TD>
    <TD>54.94496</TD>
    <TD>1908.919</TD>
    <TD>3219.026</TD>
    <TD>24.1721</TD>
    <TD>0.1461</TD>
    <TD>23.7114</TD>
    <TD>0.2042</TD>
    <TD>23.8777</TD>
    <TD>0.1511</TD>
    <TD>0.59</TD>
  </TR>
  <TR>
    <TD>5497.0</TD>
    <TD>240.9236</TD>
    <TD>55.07226</TD>
    <TD>515.641</TD>
    <TD>3226.427</TD>
    <TD>23.9441</TD>
    <TD>0.1548</TD>
    <TD>23.3186</TD>
    <TD>0.2897</TD>
    <TD>23.3186</TD>
    <TD>0.2897</TD>
    <TD>0.55</TD>
  </TR>
  <TR>
    <TD>5498.0</TD>
    <TD>240.8602</TD>
    <TD>55.07256</TD>
    <TD>517.364</TD>
    <TD>3621.353</TD>
    <TD>23.6583</TD>
    <TD>0.1029</TD>
    <TD>23.5637</TD>
    <TD>0.1401</TD>
    <TD>23.5637</TD>
    <TD>0.1401</TD>
    <TD>0.68</TD>
  </TR>
  <TR>
    <TD>5499.0</TD>
    <TD>240.8487</TD>
    <TD>55.0311</TD>
    <TD>973.99</TD>
    <TD>3686.0</TD>
    <TD>26.08</TD>
    <TD>0.418</TD>
    <TD>24.5252</TD>
    <TD>0.4326</TD>
    <TD>24.5252</TD>
    <TD>0.4326</TD>
    <TD>0.35</TD>
  </TR>
  <TR>
    <TD>5500.0</TD>
    <TD>240.8603</TD>
    <TD>55.02616</TD>
    <TD>1027.301</TD>
    <TD>3613.033</TD>
    <TD>25.5898</TD>
    <TD>0.2705</TD>
    <TD>24.6333</TD>
    <TD>0.3846</TD>
    <TD>24.6333</TD>
    <TD>0.3846</TD>
    <TD>0.38</TD>
  </TR>
  <TR>
    <TD>5501.0</TD>
    <TD>240.8437</TD>
    <TD>54.96237</TD>
    <TD>1725.668</TD>
    <TD>3705.316</TD>
    <TD>25.8463</TD>
    <TD>0.3394</TD>
    <TD>24.8371</TD>
    <TD>0.4124</TD>
    <TD>24.8371</TD>
    <TD>0.4124</TD>
    <TD>0.35</TD>
  </TR>
  <TR>
    <TD>5502.0</TD>
    <TD>240.9197</TD>
    <TD>55.03826</TD>
    <TD>889.791</TD>
    <TD>3245.352</TD>
    <TD>23.5309</TD>
    <TD>0.1204</TD>
    <TD>22.9884</TD>
    <TD>0.2153</TD>
    <TD>22.9884</TD>
    <TD>0.2153</TD>
    <TD>0.36</TD>
  </TR>
  <TR>
    <TD>5503.0</TD>
    <TD>240.8698</TD>
    <TD>54.98721</TD>
    <TD>1452.708</TD>
    <TD>3547.179</TD>
    <TD>25.0469</TD>
    <TD>0.2302</TD>
    <TD>24.8039</TD>
    <TD>0.3202</TD>
    <TD>24.8039</TD>
    <TD>0.3202</TD>
    <TD>0.39</TD>
  </TR>
  <TR>
    <TD>5504.0</TD>
    <TD>240.8566</TD>
    <TD>54.95186</TD>
    <TD>1839.125</TD>
    <TD>3623.646</TD>
    <TD>21.0915</TD>
    <TD>0.0312</TD>
    <TD>20.9235</TD>
    <TD>0.0522</TD>
    <TD>20.9235</TD>
    <TD>0.0522</TD>
    <TD>0.01</TD>
  </TR>
  <TR>
    <TD>5505.0</TD>
    <TD>240.8502</TD>
    <TD>54.96422</TD>
    <TD>1704.963</TD>
    <TD>3665.562</TD>
    <TD>25.0176</TD>
    <TD>0.2566</TD>
    <TD>24.2532</TD>
    <TD>0.367</TD>
    <TD>24.2532</TD>
    <TD>0.367</TD>
    <TD>0.35</TD>
  </TR>
  <TR>
    <TD>5506.0</TD>
    <TD>240.8444</TD>
    <TD>55.018</TD>
    <TD>1117.898</TD>
    <TD>3710.636</TD>
    <TD>25.3152</TD>
    <TD>0.2924</TD>
    <TD>23.4022</TD>
    <TD>0.2363</TD>
    <TD>23.4022</TD>
    <TD>0.2363</TD>
    <TD>0.39</TD>
  </TR>
  <TR>
    <TD>5507.0</TD>
    <TD>240.871</TD>
    <TD>55.07695</TD>
    <TD>468.213</TD>
    <TD>3554.801</TD>
    <TD>23.0913</TD>
    <TD>0.1001</TD>
    <TD>22.6142</TD>
    <TD>0.1606</TD>
    <TD>22.5998</TD>
    <TD>0.0994</TD>
    <TD>0.08</TD>
  </TR>
  <TR>
    <TD>5508.0</TD>
    <TD>240.8493</TD>
    <TD>54.95505</TD>
    <TD>1804.955</TD>
    <TD>3669.719</TD>
    <TD>22.1614</TD>
    <TD>0.064</TD>
    <TD>21.8015</TD>
    <TD>0.0854</TD>
    <TD>21.8015</TD>
    <TD>0.0854</TD>
    <TD>0.0</TD>
  </TR>
  <TR>
    <TD>5509.0</TD>
    <TD>240.9437</TD>
    <TD>55.08448</TD>
    <TD>379.054</TD>
    <TD>3103.495</TD>
    <TD>24.5951</TD>
    <TD>0.1954</TD>
    <TD>23.4907</TD>
    <TD>0.2442</TD>
    <TD>24.1527</TD>
    <TD>0.1967</TD>
    <TD>0.46</TD>
  </TR>
  <TR>
    <TD>5510.0</TD>
    <TD>240.9221</TD>
    <TD>54.98443</TD>
    <TD>1478.703</TD>
    <TD>3221.49</TD>
    <TD>20.9047</TD>
    <TD>0.0226</TD>
    <TD>20.6787</TD>
    <TD>0.0327</TD>
    <TD>20.8288</TD>
    <TD>0.0232</TD>
    <TD>0.01</TD>
  </TR>
  <TR>
    <TD>5511.0</TD>
    <TD>240.8447</TD>
    <TD>54.95571</TD>
    <TD>1798.16</TD>
    <TD>3698.074</TD>
    <TD>18.5825</TD>
    <TD>0.0056</TD>
    <TD>18.5901</TD>
    <TD>0.0058</TD>
    <TD>18.5901</TD>
    <TD>0.0058</TD>
    <TD>0.04</TD>
  </TR>
  <TR>
    <TD>5512.0</TD>
    <TD>240.8699</TD>
    <TD>55.01422</TD>
    <TD>1157.364</TD>
    <TD>3551.301</TD>
    <TD>25.5943</TD>
    <TD>0.2715</TD>
    <TD>25.7772</TD>
    <TD>0.4429</TD>
    <TD>25.7772</TD>
    <TD>0.4429</TD>
    <TD>0.38</TD>
  </TR>
  <TR>
    <TD>5513.0</TD>
    <TD>240.865</TD>
    <TD>54.95091</TD>
    <TD>1848.808</TD>
    <TD>3571.062</TD>
    <TD>23.0076</TD>
    <TD>0.1017</TD>
    <TD>22.2909</TD>
    <TD>0.131</TD>
    <TD>22.2909</TD>
    <TD>0.131</TD>
    <TD>0.47</TD>
  </TR>
  <TR>
    <TD>5514.0</TD>
    <TD>240.9217</TD>
    <TD>55.05649</TD>
    <TD>689.389</TD>
    <TD>3235.829</TD>
    <TD>23.8663</TD>
    <TD>0.1507</TD>
    <TD>22.9774</TD>
    <TD>0.2027</TD>
    <TD>22.9774</TD>
    <TD>0.2027</TD>
    <TD>0.49</TD>
  </TR>
  <TR>
    <TD>5515.0</TD>
    <TD>240.9208</TD>
    <TD>55.00543</TD>
    <TD>1249.403</TD>
    <TD>3232.548</TD>
    <TD>24.5757</TD>
    <TD>0.2008</TD>
    <TD>24.1329</TD>
    <TD>0.2243</TD>
    <TD>24.1329</TD>
    <TD>0.2243</TD>
    <TD>0.43</TD>
  </TR>
  <TR>
    <TD>5516.0</TD>
    <TD>240.8832</TD>
    <TD>55.09921</TD>
    <TD>221.504</TD>
    <TD>3482.869</TD>
    <TD>23.4404</TD>
    <TD>0.1304</TD>
    <TD>22.3399</TD>
    <TD>0.1568</TD>
    <TD>22.3399</TD>
    <TD>0.1568</TD>
    <TD>0.49</TD>
  </TR>
  <TR>
    <TD>5517.0</TD>
    <TD>240.8447</TD>
    <TD>54.99736</TD>
    <TD>1343.676</TD>
    <TD>3705.327</TD>
    <TD>25.9171</TD>
    <TD>0.3615</TD>
    <TD>25.0338</TD>
    <TD>0.4686</TD>
    <TD>25.0338</TD>
    <TD>0.4686</TD>
    <TD>0.38</TD>
  </TR>
  <TR>
    <TD>5518.0</TD>
    <TD>240.8527</TD>
    <TD>55.02083</TD>
    <TD>1086.202</TD>
    <TD>3658.996</TD>
    <TD>24.6063</TD>
    <TD>0.2064</TD>
    <TD>23.1799</TD>
    <TD>0.1867</TD>
    <TD>24.0516</TD>
    <TD>0.2007</TD>
    <TD>0.39</TD>
  </TR>
  <TR>
    <TD>5519.0</TD>
    <TD>240.8416</TD>
    <TD>54.96437</TD>
    <TD>1703.984</TD>
    <TD>3718.821</TD>
    <TD>22.7502</TD>
    <TD>0.0786</TD>
    <TD>22.2656</TD>
    <TD>0.122</TD>
    <TD>22.2656</TD>
    <TD>0.122</TD>
    <TD>0.1</TD>
  </TR>
  <TR>
    <TD>5520.0</TD>
    <TD>240.7819</TD>
    <TD>54.96033</TD>
    <TD>1752.042</TD>
    <TD>4089.965</TD>
    <TD>24.0874</TD>
    <TD>0.1191</TD>
    <TD>24.1449</TD>
    <TD>0.1853</TD>
    <TD>24.1449</TD>
    <TD>0.1853</TD>
    <TD>0.92</TD>
  </TR>
  <TR>
    <TD>5521.0</TD>
    <TD>240.9361</TD>
    <TD>54.96161</TD>
    <TD>1726.325</TD>
    <TD>3130.643</TD>
    <TD>26.1931</TD>
    <TD>0.4626</TD>
    <TD>25.1672</TD>
    <TD>0.4455</TD>
    <TD>25.1672</TD>
    <TD>0.4455</TD>
    <TD>0.4</TD>
  </TR>
  <TR>
    <TD>5522.0</TD>
    <TD>240.9255</TD>
    <TD>55.09596</TD>
    <TD>253.978</TD>
    <TD>3218.749</TD>
    <TD>24.9954</TD>
    <TD>0.2515</TD>
    <TD>23.7667</TD>
    <TD>0.2677</TD>
    <TD>23.7667</TD>
    <TD>0.2677</TD>
    <TD>0.42</TD>
  </TR>
  <TR>
    <TD>5523.0</TD>
    <TD>240.8482</TD>
    <TD>55.05703</TD>
    <TD>689.173</TD>
    <TD>3693.635</TD>
    <TD>23.7438</TD>
    <TD>0.1456</TD>
    <TD>22.8988</TD>
    <TD>0.2339</TD>
    <TD>22.8988</TD>
    <TD>0.2339</TD>
    <TD>0.02</TD>
  </TR>
  <TR>
    <TD>5524.0</TD>
    <TD>240.8123</TD>
    <TD>54.95498</TD>
    <TD>1808.368</TD>
    <TD>3899.938</TD>
    <TD>23.7548</TD>
    <TD>0.1391</TD>
    <TD>23.3561</TD>
    <TD>0.2056</TD>
    <TD>23.3561</TD>
    <TD>0.2056</TD>
    <TD>0.44</TD>
  </TR>
  <TR>
    <TD>5525.0</TD>
    <TD>240.8458</TD>
    <TD>55.03485</TD>
    <TD>933.057</TD>
    <TD>3704.691</TD>
    <TD>24.9189</TD>
    <TD>0.2349</TD>
    <TD>23.7972</TD>
    <TD>0.2738</TD>
    <TD>23.7972</TD>
    <TD>0.2738</TD>
    <TD>0.45</TD>
  </TR>
  <TR>
    <TD>5526.0</TD>
    <TD>240.8462</TD>
    <TD>55.08723</TD>
    <TD>356.55</TD>
    <TD>3711.0</TD>
    <TD>24.5949</TD>
    <TD>0.1762</TD>
    <TD>24.3281</TD>
    <TD>0.2135</TD>
    <TD>24.3281</TD>
    <TD>0.2135</TD>
    <TD>0.33</TD>
  </TR>
  <TR>
    <TD>5527.0</TD>
    <TD>240.8509</TD>
    <TD>54.97133</TD>
    <TD>1627.398</TD>
    <TD>3662.031</TD>
    <TD>22.2212</TD>
    <TD>0.0641</TD>
    <TD>21.983</TD>
    <TD>0.0841</TD>
    <TD>21.983</TD>
    <TD>0.0841</TD>
    <TD>0.0</TD>
  </TR>
  <TR>
    <TD>5528.0</TD>
    <TD>240.8403</TD>
    <TD>55.05991</TD>
    <TD>658.025</TD>
    <TD>3743.005</TD>
    <TD>24.3721</TD>
    <TD>0.1528</TD>
    <TD>24.5241</TD>
    <TD>0.2608</TD>
    <TD>24.5241</TD>
    <TD>0.2608</TD>
    <TD>0.87</TD>
  </TR>
  <TR>
    <TD>5529.0</TD>
    <TD>240.9304</TD>
    <TD>55.09198</TD>
    <TD>297.462</TD>
    <TD>3187.573</TD>
    <TD>25.3894</TD>
    <TD>0.2585</TD>
    <TD>24.1466</TD>
    <TD>0.2877</TD>
    <TD>24.1466</TD>
    <TD>0.2877</TD>
    <TD>0.46</TD>
  </TR>
  <TR>
    <TD>5530.0</TD>
    <TD>240.8839</TD>
    <TD>54.95513</TD>
    <TD>1801.35</TD>
    <TD>3454.442</TD>
    <TD>24.4363</TD>
    <TD>0.1986</TD>
    <TD>23.674</TD>
    <TD>0.3299</TD>
    <TD>23.674</TD>
    <TD>0.3299</TD>
    <TD>0.43</TD>
  </TR>
  <TR>
    <TD>5531.0</TD>
    <TD>240.8575</TD>
    <TD>55.10626</TD>
    <TD>145.482</TD>
    <TD>3643.963</TD>
    <TD>25.2633</TD>
    <TD>0.2791</TD>
    <TD>24.3005</TD>
    <TD>0.2876</TD>
    <TD>24.3005</TD>
    <TD>0.2876</TD>
    <TD>0.48</TD>
  </TR>
  <TR>
    <TD>5532.0</TD>
    <TD>240.9345</TD>
    <TD>55.07991</TD>
    <TD>430.319</TD>
    <TD>3159.671</TD>
    <TD>24.3771</TD>
    <TD>0.1819</TD>
    <TD>23.6894</TD>
    <TD>0.3316</TD>
    <TD>23.8733</TD>
    <TD>0.1799</TD>
    <TD>0.47</TD>
  </TR>
  <TR>
    <TD>5533.0</TD>
    <TD>240.8777</TD>
    <TD>55.10104</TD>
    <TD>201.725</TD>
    <TD>3517.019</TD>
    <TD>24.6517</TD>
    <TD>0.1742</TD>
    <TD>24.4857</TD>
    <TD>0.309</TD>
    <TD>24.4857</TD>
    <TD>0.309</TD>
    <TD>0.73</TD>
  </TR>
  <TR>
    <TD>5534.0</TD>
    <TD>240.9252</TD>
    <TD>55.10776</TD>
    <TD>123.455</TD>
    <TD>3222.467</TD>
    <TD>23.6688</TD>
    <TD>0.1314</TD>
    <TD>23.0684</TD>
    <TD>0.2354</TD>
    <TD>23.0684</TD>
    <TD>0.2354</TD>
    <TD>0.23</TD>
  </TR>
  <TR>
    <TD>5535.0</TD>
    <TD>240.923</TD>
    <TD>55.01988</TD>
    <TD>1091.022</TD>
    <TD>3221.582</TD>
    <TD>22.2649</TD>
    <TD>0.0632</TD>
    <TD>22.0609</TD>
    <TD>0.1065</TD>
    <TD>22.0609</TD>
    <TD>0.1065</TD>
    <TD>0.0</TD>
  </TR>
  <TR>
    <TD>5536.0</TD>
    <TD>240.9379</TD>
    <TD>54.98976</TD>
    <TD>1419.044</TD>
    <TD>3123.993</TD>
    <TD>25.0123</TD>
    <TD>0.2398</TD>
    <TD>24.1564</TD>
    <TD>0.3429</TD>
    <TD>24.1564</TD>
    <TD>0.3429</TD>
    <TD>0.35</TD>
  </TR>
  <TR>
    <TD>5537.0</TD>
    <TD>240.868</TD>
    <TD>55.08114</TD>
    <TD>422.277</TD>
    <TD>3574.552</TD>
    <TD>24.7446</TD>
    <TD>0.2233</TD>
    <TD>23.5124</TD>
    <TD>0.2361</TD>
    <TD>24.1485</TD>
    <TD>0.2139</TD>
    <TD>0.48</TD>
  </TR>
  <TR>
    <TD>5538.0</TD>
    <TD>240.9185</TD>
    <TD>54.94278</TD>
    <TD>1932.824</TD>
    <TD>3237.207</TD>
    <TD>21.2407</TD>
    <TD>0.0353</TD>
    <TD>20.9357</TD>
    <TD>0.0502</TD>
    <TD>21.0184</TD>
    <TD>0.0367</TD>
    <TD>0.0</TD>
  </TR>
  <TR>
    <TD>5539.0</TD>
    <TD>240.8553</TD>
    <TD>55.09405</TD>
    <TD>280.659</TD>
    <TD>3655.641</TD>
    <TD>18.4188</TD>
    <TD>0.0064</TD>
    <TD>18.404</TD>
    <TD>0.0069</TD>
    <TD>18.404</TD>
    <TD>0.0069</TD>
    <TD>0.03</TD>
  </TR>
  <TR>
    <TD>5540.0</TD>
    <TD>240.8416</TD>
    <TD>55.05494</TD>
    <TD>712.69</TD>
    <TD>3734.3</TD>
    <TD>25.9286</TD>
    <TD>0.3652</TD>
    <TD>24.5542</TD>
    <TD>0.3578</TD>
    <TD>24.5542</TD>
    <TD>0.3578</TD>
    <TD>0.39</TD>
  </TR>
  <TR>
    <TD>5541.0</TD>
    <TD>240.855</TD>
    <TD>54.93555</TD>
    <TD>2016.731</TD>
    <TD>3630.837</TD>
    <TD>25.1657</TD>
    <TD>0.2751</TD>
    <TD>24.6455</TD>
    <TD>0.2978</TD>
    <TD>24.6455</TD>
    <TD>0.2978</TD>
    <TD>0.38</TD>
  </TR>
  <TR>
    <TD>5542.0</TD>
    <TD>240.7894</TD>
    <TD>55.00701</TD>
    <TD>1241.808</TD>
    <TD>4051.612</TD>
    <TD>23.8065</TD>
    <TD>0.1399</TD>
    <TD>23.2419</TD>
    <TD>0.2049</TD>
    <TD>23.2419</TD>
    <TD>0.2049</TD>
    <TD>0.01</TD>
  </TR>
  <TR>
    <TD>5543.0</TD>
    <TD>240.7809</TD>
    <TD>54.98218</TD>
    <TD>1513.777</TD>
    <TD>4099.911</TD>
    <TD>21.6342</TD>
    <TD>0.0382</TD>
    <TD>22.1899</TD>
    <TD>0.0997</TD>
    <TD>21.4829</TD>
    <TD>0.0396</TD>
    <TD>0.01</TD>
  </TR>
  <TR>
    <TD>5544.0</TD>
    <TD>240.7902</TD>
    <TD>54.98681</TD>
    <TD>1462.602</TD>
    <TD>4043.13</TD>
    <TD>24.0246</TD>
    <TD>0.1663</TD>
    <TD>23.6118</TD>
    <TD>0.2458</TD>
    <TD>23.6118</TD>
    <TD>0.2458</TD>
    <TD>0.05</TD>
  </TR>
  <TR>
    <TD>5545.0</TD>
    <TD>240.8658</TD>
    <TD>55.0712</TD>
    <TD>532.001</TD>
    <TD>3586.418</TD>
    <TD>23.7388</TD>
    <TD>0.1372</TD>
    <TD>22.9598</TD>
    <TD>0.1868</TD>
    <TD>22.9598</TD>
    <TD>0.1868</TD>
    <TD>0.01</TD>
  </TR>
  <TR>
    <TD>5546.0</TD>
    <TD>240.8525</TD>
    <TD>55.00475</TD>
    <TD>1262.321</TD>
    <TD>3657.673</TD>
    <TD>25.5919</TD>
    <TD>0.271</TD>
    <TD>25.4151</TD>
    <TD>0.3197</TD>
    <TD>25.4151</TD>
    <TD>0.3197</TD>
    <TD>0.47</TD>
  </TR>
  <TR>
    <TD>5547.0</TD>
    <TD>240.8719</TD>
    <TD>55.11869</TD>
    <TD>6.704</TD>
    <TD>3556.36</TD>
    <TD>25.8148</TD>
    <TD>0.33</TD>
    <TD>24.86</TD>
    <TD>0.3999</TD>
    <TD>24.86</TD>
    <TD>0.3999</TD>
    <TD>0.36</TD>
  </TR>
  <TR>
    <TD>5548.0</TD>
    <TD>240.8321</TD>
    <TD>54.93818</TD>
    <TD>1989.877</TD>
    <TD>3774.107</TD>
    <TD>20.8833</TD>
    <TD>0.0261</TD>
    <TD>20.8023</TD>
    <TD>0.0337</TD>
    <TD>20.8023</TD>
    <TD>0.0337</TD>
    <TD>0.01</TD>
  </TR>
  <TR>
    <TD>5549.0</TD>
    <TD>240.8449</TD>
    <TD>54.97135</TD>
    <TD>1627.624</TD>
    <TD>3699.361</TD>
    <TD>22.6234</TD>
    <TD>0.0785</TD>
    <TD>22.427</TD>
    <TD>0.1079</TD>
    <TD>22.427</TD>
    <TD>0.1079</TD>
    <TD>0.0</TD>
  </TR>
  <TR>
    <TD>5550.0</TD>
    <TD>240.8106</TD>
    <TD>55.10833</TD>
    <TD>125.566</TD>
    <TD>3936.829</TD>
    <TD>24.9896</TD>
    <TD>0.235</TD>
    <TD>24.337</TD>
    <TD>0.2658</TD>
    <TD>24.337</TD>
    <TD>0.2658</TD>
    <TD>0.4</TD>
  </TR>
  <TR>
    <TD>5551.0</TD>
    <TD>240.8681</TD>
    <TD>54.97112</TD>
    <TD>1628.436</TD>
    <TD>3554.935</TD>
    <TD>21.3391</TD>
    <TD>0.0345</TD>
    <TD>21.2332</TD>
    <TD>0.0442</TD>
    <TD>21.2332</TD>
    <TD>0.0442</TD>
    <TD>0.01</TD>
  </TR>
  <TR>
    <TD>5552.0</TD>
    <TD>240.8478</TD>
    <TD>54.96246</TD>
    <TD>1724.364</TD>
    <TD>3679.931</TD>
    <TD>24.0371</TD>
    <TD>0.1604</TD>
    <TD>22.7748</TD>
    <TD>0.2033</TD>
    <TD>22.7748</TD>
    <TD>0.2033</TD>
    <TD>0.07</TD>
  </TR>
  <TR>
    <TD>5553.0</TD>
    <TD>240.8481</TD>
    <TD>55.09932</TD>
    <TD>222.814</TD>
    <TD>3701.682</TD>
    <TD>23.4696</TD>
    <TD>0.1179</TD>
    <TD>23.0411</TD>
    <TD>0.1323</TD>
    <TD>23.0411</TD>
    <TD>0.1323</TD>
    <TD>0.16</TD>
  </TR>
  <TR>
    <TD>5554.0</TD>
    <TD>240.9389</TD>
    <TD>55.0253</TD>
    <TD>1030.235</TD>
    <TD>3123.417</TD>
    <TD>23.9455</TD>
    <TD>0.1478</TD>
    <TD>22.3647</TD>
    <TD>0.1326</TD>
    <TD>22.3647</TD>
    <TD>0.1326</TD>
    <TD>0.42</TD>
  </TR>
  <TR>
    <TD>5555.0</TD>
    <TD>240.8484</TD>
    <TD>55.11362</TD>
    <TD>64.534</TD>
    <TD>3701.998</TD>
    <TD>25.2251</TD>
    <TD>0.2698</TD>
    <TD>24.2306</TD>
    <TD>0.3569</TD>
    <TD>24.2306</TD>
    <TD>0.3569</TD>
    <TD>0.35</TD>
  </TR>
  <TR>
    <TD>5556.0</TD>
    <TD>240.9378</TD>
    <TD>55.03812</TD>
    <TD>889.753</TD>
    <TD>3132.07</TD>
    <TD>21.1807</TD>
    <TD>0.0297</TD>
    <TD>21.0848</TD>
    <TD>0.0396</TD>
    <TD>21.0848</TD>
    <TD>0.0396</TD>
    <TD>0.01</TD>
  </TR>
  <TR>
    <TD>5557.0</TD>
    <TD>240.8937</TD>
    <TD>55.0377</TD>
    <TD>898.182</TD>
    <TD>3406.631</TD>
    <TD>25.5929</TD>
    <TD>0.3751</TD>
    <TD>24.7409</TD>
    <TD>0.3778</TD>
    <TD>24.7409</TD>
    <TD>0.3778</TD>
    <TD>0.36</TD>
  </TR>
  <TR>
    <TD>5558.0</TD>
    <TD>240.9264</TD>
    <TD>55.02749</TD>
    <TD>1007.299</TD>
    <TD>3201.627</TD>
    <TD>25.787</TD>
    <TD>0.322</TD>
    <TD>25.1017</TD>
    <TD>0.3358</TD>
    <TD>25.1017</TD>
    <TD>0.3358</TD>
    <TD>0.46</TD>
  </TR>
  <TR>
    <TD>5559.0</TD>
    <TD>240.7899</TD>
    <TD>54.97167</TD>
    <TD>1627.887</TD>
    <TD>4042.307</TD>
    <TD>22.0584</TD>
    <TD>0.0572</TD>
    <TD>21.6668</TD>
    <TD>0.0925</TD>
    <TD>21.6668</TD>
    <TD>0.0925</TD>
    <TD>0.0</TD>
  </TR>
  <TR>
    <TD>5560.0</TD>
    <TD>240.8557</TD>
    <TD>55.0449</TD>
    <TD>821.975</TD>
    <TD>3644.505</TD>
    <TD>24.3566</TD>
    <TD>0.2027</TD>
    <TD>23.1985</TD>
    <TD>0.2204</TD>
    <TD>23.4411</TD>
    <TD>0.1666</TD>
    <TD>0.37</TD>
  </TR>
  <TR>
    <TD>5561.0</TD>
    <TD>240.8426</TD>
    <TD>54.99373</TD>
    <TD>1383.484</TD>
    <TD>3717.78</TD>
    <TD>23.6299</TD>
    <TD>0.0942</TD>
    <TD>23.7841</TD>
    <TD>0.1587</TD>
    <TD>23.7841</TD>
    <TD>0.1587</TD>
    <TD>0.66</TD>
  </TR>
  <TR>
    <TD>5562.0</TD>
    <TD>240.7887</TD>
    <TD>54.94977</TD>
    <TD>1866.678</TD>
    <TD>4046.414</TD>
    <TD>22.0514</TD>
    <TD>0.0572</TD>
    <TD>21.7278</TD>
    <TD>0.0697</TD>
    <TD>21.7278</TD>
    <TD>0.0697</TD>
    <TD>0.01</TD>
  </TR>
  <TR>
    <TD>5563.0</TD>
    <TD>240.7892</TD>
    <TD>55.00137</TD>
    <TD>1303.489</TD>
    <TD>4051.902</TD>
    <TD>20.0804</TD>
    <TD>0.0159</TD>
    <TD>20.023</TD>
    <TD>0.0198</TD>
    <TD>20.023</TD>
    <TD>0.0198</TD>
    <TD>0.02</TD>
  </TR>
  <TR>
    <TD>5564.0</TD>
    <TD>240.9267</TD>
    <TD>54.98183</TD>
    <TD>1506.685</TD>
    <TD>3192.317</TD>
    <TD>25.616</TD>
    <TD>0.2768</TD>
    <TD>25.3426</TD>
    <TD>0.4177</TD>
    <TD>25.3426</TD>
    <TD>0.4177</TD>
    <TD>0.47</TD>
  </TR>
  <TR>
    <TD>5565.0</TD>
    <TD>240.8499</TD>
    <TD>54.97692</TD>
    <TD>1566.515</TD>
    <TD>3669.469</TD>
    <TD>25.804</TD>
    <TD>0.374</TD>
    <TD>24.6563</TD>
    <TD>0.3137</TD>
    <TD>24.6563</TD>
    <TD>0.3137</TD>
    <TD>0.38</TD>
  </TR>
  <TR>
    <TD>5566.0</TD>
    <TD>240.7833</TD>
    <TD>55.03637</TD>
    <TD>920.339</TD>
    <TD>4094.664</TD>
    <TD>25.1461</TD>
    <TD>0.2514</TD>
    <TD>24.6665</TD>
    <TD>0.5244</TD>
    <TD>24.7067</TD>
    <TD>0.2533</TD>
    <TD>0.35</TD>
  </TR>
  <TR>
    <TD>5567.0</TD>
    <TD>240.9369</TD>
    <TD>55.07723</TD>
    <TD>459.642</TD>
    <TD>3144.205</TD>
    <TD>22.6735</TD>
    <TD>0.0846</TD>
    <TD>22.3459</TD>
    <TD>0.1038</TD>
    <TD>22.3459</TD>
    <TD>0.1038</TD>
    <TD>0.0</TD>
  </TR>
  <TR>
    <TD>5568.0</TD>
    <TD>240.8347</TD>
    <TD>55.1111</TD>
    <TD>93.424</TD>
    <TD>3787.488</TD>
    <TD>20.9187</TD>
    <TD>0.0288</TD>
    <TD>20.8497</TD>
    <TD>0.0497</TD>
    <TD>20.7391</TD>
    <TD>0.0299</TD>
    <TD>0.0</TD>
  </TR>
  <TR>
    <TD>5569.0</TD>
    <TD>240.8492</TD>
    <TD>55.10972</TD>
    <TD>107.661</TD>
    <TD>3696.272</TD>
    <TD>22.2448</TD>
    <TD>0.0651</TD>
    <TD>21.4552</TD>
    <TD>0.0954</TD>
    <TD>21.4552</TD>
    <TD>0.0954</TD>
    <TD>0.01</TD>
  </TR>
  <TR>
    <TD>5570.0</TD>
    <TD>240.9402</TD>
    <TD>55.06137</TD>
    <TD>634.008</TD>
    <TD>3121.392</TD>
    <TD>22.9685</TD>
    <TD>0.0945</TD>
    <TD>22.63</TD>
    <TD>0.1434</TD>
    <TD>22.63</TD>
    <TD>0.1434</TD>
    <TD>0.12</TD>
  </TR>
  <TR>
    <TD>5571.0</TD>
    <TD>240.8115</TD>
    <TD>54.99922</TD>
    <TD>1325.581</TD>
    <TD>3912.537</TD>
    <TD>23.7078</TD>
    <TD>0.1008</TD>
    <TD>23.697</TD>
    <TD>0.1514</TD>
    <TD>23.697</TD>
    <TD>0.1514</TD>
    <TD>0.61</TD>
  </TR>
  <TR>
    <TD>5572.0</TD>
    <TD>240.8436</TD>
    <TD>54.95344</TD>
    <TD>1822.956</TD>
    <TD>3704.571</TD>
    <TD>20.2109</TD>
    <TD>0.0176</TD>
    <TD>20.131</TD>
    <TD>0.0243</TD>
    <TD>20.113</TD>
    <TD>0.0182</TD>
    <TD>0.01</TD>
  </TR>
  <TR>
    <TD>5573.0</TD>
    <TD>240.8285</TD>
    <TD>55.01705</TD>
    <TD>1129.378</TD>
    <TD>3809.207</TD>
    <TD>25.3082</TD>
    <TD>0.2668</TD>
    <TD>24.679</TD>
    <TD>0.4162</TD>
    <TD>24.679</TD>
    <TD>0.4162</TD>
    <TD>0.42</TD>
  </TR>
  <TR>
    <TD>5574.0</TD>
    <TD>240.9279</TD>
    <TD>55.07253</TD>
    <TD>512.3</TD>
    <TD>3199.404</TD>
    <TD>22.4767</TD>
    <TD>0.0725</TD>
    <TD>21.886</TD>
    <TD>0.1157</TD>
    <TD>21.886</TD>
    <TD>0.1157</TD>
    <TD>0.0</TD>
  </TR>
  <TR>
    <TD>5575.0</TD>
    <TD>240.9214</TD>
    <TD>54.95666</TD>
    <TD>1781.488</TD>
    <TD>3221.129</TD>
    <TD>22.5254</TD>
    <TD>0.0731</TD>
    <TD>22.0538</TD>
    <TD>0.1217</TD>
    <TD>22.1383</TD>
    <TD>0.0745</TD>
    <TD>0.0</TD>
  </TR>
  <TR>
    <TD>5576.0</TD>
    <TD>240.9303</TD>
    <TD>55.08875</TD>
    <TD>333.204</TD>
    <TD>3187.673</TD>
    <TD>20.9578</TD>
    <TD>0.0248</TD>
    <TD>20.8849</TD>
    <TD>0.0362</TD>
    <TD>20.8849</TD>
    <TD>0.0362</TD>
    <TD>0.01</TD>
  </TR>
  <TR>
    <TD>5577.0</TD>
    <TD>240.8632</TD>
    <TD>55.06732</TD>
    <TD>574.877</TD>
    <TD>3601.66</TD>
    <TD>21.5933</TD>
    <TD>0.0472</TD>
    <TD>21.2805</TD>
    <TD>0.0813</TD>
    <TD>21.2805</TD>
    <TD>0.0813</TD>
    <TD>0.0</TD>
  </TR>
  <TR>
    <TD>5578.0</TD>
    <TD>240.9242</TD>
    <TD>54.99295</TD>
    <TD>1385.502</TD>
    <TD>3209.77</TD>
    <TD>20.5311</TD>
    <TD>0.0194</TD>
    <TD>20.48</TD>
    <TD>0.0238</TD>
    <TD>20.48</TD>
    <TD>0.0238</TD>
    <TD>0.02</TD>
  </TR>
  <TR>
    <TD>5579.0</TD>
    <TD>240.8166</TD>
    <TD>54.9463</TD>
    <TD>1902.606</TD>
    <TD>3871.814</TD>
    <TD>25.0448</TD>
    <TD>0.278</TD>
    <TD>23.5972</TD>
    <TD>0.2627</TD>
    <TD>23.5972</TD>
    <TD>0.2627</TD>
    <TD>0.47</TD>
  </TR>
  <TR>
    <TD>5580.0</TD>
    <TD>240.8375</TD>
    <TD>55.0545</TD>
    <TD>717.773</TD>
    <TD>3759.767</TD>
    <TD>25.7201</TD>
    <TD>0.347</TD>
    <TD>24.7716</TD>
    <TD>0.4306</TD>
    <TD>24.7716</TD>
    <TD>0.4306</TD>
    <TD>0.37</TD>
  </TR>
  <TR>
    <TD>5581.0</TD>
    <TD>240.8618</TD>
    <TD>55.10257</TD>
    <TD>185.996</TD>
    <TD>3616.905</TD>
    <TD>24.3472</TD>
    <TD>0.1834</TD>
    <TD>23.3311</TD>
    <TD>0.2322</TD>
    <TD>23.3311</TD>
    <TD>0.2322</TD>
    <TD>0.46</TD>
  </TR>
  <TR>
    <TD>5582.0</TD>
    <TD>240.853</TD>
    <TD>55.11241</TD>
    <TD>77.634</TD>
    <TD>3673.344</TD>
    <TD>25.8633</TD>
    <TD>0.3445</TD>
    <TD>24.9777</TD>
    <TD>0.4452</TD>
    <TD>24.9777</TD>
    <TD>0.4452</TD>
    <TD>0.37</TD>
  </TR>
  <TR>
    <TD>5583.0</TD>
    <TD>240.8454</TD>
    <TD>55.03832</TD>
    <TD>895.0</TD>
    <TD>3708.0</TD>
    <TD>26.2974</TD>
    <TD>0.508</TD>
    <TD>24.3312</TD>
    <TD>0.35</TD>
    <TD>24.3312</TD>
    <TD>0.35</TD>
    <TD>0.35</TD>
  </TR>
  <TR>
    <TD>5584.0</TD>
    <TD>240.8517</TD>
    <TD>55.11424</TD>
    <TD>57.503</TD>
    <TD>3681.478</TD>
    <TD>25.3092</TD>
    <TD>0.2908</TD>
    <TD>24.5979</TD>
    <TD>0.2446</TD>
    <TD>24.5979</TD>
    <TD>0.2446</TD>
    <TD>0.36</TD>
  </TR>
  <TR>
    <TD>5585.0</TD>
    <TD>240.8502</TD>
    <TD>55.0324</TD>
    <TD>959.588</TD>
    <TD>3676.719</TD>
    <TD>26.2097</TD>
    <TD>0.4695</TD>
    <TD>25.0097</TD>
    <TD>0.2393</TD>
    <TD>25.0097</TD>
    <TD>0.2393</TD>
    <TD>0.36</TD>
  </TR>
  <TR>
    <TD>5586.0</TD>
    <TD>240.8873</TD>
    <TD>55.00565</TD>
    <TD>1249.801</TD>
    <TD>3441.449</TD>
    <TD>24.3867</TD>
    <TD>0.1697</TD>
    <TD>24.5488</TD>
    <TD>0.3223</TD>
    <TD>24.5488</TD>
    <TD>0.3223</TD>
    <TD>0.49</TD>
  </TR>
  <TR>
    <TD>5587.0</TD>
    <TD>240.9321</TD>
    <TD>54.961</TD>
    <TD>1733.345</TD>
    <TD>3155.543</TD>
    <TD>22.9399</TD>
    <TD>0.0931</TD>
    <TD>22.63</TD>
    <TD>0.1153</TD>
    <TD>22.63</TD>
    <TD>0.1153</TD>
    <TD>0.0</TD>
  </TR>
  <TR>
    <TD>5588.0</TD>
    <TD>240.922</TD>
    <TD>54.97463</TD>
    <TD>1585.652</TD>
    <TD>3220.322</TD>
    <TD>25.8334</TD>
    <TD>0.3355</TD>
    <TD>25.2908</TD>
    <TD>0.4856</TD>
    <TD>25.2908</TD>
    <TD>0.4856</TD>
    <TD>0.36</TD>
  </TR>
  <TR>
    <TD>5589.0</TD>
    <TD>240.9279</TD>
    <TD>55.00711</TD>
    <TD>1230.356</TD>
    <TD>3189.099</TD>
    <TD>23.324</TD>
    <TD>0.1115</TD>
    <TD>22.592</TD>
    <TD>0.1646</TD>
    <TD>22.592</TD>
    <TD>0.1646</TD>
    <TD>0.01</TD>
  </TR>
  <TR>
    <TD>5590.0</TD>
    <TD>240.853</TD>
    <TD>55.07465</TD>
    <TD>494.859</TD>
    <TD>3666.725</TD>
    <TD>24.5221</TD>
    <TD>0.207</TD>
    <TD>24.1172</TD>
    <TD>0.2404</TD>
    <TD>24.1172</TD>
    <TD>0.2404</TD>
    <TD>0.36</TD>
  </TR>
  <TR>
    <TD>5591.0</TD>
    <TD>240.9191</TD>
    <TD>54.94485</TD>
    <TD>1910.247</TD>
    <TD>3233.341</TD>
    <TD>18.6725</TD>
    <TD>0.0057</TD>
    <TD>18.6779</TD>
    <TD>0.0059</TD>
    <TD>18.6779</TD>
    <TD>0.0059</TD>
    <TD>0.04</TD>
  </TR>
  <TR>
    <TD>5592.0</TD>
    <TD>240.7822</TD>
    <TD>54.985</TD>
    <TD>1482.897</TD>
    <TD>4092.371</TD>
    <TD>24.0699</TD>
    <TD>0.1283</TD>
    <TD>23.5161</TD>
    <TD>0.1975</TD>
    <TD>23.5161</TD>
    <TD>0.1975</TD>
    <TD>0.64</TD>
  </TR>
  <TR>
    <TD>5593.0</TD>
    <TD>240.9336</TD>
    <TD>54.99364</TD>
    <TD>1377.116</TD>
    <TD>3151.334</TD>
    <TD>23.4269</TD>
    <TD>0.1153</TD>
    <TD>22.6044</TD>
    <TD>0.1563</TD>
    <TD>22.6044</TD>
    <TD>0.1563</TD>
    <TD>0.06</TD>
  </TR>
  <TR>
    <TD>5594.0</TD>
    <TD>240.7903</TD>
    <TD>55.07841</TD>
    <TD>457.319</TD>
    <TD>4058.247</TD>
    <TD>18.3302</TD>
    <TD>0.0047</TD>
    <TD>18.3422</TD>
    <TD>0.0047</TD>
    <TD>18.3422</TD>
    <TD>0.0047</TD>
    <TD>0.03</TD>
  </TR>
  <TR>
    <TD>5595.0</TD>
    <TD>240.9201</TD>
    <TD>54.93529</TD>
    <TD>2014.146</TD>
    <TD>3225.992</TD>
    <TD>23.1375</TD>
    <TD>0.0932</TD>
    <TD>22.6888</TD>
    <TD>0.1585</TD>
    <TD>22.6888</TD>
    <TD>0.1585</TD>
    <TD>0.16</TD>
  </TR>
  <TR>
    <TD>5596.0</TD>
    <TD>240.8371</TD>
    <TD>54.9488</TD>
    <TD>1873.879</TD>
    <TD>3744.369</TD>
    <TD>22.7276</TD>
    <TD>0.0848</TD>
    <TD>22.4165</TD>
    <TD>0.122</TD>
    <TD>22.4165</TD>
    <TD>0.122</TD>
    <TD>0.0</TD>
  </TR>
  <TR>
    <TD>5597.0</TD>
    <TD>240.9296</TD>
    <TD>55.06955</TD>
    <TD>544.975</TD>
    <TD>3188.604</TD>
    <TD>22.1426</TD>
    <TD>0.0474</TD>
    <TD>22.1534</TD>
    <TD>0.066</TD>
    <TD>22.1534</TD>
    <TD>0.066</TD>
    <TD>0.96</TD>
  </TR>
  <TR>
    <TD>5598.0</TD>
    <TD>240.8426</TD>
    <TD>55.0867</TD>
    <TD>362.668</TD>
    <TD>3733.677</TD>
    <TD>26.0582</TD>
    <TD>0.4099</TD>
    <TD>25.7508</TD>
    <TD>1.2387</TD>
    <TD>25.7508</TD>
    <TD>1.2387</TD>
    <TD>0.36</TD>
  </TR>
  <TR>
    <TD>5599.0</TD>
    <TD>240.8844</TD>
    <TD>55.0779</TD>
    <TD>456.66</TD>
    <TD>3471.556</TD>
    <TD>24.2542</TD>
    <TD>0.19</TD>
    <TD>22.7124</TD>
    <TD>0.1666</TD>
    <TD>23.425</TD>
    <TD>0.1636</TD>
    <TD>0.35</TD>
  </TR>
  <TR>
    <TD>5600.0</TD>
    <TD>240.9372</TD>
    <TD>54.95176</TD>
    <TD>1833.441</TD>
    <TD>3121.969</TD>
    <TD>23.9368</TD>
    <TD>0.1538</TD>
    <TD>23.2845</TD>
    <TD>0.2785</TD>
    <TD>23.2845</TD>
    <TD>0.2785</TD>
    <TD>0.66</TD>
  </TR>
  <TR>
    <TD>5601.0</TD>
    <TD>240.9217</TD>
    <TD>54.94322</TD>
    <TD>1927.776</TD>
    <TD>3217.297</TD>
    <TD>20.2102</TD>
    <TD>0.0202</TD>
    <TD>19.9376</TD>
    <TD>0.0294</TD>
    <TD>20.0472</TD>
    <TD>0.021</TD>
    <TD>0.0</TD>
  </TR>
  <TR>
    <TD>5602.0</TD>
    <TD>240.8552</TD>
    <TD>55.10063</TD>
    <TD>207.828</TD>
    <TD>3657.647</TD>
    <TD>22.2529</TD>
    <TD>0.0622</TD>
    <TD>21.8607</TD>
    <TD>0.0988</TD>
    <TD>21.8607</TD>
    <TD>0.0988</TD>
    <TD>0.0</TD>
  </TR>
  <TR>
    <TD>5603.0</TD>
    <TD>240.8345</TD>
    <TD>54.93792</TD>
    <TD>1992.561</TD>
    <TD>3759.196</TD>
    <TD>23.0384</TD>
    <TD>0.0877</TD>
    <TD>22.6609</TD>
    <TD>0.1248</TD>
    <TD>22.7291</TD>
    <TD>0.0906</TD>
    <TD>0.58</TD>
  </TR>
  <TR>
    <TD>5604.0</TD>
    <TD>240.8372</TD>
    <TD>55.11277</TD>
    <TD>74.761</TD>
    <TD>3771.707</TD>
    <TD>17.4004</TD>
    <TD>0.0042</TD>
    <TD>17.3816</TD>
    <TD>0.0046</TD>
    <TD>17.3408</TD>
    <TD>0.0043</TD>
    <TD>0.03</TD>
  </TR>
  <TR>
    <TD>5605.0</TD>
    <TD>240.8484</TD>
    <TD>54.97011</TD>
    <TD>1640.925</TD>
    <TD>3677.854</TD>
    <TD>24.2581</TD>
    <TD>0.1803</TD>
    <TD>23.2186</TD>
    <TD>0.2706</TD>
    <TD>23.2186</TD>
    <TD>0.2706</TD>
    <TD>0.39</TD>
  </TR>
  <TR>
    <TD>5606.0</TD>
    <TD>240.93</TD>
    <TD>55.08746</TD>
    <TD>347.464</TD>
    <TD>3189.301</TD>
    <TD>25.0065</TD>
    <TD>0.2386</TD>
    <TD>24.5103</TD>
    <TD>0.2909</TD>
    <TD>24.5103</TD>
    <TD>0.2909</TD>
    <TD>0.37</TD>
  </TR>
  <TR>
    <TD>5607.0</TD>
    <TD>240.9233</TD>
    <TD>55.05895</TD>
    <TD>662.172</TD>
    <TD>3225.846</TD>
    <TD>20.7756</TD>
    <TD>0.0247</TD>
    <TD>20.6851</TD>
    <TD>0.0313</TD>
    <TD>20.6851</TD>
    <TD>0.0313</TD>
    <TD>0.01</TD>
  </TR>
  <TR>
    <TD>5608.0</TD>
    <TD>240.8834</TD>
    <TD>55.0891</TD>
    <TD>333.186</TD>
    <TD>3479.908</TD>
    <TD>22.1461</TD>
    <TD>0.0631</TD>
    <TD>21.4899</TD>
    <TD>0.0967</TD>
    <TD>21.7076</TD>
    <TD>0.0636</TD>
    <TD>0.0</TD>
  </TR>
  <TR>
    <TD>5609.0</TD>
    <TD>240.8477</TD>
    <TD>55.00098</TD>
    <TD>1303.857</TD>
    <TD>3686.896</TD>
    <TD>21.0986</TD>
    <TD>0.0322</TD>
    <TD>21.0264</TD>
    <TD>0.0444</TD>
    <TD>21.0264</TD>
    <TD>0.0444</TD>
    <TD>0.0</TD>
  </TR>
  <TR>
    <TD>5610.0</TD>
    <TD>240.8175</TD>
    <TD>54.95934</TD>
    <TD>1760.516</TD>
    <TD>3868.431</TD>
    <TD>21.7848</TD>
    <TD>0.0461</TD>
    <TD>21.5094</TD>
    <TD>0.0738</TD>
    <TD>21.5094</TD>
    <TD>0.0738</TD>
    <TD>0.0</TD>
  </TR>
  <TR>
    <TD>5611.0</TD>
    <TD>240.844</TD>
    <TD>55.11303</TD>
    <TD>71.399</TD>
    <TD>3729.765</TD>
    <TD>22.426</TD>
    <TD>0.0725</TD>
    <TD>21.0799</TD>
    <TD>0.0823</TD>
    <TD>21.9676</TD>
    <TD>0.0727</TD>
    <TD>0.0</TD>
  </TR>
  <TR>
    <TD>5612.0</TD>
    <TD>240.8425</TD>
    <TD>54.98637</TD>
    <TD>1463.895</TD>
    <TD>3716.764</TD>
    <TD>24.2246</TD>
    <TD>0.1644</TD>
    <TD>23.6029</TD>
    <TD>0.2726</TD>
    <TD>23.6029</TD>
    <TD>0.2726</TD>
    <TD>0.51</TD>
  </TR>
  <TR>
    <TD>5613.0</TD>
    <TD>240.8435</TD>
    <TD>54.93631</TD>
    <TD>2009.348</TD>
    <TD>3702.666</TD>
    <TD>25.8624</TD>
    <TD>0.3443</TD>
    <TD>25.4876</TD>
    <TD>0.5811</TD>
    <TD>25.4876</TD>
    <TD>0.5811</TD>
    <TD>0.38</TD>
  </TR>
  <TR>
    <TD>5614.0</TD>
    <TD>240.9303</TD>
    <TD>55.10985</TD>
    <TD>99.912</TD>
    <TD>3191.057</TD>
    <TD>23.6234</TD>
    <TD>0.0937</TD>
    <TD>23.7996</TD>
    <TD>0.1635</TD>
    <TD>23.7996</TD>
    <TD>0.1635</TD>
    <TD>0.63</TD>
  </TR>
  <TR>
    <TD>5615.0</TD>
    <TD>240.9257</TD>
    <TD>54.98999</TD>
    <TD>1417.634</TD>
    <TD>3199.679</TD>
    <TD>25.555</TD>
    <TD>0.2623</TD>
    <TD>25.468</TD>
    <TD>0.3353</TD>
    <TD>25.468</TD>
    <TD>0.3353</TD>
    <TD>0.36</TD>
  </TR>
  <TR>
    <TD>5616.0</TD>
    <TD>240.841</TD>
    <TD>55.02619</TD>
    <TD>1028.339</TD>
    <TD>3732.774</TD>
    <TD>24.9711</TD>
    <TD>0.2461</TD>
    <TD>23.9507</TD>
    <TD>0.288</TD>
    <TD>23.9507</TD>
    <TD>0.288</TD>
    <TD>0.35</TD>
  </TR>
  <TR>
    <TD>5617.0</TD>
    <TD>240.8416</TD>
    <TD>54.9345</TD>
    <TD>2029.187</TD>
    <TD>3714.168</TD>
    <TD>25.0438</TD>
    <TD>0.2627</TD>
    <TD>23.8199</TD>
    <TD>0.293</TD>
    <TD>23.8199</TD>
    <TD>0.293</TD>
    <TD>0.35</TD>
  </TR>
  <TR>
    <TD>5618.0</TD>
    <TD>240.9283</TD>
    <TD>55.07001</TD>
    <TD>539.991</TD>
    <TD>3196.989</TD>
    <TD>23.0761</TD>
    <TD>0.0508</TD>
    <TD>23.007</TD>
    <TD>0.0678</TD>
    <TD>23.007</TD>
    <TD>0.0678</TD>
    <TD>0.99</TD>
  </TR>
  <TR>
    <TD>5619.0</TD>
    <TD>240.841</TD>
    <TD>55.0285</TD>
    <TD>1003.044</TD>
    <TD>3733.235</TD>
    <TD>21.6793</TD>
    <TD>0.046</TD>
    <TD>21.4795</TD>
    <TD>0.0627</TD>
    <TD>21.4795</TD>
    <TD>0.0627</TD>
    <TD>0.0</TD>
  </TR>
  <TR>
    <TD>5620.0</TD>
    <TD>240.9312</TD>
    <TD>55.03504</TD>
    <TD>924.071</TD>
    <TD>3172.687</TD>
    <TD>24.3843</TD>
    <TD>0.1958</TD>
    <TD>23.6613</TD>
    <TD>0.3404</TD>
    <TD>23.6613</TD>
    <TD>0.3404</TD>
    <TD>0.45</TD>
  </TR>
  <TR>
    <TD>5621.0</TD>
    <TD>240.9294</TD>
    <TD>55.09855</TD>
    <TD>224.956</TD>
    <TD>3194.941</TD>
    <TD>23.3807</TD>
    <TD>0.1173</TD>
    <TD>23.096</TD>
    <TD>0.2018</TD>
    <TD>23.096</TD>
    <TD>0.2018</TD>
    <TD>0.58</TD>
  </TR>
  <TR>
    <TD>5622.0</TD>
    <TD>240.8619</TD>
    <TD>55.10432</TD>
    <TD>166.567</TD>
    <TD>3616.198</TD>
    <TD>24.8664</TD>
    <TD>0.2369</TD>
    <TD>23.7935</TD>
    <TD>0.2916</TD>
    <TD>23.7935</TD>
    <TD>0.2916</TD>
    <TD>0.35</TD>
  </TR>
  <TR>
    <TD>5623.0</TD>
    <TD>240.8442</TD>
    <TD>54.96263</TD>
    <TD>1722.783</TD>
    <TD>3702.25</TD>
    <TD>25.2856</TD>
    <TD>0.2615</TD>
    <TD>24.6972</TD>
    <TD>0.4129</TD>
    <TD>24.6972</TD>
    <TD>0.4129</TD>
    <TD>0.47</TD>
  </TR>
  <TR>
    <TD>5624.0</TD>
    <TD>240.9279</TD>
    <TD>55.01924</TD>
    <TD>1097.578</TD>
    <TD>3190.746</TD>
    <TD>24.1996</TD>
    <TD>0.1761</TD>
    <TD>22.825</TD>
    <TD>0.1814</TD>
    <TD>23.5628</TD>
    <TD>0.166</TD>
    <TD>0.46</TD>
  </TR>
  <TR>
    <TD>5625.0</TD>
    <TD>240.8815</TD>
    <TD>55.07413</TD>
    <TD>498.514</TD>
    <TD>3488.739</TD>
    <TD>23.7962</TD>
    <TD>0.1472</TD>
    <TD>23.1957</TD>
    <TD>0.1548</TD>
    <TD>23.1957</TD>
    <TD>0.1548</TD>
    <TD>0.46</TD>
  </TR>
  <TR>
    <TD>5626.0</TD>
    <TD>240.8402</TD>
    <TD>55.09281</TD>
    <TD>295.376</TD>
    <TD>3749.706</TD>
    <TD>25.6992</TD>
    <TD>0.2979</TD>
    <TD>25.3593</TD>
    <TD>0.3041</TD>
    <TD>25.3593</TD>
    <TD>0.3041</TD>
    <TD>0.42</TD>
  </TR>
  <TR>
    <TD>5627.0</TD>
    <TD>240.9406</TD>
    <TD>55.09097</TD>
    <TD>307.743</TD>
    <TD>3123.552</TD>
    <TD>24.0224</TD>
    <TD>0.1544</TD>
    <TD>22.7842</TD>
    <TD>0.1843</TD>
    <TD>22.7842</TD>
    <TD>0.1843</TD>
    <TD>0.14</TD>
  </TR>
  <TR>
    <TD>5628.0</TD>
    <TD>240.9371</TD>
    <TD>55.02255</TD>
    <TD>1060.459</TD>
    <TD>3134.003</TD>
    <TD>24.6738</TD>
    <TD>0.2096</TD>
    <TD>23.2991</TD>
    <TD>0.2522</TD>
    <TD>23.2991</TD>
    <TD>0.2522</TD>
    <TD>0.46</TD>
  </TR>
  <TR>
    <TD>5629.0</TD>
    <TD>240.7921</TD>
    <TD>54.97662</TD>
    <TD>1573.721</TD>
    <TD>4029.372</TD>
    <TD>25.6182</TD>
    <TD>0.2773</TD>
    <TD>25.1873</TD>
    <TD>0.2608</TD>
    <TD>25.1873</TD>
    <TD>0.2608</TD>
    <TD>0.47</TD>
  </TR>
  <TR>
    <TD>5630.0</TD>
    <TD>240.8313</TD>
    <TD>55.01758</TD>
    <TD>1123.409</TD>
    <TD>3791.721</TD>
    <TD>25.5697</TD>
    <TD>0.2657</TD>
    <TD>25.3041</TD>
    <TD>0.4034</TD>
    <TD>25.3041</TD>
    <TD>0.4034</TD>
    <TD>0.42</TD>
  </TR>
  <TR>
    <TD>5631.0</TD>
    <TD>240.7872</TD>
    <TD>55.0172</TD>
    <TD>1130.406</TD>
    <TD>4066.591</TD>
    <TD>24.3196</TD>
    <TD>0.1789</TD>
    <TD>23.1395</TD>
    <TD>0.2064</TD>
    <TD>23.1395</TD>
    <TD>0.2064</TD>
    <TD>0.15</TD>
  </TR>
  <TR>
    <TD>5632.0</TD>
    <TD>240.8282</TD>
    <TD>55.09858</TD>
    <TD>232.343</TD>
    <TD>3825.347</TD>
    <TD>22.4611</TD>
    <TD>0.069</TD>
    <TD>22.0137</TD>
    <TD>0.1174</TD>
    <TD>22.0137</TD>
    <TD>0.1174</TD>
    <TD>0.0</TD>
  </TR>
  <TR>
    <TD>5633.0</TD>
    <TD>240.8717</TD>
    <TD>54.98918</TD>
    <TD>1431.062</TD>
    <TD>3535.577</TD>
    <TD>21.9338</TD>
    <TD>0.0545</TD>
    <TD>21.6182</TD>
    <TD>0.0945</TD>
    <TD>21.6182</TD>
    <TD>0.0945</TD>
    <TD>0.0</TD>
  </TR>
  <TR>
    <TD>5634.0</TD>
    <TD>240.8442</TD>
    <TD>54.98244</TD>
    <TD>1506.646</TD>
    <TD>3705.864</TD>
    <TD>24.0487</TD>
    <TD>0.158</TD>
    <TD>22.5263</TD>
    <TD>0.1684</TD>
    <TD>22.5263</TD>
    <TD>0.1684</TD>
    <TD>0.4</TD>
  </TR>
  <TR>
    <TD>5635.0</TD>
    <TD>240.8349</TD>
    <TD>54.96714</TD>
    <TD>1674.324</TD>
    <TD>3761.341</TD>
    <TD>26.0161</TD>
    <TD>0.3948</TD>
    <TD>25.5264</TD>
    <TD>0.9153</TD>
    <TD>25.5264</TD>
    <TD>0.9153</TD>
    <TD>0.36</TD>
  </TR>
  <TR>
    <TD>5636.0</TD>
    <TD>240.836</TD>
    <TD>55.09621</TD>
    <TD>258.001</TD>
    <TD>3776.24</TD>
    <TD>21.8775</TD>
    <TD>0.0507</TD>
    <TD>21.5148</TD>
    <TD>0.0776</TD>
    <TD>21.5148</TD>
    <TD>0.0776</TD>
    <TD>0.0</TD>
  </TR>
  <TR>
    <TD>5637.0</TD>
    <TD>240.8426</TD>
    <TD>55.08992</TD>
    <TD>327.135</TD>
    <TD>3733.881</TD>
    <TD>22.3779</TD>
    <TD>0.0677</TD>
    <TD>22.1476</TD>
    <TD>0.0865</TD>
    <TD>22.1476</TD>
    <TD>0.0865</TD>
    <TD>0.0</TD>
  </TR>
  <TR>
    <TD>5638.0</TD>
    <TD>240.9295</TD>
    <TD>55.03933</TD>
    <TD>877.175</TD>
    <TD>3184.222</TD>
    <TD>21.5597</TD>
    <TD>0.0415</TD>
    <TD>21.3696</TD>
    <TD>0.0634</TD>
    <TD>21.3696</TD>
    <TD>0.0634</TD>
    <TD>0.0</TD>
  </TR>
  <TR>
    <TD>5639.0</TD>
    <TD>240.8426</TD>
    <TD>55.10243</TD>
    <TD>188.875</TD>
    <TD>3736.12</TD>
    <TD>24.51</TD>
    <TD>0.1972</TD>
    <TD>23.3387</TD>
    <TD>0.2448</TD>
    <TD>23.3387</TD>
    <TD>0.2448</TD>
    <TD>0.56</TD>
  </TR>
  <TR>
    <TD>5640.0</TD>
    <TD>240.9337</TD>
    <TD>55.0145</TD>
    <TD>1148.992</TD>
    <TD>3154.0</TD>
    <TD>25.6704</TD>
    <TD>0.2904</TD>
    <TD>24.7179</TD>
    <TD>0.3639</TD>
    <TD>24.7179</TD>
    <TD>0.3639</TD>
    <TD>0.41</TD>
  </TR>
  <TR>
    <TD>5641.0</TD>
    <TD>240.7909</TD>
    <TD>55.10766</TD>
    <TD>134.07</TD>
    <TD>4059.846</TD>
    <TD>21.9491</TD>
    <TD>0.0517</TD>
    <TD>21.7035</TD>
    <TD>0.067</TD>
    <TD>21.672</TD>
    <TD>0.0536</TD>
    <TD>0.0</TD>
  </TR>
  <TR>
    <TD>5642.0</TD>
    <TD>240.8628</TD>
    <TD>55.03867</TD>
    <TD>889.913</TD>
    <TD>3599.148</TD>
    <TD>21.9554</TD>
    <TD>0.0553</TD>
    <TD>21.7927</TD>
    <TD>0.0867</TD>
    <TD>21.7927</TD>
    <TD>0.0867</TD>
    <TD>0.01</TD>
  </TR>
  <TR>
    <TD>5643.0</TD>
    <TD>240.9339</TD>
    <TD>54.95141</TD>
    <TD>1837.584</TD>
    <TD>3142.234</TD>
    <TD>22.7573</TD>
    <TD>0.0878</TD>
    <TD>21.8743</TD>
    <TD>0.1253</TD>
    <TD>21.8743</TD>
    <TD>0.1253</TD>
    <TD>0.0</TD>
  </TR>
  <TR>
    <TD>5644.0</TD>
    <TD>240.8482</TD>
    <TD>54.97075</TD>
    <TD>1633.964</TD>
    <TD>3678.755</TD>
    <TD>23.8123</TD>
    <TD>0.1465</TD>
    <TD>22.9907</TD>
    <TD>0.1979</TD>
    <TD>22.9907</TD>
    <TD>0.1979</TD>
    <TD>0.55</TD>
  </TR>
  <TR>
    <TD>5645.0</TD>
    <TD>240.8589</TD>
    <TD>55.06485</TD>
    <TD>602.375</TD>
    <TD>3628.407</TD>
    <TD>25.5798</TD>
    <TD>0.34</TD>
    <TD>24.4641</TD>
    <TD>0.3461</TD>
    <TD>24.4641</TD>
    <TD>0.3461</TD>
    <TD>0.43</TD>
  </TR>
  <TR>
    <TD>5646.0</TD>
    <TD>240.8611</TD>
    <TD>55.11703</TD>
    <TD>25.853</TD>
    <TD>3623.641</TD>
    <TD>19.3517</TD>
    <TD>0.0088</TD>
    <TD>19.3553</TD>
    <TD>0.0095</TD>
    <TD>19.3553</TD>
    <TD>0.0095</TD>
    <TD>0.03</TD>
  </TR>
  <TR>
    <TD>5647.0</TD>
    <TD>240.9377</TD>
    <TD>54.95062</TD>
    <TD>1845.805</TD>
    <TD>3118.956</TD>
    <TD>24.1288</TD>
    <TD>0.1294</TD>
    <TD>24.2185</TD>
    <TD>0.2068</TD>
    <TD>24.2185</TD>
    <TD>0.2068</TD>
    <TD>0.67</TD>
  </TR>
  <TR>
    <TD>5648.0</TD>
    <TD>240.7965</TD>
    <TD>55.00294</TD>
    <TD>1285.906</TD>
    <TD>4006.241</TD>
    <TD>19.6213</TD>
    <TD>0.0101</TD>
    <TD>19.6042</TD>
    <TD>0.0115</TD>
    <TD>19.6042</TD>
    <TD>0.0115</TD>
    <TD>0.03</TD>
  </TR>
  <TR>
    <TD>5649.0</TD>
    <TD>240.9324</TD>
    <TD>55.03062</TD>
    <TD>972.443</TD>
    <TD>3164.786</TD>
    <TD>17.0726</TD>
    <TD>0.0022</TD>
    <TD>17.1012</TD>
    <TD>0.0021</TD>
    <TD>17.1012</TD>
    <TD>0.0021</TD>
    <TD>0.18</TD>
  </TR>
  <TR>
    <TD>5650.0</TD>
    <TD>240.9327</TD>
    <TD>55.00457</TD>
    <TD>1257.675</TD>
    <TD>3158.698</TD>
    <TD>25.0556</TD>
    <TD>0.232</TD>
    <TD>25.9649</TD>
    <TD>0.5249</TD>
    <TD>25.9649</TD>
    <TD>0.5249</TD>
    <TD>0.48</TD>
  </TR>
  <TR>
    <TD>5651.0</TD>
    <TD>240.7974</TD>
    <TD>55.09037</TD>
    <TD>324.934</TD>
    <TD>4016.4</TD>
    <TD>22.1632</TD>
    <TD>0.0602</TD>
    <TD>21.9071</TD>
    <TD>0.1093</TD>
    <TD>21.8179</TD>
    <TD>0.0619</TD>
    <TD>0.0</TD>
  </TR>
  <TR>
    <TD>5652.0</TD>
    <TD>240.9329</TD>
    <TD>54.99774</TD>
    <TD>1332.339</TD>
    <TD>3156.299</TD>
    <TD>25.7578</TD>
    <TD>0.3137</TD>
    <TD>25.3697</TD>
    <TD>0.4281</TD>
    <TD>25.3697</TD>
    <TD>0.4281</TD>
    <TD>0.35</TD>
  </TR>
  <TR>
    <TD>5653.0</TD>
    <TD>240.7999</TD>
    <TD>55.07201</TD>
    <TD>527.336</TD>
    <TD>3997.336</TD>
    <TD>25.9236</TD>
    <TD>0.3635</TD>
    <TD>25.0836</TD>
    <TD>0.3303</TD>
    <TD>25.0836</TD>
    <TD>0.3303</TD>
    <TD>0.45</TD>
  </TR>
  <TR>
    <TD>5654.0</TD>
    <TD>240.8791</TD>
    <TD>55.03259</TD>
    <TD>955.413</TD>
    <TD>3496.976</TD>
    <TD>21.0437</TD>
    <TD>0.0311</TD>
    <TD>20.899</TD>
    <TD>0.0397</TD>
    <TD>20.899</TD>
    <TD>0.0397</TD>
    <TD>0.0</TD>
  </TR>
  <TR>
    <TD>5655.0</TD>
    <TD>240.866</TD>
    <TD>55.05414</TD>
    <TD>719.723</TD>
    <TD>3582.303</TD>
    <TD>22.458</TD>
    <TD>0.0693</TD>
    <TD>22.1375</TD>
    <TD>0.104</TD>
    <TD>22.1375</TD>
    <TD>0.104</TD>
    <TD>0.0</TD>
  </TR>
  <TR>
    <TD>5656.0</TD>
    <TD>240.8415</TD>
    <TD>55.02634</TD>
    <TD>1026.657</TD>
    <TD>3729.665</TD>
    <TD>26.5172</TD>
    <TD>0.6193</TD>
    <TD>24.4962</TD>
    <TD>0.3564</TD>
    <TD>24.4962</TD>
    <TD>0.3564</TD>
    <TD>0.35</TD>
  </TR>
  <TR>
    <TD>5657.0</TD>
    <TD>240.8639</TD>
    <TD>55.10179</TD>
    <TD>194.387</TD>
    <TD>3603.679</TD>
    <TD>23.5154</TD>
    <TD>0.1248</TD>
    <TD>23.3836</TD>
    <TD>0.2574</TD>
    <TD>23.3836</TD>
    <TD>0.2574</TD>
    <TD>0.5</TD>
  </TR>
  <TR>
    <TD>5658.0</TD>
    <TD>240.8495</TD>
    <TD>55.0911</TD>
    <TD>313.567</TD>
    <TD>3691.271</TD>
    <TD>24.4142</TD>
    <TD>0.188</TD>
    <TD>23.4279</TD>
    <TD>0.252</TD>
    <TD>23.4279</TD>
    <TD>0.252</TD>
    <TD>0.36</TD>
  </TR>
  <TR>
    <TD>5659.0</TD>
    <TD>240.7939</TD>
    <TD>55.03661</TD>
    <TD>917.09</TD>
    <TD>4028.542</TD>
    <TD>24.0659</TD>
    <TD>0.1605</TD>
    <TD>23.0947</TD>
    <TD>0.2054</TD>
    <TD>23.0947</TD>
    <TD>0.2054</TD>
    <TD>0.39</TD>
  </TR>
  <TR>
    <TD>5660.0</TD>
    <TD>240.9315</TD>
    <TD>54.95706</TD>
    <TD>1776.262</TD>
    <TD>3158.478</TD>
    <TD>17.9735</TD>
    <TD>0.0037</TD>
    <TD>17.9876</TD>
    <TD>0.0036</TD>
    <TD>17.9876</TD>
    <TD>0.0036</TD>
    <TD>0.04</TD>
  </TR>
  <TR>
    <TD>5661.0</TD>
    <TD>240.872</TD>
    <TD>55.01497</TD>
    <TD>1148.96</TD>
    <TD>3538.202</TD>
    <TD>23.334</TD>
    <TD>0.1156</TD>
    <TD>22.9883</TD>
    <TD>0.2187</TD>
    <TD>22.9883</TD>
    <TD>0.2187</TD>
    <TD>0.0</TD>
  </TR>
  <TR>
    <TD>5662.0</TD>
    <TD>240.85</TD>
    <TD>54.98095</TD>
    <TD>1522.502</TD>
    <TD>3669.516</TD>
    <TD>25.8407</TD>
    <TD>0.3865</TD>
    <TD>24.9045</TD>
    <TD>0.4527</TD>
    <TD>24.9045</TD>
    <TD>0.4527</TD>
    <TD>0.36</TD>
  </TR>
  <TR>
    <TD>5663.0</TD>
    <TD>240.7875</TD>
    <TD>55.11806</TD>
    <TD>18.969</TD>
    <TD>4083.239</TD>
    <TD>24.4863</TD>
    <TD>0.1507</TD>
    <TD>24.6419</TD>
    <TD>0.2545</TD>
    <TD>24.6419</TD>
    <TD>0.2545</TD>
    <TD>0.85</TD>
  </TR>
  <TR>
    <TD>5664.0</TD>
    <TD>240.796</TD>
    <TD>55.1184</TD>
    <TD>14.748</TD>
    <TD>4030.337</TD>
    <TD>23.8388</TD>
    <TD>0.147</TD>
    <TD>23.4699</TD>
    <TD>0.187</TD>
    <TD>23.4699</TD>
    <TD>0.187</TD>
    <TD>0.34</TD>
  </TR>
  <TR>
    <TD>5665.0</TD>
    <TD>240.7836</TD>
    <TD>54.97665</TD>
    <TD>1574.01</TD>
    <TD>4082.199</TD>
    <TD>18.7419</TD>
    <TD>0.0067</TD>
    <TD>18.7256</TD>
    <TD>0.0075</TD>
    <TD>18.7256</TD>
    <TD>0.0075</TD>
    <TD>0.03</TD>
  </TR>
  <TR>
    <TD>5666.0</TD>
    <TD>240.8219</TD>
    <TD>55.05912</TD>
    <TD>667.958</TD>
    <TD>3857.79</TD>
    <TD>23.926</TD>
    <TD>0.1085</TD>
    <TD>24.0404</TD>
    <TD>0.1724</TD>
    <TD>24.0404</TD>
    <TD>0.1724</TD>
    <TD>0.67</TD>
  </TR>
  <TR>
    <TD>5667.0</TD>
    <TD>240.8006</TD>
    <TD>54.96396</TD>
    <TD>1711.284</TD>
    <TD>3974.32</TD>
    <TD>25.8537</TD>
    <TD>0.3416</TD>
    <TD>24.6329</TD>
    <TD>0.331</TD>
    <TD>24.6329</TD>
    <TD>0.331</TD>
    <TD>0.35</TD>
  </TR>
  <TR>
    <TD>5668.0</TD>
    <TD>240.884</TD>
    <TD>55.04102</TD>
    <TD>862.509</TD>
    <TD>3468.017</TD>
    <TD>23.8317</TD>
    <TD>0.149</TD>
    <TD>23.0679</TD>
    <TD>0.2541</TD>
    <TD>23.0679</TD>
    <TD>0.2541</TD>
    <TD>0.11</TD>
  </TR>
  <TR>
    <TD>5669.0</TD>
    <TD>240.9437</TD>
    <TD>55.04188</TD>
    <TD>847.961</TD>
    <TD>3096.0</TD>
    <TD>25.444</TD>
    <TD>0.2379</TD>
    <TD>25.0902</TD>
    <TD>0.2571</TD>
    <TD>25.0902</TD>
    <TD>0.2571</TD>
    <TD>0.63</TD>
  </TR>
  <TR>
    <TD>5670.0</TD>
    <TD>240.9313</TD>
    <TD>55.10872</TD>
    <TD>112.295</TD>
    <TD>3184.323</TD>
    <TD>25.8956</TD>
    <TD>0.3546</TD>
    <TD>25.2973</TD>
    <TD>0.4009</TD>
    <TD>25.2973</TD>
    <TD>0.4009</TD>
    <TD>0.42</TD>
  </TR>
  <TR>
    <TD>5671.0</TD>
    <TD>240.8884</TD>
    <TD>55.07031</TD>
    <TD>540.076</TD>
    <TD>3445.394</TD>
    <TD>22.7091</TD>
    <TD>0.0834</TD>
    <TD>22.4475</TD>
    <TD>0.1345</TD>
    <TD>22.4475</TD>
    <TD>0.1345</TD>
    <TD>0.01</TD>
  </TR>
  <TR>
    <TD>5672.0</TD>
    <TD>240.9165</TD>
    <TD>55.07431</TD>
    <TD>493.671</TD>
    <TD>3270.788</TD>
    <TD>22.5823</TD>
    <TD>0.0774</TD>
    <TD>22.3635</TD>
    <TD>0.1016</TD>
    <TD>22.3635</TD>
    <TD>0.1016</TD>
    <TD>0.0</TD>
  </TR>
  <TR>
    <TD>5673.0</TD>
    <TD>240.8358</TD>
    <TD>55.10919</TD>
    <TD>114.467</TD>
    <TD>3780.037</TD>
    <TD>23.7866</TD>
    <TD>0.1432</TD>
    <TD>23.3276</TD>
    <TD>0.1622</TD>
    <TD>23.1997</TD>
    <TD>0.1376</TD>
    <TD>0.62</TD>
  </TR>
  <TR>
    <TD>5674.0</TD>
    <TD>240.9294</TD>
    <TD>55.04729</TD>
    <TD>789.859</TD>
    <TD>3185.939</TD>
    <TD>24.0329</TD>
    <TD>0.1292</TD>
    <TD>24.0109</TD>
    <TD>0.1851</TD>
    <TD>24.0109</TD>
    <TD>0.1851</TD>
    <TD>0.59</TD>
  </TR>
  <TR>
    <TD>5675.0</TD>
    <TD>240.8606</TD>
    <TD>54.93294</TD>
    <TD>2044.71</TD>
    <TD>3595.679</TD>
    <TD>25.9612</TD>
    <TD>0.3759</TD>
    <TD>25.0468</TD>
    <TD>0.4289</TD>
    <TD>25.0468</TD>
    <TD>0.4289</TD>
    <TD>0.36</TD>
  </TR>
  <TR>
    <TD>5676.0</TD>
    <TD>240.8306</TD>
    <TD>54.95844</TD>
    <TD>1769.373</TD>
    <TD>3786.296</TD>
    <TD>25.9484</TD>
    <TD>0.3717</TD>
    <TD>25.1536</TD>
    <TD>0.3519</TD>
    <TD>25.1536</TD>
    <TD>0.3519</TD>
    <TD>0.35</TD>
  </TR>
  <TR>
    <TD>5677.0</TD>
    <TD>240.7922</TD>
    <TD>55.0457</TD>
    <TD>817.362</TD>
    <TD>4040.724</TD>
    <TD>25.5971</TD>
    <TD>0.2722</TD>
    <TD>25.3878</TD>
    <TD>0.312</TD>
    <TD>25.3878</TD>
    <TD>0.312</TD>
    <TD>0.45</TD>
  </TR>
  <TR>
    <TD>5678.0</TD>
    <TD>240.8811</TD>
    <TD>54.95736</TD>
    <TD>1777.283</TD>
    <TD>3472.095</TD>
    <TD>22.9939</TD>
    <TD>0.0582</TD>
    <TD>23.0016</TD>
    <TD>0.0755</TD>
    <TD>23.0016</TD>
    <TD>0.0755</TD>
    <TD>0.79</TD>
  </TR>
  <TR>
    <TD>5679.0</TD>
    <TD>240.932</TD>
    <TD>55.1089</TD>
    <TD>110.315</TD>
    <TD>3180.333</TD>
    <TD>24.435</TD>
    <TD>0.1845</TD>
    <TD>23.7892</TD>
    <TD>0.2806</TD>
    <TD>23.7892</TD>
    <TD>0.2806</TD>
    <TD>0.54</TD>
  </TR>
  <TR>
    <TD>5680.0</TD>
    <TD>240.8584</TD>
    <TD>55.00808</TD>
    <TD>1225.385</TD>
    <TD>3621.817</TD>
    <TD>25.4543</TD>
    <TD>0.3039</TD>
    <TD>24.6082</TD>
    <TD>0.4216</TD>
    <TD>24.6082</TD>
    <TD>0.4216</TD>
    <TD>0.34</TD>
  </TR>
  <TR>
    <TD>5681.0</TD>
    <TD>240.9374</TD>
    <TD>54.95487</TD>
    <TD>1799.593</TD>
    <TD>3120.969</TD>
    <TD>22.7432</TD>
    <TD>0.0796</TD>
    <TD>22.5019</TD>
    <TD>0.1227</TD>
    <TD>22.5019</TD>
    <TD>0.1227</TD>
    <TD>0.0</TD>
  </TR>
  <TR>
    <TD>5682.0</TD>
    <TD>240.8551</TD>
    <TD>55.04501</TD>
    <TD>820.884</TD>
    <TD>3648.299</TD>
    <TD>24.0897</TD>
    <TD>0.1682</TD>
    <TD>24.0057</TD>
    <TD>0.278</TD>
    <TD>24.0057</TD>
    <TD>0.278</TD>
    <TD>0.47</TD>
  </TR>
  <TR>
    <TD>5683.0</TD>
    <TD>240.7951</TD>
    <TD>54.96317</TD>
    <TD>1720.317</TD>
    <TD>4008.317</TD>
    <TD>25.9666</TD>
    <TD>0.3777</TD>
    <TD>25.2362</TD>
    <TD>0.521</TD>
    <TD>25.2362</TD>
    <TD>0.521</TD>
    <TD>0.43</TD>
  </TR>
  <TR>
    <TD>5684.0</TD>
    <TD>240.9416</TD>
    <TD>55.06771</TD>
    <TD>564.133</TD>
    <TD>3113.262</TD>
    <TD>22.5321</TD>
    <TD>0.0679</TD>
    <TD>22.3943</TD>
    <TD>0.0915</TD>
    <TD>22.3943</TD>
    <TD>0.0915</TD>
    <TD>0.08</TD>
  </TR>
  <TR>
    <TD>5685.0</TD>
    <TD>240.8403</TD>
    <TD>54.98171</TD>
    <TD>1514.994</TD>
    <TD>3729.808</TD>
    <TD>24.0102</TD>
    <TD>0.1058</TD>
    <TD>23.782</TD>
    <TD>0.1278</TD>
    <TD>23.8961</TD>
    <TD>0.1092</TD>
    <TD>0.86</TD>
  </TR>
  <TR>
    <TD>5686.0</TD>
    <TD>240.9335</TD>
    <TD>54.95162</TD>
    <TD>1835.294</TD>
    <TD>3145.294</TD>
    <TD>22.901</TD>
    <TD>0.0872</TD>
    <TD>21.9724</TD>
    <TD>0.1266</TD>
    <TD>22.5065</TD>
    <TD>0.0888</TD>
    <TD>0.0</TD>
  </TR>
  <TR>
    <TD>5687.0</TD>
    <TD>240.846</TD>
    <TD>55.09402</TD>
    <TD>281.63</TD>
    <TD>3713.831</TD>
    <TD>24.4457</TD>
    <TD>0.2002</TD>
    <TD>23.4891</TD>
    <TD>0.2522</TD>
    <TD>23.758</TD>
    <TD>0.1847</TD>
    <TD>0.43</TD>
  </TR>
  <TR>
    <TD>5688.0</TD>
    <TD>240.7996</TD>
    <TD>55.03551</TD>
    <TD>928.863</TD>
    <TD>3992.942</TD>
    <TD>25.1264</TD>
    <TD>0.2828</TD>
    <TD>24.1169</TD>
    <TD>0.2979</TD>
    <TD>24.1169</TD>
    <TD>0.2979</TD>
    <TD>0.48</TD>
  </TR>
  <TR>
    <TD>5689.0</TD>
    <TD>240.7856</TD>
    <TD>54.9728</TD>
    <TD>1615.85</TD>
    <TD>4069.576</TD>
    <TD>20.1942</TD>
    <TD>0.0173</TD>
    <TD>20.1129</TD>
    <TD>0.0232</TD>
    <TD>20.1129</TD>
    <TD>0.0232</TD>
    <TD>0.02</TD>
  </TR>
  <TR>
    <TD>5690.0</TD>
    <TD>240.7982</TD>
    <TD>54.93413</TD>
    <TD>2036.294</TD>
    <TD>3984.658</TD>
    <TD>25.8482</TD>
    <TD>0.34</TD>
    <TD>25.0581</TD>
    <TD>0.4791</TD>
    <TD>25.0581</TD>
    <TD>0.4791</TD>
    <TD>0.38</TD>
  </TR>
  <TR>
    <TD>5691.0</TD>
    <TD>240.9389</TD>
    <TD>55.06734</TD>
    <TD>568.45</TD>
    <TD>3130.457</TD>
    <TD>24.2248</TD>
    <TD>0.1698</TD>
    <TD>23.6763</TD>
    <TD>0.3174</TD>
    <TD>23.6763</TD>
    <TD>0.3174</TD>
    <TD>0.48</TD>
  </TR>
  <TR>
    <TD>5692.0</TD>
    <TD>240.9398</TD>
    <TD>55.01439</TD>
    <TD>1149.682</TD>
    <TD>3116.329</TD>
    <TD>25.636</TD>
    <TD>0.2817</TD>
    <TD>25.5043</TD>
    <TD>0.3464</TD>
    <TD>25.5043</TD>
    <TD>0.3464</TD>
    <TD>0.38</TD>
  </TR>
  <TR>
    <TD>5693.0</TD>
    <TD>240.8442</TD>
    <TD>55.09235</TD>
    <TD>300.186</TD>
    <TD>3724.417</TD>
    <TD>23.5543</TD>
    <TD>0.1351</TD>
    <TD>22.8224</TD>
    <TD>0.1908</TD>
    <TD>22.8224</TD>
    <TD>0.1908</TD>
    <TD>0.57</TD>
  </TR>
  <TR>
    <TD>5694.0</TD>
    <TD>240.8203</TD>
    <TD>54.96307</TD>
    <TD>1719.707</TD>
    <TD>3851.295</TD>
    <TD>25.8972</TD>
    <TD>0.3551</TD>
    <TD>25.1778</TD>
    <TD>0.2962</TD>
    <TD>25.1778</TD>
    <TD>0.2962</TD>
    <TD>0.38</TD>
  </TR>
  <TR>
    <TD>5695.0</TD>
    <TD>240.8038</TD>
    <TD>55.10206</TD>
    <TD>195.261</TD>
    <TD>3978.388</TD>
    <TD>22.5426</TD>
    <TD>0.0763</TD>
    <TD>22.0506</TD>
    <TD>0.1065</TD>
    <TD>22.0506</TD>
    <TD>0.1065</TD>
    <TD>0.0</TD>
  </TR>
  <TR>
    <TD>5696.0</TD>
    <TD>240.8136</TD>
    <TD>54.97105</TD>
    <TD>1633.138</TD>
    <TD>3894.217</TD>
    <TD>21.0354</TD>
    <TD>0.0271</TD>
    <TD>20.9053</TD>
    <TD>0.0397</TD>
    <TD>20.9053</TD>
    <TD>0.0397</TD>
    <TD>0.01</TD>
  </TR>
  <TR>
    <TD>5697.0</TD>
    <TD>240.8617</TD>
    <TD>55.00173</TD>
    <TD>1294.682</TD>
    <TD>3600.347</TD>
    <TD>26.2139</TD>
    <TD>0.4713</TD>
    <TD>25.3078</TD>
    <TD>0.2904</TD>
    <TD>25.3078</TD>
    <TD>0.2904</TD>
    <TD>0.35</TD>
  </TR>
  <TR>
    <TD>5698.0</TD>
    <TD>240.8485</TD>
    <TD>55.03201</TD>
    <TD>964.032</TD>
    <TD>3687.536</TD>
    <TD>24.5679</TD>
    <TD>0.2077</TD>
    <TD>24.3425</TD>
    <TD>0.3025</TD>
    <TD>24.3425</TD>
    <TD>0.3025</TD>
    <TD>0.47</TD>
  </TR>
  <TR>
    <TD>5699.0</TD>
    <TD>240.8188</TD>
    <TD>55.06598</TD>
    <TD>592.704</TD>
    <TD>3878.365</TD>
    <TD>23.9101</TD>
    <TD>0.1467</TD>
    <TD>23.14</TD>
    <TD>0.1981</TD>
    <TD>23.4056</TD>
    <TD>0.1451</TD>
    <TD>0.36</TD>
  </TR>
  <TR>
    <TD>5700.0</TD>
    <TD>240.8714</TD>
    <TD>54.96588</TD>
    <TD>1685.25</TD>
    <TD>3533.678</TD>
    <TD>21.4374</TD>
    <TD>0.0374</TD>
    <TD>21.1374</TD>
    <TD>0.0609</TD>
    <TD>21.1374</TD>
    <TD>0.0609</TD>
    <TD>0.0</TD>
  </TR>
  <TR>
    <TD>5701.0</TD>
    <TD>240.9326</TD>
    <TD>55.02369</TD>
    <TD>1048.391</TD>
    <TD>3162.659</TD>
    <TD>24.9066</TD>
    <TD>0.2323</TD>
    <TD>24.0102</TD>
    <TD>0.3521</TD>
    <TD>24.0102</TD>
    <TD>0.3521</TD>
    <TD>0.37</TD>
  </TR>
  <TR>
    <TD>5702.0</TD>
    <TD>240.8442</TD>
    <TD>54.93362</TD>
    <TD>2038.573</TD>
    <TD>3697.924</TD>
    <TD>24.0385</TD>
    <TD>0.1566</TD>
    <TD>23.0761</TD>
    <TD>0.2003</TD>
    <TD>23.0761</TD>
    <TD>0.2003</TD>
    <TD>0.6</TD>
  </TR>
  <TR>
    <TD>5703.0</TD>
    <TD>240.8467</TD>
    <TD>55.09384</TD>
    <TD>283.575</TD>
    <TD>3709.363</TD>
    <TD>24.3453</TD>
    <TD>0.1891</TD>
    <TD>23.5119</TD>
    <TD>0.3009</TD>
    <TD>23.5119</TD>
    <TD>0.3009</TD>
    <TD>0.25</TD>
  </TR>
  <TR>
    <TD>5704.0</TD>
    <TD>240.8324</TD>
    <TD>54.93333</TD>
    <TD>2042.609</TD>
    <TD>3771.339</TD>
    <TD>24.8324</TD>
    <TD>0.2298</TD>
    <TD>23.4238</TD>
    <TD>0.2639</TD>
    <TD>23.4238</TD>
    <TD>0.2639</TD>
    <TD>0.45</TD>
  </TR>
  <TR>
    <TD>5705.0</TD>
    <TD>240.8343</TD>
    <TD>54.99463</TD>
    <TD>1374.254</TD>
    <TD>3769.226</TD>
    <TD>23.0675</TD>
    <TD>0.098</TD>
    <TD>22.8203</TD>
    <TD>0.1235</TD>
    <TD>22.8203</TD>
    <TD>0.1235</TD>
    <TD>0.0</TD>
  </TR>
  <TR>
    <TD>5706.0</TD>
    <TD>240.7859</TD>
    <TD>55.1004</TD>
    <TD>214.69</TD>
    <TD>4089.79</TD>
    <TD>23.1981</TD>
    <TD>0.105</TD>
    <TD>22.8546</TD>
    <TD>0.1269</TD>
    <TD>22.8546</TD>
    <TD>0.1269</TD>
    <TD>0.01</TD>
  </TR>
  <TR>
    <TD>5707.0</TD>
    <TD>240.9336</TD>
    <TD>54.97399</TD>
    <TD>1591.634</TD>
    <TD>3148.323</TD>
    <TD>23.9851</TD>
    <TD>0.1532</TD>
    <TD>23.484</TD>
    <TD>0.2601</TD>
    <TD>23.484</TD>
    <TD>0.2601</TD>
    <TD>0.44</TD>
  </TR>
  <TR>
    <TD>5708.0</TD>
    <TD>240.935</TD>
    <TD>55.06335</TD>
    <TD>612.761</TD>
    <TD>3153.755</TD>
    <TD>23.5282</TD>
    <TD>0.1201</TD>
    <TD>23.6979</TD>
    <TD>0.2287</TD>
    <TD>23.0759</TD>
    <TD>0.1206</TD>
    <TD>0.3</TD>
  </TR>
  <TR>
    <TD>5709.0</TD>
    <TD>240.8364</TD>
    <TD>55.1093</TD>
    <TD>113.224</TD>
    <TD>3776.2</TD>
    <TD>24.0621</TD>
    <TD>0.1557</TD>
    <TD>23.3085</TD>
    <TD>0.223</TD>
    <TD>23.5813</TD>
    <TD>0.1551</TD>
    <TD>0.37</TD>
  </TR>
  <TR>
    <TD>5710.0</TD>
    <TD>240.8459</TD>
    <TD>55.04903</TD>
    <TD>777.362</TD>
    <TD>3706.172</TD>
    <TD>22.577</TD>
    <TD>0.0712</TD>
    <TD>22.3134</TD>
    <TD>0.0884</TD>
    <TD>22.3134</TD>
    <TD>0.0884</TD>
    <TD>0.01</TD>
  </TR>
  <TR>
    <TD>5711.0</TD>
    <TD>240.8235</TD>
    <TD>55.06667</TD>
    <TD>584.773</TD>
    <TD>3849.02</TD>
    <TD>25.2623</TD>
    <TD>0.2311</TD>
    <TD>25.0779</TD>
    <TD>0.3416</TD>
    <TD>25.0779</TD>
    <TD>0.3416</TD>
    <TD>0.48</TD>
  </TR>
  <TR>
    <TD>5712.0</TD>
    <TD>240.8429</TD>
    <TD>55.09218</TD>
    <TD>302.146</TD>
    <TD>3732.846</TD>
    <TD>25.0158</TD>
    <TD>0.2561</TD>
    <TD>24.4103</TD>
    <TD>0.4085</TD>
    <TD>24.4103</TD>
    <TD>0.4085</TD>
    <TD>0.46</TD>
  </TR>
  <TR>
    <TD>5713.0</TD>
    <TD>240.7946</TD>
    <TD>55.09304</TD>
    <TD>295.613</TD>
    <TD>4033.821</TD>
    <TD>22.7828</TD>
    <TD>0.0884</TD>
    <TD>22.233</TD>
    <TD>0.1477</TD>
    <TD>22.233</TD>
    <TD>0.1477</TD>
    <TD>0.0</TD>
  </TR>
  <TR>
    <TD>5714.0</TD>
    <TD>240.8713</TD>
    <TD>54.95029</TD>
    <TD>1855.12</TD>
    <TD>3531.98</TD>
    <TD>24.0995</TD>
    <TD>0.161</TD>
    <TD>23.9111</TD>
    <TD>0.3184</TD>
    <TD>23.9111</TD>
    <TD>0.3184</TD>
    <TD>0.46</TD>
  </TR>
  <TR>
    <TD>5715.0</TD>
    <TD>240.9343</TD>
    <TD>54.98312</TD>
    <TD>1491.911</TD>
    <TD>3145.043</TD>
    <TD>24.9392</TD>
    <TD>0.2093</TD>
    <TD>24.6012</TD>
    <TD>0.2526</TD>
    <TD>24.6012</TD>
    <TD>0.2526</TD>
    <TD>0.74</TD>
  </TR>
  <TR>
    <TD>5716.0</TD>
    <TD>240.8827</TD>
    <TD>55.11454</TD>
    <TD>51.847</TD>
    <TD>3488.24</TD>
    <TD>25.1863</TD>
    <TD>0.2606</TD>
    <TD>24.5596</TD>
    <TD>0.3453</TD>
    <TD>24.5596</TD>
    <TD>0.3453</TD>
    <TD>0.38</TD>
  </TR>
  <TR>
    <TD>5717.0</TD>
    <TD>240.841</TD>
    <TD>54.98227</TD>
    <TD>1508.804</TD>
    <TD>3725.799</TD>
    <TD>21.1903</TD>
    <TD>0.0291</TD>
    <TD>21.0928</TD>
    <TD>0.0363</TD>
    <TD>21.0928</TD>
    <TD>0.0363</TD>
    <TD>0.01</TD>
  </TR>
  <TR>
    <TD>5718.0</TD>
    <TD>240.8424</TD>
    <TD>55.0395</TD>
    <TD>882.228</TD>
    <TD>3726.761</TD>
    <TD>25.6925</TD>
    <TD>0.3385</TD>
    <TD>24.7587</TD>
    <TD>0.5447</TD>
    <TD>24.7587</TD>
    <TD>0.5447</TD>
    <TD>0.4</TD>
  </TR>
  <TR>
    <TD>5719.0</TD>
    <TD>240.8428</TD>
    <TD>55.03766</TD>
    <TD>902.367</TD>
    <TD>3723.68</TD>
    <TD>25.9862</TD>
    <TD>0.3844</TD>
    <TD>25.308</TD>
    <TD>0.2905</TD>
    <TD>25.308</TD>
    <TD>0.2905</TD>
    <TD>0.4</TD>
  </TR>
  <TR>
    <TD>5720.0</TD>
    <TD>240.8185</TD>
    <TD>54.98889</TD>
    <TD>1438.04</TD>
    <TD>3867.043</TD>
    <TD>22.8207</TD>
    <TD>0.0877</TD>
    <TD>22.5087</TD>
    <TD>0.1048</TD>
    <TD>22.5087</TD>
    <TD>0.1048</TD>
    <TD>0.0</TD>
  </TR>
  <TR>
    <TD>5721.0</TD>
    <TD>240.7976</TD>
    <TD>54.96763</TD>
    <TD>1671.485</TD>
    <TD>3993.353</TD>
    <TD>24.8735</TD>
    <TD>0.1646</TD>
    <TD>24.9017</TD>
    <TD>0.257</TD>
    <TD>24.9017</TD>
    <TD>0.257</TD>
    <TD>0.64</TD>
  </TR>
  <TR>
    <TD>5722.0</TD>
    <TD>240.809</TD>
    <TD>55.08417</TD>
    <TD>392.665</TD>
    <TD>3942.662</TD>
    <TD>26.0537</TD>
    <TD>0.4083</TD>
    <TD>24.9744</TD>
    <TD>0.4439</TD>
    <TD>24.9744</TD>
    <TD>0.4439</TD>
    <TD>0.36</TD>
  </TR>
  <TR>
    <TD>5723.0</TD>
    <TD>240.8264</TD>
    <TD>55.0583</TD>
    <TD>676.672</TD>
    <TD>3829.552</TD>
    <TD>23.4106</TD>
    <TD>0.1205</TD>
    <TD>23.3066</TD>
    <TD>0.1769</TD>
    <TD>23.3066</TD>
    <TD>0.1769</TD>
    <TD>0.08</TD>
  </TR>
  <TR>
    <TD>5724.0</TD>
    <TD>240.8172</TD>
    <TD>54.93647</TD>
    <TD>2009.579</TD>
    <TD>3866.213</TD>
    <TD>24.5981</TD>
    <TD>0.2134</TD>
    <TD>23.3229</TD>
    <TD>0.2275</TD>
    <TD>23.9326</TD>
    <TD>0.1987</TD>
    <TD>0.43</TD>
  </TR>
  <TR>
    <TD>5725.0</TD>
    <TD>240.8319</TD>
    <TD>54.96097</TD>
    <TD>1741.768</TD>
    <TD>3778.953</TD>
    <TD>23.2674</TD>
    <TD>0.1117</TD>
    <TD>22.6426</TD>
    <TD>0.1812</TD>
    <TD>22.6426</TD>
    <TD>0.1812</TD>
    <TD>0.01</TD>
  </TR>
  <TR>
    <TD>5726.0</TD>
    <TD>240.7917</TD>
    <TD>54.94951</TD>
    <TD>1869.382</TD>
    <TD>4027.498</TD>
    <TD>23.373</TD>
    <TD>0.1165</TD>
    <TD>23.0347</TD>
    <TD>0.169</TD>
    <TD>23.0347</TD>
    <TD>0.169</TD>
    <TD>0.07</TD>
  </TR>
  <TR>
    <TD>5727.0</TD>
    <TD>240.7928</TD>
    <TD>55.11274</TD>
    <TD>77.661</TD>
    <TD>4048.688</TD>
    <TD>25.7548</TD>
    <TD>0.3129</TD>
    <TD>25.1023</TD>
    <TD>0.4512</TD>
    <TD>25.1023</TD>
    <TD>0.4512</TD>
    <TD>0.35</TD>
  </TR>
  <TR>
    <TD>5728.0</TD>
    <TD>240.9331</TD>
    <TD>54.96937</TD>
    <TD>1642.0</TD>
    <TD>3150.484</TD>
    <TD>25.4987</TD>
    <TD>0.2848</TD>
    <TD>24.613</TD>
    <TD>0.3523</TD>
    <TD>24.613</TD>
    <TD>0.3523</TD>
    <TD>0.36</TD>
  </TR>
  <TR>
    <TD>5729.0</TD>
    <TD>240.8331</TD>
    <TD>54.98897</TD>
    <TD>1436.201</TD>
    <TD>3775.843</TD>
    <TD>20.7582</TD>
    <TD>0.0217</TD>
    <TD>20.7118</TD>
    <TD>0.0284</TD>
    <TD>20.7118</TD>
    <TD>0.0284</TD>
    <TD>0.02</TD>
  </TR>
  <TR>
    <TD>5730.0</TD>
    <TD>240.9354</TD>
    <TD>55.03433</TD>
    <TD>931.503</TD>
    <TD>3146.481</TD>
    <TD>25.6978</TD>
    <TD>0.3401</TD>
    <TD>25.2033</TD>
    <TD>0.3681</TD>
    <TD>25.2033</TD>
    <TD>0.3681</TD>
    <TD>0.43</TD>
  </TR>
  <TR>
    <TD>5731.0</TD>
    <TD>240.7956</TD>
    <TD>55.00745</TD>
    <TD>1236.611</TD>
    <TD>4012.787</TD>
    <TD>24.5486</TD>
    <TD>0.196</TD>
    <TD>24.5591</TD>
    <TD>0.2629</TD>
    <TD>24.5591</TD>
    <TD>0.2629</TD>
    <TD>0.46</TD>
  </TR>
  <TR>
    <TD>5732.0</TD>
    <TD>240.9385</TD>
    <TD>55.03321</TD>
    <TD>943.484</TD>
    <TD>3126.967</TD>
    <TD>25.1829</TD>
    <TD>0.2598</TD>
    <TD>24.386</TD>
    <TD>0.337</TD>
    <TD>24.386</TD>
    <TD>0.337</TD>
    <TD>0.4</TD>
  </TR>
  <TR>
    <TD>5733.0</TD>
    <TD>240.8067</TD>
    <TD>54.99614</TD>
    <TD>1359.651</TD>
    <TD>3941.682</TD>
    <TD>25.7922</TD>
    <TD>0.3235</TD>
    <TD>25.5114</TD>
    <TD>0.3486</TD>
    <TD>25.5114</TD>
    <TD>0.3486</TD>
    <TD>0.35</TD>
  </TR>
  <TR>
    <TD>5734.0</TD>
    <TD>240.9378</TD>
    <TD>55.06424</TD>
    <TD>602.692</TD>
    <TD>3136.665</TD>
    <TD>25.6671</TD>
    <TD>0.2895</TD>
    <TD>25.0663</TD>
    <TD>0.4366</TD>
    <TD>25.0663</TD>
    <TD>0.4366</TD>
    <TD>0.35</TD>
  </TR>
  <TR>
    <TD>5735.0</TD>
    <TD>240.845</TD>
    <TD>55.11383</TD>
    <TD>62.469</TD>
    <TD>3723.664</TD>
    <TD>22.4076</TD>
    <TD>0.0691</TD>
    <TD>21.5071</TD>
    <TD>0.0955</TD>
    <TD>22.023</TD>
    <TD>0.0705</TD>
    <TD>0.03</TD>
  </TR>
  <TR>
    <TD>5736.0</TD>
    <TD>240.7955</TD>
    <TD>55.0961</TD>
    <TD>261.671</TD>
    <TD>4029.159</TD>
    <TD>24.702</TD>
    <TD>0.2342</TD>
    <TD>23.906</TD>
    <TD>0.3428</TD>
    <TD>23.906</TD>
    <TD>0.3428</TD>
    <TD>0.35</TD>
  </TR>
  <TR>
    <TD>5737.0</TD>
    <TD>240.7893</TD>
    <TD>54.95723</TD>
    <TD>1785.398</TD>
    <TD>4043.605</TD>
    <TD>25.4596</TD>
    <TD>0.3053</TD>
    <TD>25.2265</TD>
    <TD>0.3759</TD>
    <TD>25.2265</TD>
    <TD>0.3759</TD>
    <TD>0.48</TD>
  </TR>
  <TR>
    <TD>5738.0</TD>
    <TD>240.856</TD>
    <TD>55.00579</TD>
    <TD>1250.677</TD>
    <TD>3636.323</TD>
    <TD>26.3619</TD>
    <TD>0.5384</TD>
    <TD>24.8045</TD>
    <TD>0.4378</TD>
    <TD>24.8045</TD>
    <TD>0.4378</TD>
    <TD>0.35</TD>
  </TR>
  <TR>
    <TD>5739.0</TD>
    <TD>240.8461</TD>
    <TD>54.95335</TD>
    <TD>1823.684</TD>
    <TD>3688.953</TD>
    <TD>20.3955</TD>
    <TD>0.0196</TD>
    <TD>20.3365</TD>
    <TD>0.0244</TD>
    <TD>20.2896</TD>
    <TD>0.0202</TD>
    <TD>0.02</TD>
  </TR>
  <TR>
    <TD>5740.0</TD>
    <TD>240.8572</TD>
    <TD>55.08769</TD>
    <TD>350.676</TD>
    <TD>3642.654</TD>
    <TD>25.8392</TD>
    <TD>0.3373</TD>
    <TD>25.8766</TD>
    <TD>0.4846</TD>
    <TD>25.8766</TD>
    <TD>0.4846</TD>
    <TD>0.38</TD>
  </TR>
  <TR>
    <TD>5741.0</TD>
    <TD>240.8538</TD>
    <TD>55.0331</TD>
    <TD>951.685</TD>
    <TD>3654.609</TD>
    <TD>23.1294</TD>
    <TD>0.1035</TD>
    <TD>22.8417</TD>
    <TD>0.1999</TD>
    <TD>22.8417</TD>
    <TD>0.1999</TD>
    <TD>0.0</TD>
  </TR>
  <TR>
    <TD>5742.0</TD>
    <TD>240.8184</TD>
    <TD>54.94522</TD>
    <TD>1914.238</TD>
    <TD>3860.569</TD>
    <TD>22.6633</TD>
    <TD>0.0769</TD>
    <TD>22.4445</TD>
    <TD>0.1338</TD>
    <TD>22.4445</TD>
    <TD>0.1338</TD>
    <TD>0.0</TD>
  </TR>
  <TR>
    <TD>5743.0</TD>
    <TD>240.8529</TD>
    <TD>55.00688</TD>
    <TD>1239.002</TD>
    <TD>3655.488</TD>
    <TD>25.1259</TD>
    <TD>0.2827</TD>
    <TD>24.8581</TD>
    <TD>0.4339</TD>
    <TD>24.8581</TD>
    <TD>0.4339</TD>
    <TD>0.35</TD>
  </TR>
  <TR>
    <TD>5744.0</TD>
    <TD>240.831</TD>
    <TD>54.99647</TD>
    <TD>1354.399</TD>
    <TD>3790.627</TD>
    <TD>22.9641</TD>
    <TD>0.0913</TD>
    <TD>22.309</TD>
    <TD>0.154</TD>
    <TD>22.309</TD>
    <TD>0.154</TD>
    <TD>0.0</TD>
  </TR>
  <TR>
    <TD>5745.0</TD>
    <TD>240.8385</TD>
    <TD>55.09901</TD>
    <TD>226.902</TD>
    <TD>3761.379</TD>
    <TD>23.2085</TD>
    <TD>0.106</TD>
    <TD>22.9451</TD>
    <TD>0.1519</TD>
    <TD>22.9451</TD>
    <TD>0.1519</TD>
    <TD>0.01</TD>
  </TR>
  <TR>
    <TD>5746.0</TD>
    <TD>240.8768</TD>
    <TD>55.11854</TD>
    <TD>8.009</TD>
    <TD>3526.0</TD>
    <TD>26.2167</TD>
    <TD>0.4725</TD>
    <TD>24.6998</TD>
    <TD>0.5076</TD>
    <TD>24.6998</TD>
    <TD>0.5076</TD>
    <TD>0.35</TD>
  </TR>
  <TR>
    <TD>5747.0</TD>
    <TD>240.8425</TD>
    <TD>55.00549</TD>
    <TD>1254.96</TD>
    <TD>3720.377</TD>
    <TD>22.6303</TD>
    <TD>0.0843</TD>
    <TD>22.291</TD>
    <TD>0.1627</TD>
    <TD>22.291</TD>
    <TD>0.1627</TD>
    <TD>0.0</TD>
  </TR>
  <TR>
    <TD>5748.0</TD>
    <TD>240.8314</TD>
    <TD>55.01263</TD>
    <TD>1177.58</TD>
    <TD>3790.4</TD>
    <TD>23.6678</TD>
    <TD>0.1337</TD>
    <TD>22.9184</TD>
    <TD>0.1971</TD>
    <TD>22.9184</TD>
    <TD>0.1971</TD>
    <TD>0.62</TD>
  </TR>
  <TR>
    <TD>5749.0</TD>
    <TD>240.9393</TD>
    <TD>55.04314</TD>
    <TD>834.447</TD>
    <TD>3124.098</TD>
    <TD>23.0461</TD>
    <TD>0.1023</TD>
    <TD>22.0738</TD>
    <TD>0.1404</TD>
    <TD>22.0738</TD>
    <TD>0.1404</TD>
    <TD>0.0</TD>
  </TR>
  <TR>
    <TD>5750.0</TD>
    <TD>240.9313</TD>
    <TD>55.06049</TD>
    <TD>644.488</TD>
    <TD>3176.521</TD>
    <TD>25.6225</TD>
    <TD>0.318</TD>
    <TD>24.9915</TD>
    <TD>0.4901</TD>
    <TD>24.9915</TD>
    <TD>0.4901</TD>
    <TD>0.36</TD>
  </TR>
  <TR>
    <TD>5751.0</TD>
    <TD>240.8122</TD>
    <TD>55.03212</TD>
    <TD>965.293</TD>
    <TD>3913.226</TD>
    <TD>22.7141</TD>
    <TD>0.0804</TD>
    <TD>22.2643</TD>
    <TD>0.1313</TD>
    <TD>22.2643</TD>
    <TD>0.1313</TD>
    <TD>0.0</TD>
  </TR>
  <TR>
    <TD>5752.0</TD>
    <TD>240.879</TD>
    <TD>54.94093</TD>
    <TD>1956.329</TD>
    <TD>3482.589</TD>
    <TD>22.1319</TD>
    <TD>0.0534</TD>
    <TD>21.8426</TD>
    <TD>0.0845</TD>
    <TD>21.8426</TD>
    <TD>0.0845</TD>
    <TD>0.0</TD>
  </TR>
  <TR>
    <TD>5753.0</TD>
    <TD>240.8614</TD>
    <TD>55.0443</TD>
    <TD>828.192</TD>
    <TD>3609.09</TD>
    <TD>22.0932</TD>
    <TD>0.0587</TD>
    <TD>21.9069</TD>
    <TD>0.0796</TD>
    <TD>21.9069</TD>
    <TD>0.0796</TD>
    <TD>0.0</TD>
  </TR>
  <TR>
    <TD>5754.0</TD>
    <TD>240.8684</TD>
    <TD>54.94961</TD>
    <TD>1862.765</TD>
    <TD>3549.556</TD>
    <TD>24.9651</TD>
    <TD>0.272</TD>
    <TD>23.6049</TD>
    <TD>0.2602</TD>
    <TD>23.6049</TD>
    <TD>0.2602</TD>
    <TD>0.36</TD>
  </TR>
  <TR>
    <TD>5755.0</TD>
    <TD>240.8537</TD>
    <TD>54.9365</TD>
    <TD>2006.549</TD>
    <TD>3638.99</TD>
    <TD>24.7096</TD>
    <TD>0.2164</TD>
    <TD>23.6525</TD>
    <TD>0.2741</TD>
    <TD>23.6525</TD>
    <TD>0.2741</TD>
    <TD>0.41</TD>
  </TR>
  <TR>
    <TD>5756.0</TD>
    <TD>240.8433</TD>
    <TD>55.06623</TD>
    <TD>588.339</TD>
    <TD>3725.691</TD>
    <TD>25.9056</TD>
    <TD>0.3578</TD>
    <TD>24.9512</TD>
    <TD>0.5007</TD>
    <TD>24.9512</TD>
    <TD>0.5007</TD>
    <TD>0.36</TD>
  </TR>
  <TR>
    <TD>5757.0</TD>
    <TD>240.7978</TD>
    <TD>55.11003</TD>
    <TD>107.377</TD>
    <TD>4017.241</TD>
    <TD>25.2643</TD>
    <TD>0.2566</TD>
    <TD>24.9404</TD>
    <TD>0.3016</TD>
    <TD>24.9404</TD>
    <TD>0.3016</TD>
    <TD>0.35</TD>
  </TR>
  <TR>
    <TD>5758.0</TD>
    <TD>240.8363</TD>
    <TD>54.98306</TD>
    <TD>1500.522</TD>
    <TD>3755.236</TD>
    <TD>25.174</TD>
    <TD>0.2952</TD>
    <TD>23.8272</TD>
    <TD>0.3335</TD>
    <TD>23.8272</TD>
    <TD>0.3335</TD>
    <TD>0.35</TD>
  </TR>
  <TR>
    <TD>5759.0</TD>
    <TD>240.822</TD>
    <TD>54.94522</TD>
    <TD>1913.971</TD>
    <TD>3838.0</TD>
    <TD>25.8179</TD>
    <TD>0.3309</TD>
    <TD>25.2029</TD>
    <TD>0.3029</TD>
    <TD>25.2029</TD>
    <TD>0.3029</TD>
    <TD>0.36</TD>
  </TR>
  <TR>
    <TD>5760.0</TD>
    <TD>240.838</TD>
    <TD>55.07587</TD>
    <TD>482.429</TD>
    <TD>3760.215</TD>
    <TD>25.427</TD>
    <TD>0.2965</TD>
    <TD>24.7232</TD>
    <TD>0.4174</TD>
    <TD>24.7232</TD>
    <TD>0.4174</TD>
    <TD>0.36</TD>
  </TR>
  <TR>
    <TD>5761.0</TD>
    <TD>240.8929</TD>
    <TD>55.11611</TD>
    <TD>33.731</TD>
    <TD>3424.976</TD>
    <TD>22.5456</TD>
    <TD>0.0733</TD>
    <TD>22.451</TD>
    <TD>0.1276</TD>
    <TD>22.451</TD>
    <TD>0.1276</TD>
    <TD>0.0</TD>
  </TR>
  <TR>
    <TD>5762.0</TD>
    <TD>240.8129</TD>
    <TD>55.08702</TD>
    <TD>361.0</TD>
    <TD>3918.974</TD>
    <TD>26.0201</TD>
    <TD>0.3962</TD>
    <TD>24.635</TD>
    <TD>0.3901</TD>
    <TD>24.635</TD>
    <TD>0.3901</TD>
    <TD>0.37</TD>
  </TR>
  <TR>
    <TD>5763.0</TD>
    <TD>240.871</TD>
    <TD>54.98103</TD>
    <TD>1520.031</TD>
    <TD>3538.965</TD>
    <TD>23.7209</TD>
    <TD>0.0869</TD>
    <TD>23.7137</TD>
    <TD>0.126</TD>
    <TD>23.7137</TD>
    <TD>0.126</TD>
    <TD>0.9</TD>
  </TR>
  <TR>
    <TD>5764.0</TD>
    <TD>240.9416</TD>
    <TD>55.00112</TD>
    <TD>1294.617</TD>
    <TD>3102.771</TD>
    <TD>25.4394</TD>
    <TD>0.2998</TD>
    <TD>24.2411</TD>
    <TD>0.3829</TD>
    <TD>24.2411</TD>
    <TD>0.3829</TD>
    <TD>0.42</TD>
  </TR>
  <TR>
    <TD>5765.0</TD>
    <TD>240.8291</TD>
    <TD>54.98457</TD>
    <TD>1484.518</TD>
    <TD>3800.258</TD>
    <TD>22.8505</TD>
    <TD>0.0834</TD>
    <TD>22.465</TD>
    <TD>0.1442</TD>
    <TD>22.4908</TD>
    <TD>0.0855</TD>
    <TD>0.0</TD>
  </TR>
  <TR>
    <TD>5766.0</TD>
    <TD>240.9359</TD>
    <TD>55.04885</TD>
    <TD>772.135</TD>
    <TD>3145.882</TD>
    <TD>24.6935</TD>
    <TD>0.203</TD>
    <TD>23.7235</TD>
    <TD>0.2787</TD>
    <TD>23.7235</TD>
    <TD>0.2787</TD>
    <TD>0.49</TD>
  </TR>
  <TR>
    <TD>5767.0</TD>
    <TD>240.8484</TD>
    <TD>55.08988</TD>
    <TD>327.098</TD>
    <TD>3697.904</TD>
    <TD>24.028</TD>
    <TD>0.163</TD>
    <TD>23.4293</TD>
    <TD>0.2524</TD>
    <TD>23.4293</TD>
    <TD>0.2524</TD>
    <TD>0.39</TD>
  </TR>
  <TR>
    <TD>5768.0</TD>
    <TD>240.8456</TD>
    <TD>55.05095</TD>
    <TD>756.291</TD>
    <TD>3708.684</TD>
    <TD>22.1458</TD>
    <TD>0.0589</TD>
    <TD>21.8808</TD>
    <TD>0.098</TD>
    <TD>21.8808</TD>
    <TD>0.098</TD>
    <TD>0.01</TD>
  </TR>
  <TR>
    <TD>5769.0</TD>
    <TD>240.9411</TD>
    <TD>54.94972</TD>
    <TD>1855.318</TD>
    <TD>3097.677</TD>
    <TD>24.6628</TD>
    <TD>0.2349</TD>
    <TD>23.6656</TD>
    <TD>0.2942</TD>
    <TD>23.6656</TD>
    <TD>0.2942</TD>
    <TD>0.35</TD>
  </TR>
  <TR>
    <TD>5770.0</TD>
    <TD>240.8373</TD>
    <TD>55.06764</TD>
    <TD>573.234</TD>
    <TD>3763.562</TD>
    <TD>21.3545</TD>
    <TD>0.0347</TD>
    <TD>21.1808</TD>
    <TD>0.0554</TD>
    <TD>21.1844</TD>
    <TD>0.036</TD>
    <TD>0.01</TD>
  </TR>
  <TR>
    <TD>5771.0</TD>
    <TD>240.7964</TD>
    <TD>54.97914</TD>
    <TD>1545.981</TD>
    <TD>4003.001</TD>
    <TD>24.1542</TD>
    <TD>0.1262</TD>
    <TD>24.0313</TD>
    <TD>0.1673</TD>
    <TD>24.0313</TD>
    <TD>0.1673</TD>
    <TD>0.91</TD>
  </TR>
  <TR>
    <TD>5772.0</TD>
    <TD>240.7958</TD>
    <TD>54.9926</TD>
    <TD>1399.033</TD>
    <TD>4009.208</TD>
    <TD>23.4504</TD>
    <TD>0.1196</TD>
    <TD>23.1393</TD>
    <TD>0.1496</TD>
    <TD>23.1393</TD>
    <TD>0.1496</TD>
    <TD>0.14</TD>
  </TR>
  <TR>
    <TD>5773.0</TD>
    <TD>240.7946</TD>
    <TD>55.00643</TD>
    <TD>1247.786</TD>
    <TD>4019.0</TD>
    <TD>24.9128</TD>
    <TD>0.2336</TD>
    <TD>24.0581</TD>
    <TD>0.4121</TD>
    <TD>24.0581</TD>
    <TD>0.4121</TD>
    <TD>0.04</TD>
  </TR>
  <TR>
    <TD>5774.0</TD>
    <TD>240.8161</TD>
    <TD>55.0078</TD>
    <TD>1231.511</TD>
    <TD>3884.916</TD>
    <TD>24.6331</TD>
    <TD>0.2021</TD>
    <TD>23.6958</TD>
    <TD>0.2384</TD>
    <TD>23.6958</TD>
    <TD>0.2384</TD>
    <TD>0.08</TD>
  </TR>
  <TR>
    <TD>5775.0</TD>
    <TD>240.817</TD>
    <TD>54.96098</TD>
    <TD>1742.721</TD>
    <TD>3871.864</TD>
    <TD>23.4745</TD>
    <TD>0.1222</TD>
    <TD>22.8102</TD>
    <TD>0.2043</TD>
    <TD>22.8102</TD>
    <TD>0.2043</TD>
    <TD>0.67</TD>
  </TR>
  <TR>
    <TD>5776.0</TD>
    <TD>240.7859</TD>
    <TD>55.02555</TD>
    <TD>1038.86</TD>
    <TD>4076.152</TD>
    <TD>24.2683</TD>
    <TD>0.1765</TD>
    <TD>23.5643</TD>
    <TD>0.3036</TD>
    <TD>23.5643</TD>
    <TD>0.3036</TD>
    <TD>0.44</TD>
  </TR>
  <TR>
    <TD>5777.0</TD>
    <TD>240.7979</TD>
    <TD>54.99043</TD>
    <TD>1422.566</TD>
    <TD>3995.244</TD>
    <TD>22.7841</TD>
    <TD>0.0863</TD>
    <TD>22.2885</TD>
    <TD>0.1493</TD>
    <TD>22.2885</TD>
    <TD>0.1493</TD>
    <TD>0.0</TD>
  </TR>
  <TR>
    <TD>5778.0</TD>
    <TD>240.8904</TD>
    <TD>54.95222</TD>
    <TD>1832.53</TD>
    <TD>3413.413</TD>
    <TD>24.1689</TD>
    <TD>0.1665</TD>
    <TD>23.583</TD>
    <TD>0.2507</TD>
    <TD>23.583</TD>
    <TD>0.2507</TD>
    <TD>0.49</TD>
  </TR>
  <TR>
    <TD>5779.0</TD>
    <TD>240.7961</TD>
    <TD>55.05352</TD>
    <TD>731.171</TD>
    <TD>4017.617</TD>
    <TD>22.831</TD>
    <TD>0.0853</TD>
    <TD>22.5742</TD>
    <TD>0.1146</TD>
    <TD>22.5742</TD>
    <TD>0.1146</TD>
    <TD>0.0</TD>
  </TR>
  <TR>
    <TD>5780.0</TD>
    <TD>240.7865</TD>
    <TD>54.95507</TD>
    <TD>1809.081</TD>
    <TD>4060.742</TD>
    <TD>24.2286</TD>
    <TD>0.1704</TD>
    <TD>23.1692</TD>
    <TD>0.2755</TD>
    <TD>23.1692</TD>
    <TD>0.2755</TD>
    <TD>0.47</TD>
  </TR>
  <TR>
    <TD>5781.0</TD>
    <TD>240.8478</TD>
    <TD>55.10471</TD>
    <TD>163.289</TD>
    <TD>3704.262</TD>
    <TD>22.133</TD>
    <TD>0.0612</TD>
    <TD>21.9202</TD>
    <TD>0.1006</TD>
    <TD>21.9202</TD>
    <TD>0.1006</TD>
    <TD>0.0</TD>
  </TR>
  <TR>
    <TD>5782.0</TD>
    <TD>240.8275</TD>
    <TD>54.99846</TD>
    <TD>1332.888</TD>
    <TD>3812.609</TD>
    <TD>22.1524</TD>
    <TD>0.0619</TD>
    <TD>21.4876</TD>
    <TD>0.0995</TD>
    <TD>21.4876</TD>
    <TD>0.0995</TD>
    <TD>0.0</TD>
  </TR>
  <TR>
    <TD>5783.0</TD>
    <TD>240.937</TD>
    <TD>55.08836</TD>
    <TD>336.934</TD>
    <TD>3145.379</TD>
    <TD>25.7492</TD>
    <TD>0.3114</TD>
    <TD>24.7598</TD>
    <TD>0.3076</TD>
    <TD>24.7598</TD>
    <TD>0.3076</TD>
    <TD>0.38</TD>
  </TR>
  <TR>
    <TD>5784.0</TD>
    <TD>240.8267</TD>
    <TD>55.0061</TD>
    <TD>1249.385</TD>
    <TD>3818.511</TD>
    <TD>23.8533</TD>
    <TD>0.1362</TD>
    <TD>22.9383</TD>
    <TD>0.1762</TD>
    <TD>22.9383</TD>
    <TD>0.1762</TD>
    <TD>0.01</TD>
  </TR>
  <TR>
    <TD>5785.0</TD>
    <TD>240.9395</TD>
    <TD>54.9478</TD>
    <TD>1876.384</TD>
    <TD>3107.07</TD>
    <TD>23.5351</TD>
    <TD>0.1309</TD>
    <TD>22.7512</TD>
    <TD>0.1627</TD>
    <TD>22.7512</TD>
    <TD>0.1627</TD>
    <TD>0.54</TD>
  </TR>
  <TR>
    <TD>5786.0</TD>
    <TD>240.798</TD>
    <TD>55.02947</TD>
    <TD>995.231</TD>
    <TD>4001.394</TD>
    <TD>23.8183</TD>
    <TD>0.1383</TD>
    <TD>23.4138</TD>
    <TD>0.2337</TD>
    <TD>23.4138</TD>
    <TD>0.2337</TD>
    <TD>0.41</TD>
  </TR>
  <TR>
    <TD>5787.0</TD>
    <TD>240.7948</TD>
    <TD>55.04684</TD>
    <TD>804.676</TD>
    <TD>4024.324</TD>
    <TD>25.1878</TD>
    <TD>0.2609</TD>
    <TD>25.4958</TD>
    <TD>0.4801</TD>
    <TD>25.4958</TD>
    <TD>0.4801</TD>
    <TD>0.36</TD>
  </TR>
  <TR>
    <TD>5788.0</TD>
    <TD>240.8049</TD>
    <TD>54.95672</TD>
    <TD>1789.908</TD>
    <TD>3946.439</TD>
    <TD>23.6468</TD>
    <TD>0.1288</TD>
    <TD>23.1353</TD>
    <TD>0.1432</TD>
    <TD>23.1353</TD>
    <TD>0.1432</TD>
    <TD>0.04</TD>
  </TR>
  <TR>
    <TD>5789.0</TD>
    <TD>240.9372</TD>
    <TD>55.00745</TD>
    <TD>1225.844</TD>
    <TD>3131.265</TD>
    <TD>24.9969</TD>
    <TD>0.2366</TD>
    <TD>24.3059</TD>
    <TD>0.4037</TD>
    <TD>24.3059</TD>
    <TD>0.4037</TD>
    <TD>0.49</TD>
  </TR>
  <TR>
    <TD>5790.0</TD>
    <TD>240.7849</TD>
    <TD>54.93641</TD>
    <TD>2012.339</TD>
    <TD>4067.667</TD>
    <TD>26.5541</TD>
    <TD>0.6403</TD>
    <TD>24.7024</TD>
    <TD>0.4302</TD>
    <TD>24.7024</TD>
    <TD>0.4302</TD>
    <TD>0.35</TD>
  </TR>
  <TR>
    <TD>5791.0</TD>
    <TD>240.8072</TD>
    <TD>55.11182</TD>
    <TD>87.013</TD>
    <TD>3958.951</TD>
    <TD>25.0127</TD>
    <TD>0.2399</TD>
    <TD>24.2115</TD>
    <TD>0.3483</TD>
    <TD>24.2115</TD>
    <TD>0.3483</TD>
    <TD>0.46</TD>
  </TR>
  <TR>
    <TD>5792.0</TD>
    <TD>240.8076</TD>
    <TD>55.05312</TD>
    <TD>734.847</TD>
    <TD>3945.556</TD>
    <TD>22.8224</TD>
    <TD>0.0862</TD>
    <TD>22.5022</TD>
    <TD>0.1486</TD>
    <TD>22.3832</TD>
    <TD>0.0869</TD>
    <TD>0.0</TD>
  </TR>
  <TR>
    <TD>5793.0</TD>
    <TD>240.7916</TD>
    <TD>55.10861</TD>
    <TD>123.479</TD>
    <TD>4055.732</TD>
    <TD>22.1196</TD>
    <TD>0.064</TD>
    <TD>21.6532</TD>
    <TD>0.119</TD>
    <TD>21.6259</TD>
    <TD>0.0635</TD>
    <TD>0.01</TD>
  </TR>
  <TR>
    <TD>5794.0</TD>
    <TD>240.7969</TD>
    <TD>55.11631</TD>
    <TD>37.852</TD>
    <TD>4024.044</TD>
    <TD>23.3391</TD>
    <TD>0.1131</TD>
    <TD>23.0706</TD>
    <TD>0.1564</TD>
    <TD>23.0706</TD>
    <TD>0.1564</TD>
    <TD>0.06</TD>
  </TR>
  <TR>
    <TD>5795.0</TD>
    <TD>240.8637</TD>
    <TD>55.01478</TD>
    <TD>1151.674</TD>
    <TD>3589.659</TD>
    <TD>25.7806</TD>
    <TD>0.3201</TD>
    <TD>25.0916</TD>
    <TD>0.405</TD>
    <TD>25.0916</TD>
    <TD>0.405</TD>
    <TD>0.38</TD>
  </TR>
  <TR>
    <TD>5796.0</TD>
    <TD>240.8431</TD>
    <TD>55.03864</TD>
    <TD>891.657</TD>
    <TD>3722.328</TD>
    <TD>26.0078</TD>
    <TD>0.3919</TD>
    <TD>25.2761</TD>
    <TD>0.3932</TD>
    <TD>25.2761</TD>
    <TD>0.3932</TD>
    <TD>0.38</TD>
  </TR>
  <TR>
    <TD>5797.0</TD>
    <TD>240.8364</TD>
    <TD>55.07296</TD>
    <TD>514.662</TD>
    <TD>3769.692</TD>
    <TD>24.9806</TD>
    <TD>0.2332</TD>
    <TD>23.8413</TD>
    <TD>0.2897</TD>
    <TD>24.5397</TD>
    <TD>0.2348</TD>
    <TD>0.35</TD>
  </TR>
  <TR>
    <TD>5798.0</TD>
    <TD>240.8321</TD>
    <TD>54.97336</TD>
    <TD>1606.632</TD>
    <TD>3779.698</TD>
    <TD>25.5216</TD>
    <TD>0.2547</TD>
    <TD>25.2873</TD>
    <TD>0.5908</TD>
    <TD>25.2873</TD>
    <TD>0.5908</TD>
    <TD>0.37</TD>
  </TR>
  <TR>
    <TD>5799.0</TD>
    <TD>240.8713</TD>
    <TD>55.0344</TD>
    <TD>936.114</TD>
    <TD>3545.992</TD>
    <TD>23.4679</TD>
    <TD>0.0922</TD>
    <TD>23.4542</TD>
    <TD>0.1683</TD>
    <TD>23.4542</TD>
    <TD>0.1683</TD>
    <TD>0.74</TD>
  </TR>
  <TR>
    <TD>5800.0</TD>
    <TD>240.8716</TD>
    <TD>55.02667</TD>
    <TD>1020.89</TD>
    <TD>3542.544</TD>
    <TD>24.9414</TD>
    <TD>0.2663</TD>
    <TD>23.4448</TD>
    <TD>0.2267</TD>
    <TD>23.4448</TD>
    <TD>0.2267</TD>
    <TD>0.4</TD>
  </TR>
  <TR>
    <TD>5801.0</TD>
    <TD>240.8309</TD>
    <TD>55.03365</TD>
    <TD>947.214</TD>
    <TD>3797.261</TD>
    <TD>24.7307</TD>
    <TD>0.2099</TD>
    <TD>24.3177</TD>
    <TD>0.4184</TD>
    <TD>24.3177</TD>
    <TD>0.4184</TD>
    <TD>0.36</TD>
  </TR>
  <TR>
    <TD>5802.0</TD>
    <TD>240.7992</TD>
    <TD>55.00774</TD>
    <TD>1233.258</TD>
    <TD>3990.647</TD>
    <TD>24.5188</TD>
    <TD>0.1908</TD>
    <TD>24.1045</TD>
    <TD>0.2119</TD>
    <TD>24.1045</TD>
    <TD>0.2119</TD>
    <TD>0.08</TD>
  </TR>
  <TR>
    <TD>5803.0</TD>
    <TD>240.877</TD>
    <TD>54.96884</TD>
    <TD>1652.54</TD>
    <TD>3499.103</TD>
    <TD>24.0968</TD>
    <TD>0.165</TD>
    <TD>22.9506</TD>
    <TD>0.1862</TD>
    <TD>22.9506</TD>
    <TD>0.1862</TD>
    <TD>0.49</TD>
  </TR>
  <TR>
    <TD>5804.0</TD>
    <TD>240.9275</TD>
    <TD>55.04016</TD>
    <TD>868.328</TD>
    <TD>3197.094</TD>
    <TD>23.4812</TD>
    <TD>0.121</TD>
    <TD>22.5883</TD>
    <TD>0.1787</TD>
    <TD>22.5883</TD>
    <TD>0.1787</TD>
    <TD>0.01</TD>
  </TR>
  <TR>
    <TD>5805.0</TD>
    <TD>240.7835</TD>
    <TD>54.96755</TD>
    <TD>1673.253</TD>
    <TD>4081.653</TD>
    <TD>25.3079</TD>
    <TD>0.2113</TD>
    <TD>25.3698</TD>
    <TD>0.3303</TD>
    <TD>25.3698</TD>
    <TD>0.3303</TD>
    <TD>0.48</TD>
  </TR>
  <TR>
    <TD>5806.0</TD>
    <TD>240.9315</TD>
    <TD>54.97594</TD>
    <TD>1570.507</TD>
    <TD>3161.487</TD>
    <TD>25.7045</TD>
    <TD>0.3422</TD>
    <TD>25.4525</TD>
    <TD>0.4615</TD>
    <TD>25.4525</TD>
    <TD>0.4615</TD>
    <TD>0.43</TD>
  </TR>
  <TR>
    <TD>5807.0</TD>
    <TD>240.8235</TD>
    <TD>54.95401</TD>
    <TD>1818.166</TD>
    <TD>3830.262</TD>
    <TD>24.13</TD>
    <TD>0.1654</TD>
    <TD>23.7421</TD>
    <TD>0.3584</TD>
    <TD>23.7421</TD>
    <TD>0.3584</TD>
    <TD>0.49</TD>
  </TR>
  <TR>
    <TD>5808.0</TD>
    <TD>240.826</TD>
    <TD>54.97336</TD>
    <TD>1607.113</TD>
    <TD>3817.344</TD>
    <TD>22.516</TD>
    <TD>0.0746</TD>
    <TD>22.173</TD>
    <TD>0.1312</TD>
    <TD>22.173</TD>
    <TD>0.1312</TD>
    <TD>0.0</TD>
  </TR>
  <TR>
    <TD>5809.0</TD>
    <TD>240.8792</TD>
    <TD>55.10129</TD>
    <TD>198.817</TD>
    <TD>3507.781</TD>
    <TD>20.5451</TD>
    <TD>0.0205</TD>
    <TD>20.4776</TD>
    <TD>0.0251</TD>
    <TD>20.4776</TD>
    <TD>0.0251</TD>
    <TD>0.02</TD>
  </TR>
  <TR>
    <TD>5810.0</TD>
    <TD>240.8724</TD>
    <TD>55.04828</TD>
    <TD>783.62</TD>
    <TD>3541.337</TD>
    <TD>23.9176</TD>
    <TD>0.1578</TD>
    <TD>23.455</TD>
    <TD>0.3457</TD>
    <TD>23.455</TD>
    <TD>0.3457</TD>
    <TD>0.49</TD>
  </TR>
  <TR>
    <TD>5811.0</TD>
    <TD>240.835</TD>
    <TD>55.10524</TD>
    <TD>158.207</TD>
    <TD>3784.206</TD>
    <TD>23.7509</TD>
    <TD>0.1359</TD>
    <TD>23.4713</TD>
    <TD>0.1836</TD>
    <TD>23.4713</TD>
    <TD>0.1836</TD>
    <TD>0.54</TD>
  </TR>
  <TR>
    <TD>5812.0</TD>
    <TD>240.8427</TD>
    <TD>54.98753</TD>
    <TD>1451.186</TD>
    <TD>3715.959</TD>
    <TD>25.3609</TD>
    <TD>0.3277</TD>
    <TD>23.4773</TD>
    <TD>0.2504</TD>
    <TD>23.4773</TD>
    <TD>0.2504</TD>
    <TD>0.35</TD>
  </TR>
  <TR>
    <TD>5813.0</TD>
    <TD>240.8178</TD>
    <TD>54.93663</TD>
    <TD>2007.722</TD>
    <TD>3862.678</TD>
    <TD>24.1896</TD>
    <TD>0.1696</TD>
    <TD>23.0726</TD>
    <TD>0.2543</TD>
    <TD>23.0726</TD>
    <TD>0.2543</TD>
    <TD>0.59</TD>
  </TR>
  <TR>
    <TD>5814.0</TD>
    <TD>240.8637</TD>
    <TD>55.0754</TD>
    <TD>485.827</TD>
    <TD>3599.922</TD>
    <TD>25.1833</TD>
    <TD>0.2156</TD>
    <TD>25.0676</TD>
    <TD>0.2983</TD>
    <TD>25.0676</TD>
    <TD>0.2983</TD>
    <TD>0.64</TD>
  </TR>
  <TR>
    <TD>5815.0</TD>
    <TD>240.8158</TD>
    <TD>54.97243</TD>
    <TD>1617.969</TD>
    <TD>3880.904</TD>
    <TD>19.5707</TD>
    <TD>0.0102</TD>
    <TD>19.5472</TD>
    <TD>0.0115</TD>
    <TD>19.5472</TD>
    <TD>0.0115</TD>
    <TD>0.03</TD>
  </TR>
  <TR>
    <TD>5816.0</TD>
    <TD>240.7977</TD>
    <TD>55.01109</TD>
    <TD>1196.655</TD>
    <TD>3999.992</TD>
    <TD>26.3204</TD>
    <TD>0.5187</TD>
    <TD>25.3269</TD>
    <TD>0.7622</TD>
    <TD>25.3269</TD>
    <TD>0.7622</TD>
    <TD>0.35</TD>
  </TR>
  <TR>
    <TD>5817.0</TD>
    <TD>240.836</TD>
    <TD>54.94716</TD>
    <TD>1891.868</TD>
    <TD>3751.285</TD>
    <TD>22.7803</TD>
    <TD>0.0875</TD>
    <TD>22.435</TD>
    <TD>0.1523</TD>
    <TD>22.435</TD>
    <TD>0.1523</TD>
    <TD>0.0</TD>
  </TR>
  <TR>
    <TD>5818.0</TD>
    <TD>240.7874</TD>
    <TD>54.95452</TD>
    <TD>1815.03</TD>
    <TD>4055.3</TD>
    <TD>23.2024</TD>
    <TD>0.1142</TD>
    <TD>22.4286</TD>
    <TD>0.1763</TD>
    <TD>22.4286</TD>
    <TD>0.1763</TD>
    <TD>0.38</TD>
  </TR>
  <TR>
    <TD>5819.0</TD>
    <TD>240.8301</TD>
    <TD>55.10943</TD>
    <TD>112.112</TD>
    <TD>3815.745</TD>
    <TD>21.9359</TD>
    <TD>0.0501</TD>
    <TD>21.7744</TD>
    <TD>0.0705</TD>
    <TD>21.7744</TD>
    <TD>0.0705</TD>
    <TD>0.0</TD>
  </TR>
  <TR>
    <TD>5820.0</TD>
    <TD>240.9377</TD>
    <TD>55.10684</TD>
    <TD>132.522</TD>
    <TD>3144.447</TD>
    <TD>25.6018</TD>
    <TD>0.3122</TD>
    <TD>25.0402</TD>
    <TD>0.3176</TD>
    <TD>25.0402</TD>
    <TD>0.3176</TD>
    <TD>0.37</TD>
  </TR>
  <TR>
    <TD>5821.0</TD>
    <TD>240.8237</TD>
    <TD>54.97545</TD>
    <TD>1584.484</TD>
    <TD>3832.479</TD>
    <TD>25.6092</TD>
    <TD>0.3143</TD>
    <TD>25.1778</TD>
    <TD>0.3597</TD>
    <TD>25.1778</TD>
    <TD>0.3597</TD>
    <TD>0.35</TD>
  </TR>
  <TR>
    <TD>5822.0</TD>
    <TD>240.8277</TD>
    <TD>55.01845</TD>
    <TD>1114.059</TD>
    <TD>3814.506</TD>
    <TD>21.8755</TD>
    <TD>0.0485</TD>
    <TD>21.7849</TD>
    <TD>0.0761</TD>
    <TD>21.7849</TD>
    <TD>0.0761</TD>
    <TD>0.0</TD>
  </TR>
  <TR>
    <TD>5823.0</TD>
    <TD>240.8735</TD>
    <TD>54.96999</TD>
    <TD>1640.232</TD>
    <TD>3521.098</TD>
    <TD>20.0917</TD>
    <TD>0.0177</TD>
    <TD>20.0102</TD>
    <TD>0.0222</TD>
    <TD>20.0102</TD>
    <TD>0.0222</TD>
    <TD>0.01</TD>
  </TR>
  <TR>
    <TD>5824.0</TD>
    <TD>240.8362</TD>
    <TD>55.07271</TD>
    <TD>517.422</TD>
    <TD>3771.296</TD>
    <TD>24.7751</TD>
    <TD>0.2067</TD>
    <TD>23.6295</TD>
    <TD>0.2558</TD>
    <TD>23.6295</TD>
    <TD>0.2558</TD>
    <TD>0.43</TD>
  </TR>
  <TR>
    <TD>5825.0</TD>
    <TD>240.9373</TD>
    <TD>55.05596</TD>
    <TD>693.791</TD>
    <TD>3138.646</TD>
    <TD>23.1841</TD>
    <TD>0.0998</TD>
    <TD>22.7414</TD>
    <TD>0.1419</TD>
    <TD>22.7414</TD>
    <TD>0.1419</TD>
    <TD>0.01</TD>
  </TR>
  <TR>
    <TD>5826.0</TD>
    <TD>240.8396</TD>
    <TD>55.10769</TD>
    <TD>130.82</TD>
    <TD>3755.739</TD>
    <TD>21.9843</TD>
    <TD>0.0533</TD>
    <TD>21.5351</TD>
    <TD>0.0861</TD>
    <TD>21.5351</TD>
    <TD>0.0861</TD>
    <TD>0.01</TD>
  </TR>
  <TR>
    <TD>5827.0</TD>
    <TD>240.8332</TD>
    <TD>55.05991</TD>
    <TD>658.522</TD>
    <TD>3787.686</TD>
    <TD>23.2682</TD>
    <TD>0.1118</TD>
    <TD>22.7249</TD>
    <TD>0.1526</TD>
    <TD>22.7249</TD>
    <TD>0.1526</TD>
    <TD>0.03</TD>
  </TR>
  <TR>
    <TD>5828.0</TD>
    <TD>240.8294</TD>
    <TD>55.03328</TD>
    <TD>951.362</TD>
    <TD>3806.432</TD>
    <TD>23.6167</TD>
    <TD>0.1277</TD>
    <TD>22.6798</TD>
    <TD>0.1784</TD>
    <TD>22.6798</TD>
    <TD>0.1784</TD>
    <TD>0.12</TD>
  </TR>
  <TR>
    <TD>5829.0</TD>
    <TD>240.8032</TD>
    <TD>55.06505</TD>
    <TD>603.891</TD>
    <TD>3975.47</TD>
    <TD>23.1413</TD>
    <TD>0.1011</TD>
    <TD>22.5724</TD>
    <TD>0.1546</TD>
    <TD>22.5724</TD>
    <TD>0.1546</TD>
    <TD>0.01</TD>
  </TR>
  <TR>
    <TD>5830.0</TD>
    <TD>240.8186</TD>
    <TD>54.95418</TD>
    <TD>1816.655</TD>
    <TD>3860.318</TD>
    <TD>26.1129</TD>
    <TD>0.4305</TD>
    <TD>24.992</TD>
    <TD>0.4258</TD>
    <TD>24.992</TD>
    <TD>0.4258</TD>
    <TD>0.36</TD>
  </TR>
  <TR>
    <TD>5831.0</TD>
    <TD>240.8296</TD>
    <TD>54.98533</TD>
    <TD>1476.235</TD>
    <TD>3797.276</TD>
    <TD>21.8586</TD>
    <TD>0.0515</TD>
    <TD>21.7153</TD>
    <TD>0.0885</TD>
    <TD>21.5364</TD>
    <TD>0.0531</TD>
    <TD>0.0</TD>
  </TR>
  <TR>
    <TD>5832.0</TD>
    <TD>240.9416</TD>
    <TD>54.98088</TD>
    <TD>1515.727</TD>
    <TD>3099.284</TD>
    <TD>24.3445</TD>
    <TD>0.1829</TD>
    <TD>23.4836</TD>
    <TD>0.2948</TD>
    <TD>23.4836</TD>
    <TD>0.2948</TD>
    <TD>0.41</TD>
  </TR>
  <TR>
    <TD>5833.0</TD>
    <TD>240.9349</TD>
    <TD>54.94571</TD>
    <TD>1899.467</TD>
    <TD>3135.513</TD>
    <TD>24.5188</TD>
    <TD>0.1988</TD>
    <TD>24.4435</TD>
    <TD>0.3234</TD>
    <TD>24.4435</TD>
    <TD>0.3234</TD>
    <TD>0.48</TD>
  </TR>
  <TR>
    <TD>5834.0</TD>
    <TD>240.8203</TD>
    <TD>54.96733</TD>
    <TD>1673.206</TD>
    <TD>3852.273</TD>
    <TD>25.0234</TD>
    <TD>0.2422</TD>
    <TD>23.7379</TD>
    <TD>0.2745</TD>
    <TD>23.7379</TD>
    <TD>0.2745</TD>
    <TD>0.37</TD>
  </TR>
  <TR>
    <TD>5835.0</TD>
    <TD>240.8273</TD>
    <TD>55.06776</TD>
    <TD>572.561</TD>
    <TD>3825.734</TD>
    <TD>25.0095</TD>
    <TD>0.2831</TD>
    <TD>24.2983</TD>
    <TD>0.4085</TD>
    <TD>24.2983</TD>
    <TD>0.4085</TD>
    <TD>0.38</TD>
  </TR>
  <TR>
    <TD>5836.0</TD>
    <TD>240.9399</TD>
    <TD>54.97967</TD>
    <TD>1529.046</TD>
    <TD>3109.798</TD>
    <TD>24.096</TD>
    <TD>0.1691</TD>
    <TD>23.3554</TD>
    <TD>0.2389</TD>
    <TD>23.3554</TD>
    <TD>0.2389</TD>
    <TD>0.55</TD>
  </TR>
  <TR>
    <TD>5837.0</TD>
    <TD>240.832</TD>
    <TD>54.94366</TD>
    <TD>1930.279</TD>
    <TD>3775.37</TD>
    <TD>24.4879</TD>
    <TD>0.1934</TD>
    <TD>23.9019</TD>
    <TD>0.3281</TD>
    <TD>23.9019</TD>
    <TD>0.3281</TD>
    <TD>0.36</TD>
  </TR>
  <TR>
    <TD>5838.0</TD>
    <TD>240.8315</TD>
    <TD>54.95713</TD>
    <TD>1783.667</TD>
    <TD>3780.708</TD>
    <TD>25.9977</TD>
    <TD>0.3884</TD>
    <TD>24.7739</TD>
    <TD>0.4018</TD>
    <TD>24.7739</TD>
    <TD>0.4018</TD>
    <TD>0.37</TD>
  </TR>
  <TR>
    <TD>5839.0</TD>
    <TD>240.8173</TD>
    <TD>55.02719</TD>
    <TD>1018.94</TD>
    <TD>3881.07</TD>
    <TD>24.0783</TD>
    <TD>0.1181</TD>
    <TD>24.1481</TD>
    <TD>0.1858</TD>
    <TD>24.1481</TD>
    <TD>0.1858</TD>
    <TD>0.77</TD>
  </TR>
  <TR>
    <TD>5840.0</TD>
    <TD>240.9341</TD>
    <TD>55.08006</TD>
    <TD>428.676</TD>
    <TD>3162.328</TD>
    <TD>24.4094</TD>
    <TD>0.1872</TD>
    <TD>24.0504</TD>
    <TD>0.2402</TD>
    <TD>23.8719</TD>
    <TD>0.1832</TD>
    <TD>0.56</TD>
  </TR>
  <TR>
    <TD>5841.0</TD>
    <TD>240.8138</TD>
    <TD>55.11766</TD>
    <TD>21.964</TD>
    <TD>3919.032</TD>
    <TD>24.771</TD>
    <TD>0.2286</TD>
    <TD>24.4892</TD>
    <TD>0.3372</TD>
    <TD>24.4892</TD>
    <TD>0.3372</TD>
    <TD>0.42</TD>
  </TR>
  <TR>
    <TD>5842.0</TD>
    <TD>240.8225</TD>
    <TD>55.07709</TD>
    <TD>469.977</TD>
    <TD>3857.461</TD>
    <TD>24.5146</TD>
    <TD>0.1641</TD>
    <TD>24.6812</TD>
    <TD>0.2791</TD>
    <TD>24.6812</TD>
    <TD>0.2791</TD>
    <TD>0.59</TD>
  </TR>
  <TR>
    <TD>5843.0</TD>
    <TD>240.8353</TD>
    <TD>55.08189</TD>
    <TD>416.195</TD>
    <TD>3778.113</TD>
    <TD>22.3203</TD>
    <TD>0.0656</TD>
    <TD>21.8986</TD>
    <TD>0.0975</TD>
    <TD>21.8986</TD>
    <TD>0.0975</TD>
    <TD>0.01</TD>
  </TR>
  <TR>
    <TD>5844.0</TD>
    <TD>240.9383</TD>
    <TD>54.95802</TD>
    <TD>1765.202</TD>
    <TD>3116.398</TD>
    <TD>22.0993</TD>
    <TD>0.0626</TD>
    <TD>21.8645</TD>
    <TD>0.0858</TD>
    <TD>21.8645</TD>
    <TD>0.0858</TD>
    <TD>0.0</TD>
  </TR>
  <TR>
    <TD>5845.0</TD>
    <TD>240.799</TD>
    <TD>55.05746</TD>
    <TD>687.694</TD>
    <TD>4000.325</TD>
    <TD>22.2598</TD>
    <TD>0.0606</TD>
    <TD>21.996</TD>
    <TD>0.087</TD>
    <TD>21.996</TD>
    <TD>0.087</TD>
    <TD>0.01</TD>
  </TR>
  <TR>
    <TD>5846.0</TD>
    <TD>240.8167</TD>
    <TD>54.93383</TD>
    <TD>2038.271</TD>
    <TD>3869.345</TD>
    <TD>25.8612</TD>
    <TD>0.3439</TD>
    <TD>24.3351</TD>
    <TD>0.3183</TD>
    <TD>24.3351</TD>
    <TD>0.3183</TD>
    <TD>0.36</TD>
  </TR>
  <TR>
    <TD>5847.0</TD>
    <TD>240.927</TD>
    <TD>55.07179</TD>
    <TD>520.547</TD>
    <TD>3205.006</TD>
    <TD>24.9829</TD>
    <TD>0.2336</TD>
    <TD>24.028</TD>
    <TD>0.3648</TD>
    <TD>24.54</TD>
    <TD>0.2352</TD>
    <TD>0.36</TD>
  </TR>
  <TR>
    <TD>5848.0</TD>
    <TD>240.8128</TD>
    <TD>55.06573</TD>
    <TD>595.753</TD>
    <TD>3915.638</TD>
    <TD>25.3251</TD>
    <TD>0.2708</TD>
    <TD>24.6193</TD>
    <TD>0.4259</TD>
    <TD>24.6193</TD>
    <TD>0.4259</TD>
    <TD>0.38</TD>
  </TR>
  <TR>
    <TD>5849.0</TD>
    <TD>240.8082</TD>
    <TD>55.11541</TD>
    <TD>47.267</TD>
    <TD>3953.654</TD>
    <TD>25.7266</TD>
    <TD>0.3052</TD>
    <TD>25.0468</TD>
    <TD>0.4192</TD>
    <TD>25.0468</TD>
    <TD>0.4192</TD>
    <TD>0.4</TD>
  </TR>
  <TR>
    <TD>5850.0</TD>
    <TD>240.8759</TD>
    <TD>55.1025</TD>
    <TD>185.646</TD>
    <TD>3528.713</TD>
    <TD>21.601</TD>
    <TD>0.0469</TD>
    <TD>20.874</TD>
    <TD>0.0788</TD>
    <TD>21.2425</TD>
    <TD>0.0481</TD>
    <TD>0.0</TD>
  </TR>
  <TR>
    <TD>5851.0</TD>
    <TD>240.801</TD>
    <TD>54.96877</TD>
    <TD>1658.82</TD>
    <TD>3972.888</TD>
    <TD>23.6264</TD>
    <TD>0.0873</TD>
    <TD>23.5638</TD>
    <TD>0.1127</TD>
    <TD>23.5638</TD>
    <TD>0.1127</TD>
    <TD>0.7</TD>
  </TR>
  <TR>
    <TD>5852.0</TD>
    <TD>240.8139</TD>
    <TD>54.96906</TD>
    <TD>1654.841</TD>
    <TD>3892.266</TD>
    <TD>23.237</TD>
    <TD>0.1087</TD>
    <TD>22.7035</TD>
    <TD>0.2235</TD>
    <TD>22.7035</TD>
    <TD>0.2235</TD>
    <TD>0.03</TD>
  </TR>
  <TR>
    <TD>5853.0</TD>
    <TD>240.8081</TD>
    <TD>54.96463</TD>
    <TD>1703.486</TD>
    <TD>3927.485</TD>
    <TD>24.9154</TD>
    <TD>0.2342</TD>
    <TD>23.9099</TD>
    <TD>0.2362</TD>
    <TD>23.9099</TD>
    <TD>0.2362</TD>
    <TD>0.39</TD>
  </TR>
  <TR>
    <TD>5854.0</TD>
    <TD>240.9461</TD>
    <TD>55.049</TD>
    <TD>769.506</TD>
    <TD>3082.482</TD>
    <TD>25.555</TD>
    <TD>0.2995</TD>
    <TD>24.5669</TD>
    <TD>0.4223</TD>
    <TD>24.5669</TD>
    <TD>0.4223</TD>
    <TD>0.35</TD>
  </TR>
  <TR>
    <TD>5855.0</TD>
    <TD>240.815</TD>
    <TD>55.03571</TD>
    <TD>925.652</TD>
    <TD>3896.692</TD>
    <TD>26.2007</TD>
    <TD>0.4658</TD>
    <TD>25.2312</TD>
    <TD>0.3776</TD>
    <TD>25.2312</TD>
    <TD>0.3776</TD>
    <TD>0.35</TD>
  </TR>
  <TR>
    <TD>5856.0</TD>
    <TD>240.8084</TD>
    <TD>54.96113</TD>
    <TD>1741.69</TD>
    <TD>3925.059</TD>
    <TD>23.9606</TD>
    <TD>0.1498</TD>
    <TD>23.2053</TD>
    <TD>0.2122</TD>
    <TD>23.2053</TD>
    <TD>0.2122</TD>
    <TD>0.38</TD>
  </TR>
  <TR>
    <TD>5857.0</TD>
    <TD>240.8128</TD>
    <TD>55.08867</TD>
    <TD>342.764</TD>
    <TD>3920.027</TD>
    <TD>25.5508</TD>
    <TD>0.2983</TD>
    <TD>24.7729</TD>
    <TD>0.389</TD>
    <TD>24.7729</TD>
    <TD>0.389</TD>
    <TD>0.41</TD>
  </TR>
  <TR>
    <TD>5858.0</TD>
    <TD>240.8233</TD>
    <TD>55.11168</TD>
    <TD>87.659</TD>
    <TD>3858.288</TD>
    <TD>25.603</TD>
    <TD>0.2736</TD>
    <TD>25.3916</TD>
    <TD>0.3131</TD>
    <TD>25.3916</TD>
    <TD>0.3131</TD>
    <TD>0.4</TD>
  </TR>
  <TR>
    <TD>5859.0</TD>
    <TD>240.7836</TD>
    <TD>55.03919</TD>
    <TD>889.356</TD>
    <TD>4093.3</TD>
    <TD>26.0351</TD>
    <TD>0.4016</TD>
    <TD>24.6896</TD>
    <TD>0.3424</TD>
    <TD>24.6896</TD>
    <TD>0.3424</TD>
    <TD>0.35</TD>
  </TR>
  <TR>
    <TD>5860.0</TD>
    <TD>240.8055</TD>
    <TD>54.99035</TD>
    <TD>1422.956</TD>
    <TD>3948.305</TD>
    <TD>23.1225</TD>
    <TD>0.1029</TD>
    <TD>23.2369</TD>
    <TD>0.2594</TD>
    <TD>23.2369</TD>
    <TD>0.2594</TD>
    <TD>0.63</TD>
  </TR>
  <TR>
    <TD>5861.0</TD>
    <TD>240.8432</TD>
    <TD>55.01371</TD>
    <TD>1164.918</TD>
    <TD>3717.35</TD>
    <TD>24.0483</TD>
    <TD>0.1621</TD>
    <TD>23.2267</TD>
    <TD>0.2438</TD>
    <TD>23.2267</TD>
    <TD>0.2438</TD>
    <TD>0.62</TD>
  </TR>
  <TR>
    <TD>5862.0</TD>
    <TD>240.7938</TD>
    <TD>54.9802</TD>
    <TD>1534.631</TD>
    <TD>4019.652</TD>
    <TD>22.9446</TD>
    <TD>0.097</TD>
    <TD>22.4105</TD>
    <TD>0.1293</TD>
    <TD>22.4105</TD>
    <TD>0.1293</TD>
    <TD>0.0</TD>
  </TR>
  <TR>
    <TD>5863.0</TD>
    <TD>240.8657</TD>
    <TD>55.07637</TD>
    <TD>475.026</TD>
    <TD>3587.806</TD>
    <TD>24.1002</TD>
    <TD>0.1698</TD>
    <TD>23.264</TD>
    <TD>0.2359</TD>
    <TD>23.264</TD>
    <TD>0.2359</TD>
    <TD>0.49</TD>
  </TR>
  <TR>
    <TD>5864.0</TD>
    <TD>240.7925</TD>
    <TD>54.96985</TD>
    <TD>1647.564</TD>
    <TD>4025.892</TD>
    <TD>23.9763</TD>
    <TD>0.152</TD>
    <TD>23.4078</TD>
    <TD>0.1756</TD>
    <TD>23.4078</TD>
    <TD>0.1756</TD>
    <TD>0.01</TD>
  </TR>
  <TR>
    <TD>5865.0</TD>
    <TD>240.7916</TD>
    <TD>55.09666</TD>
    <TD>255.707</TD>
    <TD>4053.473</TD>
    <TD>24.6281</TD>
    <TD>0.2012</TD>
    <TD>24.0683</TD>
    <TD>0.3908</TD>
    <TD>24.0683</TD>
    <TD>0.3908</TD>
    <TD>0.39</TD>
  </TR>
  <TR>
    <TD>5866.0</TD>
    <TD>240.9375</TD>
    <TD>54.97808</TD>
    <TD>1546.665</TD>
    <TD>3124.68</TD>
    <TD>26.0283</TD>
    <TD>0.3991</TD>
    <TD>24.3415</TD>
    <TD>0.3131</TD>
    <TD>24.3415</TD>
    <TD>0.3131</TD>
    <TD>0.36</TD>
  </TR>
  <TR>
    <TD>5867.0</TD>
    <TD>240.9382</TD>
    <TD>55.07419</TD>
    <TD>493.023</TD>
    <TD>3135.689</TD>
    <TD>21.9443</TD>
    <TD>0.0543</TD>
    <TD>21.7144</TD>
    <TD>0.0727</TD>
    <TD>21.6025</TD>
    <TD>0.0558</TD>
    <TD>0.01</TD>
  </TR>
  <TR>
    <TD>5868.0</TD>
    <TD>240.9362</TD>
    <TD>55.11833</TD>
    <TD>5.511</TD>
    <TD>3155.501</TD>
    <TD>22.6816</TD>
    <TD>0.0833</TD>
    <TD>22.555</TD>
    <TD>0.1249</TD>
    <TD>22.555</TD>
    <TD>0.1249</TD>
    <TD>0.63</TD>
  </TR>
  <TR>
    <TD>5869.0</TD>
    <TD>240.9371</TD>
    <TD>55.10294</TD>
    <TD>175.797</TD>
    <TD>3147.262</TD>
    <TD>18.6476</TD>
    <TD>0.0056</TD>
    <TD>18.6275</TD>
    <TD>0.0059</TD>
    <TD>18.6261</TD>
    <TD>0.0057</TD>
    <TD>0.03</TD>
  </TR>
  <TR>
    <TD>5870.0</TD>
    <TD>240.8724</TD>
    <TD>55.03025</TD>
    <TD>981.574</TD>
    <TD>3538.479</TD>
    <TD>24.9629</TD>
    <TD>0.2583</TD>
    <TD>23.5912</TD>
    <TD>0.2634</TD>
    <TD>23.5912</TD>
    <TD>0.2634</TD>
    <TD>0.48</TD>
  </TR>
  <TR>
    <TD>5871.0</TD>
    <TD>240.8723</TD>
    <TD>55.04945</TD>
    <TD>770.826</TD>
    <TD>3541.902</TD>
    <TD>21.2058</TD>
    <TD>0.0299</TD>
    <TD>21.0754</TD>
    <TD>0.041</TD>
    <TD>21.0754</TD>
    <TD>0.041</TD>
    <TD>0.01</TD>
  </TR>
  <TR>
    <TD>5872.0</TD>
    <TD>240.8239</TD>
    <TD>54.98378</TD>
    <TD>1493.463</TD>
    <TD>3832.192</TD>
    <TD>23.3499</TD>
    <TD>0.1141</TD>
    <TD>23.0668</TD>
    <TD>0.1408</TD>
    <TD>23.0668</TD>
    <TD>0.1408</TD>
    <TD>0.67</TD>
  </TR>
  <TR>
    <TD>5873.0</TD>
    <TD>240.8164</TD>
    <TD>54.95584</TD>
    <TD>1798.703</TD>
    <TD>3874.672</TD>
    <TD>25.7939</TD>
    <TD>0.3239</TD>
    <TD>25.2812</TD>
    <TD>0.2836</TD>
    <TD>25.2812</TD>
    <TD>0.2836</TD>
    <TD>0.36</TD>
  </TR>
  <TR>
    <TD>5874.0</TD>
    <TD>240.9395</TD>
    <TD>55.03457</TD>
    <TD>928.507</TD>
    <TD>3121.031</TD>
    <TD>24.961</TD>
    <TD>0.2133</TD>
    <TD>24.1856</TD>
    <TD>0.3522</TD>
    <TD>24.1856</TD>
    <TD>0.3522</TD>
    <TD>0.39</TD>
  </TR>
  <TR>
    <TD>5875.0</TD>
    <TD>240.8393</TD>
    <TD>55.06168</TD>
    <TD>638.671</TD>
    <TD>3749.514</TD>
    <TD>21.7347</TD>
    <TD>0.0439</TD>
    <TD>21.7358</TD>
    <TD>0.0608</TD>
    <TD>21.7358</TD>
    <TD>0.0608</TD>
    <TD>0.0</TD>
  </TR>
  <TR>
    <TD>5876.0</TD>
    <TD>240.8225</TD>
    <TD>55.06906</TD>
    <TD>558.492</TD>
    <TD>3855.515</TD>
    <TD>25.538</TD>
    <TD>0.295</TD>
    <TD>25.1289</TD>
    <TD>0.5558</TD>
    <TD>25.1289</TD>
    <TD>0.5558</TD>
    <TD>0.37</TD>
  </TR>
  <TR>
    <TD>5877.0</TD>
    <TD>240.8672</TD>
    <TD>55.05999</TD>
    <TD>655.32</TD>
    <TD>3575.337</TD>
    <TD>25.934</TD>
    <TD>0.3669</TD>
    <TD>24.7236</TD>
    <TD>0.3718</TD>
    <TD>24.7236</TD>
    <TD>0.3718</TD>
    <TD>0.37</TD>
  </TR>
  <TR>
    <TD>5878.0</TD>
    <TD>240.8671</TD>
    <TD>54.95659</TD>
    <TD>1786.799</TD>
    <TD>3559.151</TD>
    <TD>24.5439</TD>
    <TD>0.2111</TD>
    <TD>23.1168</TD>
    <TD>0.2441</TD>
    <TD>23.1168</TD>
    <TD>0.2441</TD>
    <TD>0.38</TD>
  </TR>
  <TR>
    <TD>5879.0</TD>
    <TD>240.8281</TD>
    <TD>54.96122</TD>
    <TD>1739.28</TD>
    <TD>3802.666</TD>
    <TD>25.914</TD>
    <TD>0.3604</TD>
    <TD>24.7218</TD>
    <TD>0.406</TD>
    <TD>24.7218</TD>
    <TD>0.406</TD>
    <TD>0.36</TD>
  </TR>
  <TR>
    <TD>5880.0</TD>
    <TD>240.8476</TD>
    <TD>55.1151</TD>
    <TD>48.192</TD>
    <TD>3707.678</TD>
    <TD>20.5718</TD>
    <TD>0.0215</TD>
    <TD>20.5095</TD>
    <TD>0.031</TD>
    <TD>20.5095</TD>
    <TD>0.031</TD>
    <TD>0.02</TD>
  </TR>
  <TR>
    <TD>5881.0</TD>
    <TD>240.9327</TD>
    <TD>55.08517</TD>
    <TD>372.491</TD>
    <TD>3171.584</TD>
    <TD>25.5306</TD>
    <TD>0.293</TD>
    <TD>25.0334</TD>
    <TD>0.3157</TD>
    <TD>25.0334</TD>
    <TD>0.3157</TD>
    <TD>0.4</TD>
  </TR>
  <TR>
    <TD>5882.0</TD>
    <TD>240.8713</TD>
    <TD>54.97893</TD>
    <TD>1542.934</TD>
    <TD>3536.564</TD>
    <TD>21.2786</TD>
    <TD>0.0316</TD>
    <TD>21.1801</TD>
    <TD>0.0404</TD>
    <TD>21.1801</TD>
    <TD>0.0404</TD>
    <TD>0.01</TD>
  </TR>
  <TR>
    <TD>5883.0</TD>
    <TD>240.9443</TD>
    <TD>55.08428</TD>
    <TD>381.198</TD>
    <TD>3099.345</TD>
    <TD>24.0996</TD>
    <TD>0.1654</TD>
    <TD>23.0005</TD>
    <TD>0.2328</TD>
    <TD>23.0005</TD>
    <TD>0.2328</TD>
    <TD>0.51</TD>
  </TR>
  <TR>
    <TD>5884.0</TD>
    <TD>240.8044</TD>
    <TD>54.93814</TD>
    <TD>1992.289</TD>
    <TD>3946.671</TD>
    <TD>25.7876</TD>
    <TD>0.3221</TD>
    <TD>25.3191</TD>
    <TD>0.4089</TD>
    <TD>25.3191</TD>
    <TD>0.4089</TD>
    <TD>0.36</TD>
  </TR>
  <TR>
    <TD>5885.0</TD>
    <TD>240.7936</TD>
    <TD>55.0918</TD>
    <TD>309.328</TD>
    <TD>4040.308</TD>
    <TD>25.8281</TD>
    <TD>0.3339</TD>
    <TD>25.2486</TD>
    <TD>0.2755</TD>
    <TD>25.2486</TD>
    <TD>0.2755</TD>
    <TD>0.43</TD>
  </TR>
  <TR>
    <TD>5886.0</TD>
    <TD>240.8221</TD>
    <TD>54.93356</TD>
    <TD>2040.84</TD>
    <TD>3835.748</TD>
    <TD>24.4403</TD>
    <TD>0.1993</TD>
    <TD>23.2232</TD>
    <TD>0.2183</TD>
    <TD>23.2232</TD>
    <TD>0.2183</TD>
    <TD>0.44</TD>
  </TR>
  <TR>
    <TD>5887.0</TD>
    <TD>240.8418</TD>
    <TD>55.09657</TD>
    <TD>253.682</TD>
    <TD>3740.111</TD>
    <TD>24.9813</TD>
    <TD>0.2172</TD>
    <TD>23.7306</TD>
    <TD>0.2576</TD>
    <TD>23.7306</TD>
    <TD>0.2576</TD>
    <TD>0.38</TD>
  </TR>
  <TR>
    <TD>5888.0</TD>
    <TD>240.8076</TD>
    <TD>55.00211</TD>
    <TD>1294.325</TD>
    <TD>3936.762</TD>
    <TD>21.3768</TD>
    <TD>0.0399</TD>
    <TD>21.3035</TD>
    <TD>0.0561</TD>
    <TD>21.3035</TD>
    <TD>0.0561</TD>
    <TD>0.0</TD>
  </TR>
  <TR>
    <TD>5889.0</TD>
    <TD>240.8331</TD>
    <TD>55.1019</TD>
    <TD>195.337</TD>
    <TD>3795.551</TD>
    <TD>24.6307</TD>
    <TD>0.2017</TD>
    <TD>23.3121</TD>
    <TD>0.2289</TD>
    <TD>23.3121</TD>
    <TD>0.2289</TD>
    <TD>0.37</TD>
  </TR>
  <TR>
    <TD>5890.0</TD>
    <TD>240.8504</TD>
    <TD>54.95946</TD>
    <TD>1756.891</TD>
    <TD>3663.521</TD>
    <TD>24.3189</TD>
    <TD>0.1847</TD>
    <TD>23.2056</TD>
    <TD>0.238</TD>
    <TD>23.2056</TD>
    <TD>0.238</TD>
    <TD>0.23</TD>
  </TR>
  <TR>
    <TD>5891.0</TD>
    <TD>240.9403</TD>
    <TD>55.04746</TD>
    <TD>787.014</TD>
    <TD>3118.244</TD>
    <TD>23.7284</TD>
    <TD>0.1359</TD>
    <TD>22.9543</TD>
    <TD>0.1863</TD>
    <TD>22.9543</TD>
    <TD>0.1863</TD>
    <TD>0.56</TD>
  </TR>
  <TR>
    <TD>5892.0</TD>
    <TD>240.8028</TD>
    <TD>55.10673</TD>
    <TD>143.635</TD>
    <TD>3985.455</TD>
    <TD>22.05</TD>
    <TD>0.0568</TD>
    <TD>21.8961</TD>
    <TD>0.0768</TD>
    <TD>21.8961</TD>
    <TD>0.0768</TD>
    <TD>0.0</TD>
  </TR>
  <TR>
    <TD>5893.0</TD>
    <TD>240.8341</TD>
    <TD>55.04589</TD>
    <TD>812.686</TD>
    <TD>3779.366</TD>
    <TD>25.6826</TD>
    <TD>0.2935</TD>
    <TD>25.5507</TD>
    <TD>0.5046</TD>
    <TD>25.5507</TD>
    <TD>0.5046</TD>
    <TD>0.39</TD>
  </TR>
  <TR>
    <TD>5894.0</TD>
    <TD>240.8395</TD>
    <TD>55.05622</TD>
    <TD>698.677</TD>
    <TD>3747.694</TD>
    <TD>25.7627</TD>
    <TD>0.3151</TD>
    <TD>25.4726</TD>
    <TD>0.3367</TD>
    <TD>25.4726</TD>
    <TD>0.3367</TD>
    <TD>0.41</TD>
  </TR>
  <TR>
    <TD>5895.0</TD>
    <TD>240.9303</TD>
    <TD>54.99849</TD>
    <TD>1324.392</TD>
    <TD>3172.579</TD>
    <TD>22.5174</TD>
    <TD>0.0709</TD>
    <TD>22.0309</TD>
    <TD>0.1127</TD>
    <TD>22.0309</TD>
    <TD>0.1127</TD>
    <TD>0.0</TD>
  </TR>
  <TR>
    <TD>5896.0</TD>
    <TD>240.8343</TD>
    <TD>54.93324</TD>
    <TD>2043.4</TD>
    <TD>3759.235</TD>
    <TD>23.2586</TD>
    <TD>0.1122</TD>
    <TD>22.6862</TD>
    <TD>0.1656</TD>
    <TD>22.6862</TD>
    <TD>0.1656</TD>
    <TD>0.0</TD>
  </TR>
  <TR>
    <TD>5897.0</TD>
    <TD>240.8246</TD>
    <TD>54.97061</TD>
    <TD>1637.12</TD>
    <TD>3825.775</TD>
    <TD>20.8044</TD>
    <TD>0.0259</TD>
    <TD>20.6522</TD>
    <TD>0.0387</TD>
    <TD>20.6522</TD>
    <TD>0.0387</TD>
    <TD>0.01</TD>
  </TR>
  <TR>
    <TD>5898.0</TD>
    <TD>240.8623</TD>
    <TD>55.02575</TD>
    <TD>1031.675</TD>
    <TD>3600.425</TD>
    <TD>24.1959</TD>
    <TD>0.1803</TD>
    <TD>22.9593</TD>
    <TD>0.2375</TD>
    <TD>22.9593</TD>
    <TD>0.2375</TD>
    <TD>0.36</TD>
  </TR>
  <TR>
    <TD>5899.0</TD>
    <TD>240.8182</TD>
    <TD>54.9953</TD>
    <TD>1368.078</TD>
    <TD>3869.76</TD>
    <TD>14.4561</TD>
    <TD>5.0E-4</TD>
    <TD>14.4823</TD>
    <TD>5.0E-4</TD>
    <TD>14.4823</TD>
    <TD>5.0E-4</TD>
    <TD>0.85</TD>
  </TR>
  <TR>
    <TD>5900.0</TD>
    <TD>240.8396</TD>
    <TD>55.0493</TD>
    <TD>774.744</TD>
    <TD>3745.717</TD>
    <TD>25.6972</TD>
    <TD>0.3399</TD>
    <TD>24.648</TD>
    <TD>0.3847</TD>
    <TD>24.648</TD>
    <TD>0.3847</TD>
    <TD>0.43</TD>
  </TR>
  <TR>
    <TD>5901.0</TD>
    <TD>240.8156</TD>
    <TD>55.03623</TD>
    <TD>919.911</TD>
    <TD>3893.009</TD>
    <TD>24.1535</TD>
    <TD>0.1261</TD>
    <TD>24.4466</TD>
    <TD>0.2432</TD>
    <TD>24.4466</TD>
    <TD>0.2432</TD>
    <TD>0.73</TD>
  </TR>
  <TR>
    <TD>5902.0</TD>
    <TD>240.7826</TD>
    <TD>54.93449</TD>
    <TD>2033.476</TD>
    <TD>4081.549</TD>
    <TD>25.7248</TD>
    <TD>0.3484</TD>
    <TD>25.0374</TD>
    <TD>0.3168</TD>
    <TD>25.0374</TD>
    <TD>0.3168</TD>
    <TD>0.36</TD>
  </TR>
  <TR>
    <TD>5903.0</TD>
    <TD>240.8446</TD>
    <TD>55.09536</TD>
    <TD>266.863</TD>
    <TD>3722.435</TD>
    <TD>22.6335</TD>
    <TD>0.0774</TD>
    <TD>22.4243</TD>
    <TD>0.1258</TD>
    <TD>22.4243</TD>
    <TD>0.1258</TD>
    <TD>0.0</TD>
  </TR>
  <TR>
    <TD>5904.0</TD>
    <TD>240.8413</TD>
    <TD>54.97877</TD>
    <TD>1546.915</TD>
    <TD>3723.153</TD>
    <TD>20.3024</TD>
    <TD>0.0181</TD>
    <TD>20.2729</TD>
    <TD>0.023</TD>
    <TD>20.2729</TD>
    <TD>0.023</TD>
    <TD>0.02</TD>
  </TR>
  <TR>
    <TD>5905.0</TD>
    <TD>240.884</TD>
    <TD>55.07986</TD>
    <TD>435.073</TD>
    <TD>3474.511</TD>
    <TD>23.6794</TD>
    <TD>0.1326</TD>
    <TD>22.13</TD>
    <TD>0.1246</TD>
    <TD>23.1631</TD>
    <TD>0.1307</TD>
    <TD>0.04</TD>
  </TR>
  <TR>
    <TD>5906.0</TD>
    <TD>240.9372</TD>
    <TD>54.96465</TD>
    <TD>1693.045</TD>
    <TD>3123.845</TD>
    <TD>23.357</TD>
    <TD>0.0694</TD>
    <TD>23.2783</TD>
    <TD>0.0877</TD>
    <TD>23.2783</TD>
    <TD>0.0877</TD>
    <TD>0.96</TD>
  </TR>
  <TR>
    <TD>5907.0</TD>
    <TD>240.8232</TD>
    <TD>54.98004</TD>
    <TD>1534.398</TD>
    <TD>3836.181</TD>
    <TD>24.3681</TD>
    <TD>0.1868</TD>
    <TD>23.7109</TD>
    <TD>0.2842</TD>
    <TD>23.7857</TD>
    <TD>0.1799</TD>
    <TD>0.49</TD>
  </TR>
  <TR>
    <TD>5908.0</TD>
    <TD>240.7859</TD>
    <TD>54.96144</TD>
    <TD>1739.697</TD>
    <TD>4065.648</TD>
    <TD>25.9526</TD>
    <TD>0.3731</TD>
    <TD>25.1378</TD>
    <TD>0.3469</TD>
    <TD>25.1378</TD>
    <TD>0.3469</TD>
    <TD>0.35</TD>
  </TR>
  <TR>
    <TD>5909.0</TD>
    <TD>240.9433</TD>
    <TD>54.9528</TD>
    <TD>1821.54</TD>
    <TD>3084.481</TD>
    <TD>25.5369</TD>
    <TD>0.2947</TD>
    <TD>24.8069</TD>
    <TD>0.4141</TD>
    <TD>24.8069</TD>
    <TD>0.4141</TD>
    <TD>0.37</TD>
  </TR>
  <TR>
    <TD>5910.0</TD>
    <TD>240.8439</TD>
    <TD>55.11624</TD>
    <TD>35.794</TD>
    <TD>3730.58</TD>
    <TD>19.3424</TD>
    <TD>0.0106</TD>
    <TD>19.3063</TD>
    <TD>0.0133</TD>
    <TD>19.3063</TD>
    <TD>0.0133</TD>
    <TD>0.03</TD>
  </TR>
  <TR>
    <TD>5911.0</TD>
    <TD>240.814</TD>
    <TD>55.0215</TD>
    <TD>1081.594</TD>
    <TD>3900.192</TD>
    <TD>21.8919</TD>
    <TD>0.055</TD>
    <TD>21.8142</TD>
    <TD>0.0805</TD>
    <TD>21.8142</TD>
    <TD>0.0805</TD>
    <TD>0.0</TD>
  </TR>
  <TR>
    <TD>5912.0</TD>
    <TD>240.8741</TD>
    <TD>55.10208</TD>
    <TD>190.508</TD>
    <TD>3540.107</TD>
    <TD>21.0554</TD>
    <TD>0.0309</TD>
    <TD>20.8463</TD>
    <TD>0.0419</TD>
    <TD>20.871</TD>
    <TD>0.0321</TD>
    <TD>0.0</TD>
  </TR>
  <TR>
    <TD>5913.0</TD>
    <TD>240.8536</TD>
    <TD>55.08215</TD>
    <TD>412.094</TD>
    <TD>3664.457</TD>
    <TD>23.6142</TD>
    <TD>0.1319</TD>
    <TD>23.2339</TD>
    <TD>0.1783</TD>
    <TD>23.2339</TD>
    <TD>0.1783</TD>
    <TD>0.6</TD>
  </TR>
  <TR>
    <TD>5914.0</TD>
    <TD>240.8091</TD>
    <TD>54.96288</TD>
    <TD>1722.505</TD>
    <TD>3921.451</TD>
    <TD>24.0113</TD>
    <TD>0.1568</TD>
    <TD>22.8511</TD>
    <TD>0.183</TD>
    <TD>22.8511</TD>
    <TD>0.183</TD>
    <TD>0.36</TD>
  </TR>
  <TR>
    <TD>5915.0</TD>
    <TD>240.8725</TD>
    <TD>55.10505</TD>
    <TD>157.792</TD>
    <TD>3550.595</TD>
    <TD>21.5169</TD>
    <TD>0.0441</TD>
    <TD>20.9301</TD>
    <TD>0.0668</TD>
    <TD>20.9301</TD>
    <TD>0.0668</TD>
    <TD>0.0</TD>
  </TR>
  <TR>
    <TD>5916.0</TD>
    <TD>240.8303</TD>
    <TD>55.01465</TD>
    <TD>1155.473</TD>
    <TD>3797.498</TD>
    <TD>23.7139</TD>
    <TD>0.1393</TD>
    <TD>22.9655</TD>
    <TD>0.2418</TD>
    <TD>22.9655</TD>
    <TD>0.2418</TD>
    <TD>0.4</TD>
  </TR>
  <TR>
    <TD>5917.0</TD>
    <TD>240.8735</TD>
    <TD>55.11712</TD>
    <TD>24.03</TD>
    <TD>3546.0</TD>
    <TD>24.1961</TD>
    <TD>0.1548</TD>
    <TD>23.722</TD>
    <TD>0.3579</TD>
    <TD>23.722</TD>
    <TD>0.3579</TD>
    <TD>0.47</TD>
  </TR>
  <TR>
    <TD>5918.0</TD>
    <TD>240.8681</TD>
    <TD>55.05562</TD>
    <TD>703.32</TD>
    <TD>3569.525</TD>
    <TD>24.9573</TD>
    <TD>0.2702</TD>
    <TD>24.1767</TD>
    <TD>0.3744</TD>
    <TD>24.1767</TD>
    <TD>0.3744</TD>
    <TD>0.37</TD>
  </TR>
  <TR>
    <TD>5919.0</TD>
    <TD>240.8227</TD>
    <TD>55.00707</TD>
    <TD>1238.997</TD>
    <TD>3844.0</TD>
    <TD>25.6323</TD>
    <TD>0.2808</TD>
    <TD>24.4348</TD>
    <TD>0.333</TD>
    <TD>24.4348</TD>
    <TD>0.333</TD>
    <TD>0.47</TD>
  </TR>
  <TR>
    <TD>5920.0</TD>
    <TD>240.8366</TD>
    <TD>54.99039</TD>
    <TD>1420.371</TD>
    <TD>3754.326</TD>
    <TD>24.2102</TD>
    <TD>0.1727</TD>
    <TD>23.8189</TD>
    <TD>0.2868</TD>
    <TD>23.8189</TD>
    <TD>0.2868</TD>
    <TD>0.37</TD>
  </TR>
  <TR>
    <TD>5921.0</TD>
    <TD>240.814</TD>
    <TD>55.08958</TD>
    <TD>332.667</TD>
    <TD>3912.322</TD>
    <TD>26.1427</TD>
    <TD>0.4422</TD>
    <TD>25.2355</TD>
    <TD>0.5635</TD>
    <TD>25.2355</TD>
    <TD>0.5635</TD>
    <TD>0.35</TD>
  </TR>
  <TR>
    <TD>5922.0</TD>
    <TD>240.8146</TD>
    <TD>54.98117</TD>
    <TD>1522.591</TD>
    <TD>3889.664</TD>
    <TD>20.9657</TD>
    <TD>0.0239</TD>
    <TD>20.9105</TD>
    <TD>0.0324</TD>
    <TD>20.9105</TD>
    <TD>0.0324</TD>
    <TD>0.02</TD>
  </TR>
  <TR>
    <TD>5923.0</TD>
    <TD>240.7917</TD>
    <TD>55.06507</TD>
    <TD>604.255</TD>
    <TD>4046.978</TD>
    <TD>24.7063</TD>
    <TD>0.1828</TD>
    <TD>24.5892</TD>
    <TD>0.2568</TD>
    <TD>24.5892</TD>
    <TD>0.2568</TD>
    <TD>0.63</TD>
  </TR>
  <TR>
    <TD>5924.0</TD>
    <TD>240.9396</TD>
    <TD>55.07384</TD>
    <TD>496.749</TD>
    <TD>3126.975</TD>
    <TD>22.4506</TD>
    <TD>0.0668</TD>
    <TD>22.3204</TD>
    <TD>0.0926</TD>
    <TD>22.1427</TD>
    <TD>0.0691</TD>
    <TD>0.0</TD>
  </TR>
  <TR>
    <TD>5925.0</TD>
    <TD>240.824</TD>
    <TD>54.95733</TD>
    <TD>1781.972</TD>
    <TD>3827.269</TD>
    <TD>23.1929</TD>
    <TD>0.1108</TD>
    <TD>22.5058</TD>
    <TD>0.1634</TD>
    <TD>22.5058</TD>
    <TD>0.1634</TD>
    <TD>0.56</TD>
  </TR>
  <TR>
    <TD>5926.0</TD>
    <TD>240.9398</TD>
    <TD>55.0869</TD>
    <TD>352.706</TD>
    <TD>3127.989</TD>
    <TD>24.6844</TD>
    <TD>0.2213</TD>
    <TD>23.5587</TD>
    <TD>0.2505</TD>
    <TD>23.5587</TD>
    <TD>0.2505</TD>
    <TD>0.46</TD>
  </TR>
  <TR>
    <TD>5927.0</TD>
    <TD>240.8866</TD>
    <TD>55.06884</TD>
    <TD>556.421</TD>
    <TD>3456.151</TD>
    <TD>23.1976</TD>
    <TD>0.1113</TD>
    <TD>22.5678</TD>
    <TD>0.1995</TD>
    <TD>22.5678</TD>
    <TD>0.1995</TD>
    <TD>0.43</TD>
  </TR>
  <TR>
    <TD>5928.0</TD>
    <TD>240.8394</TD>
    <TD>55.00967</TD>
    <TD>1209.381</TD>
    <TD>3740.189</TD>
    <TD>23.3204</TD>
    <TD>0.1112</TD>
    <TD>22.8327</TD>
    <TD>0.1709</TD>
    <TD>22.8327</TD>
    <TD>0.1709</TD>
    <TD>0.0</TD>
  </TR>
  <TR>
    <TD>5929.0</TD>
    <TD>240.9423</TD>
    <TD>54.94678</TD>
    <TD>1887.224</TD>
    <TD>3089.402</TD>
    <TD>24.8317</TD>
    <TD>0.2173</TD>
    <TD>23.9734</TD>
    <TD>0.3303</TD>
    <TD>23.9734</TD>
    <TD>0.3303</TD>
    <TD>0.49</TD>
  </TR>
  <TR>
    <TD>5930.0</TD>
    <TD>240.9351</TD>
    <TD>54.99229</TD>
    <TD>1391.704</TD>
    <TD>3141.462</TD>
    <TD>24.5592</TD>
    <TD>0.2061</TD>
    <TD>23.4272</TD>
    <TD>0.2732</TD>
    <TD>23.4272</TD>
    <TD>0.2732</TD>
    <TD>0.47</TD>
  </TR>
  <TR>
    <TD>5931.0</TD>
    <TD>240.8926</TD>
    <TD>55.0419</TD>
    <TD>852.088</TD>
    <TD>3414.507</TD>
    <TD>24.2628</TD>
    <TD>0.1316</TD>
    <TD>24.4004</TD>
    <TD>0.2048</TD>
    <TD>24.4004</TD>
    <TD>0.2048</TD>
    <TD>0.67</TD>
  </TR>
  <TR>
    <TD>5932.0</TD>
    <TD>240.7827</TD>
    <TD>55.00534</TD>
    <TD>1260.477</TD>
    <TD>4093.028</TD>
    <TD>25.4886</TD>
    <TD>0.2823</TD>
    <TD>24.4505</TD>
    <TD>0.3083</TD>
    <TD>24.4505</TD>
    <TD>0.3083</TD>
    <TD>0.36</TD>
  </TR>
  <TR>
    <TD>5933.0</TD>
    <TD>240.9333</TD>
    <TD>55.00751</TD>
    <TD>1225.483</TD>
    <TD>3155.484</TD>
    <TD>25.8762</TD>
    <TD>0.399</TD>
    <TD>24.6331</TD>
    <TD>0.3795</TD>
    <TD>24.6331</TD>
    <TD>0.3795</TD>
    <TD>0.45</TD>
  </TR>
  <TR>
    <TD>5934.0</TD>
    <TD>240.8894</TD>
    <TD>54.9939</TD>
    <TD>1378.001</TD>
    <TD>3426.024</TD>
    <TD>24.3628</TD>
    <TD>0.1515</TD>
    <TD>24.7079</TD>
    <TD>0.3081</TD>
    <TD>24.7079</TD>
    <TD>0.3081</TD>
    <TD>0.76</TD>
  </TR>
  <TR>
    <TD>5935.0</TD>
    <TD>240.8221</TD>
    <TD>55.07215</TD>
    <TD>524.506</TD>
    <TD>3858.513</TD>
    <TD>25.6506</TD>
    <TD>0.3261</TD>
    <TD>25.0395</TD>
    <TD>0.3174</TD>
    <TD>25.0395</TD>
    <TD>0.3174</TD>
    <TD>0.37</TD>
  </TR>
  <TR>
    <TD>5936.0</TD>
    <TD>240.8205</TD>
    <TD>55.06509</TD>
    <TD>602.329</TD>
    <TD>3867.663</TD>
    <TD>25.7546</TD>
    <TD>0.3129</TD>
    <TD>25.2975</TD>
    <TD>0.4612</TD>
    <TD>25.2975</TD>
    <TD>0.4612</TD>
    <TD>0.43</TD>
  </TR>
  <TR>
    <TD>5937.0</TD>
    <TD>240.8305</TD>
    <TD>55.00258</TD>
    <TD>1287.611</TD>
    <TD>3794.319</TD>
    <TD>13.44</TD>
    <TD>3.0E-4</TD>
    <TD>13.4604</TD>
    <TD>3.0E-4</TD>
    <TD>13.4604</TD>
    <TD>3.0E-4</TD>
    <TD>0.77</TD>
  </TR>
  <TR>
    <TD>5938.0</TD>
    <TD>240.8108</TD>
    <TD>55.09359</TD>
    <TD>288.615</TD>
    <TD>3933.178</TD>
    <TD>24.9364</TD>
    <TD>0.1921</TD>
    <TD>25.1066</TD>
    <TD>0.3634</TD>
    <TD>25.1066</TD>
    <TD>0.3634</TD>
    <TD>0.48</TD>
  </TR>
  <TR>
    <TD>5939.0</TD>
    <TD>240.797</TD>
    <TD>55.08345</TD>
    <TD>401.401</TD>
    <TD>4017.688</TD>
    <TD>21.6801</TD>
    <TD>0.0441</TD>
    <TD>21.556</TD>
    <TD>0.0574</TD>
    <TD>21.556</TD>
    <TD>0.0574</TD>
    <TD>0.0</TD>
  </TR>
  <TR>
    <TD>5940.0</TD>
    <TD>240.8382</TD>
    <TD>55.09091</TD>
    <TD>316.509</TD>
    <TD>3761.521</TD>
    <TD>25.5779</TD>
    <TD>0.3056</TD>
    <TD>25.2743</TD>
    <TD>0.3926</TD>
    <TD>25.2743</TD>
    <TD>0.3926</TD>
    <TD>0.47</TD>
  </TR>
  <TR>
    <TD>5941.0</TD>
    <TD>240.9433</TD>
    <TD>54.95354</TD>
    <TD>1813.525</TD>
    <TD>3084.525</TD>
    <TD>25.427</TD>
    <TD>0.2673</TD>
    <TD>24.2261</TD>
    <TD>0.285</TD>
    <TD>24.2261</TD>
    <TD>0.285</TD>
    <TD>0.35</TD>
  </TR>
  <TR>
    <TD>5942.0</TD>
    <TD>240.9299</TD>
    <TD>55.11697</TD>
    <TD>21.044</TD>
    <TD>3194.901</TD>
    <TD>23.5308</TD>
    <TD>0.1204</TD>
    <TD>23.0173</TD>
    <TD>0.1883</TD>
    <TD>23.0173</TD>
    <TD>0.1883</TD>
    <TD>0.6</TD>
  </TR>
  <TR>
    <TD>5943.0</TD>
    <TD>240.8863</TD>
    <TD>55.07667</TD>
    <TD>470.163</TD>
    <TD>3459.6</TD>
    <TD>25.3113</TD>
    <TD>0.2675</TD>
    <TD>24.5577</TD>
    <TD>0.3984</TD>
    <TD>24.5577</TD>
    <TD>0.3984</TD>
    <TD>0.39</TD>
  </TR>
  <TR>
    <TD>5944.0</TD>
    <TD>240.8373</TD>
    <TD>55.06905</TD>
    <TD>557.648</TD>
    <TD>3763.321</TD>
    <TD>20.6314</TD>
    <TD>0.0197</TD>
    <TD>20.5614</TD>
    <TD>0.0243</TD>
    <TD>20.5614</TD>
    <TD>0.0243</TD>
    <TD>0.02</TD>
  </TR>
  <TR>
    <TD>5945.0</TD>
    <TD>240.8886</TD>
    <TD>54.93408</TD>
    <TD>2030.005</TD>
    <TD>3421.396</TD>
    <TD>20.7927</TD>
    <TD>0.0108</TD>
    <TD>20.7874</TD>
    <TD>0.0126</TD>
    <TD>20.7874</TD>
    <TD>0.0126</TD>
    <TD>1.0</TD>
  </TR>
  <TR>
    <TD>5946.0</TD>
    <TD>240.9373</TD>
    <TD>54.9697</TD>
    <TD>1638.021</TD>
    <TD>3124.497</TD>
    <TD>24.9147</TD>
    <TD>0.26</TD>
    <TD>24.009</TD>
    <TD>0.3377</TD>
    <TD>24.009</TD>
    <TD>0.3377</TD>
    <TD>0.39</TD>
  </TR>
  <TR>
    <TD>5947.0</TD>
    <TD>240.8251</TD>
    <TD>55.06758</TD>
    <TD>574.611</TD>
    <TD>3839.16</TD>
    <TD>25.3519</TD>
    <TD>0.2773</TD>
    <TD>24.0688</TD>
    <TD>0.3187</TD>
    <TD>24.0688</TD>
    <TD>0.3187</TD>
    <TD>0.39</TD>
  </TR>
  <TR>
    <TD>5948.0</TD>
    <TD>240.7854</TD>
    <TD>54.95256</TD>
    <TD>1836.492</TD>
    <TD>4067.489</TD>
    <TD>25.5412</TD>
    <TD>0.2958</TD>
    <TD>24.0063</TD>
    <TD>0.2887</TD>
    <TD>24.0063</TD>
    <TD>0.2887</TD>
    <TD>0.36</TD>
  </TR>
  <TR>
    <TD>5949.0</TD>
    <TD>240.9367</TD>
    <TD>54.94793</TD>
    <TD>1875.16</TD>
    <TD>3124.772</TD>
    <TD>24.7416</TD>
    <TD>0.2119</TD>
    <TD>23.5738</TD>
    <TD>0.2833</TD>
    <TD>23.5738</TD>
    <TD>0.2833</TD>
    <TD>0.49</TD>
  </TR>
  <TR>
    <TD>5950.0</TD>
    <TD>240.7893</TD>
    <TD>54.97664</TD>
    <TD>1573.734</TD>
    <TD>4046.859</TD>
    <TD>24.6822</TD>
    <TD>0.2111</TD>
    <TD>24.2844</TD>
    <TD>0.3613</TD>
    <TD>24.2844</TD>
    <TD>0.3613</TD>
    <TD>0.36</TD>
  </TR>
  <TR>
    <TD>5951.0</TD>
    <TD>240.8766</TD>
    <TD>55.06598</TD>
    <TD>588.658</TD>
    <TD>3517.989</TD>
    <TD>24.8259</TD>
    <TD>0.2032</TD>
    <TD>24.0691</TD>
    <TD>0.3452</TD>
    <TD>24.0691</TD>
    <TD>0.3452</TD>
    <TD>0.39</TD>
  </TR>
  <TR>
    <TD>5952.0</TD>
    <TD>240.8461</TD>
    <TD>54.96897</TD>
    <TD>1653.504</TD>
    <TD>3691.465</TD>
    <TD>25.4733</TD>
    <TD>0.2785</TD>
    <TD>24.1598</TD>
    <TD>0.2912</TD>
    <TD>24.1598</TD>
    <TD>0.2912</TD>
    <TD>0.46</TD>
  </TR>
  <TR>
    <TD>5953.0</TD>
    <TD>240.875</TD>
    <TD>55.00816</TD>
    <TD>1223.31</TD>
    <TD>3518.296</TD>
    <TD>25.9019</TD>
    <TD>0.3566</TD>
    <TD>25.4424</TD>
    <TD>0.3276</TD>
    <TD>25.4424</TD>
    <TD>0.3276</TD>
    <TD>0.36</TD>
  </TR>
  <TR>
    <TD>5954.0</TD>
    <TD>240.7842</TD>
    <TD>55.07082</TD>
    <TD>541.352</TD>
    <TD>4094.906</TD>
    <TD>22.0779</TD>
    <TD>0.0539</TD>
    <TD>21.7438</TD>
    <TD>0.076</TD>
    <TD>21.7438</TD>
    <TD>0.076</TD>
    <TD>0.0</TD>
  </TR>
  <TR>
    <TD>5955.0</TD>
    <TD>240.8287</TD>
    <TD>54.99756</TD>
    <TD>1342.594</TD>
    <TD>3804.779</TD>
    <TD>22.538</TD>
    <TD>0.0717</TD>
    <TD>21.5947</TD>
    <TD>0.0966</TD>
    <TD>21.5947</TD>
    <TD>0.0966</TD>
    <TD>0.0</TD>
  </TR>
  <TR>
    <TD>5956.0</TD>
    <TD>240.821</TD>
    <TD>54.93735</TD>
    <TD>1999.648</TD>
    <TD>3842.694</TD>
    <TD>26.0827</TD>
    <TD>0.419</TD>
    <TD>24.8708</TD>
    <TD>0.3812</TD>
    <TD>24.8708</TD>
    <TD>0.3812</TD>
    <TD>0.36</TD>
  </TR>
  <TR>
    <TD>5957.0</TD>
    <TD>240.8154</TD>
    <TD>55.04105</TD>
    <TD>867.004</TD>
    <TD>3895.353</TD>
    <TD>24.2896</TD>
    <TD>0.1855</TD>
    <TD>23.134</TD>
    <TD>0.2112</TD>
    <TD>23.134</TD>
    <TD>0.2112</TD>
    <TD>0.42</TD>
  </TR>
  <TR>
    <TD>5958.0</TD>
    <TD>240.8437</TD>
    <TD>55.11899</TD>
    <TD>5.391</TD>
    <TD>3732.675</TD>
    <TD>19.1767</TD>
    <TD>0.0077</TD>
    <TD>19.1665</TD>
    <TD>0.0084</TD>
    <TD>19.1665</TD>
    <TD>0.0084</TD>
    <TD>0.03</TD>
  </TR>
  <TR>
    <TD>5959.0</TD>
    <TD>240.884</TD>
    <TD>55.07919</TD>
    <TD>442.503</TD>
    <TD>3474.192</TD>
    <TD>23.1875</TD>
    <TD>0.1138</TD>
    <TD>21.7149</TD>
    <TD>0.1158</TD>
    <TD>22.4464</TD>
    <TD>0.1024</TD>
    <TD>0.01</TD>
  </TR>
  <TR>
    <TD>5960.0</TD>
    <TD>240.8686</TD>
    <TD>55.03335</TD>
    <TD>947.834</TD>
    <TD>3562.418</TD>
    <TD>23.2573</TD>
    <TD>0.1121</TD>
    <TD>22.5729</TD>
    <TD>0.1777</TD>
    <TD>22.5729</TD>
    <TD>0.1777</TD>
    <TD>0.01</TD>
  </TR>
  <TR>
    <TD>5961.0</TD>
    <TD>240.7985</TD>
    <TD>54.97782</TD>
    <TD>1560.249</TD>
    <TD>3989.593</TD>
    <TD>24.9157</TD>
    <TD>0.2342</TD>
    <TD>23.8651</TD>
    <TD>0.2766</TD>
    <TD>23.8651</TD>
    <TD>0.2766</TD>
    <TD>0.35</TD>
  </TR>
  <TR>
    <TD>5962.0</TD>
    <TD>240.8704</TD>
    <TD>54.99041</TD>
    <TD>1417.667</TD>
    <TD>3543.697</TD>
    <TD>25.9635</TD>
    <TD>0.3767</TD>
    <TD>25.1167</TD>
    <TD>0.4363</TD>
    <TD>25.1167</TD>
    <TD>0.4363</TD>
    <TD>0.42</TD>
  </TR>
  <TR>
    <TD>5963.0</TD>
    <TD>240.785</TD>
    <TD>54.9918</TD>
    <TD>1408.46</TD>
    <TD>4076.163</TD>
    <TD>24.561</TD>
    <TD>0.2144</TD>
    <TD>23.5884</TD>
    <TD>0.289</TD>
    <TD>23.5884</TD>
    <TD>0.289</TD>
    <TD>0.35</TD>
  </TR>
  <TR>
    <TD>5964.0</TD>
    <TD>240.8459</TD>
    <TD>55.11034</TD>
    <TD>101.089</TD>
    <TD>3717.069</TD>
    <TD>20.649</TD>
    <TD>0.0238</TD>
    <TD>20.3537</TD>
    <TD>0.0362</TD>
    <TD>20.3537</TD>
    <TD>0.0362</TD>
    <TD>0.01</TD>
  </TR>
  <TR>
    <TD>5965.0</TD>
    <TD>240.9447</TD>
    <TD>55.02262</TD>
    <TD>1059.06</TD>
    <TD>3086.932</TD>
    <TD>24.3884</TD>
    <TD>0.155</TD>
    <TD>24.2188</TD>
    <TD>0.198</TD>
    <TD>24.2188</TD>
    <TD>0.198</TD>
    <TD>0.78</TD>
  </TR>
  <TR>
    <TD>5966.0</TD>
    <TD>240.8504</TD>
    <TD>55.01554</TD>
    <TD>1144.321</TD>
    <TD>3672.637</TD>
    <TD>24.3434</TD>
    <TD>0.1633</TD>
    <TD>23.7671</TD>
    <TD>0.2575</TD>
    <TD>23.7671</TD>
    <TD>0.2575</TD>
    <TD>0.47</TD>
  </TR>
  <TR>
    <TD>5967.0</TD>
    <TD>240.9431</TD>
    <TD>55.01447</TD>
    <TD>1148.5</TD>
    <TD>3095.512</TD>
    <TD>25.8294</TD>
    <TD>0.3826</TD>
    <TD>25.0992</TD>
    <TD>0.4695</TD>
    <TD>25.0992</TD>
    <TD>0.4695</TD>
    <TD>0.36</TD>
  </TR>
  <TR>
    <TD>5968.0</TD>
    <TD>240.8435</TD>
    <TD>54.93527</TD>
    <TD>2020.632</TD>
    <TD>3702.18</TD>
    <TD>25.3923</TD>
    <TD>0.2875</TD>
    <TD>23.8014</TD>
    <TD>0.2657</TD>
    <TD>23.8014</TD>
    <TD>0.2657</TD>
    <TD>0.4</TD>
  </TR>
  <TR>
    <TD>5969.0</TD>
    <TD>240.8456</TD>
    <TD>55.07613</TD>
    <TD>479.099</TD>
    <TD>3712.885</TD>
    <TD>24.5585</TD>
    <TD>0.1977</TD>
    <TD>23.3654</TD>
    <TD>0.2333</TD>
    <TD>23.3654</TD>
    <TD>0.2333</TD>
    <TD>0.4</TD>
  </TR>
  <TR>
    <TD>5970.0</TD>
    <TD>240.7956</TD>
    <TD>55.03707</TD>
    <TD>911.999</TD>
    <TD>4018.002</TD>
    <TD>25.1991</TD>
    <TD>0.2834</TD>
    <TD>24.6055</TD>
    <TD>0.4498</TD>
    <TD>24.6055</TD>
    <TD>0.4498</TD>
    <TD>0.46</TD>
  </TR>
  <TR>
    <TD>5971.0</TD>
    <TD>240.8339</TD>
    <TD>54.94826</TD>
    <TD>1880.011</TD>
    <TD>3764.206</TD>
    <TD>20.2336</TD>
    <TD>0.0192</TD>
    <TD>20.1143</TD>
    <TD>0.0263</TD>
    <TD>20.1143</TD>
    <TD>0.0263</TD>
    <TD>0.02</TD>
  </TR>
  <TR>
    <TD>5972.0</TD>
    <TD>240.8179</TD>
    <TD>54.96935</TD>
    <TD>1651.333</TD>
    <TD>3867.312</TD>
    <TD>25.9762</TD>
    <TD>0.381</TD>
    <TD>25.052</TD>
    <TD>0.4497</TD>
    <TD>25.052</TD>
    <TD>0.4497</TD>
    <TD>0.35</TD>
  </TR>
  <TR>
    <TD>5973.0</TD>
    <TD>240.8023</TD>
    <TD>54.93425</TD>
    <TD>2034.691</TD>
    <TD>3958.631</TD>
    <TD>26.0256</TD>
    <TD>0.3982</TD>
    <TD>25.6444</TD>
    <TD>0.3929</TD>
    <TD>25.6444</TD>
    <TD>0.3929</TD>
    <TD>0.35</TD>
  </TR>
  <TR>
    <TD>5974.0</TD>
    <TD>240.8247</TD>
    <TD>54.94243</TD>
    <TD>1944.17</TD>
    <TD>3820.758</TD>
    <TD>22.6675</TD>
    <TD>0.0798</TD>
    <TD>22.4108</TD>
    <TD>0.1273</TD>
    <TD>22.4108</TD>
    <TD>0.1273</TD>
    <TD>0.0</TD>
  </TR>
  <TR>
    <TD>5975.0</TD>
    <TD>240.8822</TD>
    <TD>55.08508</TD>
    <TD>377.649</TD>
    <TD>3486.304</TD>
    <TD>25.6531</TD>
    <TD>0.286</TD>
    <TD>25.1412</TD>
    <TD>0.4237</TD>
    <TD>25.1412</TD>
    <TD>0.4237</TD>
    <TD>0.46</TD>
  </TR>
  <TR>
    <TD>5976.0</TD>
    <TD>240.7986</TD>
    <TD>54.95253</TD>
    <TD>1836.046</TD>
    <TD>3985.028</TD>
    <TD>22.246</TD>
    <TD>0.061</TD>
    <TD>22.0279</TD>
    <TD>0.0806</TD>
    <TD>22.0279</TD>
    <TD>0.0806</TD>
    <TD>0.0</TD>
  </TR>
  <TR>
    <TD>5977.0</TD>
    <TD>240.7989</TD>
    <TD>55.04302</TD>
    <TD>846.36</TD>
    <TD>3998.325</TD>
    <TD>21.7993</TD>
    <TD>0.0451</TD>
    <TD>21.5687</TD>
    <TD>0.0731</TD>
    <TD>21.5687</TD>
    <TD>0.0731</TD>
    <TD>0.0</TD>
  </TR>
  <TR>
    <TD>5978.0</TD>
    <TD>240.9405</TD>
    <TD>55.02759</TD>
    <TD>1004.977</TD>
    <TD>3113.844</TD>
    <TD>24.1096</TD>
    <TD>0.1382</TD>
    <TD>24.6039</TD>
    <TD>0.2671</TD>
    <TD>24.6039</TD>
    <TD>0.2671</TD>
    <TD>0.76</TD>
  </TR>
  <TR>
    <TD>5979.0</TD>
    <TD>240.8529</TD>
    <TD>55.02113</TD>
    <TD>1082.99</TD>
    <TD>3657.963</TD>
    <TD>23.6875</TD>
    <TD>0.1409</TD>
    <TD>22.9512</TD>
    <TD>0.201</TD>
    <TD>22.9512</TD>
    <TD>0.201</TD>
    <TD>0.47</TD>
  </TR>
  <TR>
    <TD>5980.0</TD>
    <TD>240.8037</TD>
    <TD>54.93342</TD>
    <TD>2043.615</TD>
    <TD>3949.828</TD>
    <TD>25.3674</TD>
    <TD>0.2812</TD>
    <TD>24.6927</TD>
    <TD>0.4412</TD>
    <TD>24.6927</TD>
    <TD>0.4412</TD>
    <TD>0.36</TD>
  </TR>
  <TR>
    <TD>5981.0</TD>
    <TD>240.8731</TD>
    <TD>55.1169</TD>
    <TD>26.527</TD>
    <TD>3548.964</TD>
    <TD>24.6349</TD>
    <TD>0.2024</TD>
    <TD>23.7681</TD>
    <TD>0.2666</TD>
    <TD>24.1572</TD>
    <TD>0.2018</TD>
    <TD>0.43</TD>
  </TR>
  <TR>
    <TD>5982.0</TD>
    <TD>240.8203</TD>
    <TD>55.10886</TD>
    <TD>119.032</TD>
    <TD>3876.714</TD>
    <TD>23.7346</TD>
    <TD>0.1444</TD>
    <TD>23.2304</TD>
    <TD>0.1801</TD>
    <TD>23.2304</TD>
    <TD>0.1801</TD>
    <TD>0.01</TD>
  </TR>
  <TR>
    <TD>5983.0</TD>
    <TD>240.845</TD>
    <TD>54.98304</TD>
    <TD>1500.079</TD>
    <TD>3700.641</TD>
    <TD>23.7899</TD>
    <TD>0.1544</TD>
    <TD>23.1335</TD>
    <TD>0.2313</TD>
    <TD>22.9293</TD>
    <TD>0.1308</TD>
    <TD>0.49</TD>
  </TR>
  <TR>
    <TD>5984.0</TD>
    <TD>240.7975</TD>
    <TD>55.0085</TD>
    <TD>1224.983</TD>
    <TD>4001.0</TD>
    <TD>26.4553</TD>
    <TD>0.5857</TD>
    <TD>24.6509</TD>
    <TD>0.4247</TD>
    <TD>24.6509</TD>
    <TD>0.4247</TD>
    <TD>0.35</TD>
  </TR>
  <TR>
    <TD>5985.0</TD>
    <TD>240.7961</TD>
    <TD>55.10343</TD>
    <TD>180.618</TD>
    <TD>4026.841</TD>
    <TD>23.6562</TD>
    <TD>0.137</TD>
    <TD>22.5772</TD>
    <TD>0.1935</TD>
    <TD>22.5772</TD>
    <TD>0.1935</TD>
    <TD>0.43</TD>
  </TR>
  <TR>
    <TD>5986.0</TD>
    <TD>240.8458</TD>
    <TD>55.04534</TD>
    <TD>817.923</TD>
    <TD>3706.408</TD>
    <TD>18.9212</TD>
    <TD>0.0081</TD>
    <TD>18.8907</TD>
    <TD>0.0093</TD>
    <TD>18.8907</TD>
    <TD>0.0093</TD>
    <TD>0.03</TD>
  </TR>
  <TR>
    <TD>5987.0</TD>
    <TD>240.9303</TD>
    <TD>54.9372</TD>
    <TD>1992.465</TD>
    <TD>3162.622</TD>
    <TD>25.137</TD>
    <TD>0.2494</TD>
    <TD>24.3037</TD>
    <TD>0.3473</TD>
    <TD>24.3037</TD>
    <TD>0.3473</TD>
    <TD>0.48</TD>
  </TR>
  <TR>
    <TD>5988.0</TD>
    <TD>240.7927</TD>
    <TD>55.02496</TD>
    <TD>1044.923</TD>
    <TD>4033.665</TD>
    <TD>19.0167</TD>
    <TD>0.011</TD>
    <TD>18.9149</TD>
    <TD>0.014</TD>
    <TD>18.886</TD>
    <TD>0.0114</TD>
    <TD>0.0</TD>
  </TR>
  <TR>
    <TD>5989.0</TD>
    <TD>240.8998</TD>
    <TD>55.00776</TD>
    <TD>1225.668</TD>
    <TD>3363.636</TD>
    <TD>24.5354</TD>
    <TD>0.1764</TD>
    <TD>24.4997</TD>
    <TD>0.3315</TD>
    <TD>24.4997</TD>
    <TD>0.3315</TD>
    <TD>0.49</TD>
  </TR>
  <TR>
    <TD>5990.0</TD>
    <TD>240.7941</TD>
    <TD>55.04085</TD>
    <TD>870.55</TD>
    <TD>4028.146</TD>
    <TD>18.1551</TD>
    <TD>0.0041</TD>
    <TD>18.1642</TD>
    <TD>0.0040</TD>
    <TD>18.1642</TD>
    <TD>0.0040</TD>
    <TD>0.03</TD>
  </TR>
  <TR>
    <TD>5991.0</TD>
    <TD>240.7964</TD>
    <TD>55.00033</TD>
    <TD>1314.441</TD>
    <TD>4006.269</TD>
    <TD>23.9702</TD>
    <TD>0.1548</TD>
    <TD>23.0836</TD>
    <TD>0.2097</TD>
    <TD>23.0836</TD>
    <TD>0.2097</TD>
    <TD>0.31</TD>
  </TR>
  <TR>
    <TD>5992.0</TD>
    <TD>240.8675</TD>
    <TD>55.0337</TD>
    <TD>944.122</TD>
    <TD>3569.032</TD>
    <TD>24.1173</TD>
    <TD>0.1724</TD>
    <TD>22.9614</TD>
    <TD>0.247</TD>
    <TD>22.9614</TD>
    <TD>0.247</TD>
    <TD>0.48</TD>
  </TR>
  <TR>
    <TD>5993.0</TD>
    <TD>240.8352</TD>
    <TD>55.01351</TD>
    <TD>1167.671</TD>
    <TD>3767.339</TD>
    <TD>25.9442</TD>
    <TD>0.3703</TD>
    <TD>25.3229</TD>
    <TD>0.2944</TD>
    <TD>25.3229</TD>
    <TD>0.2944</TD>
    <TD>0.39</TD>
  </TR>
  <TR>
    <TD>5994.0</TD>
    <TD>240.8031</TD>
    <TD>55.01102</TD>
    <TD>1197.024</TD>
    <TD>3966.622</TD>
    <TD>24.9891</TD>
    <TD>0.2644</TD>
    <TD>24.0603</TD>
    <TD>0.3077</TD>
    <TD>24.0603</TD>
    <TD>0.3077</TD>
    <TD>0.35</TD>
  </TR>
  <TR>
    <TD>5995.0</TD>
    <TD>240.7944</TD>
    <TD>55.02123</TD>
    <TD>1085.726</TD>
    <TD>4022.805</TD>
    <TD>17.2837</TD>
    <TD>0.0035</TD>
    <TD>17.2699</TD>
    <TD>0.0040</TD>
    <TD>17.2465</TD>
    <TD>0.0035</TD>
    <TD>0.03</TD>
  </TR>
  <TR>
    <TD>5996.0</TD>
    <TD>240.8137</TD>
    <TD>55.00076</TD>
    <TD>1308.624</TD>
    <TD>3898.527</TD>
    <TD>22.2824</TD>
    <TD>0.0576</TD>
    <TD>22.1251</TD>
    <TD>0.0769</TD>
    <TD>22.1251</TD>
    <TD>0.0769</TD>
    <TD>0.0</TD>
  </TR>
  <TR>
    <TD>5997.0</TD>
    <TD>240.8123</TD>
    <TD>55.11392</TD>
    <TD>63.535</TD>
    <TD>3927.524</TD>
    <TD>25.9062</TD>
    <TD>0.4099</TD>
    <TD>24.4179</TD>
    <TD>0.3685</TD>
    <TD>24.4179</TD>
    <TD>0.3685</TD>
    <TD>0.39</TD>
  </TR>
  <TR>
    <TD>5998.0</TD>
    <TD>240.8115</TD>
    <TD>55.0853</TD>
    <TD>380.052</TD>
    <TD>3926.997</TD>
    <TD>25.1162</TD>
    <TD>0.2631</TD>
    <TD>23.5554</TD>
    <TD>0.2254</TD>
    <TD>23.5554</TD>
    <TD>0.2254</TD>
    <TD>0.39</TD>
  </TR>
  <TR>
    <TD>5999.0</TD>
    <TD>240.8668</TD>
    <TD>54.97542</TD>
    <TD>1581.634</TD>
    <TD>3564.186</TD>
    <TD>17.642</TD>
    <TD>0.0030</TD>
    <TD>17.6575</TD>
    <TD>0.0028</TD>
    <TD>17.6575</TD>
    <TD>0.0028</TD>
    <TD>0.08</TD>
  </TR>
  <TR>
    <TD>6000.0</TD>
    <TD>240.8701</TD>
    <TD>55.00569</TD>
    <TD>1250.674</TD>
    <TD>3548.693</TD>
    <TD>26.3602</TD>
    <TD>0.5375</TD>
    <TD>25.1287</TD>
    <TD>0.4823</TD>
    <TD>25.1287</TD>
    <TD>0.4823</TD>
    <TD>0.36</TD>
  </TR>
  <TR>
    <TD>6001.0</TD>
    <TD>240.8779</TD>
    <TD>55.05664</TD>
    <TD>691.32</TD>
    <TD>3508.689</TD>
    <TD>25.9127</TD>
    <TD>0.36</TD>
    <TD>25.4503</TD>
    <TD>0.33</TD>
    <TD>25.4503</TD>
    <TD>0.33</TD>
    <TD>0.36</TD>
  </TR>
  <TR>
    <TD>6002.0</TD>
    <TD>240.8017</TD>
    <TD>55.04272</TD>
    <TD>849.51</TD>
    <TD>3980.775</TD>
    <TD>25.0404</TD>
    <TD>0.2459</TD>
    <TD>24.2735</TD>
    <TD>0.3659</TD>
    <TD>24.2735</TD>
    <TD>0.3659</TD>
    <TD>0.45</TD>
  </TR>
  <TR>
    <TD>6003.0</TD>
    <TD>240.8042</TD>
    <TD>55.09885</TD>
    <TD>230.809</TD>
    <TD>3975.578</TD>
    <TD>21.7406</TD>
    <TD>0.0449</TD>
    <TD>21.6037</TD>
    <TD>0.0592</TD>
    <TD>21.6037</TD>
    <TD>0.0592</TD>
    <TD>0.0</TD>
  </TR>
  <TR>
    <TD>6004.0</TD>
    <TD>240.7907</TD>
    <TD>54.98308</TD>
    <TD>1503.298</TD>
    <TD>4039.281</TD>
    <TD>19.3312</TD>
    <TD>0.0105</TD>
    <TD>19.2898</TD>
    <TD>0.0126</TD>
    <TD>19.2898</TD>
    <TD>0.0126</TD>
    <TD>0.02</TD>
  </TR>
  <TR>
    <TD>6005.0</TD>
    <TD>240.7864</TD>
    <TD>55.05546</TD>
    <TD>710.362</TD>
    <TD>4078.297</TD>
    <TD>23.2958</TD>
    <TD>0.073</TD>
    <TD>23.3197</TD>
    <TD>0.1064</TD>
    <TD>23.3197</TD>
    <TD>0.1064</TD>
    <TD>0.66</TD>
  </TR>
  <TR>
    <TD>6006.0</TD>
    <TD>240.8417</TD>
    <TD>54.93306</TD>
    <TD>2044.802</TD>
    <TD>3713.47</TD>
    <TD>23.7312</TD>
    <TD>0.1362</TD>
    <TD>23.213</TD>
    <TD>0.2078</TD>
    <TD>23.213</TD>
    <TD>0.2078</TD>
    <TD>0.43</TD>
  </TR>
  <TR>
    <TD>6007.0</TD>
    <TD>240.7945</TD>
    <TD>55.02975</TD>
    <TD>992.299</TD>
    <TD>4023.687</TD>
    <TD>25.6526</TD>
    <TD>0.2859</TD>
    <TD>24.8336</TD>
    <TD>0.3904</TD>
    <TD>24.8336</TD>
    <TD>0.3904</TD>
    <TD>0.42</TD>
  </TR>
  <TR>
    <TD>6008.0</TD>
    <TD>240.7969</TD>
    <TD>55.09722</TD>
    <TD>249.286</TD>
    <TD>4020.653</TD>
    <TD>21.6964</TD>
    <TD>0.0474</TD>
    <TD>21.4626</TD>
    <TD>0.0625</TD>
    <TD>21.4626</TD>
    <TD>0.0625</TD>
    <TD>0.0</TD>
  </TR>
  <TR>
    <TD>6009.0</TD>
    <TD>240.8446</TD>
    <TD>55.05364</TD>
    <TD>726.689</TD>
    <TD>3715.316</TD>
    <TD>25.7576</TD>
    <TD>0.3137</TD>
    <TD>25.6518</TD>
    <TD>0.3955</TD>
    <TD>25.6518</TD>
    <TD>0.3955</TD>
    <TD>0.41</TD>
  </TR>
  <TR>
    <TD>6010.0</TD>
    <TD>240.9394</TD>
    <TD>54.93466</TD>
    <TD>2019.317</TD>
    <TD>3105.651</TD>
    <TD>25.8365</TD>
    <TD>0.3364</TD>
    <TD>25.512</TD>
    <TD>0.3488</TD>
    <TD>25.512</TD>
    <TD>0.3488</TD>
    <TD>0.42</TD>
  </TR>
  <TR>
    <TD>6011.0</TD>
    <TD>240.8404</TD>
    <TD>55.10958</TD>
    <TD>109.789</TD>
    <TD>3751.681</TD>
    <TD>20.1067</TD>
    <TD>0.018</TD>
    <TD>19.8768</TD>
    <TD>0.0275</TD>
    <TD>19.9815</TD>
    <TD>0.0186</TD>
    <TD>0.02</TD>
  </TR>
  <TR>
    <TD>6012.0</TD>
    <TD>240.7912</TD>
    <TD>55.09626</TD>
    <TD>260.184</TD>
    <TD>4056.017</TD>
    <TD>25.1556</TD>
    <TD>0.2726</TD>
    <TD>23.7506</TD>
    <TD>0.2844</TD>
    <TD>23.7506</TD>
    <TD>0.2844</TD>
    <TD>0.35</TD>
  </TR>
  <TR>
    <TD>6013.0</TD>
    <TD>240.788</TD>
    <TD>54.93431</TD>
    <TD>2034.994</TD>
    <TD>4048.045</TD>
    <TD>24.9995</TD>
    <TD>0.2371</TD>
    <TD>24.2276</TD>
    <TD>0.335</TD>
    <TD>24.2276</TD>
    <TD>0.335</TD>
    <TD>0.47</TD>
  </TR>
  <TR>
    <TD>6014.0</TD>
    <TD>240.7824</TD>
    <TD>54.98843</TD>
    <TD>1445.373</TD>
    <TD>4091.866</TD>
    <TD>25.4706</TD>
    <TD>0.3083</TD>
    <TD>24.0891</TD>
    <TD>0.3023</TD>
    <TD>24.0891</TD>
    <TD>0.3023</TD>
    <TD>0.36</TD>
  </TR>
  <TR>
    <TD>6015.0</TD>
    <TD>240.8018</TD>
    <TD>54.93683</TD>
    <TD>2006.69</TD>
    <TD>3962.341</TD>
    <TD>26.1388</TD>
    <TD>0.4406</TD>
    <TD>25.2291</TD>
    <TD>0.5286</TD>
    <TD>25.2291</TD>
    <TD>0.5286</TD>
    <TD>0.35</TD>
  </TR>
  <TR>
    <TD>6016.0</TD>
    <TD>240.8812</TD>
    <TD>55.09649</TD>
    <TD>251.72</TD>
    <TD>3494.72</TD>
    <TD>22.0496</TD>
    <TD>0.0532</TD>
    <TD>21.7272</TD>
    <TD>0.094</TD>
    <TD>21.7272</TD>
    <TD>0.094</TD>
    <TD>0.0</TD>
  </TR>
  <TR>
    <TD>6017.0</TD>
    <TD>240.9446</TD>
    <TD>55.10606</TD>
    <TD>140.619</TD>
    <TD>3101.308</TD>
    <TD>25.6644</TD>
    <TD>0.2889</TD>
    <TD>25.6119</TD>
    <TD>0.3816</TD>
    <TD>25.6119</TD>
    <TD>0.3816</TD>
    <TD>0.42</TD>
  </TR>
  <TR>
    <TD>6018.0</TD>
    <TD>240.9229</TD>
    <TD>55.05028</TD>
    <TD>757.497</TD>
    <TD>3227.431</TD>
    <TD>21.818</TD>
    <TD>0.049</TD>
    <TD>21.6624</TD>
    <TD>0.0822</TD>
    <TD>21.6624</TD>
    <TD>0.0822</TD>
    <TD>0.0</TD>
  </TR>
  <TR>
    <TD>6019.0</TD>
    <TD>240.7907</TD>
    <TD>55.01426</TD>
    <TD>1162.342</TD>
    <TD>4044.31</TD>
    <TD>26.1762</TD>
    <TD>0.4556</TD>
    <TD>25.0553</TD>
    <TD>0.4779</TD>
    <TD>25.0553</TD>
    <TD>0.4779</TD>
    <TD>0.35</TD>
  </TR>
  <TR>
    <TD>6020.0</TD>
    <TD>240.9453</TD>
    <TD>55.08001</TD>
    <TD>428.257</TD>
    <TD>3092.303</TD>
    <TD>25.606</TD>
    <TD>0.3134</TD>
    <TD>24.9734</TD>
    <TD>0.3108</TD>
    <TD>24.9734</TD>
    <TD>0.3108</TD>
    <TD>0.36</TD>
  </TR>
  <TR>
    <TD>6021.0</TD>
    <TD>240.8869</TD>
    <TD>55.04108</TD>
    <TD>861.635</TD>
    <TD>3449.689</TD>
    <TD>24.1311</TD>
    <TD>0.161</TD>
    <TD>22.7618</TD>
    <TD>0.1913</TD>
    <TD>22.7618</TD>
    <TD>0.1913</TD>
    <TD>0.6</TD>
  </TR>
  <TR>
    <TD>6022.0</TD>
    <TD>240.9377</TD>
    <TD>54.97701</TD>
    <TD>1558.311</TD>
    <TD>3123.308</TD>
    <TD>24.4767</TD>
    <TD>0.2059</TD>
    <TD>23.6585</TD>
    <TD>0.3339</TD>
    <TD>23.6585</TD>
    <TD>0.3339</TD>
    <TD>0.36</TD>
  </TR>
  <TR>
    <TD>6023.0</TD>
    <TD>240.8641</TD>
    <TD>55.113</TD>
    <TD>70.324</TD>
    <TD>3604.208</TD>
    <TD>25.2658</TD>
    <TD>0.2797</TD>
    <TD>24.5857</TD>
    <TD>0.3171</TD>
    <TD>24.5857</TD>
    <TD>0.3171</TD>
    <TD>0.4</TD>
  </TR>
  <TR>
    <TD>6024.0</TD>
    <TD>240.8001</TD>
    <TD>55.00621</TD>
    <TD>1249.953</TD>
    <TD>3984.637</TD>
    <TD>24.5144</TD>
    <TD>0.1818</TD>
    <TD>23.974</TD>
    <TD>0.3601</TD>
    <TD>23.974</TD>
    <TD>0.3601</TD>
    <TD>0.49</TD>
  </TR>
  <TR>
    <TD>6025.0</TD>
    <TD>240.8938</TD>
    <TD>55.06755</TD>
    <TD>570.036</TD>
    <TD>3410.985</TD>
    <TD>23.192</TD>
    <TD>0.0558</TD>
    <TD>23.2097</TD>
    <TD>0.0809</TD>
    <TD>23.2097</TD>
    <TD>0.0809</TD>
    <TD>0.97</TD>
  </TR>
  <TR>
    <TD>6026.0</TD>
    <TD>240.7936</TD>
    <TD>54.98257</TD>
    <TD>1508.723</TD>
    <TD>4020.891</TD>
    <TD>23.3367</TD>
    <TD>0.1097</TD>
    <TD>22.7837</TD>
    <TD>0.1872</TD>
    <TD>22.7837</TD>
    <TD>0.1872</TD>
    <TD>0.09</TD>
  </TR>
  <TR>
    <TD>6027.0</TD>
    <TD>240.8912</TD>
    <TD>55.05511</TD>
    <TD>707.103</TD>
    <TD>3425.135</TD>
    <TD>24.9568</TD>
    <TD>0.243</TD>
    <TD>24.1089</TD>
    <TD>0.3641</TD>
    <TD>24.1089</TD>
    <TD>0.3641</TD>
    <TD>0.34</TD>
  </TR>
  <TR>
    <TD>6028.0</TD>
    <TD>240.8137</TD>
    <TD>55.01477</TD>
    <TD>1155.318</TD>
    <TD>3901.317</TD>
    <TD>26.0263</TD>
    <TD>0.3984</TD>
    <TD>24.9441</TD>
    <TD>0.4836</TD>
    <TD>24.9441</TD>
    <TD>0.4836</TD>
    <TD>0.35</TD>
  </TR>
  <TR>
    <TD>6029.0</TD>
    <TD>240.8818</TD>
    <TD>54.98122</TD>
    <TD>1517.094</TD>
    <TD>3471.501</TD>
    <TD>23.4487</TD>
    <TD>0.1229</TD>
    <TD>23.0801</TD>
    <TD>0.1599</TD>
    <TD>23.0801</TD>
    <TD>0.1599</TD>
    <TD>0.0</TD>
  </TR>
  <TR>
    <TD>6030.0</TD>
    <TD>240.8754</TD>
    <TD>55.0883</TD>
    <TD>342.655</TD>
    <TD>3529.2</TD>
    <TD>25.5366</TD>
    <TD>0.327</TD>
    <TD>24.6972</TD>
    <TD>0.298</TD>
    <TD>24.6972</TD>
    <TD>0.298</TD>
    <TD>0.45</TD>
  </TR>
  <TR>
    <TD>6031.0</TD>
    <TD>240.8053</TD>
    <TD>55.10008</TD>
    <TD>217.085</TD>
    <TD>3968.761</TD>
    <TD>21.43</TD>
    <TD>0.0366</TD>
    <TD>21.304</TD>
    <TD>0.05</TD>
    <TD>21.304</TD>
    <TD>0.05</TD>
    <TD>0.01</TD>
  </TR>
  <TR>
    <TD>6032.0</TD>
    <TD>240.836</TD>
    <TD>55.02187</TD>
    <TD>1076.098</TD>
    <TD>3763.418</TD>
    <TD>23.5144</TD>
    <TD>0.1247</TD>
    <TD>23.0124</TD>
    <TD>0.1516</TD>
    <TD>23.0124</TD>
    <TD>0.1516</TD>
    <TD>0.67</TD>
  </TR>
  <TR>
    <TD>6033.0</TD>
    <TD>240.8795</TD>
    <TD>54.94327</TD>
    <TD>1930.786</TD>
    <TD>3479.448</TD>
    <TD>25.2141</TD>
    <TD>0.2454</TD>
    <TD>24.6591</TD>
    <TD>0.4136</TD>
    <TD>24.6591</TD>
    <TD>0.4136</TD>
    <TD>0.35</TD>
  </TR>
  <TR>
    <TD>6034.0</TD>
    <TD>240.7987</TD>
    <TD>55.11672</TD>
    <TD>33.267</TD>
    <TD>4013.118</TD>
    <TD>23.1096</TD>
    <TD>0.1051</TD>
    <TD>22.5698</TD>
    <TD>0.1382</TD>
    <TD>22.5698</TD>
    <TD>0.1382</TD>
    <TD>0.0</TD>
  </TR>
  <TR>
    <TD>6035.0</TD>
    <TD>240.7975</TD>
    <TD>55.10529</TD>
    <TD>159.956</TD>
    <TD>4018.483</TD>
    <TD>20.7953</TD>
    <TD>0.0227</TD>
    <TD>20.6988</TD>
    <TD>0.0305</TD>
    <TD>20.7028</TD>
    <TD>0.0234</TD>
    <TD>0.02</TD>
  </TR>
  <TR>
    <TD>6036.0</TD>
    <TD>240.7991</TD>
    <TD>55.08735</TD>
    <TD>358.142</TD>
    <TD>4005.208</TD>
    <TD>22.5864</TD>
    <TD>0.081</TD>
    <TD>22.1396</TD>
    <TD>0.1303</TD>
    <TD>22.0436</TD>
    <TD>0.0791</TD>
    <TD>0.0</TD>
  </TR>
  <TR>
    <TD>6037.0</TD>
    <TD>240.8164</TD>
    <TD>55.10511</TD>
    <TD>160.777</TD>
    <TD>3900.027</TD>
    <TD>22.6743</TD>
    <TD>0.0763</TD>
    <TD>22.4211</TD>
    <TD>0.0998</TD>
    <TD>22.4211</TD>
    <TD>0.0998</TD>
    <TD>0.0</TD>
  </TR>
  <TR>
    <TD>6038.0</TD>
    <TD>240.7926</TD>
    <TD>55.09117</TD>
    <TD>316.31</TD>
    <TD>4046.304</TD>
    <TD>25.9065</TD>
    <TD>0.3581</TD>
    <TD>24.6606</TD>
    <TD>0.3733</TD>
    <TD>24.6606</TD>
    <TD>0.3733</TD>
    <TD>0.41</TD>
  </TR>
  <TR>
    <TD>6039.0</TD>
    <TD>240.892</TD>
    <TD>54.98241</TD>
    <TD>1503.28</TD>
    <TD>3408.033</TD>
    <TD>21.0151</TD>
    <TD>0.0264</TD>
    <TD>20.9744</TD>
    <TD>0.034</TD>
    <TD>20.9744</TD>
    <TD>0.034</TD>
    <TD>0.02</TD>
  </TR>
  <TR>
    <TD>6040.0</TD>
    <TD>240.8777</TD>
    <TD>54.95549</TD>
    <TD>1797.954</TD>
    <TD>3492.796</TD>
    <TD>18.5671</TD>
    <TD>0.0071</TD>
    <TD>18.554</TD>
    <TD>0.0078</TD>
    <TD>18.554</TD>
    <TD>0.0078</TD>
    <TD>0.03</TD>
  </TR>
  <TR>
    <TD>6041.0</TD>
    <TD>240.7812</TD>
    <TD>54.9699</TD>
    <TD>1647.725</TD>
    <TD>4095.939</TD>
    <TD>24.3546</TD>
    <TD>0.2023</TD>
    <TD>23.6079</TD>
    <TD>0.253</TD>
    <TD>23.6079</TD>
    <TD>0.253</TD>
    <TD>0.49</TD>
  </TR>
  <TR>
    <TD>6042.0</TD>
    <TD>240.7997</TD>
    <TD>55.11075</TD>
    <TD>99.336</TD>
    <TD>4005.262</TD>
    <TD>25.0387</TD>
    <TD>0.2285</TD>
    <TD>25.0377</TD>
    <TD>0.3642</TD>
    <TD>25.0377</TD>
    <TD>0.3642</TD>
    <TD>0.41</TD>
  </TR>
  <TR>
    <TD>6043.0</TD>
    <TD>240.785</TD>
    <TD>55.00694</TD>
    <TD>1242.824</TD>
    <TD>4078.694</TD>
    <TD>23.4741</TD>
    <TD>0.1293</TD>
    <TD>22.8045</TD>
    <TD>0.1939</TD>
    <TD>22.8045</TD>
    <TD>0.1939</TD>
    <TD>0.14</TD>
  </TR>
  <TR>
    <TD>6044.0</TD>
    <TD>240.8284</TD>
    <TD>55.06041</TD>
    <TD>653.351</TD>
    <TD>3817.691</TD>
    <TD>26.2249</TD>
    <TD>0.476</TD>
    <TD>24.3845</TD>
    <TD>0.3219</TD>
    <TD>24.3845</TD>
    <TD>0.3219</TD>
    <TD>0.36</TD>
  </TR>
  <TR>
    <TD>6045.0</TD>
    <TD>240.7971</TD>
    <TD>55.0921</TD>
    <TD>305.839</TD>
    <TD>4018.501</TD>
    <TD>24.2659</TD>
    <TD>0.1647</TD>
    <TD>24.0143</TD>
    <TD>0.2887</TD>
    <TD>24.0143</TD>
    <TD>0.2887</TD>
    <TD>0.48</TD>
  </TR>
  <TR>
    <TD>6046.0</TD>
    <TD>240.7829</TD>
    <TD>54.95831</TD>
    <TD>1773.993</TD>
    <TD>4083.49</TD>
    <TD>25.4676</TD>
    <TD>0.2771</TD>
    <TD>24.8462</TD>
    <TD>0.2666</TD>
    <TD>24.8462</TD>
    <TD>0.2666</TD>
    <TD>0.45</TD>
  </TR>
  <TR>
    <TD>6047.0</TD>
    <TD>240.7877</TD>
    <TD>54.99016</TD>
    <TD>1426.219</TD>
    <TD>4059.234</TD>
    <TD>23.3209</TD>
    <TD>0.1128</TD>
    <TD>22.9535</TD>
    <TD>0.1431</TD>
    <TD>22.9535</TD>
    <TD>0.1431</TD>
    <TD>0.08</TD>
  </TR>
  <TR>
    <TD>6048.0</TD>
    <TD>240.8033</TD>
    <TD>54.98708</TD>
    <TD>1458.892</TD>
    <TD>3961.471</TD>
    <TD>16.1128</TD>
    <TD>0.0013</TD>
    <TD>16.1383</TD>
    <TD>0.0012</TD>
    <TD>16.1383</TD>
    <TD>0.0012</TD>
    <TD>0.96</TD>
  </TR>
  <TR>
    <TD>6049.0</TD>
    <TD>240.8945</TD>
    <TD>55.03059</TD>
    <TD>976.022</TD>
    <TD>3400.842</TD>
    <TD>24.1663</TD>
    <TD>0.1709</TD>
    <TD>23.5795</TD>
    <TD>0.251</TD>
    <TD>23.5795</TD>
    <TD>0.251</TD>
    <TD>0.39</TD>
  </TR>
  <TR>
    <TD>6050.0</TD>
    <TD>240.8011</TD>
    <TD>54.99795</TD>
    <TD>1340.235</TD>
    <TD>3976.617</TD>
    <TD>19.8355</TD>
    <TD>0.0119</TD>
    <TD>19.8099</TD>
    <TD>0.0135</TD>
    <TD>19.8099</TD>
    <TD>0.0135</TD>
    <TD>0.03</TD>
  </TR>
  <TR>
    <TD>6051.0</TD>
    <TD>240.8045</TD>
    <TD>55.00719</TD>
    <TD>1238.953</TD>
    <TD>3957.522</TD>
    <TD>25.3708</TD>
    <TD>0.3073</TD>
    <TD>23.7274</TD>
    <TD>0.2541</TD>
    <TD>23.7274</TD>
    <TD>0.2541</TD>
    <TD>0.35</TD>
  </TR>
  <TR>
    <TD>6052.0</TD>
    <TD>240.8078</TD>
    <TD>55.11061</TD>
    <TD>100.47</TD>
    <TD>3955.137</TD>
    <TD>24.0654</TD>
    <TD>0.1562</TD>
    <TD>23.5805</TD>
    <TD>0.2501</TD>
    <TD>23.5805</TD>
    <TD>0.2501</TD>
    <TD>0.29</TD>
  </TR>
  <TR>
    <TD>6053.0</TD>
    <TD>240.8082</TD>
    <TD>55.08216</TD>
    <TD>414.896</TD>
    <TD>3947.024</TD>
    <TD>24.0919</TD>
    <TD>0.1308</TD>
    <TD>24.1887</TD>
    <TD>0.2174</TD>
    <TD>24.1887</TD>
    <TD>0.2174</TD>
    <TD>0.64</TD>
  </TR>
  <TR>
    <TD>6054.0</TD>
    <TD>240.7987</TD>
    <TD>55.08906</TD>
    <TD>339.364</TD>
    <TD>4007.617</TD>
    <TD>18.3523</TD>
    <TD>0.0046</TD>
    <TD>18.3616</TD>
    <TD>0.0046</TD>
    <TD>18.3616</TD>
    <TD>0.0046</TD>
    <TD>0.03</TD>
  </TR>
  <TR>
    <TD>6055.0</TD>
    <TD>240.8012</TD>
    <TD>54.97071</TD>
    <TD>1637.675</TD>
    <TD>3971.663</TD>
    <TD>25.8426</TD>
    <TD>0.3383</TD>
    <TD>25.5211</TD>
    <TD>0.3516</TD>
    <TD>25.5211</TD>
    <TD>0.3516</TD>
    <TD>0.36</TD>
  </TR>
  <TR>
    <TD>6056.0</TD>
    <TD>240.798</TD>
    <TD>55.0788</TD>
    <TD>452.578</TD>
    <TD>4010.021</TD>
    <TD>25.1225</TD>
    <TD>0.2646</TD>
    <TD>24.4419</TD>
    <TD>0.5047</TD>
    <TD>24.4419</TD>
    <TD>0.5047</TD>
    <TD>0.36</TD>
  </TR>
  <TR>
    <TD>6057.0</TD>
    <TD>240.8752</TD>
    <TD>54.97325</TD>
    <TD>1604.552</TD>
    <TD>3511.58</TD>
    <TD>22.548</TD>
    <TD>0.0751</TD>
    <TD>22.4087</TD>
    <TD>0.1172</TD>
    <TD>22.4087</TD>
    <TD>0.1172</TD>
    <TD>0.05</TD>
  </TR>
  <TR>
    <TD>6058.0</TD>
    <TD>240.8184</TD>
    <TD>55.04422</TD>
    <TD>832.034</TD>
    <TD>3877.032</TD>
    <TD>24.2272</TD>
    <TD>0.1345</TD>
    <TD>24.168</TD>
    <TD>0.1892</TD>
    <TD>24.168</TD>
    <TD>0.1892</TD>
    <TD>0.83</TD>
  </TR>
  <TR>
    <TD>6059.0</TD>
    <TD>240.803</TD>
    <TD>54.96167</TD>
    <TD>1736.163</TD>
    <TD>3958.791</TD>
    <TD>23.5009</TD>
    <TD>0.1232</TD>
    <TD>23.0326</TD>
    <TD>0.2193</TD>
    <TD>22.964</TD>
    <TD>0.1205</TD>
    <TD>0.54</TD>
  </TR>
  <TR>
    <TD>6060.0</TD>
    <TD>240.803</TD>
    <TD>55.00214</TD>
    <TD>1294.258</TD>
    <TD>3965.606</TD>
    <TD>18.0946</TD>
    <TD>0.0055</TD>
    <TD>18.079</TD>
    <TD>0.0060</TD>
    <TD>18.079</TD>
    <TD>0.0060</TD>
    <TD>0.03</TD>
  </TR>
  <TR>
    <TD>6061.0</TD>
    <TD>240.8237</TD>
    <TD>54.97989</TD>
    <TD>1535.953</TD>
    <TD>3832.973</TD>
    <TD>24.237</TD>
    <TD>0.1662</TD>
    <TD>24.1457</TD>
    <TD>0.3745</TD>
    <TD>23.7884</TD>
    <TD>0.167</TD>
    <TD>0.49</TD>
  </TR>
  <TR>
    <TD>6062.0</TD>
    <TD>240.7872</TD>
    <TD>54.96913</TD>
    <TD>1655.822</TD>
    <TD>4058.933</TD>
    <TD>24.5571</TD>
    <TD>0.1704</TD>
    <TD>24.4737</TD>
    <TD>0.2375</TD>
    <TD>24.4737</TD>
    <TD>0.2375</TD>
    <TD>0.68</TD>
  </TR>
  <TR>
    <TD>6063.0</TD>
    <TD>240.8479</TD>
    <TD>55.08763</TD>
    <TD>352.036</TD>
    <TD>3700.473</TD>
    <TD>21.928</TD>
    <TD>0.05</TD>
    <TD>21.8348</TD>
    <TD>0.092</TD>
    <TD>21.8348</TD>
    <TD>0.092</TD>
    <TD>0.0</TD>
  </TR>
  <TR>
    <TD>6064.0</TD>
    <TD>240.8011</TD>
    <TD>55.04071</TD>
    <TD>871.653</TD>
    <TD>3984.372</TD>
    <TD>24.7372</TD>
    <TD>0.2111</TD>
    <TD>24.161</TD>
    <TD>0.3444</TD>
    <TD>24.161</TD>
    <TD>0.3444</TD>
    <TD>0.4</TD>
  </TR>
  <TR>
    <TD>6065.0</TD>
    <TD>240.7999</TD>
    <TD>55.08495</TD>
    <TD>384.646</TD>
    <TD>3999.311</TD>
    <TD>25.9027</TD>
    <TD>0.3569</TD>
    <TD>24.7291</TD>
    <TD>0.4409</TD>
    <TD>24.7291</TD>
    <TD>0.4409</TD>
    <TD>0.36</TD>
  </TR>
  <TR>
    <TD>6066.0</TD>
    <TD>240.7878</TD>
    <TD>54.96517</TD>
    <TD>1698.963</TD>
    <TD>4054.166</TD>
    <TD>22.5196</TD>
    <TD>0.0774</TD>
    <TD>22.2996</TD>
    <TD>0.1518</TD>
    <TD>22.2996</TD>
    <TD>0.1518</TD>
    <TD>0.0</TD>
  </TR>
  <TR>
    <TD>6067.0</TD>
    <TD>240.8064</TD>
    <TD>55.07426</TD>
    <TD>502.132</TD>
    <TD>3956.979</TD>
    <TD>25.1151</TD>
    <TD>0.2446</TD>
    <TD>23.7783</TD>
    <TD>0.2749</TD>
    <TD>23.7783</TD>
    <TD>0.2749</TD>
    <TD>0.45</TD>
  </TR>
  <TR>
    <TD>6068.0</TD>
    <TD>240.8104</TD>
    <TD>55.10081</TD>
    <TD>208.758</TD>
    <TD>3937.098</TD>
    <TD>19.8782</TD>
    <TD>0.0137</TD>
    <TD>19.8372</TD>
    <TD>0.016</TD>
    <TD>19.8372</TD>
    <TD>0.016</TD>
    <TD>0.03</TD>
  </TR>
  <TR>
    <TD>6069.0</TD>
    <TD>240.7899</TD>
    <TD>55.05664</TD>
    <TD>697.242</TD>
    <TD>4056.835</TD>
    <TD>18.7901</TD>
    <TD>0.0080</TD>
    <TD>18.765</TD>
    <TD>0.0092</TD>
    <TD>18.765</TD>
    <TD>0.0092</TD>
    <TD>0.03</TD>
  </TR>
  <TR>
    <TD>6070.0</TD>
    <TD>240.8888</TD>
    <TD>55.0902</TD>
    <TD>320.593</TD>
    <TD>3445.942</TD>
    <TD>21.6069</TD>
    <TD>0.0414</TD>
    <TD>21.3127</TD>
    <TD>0.0671</TD>
    <TD>21.3127</TD>
    <TD>0.0671</TD>
    <TD>0.0</TD>
  </TR>
  <TR>
    <TD>6071.0</TD>
    <TD>240.8124</TD>
    <TD>54.9481</TD>
    <TD>1883.294</TD>
    <TD>3898.314</TD>
    <TD>25.7042</TD>
    <TD>0.2992</TD>
    <TD>24.8477</TD>
    <TD>0.3954</TD>
    <TD>24.8477</TD>
    <TD>0.3954</TD>
    <TD>0.41</TD>
  </TR>
  <TR>
    <TD>6072.0</TD>
    <TD>240.8688</TD>
    <TD>54.96806</TD>
    <TD>1661.725</TD>
    <TD>3550.55</TD>
    <TD>19.2022</TD>
    <TD>0.0078</TD>
    <TD>19.1996</TD>
    <TD>0.0084</TD>
    <TD>19.1996</TD>
    <TD>0.0084</TD>
    <TD>0.03</TD>
  </TR>
  <TR>
    <TD>6073.0</TD>
    <TD>240.803</TD>
    <TD>55.07984</TD>
    <TD>440.889</TD>
    <TD>3979.472</TD>
    <TD>23.3639</TD>
    <TD>0.114</TD>
    <TD>22.8632</TD>
    <TD>0.1671</TD>
    <TD>22.8632</TD>
    <TD>0.1671</TD>
    <TD>0.02</TD>
  </TR>
  <TR>
    <TD>6074.0</TD>
    <TD>240.8178</TD>
    <TD>55.1175</TD>
    <TD>23.471</TD>
    <TD>3893.974</TD>
    <TD>21.7764</TD>
    <TD>0.0446</TD>
    <TD>21.6148</TD>
    <TD>0.0593</TD>
    <TD>21.6148</TD>
    <TD>0.0593</TD>
    <TD>0.03</TD>
  </TR>
  <TR>
    <TD>6075.0</TD>
    <TD>240.8001</TD>
    <TD>55.08526</TD>
    <TD>381.206</TD>
    <TD>3998.435</TD>
    <TD>25.4987</TD>
    <TD>0.3446</TD>
    <TD>23.767</TD>
    <TD>0.2992</TD>
    <TD>23.767</TD>
    <TD>0.2992</TD>
    <TD>0.44</TD>
  </TR>
  <TR>
    <TD>6076.0</TD>
    <TD>240.8046</TD>
    <TD>54.96079</TD>
    <TD>1745.64</TD>
    <TD>3948.89</TD>
    <TD>20.7398</TD>
    <TD>0.0246</TD>
    <TD>20.5917</TD>
    <TD>0.034</TD>
    <TD>20.5917</TD>
    <TD>0.034</TD>
    <TD>0.01</TD>
  </TR>
  <TR>
    <TD>6077.0</TD>
    <TD>240.8051</TD>
    <TD>55.06835</TD>
    <TD>567.364</TD>
    <TD>3964.024</TD>
    <TD>21.7173</TD>
    <TD>0.0456</TD>
    <TD>21.4949</TD>
    <TD>0.0668</TD>
    <TD>21.4949</TD>
    <TD>0.0668</TD>
    <TD>0.01</TD>
  </TR>
  <TR>
    <TD>6078.0</TD>
    <TD>240.7971</TD>
    <TD>55.03854</TD>
    <TD>895.68</TD>
    <TD>4008.715</TD>
    <TD>25.7559</TD>
    <TD>0.3132</TD>
    <TD>25.196</TD>
    <TD>0.3185</TD>
    <TD>25.196</TD>
    <TD>0.3185</TD>
    <TD>0.39</TD>
  </TR>
  <TR>
    <TD>6079.0</TD>
    <TD>240.8101</TD>
    <TD>54.97933</TD>
    <TD>1542.974</TD>
    <TD>3917.982</TD>
    <TD>21.5452</TD>
    <TD>0.0374</TD>
    <TD>21.4655</TD>
    <TD>0.0501</TD>
    <TD>21.4655</TD>
    <TD>0.0501</TD>
    <TD>0.01</TD>
  </TR>
  <TR>
    <TD>6080.0</TD>
    <TD>240.8881</TD>
    <TD>55.04055</TD>
    <TD>867.297</TD>
    <TD>3442.319</TD>
    <TD>22.5434</TD>
    <TD>0.0748</TD>
    <TD>22.1227</TD>
    <TD>0.1207</TD>
    <TD>22.1227</TD>
    <TD>0.1207</TD>
    <TD>0.0</TD>
  </TR>
  <TR>
    <TD>6081.0</TD>
    <TD>240.8626</TD>
    <TD>54.93613</TD>
    <TD>2009.898</TD>
    <TD>3583.496</TD>
    <TD>23.8439</TD>
    <TD>0.1174</TD>
    <TD>23.7328</TD>
    <TD>0.1609</TD>
    <TD>23.7328</TD>
    <TD>0.1609</TD>
    <TD>0.58</TD>
  </TR>
  <TR>
    <TD>6082.0</TD>
    <TD>240.7849</TD>
    <TD>55.05965</TD>
    <TD>664.31</TD>
    <TD>4088.305</TD>
    <TD>25.9684</TD>
    <TD>0.3784</TD>
    <TD>24.1356</TD>
    <TD>0.2566</TD>
    <TD>24.1356</TD>
    <TD>0.2566</TD>
    <TD>0.38</TD>
  </TR>
  <TR>
    <TD>6083.0</TD>
    <TD>240.8069</TD>
    <TD>55.05498</TD>
    <TD>714.501</TD>
    <TD>3950.523</TD>
    <TD>25.639</TD>
    <TD>0.3227</TD>
    <TD>24.1696</TD>
    <TD>0.2825</TD>
    <TD>24.1696</TD>
    <TD>0.2825</TD>
    <TD>0.37</TD>
  </TR>
  <TR>
    <TD>6084.0</TD>
    <TD>240.8968</TD>
    <TD>55.00001</TD>
    <TD>1310.662</TD>
    <TD>3381.344</TD>
    <TD>25.9448</TD>
    <TD>0.3705</TD>
    <TD>25.2203</TD>
    <TD>0.3738</TD>
    <TD>25.2203</TD>
    <TD>0.3738</TD>
    <TD>0.35</TD>
  </TR>
  <TR>
    <TD>6085.0</TD>
    <TD>240.8071</TD>
    <TD>55.01374</TD>
    <TD>1167.025</TD>
    <TD>3942.373</TD>
    <TD>21.9831</TD>
    <TD>0.0519</TD>
    <TD>21.6193</TD>
    <TD>0.0829</TD>
    <TD>21.6193</TD>
    <TD>0.0829</TD>
    <TD>0.0</TD>
  </TR>
  <TR>
    <TD>6086.0</TD>
    <TD>240.8069</TD>
    <TD>54.98416</TD>
    <TD>1490.47</TD>
    <TD>3938.599</TD>
    <TD>17.5968</TD>
    <TD>0.0030</TD>
    <TD>17.6192</TD>
    <TD>0.0028</TD>
    <TD>17.6192</TD>
    <TD>0.0028</TD>
    <TD>0.13</TD>
  </TR>
  <TR>
    <TD>6087.0</TD>
    <TD>240.7911</TD>
    <TD>55.01027</TD>
    <TD>1206.019</TD>
    <TD>4041.412</TD>
    <TD>23.5693</TD>
    <TD>0.1007</TD>
    <TD>23.7158</TD>
    <TD>0.1671</TD>
    <TD>23.7158</TD>
    <TD>0.1671</TD>
    <TD>0.6</TD>
  </TR>
  <TR>
    <TD>6088.0</TD>
    <TD>240.8675</TD>
    <TD>55.06534</TD>
    <TD>596.335</TD>
    <TD>3574.905</TD>
    <TD>23.2268</TD>
    <TD>0.1064</TD>
    <TD>22.7004</TD>
    <TD>0.1379</TD>
    <TD>22.7004</TD>
    <TD>0.1379</TD>
    <TD>0.17</TD>
  </TR>
  <TR>
    <TD>6089.0</TD>
    <TD>240.813</TD>
    <TD>54.94622</TD>
    <TD>1903.787</TD>
    <TD>3894.356</TD>
    <TD>23.4877</TD>
    <TD>0.1273</TD>
    <TD>22.7942</TD>
    <TD>0.2094</TD>
    <TD>22.7942</TD>
    <TD>0.2094</TD>
    <TD>0.08</TD>
  </TR>
  <TR>
    <TD>6090.0</TD>
    <TD>240.8189</TD>
    <TD>55.05363</TD>
    <TD>728.599</TD>
    <TD>3875.462</TD>
    <TD>22.7974</TD>
    <TD>0.0917</TD>
    <TD>22.6075</TD>
    <TD>0.1588</TD>
    <TD>22.6075</TD>
    <TD>0.1588</TD>
    <TD>0.48</TD>
  </TR>
  <TR>
    <TD>6091.0</TD>
    <TD>240.8073</TD>
    <TD>55.11906</TD>
    <TD>6.83</TD>
    <TD>3959.624</TD>
    <TD>25.4457</TD>
    <TD>0.3016</TD>
    <TD>24.994</TD>
    <TD>0.3047</TD>
    <TD>24.994</TD>
    <TD>0.3047</TD>
    <TD>0.35</TD>
  </TR>
  <TR>
    <TD>6092.0</TD>
    <TD>240.8641</TD>
    <TD>55.09418</TD>
    <TD>278.537</TD>
    <TD>3601.126</TD>
    <TD>20.8947</TD>
    <TD>0.0274</TD>
    <TD>20.7721</TD>
    <TD>0.0352</TD>
    <TD>20.7721</TD>
    <TD>0.0352</TD>
    <TD>0.01</TD>
  </TR>
  <TR>
    <TD>6093.0</TD>
    <TD>240.8041</TD>
    <TD>55.04524</TD>
    <TD>821.662</TD>
    <TD>3966.387</TD>
    <TD>21.4633</TD>
    <TD>0.035</TD>
    <TD>21.3642</TD>
    <TD>0.0459</TD>
    <TD>21.3642</TD>
    <TD>0.0459</TD>
    <TD>0.01</TD>
  </TR>
  <TR>
    <TD>6094.0</TD>
    <TD>240.8657</TD>
    <TD>54.93408</TD>
    <TD>2031.922</TD>
    <TD>3563.894</TD>
    <TD>22.898</TD>
    <TD>0.0939</TD>
    <TD>22.6301</TD>
    <TD>0.1679</TD>
    <TD>22.6301</TD>
    <TD>0.1679</TD>
    <TD>0.0</TD>
  </TR>
  <TR>
    <TD>6095.0</TD>
    <TD>240.8935</TD>
    <TD>55.07875</TD>
    <TD>446.67</TD>
    <TD>3415.228</TD>
    <TD>25.5484</TD>
    <TD>0.3604</TD>
    <TD>24.1964</TD>
    <TD>0.4009</TD>
    <TD>24.1964</TD>
    <TD>0.4009</TD>
    <TD>0.36</TD>
  </TR>
  <TR>
    <TD>6096.0</TD>
    <TD>240.8036</TD>
    <TD>54.99573</TD>
    <TD>1364.249</TD>
    <TD>3960.821</TD>
    <TD>23.8981</TD>
    <TD>0.1518</TD>
    <TD>23.7459</TD>
    <TD>0.2107</TD>
    <TD>23.7459</TD>
    <TD>0.2107</TD>
    <TD>0.49</TD>
  </TR>
  <TR>
    <TD>6097.0</TD>
    <TD>240.8099</TD>
    <TD>54.99451</TD>
    <TD>1377.241</TD>
    <TD>3921.373</TD>
    <TD>21.8988</TD>
    <TD>0.049</TD>
    <TD>21.6436</TD>
    <TD>0.077</TD>
    <TD>21.6436</TD>
    <TD>0.077</TD>
    <TD>0.08</TD>
  </TR>
  <TR>
    <TD>6098.0</TD>
    <TD>240.879</TD>
    <TD>55.10324</TD>
    <TD>177.318</TD>
    <TD>3509.589</TD>
    <TD>21.8034</TD>
    <TD>0.0509</TD>
    <TD>21.5011</TD>
    <TD>0.0688</TD>
    <TD>21.5011</TD>
    <TD>0.0688</TD>
    <TD>0.0</TD>
  </TR>
  <TR>
    <TD>6099.0</TD>
    <TD>240.8616</TD>
    <TD>54.96838</TD>
    <TD>1658.725</TD>
    <TD>3595.199</TD>
    <TD>22.4324</TD>
    <TD>0.0738</TD>
    <TD>22.0858</TD>
    <TD>0.1149</TD>
    <TD>22.0858</TD>
    <TD>0.1149</TD>
    <TD>0.0</TD>
  </TR>
  <TR>
    <TD>6100.0</TD>
    <TD>240.8064</TD>
    <TD>55.11676</TD>
    <TD>32.387</TD>
    <TD>3964.801</TD>
    <TD>24.1213</TD>
    <TD>0.1548</TD>
    <TD>23.2819</TD>
    <TD>0.3505</TD>
    <TD>23.2819</TD>
    <TD>0.3505</TD>
    <TD>0.41</TD>
  </TR>
  <TR>
    <TD>6101.0</TD>
    <TD>240.8058</TD>
    <TD>55.11687</TD>
    <TD>31.195</TD>
    <TD>3968.597</TD>
    <TD>24.3894</TD>
    <TD>0.1839</TD>
    <TD>23.2453</TD>
    <TD>0.2294</TD>
    <TD>23.2453</TD>
    <TD>0.2294</TD>
    <TD>0.44</TD>
  </TR>
  <TR>
    <TD>6102.0</TD>
    <TD>240.8121</TD>
    <TD>55.05701</TD>
    <TD>691.823</TD>
    <TD>3918.656</TD>
    <TD>23.4438</TD>
    <TD>0.1275</TD>
    <TD>22.772</TD>
    <TD>0.207</TD>
    <TD>22.719</TD>
    <TD>0.1157</TD>
    <TD>0.5</TD>
  </TR>
  <TR>
    <TD>6103.0</TD>
    <TD>240.8165</TD>
    <TD>55.10141</TD>
    <TD>201.806</TD>
    <TD>3898.958</TD>
    <TD>25.0556</TD>
    <TD>0.232</TD>
    <TD>24.6803</TD>
    <TD>0.2789</TD>
    <TD>24.6803</TD>
    <TD>0.2789</TD>
    <TD>0.48</TD>
  </TR>
  <TR>
    <TD>6104.0</TD>
    <TD>240.8231</TD>
    <TD>55.02662</TD>
    <TD>1024.875</TD>
    <TD>3844.848</TD>
    <TD>21.4334</TD>
    <TD>0.0416</TD>
    <TD>21.1908</TD>
    <TD>0.0602</TD>
    <TD>21.1908</TD>
    <TD>0.0602</TD>
    <TD>0.0</TD>
  </TR>
  <TR>
    <TD>6105.0</TD>
    <TD>240.8203</TD>
    <TD>55.11073</TD>
    <TD>98.339</TD>
    <TD>3877.285</TD>
    <TD>25.5483</TD>
    <TD>0.2608</TD>
    <TD>25.5547</TD>
    <TD>0.3624</TD>
    <TD>25.5547</TD>
    <TD>0.3624</TD>
    <TD>0.47</TD>
  </TR>
  <TR>
    <TD>6106.0</TD>
    <TD>240.8757</TD>
    <TD>55.05386</TD>
    <TD>722.024</TD>
    <TD>3521.476</TD>
    <TD>19.9441</TD>
    <TD>0.0159</TD>
    <TD>19.8723</TD>
    <TD>0.0199</TD>
    <TD>19.8723</TD>
    <TD>0.0199</TD>
    <TD>0.01</TD>
  </TR>
  <TR>
    <TD>6107.0</TD>
    <TD>240.8124</TD>
    <TD>55.07584</TD>
    <TD>484.423</TD>
    <TD>3920.221</TD>
    <TD>19.6387</TD>
    <TD>0.0101</TD>
    <TD>19.6228</TD>
    <TD>0.0115</TD>
    <TD>19.6228</TD>
    <TD>0.0115</TD>
    <TD>0.03</TD>
  </TR>
  <TR>
    <TD>6108.0</TD>
    <TD>240.8142</TD>
    <TD>55.09186</TD>
    <TD>307.5</TD>
    <TD>3911.525</TD>
    <TD>25.7284</TD>
    <TD>0.3495</TD>
    <TD>25.119</TD>
    <TD>0.3411</TD>
    <TD>25.119</TD>
    <TD>0.3411</TD>
    <TD>0.36</TD>
  </TR>
  <TR>
    <TD>6109.0</TD>
    <TD>240.8036</TD>
    <TD>54.98299</TD>
    <TD>1503.543</TD>
    <TD>3958.931</TD>
    <TD>25.5859</TD>
    <TD>0.3078</TD>
    <TD>24.5768</TD>
    <TD>0.24</TD>
    <TD>24.5768</TD>
    <TD>0.24</TD>
    <TD>0.42</TD>
  </TR>
  <TR>
    <TD>6110.0</TD>
    <TD>240.8024</TD>
    <TD>55.01762</TD>
    <TD>1124.787</TD>
    <TD>3972.028</TD>
    <TD>22.0588</TD>
    <TD>0.0558</TD>
    <TD>21.8279</TD>
    <TD>0.0716</TD>
    <TD>21.8279</TD>
    <TD>0.0716</TD>
    <TD>0.0</TD>
  </TR>
  <TR>
    <TD>6111.0</TD>
    <TD>240.8081</TD>
    <TD>55.08828</TD>
    <TD>347.387</TD>
    <TD>3948.907</TD>
    <TD>24.2277</TD>
    <TD>0.1755</TD>
    <TD>23.1883</TD>
    <TD>0.2077</TD>
    <TD>23.1883</TD>
    <TD>0.2077</TD>
    <TD>0.39</TD>
  </TR>
  <TR>
    <TD>6112.0</TD>
    <TD>240.8287</TD>
    <TD>55.03328</TD>
    <TD>951.476</TD>
    <TD>3811.006</TD>
    <TD>24.0504</TD>
    <TD>0.1663</TD>
    <TD>23.01</TD>
    <TD>0.2526</TD>
    <TD>23.3748</TD>
    <TD>0.1542</TD>
    <TD>0.3</TD>
  </TR>
  <TR>
    <TD>6113.0</TD>
    <TD>240.7999</TD>
    <TD>55.08601</TD>
    <TD>372.955</TD>
    <TD>4000.0</TD>
    <TD>26.015</TD>
    <TD>0.3944</TD>
    <TD>24.4481</TD>
    <TD>0.3248</TD>
    <TD>24.4481</TD>
    <TD>0.3248</TD>
    <TD>0.4</TD>
  </TR>
  <TR>
    <TD>6114.0</TD>
    <TD>240.8703</TD>
    <TD>55.07742</TD>
    <TD>463.034</TD>
    <TD>3559.096</TD>
    <TD>23.7553</TD>
    <TD>0.1154</TD>
    <TD>23.6507</TD>
    <TD>0.1781</TD>
    <TD>23.5087</TD>
    <TD>0.1198</TD>
    <TD>0.72</TD>
  </TR>
  <TR>
    <TD>6115.0</TD>
    <TD>240.8847</TD>
    <TD>55.07867</TD>
    <TD>448.178</TD>
    <TD>3469.777</TD>
    <TD>23.8674</TD>
    <TD>0.1569</TD>
    <TD>21.9604</TD>
    <TD>0.1175</TD>
    <TD>23.0952</TD>
    <TD>0.1391</TD>
    <TD>0.05</TD>
  </TR>
  <TR>
    <TD>6116.0</TD>
    <TD>240.8597</TD>
    <TD>55.02103</TD>
    <TD>1083.519</TD>
    <TD>3615.511</TD>
    <TD>25.3012</TD>
    <TD>0.2392</TD>
    <TD>24.796</TD>
    <TD>0.5208</TD>
    <TD>24.796</TD>
    <TD>0.5208</TD>
    <TD>0.5</TD>
  </TR>
  <TR>
    <TD>6117.0</TD>
    <TD>240.8234</TD>
    <TD>55.07569</TD>
    <TD>485.361</TD>
    <TD>3851.39</TD>
    <TD>24.1475</TD>
    <TD>0.1191</TD>
    <TD>24.3357</TD>
    <TD>0.2149</TD>
    <TD>24.3357</TD>
    <TD>0.2149</TD>
    <TD>0.76</TD>
  </TR>
  <TR>
    <TD>6118.0</TD>
    <TD>240.819</TD>
    <TD>55.09584</TD>
    <TD>263.174</TD>
    <TD>3882.419</TD>
    <TD>24.0966</TD>
    <TD>0.1258</TD>
    <TD>24.0951</TD>
    <TD>0.1925</TD>
    <TD>24.0951</TD>
    <TD>0.1925</TD>
    <TD>0.62</TD>
  </TR>
  <TR>
    <TD>6119.0</TD>
    <TD>240.817</TD>
    <TD>55.05885</TD>
    <TD>671.317</TD>
    <TD>3888.496</TD>
    <TD>24.7026</TD>
    <TD>0.215</TD>
    <TD>23.155</TD>
    <TD>0.2064</TD>
    <TD>24.156</TD>
    <TD>0.2097</TD>
    <TD>0.43</TD>
  </TR>
  <TR>
    <TD>6120.0</TD>
    <TD>240.8848</TD>
    <TD>55.07564</TD>
    <TD>481.563</TD>
    <TD>3468.883</TD>
    <TD>25.0949</TD>
    <TD>0.2908</TD>
    <TD>23.6716</TD>
    <TD>0.2621</TD>
    <TD>23.6716</TD>
    <TD>0.2621</TD>
    <TD>0.36</TD>
  </TR>
  <TR>
    <TD>6121.0</TD>
    <TD>240.8772</TD>
    <TD>55.08423</TD>
    <TD>387.491</TD>
    <TD>3517.481</TD>
    <TD>24.0764</TD>
    <TD>0.1577</TD>
    <TD>23.6319</TD>
    <TD>0.1751</TD>
    <TD>23.5819</TD>
    <TD>0.1565</TD>
    <TD>0.48</TD>
  </TR>
  <TR>
    <TD>6122.0</TD>
    <TD>240.8211</TD>
    <TD>55.04433</TD>
    <TD>830.608</TD>
    <TD>3860.197</TD>
    <TD>24.7289</TD>
    <TD>0.2095</TD>
    <TD>24.0421</TD>
    <TD>0.4679</TD>
    <TD>24.0421</TD>
    <TD>0.4679</TD>
    <TD>0.36</TD>
  </TR>
  <TR>
    <TD>6123.0</TD>
    <TD>240.8117</TD>
    <TD>55.05073</TD>
    <TD>760.883</TD>
    <TD>3919.919</TD>
    <TD>24.1729</TD>
    <TD>0.1218</TD>
    <TD>24.3667</TD>
    <TD>0.2262</TD>
    <TD>24.3667</TD>
    <TD>0.2262</TD>
    <TD>0.59</TD>
  </TR>
  <TR>
    <TD>6124.0</TD>
    <TD>240.8037</TD>
    <TD>54.96312</TD>
    <TD>1720.276</TD>
    <TD>3954.92</TD>
    <TD>20.0729</TD>
    <TD>0.0177</TD>
    <TD>19.9436</TD>
    <TD>0.0247</TD>
    <TD>19.9436</TD>
    <TD>0.0247</TD>
    <TD>0.02</TD>
  </TR>
  <TR>
    <TD>6125.0</TD>
    <TD>240.8012</TD>
    <TD>55.07061</TD>
    <TD>542.68</TD>
    <TD>3988.681</TD>
    <TD>26.0599</TD>
    <TD>0.4106</TD>
    <TD>25.1603</TD>
    <TD>0.6386</TD>
    <TD>25.1603</TD>
    <TD>0.6386</TD>
    <TD>0.36</TD>
  </TR>
  <TR>
    <TD>6126.0</TD>
    <TD>240.8608</TD>
    <TD>55.03656</TD>
    <TD>913.238</TD>
    <TD>3611.595</TD>
    <TD>20.3146</TD>
    <TD>0.0171</TD>
    <TD>20.2724</TD>
    <TD>0.0204</TD>
    <TD>20.2724</TD>
    <TD>0.0204</TD>
    <TD>0.02</TD>
  </TR>
  <TR>
    <TD>6127.0</TD>
    <TD>240.9018</TD>
    <TD>55.09928</TD>
    <TD>219.255</TD>
    <TD>3367.015</TD>
    <TD>19.5217</TD>
    <TD>0.0107</TD>
    <TD>19.4848</TD>
    <TD>0.0123</TD>
    <TD>19.4697</TD>
    <TD>0.011</TD>
    <TD>0.03</TD>
  </TR>
  <TR>
    <TD>6128.0</TD>
    <TD>240.8919</TD>
    <TD>55.0071</TD>
    <TD>1233.574</TD>
    <TD>3413.154</TD>
    <TD>25.4367</TD>
    <TD>0.3508</TD>
    <TD>24.3636</TD>
    <TD>0.3763</TD>
    <TD>24.3636</TD>
    <TD>0.3763</TD>
    <TD>0.35</TD>
  </TR>
  <TR>
    <TD>6129.0</TD>
    <TD>240.8379</TD>
    <TD>55.06648</TD>
    <TD>585.892</TD>
    <TD>3759.049</TD>
    <TD>21.8809</TD>
    <TD>0.0489</TD>
    <TD>21.7343</TD>
    <TD>0.0811</TD>
    <TD>21.7343</TD>
    <TD>0.0811</TD>
    <TD>0.0</TD>
  </TR>
  <TR>
    <TD>6130.0</TD>
    <TD>240.8848</TD>
    <TD>55.08993</TD>
    <TD>323.961</TD>
    <TD>3470.961</TD>
    <TD>21.6019</TD>
    <TD>0.0433</TD>
    <TD>21.3151</TD>
    <TD>0.0653</TD>
    <TD>21.3447</TD>
    <TD>0.0449</TD>
    <TD>0.0</TD>
  </TR>
  <TR>
    <TD>6131.0</TD>
    <TD>240.8165</TD>
    <TD>55.08931</TD>
    <TD>335.469</TD>
    <TD>3896.508</TD>
    <TD>25.7329</TD>
    <TD>0.3509</TD>
    <TD>24.9569</TD>
    <TD>0.5741</TD>
    <TD>24.9569</TD>
    <TD>0.5741</TD>
    <TD>0.42</TD>
  </TR>
  <TR>
    <TD>6132.0</TD>
    <TD>240.871</TD>
    <TD>55.00075</TD>
    <TD>1304.639</TD>
    <TD>3541.678</TD>
    <TD>26.1866</TD>
    <TD>0.4599</TD>
    <TD>25.1732</TD>
    <TD>0.4813</TD>
    <TD>25.1732</TD>
    <TD>0.4813</TD>
    <TD>0.35</TD>
  </TR>
  <TR>
    <TD>6133.0</TD>
    <TD>240.8055</TD>
    <TD>54.94747</TD>
    <TD>1890.59</TD>
    <TD>3941.103</TD>
    <TD>25.149</TD>
    <TD>0.271</TD>
    <TD>24.5154</TD>
    <TD>0.2975</TD>
    <TD>24.5154</TD>
    <TD>0.2975</TD>
    <TD>0.37</TD>
  </TR>
  <TR>
    <TD>6134.0</TD>
    <TD>240.8163</TD>
    <TD>55.08294</TD>
    <TD>405.869</TD>
    <TD>3896.961</TD>
    <TD>21.3331</TD>
    <TD>0.0325</TD>
    <TD>21.3034</TD>
    <TD>0.0436</TD>
    <TD>21.3034</TD>
    <TD>0.0436</TD>
    <TD>0.01</TD>
  </TR>
  <TR>
    <TD>6135.0</TD>
    <TD>240.8073</TD>
    <TD>55.06549</TD>
    <TD>598.773</TD>
    <TD>3950.037</TD>
    <TD>25.6843</TD>
    <TD>0.336</TD>
    <TD>24.5182</TD>
    <TD>0.3507</TD>
    <TD>24.5182</TD>
    <TD>0.3507</TD>
    <TD>0.39</TD>
  </TR>
  <TR>
    <TD>6136.0</TD>
    <TD>240.8053</TD>
    <TD>54.97265</TD>
    <TD>1616.22</TD>
    <TD>3946.232</TD>
    <TD>25.926</TD>
    <TD>0.4172</TD>
    <TD>24.7795</TD>
    <TD>0.41</TD>
    <TD>24.7795</TD>
    <TD>0.41</TD>
    <TD>0.35</TD>
  </TR>
  <TR>
    <TD>6137.0</TD>
    <TD>240.8194</TD>
    <TD>55.08084</TD>
    <TD>428.873</TD>
    <TD>3877.289</TD>
    <TD>21.1442</TD>
    <TD>0.0292</TD>
    <TD>21.0147</TD>
    <TD>0.0414</TD>
    <TD>21.0147</TD>
    <TD>0.0414</TD>
    <TD>0.01</TD>
  </TR>
  <TR>
    <TD>6138.0</TD>
    <TD>240.8045</TD>
    <TD>55.0644</TD>
    <TD>610.991</TD>
    <TD>3967.006</TD>
    <TD>24.3389</TD>
    <TD>0.1484</TD>
    <TD>24.2035</TD>
    <TD>0.204</TD>
    <TD>24.2035</TD>
    <TD>0.204</TD>
    <TD>0.83</TD>
  </TR>
  <TR>
    <TD>6139.0</TD>
    <TD>240.8136</TD>
    <TD>55.06012</TD>
    <TD>657.536</TD>
    <TD>3909.47</TD>
    <TD>23.8726</TD>
    <TD>0.1546</TD>
    <TD>23.045</TD>
    <TD>0.1811</TD>
    <TD>23.045</TD>
    <TD>0.1811</TD>
    <TD>0.3</TD>
  </TR>
  <TR>
    <TD>6140.0</TD>
    <TD>240.8045</TD>
    <TD>54.97786</TD>
    <TD>1559.483</TD>
    <TD>3952.491</TD>
    <TD>25.7154</TD>
    <TD>0.3455</TD>
    <TD>24.8964</TD>
    <TD>0.4494</TD>
    <TD>24.8964</TD>
    <TD>0.4494</TD>
    <TD>0.36</TD>
  </TR>
  <TR>
    <TD>6141.0</TD>
    <TD>240.8164</TD>
    <TD>54.96618</TD>
    <TD>1686.007</TD>
    <TD>3875.97</TD>
    <TD>23.1644</TD>
    <TD>0.1068</TD>
    <TD>22.7877</TD>
    <TD>0.1331</TD>
    <TD>22.7877</TD>
    <TD>0.1331</TD>
    <TD>0.01</TD>
  </TR>
  <TR>
    <TD>6142.0</TD>
    <TD>240.8147</TD>
    <TD>54.93445</TD>
    <TD>2031.669</TD>
    <TD>3881.831</TD>
    <TD>19.2913</TD>
    <TD>0.0084</TD>
    <TD>19.2808</TD>
    <TD>0.0092</TD>
    <TD>19.2808</TD>
    <TD>0.0092</TD>
    <TD>0.03</TD>
  </TR>
  <TR>
    <TD>6143.0</TD>
    <TD>240.8185</TD>
    <TD>54.9477</TD>
    <TD>1887.201</TD>
    <TD>3859.889</TD>
    <TD>24.4689</TD>
    <TD>0.2112</TD>
    <TD>23.8123</TD>
    <TD>0.3092</TD>
    <TD>23.8123</TD>
    <TD>0.3092</TD>
    <TD>0.37</TD>
  </TR>
  <TR>
    <TD>6144.0</TD>
    <TD>240.8414</TD>
    <TD>55.09166</TD>
    <TD>307.907</TD>
    <TD>3741.857</TD>
    <TD>24.67</TD>
    <TD>0.1651</TD>
    <TD>24.9286</TD>
    <TD>0.2984</TD>
    <TD>24.9286</TD>
    <TD>0.2984</TD>
    <TD>0.8</TD>
  </TR>
  <TR>
    <TD>6145.0</TD>
    <TD>240.8051</TD>
    <TD>55.11502</TD>
    <TD>51.686</TD>
    <TD>3972.698</TD>
    <TD>26.1277</TD>
    <TD>0.4362</TD>
    <TD>25.2324</TD>
    <TD>0.6476</TD>
    <TD>25.2324</TD>
    <TD>0.6476</TD>
    <TD>0.36</TD>
  </TR>
  <TR>
    <TD>6146.0</TD>
    <TD>240.8185</TD>
    <TD>55.06618</TD>
    <TD>590.526</TD>
    <TD>3880.496</TD>
    <TD>23.8473</TD>
    <TD>0.1451</TD>
    <TD>23.2825</TD>
    <TD>0.2207</TD>
    <TD>23.2998</TD>
    <TD>0.1415</TD>
    <TD>0.09</TD>
  </TR>
  <TR>
    <TD>6147.0</TD>
    <TD>240.8151</TD>
    <TD>55.05176</TD>
    <TD>749.314</TD>
    <TD>3898.85</TD>
    <TD>25.1091</TD>
    <TD>0.2615</TD>
    <TD>24.1833</TD>
    <TD>0.3443</TD>
    <TD>24.1833</TD>
    <TD>0.3443</TD>
    <TD>0.42</TD>
  </TR>
  <TR>
    <TD>6148.0</TD>
    <TD>240.7991</TD>
    <TD>54.95929</TD>
    <TD>1762.326</TD>
    <TD>3982.679</TD>
    <TD>25.6247</TD>
    <TD>0.2789</TD>
    <TD>25.3335</TD>
    <TD>0.2972</TD>
    <TD>25.3335</TD>
    <TD>0.2972</TD>
    <TD>0.37</TD>
  </TR>
  <TR>
    <TD>6149.0</TD>
    <TD>240.8038</TD>
    <TD>55.03596</TD>
    <TD>923.639</TD>
    <TD>3966.672</TD>
    <TD>25.3492</TD>
    <TD>0.3014</TD>
    <TD>24.6801</TD>
    <TD>0.2788</TD>
    <TD>24.6801</TD>
    <TD>0.2788</TD>
    <TD>0.48</TD>
  </TR>
  <TR>
    <TD>6150.0</TD>
    <TD>240.807</TD>
    <TD>54.95181</TD>
    <TD>1843.329</TD>
    <TD>3932.214</TD>
    <TD>18.4836</TD>
    <TD>0.0050</TD>
    <TD>18.4892</TD>
    <TD>0.0050</TD>
    <TD>18.4892</TD>
    <TD>0.0050</TD>
    <TD>0.03</TD>
  </TR>
  <TR>
    <TD>6151.0</TD>
    <TD>240.8926</TD>
    <TD>55.06186</TD>
    <TD>632.779</TD>
    <TD>3417.66</TD>
    <TD>24.3745</TD>
    <TD>0.1941</TD>
    <TD>22.9258</TD>
    <TD>0.1938</TD>
    <TD>22.9258</TD>
    <TD>0.1938</TD>
    <TD>0.37</TD>
  </TR>
  <TR>
    <TD>6152.0</TD>
    <TD>240.8181</TD>
    <TD>55.10976</TD>
    <TD>109.197</TD>
    <TD>3890.837</TD>
    <TD>24.6615</TD>
    <TD>0.2168</TD>
    <TD>23.4014</TD>
    <TD>0.2661</TD>
    <TD>23.4014</TD>
    <TD>0.2661</TD>
    <TD>0.3</TD>
  </TR>
  <TR>
    <TD>6153.0</TD>
    <TD>240.8152</TD>
    <TD>54.94962</TD>
    <TD>1866.538</TD>
    <TD>3881.281</TD>
    <TD>23.9549</TD>
    <TD>0.116</TD>
    <TD>24.0542</TD>
    <TD>0.1891</TD>
    <TD>24.0542</TD>
    <TD>0.1891</TD>
    <TD>0.76</TD>
  </TR>
  <TR>
    <TD>6154.0</TD>
    <TD>240.8189</TD>
    <TD>55.05731</TD>
    <TD>688.1</TD>
    <TD>3876.405</TD>
    <TD>23.6836</TD>
    <TD>0.1331</TD>
    <TD>23.3604</TD>
    <TD>0.2541</TD>
    <TD>23.3604</TD>
    <TD>0.2541</TD>
    <TD>0.51</TD>
  </TR>
  <TR>
    <TD>6155.0</TD>
    <TD>240.8014</TD>
    <TD>55.10095</TD>
    <TD>207.787</TD>
    <TD>3993.239</TD>
    <TD>22.0332</TD>
    <TD>0.0542</TD>
    <TD>21.9781</TD>
    <TD>0.075</TD>
    <TD>21.9781</TD>
    <TD>0.075</TD>
    <TD>0.0</TD>
  </TR>
  <TR>
    <TD>6156.0</TD>
    <TD>240.839</TD>
    <TD>55.04946</TD>
    <TD>773.116</TD>
    <TD>3749.274</TD>
    <TD>25.0988</TD>
    <TD>0.2759</TD>
    <TD>24.2625</TD>
    <TD>0.3287</TD>
    <TD>24.2625</TD>
    <TD>0.3287</TD>
    <TD>0.35</TD>
  </TR>
  <TR>
    <TD>6157.0</TD>
    <TD>240.8641</TD>
    <TD>55.05378</TD>
    <TD>723.78</TD>
    <TD>3593.711</TD>
    <TD>23.5888</TD>
    <TD>0.1268</TD>
    <TD>22.8622</TD>
    <TD>0.1845</TD>
    <TD>22.8622</TD>
    <TD>0.1845</TD>
    <TD>0.7</TD>
  </TR>
  <TR>
    <TD>6158.0</TD>
    <TD>240.8206</TD>
    <TD>55.11606</TD>
    <TD>39.353</TD>
    <TD>3876.305</TD>
    <TD>25.9559</TD>
    <TD>0.3742</TD>
    <TD>25.2973</TD>
    <TD>0.2877</TD>
    <TD>25.2973</TD>
    <TD>0.2877</TD>
    <TD>0.35</TD>
  </TR>
  <TR>
    <TD>6159.0</TD>
    <TD>240.8058</TD>
    <TD>55.09687</TD>
    <TD>252.649</TD>
    <TD>3965.133</TD>
    <TD>22.841</TD>
    <TD>0.0512</TD>
    <TD>22.852</TD>
    <TD>0.0663</TD>
    <TD>22.852</TD>
    <TD>0.0663</TD>
    <TD>0.97</TD>
  </TR>
  <TR>
    <TD>6160.0</TD>
    <TD>240.831</TD>
    <TD>55.1023</TD>
    <TD>191.008</TD>
    <TD>3808.564</TD>
    <TD>24.8579</TD>
    <TD>0.2351</TD>
    <TD>24.0469</TD>
    <TD>0.3642</TD>
    <TD>24.0469</TD>
    <TD>0.3642</TD>
    <TD>0.42</TD>
  </TR>
  <TR>
    <TD>6161.0</TD>
    <TD>240.8057</TD>
    <TD>55.08037</TD>
    <TD>434.826</TD>
    <TD>3962.305</TD>
    <TD>24.7985</TD>
    <TD>0.2343</TD>
    <TD>24.6975</TD>
    <TD>0.2908</TD>
    <TD>24.6975</TD>
    <TD>0.2908</TD>
    <TD>0.38</TD>
  </TR>
  <TR>
    <TD>6162.0</TD>
    <TD>240.8703</TD>
    <TD>55.06519</TD>
    <TD>597.813</TD>
    <TD>3557.294</TD>
    <TD>22.4179</TD>
    <TD>0.0669</TD>
    <TD>22.28</TD>
    <TD>0.0928</TD>
    <TD>22.28</TD>
    <TD>0.0928</TD>
    <TD>0.0</TD>
  </TR>
  <TR>
    <TD>6163.0</TD>
    <TD>240.8898</TD>
    <TD>54.94887</TD>
    <TD>1868.998</TD>
    <TD>3416.75</TD>
    <TD>25.8858</TD>
    <TD>0.4024</TD>
    <TD>25.2985</TD>
    <TD>0.8256</TD>
    <TD>25.2985</TD>
    <TD>0.8256</TD>
    <TD>0.36</TD>
  </TR>
  <TR>
    <TD>6164.0</TD>
    <TD>240.8321</TD>
    <TD>54.95268</TD>
    <TD>1832.005</TD>
    <TD>3776.119</TD>
    <TD>25.2705</TD>
    <TD>0.2809</TD>
    <TD>23.7877</TD>
    <TD>0.2714</TD>
    <TD>23.7877</TD>
    <TD>0.2714</TD>
    <TD>0.46</TD>
  </TR>
  <TR>
    <TD>6165.0</TD>
    <TD>240.8075</TD>
    <TD>55.05526</TD>
    <TD>711.311</TD>
    <TD>3946.69</TD>
    <TD>25.711</TD>
    <TD>0.301</TD>
    <TD>24.9295</TD>
    <TD>0.3768</TD>
    <TD>24.9295</TD>
    <TD>0.3768</TD>
    <TD>0.41</TD>
  </TR>
  <TR>
    <TD>6166.0</TD>
    <TD>240.8231</TD>
    <TD>54.93467</TD>
    <TD>2028.666</TD>
    <TD>3829.712</TD>
    <TD>25.7411</TD>
    <TD>0.3091</TD>
    <TD>25.0783</TD>
    <TD>0.2367</TD>
    <TD>25.0783</TD>
    <TD>0.2367</TD>
    <TD>0.38</TD>
  </TR>
  <TR>
    <TD>6167.0</TD>
    <TD>240.821</TD>
    <TD>55.05776</TD>
    <TD>682.999</TD>
    <TD>3863.242</TD>
    <TD>25.8142</TD>
    <TD>0.3774</TD>
    <TD>24.8467</TD>
    <TD>0.2772</TD>
    <TD>24.8467</TD>
    <TD>0.2772</TD>
    <TD>0.35</TD>
  </TR>
  <TR>
    <TD>6168.0</TD>
    <TD>240.8689</TD>
    <TD>54.93413</TD>
    <TD>2031.126</TD>
    <TD>3544.454</TD>
    <TD>20.6147</TD>
    <TD>0.0203</TD>
    <TD>20.5445</TD>
    <TD>0.0265</TD>
    <TD>20.5445</TD>
    <TD>0.0265</TD>
    <TD>0.02</TD>
  </TR>
  <TR>
    <TD>6169.0</TD>
    <TD>240.813</TD>
    <TD>54.96423</TD>
    <TD>1707.515</TD>
    <TD>3896.977</TD>
    <TD>23.9323</TD>
    <TD>0.099</TD>
    <TD>23.9991</TD>
    <TD>0.1431</TD>
    <TD>23.9991</TD>
    <TD>0.1431</TD>
    <TD>0.81</TD>
  </TR>
  <TR>
    <TD>6170.0</TD>
    <TD>240.8424</TD>
    <TD>55.07078</TD>
    <TD>538.26</TD>
    <TD>3732.159</TD>
    <TD>16.1437</TD>
    <TD>0.0013</TD>
    <TD>16.1723</TD>
    <TD>0.0012</TD>
    <TD>16.1723</TD>
    <TD>0.0012</TD>
    <TD>0.7</TD>
  </TR>
  <TR>
    <TD>6171.0</TD>
    <TD>240.8791</TD>
    <TD>54.98635</TD>
    <TD>1461.332</TD>
    <TD>3489.344</TD>
    <TD>26.2666</TD>
    <TD>0.4941</TD>
    <TD>24.9627</TD>
    <TD>0.4392</TD>
    <TD>24.9627</TD>
    <TD>0.4392</TD>
    <TD>0.35</TD>
  </TR>
  <TR>
    <TD>6172.0</TD>
    <TD>240.9297</TD>
    <TD>55.07882</TD>
    <TD>442.763</TD>
    <TD>3189.77</TD>
    <TD>25.5992</TD>
    <TD>0.3115</TD>
    <TD>24.8441</TD>
    <TD>0.4601</TD>
    <TD>24.8441</TD>
    <TD>0.4601</TD>
    <TD>0.36</TD>
  </TR>
  <TR>
    <TD>6173.0</TD>
    <TD>240.8389</TD>
    <TD>55.11712</TD>
    <TD>26.414</TD>
    <TD>3762.001</TD>
    <TD>21.485</TD>
    <TD>0.035</TD>
    <TD>21.4474</TD>
    <TD>0.0474</TD>
    <TD>21.4474</TD>
    <TD>0.0474</TD>
    <TD>0.01</TD>
  </TR>
  <TR>
    <TD>6174.0</TD>
    <TD>240.8472</TD>
    <TD>54.97155</TD>
    <TD>1625.31</TD>
    <TD>3685.327</TD>
    <TD>25.8196</TD>
    <TD>0.3314</TD>
    <TD>24.8597</TD>
    <TD>0.3998</TD>
    <TD>24.8597</TD>
    <TD>0.3998</TD>
    <TD>0.43</TD>
  </TR>
  <TR>
    <TD>6175.0</TD>
    <TD>240.8088</TD>
    <TD>55.00616</TD>
    <TD>1249.902</TD>
    <TD>3930.286</TD>
    <TD>23.9646</TD>
    <TD>0.1305</TD>
    <TD>23.7253</TD>
    <TD>0.1664</TD>
    <TD>23.7253</TD>
    <TD>0.1664</TD>
    <TD>0.49</TD>
  </TR>
  <TR>
    <TD>6176.0</TD>
    <TD>240.8995</TD>
    <TD>55.07427</TD>
    <TD>495.573</TD>
    <TD>3376.921</TD>
    <TD>22.3267</TD>
    <TD>0.0656</TD>
    <TD>22.0218</TD>
    <TD>0.0856</TD>
    <TD>22.0218</TD>
    <TD>0.0856</TD>
    <TD>0.0</TD>
  </TR>
  <TR>
    <TD>6177.0</TD>
    <TD>240.8088</TD>
    <TD>55.04559</TD>
    <TD>817.52</TD>
    <TD>3936.969</TD>
    <TD>20.6653</TD>
    <TD>0.0208</TD>
    <TD>20.6544</TD>
    <TD>0.0282</TD>
    <TD>20.6544</TD>
    <TD>0.0282</TD>
    <TD>0.02</TD>
  </TR>
  <TR>
    <TD>6178.0</TD>
    <TD>240.8071</TD>
    <TD>55.02613</TD>
    <TD>1031.293</TD>
    <TD>3944.377</TD>
    <TD>20.8982</TD>
    <TD>0.0285</TD>
    <TD>20.8088</TD>
    <TD>0.0407</TD>
    <TD>20.8088</TD>
    <TD>0.0407</TD>
    <TD>0.0</TD>
  </TR>
  <TR>
    <TD>6179.0</TD>
    <TD>240.9458</TD>
    <TD>55.04935</TD>
    <TD>765.652</TD>
    <TD>3084.287</TD>
    <TD>25.751</TD>
    <TD>0.3119</TD>
    <TD>25.1207</TD>
    <TD>0.5074</TD>
    <TD>25.1207</TD>
    <TD>0.5074</TD>
    <TD>0.48</TD>
  </TR>
  <TR>
    <TD>6180.0</TD>
    <TD>240.864</TD>
    <TD>54.96685</TD>
    <TD>1675.275</TD>
    <TD>3580.002</TD>
    <TD>23.1131</TD>
    <TD>0.1054</TD>
    <TD>22.8787</TD>
    <TD>0.1575</TD>
    <TD>22.8787</TD>
    <TD>0.1575</TD>
    <TD>0.31</TD>
  </TR>
  <TR>
    <TD>6181.0</TD>
    <TD>240.8336</TD>
    <TD>54.99049</TD>
    <TD>1419.532</TD>
    <TD>3772.924</TD>
    <TD>22.7133</TD>
    <TD>0.0775</TD>
    <TD>22.4486</TD>
    <TD>0.0947</TD>
    <TD>22.4486</TD>
    <TD>0.0947</TD>
    <TD>0.0</TD>
  </TR>
  <TR>
    <TD>6182.0</TD>
    <TD>240.8167</TD>
    <TD>55.10691</TD>
    <TD>140.869</TD>
    <TD>3898.539</TD>
    <TD>22.3333</TD>
    <TD>0.0634</TD>
    <TD>21.6814</TD>
    <TD>0.09</TD>
    <TD>22.024</TD>
    <TD>0.0655</TD>
    <TD>0.0</TD>
  </TR>
  <TR>
    <TD>6183.0</TD>
    <TD>240.8023</TD>
    <TD>55.0747</TD>
    <TD>497.602</TD>
    <TD>3982.504</TD>
    <TD>25.2394</TD>
    <TD>0.2265</TD>
    <TD>24.9361</TD>
    <TD>0.2774</TD>
    <TD>24.9361</TD>
    <TD>0.2774</TD>
    <TD>0.56</TD>
  </TR>
  <TR>
    <TD>6184.0</TD>
    <TD>240.8212</TD>
    <TD>55.01199</TD>
    <TD>1185.25</TD>
    <TD>3854.003</TD>
    <TD>25.8291</TD>
    <TD>0.3825</TD>
    <TD>24.1626</TD>
    <TD>0.3208</TD>
    <TD>24.1626</TD>
    <TD>0.3208</TD>
    <TD>0.36</TD>
  </TR>
  <TR>
    <TD>6185.0</TD>
    <TD>240.8583</TD>
    <TD>55.0006</TD>
    <TD>1307.266</TD>
    <TD>3620.875</TD>
    <TD>24.5709</TD>
    <TD>0.2083</TD>
    <TD>23.5849</TD>
    <TD>0.2773</TD>
    <TD>23.5849</TD>
    <TD>0.2773</TD>
    <TD>0.48</TD>
  </TR>
  <TR>
    <TD>6186.0</TD>
    <TD>240.8343</TD>
    <TD>55.09848</TD>
    <TD>233.079</TD>
    <TD>3787.555</TD>
    <TD>19.1173</TD>
    <TD>0.0107</TD>
    <TD>19.0358</TD>
    <TD>0.0141</TD>
    <TD>19.0358</TD>
    <TD>0.0141</TD>
    <TD>0.02</TD>
  </TR>
  <TR>
    <TD>6187.0</TD>
    <TD>240.8573</TD>
    <TD>55.0193</TD>
    <TD>1102.659</TD>
    <TD>3630.688</TD>
    <TD>26.1332</TD>
    <TD>0.4384</TD>
    <TD>24.6345</TD>
    <TD>0.3948</TD>
    <TD>24.6345</TD>
    <TD>0.3948</TD>
    <TD>0.36</TD>
  </TR>
  <TR>
    <TD>6188.0</TD>
    <TD>240.8619</TD>
    <TD>55.01902</TD>
    <TD>1105.369</TD>
    <TD>3601.633</TD>
    <TD>22.5001</TD>
    <TD>0.074</TD>
    <TD>22.0184</TD>
    <TD>0.1162</TD>
    <TD>22.0184</TD>
    <TD>0.1162</TD>
    <TD>0.0</TD>
  </TR>
  <TR>
    <TD>6189.0</TD>
    <TD>240.826</TD>
    <TD>55.10573</TD>
    <TD>153.329</TD>
    <TD>3840.319</TD>
    <TD>25.6157</TD>
    <TD>0.2767</TD>
    <TD>24.5592</TD>
    <TD>0.3041</TD>
    <TD>24.5592</TD>
    <TD>0.3041</TD>
    <TD>0.35</TD>
  </TR>
  <TR>
    <TD>6190.0</TD>
    <TD>240.8154</TD>
    <TD>54.96005</TD>
    <TD>1752.91</TD>
    <TD>3881.178</TD>
    <TD>23.2461</TD>
    <TD>0.111</TD>
    <TD>22.546</TD>
    <TD>0.1769</TD>
    <TD>22.546</TD>
    <TD>0.1769</TD>
    <TD>0.0</TD>
  </TR>
  <TR>
    <TD>6191.0</TD>
    <TD>240.8167</TD>
    <TD>55.07556</TD>
    <TD>487.18</TD>
    <TD>3893.175</TD>
    <TD>25.3527</TD>
    <TD>0.3023</TD>
    <TD>23.7947</TD>
    <TD>0.2761</TD>
    <TD>23.7947</TD>
    <TD>0.2761</TD>
    <TD>0.51</TD>
  </TR>
  <TR>
    <TD>6192.0</TD>
    <TD>240.7907</TD>
    <TD>54.93948</TD>
    <TD>1978.654</TD>
    <TD>4032.319</TD>
    <TD>26.1518</TD>
    <TD>0.4458</TD>
    <TD>24.68</TD>
    <TD>0.3574</TD>
    <TD>24.68</TD>
    <TD>0.3574</TD>
    <TD>0.35</TD>
  </TR>
  <TR>
    <TD>6193.0</TD>
    <TD>240.8137</TD>
    <TD>55.09468</TD>
    <TD>276.326</TD>
    <TD>3914.977</TD>
    <TD>23.4865</TD>
    <TD>0.1197</TD>
    <TD>22.7979</TD>
    <TD>0.2074</TD>
    <TD>22.7979</TD>
    <TD>0.2074</TD>
    <TD>0.0</TD>
  </TR>
  <TR>
    <TD>6194.0</TD>
    <TD>240.8338</TD>
    <TD>55.04952</TD>
    <TD>772.785</TD>
    <TD>3782.09</TD>
    <TD>20.2471</TD>
    <TD>0.0154</TD>
    <TD>20.2063</TD>
    <TD>0.0182</TD>
    <TD>20.2063</TD>
    <TD>0.0182</TD>
    <TD>0.03</TD>
  </TR>
  <TR>
    <TD>6195.0</TD>
    <TD>240.8104</TD>
    <TD>55.00839</TD>
    <TD>1225.384</TD>
    <TD>3920.823</TD>
    <TD>24.8263</TD>
    <TD>0.2286</TD>
    <TD>24.6118</TD>
    <TD>0.3466</TD>
    <TD>24.6118</TD>
    <TD>0.3466</TD>
    <TD>0.44</TD>
  </TR>
  <TR>
    <TD>6196.0</TD>
    <TD>240.8091</TD>
    <TD>54.94476</TD>
    <TD>1919.937</TD>
    <TD>3918.384</TD>
    <TD>21.7958</TD>
    <TD>0.0465</TD>
    <TD>21.6729</TD>
    <TD>0.0697</TD>
    <TD>21.6729</TD>
    <TD>0.0697</TD>
    <TD>0.0</TD>
  </TR>
  <TR>
    <TD>6197.0</TD>
    <TD>240.8231</TD>
    <TD>55.11397</TD>
    <TD>62.336</TD>
    <TD>3860.354</TD>
    <TD>21.1883</TD>
    <TD>0.0326</TD>
    <TD>21.0744</TD>
    <TD>0.047</TD>
    <TD>21.0087</TD>
    <TD>0.0339</TD>
    <TD>0.01</TD>
  </TR>
  <TR>
    <TD>6198.0</TD>
    <TD>240.8075</TD>
    <TD>54.96456</TD>
    <TD>1704.267</TD>
    <TD>3931.415</TD>
    <TD>25.2023</TD>
    <TD>0.2842</TD>
    <TD>24.4429</TD>
    <TD>0.4079</TD>
    <TD>24.4429</TD>
    <TD>0.4079</TD>
    <TD>0.38</TD>
  </TR>
  <TR>
    <TD>6199.0</TD>
    <TD>240.8146</TD>
    <TD>55.06153</TD>
    <TD>641.879</TD>
    <TD>3903.503</TD>
    <TD>23.5494</TD>
    <TD>0.1306</TD>
    <TD>23.195</TD>
    <TD>0.2906</TD>
    <TD>23.195</TD>
    <TD>0.2906</TD>
    <TD>0.42</TD>
  </TR>
  <TR>
    <TD>6200.0</TD>
    <TD>240.8177</TD>
    <TD>55.05832</TD>
    <TD>677.062</TD>
    <TD>3883.543</TD>
    <TD>23.8035</TD>
    <TD>0.1537</TD>
    <TD>22.6432</TD>
    <TD>0.2144</TD>
    <TD>22.6432</TD>
    <TD>0.2144</TD>
    <TD>0.11</TD>
  </TR>
  <TR>
    <TD>6201.0</TD>
    <TD>240.8176</TD>
    <TD>55.00773</TD>
    <TD>1232.134</TD>
    <TD>3876.0</TD>
    <TD>24.8082</TD>
    <TD>0.2001</TD>
    <TD>23.9018</TD>
    <TD>0.2002</TD>
    <TD>23.9018</TD>
    <TD>0.2002</TD>
    <TD>0.48</TD>
  </TR>
  <TR>
    <TD>6202.0</TD>
    <TD>240.9035</TD>
    <TD>54.99383</TD>
    <TD>1377.695</TD>
    <TD>3338.326</TD>
    <TD>25.9415</TD>
    <TD>0.3694</TD>
    <TD>25.1865</TD>
    <TD>0.6378</TD>
    <TD>25.1865</TD>
    <TD>0.6378</TD>
    <TD>0.36</TD>
  </TR>
  <TR>
    <TD>6203.0</TD>
    <TD>240.8206</TD>
    <TD>54.98097</TD>
    <TD>1524.362</TD>
    <TD>3852.608</TD>
    <TD>23.7438</TD>
    <TD>0.1351</TD>
    <TD>22.9475</TD>
    <TD>0.2007</TD>
    <TD>22.9475</TD>
    <TD>0.2007</TD>
    <TD>0.34</TD>
  </TR>
  <TR>
    <TD>6204.0</TD>
    <TD>240.8662</TD>
    <TD>55.08915</TD>
    <TD>333.902</TD>
    <TD>3586.818</TD>
    <TD>24.682</TD>
    <TD>0.2111</TD>
    <TD>23.7474</TD>
    <TD>0.263</TD>
    <TD>24.1577</TD>
    <TD>0.2075</TD>
    <TD>0.61</TD>
  </TR>
  <TR>
    <TD>6205.0</TD>
    <TD>240.83</TD>
    <TD>55.10328</TD>
    <TD>180.292</TD>
    <TD>3815.165</TD>
    <TD>25.0932</TD>
    <TD>0.2903</TD>
    <TD>23.6739</TD>
    <TD>0.2771</TD>
    <TD>23.6739</TD>
    <TD>0.2771</TD>
    <TD>0.35</TD>
  </TR>
  <TR>
    <TD>6206.0</TD>
    <TD>240.826</TD>
    <TD>55.1143</TD>
    <TD>58.416</TD>
    <TD>3841.823</TD>
    <TD>18.3293</TD>
    <TD>0.0046</TD>
    <TD>18.3386</TD>
    <TD>0.0046</TD>
    <TD>18.3386</TD>
    <TD>0.0046</TD>
    <TD>0.03</TD>
  </TR>
  <TR>
    <TD>6207.0</TD>
    <TD>240.891</TD>
    <TD>55.0961</TD>
    <TD>255.315</TD>
    <TD>3433.348</TD>
    <TD>18.6586</TD>
    <TD>0.0075</TD>
    <TD>18.5239</TD>
    <TD>0.0089</TD>
    <TD>18.5996</TD>
    <TD>0.0076</TD>
    <TD>0.03</TD>
  </TR>
  <TR>
    <TD>6208.0</TD>
    <TD>240.8138</TD>
    <TD>54.94576</TD>
    <TD>1908.642</TD>
    <TD>3889.323</TD>
    <TD>24.6287</TD>
    <TD>0.2013</TD>
    <TD>23.8816</TD>
    <TD>0.2808</TD>
    <TD>23.8816</TD>
    <TD>0.2808</TD>
    <TD>0.36</TD>
  </TR>
  <TR>
    <TD>6209.0</TD>
    <TD>240.9183</TD>
    <TD>55.06888</TD>
    <TD>553.35</TD>
    <TD>3258.658</TD>
    <TD>26.1133</TD>
    <TD>0.4307</TD>
    <TD>25.0495</TD>
    <TD>0.4104</TD>
    <TD>25.0495</TD>
    <TD>0.4104</TD>
    <TD>0.35</TD>
  </TR>
  <TR>
    <TD>6210.0</TD>
    <TD>240.8929</TD>
    <TD>55.06468</TD>
    <TD>601.718</TD>
    <TD>3416.243</TD>
    <TD>21.9323</TD>
    <TD>0.0517</TD>
    <TD>21.7868</TD>
    <TD>0.0892</TD>
    <TD>21.7868</TD>
    <TD>0.0892</TD>
    <TD>0.03</TD>
  </TR>
  <TR>
    <TD>6211.0</TD>
    <TD>240.8365</TD>
    <TD>55.08565</TD>
    <TD>374.675</TD>
    <TD>3771.327</TD>
    <TD>25.6338</TD>
    <TD>0.2812</TD>
    <TD>25.7689</TD>
    <TD>0.9676</TD>
    <TD>25.7689</TD>
    <TD>0.9676</TD>
    <TD>0.45</TD>
  </TR>
  <TR>
    <TD>6212.0</TD>
    <TD>240.8033</TD>
    <TD>54.9512</TD>
    <TD>1850.121</TD>
    <TD>3955.441</TD>
    <TD>22.4129</TD>
    <TD>0.0685</TD>
    <TD>21.9864</TD>
    <TD>0.1061</TD>
    <TD>21.9864</TD>
    <TD>0.1061</TD>
    <TD>0.0</TD>
  </TR>
  <TR>
    <TD>6213.0</TD>
    <TD>240.8175</TD>
    <TD>55.10734</TD>
    <TD>136.119</TD>
    <TD>3893.597</TD>
    <TD>22.2275</TD>
    <TD>0.0581</TD>
    <TD>21.8793</TD>
    <TD>0.0993</TD>
    <TD>21.9624</TD>
    <TD>0.0603</TD>
    <TD>0.0</TD>
  </TR>
  <TR>
    <TD>6214.0</TD>
    <TD>240.8698</TD>
    <TD>54.95426</TD>
    <TD>1812.036</TD>
    <TD>3542.003</TD>
    <TD>21.4715</TD>
    <TD>0.0349</TD>
    <TD>21.353</TD>
    <TD>0.0498</TD>
    <TD>21.353</TD>
    <TD>0.0498</TD>
    <TD>0.01</TD>
  </TR>
  <TR>
    <TD>6215.0</TD>
    <TD>240.8353</TD>
    <TD>55.10549</TD>
    <TD>155.489</TD>
    <TD>3782.488</TD>
    <TD>24.0966</TD>
    <TD>0.1515</TD>
    <TD>23.8424</TD>
    <TD>0.2055</TD>
    <TD>23.7001</TD>
    <TD>0.1542</TD>
    <TD>0.53</TD>
  </TR>
  <TR>
    <TD>6216.0</TD>
    <TD>240.8121</TD>
    <TD>55.06596</TD>
    <TD>593.355</TD>
    <TD>3920.282</TD>
    <TD>25.9</TD>
    <TD>0.356</TD>
    <TD>25.3565</TD>
    <TD>0.543</TD>
    <TD>25.3565</TD>
    <TD>0.543</TD>
    <TD>0.44</TD>
  </TR>
  <TR>
    <TD>6217.0</TD>
    <TD>240.8204</TD>
    <TD>55.08267</TD>
    <TD>408.526</TD>
    <TD>3871.021</TD>
    <TD>21.5311</TD>
    <TD>0.0376</TD>
    <TD>21.3714</TD>
    <TD>0.0567</TD>
    <TD>21.3714</TD>
    <TD>0.0567</TD>
    <TD>0.01</TD>
  </TR>
  <TR>
    <TD>6218.0</TD>
    <TD>240.8839</TD>
    <TD>55.04646</TD>
    <TD>802.773</TD>
    <TD>3469.135</TD>
    <TD>24.8797</TD>
    <TD>0.1985</TD>
    <TD>24.9873</TD>
    <TD>0.3372</TD>
    <TD>24.9873</TD>
    <TD>0.3372</TD>
    <TD>0.64</TD>
  </TR>
  <TR>
    <TD>6219.0</TD>
    <TD>240.8921</TD>
    <TD>55.01318</TD>
    <TD>1166.995</TD>
    <TD>3412.394</TD>
    <TD>20.9726</TD>
    <TD>0.0292</TD>
    <TD>20.8742</TD>
    <TD>0.0386</TD>
    <TD>20.8742</TD>
    <TD>0.0386</TD>
    <TD>0.0</TD>
  </TR>
  <TR>
    <TD>6220.0</TD>
    <TD>240.9017</TD>
    <TD>54.9731</TD>
    <TD>1604.098</TD>
    <TD>3346.166</TD>
    <TD>25.2008</TD>
    <TD>0.264</TD>
    <TD>24.8026</TD>
    <TD>0.3031</TD>
    <TD>24.8026</TD>
    <TD>0.3031</TD>
    <TD>0.71</TD>
  </TR>
  <TR>
    <TD>6221.0</TD>
    <TD>240.8318</TD>
    <TD>54.93468</TD>
    <TD>2027.973</TD>
    <TD>3775.342</TD>
    <TD>25.7967</TD>
    <TD>0.3248</TD>
    <TD>25.4793</TD>
    <TD>0.5767</TD>
    <TD>25.4793</TD>
    <TD>0.5767</TD>
    <TD>0.38</TD>
  </TR>
  <TR>
    <TD>6222.0</TD>
    <TD>240.8405</TD>
    <TD>55.07768</TD>
    <TD>462.367</TD>
    <TD>3745.276</TD>
    <TD>25.8922</TD>
    <TD>0.3535</TD>
    <TD>24.3283</TD>
    <TD>0.2986</TD>
    <TD>24.3283</TD>
    <TD>0.2986</TD>
    <TD>0.38</TD>
  </TR>
  <TR>
    <TD>6223.0</TD>
    <TD>240.8668</TD>
    <TD>55.06038</TD>
    <TD>651.022</TD>
    <TD>3577.998</TD>
    <TD>25.0694</TD>
    <TD>0.2524</TD>
    <TD>23.4055</TD>
    <TD>0.1926</TD>
    <TD>23.4055</TD>
    <TD>0.1926</TD>
    <TD>0.44</TD>
  </TR>
  <TR>
    <TD>6224.0</TD>
    <TD>240.8366</TD>
    <TD>55.02279</TD>
    <TD>1065.965</TD>
    <TD>3760.008</TD>
    <TD>25.1455</TD>
    <TD>0.2701</TD>
    <TD>24.6228</TD>
    <TD>0.2717</TD>
    <TD>24.6228</TD>
    <TD>0.2717</TD>
    <TD>0.41</TD>
  </TR>
  <TR>
    <TD>6225.0</TD>
    <TD>240.811</TD>
    <TD>55.01461</TD>
    <TD>1157.289</TD>
    <TD>3918.187</TD>
    <TD>24.1333</TD>
    <TD>0.1565</TD>
    <TD>23.4248</TD>
    <TD>0.2703</TD>
    <TD>23.4248</TD>
    <TD>0.2703</TD>
    <TD>0.35</TD>
  </TR>
  <TR>
    <TD>6226.0</TD>
    <TD>240.8064</TD>
    <TD>55.05252</TD>
    <TD>741.55</TD>
    <TD>3953.351</TD>
    <TD>22.3775</TD>
    <TD>0.0695</TD>
    <TD>22.1375</TD>
    <TD>0.0914</TD>
    <TD>22.1375</TD>
    <TD>0.0914</TD>
    <TD>0.0</TD>
  </TR>
  <TR>
    <TD>6227.0</TD>
    <TD>240.8161</TD>
    <TD>55.05306</TD>
    <TD>735.054</TD>
    <TD>3893.007</TD>
    <TD>23.8775</TD>
    <TD>0.149</TD>
    <TD>22.8998</TD>
    <TD>0.1905</TD>
    <TD>22.8998</TD>
    <TD>0.1905</TD>
    <TD>0.41</TD>
  </TR>
  <TR>
    <TD>6228.0</TD>
    <TD>240.9149</TD>
    <TD>54.96363</TD>
    <TD>1706.188</TD>
    <TD>3262.69</TD>
    <TD>24.6087</TD>
    <TD>0.2068</TD>
    <TD>23.5308</TD>
    <TD>0.2462</TD>
    <TD>23.5308</TD>
    <TD>0.2462</TD>
    <TD>0.39</TD>
  </TR>
  <TR>
    <TD>6229.0</TD>
    <TD>240.8256</TD>
    <TD>55.09518</TD>
    <TD>270.128</TD>
    <TD>3840.89</TD>
    <TD>23.6972</TD>
    <TD>0.1347</TD>
    <TD>23.1871</TD>
    <TD>0.2271</TD>
    <TD>23.1871</TD>
    <TD>0.2271</TD>
    <TD>0.38</TD>
  </TR>
  <TR>
    <TD>6230.0</TD>
    <TD>240.8016</TD>
    <TD>54.95483</TD>
    <TD>1810.735</TD>
    <TD>3966.633</TD>
    <TD>22.183</TD>
    <TD>0.0592</TD>
    <TD>22.0763</TD>
    <TD>0.0809</TD>
    <TD>22.0763</TD>
    <TD>0.0809</TD>
    <TD>0.0</TD>
  </TR>
  <TR>
    <TD>6231.0</TD>
    <TD>240.8173</TD>
    <TD>55.03949</TD>
    <TD>884.071</TD>
    <TD>3882.791</TD>
    <TD>17.2827</TD>
    <TD>0.0025</TD>
    <TD>17.303</TD>
    <TD>0.0023</TD>
    <TD>17.303</TD>
    <TD>0.0023</TD>
    <TD>0.05</TD>
  </TR>
  <TR>
    <TD>6232.0</TD>
    <TD>240.8417</TD>
    <TD>54.96065</TD>
    <TD>1744.507</TD>
    <TD>3717.548</TD>
    <TD>25.4097</TD>
    <TD>0.2632</TD>
    <TD>25.0869</TD>
    <TD>0.3313</TD>
    <TD>25.0869</TD>
    <TD>0.3313</TD>
    <TD>0.39</TD>
  </TR>
  <TR>
    <TD>6233.0</TD>
    <TD>240.8081</TD>
    <TD>55.04021</TD>
    <TD>876.677</TD>
    <TD>3940.294</TD>
    <TD>25.7159</TD>
    <TD>0.3023</TD>
    <TD>25.0306</TD>
    <TD>0.441</TD>
    <TD>25.0306</TD>
    <TD>0.441</TD>
    <TD>0.42</TD>
  </TR>
  <TR>
    <TD>6234.0</TD>
    <TD>240.8164</TD>
    <TD>55.07841</TD>
    <TD>455.848</TD>
    <TD>3895.506</TD>
    <TD>22.5221</TD>
    <TD>0.0755</TD>
    <TD>22.2654</TD>
    <TD>0.105</TD>
    <TD>22.2654</TD>
    <TD>0.105</TD>
    <TD>0.0</TD>
  </TR>
  <TR>
    <TD>6235.0</TD>
    <TD>240.814</TD>
    <TD>54.95171</TD>
    <TD>1843.859</TD>
    <TD>3888.93</TD>
    <TD>22.2342</TD>
    <TD>0.0348</TD>
    <TD>22.2374</TD>
    <TD>0.0421</TD>
    <TD>22.2374</TD>
    <TD>0.0421</TD>
    <TD>0.86</TD>
  </TR>
  <TR>
    <TD>6236.0</TD>
    <TD>240.8119</TD>
    <TD>55.05665</TD>
    <TD>695.75</TD>
    <TD>3919.516</TD>
    <TD>24.2185</TD>
    <TD>0.174</TD>
    <TD>23.1651</TD>
    <TD>0.2282</TD>
    <TD>23.6417</TD>
    <TD>0.1679</TD>
    <TD>0.43</TD>
  </TR>
  <TR>
    <TD>6237.0</TD>
    <TD>240.875</TD>
    <TD>55.06362</TD>
    <TD>614.782</TD>
    <TD>3527.812</TD>
    <TD>21.3477</TD>
    <TD>0.039</TD>
    <TD>21.1289</TD>
    <TD>0.0503</TD>
    <TD>21.1289</TD>
    <TD>0.0503</TD>
    <TD>0.0</TD>
  </TR>
  <TR>
    <TD>6238.0</TD>
    <TD>240.8483</TD>
    <TD>54.94603</TD>
    <TD>1903.291</TD>
    <TD>3674.279</TD>
    <TD>25.2199</TD>
    <TD>0.2227</TD>
    <TD>25.4152</TD>
    <TD>0.4462</TD>
    <TD>24.9893</TD>
    <TD>0.2314</TD>
    <TD>0.68</TD>
  </TR>
  <TR>
    <TD>6239.0</TD>
    <TD>240.8313</TD>
    <TD>54.98001</TD>
    <TD>1534.176</TD>
    <TD>3785.451</TD>
    <TD>20.972</TD>
    <TD>0.0275</TD>
    <TD>20.9214</TD>
    <TD>0.0365</TD>
    <TD>20.9214</TD>
    <TD>0.0365</TD>
    <TD>0.01</TD>
  </TR>
  <TR>
    <TD>6240.0</TD>
    <TD>240.8773</TD>
    <TD>55.02542</TD>
    <TD>1034.057</TD>
    <TD>3507.0</TD>
    <TD>26.6642</TD>
    <TD>0.7074</TD>
    <TD>25.8712</TD>
    <TD>1.2261</TD>
    <TD>25.8712</TD>
    <TD>1.2261</TD>
    <TD>0.35</TD>
  </TR>
  <TR>
    <TD>6241.0</TD>
    <TD>240.8378</TD>
    <TD>55.05778</TD>
    <TD>681.687</TD>
    <TD>3758.696</TD>
    <TD>25.8176</TD>
    <TD>0.3308</TD>
    <TD>24.8828</TD>
    <TD>0.483</TD>
    <TD>24.8828</TD>
    <TD>0.483</TD>
    <TD>0.37</TD>
  </TR>
  <TR>
    <TD>6242.0</TD>
    <TD>240.839</TD>
    <TD>54.9989</TD>
    <TD>1327.208</TD>
    <TD>3740.987</TD>
    <TD>24.1278</TD>
    <TD>0.1293</TD>
    <TD>23.9775</TD>
    <TD>0.1595</TD>
    <TD>23.9775</TD>
    <TD>0.1595</TD>
    <TD>0.76</TD>
  </TR>
  <TR>
    <TD>6243.0</TD>
    <TD>240.8792</TD>
    <TD>55.04078</TD>
    <TD>865.441</TD>
    <TD>3497.649</TD>
    <TD>21.6304</TD>
    <TD>0.0404</TD>
    <TD>21.4292</TD>
    <TD>0.0582</TD>
    <TD>21.4292</TD>
    <TD>0.0582</TD>
    <TD>0.01</TD>
  </TR>
  <TR>
    <TD>6244.0</TD>
    <TD>240.8163</TD>
    <TD>55.08667</TD>
    <TD>364.695</TD>
    <TD>3897.702</TD>
    <TD>25.677</TD>
    <TD>0.2921</TD>
    <TD>25.6435</TD>
    <TD>0.3926</TD>
    <TD>25.6435</TD>
    <TD>0.3926</TD>
    <TD>0.37</TD>
  </TR>
  <TR>
    <TD>6245.0</TD>
    <TD>240.8777</TD>
    <TD>55.08414</TD>
    <TD>388.34</TD>
    <TD>3514.313</TD>
    <TD>24.4164</TD>
    <TD>0.1884</TD>
    <TD>23.8623</TD>
    <TD>0.2477</TD>
    <TD>23.8713</TD>
    <TD>0.1838</TD>
    <TD>0.36</TD>
  </TR>
  <TR>
    <TD>6246.0</TD>
    <TD>240.8304</TD>
    <TD>55.0327</TD>
    <TD>957.685</TD>
    <TD>3800.335</TD>
    <TD>25.6571</TD>
    <TD>0.287</TD>
    <TD>25.2873</TD>
    <TD>0.3973</TD>
    <TD>25.2873</TD>
    <TD>0.3973</TD>
    <TD>0.48</TD>
  </TR>
  <TR>
    <TD>6247.0</TD>
    <TD>240.9244</TD>
    <TD>55.10537</TD>
    <TD>150.049</TD>
    <TD>3226.821</TD>
    <TD>21.2652</TD>
    <TD>0.0333</TD>
    <TD>21.1763</TD>
    <TD>0.049</TD>
    <TD>21.1763</TD>
    <TD>0.049</TD>
    <TD>0.01</TD>
  </TR>
  <TR>
    <TD>6248.0</TD>
    <TD>240.8772</TD>
    <TD>55.01716</TD>
    <TD>1124.653</TD>
    <TD>3506.298</TD>
    <TD>25.8992</TD>
    <TD>0.3557</TD>
    <TD>24.7499</TD>
    <TD>0.3618</TD>
    <TD>24.7499</TD>
    <TD>0.3618</TD>
    <TD>0.36</TD>
  </TR>
  <TR>
    <TD>6249.0</TD>
    <TD>240.8629</TD>
    <TD>54.94503</TD>
    <TD>1913.041</TD>
    <TD>3583.169</TD>
    <TD>23.4645</TD>
    <TD>0.1229</TD>
    <TD>22.8153</TD>
    <TD>0.1678</TD>
    <TD>22.8153</TD>
    <TD>0.1678</TD>
    <TD>0.16</TD>
  </TR>
  <TR>
    <TD>6250.0</TD>
    <TD>240.8679</TD>
    <TD>55.0383</TD>
    <TD>893.588</TD>
    <TD>3567.277</TD>
    <TD>24.5524</TD>
    <TD>0.2049</TD>
    <TD>23.5307</TD>
    <TD>0.2513</TD>
    <TD>23.5307</TD>
    <TD>0.2513</TD>
    <TD>0.42</TD>
  </TR>
  <TR>
    <TD>6251.0</TD>
    <TD>240.8317</TD>
    <TD>55.07193</TD>
    <TD>526.339</TD>
    <TD>3798.664</TD>
    <TD>25.9131</TD>
    <TD>0.3602</TD>
    <TD>25.1277</TD>
    <TD>0.3438</TD>
    <TD>25.1277</TD>
    <TD>0.3438</TD>
    <TD>0.38</TD>
  </TR>
  <TR>
    <TD>6252.0</TD>
    <TD>240.8847</TD>
    <TD>55.07751</TD>
    <TD>460.994</TD>
    <TD>3469.602</TD>
    <TD>24.0897</TD>
    <TD>0.1682</TD>
    <TD>22.5442</TD>
    <TD>0.1426</TD>
    <TD>23.4378</TD>
    <TD>0.1575</TD>
    <TD>0.37</TD>
  </TR>
  <TR>
    <TD>6253.0</TD>
    <TD>240.8189</TD>
    <TD>55.00824</TD>
    <TD>1226.479</TD>
    <TD>3867.521</TD>
    <TD>24.6419</TD>
    <TD>0.2388</TD>
    <TD>24.0308</TD>
    <TD>0.3776</TD>
    <TD>24.0308</TD>
    <TD>0.3776</TD>
    <TD>0.44</TD>
  </TR>
  <TR>
    <TD>6254.0</TD>
    <TD>240.836</TD>
    <TD>55.05385</TD>
    <TD>724.986</TD>
    <TD>3768.989</TD>
    <TD>25.7907</TD>
    <TD>0.3696</TD>
    <TD>25.0106</TD>
    <TD>0.4504</TD>
    <TD>25.0106</TD>
    <TD>0.4504</TD>
    <TD>0.37</TD>
  </TR>
  <TR>
    <TD>6255.0</TD>
    <TD>240.8724</TD>
    <TD>54.97409</TD>
    <TD>1595.698</TD>
    <TD>3529.023</TD>
    <TD>24.9503</TD>
    <TD>0.227</TD>
    <TD>24.4578</TD>
    <TD>0.3234</TD>
    <TD>24.4578</TD>
    <TD>0.3234</TD>
    <TD>0.41</TD>
  </TR>
  <TR>
    <TD>6256.0</TD>
    <TD>240.8701</TD>
    <TD>55.10604</TD>
    <TD>147.001</TD>
    <TD>3565.427</TD>
    <TD>22.9409</TD>
    <TD>0.0941</TD>
    <TD>21.9914</TD>
    <TD>0.1266</TD>
    <TD>21.9914</TD>
    <TD>0.1266</TD>
    <TD>0.0</TD>
  </TR>
</TABLEDATA>
</DATA>
</TABLE>
</RESOURCE>
</VOTABLE>
