<?xml version="1.0" encoding="UTF-8" ?>
<testsuite errors="0" failures="0" name="org.astrogrid.adql.AdqlStoXTest" tests="135" time="33.179">
  <properties>
    <property name="astrogrid.xml.latest" value="2007.2xml"></property>
    <property name="tomcat.manager.username" value="tomcat"></property>
    <property name="file.encoding.pkg" value="sun.io"></property>
    <property name="maven.javacc.javacc.package" value=""></property>
    <property name="maven.compile.debug" value="on"></property>
    <property name="maven.property.inheritance" value="true"></property>
    <property name="java.home" value="/usr/local/j2sdk1.4.2_12/jre"></property>
    <property name="tag1.scope" value="all"></property>
    <property name="maven.distBuildIndicator" value="DIST_BUILD_DIRECTORY"></property>
    <property name="context" value="org.apache.maven.jelly.MavenJellyContext@125844f"></property>
    <property name="tag1.description" value="To Do:"></property>
    <property name="maven.test.failure.ignore" value="true"></property>
    <property name="maven.plugin.unpacked.dir" value="/home/jl99/.maven/cache"></property>
    <property name="java.endorsed.dirs" value="/usr/local/j2sdk1.4.2_12/jre/lib/endorsed"></property>
    <property name="maven.conf.dir" value="/home/jl99/workspace/adql-jl-2504/adql/conf"></property>
    <property name="maven.javacc.jjtree.package" value=""></property>
    <property name="org.apache.commons.jelly.ant.Project" value="org.apache.commons.grant.GrantProject@a89ce3"></property>
    <property name="PluginManager.PLUGIN_TEMP_MAP" value="{maven-javacc-plugin=
 source = /home/jl99/.maven/cache/maven-javacc-plugin-1.1/plugin.jelly
 project = null
 script = null}"></property>
    <property name="maven.xdoc.includeProjectDocumentation" value="yes"></property>
    <property name="maven.docs.omitXmlDeclaration" value="false"></property>
    <property name="maven.xdoc.version" value="bug2504"></property>
    <property name="sun.os.patch.level" value="unknown"></property>
    <property name="tomcat.common.lib.dir" value="/usr/local/jakarta-tomcat-5.0.28/common/lib"></property>
    <property name="java.vendor.url" value="http://java.sun.com/"></property>
    <property name="maven.tasklist.taskTag" value="@TODO"></property>
    <property name="maven.gen.src" value="/home/jl99/workspace/adql-jl-2504/adql/src/java"></property>
    <property name="maven.build.dir" value="/home/jl99/workspace/adql-jl-2504/adql/target"></property>
    <property name="java.version" value="1.4.2_12"></property>
    <property name="tag1.enabled" value="true"></property>
    <property name="maven.remote.group" value="maven"></property>
    <property name="java.vendor.url.bug" value="http://java.sun.com/cgi-bin/bugreport.cgi"></property>
    <property name="maven.junit.jvm" value=""></property>
    <property name="astrogrid.xmldb.version" value="2007.2xml"></property>
    <property name="user.name" value="jl99"></property>
    <property name="sun.io.unicode.encoding" value="UnicodeLittle"></property>
    <property name="maven.junit.printSummary" value="true"></property>
    <property name="sourcesPresent" value="true"></property>
    <property name="java.runtime.name" value="Java(TM) 2 Runtime Environment, Standard Edition"></property>
    <property name="astrogrid.mySpace.version" value="0.10-b000m"></property>
    <property name="maven.xdoc.date.format" value="EE dd MMMM yyyy HH:mm z"></property>
    <property name="tag3.name" value="modified"></property>
    <property name="astrogrid.sampleDocs.version" value="2007.1sd"></property>
    <property name="astrogrid.eXist.version" value="2007.2e"></property>
    <property name="java.specification.name" value="Java Platform API Specification"></property>
    <property name="registry.authorityid" value="org.astrogrid.localhost"></property>
    <property name="user.timezone" value=""></property>
    <property name="maven.xdoc.poweredby.title" value="Built by Maven"></property>
    <property name="maven.ssh.executable" value="ssh"></property>
    <property name="path.separator" value=":"></property>
    <property name="astrogrid.name" value="adql"></property>
    <property name="maven.xdoc.pomDocuments" value="cvs-usage.xml,index.xml,maven-reports.xml,dependencies.xml,issue-tracking.xml,mail-lists.xml,project-info.xml,team-list.xml,downloads.jelly"></property>
    <property name="astrogrid.utils.latest" value="2007.2ut"></property>
    <property name="file.encoding" value="UTF-8"></property>
    <property name="maven.antlr.target.dir" value="/home/jl99/workspace/adql-jl-2504/adql/target/antlr"></property>
    <property name="maven.jar.mainclass" value=""></property>
    <property name="systemScope" value="{java.runtime.name=Java(TM) 2 Runtime Environment, Standard Edition, sun.boot.library.path=/usr/local/j2sdk1.4.2_12/jre/lib/i386, java.vm.version=1.4.2_12-b03, java.vm.vendor=Sun Microsystems Inc., java.vendor.url=http://java.sun.com/, path.separator=:, java.vm.name=Java HotSpot(TM) Client VM, file.encoding.pkg=sun.io, user.country=US, sun.os.patch.level=unknown, java.vm.specification.name=Java Virtual Machine Specification, user.dir=/home/jl99/workspace/adql-jl-2504/adql, java.runtime.version=1.4.2_12-b03, forehead.conf.file=/usr/local/maven-1.0.2/bin/forehead.conf, java.awt.graphicsenv=sun.awt.X11GraphicsEnvironment, java.endorsed.dirs=/usr/local/j2sdk1.4.2_12/lib/endorsed:/usr/local/maven-1.0.2/lib/endorsed, os.arch=i386, java.io.tmpdir=/tmp, line.separator=
, java.vm.specification.vendor=Sun Microsystems Inc., os.name=Linux, sun.java2d.fontpath=, tools.jar=/usr/local/j2sdk1.4.2_12/lib/tools.jar, javax.xml.parsers.SAXParserFactory=org.apache.xerces.jaxp.SAXParserFactoryImpl, java.library.path=/usr/local/j2sdk1.4.2_12/jre/lib/i386/client:/usr/local/j2sdk1.4.2_12/jre/lib/i386:/usr/local/j2sdk1.4.2_12/jre/../lib/i386, java.specification.name=Java Platform API Specification, java.class.version=48.0, java.util.prefs.PreferencesFactory=java.util.prefs.FileSystemPreferencesFactory, os.version=2.6.15-1.2054_FC5, user.home=/home/jl99, user.timezone=Europe/London, java.awt.printerjob=sun.print.PSPrinterJob, file.encoding=UTF-8, java.specification.version=1.4, java.class.path=/usr/local/maven-1.0.2/lib/forehead-1.0-beta-5.jar, user.name=jl99, java.vm.specification.version=1.0, java.home=/usr/local/j2sdk1.4.2_12/jre, sun.arch.data.model=32, user.language=en, java.specification.vendor=Sun Microsystems Inc., java.vm.info=mixed mode, java.version=1.4.2_12, java.ext.dirs=/usr/local/j2sdk1.4.2_12/jre/lib/ext, sun.boot.class.path=/usr/local/maven-1.0.2/lib/endorsed/xml-apis-1.0.b2.jar:/usr/local/maven-1.0.2/lib/endorsed/xerces-2.4.0.jar:/usr/local/j2sdk1.4.2_12/jre/lib/rt.jar:/usr/local/j2sdk1.4.2_12/jre/lib/i18n.jar:/usr/local/j2sdk1.4.2_12/jre/lib/sunrsasign.jar:/usr/local/j2sdk1.4.2_12/jre/lib/jsse.jar:/usr/local/j2sdk1.4.2_12/jre/lib/jce.jar:/usr/local/j2sdk1.4.2_12/jre/lib/charsets.jar:/usr/local/j2sdk1.4.2_12/jre/classes, javax.xml.parsers.DocumentBuilderFactory=org.apache.xerces.jaxp.DocumentBuilderFactoryImpl, java.vendor=Sun Microsystems Inc., maven.home=/usr/local/maven-1.0.2, file.separator=/, java.vendor.url.bug=http://java.sun.com/cgi-bin/bugreport.cgi, sun.io.unicode.encoding=UnicodeLittle, sun.cpu.endian=little, sun.cpu.isalist=}"></property>
    <property name="maven.junit.dir" value="/home/jl99/workspace/adql-jl-2504/adql"></property>
    <property name="maven.xdoc.poweredby.image" value="maven-button-1.png"></property>
    <property name="astrogrid.pal.latest" value="2007.2.05pl"></property>
    <property name="astrogrid.scripting.version" value="2007.2s"></property>
    <property name="maven.jar.index" value="false"></property>
    <property name="java.io.tmpdir" value="/tmp"></property>
    <property name="user.language" value="en"></property>
    <property name="maven.xdoc.date" value="left"></property>
    <property name="astrogrid.aggregate.version" value="1.1-004ag"></property>
    <property name="line.separator" value="
"></property>
    <property name="maven.repo.local" value="/home/jl99/.maven/repository"></property>
    <property name="tag2.description" value="Future:"></property>
    <property name="maven.plugin.user.dir" value="/home/jl99/.maven/plugins"></property>
    <property name="maven.artifact.manifest.basedir" value="/plugin-resources/templates"></property>
    <property name="maven.junit.fork" value="true"></property>
    <property name="maven.junit.usefile" value="true"></property>
    <property name="maven.junit.format" value="brief"></property>
    <property name="maven.compile.optimize" value="off"></property>
    <property name="java.vm.info" value="mixed mode"></property>
    <property name="maven.repo.remote.enabled" value="true"></property>
    <property name="java.util.prefs.PreferencesFactory" value="java.util.prefs.FileSystemPreferencesFactory"></property>
    <property name="astrogrid.adql_v1_0a1.version" value="1.1-b000xmlbeans"></property>
    <property name="maven.javadoc.links" value="#http://www.astrogrid.org/maven/docs/HEAD/aggregate/multiproject/web-start/apidocs/,http://www.astrogrid.org/maven/docs/HEAD/applications/multiproject/astrogrid-cea-client/apidocs/,http://www.astrogrid.org/maven/docs/HEAD/applications/multiproject/astrogrid-cea-server/apidocs/,http://www.astrogrid.org/maven/docs/HEAD/applications/multiproject/astrogrid-cea-commandline/apidocs/,http://www.astrogrid.org/maven/docs/HEAD/applications/multiproject/astrogrid-cea-http/apidocs/,http://www.astrogrid.org/maven/docs/HEAD/common/apidocs/,http://www.astrogrid.org/maven/docs/HEAD/community/multiproject/astrogrid-community-common/apidocs/,#http://www.astrogrid.org/maven/docs/HEAD/community/multiproject/astrogrid-community-client/apidocs/,http://www.astrogrid.org/maven/docs/HEAD/community/multiproject/astrogrid-community-resolver/apidocs/,#http://www.astrogrid.org/maven/docs/HEAD/community/multiproject/astrogrid-community-server/apidocs/,http://www.astrogrid.org/maven/docs/HEAD/community/multiproject/astrogrid-community-install/apidocs/,#http://www.astrogrid.org/maven/docs/HEAD/community/multiproject/astrogrid-community/apidocs/,http://www.astrogrid.org/maven/docs/HEAD/datacenter/multiproject/pal/apidocs/,http://www.astrogrid.org/maven/docs/HEAD/datacenter/multiproject/astrogrid-datacenter-client/apidocs/,#http://www.astrogrid.org/maven/docs/HEAD/datacenter/multiproject/sixdF/apidocs/,#http://www.astrogrid.org/maven/docs/HEAD/datacenter/multiproject/merlin/apidocs/,http://www.astrogrid.org/maven/docs/HEAD/datacenter/multiproject/cdsdelegate/apidocs/,#http://www.astrogrid.org/maven/docs/HEAD/datacenter/multiproject/sec/apidocs/,#http://www.astrogrid.org/maven/docs/HEAD/datacenter/multiproject/mch/apidocs/,http://www.astrogrid.org/maven/docs/HEAD/datacenter/multiproject/installation-test/apidocs/,http://www.astrogrid.org/maven/docs/HEAD/datacenter/multiproject/http2java/apidocs/,http://www.astrogrid.org/maven/docs/HEAD/eXist/multiproject/astrogrid-exist-server/apidocs/,http://www.astrogrid.org/maven/docs/HEAD/filemanager/multiproject/astrogrid-filemanager-common/apidocs/,http://www.astrogrid.org/maven/docs/HEAD/filemanager/multiproject/astrogrid-filemanager-client/apidocs/,http://www.astrogrid.org/maven/docs/HEAD/filemanager/multiproject/astrogrid-filemanager-server/apidocs/,#http://www.astrogrid.org/maven/docs/HEAD/filemanager/multiproject/astrogrid-filemanager/apidocs/,http://www.astrogrid.org/maven/docs/HEAD/filestore/multiproject/astrogrid-filestore-common/apidocs/,http://www.astrogrid.org/maven/docs/HEAD/filestore/multiproject/astrogrid-filestore-client/apidocs/,http://www.astrogrid.org/maven/docs/HEAD/filestore/multiproject/astrogrid-filestore-server/apidocs/,#http://www.astrogrid.org/maven/docs/HEAD/filestore/multiproject/astrogrid-filestore/apidocs/,http://www.astrogrid.org/maven/docs/HEAD/jes/apidocs/,http://www.astrogrid.org/maven/docs/HEAD/mySpace/multiproject/astrogrid-store-client/apidocs/,http://www.astrogrid.org/maven/docs/HEAD/mySpace/multiproject/astrogrid-mySpace/apidocs/,http://www.astrogrid.org/maven/docs/HEAD/portal/multiproject/astrogrid-portal-common/apidocs/,http://www.astrogrid.org/maven/docs/HEAD/portal/multiproject/astrogrid-portal-base/apidocs/,#http://www.astrogrid.org/maven/docs/HEAD/portal/multiproject/astrogrid-portal-help/apidocs/,http://www.astrogrid.org/maven/docs/HEAD/portal/multiproject/astrogrid-portal-community/apidocs/,http://www.astrogrid.org/maven/docs/HEAD/portal/multiproject/astrogrid-portal-datacenter/apidocs/,http://www.astrogrid.org/maven/docs/HEAD/portal/multiproject/astrogrid-portal-login/apidocs/,http://www.astrogrid.org/maven/docs/HEAD/portal/multiproject/astrogrid-portal-myspace/apidocs/,http://www.astrogrid.org/maven/docs/HEAD/portal/multiproject/astrogrid-portal-registry/apidocs/,#http://www.astrogrid.org/maven/docs/HEAD/portal/multiproject/astrogrid-portal-scenarios/apidocs/,#http://www.astrogrid.org/maven/docs/HEAD/portal/multiproject/astrogrid-portal-resources/apidocs/,http://www.astrogrid.org/maven/docs/HEAD/portal/multiproject/astrogrid-portal-workflow/apidocs/,http://www.astrogrid.org/maven/docs/HEAD/registry/multiproject/astrogrid-registry-common/apidocs/,http://www.astrogrid.org/maven/docs/HEAD/registry/multiproject/astrogrid-registry-client-lite/apidocs/,http://www.astrogrid.org/maven/docs/HEAD/registry/multiproject/astrogrid-registry-server/apidocs/,#http://www.astrogrid.org/maven/docs/HEAD/registry/multiproject/astrogrid-registry/apidocs/,http://www.astrogrid.org/maven/docs/HEAD/scripting/apidocs/,http://www.astrogrid.org/maven/docs/HEAD/security/apidocs/,http://www.astrogrid.org/maven/docs/HEAD/slinger/apidocs/,http://www.astrogrid.org/maven/docs/HEAD/ui/apidocs/,http://www.astrogrid.org/maven/docs/HEAD/astrogrid-workflow-objects/apidocs,http://www.astrogrid.org/maven/docs/HEAD/workflow/apidocs,http://www.astrogrid.org/maven/docs/HEAD/desktop/multiproject/acr-interface/apidocs/"></property>
    <property name="astrogrid.pal.version" value="2007.2.05pl"></property>
    <property name="astrogrid.xml.stable" value="2007.2xml"></property>
    <property name="java.vm.specification.name" value="Java Virtual Machine Specification"></property>
    <property name="version" value="SNAPSHOT"></property>
    <property name="maven.emacsModeOn" value="false"></property>
    <property name="maven.build.dest" value="/home/jl99/workspace/adql-jl-2504/adql/target/classes"></property>
    <property name="maven.javacc.jjtree.header" value="src/main/javacc/jjtree_header"></property>
    <property name="maven.jar.manifest.extensions.add" value="false"></property>
    <property name="astrogrid.slinger.version" value="2007.2sl"></property>
    <property name="maven.compile.deprecation" value="on"></property>
    <property name="astrogrid.common.version" value="2007.2.01"></property>
    <property name="maven.xdoc.projectInfo" value="cvs-usage.xml,dependencies.xml,issue-tracking.xml,mail-lists.xml,project-info.xml,team-list.xml,downloads.jelly"></property>
    <property name="parentScope" value="{astrogrid.xml.latest=org.apache.commons.jelly.expression.ConstantExpression@1d439fe[value=2007.2xml], tomcat.manager.username=org.apache.commons.jelly.expression.ConstantExpression@2b7db1[value=tomcat], file.encoding.pkg=org.apache.commons.jelly.expression.ConstantExpression@148f8c8[value=sun.io], maven.compile.debug=org.apache.commons.jelly.expression.ConstantExpression@1c5466b[value=on], maven.property.inheritance=org.apache.commons.jelly.expression.ConstantExpression@922804[value=true], java.home=org.apache.commons.jelly.expression.ConstantExpression@1815338[value=/usr/local/j2sdk1.4.2_12/jre], tag1.scope=org.apache.commons.jelly.expression.ConstantExpression@17e845a[value=all], maven.distBuildIndicator=org.apache.commons.jelly.expression.ConstantExpression@12368df[value=DIST_BUILD_DIRECTORY], context=org.apache.maven.jelly.MavenJellyContext@1ba0f36, tag1.description=org.apache.commons.jelly.expression.ConstantExpression@3caa4b[value=To Do:], maven.plugin.unpacked.dir=org.apache.commons.jelly.expression.CompositeExpression@d0220c[expressions=[org.apache.commons.jelly.expression.jexl.JexlExpressionFactory$ExpressionSupportLocal@6b496d[expression:maven.home.local], org.apache.commons.jelly.expression.ConstantExpression@1a19458[value=/cache]]], maven.test.failure.ignore=org.apache.commons.jelly.expression.ConstantExpression@1124746[value=true], java.endorsed.dirs=org.apache.commons.jelly.expression.ConstantExpression@105691e[value=/usr/local/j2sdk1.4.2_12/lib/endorsed:/usr/local/maven-1.0.2/lib/endorsed], maven.conf.dir=org.apache.commons.jelly.expression.CompositeExpression@383118[expressions=[org.apache.commons.jelly.expression.jexl.JexlExpressionFactory$ExpressionSupportLocal@11f23e5[expression:basedir], org.apache.commons.jelly.expression.ConstantExpression@16dc861[value=/conf]]], maven.docs.omitXmlDeclaration=org.apache.commons.jelly.expression.ConstantExpression@7e8c4d[value=false], maven.xdoc.version=org.apache.commons.jelly.expression.jexl.JexlExpressionFactory$ExpressionSupportLocal@2d189c[expression:pom.currentVersion], sun.os.patch.level=org.apache.commons.jelly.expression.ConstantExpression@aae86e[value=unknown], tomcat.common.lib.dir=org.apache.commons.jelly.expression.ConstantExpression@81a197[value=/usr/local/jakarta-tomcat-5.0.28/common/lib], java.vendor.url=org.apache.commons.jelly.expression.ConstantExpression@97d026[value=http://java.sun.com/], maven.tasklist.taskTag=org.apache.commons.jelly.expression.ConstantExpression@e29820[value=@TODO], maven.build.dir=org.apache.commons.jelly.expression.CompositeExpression@716cb7[expressions=[org.apache.commons.jelly.expression.jexl.JexlExpressionFactory$ExpressionSupportLocal@987a33[expression:basedir], org.apache.commons.jelly.expression.ConstantExpression@7eb6e2[value=/target]]], java.version=org.apache.commons.jelly.expression.ConstantExpression@118d189[value=1.4.2_12], tag1.enabled=org.apache.commons.jelly.expression.ConstantExpression@648016[value=true], maven.remote.group=org.apache.commons.jelly.expression.ConstantExpression@1551b0[value=maven], java.vendor.url.bug=org.apache.commons.jelly.expression.ConstantExpression@1a61172[value=http://java.sun.com/cgi-bin/bugreport.cgi], astrogrid.xmldb.version=org.apache.commons.jelly.expression.ConstantExpression@1c391c3[value=2007.2xml], user.name=org.apache.commons.jelly.expression.ConstantExpression@969c29[value=jl99], sun.io.unicode.encoding=org.apache.commons.jelly.expression.ConstantExpression@1e67e6a[value=UnicodeLittle], java.runtime.name=org.apache.commons.jelly.expression.ConstantExpression@1758500[value=Java(TM) 2 Runtime Environment, Standard Edition], astrogrid.mySpace.version=org.apache.commons.jelly.expression.ConstantExpression@6ed322[value=0.10-b000m], maven.xdoc.date.format=org.apache.commons.jelly.expression.ConstantExpression@1e78c96[value=EE dd MMMM yyyy HH:mm z], tag3.name=org.apache.commons.jelly.expression.ConstantExpression@bf053f[value=modified], astrogrid.sampleDocs.version=org.apache.commons.jelly.expression.ConstantExpression@f1916f[value=2007.1sd], astrogrid.eXist.version=org.apache.commons.jelly.expression.ConstantExpression@18330bf[value=2007.2e], java.specification.name=org.apache.commons.jelly.expression.ConstantExpression@1f54c5f[value=Java Platform API Specification], registry.authorityid=org.apache.commons.jelly.expression.ConstantExpression@16917ee[value=org.astrogrid.localhost], user.timezone=org.apache.commons.jelly.expression.ConstantExpression@a23610[value=], maven.ssh.executable=org.apache.commons.jelly.expression.ConstantExpression@18b8914[value=ssh], path.separator=org.apache.commons.jelly.expression.ConstantExpression@1d49247[value=:], astrogrid.utils.latest=org.apache.commons.jelly.expression.ConstantExpression@cf829d[value=2007.2ut], file.encoding=org.apache.commons.jelly.expression.ConstantExpression@1884a40[value=UTF-8], systemScope={java.runtime.name=Java(TM) 2 Runtime Environment, Standard Edition, sun.boot.library.path=/usr/local/j2sdk1.4.2_12/jre/lib/i386, java.vm.version=1.4.2_12-b03, java.vm.vendor=Sun Microsystems Inc., java.vendor.url=http://java.sun.com/, path.separator=:, java.vm.name=Java HotSpot(TM) Client VM, file.encoding.pkg=sun.io, user.country=US, sun.os.patch.level=unknown, java.vm.specification.name=Java Virtual Machine Specification, user.dir=/home/jl99/workspace/adql-jl-2504/adql, java.runtime.version=1.4.2_12-b03, forehead.conf.file=/usr/local/maven-1.0.2/bin/forehead.conf, java.awt.graphicsenv=sun.awt.X11GraphicsEnvironment, java.endorsed.dirs=/usr/local/j2sdk1.4.2_12/lib/endorsed:/usr/local/maven-1.0.2/lib/endorsed, os.arch=i386, java.io.tmpdir=/tmp, line.separator=
, java.vm.specification.vendor=Sun Microsystems Inc., os.name=Linux, sun.java2d.fontpath=, tools.jar=/usr/local/j2sdk1.4.2_12/lib/tools.jar, javax.xml.parsers.SAXParserFactory=org.apache.xerces.jaxp.SAXParserFactoryImpl, java.library.path=/usr/local/j2sdk1.4.2_12/jre/lib/i386/client:/usr/local/j2sdk1.4.2_12/jre/lib/i386:/usr/local/j2sdk1.4.2_12/jre/../lib/i386, java.specification.name=Java Platform API Specification, java.class.version=48.0, java.util.prefs.PreferencesFactory=java.util.prefs.FileSystemPreferencesFactory, os.version=2.6.15-1.2054_FC5, user.home=/home/jl99, user.timezone=Europe/London, java.awt.printerjob=sun.print.PSPrinterJob, file.encoding=UTF-8, java.specification.version=1.4, java.class.path=/usr/local/maven-1.0.2/lib/forehead-1.0-beta-5.jar, user.name=jl99, java.vm.specification.version=1.0, java.home=/usr/local/j2sdk1.4.2_12/jre, sun.arch.data.model=32, user.language=en, java.specification.vendor=Sun Microsystems Inc., java.vm.info=mixed mode, java.version=1.4.2_12, java.ext.dirs=/usr/local/j2sdk1.4.2_12/jre/lib/ext, sun.boot.class.path=/usr/local/maven-1.0.2/lib/endorsed/xml-apis-1.0.b2.jar:/usr/local/maven-1.0.2/lib/endorsed/xerces-2.4.0.jar:/usr/local/j2sdk1.4.2_12/jre/lib/rt.jar:/usr/local/j2sdk1.4.2_12/jre/lib/i18n.jar:/usr/local/j2sdk1.4.2_12/jre/lib/sunrsasign.jar:/usr/local/j2sdk1.4.2_12/jre/lib/jsse.jar:/usr/local/j2sdk1.4.2_12/jre/lib/jce.jar:/usr/local/j2sdk1.4.2_12/jre/lib/charsets.jar:/usr/local/j2sdk1.4.2_12/jre/classes, javax.xml.parsers.DocumentBuilderFactory=org.apache.xerces.jaxp.DocumentBuilderFactoryImpl, java.vendor=Sun Microsystems Inc., maven.home=/usr/local/maven-1.0.2, file.separator=/, java.vendor.url.bug=http://java.sun.com/cgi-bin/bugreport.cgi, sun.io.unicode.encoding=UnicodeLittle, sun.cpu.endian=little, sun.cpu.isalist=}, astrogrid.pal.latest=org.apache.commons.jelly.expression.ConstantExpression@c2ee15[value=2007.2.05pl], astrogrid.scripting.version=org.apache.commons.jelly.expression.ConstantExpression@19cd75a[value=2007.2s], java.io.tmpdir=org.apache.commons.jelly.expression.ConstantExpression@1fe8ce8[value=/tmp], user.language=org.apache.commons.jelly.expression.ConstantExpression@d4d66b[value=en], maven.xdoc.date=org.apache.commons.jelly.expression.ConstantExpression@149105b[value=left], astrogrid.aggregate.version=org.apache.commons.jelly.expression.ConstantExpression@1d0d45b[value=1.1-004ag], maven.repo.local=org.apache.commons.jelly.expression.CompositeExpression@125d06e[expressions=[org.apache.commons.jelly.expression.jexl.JexlExpressionFactory$ExpressionSupportLocal@196f4b5[expression:maven.home.local], org.apache.commons.jelly.expression.ConstantExpression@19ba640[value=/repository]]], line.separator=org.apache.commons.jelly.expression.ConstantExpression@1bfc4fc[value=
], maven.plugin.user.dir=org.apache.commons.jelly.expression.CompositeExpression@11db6bb[expressions=[org.apache.commons.jelly.expression.jexl.JexlExpressionFactory$ExpressionSupportLocal@1c7e2da[expression:maven.home.local], org.apache.commons.jelly.expression.ConstantExpression@1fe571f[value=/plugins]]], tag2.description=org.apache.commons.jelly.expression.ConstantExpression@109ea96[value=Future:], maven.junit.fork=org.apache.commons.jelly.expression.ConstantExpression@83b1b[value=true], maven.compile.optimize=org.apache.commons.jelly.expression.ConstantExpression@608760[value=off], maven.repo.remote.enabled=org.apache.commons.jelly.expression.ConstantExpression@157ea4a[value=true], java.vm.info=org.apache.commons.jelly.expression.ConstantExpression@d6b059[value=mixed mode], java.util.prefs.PreferencesFactory=org.apache.commons.jelly.expression.ConstantExpression@d3c65d[value=java.util.prefs.FileSystemPreferencesFactory], astrogrid.adql_v1_0a1.version=org.apache.commons.jelly.expression.ConstantExpression@1843a75[value=1.1-b000xmlbeans], maven.javadoc.links=org.apache.commons.jelly.expression.ConstantExpression@1a1399[value=#http://www.astrogrid.org/maven/docs/HEAD/aggregate/multiproject/web-start/apidocs/,http://www.astrogrid.org/maven/docs/HEAD/applications/multiproject/astrogrid-cea-client/apidocs/,http://www.astrogrid.org/maven/docs/HEAD/applications/multiproject/astrogrid-cea-server/apidocs/,http://www.astrogrid.org/maven/docs/HEAD/applications/multiproject/astrogrid-cea-commandline/apidocs/,http://www.astrogrid.org/maven/docs/HEAD/applications/multiproject/astrogrid-cea-http/apidocs/,http://www.astrogrid.org/maven/docs/HEAD/common/apidocs/,http://www.astrogrid.org/maven/docs/HEAD/community/multiproject/astrogrid-community-common/apidocs/,#http://www.astrogrid.org/maven/docs/HEAD/community/multiproject/astrogrid-community-client/apidocs/,http://www.astrogrid.org/maven/docs/HEAD/community/multiproject/astrogrid-community-resolver/apidocs/,#http://www.astrogrid.org/maven/docs/HEAD/community/multiproject/astrogrid-community-server/apidocs/,http://www.astrogrid.org/maven/docs/HEAD/community/multiproject/astrogrid-community-install/apidocs/,#http://www.astrogrid.org/maven/docs/HEAD/community/multiproject/astrogrid-community/apidocs/,http://www.astrogrid.org/maven/docs/HEAD/datacenter/multiproject/pal/apidocs/,http://www.astrogrid.org/maven/docs/HEAD/datacenter/multiproject/astrogrid-datacenter-client/apidocs/,#http://www.astrogrid.org/maven/docs/HEAD/datacenter/multiproject/sixdF/apidocs/,#http://www.astrogrid.org/maven/docs/HEAD/datacenter/multiproject/merlin/apidocs/,http://www.astrogrid.org/maven/docs/HEAD/datacenter/multiproject/cdsdelegate/apidocs/,#http://www.astrogrid.org/maven/docs/HEAD/datacenter/multiproject/sec/apidocs/,#http://www.astrogrid.org/maven/docs/HEAD/datacenter/multiproject/mch/apidocs/,http://www.astrogrid.org/maven/docs/HEAD/datacenter/multiproject/installation-test/apidocs/,http://www.astrogrid.org/maven/docs/HEAD/datacenter/multiproject/http2java/apidocs/,http://www.astrogrid.org/maven/docs/HEAD/eXist/multiproject/astrogrid-exist-server/apidocs/,http://www.astrogrid.org/maven/docs/HEAD/filemanager/multiproject/astrogrid-filemanager-common/apidocs/,http://www.astrogrid.org/maven/docs/HEAD/filemanager/multiproject/astrogrid-filemanager-client/apidocs/,http://www.astrogrid.org/maven/docs/HEAD/filemanager/multiproject/astrogrid-filemanager-server/apidocs/,#http://www.astrogrid.org/maven/docs/HEAD/filemanager/multiproject/astrogrid-filemanager/apidocs/,http://www.astrogrid.org/maven/docs/HEAD/filestore/multiproject/astrogrid-filestore-common/apidocs/,http://www.astrogrid.org/maven/docs/HEAD/filestore/multiproject/astrogrid-filestore-client/apidocs/,http://www.astrogrid.org/maven/docs/HEAD/filestore/multiproject/astrogrid-filestore-server/apidocs/,#http://www.astrogrid.org/maven/docs/HEAD/filestore/multiproject/astrogrid-filestore/apidocs/,http://www.astrogrid.org/maven/docs/HEAD/jes/apidocs/,http://www.astrogrid.org/maven/docs/HEAD/mySpace/multiproject/astrogrid-store-client/apidocs/,http://www.astrogrid.org/maven/docs/HEAD/mySpace/multiproject/astrogrid-mySpace/apidocs/,http://www.astrogrid.org/maven/docs/HEAD/portal/multiproject/astrogrid-portal-common/apidocs/,http://www.astrogrid.org/maven/docs/HEAD/portal/multiproject/astrogrid-portal-base/apidocs/,#http://www.astrogrid.org/maven/docs/HEAD/portal/multiproject/astrogrid-portal-help/apidocs/,http://www.astrogrid.org/maven/docs/HEAD/portal/multiproject/astrogrid-portal-community/apidocs/,http://www.astrogrid.org/maven/docs/HEAD/portal/multiproject/astrogrid-portal-datacenter/apidocs/,http://www.astrogrid.org/maven/docs/HEAD/portal/multiproject/astrogrid-portal-login/apidocs/,http://www.astrogrid.org/maven/docs/HEAD/portal/multiproject/astrogrid-portal-myspace/apidocs/,http://www.astrogrid.org/maven/docs/HEAD/portal/multiproject/astrogrid-portal-registry/apidocs/,#http://www.astrogrid.org/maven/docs/HEAD/portal/multiproject/astrogrid-portal-scenarios/apidocs/,#http://www.astrogrid.org/maven/docs/HEAD/portal/multiproject/astrogrid-portal-resources/apidocs/,http://www.astrogrid.org/maven/docs/HEAD/portal/multiproject/astrogrid-portal-workflow/apidocs/,http://www.astrogrid.org/maven/docs/HEAD/registry/multiproject/astrogrid-registry-common/apidocs/,http://www.astrogrid.org/maven/docs/HEAD/registry/multiproject/astrogrid-registry-client-lite/apidocs/,http://www.astrogrid.org/maven/docs/HEAD/registry/multiproject/astrogrid-registry-server/apidocs/,#http://www.astrogrid.org/maven/docs/HEAD/registry/multiproject/astrogrid-registry/apidocs/,http://www.astrogrid.org/maven/docs/HEAD/scripting/apidocs/,http://www.astrogrid.org/maven/docs/HEAD/security/apidocs/,http://www.astrogrid.org/maven/docs/HEAD/slinger/apidocs/,http://www.astrogrid.org/maven/docs/HEAD/ui/apidocs/,http://www.astrogrid.org/maven/docs/HEAD/astrogrid-workflow-objects/apidocs,http://www.astrogrid.org/maven/docs/HEAD/workflow/apidocs,http://www.astrogrid.org/maven/docs/HEAD/desktop/multiproject/acr-interface/apidocs/], astrogrid.pal.version=org.apache.commons.jelly.expression.ConstantExpression@1fcc0a2[value=2007.2.05pl], astrogrid.xml.stable=org.apache.commons.jelly.expression.ConstantExpression@caf6c1[value=2007.2xml], java.vm.specification.name=org.apache.commons.jelly.expression.ConstantExpression@10e35d5[value=Java Virtual Machine Specification], version=org.apache.commons.jelly.expression.ConstantExpression@1f03691[value=SNAPSHOT], maven.build.dest=org.apache.commons.jelly.expression.CompositeExpression@18e8541[expressions=[org.apache.commons.jelly.expression.jexl.JexlExpressionFactory$ExpressionSupportLocal@1ce85c4[expression:maven.build.dir], org.apache.commons.jelly.expression.ConstantExpression@1b03c1a[value=/classes]]], astrogrid.slinger.version=org.apache.commons.jelly.expression.ConstantExpression@139e351[value=2007.2sl], maven.compile.deprecation=org.apache.commons.jelly.expression.ConstantExpression@17aece8[value=on], astrogrid.common.version=org.apache.commons.jelly.expression.ConstantExpression@1578aab[value=2007.2.01], parentScope={maven.session=org.apache.maven.MavenSession@51127a, java.vendor=org.apache.commons.jelly.expression.ConstantExpression@94257f[value=Sun Microsystems Inc.], maven.compile.source=org.apache.commons.jelly.expression.ConstantExpression@29c58e[value=1.4], os.name=org.apache.commons.jelly.expression.ConstantExpression@691dee[value=Linux], sun.boot.class.path=org.apache.commons.jelly.expression.ConstantExpression@12bf892[value=/usr/local/maven-1.0.2/lib/endorsed/xml-apis-1.0.b2.jar:/usr/local/maven-1.0.2/lib/endorsed/xerces-2.4.0.jar:/usr/local/j2sdk1.4.2_12/jre/lib/rt.jar:/usr/local/j2sdk1.4.2_12/jre/lib/i18n.jar:/usr/local/j2sdk1.4.2_12/jre/lib/sunrsasign.jar:/usr/local/j2sdk1.4.2_12/jre/lib/jsse.jar:/usr/local/j2sdk1.4.2_12/jre/lib/jce.jar:/usr/local/j2sdk1.4.2_12/jre/lib/charsets.jar:/usr/local/j2sdk1.4.2_12/jre/classes], maven.distBuildDirectory=org.apache.commons.jelly.expression.CompositeExpression@1cc5069[expressions=[org.apache.commons.jelly.expression.jexl.JexlExpressionFactory$ExpressionSupportLocal@b32ed4[expression:basedir], org.apache.commons.jelly.expression.ConstantExpression@1c7980c[value=/target]]], tools.jar=org.apache.commons.jelly.expression.ConstantExpression@cf710e[value=/usr/local/j2sdk1.4.2_12/lib/tools.jar], registry.authorityid=org.apache.commons.jelly.expression.ConstantExpression@1077fc9[value=org.astrogrid.localhost], sun.java2d.fontpath=org.apache.commons.jelly.expression.ConstantExpression@1568fb5[value=], java.vm.specification.vendor=org.apache.commons.jelly.expression.ConstantExpression@1f4bcf7[value=Sun Microsystems Inc.], java.runtime.version=org.apache.commons.jelly.expression.ConstantExpression@a2220f[value=1.4.2_12-b03], maven.repo.remote.enabled=org.apache.commons.jelly.expression.ConstantExpression@6a3960[value=true], astrogrid.name=org.apache.commons.jelly.expression.ConstantExpression@1dccedd[value=adql], systemScope={java.runtime.name=Java(TM) 2 Runtime Environment, Standard Edition, sun.boot.library.path=/usr/local/j2sdk1.4.2_12/jre/lib/i386, java.vm.version=1.4.2_12-b03, java.vm.vendor=Sun Microsystems Inc., java.vendor.url=http://java.sun.com/, path.separator=:, java.vm.name=Java HotSpot(TM) Client VM, file.encoding.pkg=sun.io, user.country=US, sun.os.patch.level=unknown, java.vm.specification.name=Java Virtual Machine Specification, user.dir=/home/jl99/workspace/adql-jl-2504/adql, java.runtime.version=1.4.2_12-b03, forehead.conf.file=/usr/local/maven-1.0.2/bin/forehead.conf, java.awt.graphicsenv=sun.awt.X11GraphicsEnvironment, java.endorsed.dirs=/usr/local/j2sdk1.4.2_12/lib/endorsed:/usr/local/maven-1.0.2/lib/endorsed, os.arch=i386, java.io.tmpdir=/tmp, line.separator=
, java.vm.specification.vendor=Sun Microsystems Inc., os.name=Linux, sun.java2d.fontpath=, tools.jar=/usr/local/j2sdk1.4.2_12/lib/tools.jar, javax.xml.parsers.SAXParserFactory=org.apache.xerces.jaxp.SAXParserFactoryImpl, java.library.path=/usr/local/j2sdk1.4.2_12/jre/lib/i386/client:/usr/local/j2sdk1.4.2_12/jre/lib/i386:/usr/local/j2sdk1.4.2_12/jre/../lib/i386, java.specification.name=Java Platform API Specification, java.class.version=48.0, java.util.prefs.PreferencesFactory=java.util.prefs.FileSystemPreferencesFactory, os.version=2.6.15-1.2054_FC5, user.home=/home/jl99, user.timezone=Europe/London, java.awt.printerjob=sun.print.PSPrinterJob, file.encoding=UTF-8, java.specification.version=1.4, java.class.path=/usr/local/maven-1.0.2/lib/forehead-1.0-beta-5.jar, user.name=jl99, java.vm.specification.version=1.0, java.home=/usr/local/j2sdk1.4.2_12/jre, sun.arch.data.model=32, user.language=en, java.specification.vendor=Sun Microsystems Inc., java.vm.info=mixed mode, java.version=1.4.2_12, java.ext.dirs=/usr/local/j2sdk1.4.2_12/jre/lib/ext, sun.boot.class.path=/usr/local/maven-1.0.2/lib/endorsed/xml-apis-1.0.b2.jar:/usr/local/maven-1.0.2/lib/endorsed/xerces-2.4.0.jar:/usr/local/j2sdk1.4.2_12/jre/lib/rt.jar:/usr/local/j2sdk1.4.2_12/jre/lib/i18n.jar:/usr/local/j2sdk1.4.2_12/jre/lib/sunrsasign.jar:/usr/local/j2sdk1.4.2_12/jre/lib/jsse.jar:/usr/local/j2sdk1.4.2_12/jre/lib/jce.jar:/usr/local/j2sdk1.4.2_12/jre/lib/charsets.jar:/usr/local/j2sdk1.4.2_12/jre/classes, javax.xml.parsers.DocumentBuilderFactory=org.apache.xerces.jaxp.DocumentBuilderFactoryImpl, java.vendor=Sun Microsystems Inc., maven.home=/usr/local/maven-1.0.2, file.separator=/, java.vendor.url.bug=http://java.sun.com/cgi-bin/bugreport.cgi, sun.io.unicode.encoding=UnicodeLittle, sun.cpu.endian=little, sun.cpu.isalist=}, tomcat.common.lib.dir=org.apache.commons.jelly.expression.ConstantExpression@1911540[value=/usr/local/jakarta-tomcat-5.0.28/common/lib], user.name=org.apache.commons.jelly.expression.ConstantExpression@a4488[value=jl99], maven.debugOn=false, maven.compile.debug=org.apache.commons.jelly.expression.ConstantExpression@19762f[value=on], maven.repo.local=org.apache.commons.jelly.expression.CompositeExpression@19e215b[expressions=[org.apache.commons.jelly.expression.jexl.JexlExpressionFactory$ExpressionSupportLocal@9ff0a8[expression:maven.home.local], org.apache.commons.jelly.expression.ConstantExpression@70be88[value=/repository]]], maven.defaults.loaded=org.apache.commons.jelly.expression.ConstantExpression@1ecfe07[value=true], javax.xml.parsers.SAXParserFactory=org.apache.commons.jelly.expression.ConstantExpression@199939[value=org.apache.xerces.jaxp.SAXParserFactoryImpl], maven.docs.omitXmlDeclaration=org.apache.commons.jelly.expression.ConstantExpression@9a9b65[value=false], user.language=org.apache.commons.jelly.expression.ConstantExpression@502819[value=en], sun.boot.library.path=org.apache.commons.jelly.expression.ConstantExpression@78aa80[value=/usr/local/j2sdk1.4.2_12/jre/lib/i386], maven.build.dest=org.apache.commons.jelly.expression.CompositeExpression@1d98a[expressions=[org.apache.commons.jelly.expression.jexl.JexlExpressionFactory$ExpressionSupportLocal@1712651[expression:maven.build.dir], org.apache.commons.jelly.expression.ConstantExpression@18aab40[value=/classes]]], maven.xmlOutput=org.apache.commons.jelly.XMLOutput$1@f102d3[contentHandler=org.dom4j.io.XMLWriter@f07355;lexicalHandler=org.dom4j.io.XMLWriter@f07355], maven.plugin.user.dir=org.apache.commons.jelly.expression.CompositeExpression@23f1bb[expressions=[org.apache.commons.jelly.expression.jexl.JexlExpressionFactory$ExpressionSupportLocal@1d33a6b[expression:maven.home.local], org.apache.commons.jelly.expression.ConstantExpression@a0864f[value=/plugins]]], java.version=org.apache.commons.jelly.expression.ConstantExpression@d1e233[value=1.4.2_12], version=org.apache.commons.jelly.expression.ConstantExpression@15983b7[value=SNAPSHOT], user.timezone=org.apache.commons.jelly.expression.ConstantExpression@1d6747b[value=], sun.arch.data.model=org.apache.commons.jelly.expression.ConstantExpression@7976c1[value=32], java.endorsed.dirs=org.apache.commons.jelly.expression.ConstantExpression@6397eb[value=/usr/local/j2sdk1.4.2_12/lib/endorsed:/usr/local/maven-1.0.2/lib/endorsed], maven.property.inheritance=org.apache.commons.jelly.expression.ConstantExpression@8aeb74[value=true], sun.cpu.isalist=org.apache.commons.jelly.expression.ConstantExpression@6835fb[value=], file.encoding.pkg=org.apache.commons.jelly.expression.ConstantExpression@1b01afa[value=sun.io], file.separator=org.apache.commons.jelly.expression.ConstantExpression@bb494b[value=/], java.specification.name=org.apache.commons.jelly.expression.ConstantExpression@1c8efd1[value=Java Platform API Specification], maven.src.dir=org.apache.commons.jelly.expression.CompositeExpression@f892a4[expressions=[org.apache.commons.jelly.expression.jexl.JexlExpressionFactory$ExpressionSupportLocal@1636e4e[expression:basedir], org.apache.commons.jelly.expression.ConstantExpression@df0438[value=/src]]], java.class.version=org.apache.commons.jelly.expression.ConstantExpression@18e261d[value=48.0], user.country=org.apache.commons.jelly.expression.ConstantExpression@1684706[value=US], java.home=org.apache.commons.jelly.expression.ConstantExpression@10efd7c[value=/usr/local/j2sdk1.4.2_12/jre], javax.xml.parsers.DocumentBuilderFactory=org.apache.commons.jelly.expression.ConstantExpression@12412e7[value=org.apache.xerces.jaxp.DocumentBuilderFactoryImpl], forehead.conf.file=org.apache.commons.jelly.expression.ConstantExpression@1552b76[value=/usr/local/maven-1.0.2/bin/forehead.conf], java.vm.info=org.apache.commons.jelly.expression.ConstantExpression@988707[value=mixed mode], os.version=org.apache.commons.jelly.expression.ConstantExpression@1c8ef56[value=2.6.15-1.2054_FC5], maven.conf.dir=org.apache.commons.jelly.expression.CompositeExpression@d90453[expressions=[org.apache.commons.jelly.expression.jexl.JexlExpressionFactory$ExpressionSupportLocal@1ab11b0[expression:basedir], org.apache.commons.jelly.expression.ConstantExpression@165b7e[value=/conf]]], tomcat.manager.password=org.apache.commons.jelly.expression.ConstantExpression@1d0d124[value=tomcat], path.separator=org.apache.commons.jelly.expression.ConstantExpression@52c6b4[value=:], java.vm.version=org.apache.commons.jelly.expression.ConstantExpression@738d08[value=1.4.2_12-b03], maven.build.dir=org.apache.commons.jelly.expression.CompositeExpression@302e67[expressions=[org.apache.commons.jelly.expression.jexl.JexlExpressionFactory$ExpressionSupportLocal@136a1a1[expression:basedir], org.apache.commons.jelly.expression.ConstantExpression@1ad6b4b[value=/target]]], java.util.prefs.PreferencesFactory=org.apache.commons.jelly.expression.ConstantExpression@5f2db0[value=java.util.prefs.FileSystemPreferencesFactory], maven.checkstyle.properties=org.apache.commons.jelly.expression.CompositeExpression@b0a3f5[expressions=[org.apache.commons.jelly.expression.jexl.JexlExpressionFactory$ExpressionSupportLocal@dc41c5[expression:basedir], org.apache.commons.jelly.expression.ConstantExpression@6214f5[value=/../maven-base/checkstyle.xml]]], maven.ssh.executable=org.apache.commons.jelly.expression.ConstantExpression@14e113b[value=ssh], maven.emacsModeOn=false, tomcat.location=org.apache.commons.jelly.expression.ConstantExpression@4d76b4[value=/usr/local/jakarta-tomcat-5.0.28], java.awt.printerjob=org.apache.commons.jelly.expression.ConstantExpression@1ac5f13[value=sun.print.PSPrinterJob], tomcat.manager.username=org.apache.commons.jelly.expression.ConstantExpression@195dd5b[value=tomcat], sun.io.unicode.encoding=org.apache.commons.jelly.expression.ConstantExpression@1f78b68[value=UnicodeLittle], maven.gen.src=org.apache.commons.jelly.expression.CompositeExpression@e183e9[expressions=[org.apache.commons.jelly.expression.jexl.JexlExpressionFactory$ExpressionSupportLocal@19b46dc[expression:basedir], org.apache.commons.jelly.expression.ConstantExpression@1493102[value=/src/java]]], maven.compile.optimize=org.apache.commons.jelly.expression.ConstantExpression@30ae41[value=off], user.home=org.apache.commons.jelly.expression.ConstantExpression@4204[value=/home/jl99], java.specification.vendor=org.apache.commons.jelly.expression.ConstantExpression@ee1ede[value=Sun Microsystems Inc.], maven.test.source=org.apache.commons.jelly.expression.ConstantExpression@12c8fa8[value=1.4], maven.final.dir=org.apache.commons.jelly.expression.CompositeExpression@8b8a47[expressions=[org.apache.commons.jelly.expression.jexl.JexlExpressionFactory$ExpressionSupportLocal@1236cd5[expression:basedir], org.apache.commons.jelly.expression.ConstantExpression@be49e0[value=/], org.apache.commons.jelly.expression.jexl.JexlExpressionFactory$ExpressionSupportLocal@e41bc3[expression:maven.final.name]]], maven.build.src=org.apache.commons.jelly.expression.CompositeExpression@1dacccc[expressions=[org.apache.commons.jelly.expression.jexl.JexlExpressionFactory$ExpressionSupportLocal@1bb9a58[expression:maven.build.dir], org.apache.commons.jelly.expression.ConstantExpression@1922f46[value=/src]]], maven.build=org.apache.commons.jelly.expression.ConstantExpression@5dc994[value=MAVEN_BUILD_NOT_SET], java.library.path=org.apache.commons.jelly.expression.ConstantExpression@15d3388[value=/usr/local/j2sdk1.4.2_12/jre/lib/i386/client:/usr/local/j2sdk1.4.2_12/jre/lib/i386:/usr/local/j2sdk1.4.2_12/jre/../lib/i386], java.vendor.url=org.apache.commons.jelly.expression.ConstantExpression@1e2670b[value=http://java.sun.com/], java.vm.vendor=org.apache.commons.jelly.expression.ConstantExpression@db23f1[value=Sun Microsystems Inc.], maven.username=org.apache.commons.jelly.expression.ConstantExpression@114b82b[value=USERNAME_NOT_SET], maven.home=org.apache.commons.jelly.expression.ConstantExpression@147358f[value=/usr/local/maven-1.0.2], java.runtime.name=org.apache.commons.jelly.expression.ConstantExpression@d5eb7[value=Java(TM) 2 Runtime Environment, Standard Edition], java.class.path=org.apache.commons.jelly.expression.ConstantExpression@1c54796[value=/usr/local/maven-1.0.2/lib/forehead-1.0-beta-5.jar], maven.remote.group=org.apache.commons.jelly.expression.ConstantExpression@ded0f0[value=maven], maven.compile.target=org.apache.commons.jelly.expression.ConstantExpression@676e3f[value=1.4], maven.gen.docs=org.apache.commons.jelly.expression.CompositeExpression@770d2e[expressions=[org.apache.commons.jelly.expression.jexl.JexlExpressionFactory$ExpressionSupportLocal@27982[expression:maven.build.dir], org.apache.commons.jelly.expression.ConstantExpression@778255[value=/generated-xdocs]]], maven.test.skip=org.apache.commons.jelly.expression.ConstantExpression@da90c[value=false], context=org.apache.maven.jelly.MavenJellyContext@d58939, maven.distDirectory=org.apache.commons.jelly.expression.CompositeExpression@124111a[expressions=[org.apache.commons.jelly.expression.jexl.JexlExpressionFactory$ExpressionSupportLocal@dec8b3[expression:basedir], org.apache.commons.jelly.expression.ConstantExpression@4a7df6[value=/dist]]], maven.docs.dest=org.apache.commons.jelly.expression.CompositeExpression@93df2c[expressions=[org.apache.commons.jelly.expression.jexl.JexlExpressionFactory$ExpressionSupportLocal@20f443[expression:maven.build.dir], org.apache.commons.jelly.expression.ConstantExpression@18488ef[value=/docs]]], maven.compile.deprecation=org.apache.commons.jelly.expression.ConstantExpression@3a1834[value=off], maven.license.licenseFile=org.apache.commons.jelly.expression.CompositeExpression@b1cd0[expressions=[org.apache.commons.jelly.expression.jexl.JexlExpressionFactory$ExpressionSupportLocal@190a0d6[expression:basedir], org.apache.commons.jelly.expression.ConstantExpression@2f729e[value=/../maven-base/LICENSE.txt]]], java.vm.specification.name=org.apache.commons.jelly.expression.ConstantExpression@10deb5f[value=Java Virtual Machine Specification], maven.junit.jvmargs=org.apache.commons.jelly.expression.ConstantExpression@d7b7d9[value=-ea], work.dir=org.apache.commons.jelly.expression.CompositeExpression@671f95[expressions=[org.apache.commons.jelly.expression.jexl.JexlExpressionFactory$ExpressionSupportLocal@4a9a7d[expression:maven.build.dir], org.apache.commons.jelly.expression.ConstantExpression@1e4a47e[value=/work]]], maven.docs.outputencoding=org.apache.commons.jelly.expression.ConstantExpression@1eb5666[value=ISO-8859-1], java.vm.specification.version=org.apache.commons.jelly.expression.ConstantExpression@1754699[value=1.0], sun.cpu.endian=org.apache.commons.jelly.expression.ConstantExpression@6e1dec[value=little], sun.os.patch.level=org.apache.commons.jelly.expression.ConstantExpression@16ea269[value=unknown], maven.plugin.unpacked.dir=org.apache.commons.jelly.expression.CompositeExpression@68cb6b[expressions=[org.apache.commons.jelly.expression.jexl.JexlExpressionFactory$ExpressionSupportLocal@2e323[expression:maven.home.local], org.apache.commons.jelly.expression.ConstantExpression@18e4327[value=/cache]]], java.io.tmpdir=org.apache.commons.jelly.expression.ConstantExpression@dada24[value=/tmp], maven.scp.executable=org.apache.commons.jelly.expression.ConstantExpression@2798e7[value=scp], java.vendor.url.bug=org.apache.commons.jelly.expression.ConstantExpression@1a78071[value=http://java.sun.com/cgi-bin/bugreport.cgi], maven.final.name=org.apache.commons.jelly.expression.CompositeExpression@1e184cb[expressions=[org.apache.commons.jelly.expression.jexl.JexlExpressionFactory$ExpressionSupportLocal@d55986[expression:pom.artifactId], org.apache.commons.jelly.expression.ConstantExpression@e8a021[value=-], org.apache.commons.jelly.expression.jexl.JexlExpressionFactory$ExpressionSupportLocal@691177[expression:pom.currentVersion]]], maven.distBuildIndicator=org.apache.commons.jelly.expression.ConstantExpression@1f99eea[value=DIST_BUILD_DIRECTORY], os.arch=org.apache.commons.jelly.expression.ConstantExpression@13043d2[value=i386], java.awt.graphicsenv=org.apache.commons.jelly.expression.ConstantExpression@1b4c1d7[value=sun.awt.X11GraphicsEnvironment], java.ext.dirs=org.apache.commons.jelly.expression.ConstantExpression@221e9e[value=/usr/local/j2sdk1.4.2_12/jre/lib/ext], user.dir=org.apache.commons.jelly.expression.ConstantExpression@83e1e[value=/home/jl99/workspace/adql-jl-2504/adql], maven.docs.src=org.apache.commons.jelly.expression.CompositeExpression@1264eab[expressions=[org.apache.commons.jelly.expression.jexl.JexlExpressionFactory$ExpressionSupportLocal@1f6f27b[expression:basedir], org.apache.commons.jelly.expression.ConstantExpression@1a99347[value=/xdocs]]], maven.junit.fork=org.apache.commons.jelly.expression.ConstantExpression@430b6[value=true], line.separator=org.apache.commons.jelly.expression.ConstantExpression@11a01dd[value=
], java.vm.name=org.apache.commons.jelly.expression.ConstantExpression@70610a[value=Java HotSpot(TM) Client VM], maven.test.failure.ignore=org.apache.commons.jelly.expression.ConstantExpression@1f31652[value=true], basedir=/home/jl99/workspace/adql-jl-2504/adql, maven.plugin.dir=org.apache.commons.jelly.expression.CompositeExpression@3e96cf[expressions=[org.apache.commons.jelly.expression.jexl.JexlExpressionFactory$ExpressionSupportLocal@11ef443[expression:maven.home], org.apache.commons.jelly.expression.ConstantExpression@1367e28[value=/plugins]]], file.encoding=org.apache.commons.jelly.expression.ConstantExpression@94af2f[value=UTF-8], maven.application.version=org.apache.commons.jelly.expression.ConstantExpression@1797795[value=1.0.2], maven.repo.remote=org.apache.commons.jelly.expression.ConstantExpression@19a0203[value=http://www.astrogrid.org/maven/], maven.mode.online=org.apache.commons.jelly.expression.ConstantExpression@1fa39bb[value=true], java.specification.version=org.apache.commons.jelly.expression.ConstantExpression@e45b5e[value=1.4], maven.home.local=org.apache.commons.jelly.expression.CompositeExpression@2ab653[expressions=[org.apache.commons.jelly.expression.jexl.JexlExpressionFactory$ExpressionSupportLocal@28305d[expression:user.home], org.apache.commons.jelly.expression.ConstantExpression@7f58ef[value=/.maven]]], maven.javadoc.source=org.apache.commons.jelly.expression.ConstantExpression@a7dd39[value=1.4]}, maven.plugin.dir=org.apache.commons.jelly.expression.CompositeExpression@acdd02[expressions=[org.apache.commons.jelly.expression.jexl.JexlExpressionFactory$ExpressionSupportLocal@e1dac2[expression:maven.home], org.apache.commons.jelly.expression.ConstantExpression@1e12f6d[value=/plugins]]], astrogrid.aboutpage.dest=org.apache.commons.jelly.expression.CompositeExpression@f0b4a3[expressions=[org.apache.commons.jelly.expression.jexl.JexlExpressionFactory$ExpressionSupportLocal@e34726[expression:maven.war.webapp.dir], org.apache.commons.jelly.expression.ConstantExpression@15428dd[value=/about.html]]], java.awt.printerjob=org.apache.commons.jelly.expression.ConstantExpression@46d228[value=sun.print.PSPrinterJob], forehead.conf.file=org.apache.commons.jelly.expression.ConstantExpression@18f7386[value=/usr/local/maven-1.0.2/bin/forehead.conf], maven.final.name=org.apache.commons.jelly.expression.CompositeExpression@e99681[expressions=[org.apache.commons.jelly.expression.jexl.JexlExpressionFactory$ExpressionSupportLocal@1980630[expression:pom.artifactId], org.apache.commons.jelly.expression.ConstantExpression@1be4777[value=-], org.apache.commons.jelly.expression.jexl.JexlExpressionFactory$ExpressionSupportLocal@145e2d5[expression:pom.currentVersion]]], tag2.enabled=org.apache.commons.jelly.expression.ConstantExpression@12f1bf0[value=true], astrogrid.registry.version=org.apache.commons.jelly.expression.ConstantExpression@1d32e45[value=2007.2.01r], astrogrid.config.latest=org.apache.commons.jelly.expression.ConstantExpression@182ef6b[value=2007.2cfg], astrogrid.adqlstox.version=org.apache.commons.jelly.expression.ConstantExpression@1347124[value=bug2504], maven.docs.dest=org.apache.commons.jelly.expression.CompositeExpression@1f02b85[expressions=[org.apache.commons.jelly.expression.jexl.JexlExpressionFactory$ExpressionSupportLocal@b957ea[expression:maven.build.dir], org.apache.commons.jelly.expression.ConstantExpression@3aff84[value=/docs]]], maven.scp.executable=org.apache.commons.jelly.expression.ConstantExpression@15d4de6[value=scp], os.name=org.apache.commons.jelly.expression.ConstantExpression@a53de4[value=Linux], java.specification.vendor=org.apache.commons.jelly.expression.ConstantExpression@827968[value=Sun Microsystems Inc.], maven.test.source=org.apache.commons.jelly.expression.ConstantExpression@1f0b7d3[value=1.4], maven.docs.src=org.apache.commons.jelly.expression.CompositeExpression@b4be3d[expressions=[org.apache.commons.jelly.expression.jexl.JexlExpressionFactory$ExpressionSupportLocal@35bb0f[expression:basedir], org.apache.commons.jelly.expression.ConstantExpression@18bd7f1[value=/xdocs]]], astrogrid.portal.version=org.apache.commons.jelly.expression.ConstantExpression@e4245[value=2007.1p], java.vm.name=org.apache.commons.jelly.expression.ConstantExpression@20fa83[value=Java HotSpot(TM) Client VM], maven.changelog.range=org.apache.commons.jelly.expression.ConstantExpression@11eb199[value=31], astrogrid.datacenter.version=org.apache.commons.jelly.expression.ConstantExpression@1de498[value=0.8-b005d], java.library.path=org.apache.commons.jelly.expression.ConstantExpression@8ae45a[value=/usr/local/j2sdk1.4.2_12/jre/lib/i386/client:/usr/local/j2sdk1.4.2_12/jre/lib/i386:/usr/local/j2sdk1.4.2_12/jre/../lib/i386], maven.build=org.apache.commons.jelly.expression.ConstantExpression@95da38[value=MAVEN_BUILD_NOT_SET], astrogrid.workflow.version=org.apache.commons.jelly.expression.ConstantExpression@29c204[value=2007.2.01w], basedir=/home/jl99/workspace/adql-jl-2504/maven-base, java.class.version=org.apache.commons.jelly.expression.ConstantExpression@180cf2a[value=48.0], astrogrid.jes.version=org.apache.commons.jelly.expression.ConstantExpression@1a0d866[value=2007.1j], maven.ui.section.background=org.apache.commons.jelly.expression.ConstantExpression@df48c4[value=#00f], maven.final.dir=org.apache.commons.jelly.expression.CompositeExpression@1226a77[expressions=[org.apache.commons.jelly.expression.jexl.JexlExpressionFactory$ExpressionSupportLocal@7be8c2[expression:basedir], org.apache.commons.jelly.expression.ConstantExpression@ee3aa7[value=/], org.apache.commons.jelly.expression.jexl.JexlExpressionFactory$ExpressionSupportLocal@4cd580[expression:maven.final.name]]], astrogrid.desktop.version=org.apache.commons.jelly.expression.ConstantExpression@54f9f1[value=2006.4.rc2], maven.xdoc.developmentProcessUrl=org.apache.commons.jelly.expression.ConstantExpression@e576d4[value=http://wiki.astrogrid.org/bin/view/Astrogrid/DevelopmentDocs], maven.mode.online=org.apache.commons.jelly.expression.ConstantExpression@dc86eb[value=true], astrogrid.ui.version=org.apache.commons.jelly.expression.ConstantExpression@1db5ec[value=2007.2], maven.src.dir=org.apache.commons.jelly.expression.CompositeExpression@92b1a1[expressions=[org.apache.commons.jelly.expression.jexl.JexlExpressionFactory$ExpressionSupportLocal@cbf9bd[expression:basedir], org.apache.commons.jelly.expression.ConstantExpression@17918f0[value=/src]]], maven.test.skip=org.apache.commons.jelly.expression.ConstantExpression@1546dbc[value=false], sun.boot.library.path=org.apache.commons.jelly.expression.ConstantExpression@1f08ed8[value=/usr/local/j2sdk1.4.2_12/jre/lib/i386], tag3.description=org.apache.commons.jelly.expression.ConstantExpression@322bce[value=Modified:], astrogrid.aboutpage.template=org.apache.commons.jelly.expression.CompositeExpression@1d9e282[expressions=[org.apache.commons.jelly.expression.jexl.JexlExpressionFactory$ExpressionSupportLocal@1a5db4b[expression:basedir], org.apache.commons.jelly.expression.ConstantExpression@1e0512a[value=/../../maven-base/html/about-pre.html]]], java.awt.graphicsenv=org.apache.commons.jelly.expression.ConstantExpression@1f0aecc[value=sun.awt.X11GraphicsEnvironment], astrogrid.filemanager.version=org.apache.commons.jelly.expression.ConstantExpression@64023c[value=2007.2.01fm], tag1.name=org.apache.commons.jelly.expression.ConstantExpression@1cebc9f[value=todo], maven.compile.target=org.apache.commons.jelly.expression.ConstantExpression@1c1ac46[value=1.4], maven.javadoc.customtags=org.apache.commons.jelly.expression.ConstantExpression@1557c0[value=tag1 tag2 tag3], java.vm.specification.version=org.apache.commons.jelly.expression.ConstantExpression@1342a67[value=1.0], pom=Astrogrid Master Maven POM, tag3.enabled=org.apache.commons.jelly.expression.ConstantExpression@1cbda0a[value=true], tomcat.manager.password=org.apache.commons.jelly.expression.ConstantExpression@57ea52[value=tomcat], astrogrid.utils.stable=org.apache.commons.jelly.expression.ConstantExpression@1d8d39f[value=2007.2ut], work.dir=org.apache.commons.jelly.expression.CompositeExpression@2d95b3[expressions=[org.apache.commons.jelly.expression.jexl.JexlExpressionFactory$ExpressionSupportLocal@bf5555[expression:maven.build.dir], org.apache.commons.jelly.expression.ConstantExpression@17b4703[value=/work]]], astrogrid.adql_v1_0a2.version=org.apache.commons.jelly.expression.ConstantExpression@73305c[value=1.2-b000xmlbeans], sun.cpu.isalist=org.apache.commons.jelly.expression.ConstantExpression@6c1a82[value=], maven.compile.source=org.apache.commons.jelly.expression.ConstantExpression@1408a92[value=1.4], java.ext.dirs=org.apache.commons.jelly.expression.ConstantExpression@4977e2[value=/usr/local/j2sdk1.4.2_12/jre/lib/ext], os.version=org.apache.commons.jelly.expression.ConstantExpression@15db13f[value=2.6.15-1.2054_FC5], maven.ui.banner.background=org.apache.commons.jelly.expression.ConstantExpression@1fc1a6[value=#00f], maven.javadoc.source=org.apache.commons.jelly.expression.ConstantExpression@e29820[value=1.4], user.home=org.apache.commons.jelly.expression.ConstantExpression@718242[value=/home/jl99], java.vm.vendor=org.apache.commons.jelly.expression.ConstantExpression@1ec58a[value=Sun Microsystems Inc.], javax.xml.parsers.DocumentBuilderFactory=org.apache.commons.jelly.expression.ConstantExpression@3afb99[value=org.apache.xerces.jaxp.DocumentBuilderFactoryImpl], astrogrid.security.version=org.apache.commons.jelly.expression.ConstantExpression@5c3987[value=2007.2.04], astrogrid.workflowobjects.version=org.apache.commons.jelly.expression.ConstantExpression@c4d04d[value=2007.2wo], user.dir=org.apache.commons.jelly.expression.ConstantExpression@147917a[value=/home/jl99/workspace/adql-jl-2504/adql], astrogrid.deployment.version=org.apache.commons.jelly.expression.ConstantExpression@19fe451[value=2007.2.01d], maven.build.src=org.apache.commons.jelly.expression.CompositeExpression@46b90a[expressions=[org.apache.commons.jelly.expression.jexl.JexlExpressionFactory$ExpressionSupportLocal@11e67ac[expression:maven.build.dir], org.apache.commons.jelly.expression.ConstantExpression@1284fd4[value=/src]]], astrogrid.contracts.version=org.apache.commons.jelly.expression.ConstantExpression@190ef12[value=2007.2.03], tomcat.location=org.apache.commons.jelly.expression.ConstantExpression@3f96ee[value=/usr/local/jakarta-tomcat-5.0.28], maven.distDirectory=org.apache.commons.jelly.expression.CompositeExpression@ce16ad[expressions=[org.apache.commons.jelly.expression.jexl.JexlExpressionFactory$ExpressionSupportLocal@32bd65[expression:basedir], org.apache.commons.jelly.expression.ConstantExpression@130633a[value=/dist]]], sun.cpu.endian=org.apache.commons.jelly.expression.ConstantExpression@1c286e2[value=little], maven.defaults.loaded=org.apache.commons.jelly.expression.ConstantExpression@257f1b[value=true], maven.username=org.apache.commons.jelly.expression.ConstantExpression@1bbdd48[value=USERNAME_NOT_SET], java.vm.version=org.apache.commons.jelly.expression.ConstantExpression@bcb23e[value=1.4.2_12-b03], java.class.path=org.apache.commons.jelly.expression.ConstantExpression@5a3923[value=/usr/local/maven-1.0.2/lib/forehead-1.0-beta-5.jar], astrogrid.release=org.apache.commons.jelly.expression.ConstantExpression@15d616e[value=HEAD], astrogrid.storeclient.version=org.apache.commons.jelly.expression.ConstantExpression@1a7b0bf[value=1.1-001stc], javax.xml.parsers.SAXParserFactory=org.apache.commons.jelly.expression.ConstantExpression@44f787[value=org.apache.xerces.jaxp.SAXParserFactoryImpl], astrogrid.filestore.version=org.apache.commons.jelly.expression.ConstantExpression@1d6fbb3[value=2007.2.01fs], os.arch=org.apache.commons.jelly.expression.ConstantExpression@126d3df[value=i386], astrogrid.status.version=org.apache.commons.jelly.expression.ConstantExpression@2016b0[value=2006.2st], astrogrid.adql_v1_0.version=org.apache.commons.jelly.expression.ConstantExpression@b1a4e2[value=1.1-b000xmlbeans], maven.junit.jvmargs=org.apache.commons.jelly.expression.ConstantExpression@c00025[value=-ea], astrogrid.community.version=org.apache.commons.jelly.expression.ConstantExpression@149a794[value=2007.2.03ct], maven.repo.remote=org.apache.commons.jelly.expression.ConstantExpression@9903f4[value=http://www.astrogrid.org/maven/], maven.application.version=org.apache.commons.jelly.expression.ConstantExpression@1d2b9b7[value=1.0.2], java.vm.specification.vendor=org.apache.commons.jelly.expression.ConstantExpression@19ecd80[value=Sun Microsystems Inc.], maven.gen.docs=org.apache.commons.jelly.expression.CompositeExpression@c5aa00[expressions=[org.apache.commons.jelly.expression.jexl.JexlExpressionFactory$ExpressionSupportLocal@11c0d60[expression:maven.build.dir], org.apache.commons.jelly.expression.ConstantExpression@b23d12[value=/generated-xdocs]]], file.separator=org.apache.commons.jelly.expression.ConstantExpression@1c783c5[value=/], java.runtime.version=org.apache.commons.jelly.expression.ConstantExpression@19c0bd6[value=1.4.2_12-b03], sun.boot.class.path=org.apache.commons.jelly.expression.ConstantExpression@1cd280b[value=/usr/local/maven-1.0.2/lib/endorsed/xml-apis-1.0.b2.jar:/usr/local/maven-1.0.2/lib/endorsed/xerces-2.4.0.jar:/usr/local/j2sdk1.4.2_12/jre/lib/rt.jar:/usr/local/j2sdk1.4.2_12/jre/lib/i18n.jar:/usr/local/j2sdk1.4.2_12/jre/lib/sunrsasign.jar:/usr/local/j2sdk1.4.2_12/jre/lib/jsse.jar:/usr/local/j2sdk1.4.2_12/jre/lib/jce.jar:/usr/local/j2sdk1.4.2_12/jre/lib/charsets.jar:/usr/local/j2sdk1.4.2_12/jre/classes], maven.home.local=org.apache.commons.jelly.expression.CompositeExpression@29ac[expressions=[org.apache.commons.jelly.expression.jexl.JexlExpressionFactory$ExpressionSupportLocal@b0095d[expression:user.home], org.apache.commons.jelly.expression.ConstantExpression@136d9d8[value=/.maven]]], sun.java2d.fontpath=org.apache.commons.jelly.expression.ConstantExpression@1827d1[value=], user.country=org.apache.commons.jelly.expression.ConstantExpression@1de45e2[value=US], tag2.name=org.apache.commons.jelly.expression.ConstantExpression@1be2893[value=future], maven.home=org.apache.commons.jelly.expression.ConstantExpression@159e154[value=/usr/local/maven-1.0.2], astrogrid.config.stable=org.apache.commons.jelly.expression.ConstantExpression@1d87b85[value=2007.2cfg], maven.distBuildDirectory=org.apache.commons.jelly.expression.CompositeExpression@1958bf9[expressions=[org.apache.commons.jelly.expression.jexl.JexlExpressionFactory$ExpressionSupportLocal@118958e[expression:basedir], org.apache.commons.jelly.expression.ConstantExpression@102b2b6[value=/target]]], tools.jar=org.apache.commons.jelly.expression.ConstantExpression@22d166[value=/usr/local/j2sdk1.4.2_12/lib/tools.jar], tag3.scope=org.apache.commons.jelly.expression.ConstantExpression@1e1962d[value=all], java.vendor=org.apache.commons.jelly.expression.ConstantExpression@14a75bb[value=Sun Microsystems Inc.], maven.docs.outputencoding=org.apache.commons.jelly.expression.ConstantExpression@17779e3[value=ISO-8859-1], astrogrid.applications.version=org.apache.commons.jelly.expression.ConstantExpression@e3570c[value=2007.2.01], java.specification.version=org.apache.commons.jelly.expression.ConstantExpression@167e3a5[value=1.4], sun.arch.data.model=org.apache.commons.jelly.expression.ConstantExpression@1926e90[value=32]}"></property>
    <property name="maven.artifact.manifest.template" value="manifest.vm"></property>
    <property name="maven.plugin.dir" value="/usr/local/maven-1.0.2/plugins"></property>
    <property name="org.apache.commons.jelly.werkz.Project" value="[Werkz: goals={test:test=[Goal: name=&quot;test:test&quot;]; precursor=[[Goal: name=&quot;test:compile&quot;]; precursor=[[Goal: name=&quot;java:compile&quot;]; precursor=[[Goal: name=&quot;java:prepare-filesystem&quot;]; precursor=[]]]], [Goal: name=&quot;java:jar-resources&quot;]; precursor=[]], [Goal: name=&quot;test:prepare-filesystem&quot;]; precursor=[]], [Goal: name=&quot;test:test-resources&quot;]; precursor=[[Goal: name=&quot;test:prepare-filesystem&quot;]; precursor=[]]]]]]]], license:transfer=[Goal: name=&quot;license:transfer&quot;]; precursor=[[Goal: name=&quot;xdoc:init&quot;]; precursor=[]]]], javacc:javacc-generate=[Goal: name=&quot;javacc:javacc-generate&quot;]; precursor=[]], xdoc:jelly-init=[Goal: name=&quot;xdoc:jelly-init&quot;]; precursor=[]], pom:deploy=[Goal: name=&quot;pom:deploy&quot;]; precursor=[]], test:single=[Goal: name=&quot;test:single&quot;]; precursor=[[Goal: name=&quot;test:compile&quot;]; precursor=[[Goal: name=&quot;java:compile&quot;]; precursor=[[Goal: name=&quot;java:prepare-filesystem&quot;]; precursor=[]]]], [Goal: name=&quot;java:jar-resources&quot;]; precursor=[]], [Goal: name=&quot;test:prepare-filesystem&quot;]; precursor=[]], [Goal: name=&quot;test:test-resources&quot;]; precursor=[[Goal: name=&quot;test:prepare-filesystem&quot;]; precursor=[]]]]]]]], test:single-test=[Goal: name=&quot;test:single-test&quot;]; precursor=[]], build:end=[Goal: name=&quot;build:end&quot;]; precursor=[]], jar:snapshot=[Goal: name=&quot;jar:snapshot&quot;]; precursor=[]], jar:install=[Goal: name=&quot;jar:install&quot;]; precursor=[[Goal: name=&quot;jar:jar&quot;]; precursor=[[Goal: name=&quot;test:test&quot;]; precursor=[[Goal: name=&quot;test:compile&quot;]; precursor=[[Goal: name=&quot;java:compile&quot;]; precursor=[[Goal: name=&quot;java:prepare-filesystem&quot;]; precursor=[]]]], [Goal: name=&quot;java:jar-resources&quot;]; precursor=[]], [Goal: name=&quot;test:prepare-filesystem&quot;]; precursor=[]], [Goal: name=&quot;test:test-resources&quot;]; precursor=[[Goal: name=&quot;test:prepare-filesystem&quot;]; precursor=[]]]]]]]]]]]], generate-tree=[Goal: name=&quot;generate-tree&quot;]; precursor=[]], jar:install-snapshot=[Goal: name=&quot;jar:install-snapshot&quot;]; precursor=[[Goal: name=&quot;jar:jar&quot;]; precursor=[[Goal: name=&quot;test:test&quot;]; precursor=[[Goal: name=&quot;test:compile&quot;]; precursor=[[Goal: name=&quot;java:compile&quot;]; precursor=[[Goal: name=&quot;java:prepare-filesystem&quot;]; precursor=[]]]], [Goal: name=&quot;java:jar-resources&quot;]; precursor=[]], [Goal: name=&quot;test:prepare-filesystem&quot;]; precursor=[]], [Goal: name=&quot;test:test-resources&quot;]; precursor=[[Goal: name=&quot;test:prepare-filesystem&quot;]; precursor=[]]]]]]]]]]]], pom:deploy-snapshot=[Goal: name=&quot;pom:deploy-snapshot&quot;]; precursor=[]], xdoc:generate-from-pom=[Goal: name=&quot;xdoc:generate-from-pom&quot;]; precursor=[[Goal: name=&quot;xdoc:init&quot;]; precursor=[]], [Goal: name=&quot;xdoc:register-reports&quot;]; precursor=[]]]], xdoc:init=[Goal: name=&quot;xdoc:init&quot;]; precursor=[]], maven-license-plugin:register=[Goal: name=&quot;maven-license-plugin:register&quot;]; precursor=[]], site:deploy=[Goal: name=&quot;site:deploy&quot;]; precursor=[]], xdoc:transform=[Goal: name=&quot;xdoc:transform&quot;]; precursor=[[Goal: name=&quot;xdoc:init&quot;]; precursor=[]]]], astrogrid-install-artifact=[Goal: name=&quot;astrogrid-install-artifact&quot;]; precursor=[]], pom:contentvalidate=[Goal: name=&quot;pom:contentvalidate&quot;]; precursor=[]], test=[Goal: name=&quot;test&quot;]; precursor=[[Goal: name=&quot;test:test&quot;]; precursor=[[Goal: name=&quot;test:compile&quot;]; precursor=[[Goal: name=&quot;java:compile&quot;]; precursor=[[Goal: name=&quot;java:prepare-filesystem&quot;]; precursor=[]]]], [Goal: name=&quot;java:jar-resources&quot;]; precursor=[]], [Goal: name=&quot;test:prepare-filesystem&quot;]; precursor=[]], [Goal: name=&quot;test:test-resources&quot;]; precursor=[[Goal: name=&quot;test:prepare-filesystem&quot;]; precursor=[]]]]]]]]]], xdoc:jelly-transform=[Goal: name=&quot;xdoc:jelly-transform&quot;]; precursor=[[Goal: name=&quot;xdoc:init&quot;]; precursor=[]], [Goal: name=&quot;xdoc:jelly-init&quot;]; precursor=[]], [Goal: name=&quot;xdoc:register-reports&quot;]; precursor=[]]]], war:war-resources=[Goal: name=&quot;war:war-resources&quot;]; precursor=[]], artifact:load=[Goal: name=&quot;artifact:load&quot;]; precursor=[]], java:compile=[Goal: name=&quot;java:compile&quot;]; precursor=[[Goal: name=&quot;java:prepare-filesystem&quot;]; precursor=[]]]], javacc=[Goal: name=&quot;javacc&quot;]; precursor=[]], license=[Goal: name=&quot;license&quot;]; precursor=[[Goal: name=&quot;license:transfer&quot;]; precursor=[[Goal: name=&quot;xdoc:init&quot;]; precursor=[]]]]]], jar:deploy-snapshot=[Goal: name=&quot;jar:deploy-snapshot&quot;]; precursor=[[Goal: name=&quot;jar:jar&quot;]; precursor=[[Goal: name=&quot;test:test&quot;]; precursor=[[Goal: name=&quot;test:compile&quot;]; precursor=[[Goal: name=&quot;java:compile&quot;]; precursor=[[Goal: name=&quot;java:prepare-filesystem&quot;]; precursor=[]]]], [Goal: name=&quot;java:jar-resources&quot;]; precursor=[]], [Goal: name=&quot;test:prepare-filesystem&quot;]; precursor=[]], [Goal: name=&quot;test:test-resources&quot;]; precursor=[[Goal: name=&quot;test:prepare-filesystem&quot;]; precursor=[]]]]]]]]]]]], build:start=[Goal: name=&quot;build:start&quot;]; precursor=[]], test:prepare-filesystem=[Goal: name=&quot;test:prepare-filesystem&quot;]; precursor=[]], maven-license-plugin:report=[Goal: name=&quot;maven-license-plugin:report&quot;]; precursor=[]], clean=[Goal: name=&quot;clean&quot;]; precursor=[[Goal: name=&quot;clean:clean&quot;]; precursor=[]]]], astrogrid-echo-versions=[Goal: name=&quot;astrogrid-echo-versions&quot;]; precursor=[]], astrogrid-build-site=[Goal: name=&quot;astrogrid-build-site&quot;]; precursor=[[Goal: name=&quot;site&quot;]; precursor=[]]]], jar:jar=[Goal: name=&quot;jar:jar&quot;]; precursor=[[Goal: name=&quot;test:test&quot;]; precursor=[[Goal: name=&quot;test:compile&quot;]; precursor=[[Goal: name=&quot;java:compile&quot;]; precursor=[[Goal: name=&quot;java:prepare-filesystem&quot;]; precursor=[]]]], [Goal: name=&quot;java:jar-resources&quot;]; precursor=[]], [Goal: name=&quot;test:prepare-filesystem&quot;]; precursor=[]], [Goal: name=&quot;test:test-resources&quot;]; precursor=[[Goal: name=&quot;test:prepare-filesystem&quot;]; precursor=[]]]]]]]]]], pom:install=[Goal: name=&quot;pom:install&quot;]; precursor=[]], xdoc:validate=[Goal: name=&quot;xdoc:validate&quot;]; precursor=[[Goal: name=&quot;pom:taglib&quot;]; precursor=[]]]], astrogrid-deploy-site=[Goal: name=&quot;astrogrid-deploy-site&quot;]; precursor=[[Goal: name=&quot;astrogrid-build-site&quot;]; precursor=[[Goal: name=&quot;site&quot;]; precursor=[]]]], [Goal: name=&quot;site:deploy&quot;]; precursor=[]]]], xdoc=[Goal: name=&quot;xdoc&quot;]; precursor=[[Goal: name=&quot;xdoc:generate-from-pom&quot;]; precursor=[[Goal: name=&quot;xdoc:init&quot;]; precursor=[]], [Goal: name=&quot;xdoc:register-reports&quot;]; precursor=[]]]], [Goal: name=&quot;xdoc:transform&quot;]; precursor=[[Goal: name=&quot;xdoc:init&quot;]; precursor=[]]]]]], test:test-resources=[Goal: name=&quot;test:test-resources&quot;]; precursor=[[Goal: name=&quot;test:prepare-filesystem&quot;]; precursor=[]]]], xdoc:performJSL=[Goal: name=&quot;xdoc:performJSL&quot;]; precursor=[]], jar:deploy=[Goal: name=&quot;jar:deploy&quot;]; precursor=[[Goal: name=&quot;jar:jar&quot;]; precursor=[[Goal: name=&quot;test:test&quot;]; precursor=[[Goal: name=&quot;test:compile&quot;]; precursor=[[Goal: name=&quot;java:compile&quot;]; precursor=[[Goal: name=&quot;java:prepare-filesystem&quot;]; precursor=[]]]], [Goal: name=&quot;java:jar-resources&quot;]; precursor=[]], [Goal: name=&quot;test:prepare-filesystem&quot;]; precursor=[]], [Goal: name=&quot;test:test-resources&quot;]; precursor=[[Goal: name=&quot;test:prepare-filesystem&quot;]; precursor=[]]]]]]]]]]]], test:compile=[Goal: name=&quot;test:compile&quot;]; precursor=[[Goal: name=&quot;java:compile&quot;]; precursor=[[Goal: name=&quot;java:prepare-filesystem&quot;]; precursor=[]]]], [Goal: name=&quot;java:jar-resources&quot;]; precursor=[]], [Goal: name=&quot;test:prepare-filesystem&quot;]; precursor=[]], [Goal: name=&quot;test:test-resources&quot;]; precursor=[[Goal: name=&quot;test:prepare-filesystem&quot;]; precursor=[]]]]]], xdoc:copy-resources=[Goal: name=&quot;xdoc:copy-resources&quot;]; precursor=[[Goal: name=&quot;xdoc:init&quot;]; precursor=[]]]], test:ui=[Goal: name=&quot;test:ui&quot;]; precursor=[[Goal: name=&quot;test:compile&quot;]; precursor=[[Goal: name=&quot;java:compile&quot;]; precursor=[[Goal: name=&quot;java:prepare-filesystem&quot;]; precursor=[]]]], [Goal: name=&quot;java:jar-resources&quot;]; precursor=[]], [Goal: name=&quot;test:prepare-filesystem&quot;]; precursor=[]], [Goal: name=&quot;test:test-resources&quot;]; precursor=[[Goal: name=&quot;test:prepare-filesystem&quot;]; precursor=[]]]]]]]], astrogrid-install-snapshot=[Goal: name=&quot;astrogrid-install-snapshot&quot;]; precursor=[[Goal: name=&quot;jar:install-snapshot&quot;]; precursor=[[Goal: name=&quot;jar:jar&quot;]; precursor=[[Goal: name=&quot;test:test&quot;]; precursor=[[Goal: name=&quot;test:compile&quot;]; precursor=[[Goal: name=&quot;java:compile&quot;]; precursor=[[Goal: name=&quot;java:prepare-filesystem&quot;]; precursor=[]]]], [Goal: name=&quot;java:jar-resources&quot;]; precursor=[]], [Goal: name=&quot;test:prepare-filesystem&quot;]; precursor=[]], [Goal: name=&quot;test:test-resources&quot;]; precursor=[[Goal: name=&quot;test:prepare-filesystem&quot;]; precursor=[]]]]]]]]]]]]]], xdoc:copy-user-resources=[Goal: name=&quot;xdoc:copy-user-resources&quot;]; precursor=[[Goal: name=&quot;xdoc:init&quot;]; precursor=[]]]], pom:install-snapshot=[Goal: name=&quot;pom:install-snapshot&quot;]; precursor=[]], astrogrid-clean=[Goal: name=&quot;astrogrid-clean&quot;]; precursor=[[Goal: name=&quot;clean&quot;]; precursor=[[Goal: name=&quot;clean:clean&quot;]; precursor=[]]]]]], maven-license-plugin:deregister=[Goal: name=&quot;maven-license-plugin:deregister&quot;]; precursor=[]], jar=[Goal: name=&quot;jar&quot;]; precursor=[[Goal: name=&quot;jar:jar&quot;]; precursor=[[Goal: name=&quot;test:test&quot;]; precursor=[[Goal: name=&quot;test:compile&quot;]; precursor=[[Goal: name=&quot;java:compile&quot;]; precursor=[[Goal: name=&quot;java:prepare-filesystem&quot;]; precursor=[]]]], [Goal: name=&quot;java:jar-resources&quot;]; precursor=[]], [Goal: name=&quot;test:prepare-filesystem&quot;]; precursor=[]], [Goal: name=&quot;test:test-resources&quot;]; precursor=[[Goal: name=&quot;test:prepare-filesystem&quot;]; precursor=[]]]]]]]]]]]], javacc:jjtree-generate=[Goal: name=&quot;javacc:jjtree-generate&quot;]; precursor=[]], pom:validate=[Goal: name=&quot;pom:validate&quot;]; precursor=[[Goal: name=&quot;pom:verify-version&quot;]; precursor=[]]]], test:match-test=[Goal: name=&quot;test:match-test&quot;]; precursor=[]], astrogrid-deploy-artifact=[Goal: name=&quot;astrogrid-deploy-artifact&quot;]; precursor=[[Goal: name=&quot;jar:deploy&quot;]; precursor=[[Goal: name=&quot;jar:jar&quot;]; precursor=[[Goal: name=&quot;test:test&quot;]; precursor=[[Goal: name=&quot;test:compile&quot;]; precursor=[[Goal: name=&quot;java:compile&quot;]; precursor=[[Goal: name=&quot;java:prepare-filesystem&quot;]; precursor=[]]]], [Goal: name=&quot;java:jar-resources&quot;]; precursor=[]], [Goal: name=&quot;test:prepare-filesystem&quot;]; precursor=[]], [Goal: name=&quot;test:test-resources&quot;]; precursor=[[Goal: name=&quot;test:prepare-filesystem&quot;]; precursor=[]]]]]]]]]]]]]], astrogrid-deploy-snapshot=[Goal: name=&quot;astrogrid-deploy-snapshot&quot;]; precursor=[[Goal: name=&quot;jar:deploy-snapshot&quot;]; precursor=[[Goal: name=&quot;jar:jar&quot;]; precursor=[[Goal: name=&quot;test:test&quot;]; precursor=[[Goal: name=&quot;test:compile&quot;]; precursor=[[Goal: name=&quot;java:compile&quot;]; precursor=[[Goal: name=&quot;java:prepare-filesystem&quot;]; precursor=[]]]], [Goal: name=&quot;java:jar-resources&quot;]; precursor=[]], [Goal: name=&quot;test:prepare-filesystem&quot;]; precursor=[]], [Goal: name=&quot;test:test-resources&quot;]; precursor=[[Goal: name=&quot;test:prepare-filesystem&quot;]; precursor=[]]]]]]]]]]]]]], java:prepare-filesystem=[Goal: name=&quot;java:prepare-filesystem&quot;]; precursor=[]], xdoc:register-reports=[Goal: name=&quot;xdoc:register-reports&quot;]; precursor=[]], pom:taglib=[Goal: name=&quot;pom:taglib&quot;]; precursor=[]], clean:clean=[Goal: name=&quot;clean:clean&quot;]; precursor=[]], antlr:prepare-filesystem=[Goal: name=&quot;antlr:prepare-filesystem&quot;]; precursor=[]], site=[Goal: name=&quot;site&quot;]; precursor=[]], xdoc:dump-report-settings=[Goal: name=&quot;xdoc:dump-report-settings&quot;]; precursor=[]], java:jar-resources=[Goal: name=&quot;java:jar-resources&quot;]; precursor=[]], test:eclipse=[Goal: name=&quot;test:eclipse&quot;]; precursor=[]], test:match=[Goal: name=&quot;test:match&quot;]; precursor=[[Goal: name=&quot;test:compile&quot;]; precursor=[[Goal: name=&quot;java:compile&quot;]; precursor=[[Goal: name=&quot;java:prepare-filesystem&quot;]; precursor=[]]]], [Goal: name=&quot;java:jar-resources&quot;]; precursor=[]], [Goal: name=&quot;test:prepare-filesystem&quot;]; precursor=[]], [Goal: name=&quot;test:test-resources&quot;]; precursor=[[Goal: name=&quot;test:prepare-filesystem&quot;]; precursor=[]]]]]]]], pom:verify-version=[Goal: name=&quot;pom:verify-version&quot;]; precursor=[]], antlr:generate=[Goal: name=&quot;antlr:generate&quot;]; precursor=[[Goal: name=&quot;antlr:prepare-filesystem&quot;]; precursor=[]]]], java:jar=[Goal: name=&quot;java:jar&quot;]; precursor=[[Goal: name=&quot;jar:jar&quot;]; precursor=[[Goal: name=&quot;test:test&quot;]; precursor=[[Goal: name=&quot;test:compile&quot;]; precursor=[[Goal: name=&quot;java:compile&quot;]; precursor=[[Goal: name=&quot;java:prepare-filesystem&quot;]; precursor=[]]]], [Goal: name=&quot;java:jar-resources&quot;]; precursor=[]], [Goal: name=&quot;test:prepare-filesystem&quot;]; precursor=[]], [Goal: name=&quot;test:test-resources&quot;]; precursor=[[Goal: name=&quot;test:prepare-filesystem&quot;]; precursor=[]]]]]]]]]]]], pom=[Goal: name=&quot;pom&quot;]; precursor=[[Goal: name=&quot;pom:validate&quot;]; precursor=[[Goal: name=&quot;pom:verify-version&quot;]; precursor=[]]]]]]};]"></property>
    <property name="astrogrid.aboutpage.dest" value="/about.html"></property>
    <property name="java.awt.printerjob" value="sun.print.PSPrinterJob"></property>
    <property name="forehead.conf.file" value="/usr/local/maven-1.0.2/bin/forehead.conf"></property>
    <property name="maven.final.name" value="astrogrid-adqlstox-bug2504"></property>
    <property name="tag2.enabled" value="true"></property>
    <property name="astrogrid.registry.version" value="2007.2.01r"></property>
    <property name="maven.jar.manifest" value="/home/jl99/workspace/adql-jl-2504/adql/conf/Manifest.mf"></property>
    <property name="astrogrid.config.latest" value="2007.2cfg"></property>
    <property name="maven.xdoc.distributionType" value="jar"></property>
    <property name="astrogrid.adqlstox.version" value="bug2504"></property>
    <property name="maven.scp.executable" value="scp"></property>
    <property name="maven.docs.dest" value="/home/jl99/workspace/adql-jl-2504/adql/target/docs"></property>
    <property name="os.name" value="Linux"></property>
    <property name="java.specification.vendor" value="Sun Microsystems Inc."></property>
    <property name="maven.test.source" value="1.4"></property>
    <property name="maven.docs.src" value="/home/jl99/workspace/adql-jl-2504/adql/xdocs"></property>
    <property name="astrogrid.portal.version" value="2007.1p"></property>
    <property name="java.vm.name" value="Java HotSpot(TM) Client VM"></property>
    <property name="maven.changelog.range" value="31"></property>
    <property name="astrogrid.datacenter.version" value="0.8-b005d"></property>
    <property name="java.library.path" value="/usr/local/j2sdk1.4.2_12/jre/lib/i386/client:/usr/local/j2sdk1.4.2_12/jre/lib/i386:/usr/local/j2sdk1.4.2_12/jre/../lib/i386"></property>
    <property name="maven.build" value="MAVEN_BUILD_NOT_SET"></property>
    <property name="ant.java.version" value="1.4"></property>
    <property name="astrogrid.workflow.version" value="2007.2.01w"></property>
    <property name="maven.jar.compress" value="true"></property>
    <property name="basedir" value="/home/jl99/workspace/adql-jl-2504/adql"></property>
    <property name="java.class.version" value="48.0"></property>
    <property name="astrogrid.jes.version" value="2007.1j"></property>
    <property name="dir__" value="/home/jl99/workspace/adql-jl-2504/adql/test/javaX"></property>
    <property name="maven.xdoc.poweredby.url" value="http://maven.apache.org/"></property>
    <property name="maven.ui.section.background" value="#00f"></property>
    <property name="maven.final.dir" value="/home/jl99/workspace/adql-jl-2504/adql/astrogrid-adqlstox-bug2504"></property>
    <property name="astrogrid.desktop.version" value="2006.4.rc2"></property>
    <property name="maven.xdoc.developmentProcessUrl" value="http://wiki.astrogrid.org/bin/view/Astrogrid/DevelopmentDocs"></property>
    <property name="maven.mode.online" value="true"></property>
    <property name="maven.test.dest" value="/home/jl99/workspace/adql-jl-2504/adql/target/test-classes"></property>
    <property name="astrogrid.ui.version" value="2007.2"></property>
    <property name="maven.session.global" value="com.werken.werkz.jelly.JellySession@98ce7e"></property>
    <property name="maven.xmlOutput" value="org.apache.commons.jelly.XMLOutput$1@f102d3[contentHandler=org.dom4j.io.XMLWriter@f07355;lexicalHandler=org.dom4j.io.XMLWriter@f07355]"></property>
    <property name="maven.test.skip" value="false"></property>
    <property name="maven.src.dir" value="/home/jl99/workspace/adql-jl-2504/adql/src"></property>
    <property name="sun.boot.library.path" value="/usr/local/j2sdk1.4.2_12/jre/lib/i386"></property>
    <property name="tag3.description" value="Modified:"></property>
    <property name="astrogrid.aboutpage.template" value="/home/jl99/workspace/adql-jl-2504/adql/../../maven-base/html/about-pre.html"></property>
    <property name="java.awt.graphicsenv" value="sun.awt.X11GraphicsEnvironment"></property>
    <property name="astrogrid.filemanager.version" value="2007.2.01fm"></property>
    <property name="tag1.name" value="todo"></property>
    <property name="maven.junit.envvars" value=""></property>
    <property name="maven.compile.target" value="1.4"></property>
    <property name="maven.session" value="org.apache.maven.MavenSession@51127a"></property>
    <property name="maven.javadoc.customtags" value="tag1 tag2 tag3"></property>
    <property name="maven.xdoc.crumb.separator" value="|"></property>
    <property name="java.vm.specification.version" value="1.0"></property>
    <property name="pom" value="Astrogrid Adql/s Compiler"></property>
    <property name="tomcat.manager.password" value="tomcat"></property>
    <property name="tag3.enabled" value="true"></property>
    <property name="astrogrid.utils.stable" value="2007.2ut"></property>
    <property name="work.dir" value="/home/jl99/workspace/adql-jl-2504/adql/target/work"></property>
    <property name="maven.test.reportsDirectory" value="/home/jl99/workspace/adql-jl-2504/adql/target/test-reports"></property>
    <property name="astrogrid.adql_v1_0a2.version" value="1.2-b000xmlbeans"></property>
    <property name="sun.cpu.isalist" value=""></property>
    <property name="maven.ant.project" value="org.apache.commons.grant.GrantProject@a89ce3"></property>
    <property name="unitTestSourcesPresent" value="true"></property>
    <property name="maven.compile.source" value="1.4"></property>
    <property name="java.ext.dirs" value="/usr/local/j2sdk1.4.2_12/jre/lib/ext"></property>
    <property name="os.version" value="2.6.15-1.2054_FC5"></property>
    <property name="maven.ui.banner.background" value="#00f"></property>
    <property name="maven.jar.excludes" value="**/package.html"></property>
    <property name="user.home" value="/home/jl99"></property>
    <property name="maven.javadoc.source" value="1.4"></property>
    <property name="javax.xml.parsers.DocumentBuilderFactory" value="org.apache.xerces.jaxp.DocumentBuilderFactoryImpl"></property>
    <property name="java.vm.vendor" value="Sun Microsystems Inc."></property>
    <property name="maven.xdoc.date.locale" value="en"></property>
    <property name="astrogrid.security.version" value="2007.2.04"></property>
    <property name="astrogrid.workflowobjects.version" value="2007.2wo"></property>
    <property name="maven.xdoc.theme.url" value=""></property>
    <property name="user.dir" value="/home/jl99/workspace/adql-jl-2504/adql"></property>
    <property name="maven.artifact.manifest.extensions.add" value="false"></property>
    <property name="astrogrid.deployment.version" value="2007.2.01d"></property>
    <property name="maven.xdoc.theme" value="theme"></property>
    <property name="maven.build.src" value="/home/jl99/workspace/adql-jl-2504/adql/target/src"></property>
    <property name="astrogrid.contracts.version" value="2007.2.03"></property>
    <property name="tomcat.location" value="/usr/local/jakarta-tomcat-5.0.28"></property>
    <property name="maven.distDirectory" value="/home/jl99/workspace/adql-jl-2504/adql/dist"></property>
    <property name="sun.cpu.endian" value="little"></property>
    <property name="project" value="org.apache.commons.grant.GrantProject@a89ce3"></property>
    <property name="maven.defaults.loaded" value="true"></property>
    <property name="maven.username" value="USERNAME_NOT_SET"></property>
    <property name="java.vm.version" value="1.4.2_12-b03"></property>
    <property name="java.class.path" value="/home/jl99/workspace/adql-jl-2504/adql/target/test-classes:/home/jl99/workspace/adql-jl-2504/adql/target/classes:/home/jl99/.maven/repository/org.astrogrid/jars/astrogrid-xml-2007.2xml.jar:/home/jl99/.maven/repository/axis/jars/axis-1.3.jar:/home/jl99/.maven/repository/axis/jars/wsdl4j-1.5.1.jar:/home/jl99/.maven/repository/axis/jars/axis-saaj-1.3.jar:/home/jl99/.maven/repository/axis/jars/axis-jaxrpc-1.3.jar:/home/jl99/.maven/repository/axis/jars/commons-logging-1.0.4.jar:/home/jl99/.maven/repository/axis/jars/commons-discovery-0.2.jar:/home/jl99/.maven/repository/javacc/jars/javacc-4.0.jar:/home/jl99/.maven/repository/jaxp/jars/jaxp-1.4-20050623.jar:/home/jl99/.maven/repository/xmlbeans/jars/xbean-2.0.0.jar:/home/jl99/.maven/repository/org.astrogrid/jars/astrogrid-adql_v1_0a2-1.2-b000xmlbeans.jar:/home/jl99/.maven/repository/xmlunit/jars/xmlunit-1.0.jar:/home/jl99/.maven/repository/commons-logging/jars/commons-logging-1.0.3.jar:/home/jl99/.maven/repository/log4j/jars/log4j-1.2.8.jar:/home/jl99/.maven/repository/junit/jars/junit-3.8.1.jar:/home/jl99/.maven/repository/xml-apis/jars/xml-apis-1.0.b2.jar:/home/jl99/.maven/repository/xerces/jars/xerces-2.4.0.jar:/usr/local/maven-1.0.2/lib/ant-1.5.3-1.jar:/usr/local/maven-1.0.2/lib/ant-optional-1.5.3-1.jar"></property>
    <property name="astrogrid.release" value="HEAD"></property>
    <property name="astrogrid.storeclient.version" value="1.1-001stc"></property>
    <property name="javax.xml.parsers.SAXParserFactory" value="org.apache.xerces.jaxp.SAXParserFactoryImpl"></property>
    <property name="astrogrid.filestore.version" value="2007.2.01fs"></property>
    <property name="maven.debugOn" value="false"></property>
    <property name="os.arch" value="i386"></property>
    <property name="astrogrid.status.version" value="2006.2st"></property>
    <property name="astrogrid.adql_v1_0.version" value="1.1-b000xmlbeans"></property>
    <property name="maven.junit.jvmargs" value="-ea"></property>
    <property name="astrogrid.community.version" value="2007.2.03ct"></property>
    <property name="maven.application.version" value="1.0.2"></property>
    <property name="maven.repo.remote" value="http://www.astrogrid.org/maven/"></property>
    <property name="maven.license.licenseFile" value="/home/jl99/workspace/adql-jl-2504/adql/../maven-base/LICENSE.txt"></property>
    <property name="java.vm.specification.vendor" value="Sun Microsystems Inc."></property>
    <property name="maven.javacc.javacc.grammar" value="/home/jl99/workspace/adql-jl-2504/adql/src/java/org/astrogrid/adql/AdqlStoX.jj"></property>
    <property name="file.separator" value="/"></property>
    <property name="maven.gen.docs" value="/home/jl99/workspace/adql-jl-2504/adql/target/generated-xdocs"></property>
    <property name="java.runtime.version" value="1.4.2_12-b03"></property>
    <property name="sun.boot.class.path" value="/usr/local/j2sdk1.4.2_12/jre/lib/rt.jar:/usr/local/j2sdk1.4.2_12/jre/lib/i18n.jar:/usr/local/j2sdk1.4.2_12/jre/lib/sunrsasign.jar:/usr/local/j2sdk1.4.2_12/jre/lib/jsse.jar:/usr/local/j2sdk1.4.2_12/jre/lib/jce.jar:/usr/local/j2sdk1.4.2_12/jre/lib/charsets.jar:/usr/local/j2sdk1.4.2_12/jre/classes"></property>
    <property name="maven.home.local" value="/home/jl99/.maven"></property>
    <property name="maven.checkstyle.properties" value="/home/jl99/workspace/adql-jl-2504/adql/../maven-base/checkstyle.xml"></property>
    <property name="sun.java2d.fontpath" value=""></property>
    <property name="user.country" value="US"></property>
    <property name="tag2.name" value="future"></property>
    <property name="maven.home" value="/usr/local/maven-1.0.2"></property>
    <property name="astrogrid.config.stable" value="2007.2cfg"></property>
    <property name="maven.antlr.src.dir" value="MAVEN_ANTLR_SRC_DIR_NOT_SET"></property>
    <property name="maven.javacc.jjtree.grammar" value="/home/jl99/workspace/adql-jl-2504/adql/src/java/org/astrogrid/adql/AdqlStoX.jjt"></property>
    <property name="tools.jar" value="/usr/local/j2sdk1.4.2_12/lib/tools.jar"></property>
    <property name="maven.distBuildDirectory" value="/home/jl99/workspace/adql-jl-2504/adql/target"></property>
    <property name="java.vendor" value="Sun Microsystems Inc."></property>
    <property name="tag3.scope" value="all"></property>
    <property name="maven.docs.outputencoding" value="ISO-8859-1"></property>
    <property name="astrogrid.applications.version" value="2007.2.01"></property>
    <property name="maven.javacc.javacc.header" value="src/main/javacc/javacc_header"></property>
    <property name="java.specification.version" value="1.4"></property>
    <property name="maven.ui.navcol.width" value="20%"></property>
    <property name="sun.arch.data.model" value="32"></property>
  </properties>
  <testcase name="testOf_v10_6dfExplicitThreeWayJoin" time="0.604"></testcase>
  <testcase name="testOf_v10_6dfExplicitThreeWayJoinWithBrackets" time="0.016"></testcase>
  <testcase name="testOf_v10_BADdelimitedIdentifier" time="0.0060"></testcase>
  <testcase name="testOf_v10_BADduplicatedAliases" time="0.145"></testcase>
  <testcase name="testOf_v10_BADemptyFrom" time="0.0090"></testcase>
  <testcase name="testOf_v10_BADemptyWhere" time="0.0080"></testcase>
  <testcase name="testOf_v10_BADextremelyComplexQuery" time="0.024"></testcase>
  <testcase name="testOf_v10_BADinnerJoinWithJoinCondition" time="0.0040"></testcase>
  <testcase name="testOf_v10_BADNestedBracketWithinConeSearch01" time="0.163"></testcase>
  <testcase name="testOf_v10_BADregularIdentifier" time="0.0020"></testcase>
  <testcase name="testOf_v10_BADreservedWordAsTableName" time="0.0070"></testcase>
  <testcase name="testOf_v10_BADselectEmptyAlias" time="0.0040"></testcase>
  <testcase name="testOf_v10_BADMAselectList" time="0.0080"></testcase>
  <testcase name="testOf_v10_BADselectOrderByDirOnly" time="0.0010"></testcase>
  <testcase name="testOf_v10_BADthreeWayJoinAcrossArchives" time="0.074"></testcase>
  <testcase name="testOf_v10_BADtop" time="0.0050"></testcase>
  <testcase name="testOf_v10_ceilingFunction" time="0.23"></testcase>
  <testcase name="testOf_v10_comments01" time="0.041"></testcase>
  <testcase name="testOf_v10_comments02" time="0.117"></testcase>
  <testcase name="testOf_v10_comments03" time="0.118"></testcase>
  <testcase name="testOf_v10_commentsMultipleLines04" time="0.081"></testcase>
  <testcase name="testOf_v10_complexSelect01" time="0.075"></testcase>
  <testcase name="testOf_v10_coneSearch01" time="0.194"></testcase>
  <testcase name="testOf_v10_coneSearch02" time="0.181"></testcase>
  <testcase name="testOf_v10_decAsNonReservedWord" time="0.119"></testcase>
  <testcase name="testOf_v10_delimitedIdentifier" time="0.026"></testcase>
  <testcase name="testOf_v10_groupByOneColumn" time="0.036"></testcase>
  <testcase name="testOf_v10_innerJoinWithJoinCondition" time="0.095"></testcase>
  <testcase name="testOf_v10_inPredicateWithConstantStringList" time="0.051"></testcase>
  <testcase name="testOf_v10_inPredicateWithSubQuery" time="0.055"></testcase>
  <testcase name="testOf_v10_leftOuterJoinWithJoinCondition" time="0.096"></testcase>
  <testcase name="testOf_v10_likeWithoutBracket" time="0.032"></testcase>
  <testcase name="testOf_v10_likeWithBracket" time="0.029"></testcase>
  <testcase name="testOf_v10_MAInnerJoinWithJoinCondition" time="0.082"></testcase>
  <testcase name="testOf_v10_MALeftOuterJoinWithJoinCondition" time="0.043"></testcase>
  <testcase name="testOf_v10_MAThreeWayJoin" time="0.06"></testcase>
  <testcase name="testOf_v10_MAThreeWayJoinNonAliased" time="0.1"></testcase>
  <testcase name="testOf_v10_naiveConeSearch" time="0.101"></testcase>
  <testcase name="testOf_v10_notLikeWithBracket" time="0.092"></testcase>
  <testcase name="testOf_v10_notLikeWithoutBracket" time="0.033"></testcase>
  <testcase name="testOf_v10_notInPredicateWithConstantStringList" time="0.04"></testcase>
  <testcase name="testOf_v10_notInPredicateWithSubQuery" time="0.032"></testcase>
  <testcase name="testOf_v10_regularIdentifier" time="0.073"></testcase>
  <testcase name="testOf_v10_SDSSBasicSelectFromWhere" time="0.046"></testcase>
  <testcase name="testOf_v10_SDSSGalaxiesWithTwoCriteria" time="0.032"></testcase>
  <testcase name="testOf_v10_SDSSGalaxiesWithMultipleCriteria" time="0.101"></testcase>
  <testcase name="testOf_v10_SDSSSpatialUnitVectors" time="0.061"></testcase>
  <testcase name="testOf_v10_SDSSCataclysmicVariablesUsingColors" time="0.219"></testcase>
  <testcase name="testOf_v10_SDSSDataSubSampleWILLFAIL" time="0.0070"></testcase>
  <testcase name="testOf_v10_SDSSLowzQSOsUsingColors" time="0.098"></testcase>
  <testcase name="testOf_v10_SDSSObjectVelocitiesAndErrors" time="0.143"></testcase>
  <testcase name="testOf_v10_SDSSUsingBetween" time="0.047"></testcase>
  <testcase name="testOf_v10_SDSSMovingAsteroids" time="0.046"></testcase>
  <testcase name="testOf_v10_SDSSQuasarsInImaging" time="0.16"></testcase>
  <testcase name="testOf_v10_SDSSSelectedNeighborsInRunWILLFAIL" time="0.016"></testcase>
  <testcase name="testOf_v10_SDSSObjectCountingAndLogicWILLFAIL" time="0.049"></testcase>
  <testcase name="testOf_v10_SDSSGalaxiesBlendedWithStars" time="0.043"></testcase>
  <testcase name="testOf_v10_SDSSStarsInSpecificFields" time="0.033"></testcase>
  <testcase name="testOf_v10_SDSSUsingThreeTablesWILLFAIL" time="0.035"></testcase>
  <testcase name="testOf_v10_SDSSObjectsClosePairs" time="0.146"></testcase>
  <testcase name="testOf_v10_SDSSErrorsUsingFlagsWILLFAIL" time="0.019"></testcase>
  <testcase name="testOf_v10_SDSSEllipticalGalaxiesBasedOnModelFitsWILLFAIL" time="0.013"></testcase>
  <testcase name="testOf_v10_selectAggregateFuncs" time="0.025"></testcase>
  <testcase name="testOf_v10_selectAliasExpr" time="0.031"></testcase>
  <testcase name="testOf_v10_selectAllAllow" time="0.079"></testcase>
  <testcase name="testOf_v10_selectAllLimit" time="0.018"></testcase>
  <testcase name="testOf_v10_selectBetweenOps" time="0.038"></testcase>
  <testcase name="testOf_v10_selectBinaries" time="0.042"></testcase>
  <testcase name="testOf_v10_selectBoolOps" time="0.094"></testcase>
  <testcase name="testOf_v10_selectComparisonOps" time="0.034"></testcase>
  <testcase name="testOf_v10_selectDistinct" time="0.019"></testcase>
  <testcase name="testOf_v10_selectExpr1" time="0.024"></testcase>
  <testcase name="testOf_v10_selectExpr2" time="0.08"></testcase>
  <testcase name="testOf_v10_selectExprMixed1" time="0.027"></testcase>
  <testcase name="testOf_v10_selectExprMultiAlias" time="0.028"></testcase>
  <testcase name="testOf_v10_selectExprSum" time="0.08"></testcase>
  <testcase name="testOf_v10_selectExprUnary" time="0.019"></testcase>
  <testcase name="testOf_v10_selectFromNoAlias" time="0.022"></testcase>
  <testcase name="testOf_v10_selectGroupBy" time="0.025"></testcase>
  <testcase name="testOf_v10_selectLogPowMathsFuncs" time="0.04"></testcase>
  <testcase name="testOf_v10_selectMultiTabMultiAlias1" time="0.08"></testcase>
  <testcase name="testOf_v10_selectOneTableTwoCols" time="0.02"></testcase>
  <testcase name="testOf_v10_selectOrderByCol" time="0.021"></testcase>
  <testcase name="testOf_v10_selectOrderByComplex" time="0.04"></testcase>
  <testcase name="testOf_v10_selectSome" time="0.093"></testcase>
  <testcase name="testOf_v10_selectTrigFuncsDeg" time="0.046"></testcase>
  <testcase name="testOf_v10_selectTrigFuncsRad" time="0.034"></testcase>
  <testcase name="testOf_v10_selectTwoTablesFourCols" time="0.082"></testcase>
  <testcase name="testOf_v10_selectTwoTablesFourColsNoAlias" time="0.022"></testcase>
  <testcase name="testOf_v10_selectUnaries" time="0.023"></testcase>
  <testcase name="testOf_v10_selectValueTweakMathsFuncs" time="0.028"></testcase>
  <testcase name="testOf_v10_spectralLines" time="0.089"></testcase>
  <testcase name="testOf_v10_squaringTheCircle" time="0.045"></testcase>
  <testcase name="testOf_v10_threeWayJoin" time="0.038"></testcase>
  <testcase name="testOf_v10_whereWithBinaryOpsAndUnaryOps" time="0.024"></testcase>
  <testcase name="testOf_v10_whereWithNegativeUnaryLiteral" time="0.081"></testcase>
  <testcase name="testOf_v10_whereWithPositiveUnaryLiteral" time="0.025"></testcase>
  <testcase name="testOf_v10_whereWithUnsignedNumericLiteral" time="0.021"></testcase>
  <testcase name="testOf_v10_FragmentBADContextName" time="0.0020"></testcase>
  <testcase name="testOf_v10_FragmentColumn" time="0.082"></testcase>
  <testcase name="testOf_v10_FragmentCountArgument" time="0.019"></testcase>
  <testcase name="testOf_v10_FragmentCountArgument02" time="0.016"></testcase>
  <testcase name="testOf_v10_FragmentConeSearchWhere" time="0.057"></testcase>
  <testcase name="testOf_v10_FragmentFrom01" time="0.016"></testcase>
  <testcase name="testOf_v10_FragmentFromNoAlias" time="0.075"></testcase>
  <testcase name="testOf_v10_FragmentFromTableTypeTableType" time="0.021"></testcase>
  <testcase name="testOf_v10_FragmentGroupBy" time="0.023"></testcase>
  <testcase name="testOf_v10_FragmentHaving" time="0.022"></testcase>
  <testcase name="testOf_v10_FragmentItemArgument" time="0.017"></testcase>
  <testcase name="testOf_v10_FragmentLikePattern" time="0.076"></testcase>
  <testcase name="testOf_v10_FragmentMATablesArrayOfFromTableType" time="0.021"></testcase>
  <testcase name="testOf_v10_FragmentNaiveConeSearch" time="0.047"></testcase>
  <testcase name="testOf_v10_FragmentOrderBy" time="0.024"></testcase>
  <testcase name="testOf_v10_FragmentOrderByItem" time="0.076"></testcase>
  <testcase name="testOf_v10_FragmentOrderByItemExpression" time="0.017"></testcase>
  <testcase name="testOf_v10_FragmentOrderByItemOrder" time="0.018"></testcase>
  <testcase name="testOf_v10_FragmentOrderByItemOrder02" time="0.021"></testcase>
  <testcase name="testOf_v10_FragmentSelectAllAllow" time="0.08"></testcase>
  <testcase name="testOf_v10_FragmentSelectFromTable" time="0.017"></testcase>
  <testcase name="testOf_v10_FragmentSelectWhereConditionNotInExpression" time="0.018"></testcase>
  <testcase name="testOf_v10_FragmentSelectWhereConditionInExpression" time="0.024"></testcase>
  <testcase name="testOf_v10_FragmentSelectionList01" time="0.026"></testcase>
  <testcase name="testOf_v10_FragmentSelectionListAllItems" time="0.016"></testcase>
  <testcase name="testOf_v10_FragmentSelectionListCeilingFunction" time="0.076"></testcase>
  <testcase name="testOf_v10_FragmentSelectionListItemExpression" time="0.017"></testcase>
  <testcase name="testOf_v10_FragmentSetItem" time="0.017"></testcase>
  <testcase name="testOf_v10_FragmentSubsetSpectralLines" time="0.036"></testcase>
  <testcase name="testOf_v10_FragmentTableCondition" time="0.018"></testcase>
  <testcase name="testOf_v10_FragmentTablesArrayOfFromTableType" time="0.078"></testcase>
  <testcase name="testOf_v10_FragmentTableTableType" time="0.017"></testcase>
  <testcase name="testOf_v10_FragmentTop" time="0.025"></testcase>
  <testcase name="testOf_v10_FragmentWhereCondition" time="0.022"></testcase>
  <testcase name="testOf_v10_FragmentWithHeadAndTrailComments" time="0.022"></testcase>
  <testcase name="testMemoryUsageWithReinit" time="11.925"></testcase>
  <testcase name="testMemoryUsageWithoutReinit" time="13.587"></testcase>
  <system-out><![CDATA[
AdqlStoXTest. WARNING. Number of test methods does not match available test files.
   Methods count: 133
   File count: 139
   You may encounter failures within a test or complete absence of some tests.
   Please inspect AdqlStoXTest for test methods and your test files.

------------------------------------------------
Compiling 6dfExplicitThreeWayJoin.adqls
------------------------------------------------
== From: ===>
-- JBL Note: We are not currently supporting n-way explicit joins where n > 2

-- Joining 3 tables using the targetid parameter. 
-- In this example the TARGET, SPECTRA and TWOMASS tables are joined with parameters extracted from each table.
SELECT target.TARGETNAME, target.BMAG, target.RMAG, 
target.BMAG-target.RMAG AS colour, spectra.Z, twomass.K
FROM target INNER JOIN
spectra ON target.TARGETID = spectra.TARGETID INNER JOIN
twomass ON target.TARGETID = twomass.TARGETID
WHERE (target.BMAG - target.RMAG > 1.2) 
AND (spectra.QUALITY >= 3) AND (twomass.K > 12) ;
------------------------------------------------
Compiling 6dfExplicitThreeWayJoinWithBrackets.adqls
------------------------------------------------
== From: ===>
-- JBL Note: We are not currently supporting n-way explicit joins where n > 2
-- This example tries a 3-way join using brackets.

-- Joining 3 tables using the targetid parameter. 
-- In this example the TARGET, SPECTRA and TWOMASS tables are joined with parameters extracted from each table.
SELECT target.TARGETNAME, target.BMAG, target.RMAG,  
target.BMAG-target.RMAG AS colour, spectra.Z, twomass.K 
FROM target INNER JOIN ( spectra  INNER JOIN 
twomass ON target.TARGETID = twomass.TARGETID ) 
ON target.TARGETID = spectra.TARGETID 
WHERE (target.BMAG - target.RMAG > 1.2)  
AND (spectra.QUALITY >= 3) AND (twomass.K > 12) ;
------------------------------------------------
Compiling BADdelimitedIdentifier.adqls
------------------------------------------------
== From: ===>
select top 100  * from "!Catalogue_$£%^>>>"<<<&*(_   _ @#~?+-" as a ;
------------------------------------------------
Compiling BADduplicatedAliases.adqls
------------------------------------------------
== From: ===>
select 
	min(a.ra) as minra, 
	max(a.ra) as maxra, 
	min(a."dec") as minra, 
	max(a."dec") as maxra  
from cata as a
where a.signal >= 23 ;
------------------------------------------------
Compiling BADemptyFrom.adqls
------------------------------------------------
== From: ===>
select top 100 from ;

------------------------------------------------
Compiling BADemptyWhere.adqls
------------------------------------------------
== From: ===>
select top 100  * where ;
------------------------------------------------
Compiling BADextremelyComplexQuery.adqls
------------------------------------------------
== From: ===>
select
   df.tablespace_name                          "Tablespace",
   block_size                                  "Block Size",
   (df.totalspace - fs.freespace)              "Used MB",
   fs.freespace                               "Free MB",
   df.totalspace                               "Total MB",
   round(100 * (fs.freespace / df.totalspace)) "Pct. Free"
from
   dba_tablespaces                               ts,
   (select tablespace_name,
        round(sum(bytes) / 1048576) TotalSpace
      from dba_data_files
      group by tablespace_name)                  df,
   (select tablespace_name,
        round(sum(bytes) / 1048576) FreeSpace
      from dba_free_space
      group by tablespace_name)                 fs
where
   ts.tablespace_name = fs.tablespace_name
and
   df.tablespace_name = fs.tablespace_name(+) ;
------------------------------------------------
Compiling BADinnerJoinWithJoinCondition.adqls
------------------------------------------------
== From: ===>
select * from foo inner join bar on foo.y >= bar.x inner join flub on foo.y <= flub.z ;
------------------------------------------------
Compiling BADNestedBracketWithinConeSearch01.adqls
------------------------------------------------
== From: ===>
-- Last bracket removed from (a.POS_EQ_RA<100)
Select * From catalogue as a Where 
(a.POS_EQ_RA<100 
And  
( 
  ( a.POS_EQ_RA>100 )  
  And  
  ( 
    ACOS((
           ( SIN( a.POS_EQ_DEC ) * SIN( 100 ) ) 
           + 
           ( 
             COS(a.POS_EQ_DEC)  
             *  
             ( COS(100)  * COS( (a.POS_EQ_RA - 100) ) )  
           )
        )) <= 100
  ) 
)
------------------------------------------------
Compiling BADregularIdentifier.adqls
------------------------------------------------
== From: ===>
select top 100  * from Catalogue_$£One as a ;
------------------------------------------------
Compiling BADreservedWordAsTableName.adqls
------------------------------------------------
== From: ===>
select * from Ceiling as a ;
------------------------------------------------
Compiling BADselectEmptyAlias.adqls
------------------------------------------------
== From: ===>
select top 100  * from catalogue as ;
------------------------------------------------
Compiling BADMAselectList.adqls
------------------------------------------------
== From: ===>
select * from cata as a,, catb b, dbc.tabc as c ;
------------------------------------------------
Compiling BADselectOrderByDirOnly.adqls
------------------------------------------------
== From: ===>
select * from catalogue as a order by ASC ;
------------------------------------------------
Compiling BADthreeWayJoinAcrossArchives.adqls
------------------------------------------------
== From: ===>
SELECT las.sourceID, las.ra, las.dec, fsc.seqNo, fsc.ra, fsc.dec
FROM lasSource AS las, ROSAT..rosat_fsc AS fsc, lasSourceXrosat_fsc AS x
WHERE x.masterObjID=las.sourceID AND x.slaveObjID=fsc.seqNo AND 
x.distanceMins<0.1
------------------------------------------------
Compiling BADtop.adqls
------------------------------------------------
== From: ===>
select top 1,000,000  * from "!Catalogue_$£%^>>><<<&*(_   _ @#~?+-" as a ;
------------------------------------------------
Compiling ceilingFunction.adqls
------------------------------------------------
== From: ===>
select top 100 ceiling(a.col_1) from Catalogue as a ;

Compilation suceeded...
==== To: ===>
<v1:Select xmlns:v1="http://www.ivoa.net/xml/ADQL/v1.0">
    <v1:Restrict Top="100"/>
    <v1:SelectionList>
        <v1:Item xsi:type="v1:mathFunctionType" Name="CEILING" xmlns:xsi="http://www.w3.org/2001/XMLSchema-instance">
            <v1:Arg xsi:type="v1:columnReferenceType" Table="a" Name="col_1"/>
        </v1:Item>
    </v1:SelectionList>
    <v1:From>
        <v1:Table xsi:type="v1:tableType" Name="Catalogue" Alias="a" xmlns:xsi="http://www.w3.org/2001/XMLSchema-instance"/>
    </v1:From>
</v1:Select>
------------------------------------------------
Compiling comments01.adqls
------------------------------------------------
== From: ===>
-- Here is a comment before the Select statment
select 
-- Comment before the select all item
* from catalogue as a 
;

Compilation suceeded...
==== To: ===>
<!--+ Here is a comment before the Select statment
+-->
<v1:Select xmlns:v1="http://www.ivoa.net/xml/ADQL/v1.0">
    <v1:SelectionList>
        <!--+ 
 Comment before the select all item
+-->
        <v1:Item xsi:type="v1:allSelectionItemType" xmlns:xsi="http://www.w3.org/2001/XMLSchema-instance"/>
    </v1:SelectionList>
    <v1:From>
        <v1:Table xsi:type="v1:tableType" Name="catalogue" Alias="a" xmlns:xsi="http://www.w3.org/2001/XMLSchema-instance"/>
    </v1:From>
</v1:Select>
------------------------------------------------
Compiling comments02.adqls
------------------------------------------------
== From: ===>
select 
-- Here is a comment before the allow (all/distinct)...
distinct
-- Here is a comment before the top...
top 10000 * from catalogue as a 
;

Compilation suceeded...
==== To: ===>
<v1:Select xmlns:v1="http://www.ivoa.net/xml/ADQL/v1.0">
    <!--+ 
 Here is a comment before the allow (all/distinct)...
+-->
    <v1:Allow Option="DISTINCT"/>
    <!--+
 Here is a comment before the top...
+-->
    <v1:Restrict Top="10000"/>
    <v1:SelectionList>
        <v1:Item xsi:type="v1:allSelectionItemType" xmlns:xsi="http://www.w3.org/2001/XMLSchema-instance"/>
    </v1:SelectionList>
    <v1:From>
        <v1:Table xsi:type="v1:tableType" Name="catalogue" Alias="a" xmlns:xsi="http://www.w3.org/2001/XMLSchema-instance"/>
    </v1:From>
</v1:Select>
------------------------------------------------
Compiling comments03.adqls
------------------------------------------------
== From: ===>
select 
-- Comment about user_id
u.user_id, 
-- Comment about email
u.email, 
-- Comment about count(*)
count(*), 
-- Comment about max(posted)
max(c.posted)
from users as u, classified_ads as c
where u.user_id = c.user_id
group by u.user_id, u.email
order by u.email
-- Comment after order by 
;

Compilation suceeded...
==== To: ===>
<v1:Select xmlns:v1="http://www.ivoa.net/xml/ADQL/v1.0">
    <v1:SelectionList>
        <!--+ 
 Comment about user_id
+-->
        <v1:Item xsi:type="v1:columnReferenceType" Table="u" Name="user_id" xmlns:xsi="http://www.w3.org/2001/XMLSchema-instance"/>
        <!--+ 
 Comment about email
+-->
        <v1:Item xsi:type="v1:columnReferenceType" Table="u" Name="email" xmlns:xsi="http://www.w3.org/2001/XMLSchema-instance"/>
        <!--+ 
 Comment about count(*)
+-->
        <v1:Item xsi:type="v1:aggregateFunctionType" Name="COUNT" xmlns:xsi="http://www.w3.org/2001/XMLSchema-instance">
            <v1:Arg xsi:type="v1:allSelectionItemType"/>
        </v1:Item>
        <!--+ 
 Comment about max(posted)
+-->
        <v1:Item xsi:type="v1:aggregateFunctionType" Name="MAX" xmlns:xsi="http://www.w3.org/2001/XMLSchema-instance">
            <v1:Arg xsi:type="v1:columnReferenceType" Table="c" Name="posted"/>
        </v1:Item>
    </v1:SelectionList>
    <v1:From>
        <v1:Table xsi:type="v1:tableType" Name="users" Alias="u" xmlns:xsi="http://www.w3.org/2001/XMLSchema-instance"/>
        <v1:Table xsi:type="v1:tableType" Name="classified_ads" Alias="c" xmlns:xsi="http://www.w3.org/2001/XMLSchema-instance"/>
    </v1:From>
    <v1:Where>
        <v1:Condition xsi:type="v1:comparisonPredType" Comparison="=" xmlns:xsi="http://www.w3.org/2001/XMLSchema-instance">
            <v1:Arg xsi:type="v1:columnReferenceType" Table="u" Name="user_id"/>
            <v1:Arg xsi:type="v1:columnReferenceType" Table="c" Name="user_id"/>
        </v1:Condition>
    </v1:Where>
    <v1:GroupBy>
        <v1:Column Table="u" Name="user_id"/>
        <v1:Column Table="u" Name="email"/>
    </v1:GroupBy>
    <v1:OrderBy>
        <v1:Item>
            <v1:Expression xsi:type="v1:columnReferenceType" Table="u" Name="email" xmlns:xsi="http://www.w3.org/2001/XMLSchema-instance"/>
            <v1:Order Direction="ASC"/>
        </v1:Item>
    </v1:OrderBy>
</v1:Select>
<!--+
 Comment after order by 
+-->
------------------------------------------------
Compiling commentsMultipleLines04.adqls
------------------------------------------------
== From: ===>
-- Here is a comment before the Select statment
select 
-- Comment before the select all item line 1
-- Comment before the select all item line 2
* from catalogue as a 
;

Compilation suceeded...
==== To: ===>
<!--+ Here is a comment before the Select statment
+-->
<v1:Select xmlns:v1="http://www.ivoa.net/xml/ADQL/v1.0">
    <v1:SelectionList>
        <!--+ 
 Comment before the select all item line 1
 Comment before the select all item line 2
+-->
        <v1:Item xsi:type="v1:allSelectionItemType" xmlns:xsi="http://www.w3.org/2001/XMLSchema-instance"/>
    </v1:SelectionList>
    <v1:From>
        <v1:Table xsi:type="v1:tableType" Name="catalogue" Alias="a" xmlns:xsi="http://www.w3.org/2001/XMLSchema-instance"/>
    </v1:From>
</v1:Select>
------------------------------------------------
Compiling complexSelect01.adqls
------------------------------------------------
== From: ===>
select u.user_id, u.email, count(*), max(c.posted)
from users as u, classified_ads as c
where u.user_id = c.user_id
group by u.user_id, u.email
order by u.email ;

Compilation suceeded...
==== To: ===>
<v1:Select xmlns:v1="http://www.ivoa.net/xml/ADQL/v1.0">
    <v1:SelectionList>
        <v1:Item xsi:type="v1:columnReferenceType" Table="u" Name="user_id" xmlns:xsi="http://www.w3.org/2001/XMLSchema-instance"/>
        <v1:Item xsi:type="v1:columnReferenceType" Table="u" Name="email" xmlns:xsi="http://www.w3.org/2001/XMLSchema-instance"/>
        <v1:Item xsi:type="v1:aggregateFunctionType" Name="COUNT" xmlns:xsi="http://www.w3.org/2001/XMLSchema-instance">
            <v1:Arg xsi:type="v1:allSelectionItemType"/>
        </v1:Item>
        <v1:Item xsi:type="v1:aggregateFunctionType" Name="MAX" xmlns:xsi="http://www.w3.org/2001/XMLSchema-instance">
            <v1:Arg xsi:type="v1:columnReferenceType" Table="c" Name="posted"/>
        </v1:Item>
    </v1:SelectionList>
    <v1:From>
        <v1:Table xsi:type="v1:tableType" Name="users" Alias="u" xmlns:xsi="http://www.w3.org/2001/XMLSchema-instance"/>
        <v1:Table xsi:type="v1:tableType" Name="classified_ads" Alias="c" xmlns:xsi="http://www.w3.org/2001/XMLSchema-instance"/>
    </v1:From>
    <v1:Where>
        <v1:Condition xsi:type="v1:comparisonPredType" Comparison="=" xmlns:xsi="http://www.w3.org/2001/XMLSchema-instance">
            <v1:Arg xsi:type="v1:columnReferenceType" Table="u" Name="user_id"/>
            <v1:Arg xsi:type="v1:columnReferenceType" Table="c" Name="user_id"/>
        </v1:Condition>
    </v1:Where>
    <v1:GroupBy>
        <v1:Column Table="u" Name="user_id"/>
        <v1:Column Table="u" Name="email"/>
    </v1:GroupBy>
    <v1:OrderBy>
        <v1:Item>
            <v1:Expression xsi:type="v1:columnReferenceType" Table="u" Name="email" xmlns:xsi="http://www.w3.org/2001/XMLSchema-instance"/>
            <v1:Order Direction="ASC"/>
        </v1:Item>
    </v1:OrderBy>
</v1:Select>
------------------------------------------------
Compiling coneSearch01.adqls
------------------------------------------------
== From: ===>
Select * From catalogue as a Where 
(a.POS_EQ_RA<100)  
And  
( 
  ( a.POS_EQ_RA>100 )  
  And  
  ( 
    ACOS((
           ( SIN( a.POS_EQ_DEC ) * SIN( 100 ) ) 
           + 
           ( 
             COS(a.POS_EQ_DEC)  
             *  
             ( COS(100)  * COS( (a.POS_EQ_RA - 100) ) )  
           )
        )) <= 100
  ) 
)

Compilation suceeded...
==== To: ===>
<v1:Select xmlns:v1="http://www.ivoa.net/xml/ADQL/v1.0">
    <v1:SelectionList>
        <v1:Item xsi:type="v1:allSelectionItemType" xmlns:xsi="http://www.w3.org/2001/XMLSchema-instance"/>
    </v1:SelectionList>
    <v1:From>
        <v1:Table xsi:type="v1:tableType" Name="catalogue" Alias="a" xmlns:xsi="http://www.w3.org/2001/XMLSchema-instance"/>
    </v1:From>
    <v1:Where>
        <v1:Condition xsi:type="v1:intersectionSearchType" xmlns:xsi="http://www.w3.org/2001/XMLSchema-instance">
            <v1:Condition xsi:type="v1:closedSearchType">
                <v1:Condition xsi:type="v1:comparisonPredType" Comparison="&lt;">
                    <v1:Arg xsi:type="v1:columnReferenceType" Table="a" Name="POS_EQ_RA"/>
                    <v1:Arg xsi:type="v1:atomType">
                        <v1:Literal Value="100" xsi:type="v1:integerType"/>
                    </v1:Arg>
                </v1:Condition>
            </v1:Condition>
            <v1:Condition xsi:type="v1:closedSearchType">
                <v1:Condition xsi:type="v1:intersectionSearchType">
                    <v1:Condition xsi:type="v1:closedSearchType">
                        <v1:Condition xsi:type="v1:comparisonPredType" Comparison=">">
                            <v1:Arg xsi:type="v1:columnReferenceType" Table="a" Name="POS_EQ_RA"/>
                            <v1:Arg xsi:type="v1:atomType">
                                <v1:Literal Value="100" xsi:type="v1:integerType"/>
                            </v1:Arg>
                        </v1:Condition>
                    </v1:Condition>
                    <v1:Condition xsi:type="v1:closedSearchType">
                        <v1:Condition xsi:type="v1:comparisonPredType" Comparison="&lt;=">
                            <v1:Arg xsi:type="v1:trigonometricFunctionType" Name="ACOS">
                                <v1:Arg xsi:type="v1:closedExprType">
                                    <v1:Arg xsi:type="v1:binaryExprType" Oper="+">
                                        <v1:Arg xsi:type="v1:closedExprType">
                                            <v1:Arg xsi:type="v1:binaryExprType" Oper="*">
                                                <v1:Arg xsi:type="v1:trigonometricFunctionType" Name="SIN">
                                                    <v1:Arg xsi:type="v1:columnReferenceType" Table="a" Name="POS_EQ_DEC"/>
                                                </v1:Arg>
                                                <v1:Arg xsi:type="v1:trigonometricFunctionType" Name="SIN">
                                                    <v1:Arg xsi:type="v1:atomType">
                                                        <v1:Literal Value="100" xsi:type="v1:integerType"/>
                                                    </v1:Arg>
                                                </v1:Arg>
                                            </v1:Arg>
                                        </v1:Arg>
                                        <v1:Arg xsi:type="v1:closedExprType">
                                            <v1:Arg xsi:type="v1:binaryExprType" Oper="*">
                                                <v1:Arg xsi:type="v1:trigonometricFunctionType" Name="COS">
                                                    <v1:Arg xsi:type="v1:columnReferenceType" Table="a" Name="POS_EQ_DEC"/>
                                                </v1:Arg>
                                                <v1:Arg xsi:type="v1:closedExprType">
                                                    <v1:Arg xsi:type="v1:binaryExprType" Oper="*">
                                                        <v1:Arg xsi:type="v1:trigonometricFunctionType" Name="COS">
                                                            <v1:Arg xsi:type="v1:atomType">
                                                                <v1:Literal Value="100" xsi:type="v1:integerType"/>
                                                            </v1:Arg>
                                                        </v1:Arg>
                                                        <v1:Arg xsi:type="v1:trigonometricFunctionType" Name="COS">
                                                            <v1:Arg xsi:type="v1:closedExprType">
                                                                <v1:Arg xsi:type="v1:binaryExprType" Oper="-">
                                                                    <v1:Arg xsi:type="v1:columnReferenceType" Table="a" Name="POS_EQ_RA"/>
                                                                    <v1:Arg xsi:type="v1:atomType">
                                                                        <v1:Literal Value="100" xsi:type="v1:integerType"/>
                                                                    </v1:Arg>
                                                                </v1:Arg>
                                                            </v1:Arg>
                                                        </v1:Arg>
                                                    </v1:Arg>
                                                </v1:Arg>
                                            </v1:Arg>
                                        </v1:Arg>
                                    </v1:Arg>
                                </v1:Arg>
                            </v1:Arg>
                            <v1:Arg xsi:type="v1:atomType">
                                <v1:Literal Value="100" xsi:type="v1:integerType"/>
                            </v1:Arg>
                        </v1:Condition>
                    </v1:Condition>
                </v1:Condition>
            </v1:Condition>
        </v1:Condition>
    </v1:Where>
</v1:Select>
------------------------------------------------
Compiling coneSearch02.adqls
------------------------------------------------
== From: ===>
Select * From catalogue as a Where 
(a.POS_EQ_DEC<5.01)  
And  
( 
  (a.POS_EQ_DEC>4.99)  
  And  
  ( (
     2.0 
     * 
     ASIN(
           SQRT(( 
                  POWER( 
                          SIN( ( (RADIANS(a.POS_EQ_DEC)  - 0.08726646259971647)   / 2.0)  ) 
                        , 2
                       )  
                  +  
                  ( 
                    ( 
                      COS(RADIANS(a.POS_EQ_DEC) )  
                      *  
                      ( 
                        COS(0.08726646259971647)  
                        * 
                        POWER( SIN( ( (RADIANS(a.POS_EQ_RA)  - 0.08726646259971647) / 2.0)  ) ,2 )

                      )  
                    )  
                  )  
              )) 
          ) 
    ) 
    <
    1.7453292519943296E+3
  ) 
)

Compilation suceeded...
==== To: ===>
<v1:Select xmlns:v1="http://www.ivoa.net/xml/ADQL/v1.0">
    <v1:SelectionList>
        <v1:Item xsi:type="v1:allSelectionItemType" xmlns:xsi="http://www.w3.org/2001/XMLSchema-instance"/>
    </v1:SelectionList>
    <v1:From>
        <v1:Table xsi:type="v1:tableType" Name="catalogue" Alias="a" xmlns:xsi="http://www.w3.org/2001/XMLSchema-instance"/>
    </v1:From>
    <v1:Where>
        <v1:Condition xsi:type="v1:intersectionSearchType" xmlns:xsi="http://www.w3.org/2001/XMLSchema-instance">
            <v1:Condition xsi:type="v1:closedSearchType">
                <v1:Condition xsi:type="v1:comparisonPredType" Comparison="&lt;">
                    <v1:Arg xsi:type="v1:columnReferenceType" Table="a" Name="POS_EQ_DEC"/>
                    <v1:Arg xsi:type="v1:atomType">
                        <v1:Literal Value="5.01" xsi:type="v1:realType"/>
                    </v1:Arg>
                </v1:Condition>
            </v1:Condition>
            <v1:Condition xsi:type="v1:closedSearchType">
                <v1:Condition xsi:type="v1:intersectionSearchType">
                    <v1:Condition xsi:type="v1:closedSearchType">
                        <v1:Condition xsi:type="v1:comparisonPredType" Comparison=">">
                            <v1:Arg xsi:type="v1:columnReferenceType" Table="a" Name="POS_EQ_DEC"/>
                            <v1:Arg xsi:type="v1:atomType">
                                <v1:Literal Value="4.99" xsi:type="v1:realType"/>
                            </v1:Arg>
                        </v1:Condition>
                    </v1:Condition>
                    <v1:Condition xsi:type="v1:closedSearchType">
                        <v1:Condition xsi:type="v1:comparisonPredType" Comparison="&lt;">
                            <v1:Arg xsi:type="v1:closedExprType">
                                <v1:Arg xsi:type="v1:binaryExprType" Oper="*">
                                    <v1:Arg xsi:type="v1:atomType">
                                        <v1:Literal Value="2.0" xsi:type="v1:realType"/>
                                    </v1:Arg>
                                    <v1:Arg xsi:type="v1:trigonometricFunctionType" Name="ASIN">
                                        <v1:Arg xsi:type="v1:mathFunctionType" Name="SQRT">
                                            <v1:Arg xsi:type="v1:closedExprType">
                                                <v1:Arg xsi:type="v1:binaryExprType" Oper="+">
                                                    <v1:Arg xsi:type="v1:mathFunctionType" Name="POWER">
                                                        <v1:Arg xsi:type="v1:trigonometricFunctionType" Name="SIN">
                                                            <v1:Arg xsi:type="v1:closedExprType">
                                                                <v1:Arg xsi:type="v1:binaryExprType" Oper="/">
                                                                    <v1:Arg xsi:type="v1:closedExprType">
                                                                        <v1:Arg xsi:type="v1:binaryExprType" Oper="-">
                                                                            <v1:Arg xsi:type="v1:mathFunctionType" Name="RADIANS">
                                                                                <v1:Arg xsi:type="v1:columnReferenceType" Table="a" Name="POS_EQ_DEC"/>
                                                                            </v1:Arg>
                                                                            <v1:Arg xsi:type="v1:atomType">
                                                                                <v1:Literal Value="0.08726646259971647" xsi:type="v1:realType"/>
                                                                            </v1:Arg>
                                                                        </v1:Arg>
                                                                    </v1:Arg>
                                                                    <v1:Arg xsi:type="v1:atomType">
                                                                        <v1:Literal Value="2.0" xsi:type="v1:realType"/>
                                                                    </v1:Arg>
                                                                </v1:Arg>
                                                            </v1:Arg>
                                                        </v1:Arg>
                                                        <v1:Arg xsi:type="v1:atomType">
                                                            <v1:Literal Value="2" xsi:type="v1:integerType"/>
                                                        </v1:Arg>
                                                    </v1:Arg>
                                                    <v1:Arg xsi:type="v1:closedExprType">
                                                        <v1:Arg xsi:type="v1:closedExprType">
                                                            <v1:Arg xsi:type="v1:binaryExprType" Oper="*">
                                                                <v1:Arg xsi:type="v1:trigonometricFunctionType" Name="COS">
                                                                    <v1:Arg xsi:type="v1:mathFunctionType" Name="RADIANS">
                                                                        <v1:Arg xsi:type="v1:columnReferenceType" Table="a" Name="POS_EQ_DEC"/>
                                                                    </v1:Arg>
                                                                </v1:Arg>
                                                                <v1:Arg xsi:type="v1:closedExprType">
                                                                    <v1:Arg xsi:type="v1:binaryExprType" Oper="*">
                                                                        <v1:Arg xsi:type="v1:trigonometricFunctionType" Name="COS">
                                                                            <v1:Arg xsi:type="v1:atomType">
                                                                                <v1:Literal Value="0.08726646259971647" xsi:type="v1:realType"/>
                                                                            </v1:Arg>
                                                                        </v1:Arg>
                                                                        <v1:Arg xsi:type="v1:mathFunctionType" Name="POWER">
                                                                            <v1:Arg xsi:type="v1:trigonometricFunctionType" Name="SIN">
                                                                                <v1:Arg xsi:type="v1:closedExprType">
                                                                                    <v1:Arg xsi:type="v1:binaryExprType" Oper="/">
                                                                                        <v1:Arg xsi:type="v1:closedExprType">
                                                                                            <v1:Arg xsi:type="v1:binaryExprType" Oper="-">
                                                                                                <v1:Arg xsi:type="v1:mathFunctionType" Name="RADIANS">
                                                                                                    <v1:Arg xsi:type="v1:columnReferenceType" Table="a" Name="POS_EQ_RA"/>
                                                                                                </v1:Arg>
                                                                                                <v1:Arg xsi:type="v1:atomType">
                                                                                                    <v1:Literal Value="0.08726646259971647" xsi:type="v1:realType"/>
                                                                                                </v1:Arg>
                                                                                            </v1:Arg>
                                                                                        </v1:Arg>
                                                                                        <v1:Arg xsi:type="v1:atomType">
                                                                                            <v1:Literal Value="2.0" xsi:type="v1:realType"/>
                                                                                        </v1:Arg>
                                                                                    </v1:Arg>
                                                                                </v1:Arg>
                                                                            </v1:Arg>
                                                                            <v1:Arg xsi:type="v1:atomType">
                                                                                <v1:Literal Value="2" xsi:type="v1:integerType"/>
                                                                            </v1:Arg>
                                                                        </v1:Arg>
                                                                    </v1:Arg>
                                                                </v1:Arg>
                                                            </v1:Arg>
                                                        </v1:Arg>
                                                    </v1:Arg>
                                                </v1:Arg>
                                            </v1:Arg>
                                        </v1:Arg>
                                    </v1:Arg>
                                </v1:Arg>
                            </v1:Arg>
                            <v1:Arg xsi:type="v1:atomType">
                                <v1:Literal Value="1745.3292519943295" xsi:type="v1:realType"/>
                            </v1:Arg>
                        </v1:Condition>
                    </v1:Condition>
                </v1:Condition>
            </v1:Condition>
        </v1:Condition>
    </v1:Where>
</v1:Select>
------------------------------------------------
Compiling decAsNonReservedWord.adqls
------------------------------------------------
== From: ===>
SELECT TOP 100 * FROM twomass_psc as o WHERE (o.ra > 56.25) AND (o.ra < 57.25) AND
(o.dec > 23.6167) and (o.dec < 24.6167) and (o.j_m - o.k_m) < 1.0

Compilation suceeded...
==== To: ===>
<v1:Select xmlns:v1="http://www.ivoa.net/xml/ADQL/v1.0">
    <v1:Restrict Top="100"/>
    <v1:SelectionList>
        <v1:Item xsi:type="v1:allSelectionItemType" xmlns:xsi="http://www.w3.org/2001/XMLSchema-instance"/>
    </v1:SelectionList>
    <v1:From>
        <v1:Table xsi:type="v1:tableType" Name="twomass_psc" Alias="o" xmlns:xsi="http://www.w3.org/2001/XMLSchema-instance"/>
    </v1:From>
    <v1:Where>
        <v1:Condition xsi:type="v1:intersectionSearchType" xmlns:xsi="http://www.w3.org/2001/XMLSchema-instance">
            <v1:Condition xsi:type="v1:closedSearchType">
                <v1:Condition xsi:type="v1:comparisonPredType" Comparison=">">
                    <v1:Arg xsi:type="v1:columnReferenceType" Table="o" Name="ra"/>
                    <v1:Arg xsi:type="v1:atomType">
                        <v1:Literal Value="56.25" xsi:type="v1:realType"/>
                    </v1:Arg>
                </v1:Condition>
            </v1:Condition>
            <v1:Condition xsi:type="v1:intersectionSearchType">
                <v1:Condition xsi:type="v1:closedSearchType">
                    <v1:Condition xsi:type="v1:comparisonPredType" Comparison="&lt;">
                        <v1:Arg xsi:type="v1:columnReferenceType" Table="o" Name="ra"/>
                        <v1:Arg xsi:type="v1:atomType">
                            <v1:Literal Value="57.25" xsi:type="v1:realType"/>
                        </v1:Arg>
                    </v1:Condition>
                </v1:Condition>
                <v1:Condition xsi:type="v1:intersectionSearchType">
                    <v1:Condition xsi:type="v1:closedSearchType">
                        <v1:Condition xsi:type="v1:comparisonPredType" Comparison=">">
                            <v1:Arg xsi:type="v1:columnReferenceType" Table="o" Name="dec"/>
                            <v1:Arg xsi:type="v1:atomType">
                                <v1:Literal Value="23.6167" xsi:type="v1:realType"/>
                            </v1:Arg>
                        </v1:Condition>
                    </v1:Condition>
                    <v1:Condition xsi:type="v1:intersectionSearchType">
                        <v1:Condition xsi:type="v1:closedSearchType">
                            <v1:Condition xsi:type="v1:comparisonPredType" Comparison="&lt;">
                                <v1:Arg xsi:type="v1:columnReferenceType" Table="o" Name="dec"/>
                                <v1:Arg xsi:type="v1:atomType">
                                    <v1:Literal Value="24.6167" xsi:type="v1:realType"/>
                                </v1:Arg>
                            </v1:Condition>
                        </v1:Condition>
                        <v1:Condition xsi:type="v1:comparisonPredType" Comparison="&lt;">
                            <v1:Arg xsi:type="v1:closedExprType">
                                <v1:Arg xsi:type="v1:binaryExprType" Oper="-">
                                    <v1:Arg xsi:type="v1:columnReferenceType" Table="o" Name="j_m"/>
                                    <v1:Arg xsi:type="v1:columnReferenceType" Table="o" Name="k_m"/>
                                </v1:Arg>
                            </v1:Arg>
                            <v1:Arg xsi:type="v1:atomType">
                                <v1:Literal Value="1.0" xsi:type="v1:realType"/>
                            </v1:Arg>
                        </v1:Condition>
                    </v1:Condition>
                </v1:Condition>
            </v1:Condition>
        </v1:Condition>
    </v1:Where>
</v1:Select>
------------------------------------------------
Compiling delimitedIdentifier.adqls
------------------------------------------------
== From: ===>
select top 100  * from "!Catalogue_$£%^&*(_   _ @#~?+-" as a ;

Compilation suceeded...
==== To: ===>
<v1:Select xmlns:v1="http://www.ivoa.net/xml/ADQL/v1.0">
    <v1:Restrict Top="100"/>
    <v1:SelectionList>
        <v1:Item xsi:type="v1:allSelectionItemType" xmlns:xsi="http://www.w3.org/2001/XMLSchema-instance"/>
    </v1:SelectionList>
    <v1:From>
        <v1:Table xsi:type="v1:tableType" Name="!Catalogue_$£%^&amp;*(_   _ @#~?+-" Alias="a" xmlns:xsi="http://www.w3.org/2001/XMLSchema-instance"/>
    </v1:From>
</v1:Select>
------------------------------------------------
Compiling groupByOneColumn.adqls
------------------------------------------------
== From: ===>
select v.state_code, v.city_name, count(*) from villes as v group by v.state_code ;

Compilation suceeded...
==== To: ===>
<v1:Select xmlns:v1="http://www.ivoa.net/xml/ADQL/v1.0">
    <v1:SelectionList>
        <v1:Item xsi:type="v1:columnReferenceType" Table="v" Name="state_code" xmlns:xsi="http://www.w3.org/2001/XMLSchema-instance"/>
        <v1:Item xsi:type="v1:columnReferenceType" Table="v" Name="city_name" xmlns:xsi="http://www.w3.org/2001/XMLSchema-instance"/>
        <v1:Item xsi:type="v1:aggregateFunctionType" Name="COUNT" xmlns:xsi="http://www.w3.org/2001/XMLSchema-instance">
            <v1:Arg xsi:type="v1:allSelectionItemType"/>
        </v1:Item>
    </v1:SelectionList>
    <v1:From>
        <v1:Table xsi:type="v1:tableType" Name="villes" Alias="v" xmlns:xsi="http://www.w3.org/2001/XMLSchema-instance"/>
    </v1:From>
    <v1:GroupBy>
        <v1:Column Table="v" Name="state_code"/>
    </v1:GroupBy>
</v1:Select>
------------------------------------------------
Compiling innerJoinWithJoinCondition.adqls
------------------------------------------------
== From: ===>
select * from foo as f inner join bar as b on f.y >= b.x ;

Compilation suceeded...
==== To: ===>
<v1:Select xmlns:v1="http://www.ivoa.net/xml/ADQL/v1.0">
    <v1:SelectionList>
        <v1:Item xsi:type="v1:allSelectionItemType" xmlns:xsi="http://www.w3.org/2001/XMLSchema-instance"/>
    </v1:SelectionList>
    <v1:From>
        <v1:Table xsi:type="v1:joinTableType" xmlns:xsi="http://www.w3.org/2001/XMLSchema-instance">
            <v1:Qualifier>INNER</v1:Qualifier>
            <v1:Tables>
                <v1:fromTableType xsi:type="v1:tableType" Name="foo" Alias="f"/>
                <v1:fromTableType xsi:type="v1:tableType" Name="bar" Alias="b"/>
            </v1:Tables>
            <v1:Condition Comparison=">=">
                <v1:Arg xsi:type="v1:columnReferenceType" Table="f" Name="y"/>
                <v1:Arg xsi:type="v1:columnReferenceType" Table="b" Name="x"/>
            </v1:Condition>
        </v1:Table>
    </v1:From>
</v1:Select>
------------------------------------------------
Compiling inPredicateWithConstantStringList.adqls
------------------------------------------------
== From: ===>
select * from personnel as p where p.city_name in ( 'New York', 'Chicago', 'Atlanta', 'Austin' ) ;

Compilation suceeded...
==== To: ===>
<v1:Select xmlns:v1="http://www.ivoa.net/xml/ADQL/v1.0">
    <v1:SelectionList>
        <v1:Item xsi:type="v1:allSelectionItemType" xmlns:xsi="http://www.w3.org/2001/XMLSchema-instance"/>
    </v1:SelectionList>
    <v1:From>
        <v1:Table xsi:type="v1:tableType" Name="personnel" Alias="p" xmlns:xsi="http://www.w3.org/2001/XMLSchema-instance"/>
    </v1:From>
    <v1:Where>
        <v1:Condition xsi:type="v1:inclusiveSearchType" xmlns:xsi="http://www.w3.org/2001/XMLSchema-instance">
            <v1:Expression xsi:type="v1:columnReferenceType" Table="p" Name="city_name"/>
            <v1:Set xsi:type="v1:ConstantListSet">
                <v1:Item xsi:type="v1:stringType" Value="New York"/>
                <v1:Item xsi:type="v1:stringType" Value="Chicago"/>
                <v1:Item xsi:type="v1:stringType" Value="Atlanta"/>
                <v1:Item xsi:type="v1:stringType" Value="Austin"/>
            </v1:Set>
        </v1:Condition>
    </v1:Where>
</v1:Select>
------------------------------------------------
Compiling inPredicateWithSubQuery.adqls
------------------------------------------------
== From: ===>
select * from personnel as p where p.city_name in ( select c.city_name from cities as c where c.state = 'NY' ) ;

Compilation suceeded...
==== To: ===>
<v1:Select xmlns:v1="http://www.ivoa.net/xml/ADQL/v1.0">
    <v1:SelectionList>
        <v1:Item xsi:type="v1:allSelectionItemType" xmlns:xsi="http://www.w3.org/2001/XMLSchema-instance"/>
    </v1:SelectionList>
    <v1:From>
        <v1:Table xsi:type="v1:tableType" Name="personnel" Alias="p" xmlns:xsi="http://www.w3.org/2001/XMLSchema-instance"/>
    </v1:From>
    <v1:Where>
        <v1:Condition xsi:type="v1:inclusiveSearchType" xmlns:xsi="http://www.w3.org/2001/XMLSchema-instance">
            <v1:Expression xsi:type="v1:columnReferenceType" Table="p" Name="city_name"/>
            <v1:Set xsi:type="v1:subQuerySet">
                <v1:selection>
                    <v1:SelectionList>
                        <v1:Item xsi:type="v1:columnReferenceType" Table="c" Name="city_name"/>
                    </v1:SelectionList>
                    <v1:From>
                        <v1:Table xsi:type="v1:tableType" Name="cities" Alias="c"/>
                    </v1:From>
                    <v1:Where>
                        <v1:Condition xsi:type="v1:comparisonPredType" Comparison="=">
                            <v1:Arg xsi:type="v1:columnReferenceType" Table="c" Name="state"/>
                            <v1:Arg xsi:type="v1:atomType">
                                <v1:Literal xsi:type="v1:stringType" Value="NY"/>
                            </v1:Arg>
                        </v1:Condition>
                    </v1:Where>
                </v1:selection>
            </v1:Set>
        </v1:Condition>
    </v1:Where>
</v1:Select>
------------------------------------------------
Compiling leftOuterJoinWithJoinCondition.adqls
------------------------------------------------
== From: ===>
select * from tab1 as t1 left outer join tab2 as t2 on t1.a=t2.a where t1.a = 27 ;

Compilation suceeded...
==== To: ===>
<v1:Select xmlns:v1="http://www.ivoa.net/xml/ADQL/v1.0">
    <v1:SelectionList>
        <v1:Item xsi:type="v1:allSelectionItemType" xmlns:xsi="http://www.w3.org/2001/XMLSchema-instance"/>
    </v1:SelectionList>
    <v1:From>
        <v1:Table xsi:type="v1:joinTableType" xmlns:xsi="http://www.w3.org/2001/XMLSchema-instance">
            <v1:Qualifier>LEFT_OUTER</v1:Qualifier>
            <v1:Tables>
                <v1:fromTableType xsi:type="v1:tableType" Name="tab1" Alias="t1"/>
                <v1:fromTableType xsi:type="v1:tableType" Name="tab2" Alias="t2"/>
            </v1:Tables>
            <v1:Condition Comparison="=">
                <v1:Arg xsi:type="v1:columnReferenceType" Table="t1" Name="a"/>
                <v1:Arg xsi:type="v1:columnReferenceType" Table="t2" Name="a"/>
            </v1:Condition>
        </v1:Table>
    </v1:From>
    <v1:Where>
        <v1:Condition xsi:type="v1:comparisonPredType" Comparison="=" xmlns:xsi="http://www.w3.org/2001/XMLSchema-instance">
            <v1:Arg xsi:type="v1:columnReferenceType" Table="t1" Name="a"/>
            <v1:Arg xsi:type="v1:atomType">
                <v1:Literal Value="27" xsi:type="v1:integerType"/>
            </v1:Arg>
        </v1:Condition>
    </v1:Where>
</v1:Select>
------------------------------------------------
Compiling likeWithoutBracket.adqls
------------------------------------------------
== From: ===>
SElect * from people p where p.name like '%son' ;

Compilation suceeded...
==== To: ===>
<v1:Select xmlns:v1="http://www.ivoa.net/xml/ADQL/v1.0">
    <v1:SelectionList>
        <v1:Item xsi:type="v1:allSelectionItemType" xmlns:xsi="http://www.w3.org/2001/XMLSchema-instance"/>
    </v1:SelectionList>
    <v1:From>
        <v1:Table xsi:type="v1:tableType" Name="people" Alias="p" xmlns:xsi="http://www.w3.org/2001/XMLSchema-instance"/>
    </v1:From>
    <v1:Where>
        <v1:Condition xsi:type="v1:likePredType" xmlns:xsi="http://www.w3.org/2001/XMLSchema-instance">
            <v1:Arg xsi:type="v1:columnReferenceType" Table="p" Name="name"/>
            <v1:Pattern>
                <v1:Literal xsi:type="v1:stringType" Value="%son"/>
            </v1:Pattern>
        </v1:Condition>
    </v1:Where>
</v1:Select>
------------------------------------------------
Compiling likeWithBracket.adqls
------------------------------------------------
== From: ===>
SElect * from people p where ( p.name like '%son' ) 

Compilation suceeded...
==== To: ===>
<v1:Select xmlns:v1="http://www.ivoa.net/xml/ADQL/v1.0">
    <v1:SelectionList>
        <v1:Item xsi:type="v1:allSelectionItemType" xmlns:xsi="http://www.w3.org/2001/XMLSchema-instance"/>
    </v1:SelectionList>
    <v1:From>
        <v1:Table xsi:type="v1:tableType" Name="people" Alias="p" xmlns:xsi="http://www.w3.org/2001/XMLSchema-instance"/>
    </v1:From>
    <v1:Where>
        <v1:Condition xsi:type="v1:closedSearchType" xmlns:xsi="http://www.w3.org/2001/XMLSchema-instance">
            <v1:Condition xsi:type="v1:likePredType">
                <v1:Arg xsi:type="v1:columnReferenceType" Table="p" Name="name"/>
                <v1:Pattern>
                    <v1:Literal xsi:type="v1:stringType" Value="%son"/>
                </v1:Pattern>
            </v1:Condition>
        </v1:Condition>
    </v1:Where>
</v1:Select>
------------------------------------------------
Compiling MAInnerJoinWithJoinCondition.adqls
------------------------------------------------
== From: ===>
select * from arc1.foo as f inner join arc2.bar as b on f.y >= b.x ;

Compilation suceeded...
==== To: ===>
<v1:Select xmlns:v1="http://www.ivoa.net/xml/ADQL/v1.0">
    <v1:SelectionList>
        <v1:Item xsi:type="v1:allSelectionItemType" xmlns:xsi="http://www.w3.org/2001/XMLSchema-instance"/>
    </v1:SelectionList>
    <v1:From>
        <v1:Table xsi:type="v1:joinTableType" xmlns:xsi="http://www.w3.org/2001/XMLSchema-instance">
            <v1:Qualifier>INNER</v1:Qualifier>
            <v1:Tables>
                <v1:fromTableType xsi:type="v1:tableType" Archive="arc1" Name="foo" Alias="f"/>
                <v1:fromTableType xsi:type="v1:tableType" Archive="arc2" Name="bar" Alias="b"/>
            </v1:Tables>
            <v1:Condition Comparison=">=">
                <v1:Arg xsi:type="v1:columnReferenceType" Table="f" Name="y"/>
                <v1:Arg xsi:type="v1:columnReferenceType" Table="b" Name="x"/>
            </v1:Condition>
        </v1:Table>
    </v1:From>
</v1:Select>
------------------------------------------------
Compiling MALeftOuterJoinWithJoinCondition.adqls
------------------------------------------------
== From: ===>
select * from arc1.tab1 as t1 left outer join arc2.tab2 as t2 on t1.a=t2.a where t1.a = 27 ;

Compilation suceeded...
==== To: ===>
<v1:Select xmlns:v1="http://www.ivoa.net/xml/ADQL/v1.0">
    <v1:SelectionList>
        <v1:Item xsi:type="v1:allSelectionItemType" xmlns:xsi="http://www.w3.org/2001/XMLSchema-instance"/>
    </v1:SelectionList>
    <v1:From>
        <v1:Table xsi:type="v1:joinTableType" xmlns:xsi="http://www.w3.org/2001/XMLSchema-instance">
            <v1:Qualifier>LEFT_OUTER</v1:Qualifier>
            <v1:Tables>
                <v1:fromTableType xsi:type="v1:tableType" Archive="arc1" Name="tab1" Alias="t1"/>
                <v1:fromTableType xsi:type="v1:tableType" Archive="arc2" Name="tab2" Alias="t2"/>
            </v1:Tables>
            <v1:Condition Comparison="=">
                <v1:Arg xsi:type="v1:columnReferenceType" Table="t1" Name="a"/>
                <v1:Arg xsi:type="v1:columnReferenceType" Table="t2" Name="a"/>
            </v1:Condition>
        </v1:Table>
    </v1:From>
    <v1:Where>
        <v1:Condition xsi:type="v1:comparisonPredType" Comparison="=" xmlns:xsi="http://www.w3.org/2001/XMLSchema-instance">
            <v1:Arg xsi:type="v1:columnReferenceType" Table="t1" Name="a"/>
            <v1:Arg xsi:type="v1:atomType">
                <v1:Literal Value="27" xsi:type="v1:integerType"/>
            </v1:Arg>
        </v1:Condition>
    </v1:Where>
</v1:Select>
------------------------------------------------
Compiling MAThreeWayJoin.adqls
------------------------------------------------
== From: ===>
SELECT las.sourceID, las.ra, las."dec", fsc.seqNo, fsc.ra, fsc."dec"
FROM cat1.lasSource AS las, cat2.rosat_fsc AS fsc, cat3.lasSourceXrosat_fsc AS x
WHERE x.masterObjID=las.sourceID AND x.slaveObjID=fsc.seqNo AND 
x.distanceMins<0.1

Compilation suceeded...
==== To: ===>
<v1:Select xmlns:v1="http://www.ivoa.net/xml/ADQL/v1.0">
    <v1:SelectionList>
        <v1:Item xsi:type="v1:columnReferenceType" Table="las" Name="sourceID" xmlns:xsi="http://www.w3.org/2001/XMLSchema-instance"/>
        <v1:Item xsi:type="v1:columnReferenceType" Table="las" Name="ra" xmlns:xsi="http://www.w3.org/2001/XMLSchema-instance"/>
        <v1:Item xsi:type="v1:columnReferenceType" Table="las" Name="dec" xmlns:xsi="http://www.w3.org/2001/XMLSchema-instance"/>
        <v1:Item xsi:type="v1:columnReferenceType" Table="fsc" Name="seqNo" xmlns:xsi="http://www.w3.org/2001/XMLSchema-instance"/>
        <v1:Item xsi:type="v1:columnReferenceType" Table="fsc" Name="ra" xmlns:xsi="http://www.w3.org/2001/XMLSchema-instance"/>
        <v1:Item xsi:type="v1:columnReferenceType" Table="fsc" Name="dec" xmlns:xsi="http://www.w3.org/2001/XMLSchema-instance"/>
    </v1:SelectionList>
    <v1:From>
        <v1:Table xsi:type="v1:tableType" Archive="cat1" Name="lasSource" Alias="las" xmlns:xsi="http://www.w3.org/2001/XMLSchema-instance"/>
        <v1:Table xsi:type="v1:tableType" Archive="cat2" Name="rosat_fsc" Alias="fsc" xmlns:xsi="http://www.w3.org/2001/XMLSchema-instance"/>
        <v1:Table xsi:type="v1:tableType" Archive="cat3" Name="lasSourceXrosat_fsc" Alias="x" xmlns:xsi="http://www.w3.org/2001/XMLSchema-instance"/>
    </v1:From>
    <v1:Where>
        <v1:Condition xsi:type="v1:intersectionSearchType" xmlns:xsi="http://www.w3.org/2001/XMLSchema-instance">
            <v1:Condition xsi:type="v1:comparisonPredType" Comparison="=">
                <v1:Arg xsi:type="v1:columnReferenceType" Table="x" Name="masterObjID"/>
                <v1:Arg xsi:type="v1:columnReferenceType" Table="las" Name="sourceID"/>
            </v1:Condition>
            <v1:Condition xsi:type="v1:intersectionSearchType">
                <v1:Condition xsi:type="v1:comparisonPredType" Comparison="=">
                    <v1:Arg xsi:type="v1:columnReferenceType" Table="x" Name="slaveObjID"/>
                    <v1:Arg xsi:type="v1:columnReferenceType" Table="fsc" Name="seqNo"/>
                </v1:Condition>
                <v1:Condition xsi:type="v1:comparisonPredType" Comparison="&lt;">
                    <v1:Arg xsi:type="v1:columnReferenceType" Table="x" Name="distanceMins"/>
                    <v1:Arg xsi:type="v1:atomType">
                        <v1:Literal Value="0.1" xsi:type="v1:realType"/>
                    </v1:Arg>
                </v1:Condition>
            </v1:Condition>
        </v1:Condition>
    </v1:Where>
</v1:Select>
------------------------------------------------
Compiling MAThreeWayJoinNonAliased.adqls
------------------------------------------------
== From: ===>
SELECT cat1.lasSource.sourceID, 
       cat1.lasSource.ra, 
       cat1.lasSource."dec", 
       cat2.rosat_fsc.seqNo, 
       cat2.rosat_fsc.ra, 
       cat2.rosat_fsc."dec"
FROM cat1.lasSource, cat2.rosat_fsc, cat3.lasSourceXrosat_fsc
WHERE cat3.lasSourceXrosat_fsc.masterObjID=cat1.lasSource.sourceID 
  AND cat3.lasSourceXrosat_fsc.slaveObjID=cat2.rosat_fsc.seqNo 
  AND cat3.lasSourceXrosat_fsc.distanceMins<0.1

Compilation suceeded...
==== To: ===>
<v1:Select xmlns:v1="http://www.ivoa.net/xml/ADQL/v1.0">
    <v1:SelectionList>
        <v1:Item xsi:type="v1:columnReferenceType" Archive="cat1" Table="lasSource" Name="sourceID" xmlns:xsi="http://www.w3.org/2001/XMLSchema-instance"/>
        <v1:Item xsi:type="v1:columnReferenceType" Archive="cat1" Table="lasSource" Name="ra" xmlns:xsi="http://www.w3.org/2001/XMLSchema-instance"/>
        <v1:Item xsi:type="v1:columnReferenceType" Archive="cat1" Table="lasSource" Name="dec" xmlns:xsi="http://www.w3.org/2001/XMLSchema-instance"/>
        <v1:Item xsi:type="v1:columnReferenceType" Archive="cat2" Table="rosat_fsc" Name="seqNo" xmlns:xsi="http://www.w3.org/2001/XMLSchema-instance"/>
        <v1:Item xsi:type="v1:columnReferenceType" Archive="cat2" Table="rosat_fsc" Name="ra" xmlns:xsi="http://www.w3.org/2001/XMLSchema-instance"/>
        <v1:Item xsi:type="v1:columnReferenceType" Archive="cat2" Table="rosat_fsc" Name="dec" xmlns:xsi="http://www.w3.org/2001/XMLSchema-instance"/>
    </v1:SelectionList>
    <v1:From>
        <v1:Table xsi:type="v1:tableType" Archive="cat1" Name="lasSource" xmlns:xsi="http://www.w3.org/2001/XMLSchema-instance"/>
        <v1:Table xsi:type="v1:tableType" Archive="cat2" Name="rosat_fsc" xmlns:xsi="http://www.w3.org/2001/XMLSchema-instance"/>
        <v1:Table xsi:type="v1:tableType" Archive="cat3" Name="lasSourceXrosat_fsc" xmlns:xsi="http://www.w3.org/2001/XMLSchema-instance"/>
    </v1:From>
    <v1:Where>
        <v1:Condition xsi:type="v1:intersectionSearchType" xmlns:xsi="http://www.w3.org/2001/XMLSchema-instance">
            <v1:Condition xsi:type="v1:comparisonPredType" Comparison="=">
                <v1:Arg xsi:type="v1:columnReferenceType" Archive="cat3" Table="lasSourceXrosat_fsc" Name="masterObjID"/>
                <v1:Arg xsi:type="v1:columnReferenceType" Archive="cat1" Table="lasSource" Name="sourceID"/>
            </v1:Condition>
            <v1:Condition xsi:type="v1:intersectionSearchType">
                <v1:Condition xsi:type="v1:comparisonPredType" Comparison="=">
                    <v1:Arg xsi:type="v1:columnReferenceType" Archive="cat3" Table="lasSourceXrosat_fsc" Name="slaveObjID"/>
                    <v1:Arg xsi:type="v1:columnReferenceType" Archive="cat2" Table="rosat_fsc" Name="seqNo"/>
                </v1:Condition>
                <v1:Condition xsi:type="v1:comparisonPredType" Comparison="&lt;">
                    <v1:Arg xsi:type="v1:columnReferenceType" Archive="cat3" Table="lasSourceXrosat_fsc" Name="distanceMins"/>
                    <v1:Arg xsi:type="v1:atomType">
                        <v1:Literal Value="0.1" xsi:type="v1:realType"/>
                    </v1:Arg>
                </v1:Condition>
            </v1:Condition>
        </v1:Condition>
    </v1:Where>
</v1:Select>
------------------------------------------------
Compiling naiveConeSearch.adqls
------------------------------------------------
== From: ===>
SELECT * FROM RASS_PHOTONS as r
WHERE 2 * ASIN( SQRT( SIN( (20-r."DEC")/2 ) 
   * SIN((20-r."DEC")/2) + COS(20) * COS(r."DEC") 
   * SIN((20 - r.RA)/2) * SIN((20 - r.RA)/2 ) ) ) <= 10 ;

Compilation suceeded...
==== To: ===>
<v1:Select xmlns:v1="http://www.ivoa.net/xml/ADQL/v1.0">
    <v1:SelectionList>
        <v1:Item xsi:type="v1:allSelectionItemType" xmlns:xsi="http://www.w3.org/2001/XMLSchema-instance"/>
    </v1:SelectionList>
    <v1:From>
        <v1:Table xsi:type="v1:tableType" Name="RASS_PHOTONS" Alias="r" xmlns:xsi="http://www.w3.org/2001/XMLSchema-instance"/>
    </v1:From>
    <v1:Where>
        <v1:Condition xsi:type="v1:comparisonPredType" Comparison="&lt;=" xmlns:xsi="http://www.w3.org/2001/XMLSchema-instance">
            <v1:Arg xsi:type="v1:binaryExprType" Oper="*">
                <v1:Arg xsi:type="v1:atomType">
                    <v1:Literal Value="2" xsi:type="v1:integerType"/>
                </v1:Arg>
                <v1:Arg xsi:type="v1:trigonometricFunctionType" Name="ASIN">
                    <v1:Arg xsi:type="v1:mathFunctionType" Name="SQRT">
                        <v1:Arg xsi:type="v1:binaryExprType" Oper="+">
                            <v1:Arg xsi:type="v1:binaryExprType" Oper="*">
                                <v1:Arg xsi:type="v1:trigonometricFunctionType" Name="SIN">
                                    <v1:Arg xsi:type="v1:binaryExprType" Oper="/">
                                        <v1:Arg xsi:type="v1:closedExprType">
                                            <v1:Arg xsi:type="v1:binaryExprType" Oper="-">
                                                <v1:Arg xsi:type="v1:atomType">
                                                    <v1:Literal Value="20" xsi:type="v1:integerType"/>
                                                </v1:Arg>
                                                <v1:Arg xsi:type="v1:columnReferenceType" Table="r" Name="DEC"/>
                                            </v1:Arg>
                                        </v1:Arg>
                                        <v1:Arg xsi:type="v1:atomType">
                                            <v1:Literal Value="2" xsi:type="v1:integerType"/>
                                        </v1:Arg>
                                    </v1:Arg>
                                </v1:Arg>
                                <v1:Arg xsi:type="v1:trigonometricFunctionType" Name="SIN">
                                    <v1:Arg xsi:type="v1:binaryExprType" Oper="/">
                                        <v1:Arg xsi:type="v1:closedExprType">
                                            <v1:Arg xsi:type="v1:binaryExprType" Oper="-">
                                                <v1:Arg xsi:type="v1:atomType">
                                                    <v1:Literal Value="20" xsi:type="v1:integerType"/>
                                                </v1:Arg>
                                                <v1:Arg xsi:type="v1:columnReferenceType" Table="r" Name="DEC"/>
                                            </v1:Arg>
                                        </v1:Arg>
                                        <v1:Arg xsi:type="v1:atomType">
                                            <v1:Literal Value="2" xsi:type="v1:integerType"/>
                                        </v1:Arg>
                                    </v1:Arg>
                                </v1:Arg>
                            </v1:Arg>
                            <v1:Arg xsi:type="v1:binaryExprType" Oper="*">
                                <v1:Arg xsi:type="v1:trigonometricFunctionType" Name="COS">
                                    <v1:Arg xsi:type="v1:atomType">
                                        <v1:Literal Value="20" xsi:type="v1:integerType"/>
                                    </v1:Arg>
                                </v1:Arg>
                                <v1:Arg xsi:type="v1:binaryExprType" Oper="*">
                                    <v1:Arg xsi:type="v1:trigonometricFunctionType" Name="COS">
                                        <v1:Arg xsi:type="v1:columnReferenceType" Table="r" Name="DEC"/>
                                    </v1:Arg>
                                    <v1:Arg xsi:type="v1:binaryExprType" Oper="*">
                                        <v1:Arg xsi:type="v1:trigonometricFunctionType" Name="SIN">
                                            <v1:Arg xsi:type="v1:binaryExprType" Oper="/">
                                                <v1:Arg xsi:type="v1:closedExprType">
                                                    <v1:Arg xsi:type="v1:binaryExprType" Oper="-">
                                                        <v1:Arg xsi:type="v1:atomType">
                                                            <v1:Literal Value="20" xsi:type="v1:integerType"/>
                                                        </v1:Arg>
                                                        <v1:Arg xsi:type="v1:columnReferenceType" Table="r" Name="RA"/>
                                                    </v1:Arg>
                                                </v1:Arg>
                                                <v1:Arg xsi:type="v1:atomType">
                                                    <v1:Literal Value="2" xsi:type="v1:integerType"/>
                                                </v1:Arg>
                                            </v1:Arg>
                                        </v1:Arg>
                                        <v1:Arg xsi:type="v1:trigonometricFunctionType" Name="SIN">
                                            <v1:Arg xsi:type="v1:binaryExprType" Oper="/">
                                                <v1:Arg xsi:type="v1:closedExprType">
                                                    <v1:Arg xsi:type="v1:binaryExprType" Oper="-">
                                                        <v1:Arg xsi:type="v1:atomType">
                                                            <v1:Literal Value="20" xsi:type="v1:integerType"/>
                                                        </v1:Arg>
                                                        <v1:Arg xsi:type="v1:columnReferenceType" Table="r" Name="RA"/>
                                                    </v1:Arg>
                                                </v1:Arg>
                                                <v1:Arg xsi:type="v1:atomType">
                                                    <v1:Literal Value="2" xsi:type="v1:integerType"/>
                                                </v1:Arg>
                                            </v1:Arg>
                                        </v1:Arg>
                                    </v1:Arg>
                                </v1:Arg>
                            </v1:Arg>
                        </v1:Arg>
                    </v1:Arg>
                </v1:Arg>
            </v1:Arg>
            <v1:Arg xsi:type="v1:atomType">
                <v1:Literal Value="10" xsi:type="v1:integerType"/>
            </v1:Arg>
        </v1:Condition>
    </v1:Where>
</v1:Select>
------------------------------------------------
Compiling notLikeWithBracket.adqls
------------------------------------------------
== From: ===>
SElect * from people p where ( p.name not like '%son' ) ;

Compilation suceeded...
==== To: ===>
<v1:Select xmlns:v1="http://www.ivoa.net/xml/ADQL/v1.0">
    <v1:SelectionList>
        <v1:Item xsi:type="v1:allSelectionItemType" xmlns:xsi="http://www.w3.org/2001/XMLSchema-instance"/>
    </v1:SelectionList>
    <v1:From>
        <v1:Table xsi:type="v1:tableType" Name="people" Alias="p" xmlns:xsi="http://www.w3.org/2001/XMLSchema-instance"/>
    </v1:From>
    <v1:Where>
        <v1:Condition xsi:type="v1:closedSearchType" xmlns:xsi="http://www.w3.org/2001/XMLSchema-instance">
            <v1:Condition xsi:type="v1:notLikePredType">
                <v1:Arg xsi:type="v1:columnReferenceType" Table="p" Name="name"/>
                <v1:Pattern>
                    <v1:Literal xsi:type="v1:stringType" Value="%son"/>
                </v1:Pattern>
            </v1:Condition>
        </v1:Condition>
    </v1:Where>
</v1:Select>
------------------------------------------------
Compiling notLikeWithoutBracket.adqls
------------------------------------------------
== From: ===>
SElect * from people p where p.name not like '%son' ;

Compilation suceeded...
==== To: ===>
<v1:Select xmlns:v1="http://www.ivoa.net/xml/ADQL/v1.0">
    <v1:SelectionList>
        <v1:Item xsi:type="v1:allSelectionItemType" xmlns:xsi="http://www.w3.org/2001/XMLSchema-instance"/>
    </v1:SelectionList>
    <v1:From>
        <v1:Table xsi:type="v1:tableType" Name="people" Alias="p" xmlns:xsi="http://www.w3.org/2001/XMLSchema-instance"/>
    </v1:From>
    <v1:Where>
        <v1:Condition xsi:type="v1:notLikePredType" xmlns:xsi="http://www.w3.org/2001/XMLSchema-instance">
            <v1:Arg xsi:type="v1:columnReferenceType" Table="p" Name="name"/>
            <v1:Pattern>
                <v1:Literal xsi:type="v1:stringType" Value="%son"/>
            </v1:Pattern>
        </v1:Condition>
    </v1:Where>
</v1:Select>
------------------------------------------------
Compiling notInPredicateWithConstantStringList.adqls
------------------------------------------------
== From: ===>
select * from personnel p where p.city_name not in ( 'New York', 'Chicago', 'Atlanta', 'Austin' ) ;

Compilation suceeded...
==== To: ===>
<v1:Select xmlns:v1="http://www.ivoa.net/xml/ADQL/v1.0">
    <v1:SelectionList>
        <v1:Item xsi:type="v1:allSelectionItemType" xmlns:xsi="http://www.w3.org/2001/XMLSchema-instance"/>
    </v1:SelectionList>
    <v1:From>
        <v1:Table xsi:type="v1:tableType" Name="personnel" Alias="p" xmlns:xsi="http://www.w3.org/2001/XMLSchema-instance"/>
    </v1:From>
    <v1:Where>
        <v1:Condition xsi:type="v1:exclusiveSearchType" xmlns:xsi="http://www.w3.org/2001/XMLSchema-instance">
            <v1:Expression xsi:type="v1:columnReferenceType" Table="p" Name="city_name"/>
            <v1:Set xsi:type="v1:ConstantListSet">
                <v1:Item xsi:type="v1:stringType" Value="New York"/>
                <v1:Item xsi:type="v1:stringType" Value="Chicago"/>
                <v1:Item xsi:type="v1:stringType" Value="Atlanta"/>
                <v1:Item xsi:type="v1:stringType" Value="Austin"/>
            </v1:Set>
        </v1:Condition>
    </v1:Where>
</v1:Select>
------------------------------------------------
Compiling notInPredicateWithSubQuery.adqls
------------------------------------------------
== From: ===>
select * from personnel p where p.city_name not in ( select c.city_name from cities as c where c.state = 'NY' ) ;

Compilation suceeded...
==== To: ===>
<v1:Select xmlns:v1="http://www.ivoa.net/xml/ADQL/v1.0">
    <v1:SelectionList>
        <v1:Item xsi:type="v1:allSelectionItemType" xmlns:xsi="http://www.w3.org/2001/XMLSchema-instance"/>
    </v1:SelectionList>
    <v1:From>
        <v1:Table xsi:type="v1:tableType" Name="personnel" Alias="p" xmlns:xsi="http://www.w3.org/2001/XMLSchema-instance"/>
    </v1:From>
    <v1:Where>
        <v1:Condition xsi:type="v1:exclusiveSearchType" xmlns:xsi="http://www.w3.org/2001/XMLSchema-instance">
            <v1:Expression xsi:type="v1:columnReferenceType" Table="p" Name="city_name"/>
            <v1:Set xsi:type="v1:subQuerySet">
                <v1:selection>
                    <v1:SelectionList>
                        <v1:Item xsi:type="v1:columnReferenceType" Table="c" Name="city_name"/>
                    </v1:SelectionList>
                    <v1:From>
                        <v1:Table xsi:type="v1:tableType" Name="cities" Alias="c"/>
                    </v1:From>
                    <v1:Where>
                        <v1:Condition xsi:type="v1:comparisonPredType" Comparison="=">
                            <v1:Arg xsi:type="v1:columnReferenceType" Table="c" Name="state"/>
                            <v1:Arg xsi:type="v1:atomType">
                                <v1:Literal xsi:type="v1:stringType" Value="NY"/>
                            </v1:Arg>
                        </v1:Condition>
                    </v1:Where>
                </v1:selection>
            </v1:Set>
        </v1:Condition>
    </v1:Where>
</v1:Select>
------------------------------------------------
Compiling regularIdentifier.adqls
------------------------------------------------
== From: ===>
select top 100  * from Catalogue_$One2Three as a ;

Compilation suceeded...
==== To: ===>
<v1:Select xmlns:v1="http://www.ivoa.net/xml/ADQL/v1.0">
    <v1:Restrict Top="100"/>
    <v1:SelectionList>
        <v1:Item xsi:type="v1:allSelectionItemType" xmlns:xsi="http://www.w3.org/2001/XMLSchema-instance"/>
    </v1:SelectionList>
    <v1:From>
        <v1:Table xsi:type="v1:tableType" Name="Catalogue_$One2Three" Alias="a" xmlns:xsi="http://www.w3.org/2001/XMLSchema-instance"/>
    </v1:From>
</v1:Select>
------------------------------------------------
Compiling SDSSBasicSelectFromWhere.adqls
------------------------------------------------
== From: ===>
-- Returns 5261 objects in DR2 (5278 in DR1) in a few sec.

-- Find objects in a particular field.
-- A basic SELECT - FROM - WHERE query.

SELECT p.objID,                     -- Get the unique object ID,
    p.field, p.ra, p."dec" 	        -- the field number, and coordinates
FROM PhotoObj as p 	                -- From the photometric data
WHERE p.run=1336 and p.field = 11   -- that matches our criteria
;


Compilation suceeded...
==== To: ===>
<!--+ Returns 5261 objects in DR2 (5278 in DR1) in a few sec.

 Find objects in a particular field.
 A basic SELECT - FROM - WHERE query.
+-->
<v1:Select xmlns:v1="http://www.ivoa.net/xml/ADQL/v1.0">
    <v1:SelectionList>
        <v1:Item xsi:type="v1:columnReferenceType" Table="p" Name="objID" xmlns:xsi="http://www.w3.org/2001/XMLSchema-instance"/>
        <!--+                      Get the unique object ID,
+-->
        <v1:Item xsi:type="v1:columnReferenceType" Table="p" Name="field" xmlns:xsi="http://www.w3.org/2001/XMLSchema-instance"/>
        <v1:Item xsi:type="v1:columnReferenceType" Table="p" Name="ra" xmlns:xsi="http://www.w3.org/2001/XMLSchema-instance"/>
        <v1:Item xsi:type="v1:columnReferenceType" Table="p" Name="dec" xmlns:xsi="http://www.w3.org/2001/XMLSchema-instance"/>
    </v1:SelectionList>
    <!--+ 	         the field number, and coordinates
+-->
    <v1:From>
        <v1:Table xsi:type="v1:tableType" Name="PhotoObj" Alias="p" xmlns:xsi="http://www.w3.org/2001/XMLSchema-instance"/>
    </v1:From>
    <!--+ 	                 From the photometric data
+-->
    <v1:Where>
        <v1:Condition xsi:type="v1:intersectionSearchType" xmlns:xsi="http://www.w3.org/2001/XMLSchema-instance">
            <v1:Condition xsi:type="v1:comparisonPredType" Comparison="=">
                <v1:Arg xsi:type="v1:columnReferenceType" Table="p" Name="run"/>
                <v1:Arg xsi:type="v1:atomType">
                    <v1:Literal Value="1336" xsi:type="v1:integerType"/>
                </v1:Arg>
            </v1:Condition>
            <v1:Condition xsi:type="v1:comparisonPredType" Comparison="=">
                <v1:Arg xsi:type="v1:columnReferenceType" Table="p" Name="field"/>
                <v1:Arg xsi:type="v1:atomType">
                    <v1:Literal Value="11" xsi:type="v1:integerType"/>
                </v1:Arg>
            </v1:Condition>
        </v1:Condition>
    </v1:Where>
</v1:Select>
<!--+    that matches our criteria
+-->
------------------------------------------------
Compiling SDSSGalaxiesWithTwoCriteria.adqls
------------------------------------------------
== From: ===>
-- Returns 1000 objects in a few sec.

-- Find all galaxies brighter than r magnitude 22, where the local
-- extinction is > 0.175. This is a simple query that uses a WHERE clause,
-- but now two conditions that must be met simultaneously. However, this
-- query returns a lot of galaxies (29 Million in DR2!), so it will take a
-- long time to get the results back. The sample therefore includes a
-- "TOP 1000" restriction to make it run quickly.
-- This query also introduces the Galaxy view, which contains the
-- photometric parameters (no redshifts or spectra) for unresolved objects.

SELECT TOP 1000 g.objID
FROM Galaxy g
WHERE
    g.r < 22 	                -- r IS NOT deredenned
    and g.extinction_r > 0.175 	-- extinction more than 0.175 
;

Compilation suceeded...
==== To: ===>
<!--+ Returns 1000 objects in a few sec.

 Find all galaxies brighter than r magnitude 22, where the local
 extinction is > 0.175. This is a simple query that uses a WHERE clause,
 but now two conditions that must be met simultaneously. However, this
 query returns a lot of galaxies (29 Million in DR2!), so it will take a
 long time to get the results back. The sample therefore includes a
 "TOP 1000" restriction to make it run quickly.
 This query also introduces the Galaxy view, which contains the
 photometric parameters (no redshifts or spectra) for unresolved objects.
+-->
<v1:Select xmlns:v1="http://www.ivoa.net/xml/ADQL/v1.0">
    <v1:Restrict Top="1000"/>
    <v1:SelectionList>
        <v1:Item xsi:type="v1:columnReferenceType" Table="g" Name="objID" xmlns:xsi="http://www.w3.org/2001/XMLSchema-instance"/>
    </v1:SelectionList>
    <v1:From>
        <v1:Table xsi:type="v1:tableType" Name="Galaxy" Alias="g" xmlns:xsi="http://www.w3.org/2001/XMLSchema-instance"/>
    </v1:From>
    <v1:Where>
        <v1:Condition xsi:type="v1:intersectionSearchType" xmlns:xsi="http://www.w3.org/2001/XMLSchema-instance">
            <v1:Condition xsi:type="v1:comparisonPredType" Comparison="&lt;">
                <v1:Arg xsi:type="v1:columnReferenceType" Table="g" Name="r"/>
                <v1:Arg xsi:type="v1:atomType">
                    <v1:Literal Value="22" xsi:type="v1:integerType"/>
                </v1:Arg>
            </v1:Condition>
            <v1:Condition xsi:type="v1:comparisonPredType" Comparison=">">
                <v1:Arg xsi:type="v1:columnReferenceType" Table="g" Name="extinction_r"/>
                <v1:Arg xsi:type="v1:atomType">
                    <v1:Literal Value="0.175" xsi:type="v1:realType"/>
                </v1:Arg>
            </v1:Condition>
        </v1:Condition>
    </v1:Where>
</v1:Select>
<!--+ 	 extinction more than 0.175 
+-->
------------------------------------------------
Compiling SDSSGalaxiesWithMultipleCriteria.adqls
------------------------------------------------
== From: ===>
-- Find all galaxies with blue surface brightness between 23 and 25
-- mag per square arcseconds, and -10 < supergalactic latitude (sgb) < 10, and
-- declination less than zero. Currently, we have to live with ra/dec until we
-- get galactic coordinates. To calculate surface brightness per sq. arcsec,
-- we use (g + rho), where g is the blue magnitude, and rho= 5*log(r). This
-- query now has three requirements, one involving simple math.

SELECT gl.objID
FROM Galaxy as gl
WHERE 
   (gl.ra between 250 and 270)
   and 
   (gl."dec" > 50) 
   and 
   (gl.g + gl.gho between 23 and 25) ;

Compilation suceeded...
==== To: ===>
<!--+ Find all galaxies with blue surface brightness between 23 and 25
 mag per square arcseconds, and -10 < supergalactic latitude (sgb) < 10, and
 declination less than zero. Currently, we have to live with ra/dec until we
 get galactic coordinates. To calculate surface brightness per sq. arcsec,
 we use (g + rho), where g is the blue magnitude, and rho= 5*log(r). This
 query now has three requirements, one involving simple math.
+-->
<v1:Select xmlns:v1="http://www.ivoa.net/xml/ADQL/v1.0">
    <v1:SelectionList>
        <v1:Item xsi:type="v1:columnReferenceType" Table="gl" Name="objID" xmlns:xsi="http://www.w3.org/2001/XMLSchema-instance"/>
    </v1:SelectionList>
    <v1:From>
        <v1:Table xsi:type="v1:tableType" Name="Galaxy" Alias="gl" xmlns:xsi="http://www.w3.org/2001/XMLSchema-instance"/>
    </v1:From>
    <v1:Where>
        <v1:Condition xsi:type="v1:intersectionSearchType" xmlns:xsi="http://www.w3.org/2001/XMLSchema-instance">
            <v1:Condition xsi:type="v1:closedSearchType">
                <v1:Condition xsi:type="v1:betweenPredType">
                    <v1:Arg xsi:type="v1:columnReferenceType" Table="gl" Name="ra"/>
                    <v1:Arg xsi:type="v1:atomType">
                        <v1:Literal Value="250" xsi:type="v1:integerType"/>
                    </v1:Arg>
                    <v1:Arg xsi:type="v1:atomType">
                        <v1:Literal Value="270" xsi:type="v1:integerType"/>
                    </v1:Arg>
                </v1:Condition>
            </v1:Condition>
            <v1:Condition xsi:type="v1:intersectionSearchType">
                <v1:Condition xsi:type="v1:closedSearchType">
                    <v1:Condition xsi:type="v1:comparisonPredType" Comparison=">">
                        <v1:Arg xsi:type="v1:columnReferenceType" Table="gl" Name="dec"/>
                        <v1:Arg xsi:type="v1:atomType">
                            <v1:Literal Value="50" xsi:type="v1:integerType"/>
                        </v1:Arg>
                    </v1:Condition>
                </v1:Condition>
                <v1:Condition xsi:type="v1:closedSearchType">
                    <v1:Condition xsi:type="v1:betweenPredType">
                        <v1:Arg xsi:type="v1:binaryExprType" Oper="+">
                            <v1:Arg xsi:type="v1:columnReferenceType" Table="gl" Name="g"/>
                            <v1:Arg xsi:type="v1:columnReferenceType" Table="gl" Name="gho"/>
                        </v1:Arg>
                        <v1:Arg xsi:type="v1:atomType">
                            <v1:Literal Value="23" xsi:type="v1:integerType"/>
                        </v1:Arg>
                        <v1:Arg xsi:type="v1:atomType">
                            <v1:Literal Value="25" xsi:type="v1:integerType"/>
                        </v1:Arg>
                    </v1:Condition>
                </v1:Condition>
            </v1:Condition>
        </v1:Condition>
    </v1:Where>
</v1:Select>
------------------------------------------------
Compiling SDSSSpatialUnitVectors.adqls
------------------------------------------------
== From: ===>
-- Find galaxies in a given area of the sky, using a coordinate cut
-- in the unit vector cx,cy,cz that corresponds to RA beteen 40 and 100.
-- Another simple query that uses math in the WHERE clause.

SELECT glx.colc_g, glx.colc_r
FROM Galaxy as glx
WHERE (-0.642788 * glx.cx + 0.766044 * glx.cy>=0)
    and (-0.984808 * glx.cx - 0.173648 * glx.cy <0) ;

Compilation suceeded...
==== To: ===>
<!--+ Find galaxies in a given area of the sky, using a coordinate cut
 in the unit vector cx,cy,cz that corresponds to RA beteen 40 and 100.
 Another simple query that uses math in the WHERE clause.
+-->
<v1:Select xmlns:v1="http://www.ivoa.net/xml/ADQL/v1.0">
    <v1:SelectionList>
        <v1:Item xsi:type="v1:columnReferenceType" Table="glx" Name="colc_g" xmlns:xsi="http://www.w3.org/2001/XMLSchema-instance"/>
        <v1:Item xsi:type="v1:columnReferenceType" Table="glx" Name="colc_r" xmlns:xsi="http://www.w3.org/2001/XMLSchema-instance"/>
    </v1:SelectionList>
    <v1:From>
        <v1:Table xsi:type="v1:tableType" Name="Galaxy" Alias="glx" xmlns:xsi="http://www.w3.org/2001/XMLSchema-instance"/>
    </v1:From>
    <v1:Where>
        <v1:Condition xsi:type="v1:intersectionSearchType" xmlns:xsi="http://www.w3.org/2001/XMLSchema-instance">
            <v1:Condition xsi:type="v1:closedSearchType">
                <v1:Condition xsi:type="v1:comparisonPredType" Comparison=">=">
                    <v1:Arg xsi:type="v1:binaryExprType" Oper="+">
                        <v1:Arg xsi:type="v1:binaryExprType" Oper="*">
                            <v1:Arg xsi:type="v1:unaryExprType" Oper="-">
                                <v1:Arg xsi:type="v1:atomType">
                                    <v1:Literal Value="0.642788" xsi:type="v1:realType"/>
                                </v1:Arg>
                            </v1:Arg>
                            <v1:Arg xsi:type="v1:columnReferenceType" Table="glx" Name="cx"/>
                        </v1:Arg>
                        <v1:Arg xsi:type="v1:binaryExprType" Oper="*">
                            <v1:Arg xsi:type="v1:atomType">
                                <v1:Literal Value="0.766044" xsi:type="v1:realType"/>
                            </v1:Arg>
                            <v1:Arg xsi:type="v1:columnReferenceType" Table="glx" Name="cy"/>
                        </v1:Arg>
                    </v1:Arg>
                    <v1:Arg xsi:type="v1:atomType">
                        <v1:Literal Value="0" xsi:type="v1:integerType"/>
                    </v1:Arg>
                </v1:Condition>
            </v1:Condition>
            <v1:Condition xsi:type="v1:closedSearchType">
                <v1:Condition xsi:type="v1:comparisonPredType" Comparison="&lt;">
                    <v1:Arg xsi:type="v1:binaryExprType" Oper="-">
                        <v1:Arg xsi:type="v1:binaryExprType" Oper="*">
                            <v1:Arg xsi:type="v1:unaryExprType" Oper="-">
                                <v1:Arg xsi:type="v1:atomType">
                                    <v1:Literal Value="0.984808" xsi:type="v1:realType"/>
                                </v1:Arg>
                            </v1:Arg>
                            <v1:Arg xsi:type="v1:columnReferenceType" Table="glx" Name="cx"/>
                        </v1:Arg>
                        <v1:Arg xsi:type="v1:binaryExprType" Oper="*">
                            <v1:Arg xsi:type="v1:atomType">
                                <v1:Literal Value="0.173648" xsi:type="v1:realType"/>
                            </v1:Arg>
                            <v1:Arg xsi:type="v1:columnReferenceType" Table="glx" Name="cy"/>
                        </v1:Arg>
                    </v1:Arg>
                    <v1:Arg xsi:type="v1:atomType">
                        <v1:Literal Value="0" xsi:type="v1:integerType"/>
                    </v1:Arg>
                </v1:Condition>
            </v1:Condition>
        </v1:Condition>
    </v1:Where>
</v1:Select>
------------------------------------------------
Compiling SDSSCataclysmicVariablesUsingColors.adqls
------------------------------------------------
== From: ===>
-- Search for Cataclysmic Variables and pre-CVs with White Dwarfs and
-- very late secondaries. Just uses some simple color cuts from Paula Szkody.
-- Another simple query that uses math in the WHERE clause

SELECT p.run,
    p.camCol, 
    p.rerun, 
    p.field, 
    p.objID, 
    p.u, p.g, p.r, p.i, p.z, 
    p.ra, p."dec"             -- Just get some basic quantities
FROM PhotoPrimary as p        -- From all primary detections, regardless of class
WHERE p.u - p.g < 0.4
    and p.g - p.r < 0.7 
    and p.r - p.i > 0.4 
    and p.i - p.z > 0.4       -- that meet the color criteria
    ;

Compilation suceeded...
==== To: ===>
<!--+ Search for Cataclysmic Variables and pre-CVs with White Dwarfs and
 very late secondaries. Just uses some simple color cuts from Paula Szkody.
 Another simple query that uses math in the WHERE clause
+-->
<v1:Select xmlns:v1="http://www.ivoa.net/xml/ADQL/v1.0">
    <v1:SelectionList>
        <v1:Item xsi:type="v1:columnReferenceType" Table="p" Name="run" xmlns:xsi="http://www.w3.org/2001/XMLSchema-instance"/>
        <v1:Item xsi:type="v1:columnReferenceType" Table="p" Name="camCol" xmlns:xsi="http://www.w3.org/2001/XMLSchema-instance"/>
        <v1:Item xsi:type="v1:columnReferenceType" Table="p" Name="rerun" xmlns:xsi="http://www.w3.org/2001/XMLSchema-instance"/>
        <v1:Item xsi:type="v1:columnReferenceType" Table="p" Name="field" xmlns:xsi="http://www.w3.org/2001/XMLSchema-instance"/>
        <v1:Item xsi:type="v1:columnReferenceType" Table="p" Name="objID" xmlns:xsi="http://www.w3.org/2001/XMLSchema-instance"/>
        <v1:Item xsi:type="v1:columnReferenceType" Table="p" Name="u" xmlns:xsi="http://www.w3.org/2001/XMLSchema-instance"/>
        <v1:Item xsi:type="v1:columnReferenceType" Table="p" Name="g" xmlns:xsi="http://www.w3.org/2001/XMLSchema-instance"/>
        <v1:Item xsi:type="v1:columnReferenceType" Table="p" Name="r" xmlns:xsi="http://www.w3.org/2001/XMLSchema-instance"/>
        <v1:Item xsi:type="v1:columnReferenceType" Table="p" Name="i" xmlns:xsi="http://www.w3.org/2001/XMLSchema-instance"/>
        <v1:Item xsi:type="v1:columnReferenceType" Table="p" Name="z" xmlns:xsi="http://www.w3.org/2001/XMLSchema-instance"/>
        <v1:Item xsi:type="v1:columnReferenceType" Table="p" Name="ra" xmlns:xsi="http://www.w3.org/2001/XMLSchema-instance"/>
        <v1:Item xsi:type="v1:columnReferenceType" Table="p" Name="dec" xmlns:xsi="http://www.w3.org/2001/XMLSchema-instance"/>
    </v1:SelectionList>
    <!--+              Just get some basic quantities
+-->
    <v1:From>
        <v1:Table xsi:type="v1:tableType" Name="PhotoPrimary" Alias="p" xmlns:xsi="http://www.w3.org/2001/XMLSchema-instance"/>
    </v1:From>
    <!--+         From all primary detections, regardless of class
+-->
    <v1:Where>
        <v1:Condition xsi:type="v1:intersectionSearchType" xmlns:xsi="http://www.w3.org/2001/XMLSchema-instance">
            <v1:Condition xsi:type="v1:comparisonPredType" Comparison="&lt;">
                <v1:Arg xsi:type="v1:binaryExprType" Oper="-">
                    <v1:Arg xsi:type="v1:columnReferenceType" Table="p" Name="u"/>
                    <v1:Arg xsi:type="v1:columnReferenceType" Table="p" Name="g"/>
                </v1:Arg>
                <v1:Arg xsi:type="v1:atomType">
                    <v1:Literal Value="0.4" xsi:type="v1:realType"/>
                </v1:Arg>
            </v1:Condition>
            <v1:Condition xsi:type="v1:intersectionSearchType">
                <v1:Condition xsi:type="v1:comparisonPredType" Comparison="&lt;">
                    <v1:Arg xsi:type="v1:binaryExprType" Oper="-">
                        <v1:Arg xsi:type="v1:columnReferenceType" Table="p" Name="g"/>
                        <v1:Arg xsi:type="v1:columnReferenceType" Table="p" Name="r"/>
                    </v1:Arg>
                    <v1:Arg xsi:type="v1:atomType">
                        <v1:Literal Value="0.7" xsi:type="v1:realType"/>
                    </v1:Arg>
                </v1:Condition>
                <v1:Condition xsi:type="v1:intersectionSearchType">
                    <v1:Condition xsi:type="v1:comparisonPredType" Comparison=">">
                        <v1:Arg xsi:type="v1:binaryExprType" Oper="-">
                            <v1:Arg xsi:type="v1:columnReferenceType" Table="p" Name="r"/>
                            <v1:Arg xsi:type="v1:columnReferenceType" Table="p" Name="i"/>
                        </v1:Arg>
                        <v1:Arg xsi:type="v1:atomType">
                            <v1:Literal Value="0.4" xsi:type="v1:realType"/>
                        </v1:Arg>
                    </v1:Condition>
                    <v1:Condition xsi:type="v1:comparisonPredType" Comparison=">">
                        <v1:Arg xsi:type="v1:binaryExprType" Oper="-">
                            <v1:Arg xsi:type="v1:columnReferenceType" Table="p" Name="i"/>
                            <v1:Arg xsi:type="v1:columnReferenceType" Table="p" Name="z"/>
                        </v1:Arg>
                        <v1:Arg xsi:type="v1:atomType">
                            <v1:Literal Value="0.4" xsi:type="v1:realType"/>
                        </v1:Arg>
                    </v1:Condition>
                </v1:Condition>
            </v1:Condition>
        </v1:Condition>
    </v1:Where>
</v1:Select>
<!--+        that meet the color criteria
+-->
------------------------------------------------
Compiling SDSSDataSubSampleWILLFAIL.adqls
------------------------------------------------
== From: ===>
-- Give me the colours of a random 1% sample of objects from all fields
-- which are 'survey quality' so that I could plot up colour-colour diagrams
-- and play around with more sophisticated cuts. From Karl Glazebrook. Uses
-- the HTM spatial index ID to apply the cut against. Replace the last '1' by
-- a different number if you want to sample a different percentage of objects.

-- JEFF Note: Will fail as we currently do no bit manipulation...

SELECT gl.u, gl.g, gl.r, gl.i, gl.z FROM Galaxy as gl
WHERE gl.htmid*37 & 0x000000000000FFFF < (650 * 1) ;
------------------------------------------------
Compiling SDSSLowzQSOsUsingColors.adqls
------------------------------------------------
== From: ===>
-- Low-z QSO candidates using the color cuts from Gordon Richards.
-- Also a simple query with a long WHERE clause.

SELECT
    gal.g, 
    gal.run, 
    gal.rerun, 
    gal.camcol, 
    gal.field, 
    gal.objID 
FROM
    Galaxy as gal 
WHERE ( (gal.g <= 22)
    and (gal.u - gal.g >= -0.27) 
    and (gal.u - gal.g < 0.71) 
    and (gal.g - gal.r >= -0.24) 
    and (gal.g - gal.r < 0.35) 
    and (gal.r - gal.i >= -0.27) 
    and (gal.r - gal.i < 0.57) 
    and (gal.i - gal.z >= -0.35) 
    and (gal.i - gal.z < 0.70) ) ;

Compilation suceeded...
==== To: ===>
<!--+ Low-z QSO candidates using the color cuts from Gordon Richards.
 Also a simple query with a long WHERE clause.
+-->
<v1:Select xmlns:v1="http://www.ivoa.net/xml/ADQL/v1.0">
    <v1:SelectionList>
        <v1:Item xsi:type="v1:columnReferenceType" Table="gal" Name="g" xmlns:xsi="http://www.w3.org/2001/XMLSchema-instance"/>
        <v1:Item xsi:type="v1:columnReferenceType" Table="gal" Name="run" xmlns:xsi="http://www.w3.org/2001/XMLSchema-instance"/>
        <v1:Item xsi:type="v1:columnReferenceType" Table="gal" Name="rerun" xmlns:xsi="http://www.w3.org/2001/XMLSchema-instance"/>
        <v1:Item xsi:type="v1:columnReferenceType" Table="gal" Name="camcol" xmlns:xsi="http://www.w3.org/2001/XMLSchema-instance"/>
        <v1:Item xsi:type="v1:columnReferenceType" Table="gal" Name="field" xmlns:xsi="http://www.w3.org/2001/XMLSchema-instance"/>
        <v1:Item xsi:type="v1:columnReferenceType" Table="gal" Name="objID" xmlns:xsi="http://www.w3.org/2001/XMLSchema-instance"/>
    </v1:SelectionList>
    <v1:From>
        <v1:Table xsi:type="v1:tableType" Name="Galaxy" Alias="gal" xmlns:xsi="http://www.w3.org/2001/XMLSchema-instance"/>
    </v1:From>
    <v1:Where>
        <v1:Condition xsi:type="v1:closedSearchType" xmlns:xsi="http://www.w3.org/2001/XMLSchema-instance">
            <v1:Condition xsi:type="v1:intersectionSearchType">
                <v1:Condition xsi:type="v1:closedSearchType">
                    <v1:Condition xsi:type="v1:comparisonPredType" Comparison="&lt;=">
                        <v1:Arg xsi:type="v1:columnReferenceType" Table="gal" Name="g"/>
                        <v1:Arg xsi:type="v1:atomType">
                            <v1:Literal Value="22" xsi:type="v1:integerType"/>
                        </v1:Arg>
                    </v1:Condition>
                </v1:Condition>
                <v1:Condition xsi:type="v1:intersectionSearchType">
                    <v1:Condition xsi:type="v1:closedSearchType">
                        <v1:Condition xsi:type="v1:comparisonPredType" Comparison=">=">
                            <v1:Arg xsi:type="v1:binaryExprType" Oper="-">
                                <v1:Arg xsi:type="v1:columnReferenceType" Table="gal" Name="u"/>
                                <v1:Arg xsi:type="v1:columnReferenceType" Table="gal" Name="g"/>
                            </v1:Arg>
                            <v1:Arg xsi:type="v1:unaryExprType" Oper="-">
                                <v1:Arg xsi:type="v1:atomType">
                                    <v1:Literal Value="0.27" xsi:type="v1:realType"/>
                                </v1:Arg>
                            </v1:Arg>
                        </v1:Condition>
                    </v1:Condition>
                    <v1:Condition xsi:type="v1:intersectionSearchType">
                        <v1:Condition xsi:type="v1:closedSearchType">
                            <v1:Condition xsi:type="v1:comparisonPredType" Comparison="&lt;">
                                <v1:Arg xsi:type="v1:binaryExprType" Oper="-">
                                    <v1:Arg xsi:type="v1:columnReferenceType" Table="gal" Name="u"/>
                                    <v1:Arg xsi:type="v1:columnReferenceType" Table="gal" Name="g"/>
                                </v1:Arg>
                                <v1:Arg xsi:type="v1:atomType">
                                    <v1:Literal Value="0.71" xsi:type="v1:realType"/>
                                </v1:Arg>
                            </v1:Condition>
                        </v1:Condition>
                        <v1:Condition xsi:type="v1:intersectionSearchType">
                            <v1:Condition xsi:type="v1:closedSearchType">
                                <v1:Condition xsi:type="v1:comparisonPredType" Comparison=">=">
                                    <v1:Arg xsi:type="v1:binaryExprType" Oper="-">
                                        <v1:Arg xsi:type="v1:columnReferenceType" Table="gal" Name="g"/>
                                        <v1:Arg xsi:type="v1:columnReferenceType" Table="gal" Name="r"/>
                                    </v1:Arg>
                                    <v1:Arg xsi:type="v1:unaryExprType" Oper="-">
                                        <v1:Arg xsi:type="v1:atomType">
                                            <v1:Literal Value="0.24" xsi:type="v1:realType"/>
                                        </v1:Arg>
                                    </v1:Arg>
                                </v1:Condition>
                            </v1:Condition>
                            <v1:Condition xsi:type="v1:intersectionSearchType">
                                <v1:Condition xsi:type="v1:closedSearchType">
                                    <v1:Condition xsi:type="v1:comparisonPredType" Comparison="&lt;">
                                        <v1:Arg xsi:type="v1:binaryExprType" Oper="-">
                                            <v1:Arg xsi:type="v1:columnReferenceType" Table="gal" Name="g"/>
                                            <v1:Arg xsi:type="v1:columnReferenceType" Table="gal" Name="r"/>
                                        </v1:Arg>
                                        <v1:Arg xsi:type="v1:atomType">
                                            <v1:Literal Value="0.35" xsi:type="v1:realType"/>
                                        </v1:Arg>
                                    </v1:Condition>
                                </v1:Condition>
                                <v1:Condition xsi:type="v1:intersectionSearchType">
                                    <v1:Condition xsi:type="v1:closedSearchType">
                                        <v1:Condition xsi:type="v1:comparisonPredType" Comparison=">=">
                                            <v1:Arg xsi:type="v1:binaryExprType" Oper="-">
                                                <v1:Arg xsi:type="v1:columnReferenceType" Table="gal" Name="r"/>
                                                <v1:Arg xsi:type="v1:columnReferenceType" Table="gal" Name="i"/>
                                            </v1:Arg>
                                            <v1:Arg xsi:type="v1:unaryExprType" Oper="-">
                                                <v1:Arg xsi:type="v1:atomType">
                                                    <v1:Literal Value="0.27" xsi:type="v1:realType"/>
                                                </v1:Arg>
                                            </v1:Arg>
                                        </v1:Condition>
                                    </v1:Condition>
                                    <v1:Condition xsi:type="v1:intersectionSearchType">
                                        <v1:Condition xsi:type="v1:closedSearchType">
                                            <v1:Condition xsi:type="v1:comparisonPredType" Comparison="&lt;">
                                                <v1:Arg xsi:type="v1:binaryExprType" Oper="-">
                                                    <v1:Arg xsi:type="v1:columnReferenceType" Table="gal" Name="r"/>
                                                    <v1:Arg xsi:type="v1:columnReferenceType" Table="gal" Name="i"/>
                                                </v1:Arg>
                                                <v1:Arg xsi:type="v1:atomType">
                                                    <v1:Literal Value="0.57" xsi:type="v1:realType"/>
                                                </v1:Arg>
                                            </v1:Condition>
                                        </v1:Condition>
                                        <v1:Condition xsi:type="v1:intersectionSearchType">
                                            <v1:Condition xsi:type="v1:closedSearchType">
                                                <v1:Condition xsi:type="v1:comparisonPredType" Comparison=">=">
                                                    <v1:Arg xsi:type="v1:binaryExprType" Oper="-">
                                                        <v1:Arg xsi:type="v1:columnReferenceType" Table="gal" Name="i"/>
                                                        <v1:Arg xsi:type="v1:columnReferenceType" Table="gal" Name="z"/>
                                                    </v1:Arg>
                                                    <v1:Arg xsi:type="v1:unaryExprType" Oper="-">
                                                        <v1:Arg xsi:type="v1:atomType">
                                                            <v1:Literal Value="0.35" xsi:type="v1:realType"/>
                                                        </v1:Arg>
                                                    </v1:Arg>
                                                </v1:Condition>
                                            </v1:Condition>
                                            <v1:Condition xsi:type="v1:closedSearchType">
                                                <v1:Condition xsi:type="v1:comparisonPredType" Comparison="&lt;">
                                                    <v1:Arg xsi:type="v1:binaryExprType" Oper="-">
                                                        <v1:Arg xsi:type="v1:columnReferenceType" Table="gal" Name="i"/>
                                                        <v1:Arg xsi:type="v1:columnReferenceType" Table="gal" Name="z"/>
                                                    </v1:Arg>
                                                    <v1:Arg xsi:type="v1:atomType">
                                                        <v1:Literal Value="0.7" xsi:type="v1:realType"/>
                                                    </v1:Arg>
                                                </v1:Condition>
                                            </v1:Condition>
                                        </v1:Condition>
                                    </v1:Condition>
                                </v1:Condition>
                            </v1:Condition>
                        </v1:Condition>
                    </v1:Condition>
                </v1:Condition>
            </v1:Condition>
        </v1:Condition>
    </v1:Where>
</v1:Select>
------------------------------------------------
Compiling SDSSObjectVelocitiesAndErrors.adqls
------------------------------------------------
== From: ===>
-- Get object velocities and errors. This is also a simple query that uses a WHERE clause.
-- However, we perform a more complex mathematical operation, using 'power' to
-- exponentiate. (From Robert Lupton).

-- NOTE: This query takes a long time to run without the "TOP 1000".

SELECT TOP 1000
    p.run, 
    p.camCol, 
    p.field, 
    p.objID, 
    p.rowC, p.colC, p.rowV, p.colV, p.rowVErr, p.colVErr, 
    p.flags, 
    p.psfMag_u, p.psfMag_g, p.psfMag_r, p.psfMag_i, p.psfMag_z, 
    p.psfMagErr_u, p.psfMagErr_g, p.psfMagErr_r, p.psfMagErr_i, p.psfMagErr_z 
FROM PhotoPrimary as p
WHERE
    -- where the velocities are reliable 
    power(p.rowv, 2) / power(p.rowvErr, 2) + 
    power(p.colv, 2) / power(p.colvErr, 2) > 4 ;

Compilation suceeded...
==== To: ===>
<!--+ Get object velocities and errors. This is also a simple query that uses a WHERE clause.
 However, we perform a more complex mathematical operation, using 'power' to
 exponentiate. (From Robert Lupton).

 NOTE: This query takes a long time to run without the "TOP 1000".
+-->
<v1:Select xmlns:v1="http://www.ivoa.net/xml/ADQL/v1.0">
    <v1:Restrict Top="1000"/>
    <v1:SelectionList>
        <v1:Item xsi:type="v1:columnReferenceType" Table="p" Name="run" xmlns:xsi="http://www.w3.org/2001/XMLSchema-instance"/>
        <v1:Item xsi:type="v1:columnReferenceType" Table="p" Name="camCol" xmlns:xsi="http://www.w3.org/2001/XMLSchema-instance"/>
        <v1:Item xsi:type="v1:columnReferenceType" Table="p" Name="field" xmlns:xsi="http://www.w3.org/2001/XMLSchema-instance"/>
        <v1:Item xsi:type="v1:columnReferenceType" Table="p" Name="objID" xmlns:xsi="http://www.w3.org/2001/XMLSchema-instance"/>
        <v1:Item xsi:type="v1:columnReferenceType" Table="p" Name="rowC" xmlns:xsi="http://www.w3.org/2001/XMLSchema-instance"/>
        <v1:Item xsi:type="v1:columnReferenceType" Table="p" Name="colC" xmlns:xsi="http://www.w3.org/2001/XMLSchema-instance"/>
        <v1:Item xsi:type="v1:columnReferenceType" Table="p" Name="rowV" xmlns:xsi="http://www.w3.org/2001/XMLSchema-instance"/>
        <v1:Item xsi:type="v1:columnReferenceType" Table="p" Name="colV" xmlns:xsi="http://www.w3.org/2001/XMLSchema-instance"/>
        <v1:Item xsi:type="v1:columnReferenceType" Table="p" Name="rowVErr" xmlns:xsi="http://www.w3.org/2001/XMLSchema-instance"/>
        <v1:Item xsi:type="v1:columnReferenceType" Table="p" Name="colVErr" xmlns:xsi="http://www.w3.org/2001/XMLSchema-instance"/>
        <v1:Item xsi:type="v1:columnReferenceType" Table="p" Name="flags" xmlns:xsi="http://www.w3.org/2001/XMLSchema-instance"/>
        <v1:Item xsi:type="v1:columnReferenceType" Table="p" Name="psfMag_u" xmlns:xsi="http://www.w3.org/2001/XMLSchema-instance"/>
        <v1:Item xsi:type="v1:columnReferenceType" Table="p" Name="psfMag_g" xmlns:xsi="http://www.w3.org/2001/XMLSchema-instance"/>
        <v1:Item xsi:type="v1:columnReferenceType" Table="p" Name="psfMag_r" xmlns:xsi="http://www.w3.org/2001/XMLSchema-instance"/>
        <v1:Item xsi:type="v1:columnReferenceType" Table="p" Name="psfMag_i" xmlns:xsi="http://www.w3.org/2001/XMLSchema-instance"/>
        <v1:Item xsi:type="v1:columnReferenceType" Table="p" Name="psfMag_z" xmlns:xsi="http://www.w3.org/2001/XMLSchema-instance"/>
        <v1:Item xsi:type="v1:columnReferenceType" Table="p" Name="psfMagErr_u" xmlns:xsi="http://www.w3.org/2001/XMLSchema-instance"/>
        <v1:Item xsi:type="v1:columnReferenceType" Table="p" Name="psfMagErr_g" xmlns:xsi="http://www.w3.org/2001/XMLSchema-instance"/>
        <v1:Item xsi:type="v1:columnReferenceType" Table="p" Name="psfMagErr_r" xmlns:xsi="http://www.w3.org/2001/XMLSchema-instance"/>
        <v1:Item xsi:type="v1:columnReferenceType" Table="p" Name="psfMagErr_i" xmlns:xsi="http://www.w3.org/2001/XMLSchema-instance"/>
        <v1:Item xsi:type="v1:columnReferenceType" Table="p" Name="psfMagErr_z" xmlns:xsi="http://www.w3.org/2001/XMLSchema-instance"/>
    </v1:SelectionList>
    <v1:From>
        <v1:Table xsi:type="v1:tableType" Name="PhotoPrimary" Alias="p" xmlns:xsi="http://www.w3.org/2001/XMLSchema-instance"/>
    </v1:From>
    <v1:Where>
        <!--+
     where the velocities are reliable 
+-->
        <v1:Condition xsi:type="v1:comparisonPredType" Comparison=">" xmlns:xsi="http://www.w3.org/2001/XMLSchema-instance">
            <v1:Arg xsi:type="v1:binaryExprType" Oper="+">
                <v1:Arg xsi:type="v1:binaryExprType" Oper="/">
                    <v1:Arg xsi:type="v1:mathFunctionType" Name="POWER">
                        <v1:Arg xsi:type="v1:columnReferenceType" Table="p" Name="rowv"/>
                        <v1:Arg xsi:type="v1:atomType">
                            <v1:Literal Value="2" xsi:type="v1:integerType"/>
                        </v1:Arg>
                    </v1:Arg>
                    <v1:Arg xsi:type="v1:mathFunctionType" Name="POWER">
                        <v1:Arg xsi:type="v1:columnReferenceType" Table="p" Name="rowvErr"/>
                        <v1:Arg xsi:type="v1:atomType">
                            <v1:Literal Value="2" xsi:type="v1:integerType"/>
                        </v1:Arg>
                    </v1:Arg>
                </v1:Arg>
                <v1:Arg xsi:type="v1:binaryExprType" Oper="/">
                    <v1:Arg xsi:type="v1:mathFunctionType" Name="POWER">
                        <v1:Arg xsi:type="v1:columnReferenceType" Table="p" Name="colv"/>
                        <v1:Arg xsi:type="v1:atomType">
                            <v1:Literal Value="2" xsi:type="v1:integerType"/>
                        </v1:Arg>
                    </v1:Arg>
                    <v1:Arg xsi:type="v1:mathFunctionType" Name="POWER">
                        <v1:Arg xsi:type="v1:columnReferenceType" Table="p" Name="colvErr"/>
                        <v1:Arg xsi:type="v1:atomType">
                            <v1:Literal Value="2" xsi:type="v1:integerType"/>
                        </v1:Arg>
                    </v1:Arg>
                </v1:Arg>
            </v1:Arg>
            <v1:Arg xsi:type="v1:atomType">
                <v1:Literal Value="4" xsi:type="v1:integerType"/>
            </v1:Arg>
        </v1:Condition>
    </v1:Where>
</v1:Select>
------------------------------------------------
Compiling SDSSUsingBetween.adqls
------------------------------------------------
== From: ===>
-- Find galaxies with an isophotal surface brightness (SB) larger
-- than 24 in the red band, and with an ellipticity > 0.5, and with the major
-- axis of the ellipse having a declination between 30" and 60" arc seconds.
-- This is also a simple query that uses a WHERE clause with three conditions
-- that must be met. We introduce the syntax 'between' to do a range search.

SELECT gal.ObjID
FROM Galaxy gal
WHERE
    gal.r + gal.rho < 24  -- red surface brightness more than 24 mag/sq-arcsec
    and gal.isoA_r between 30 and 60                  -- major axis between 30" and 60"
    and (power(gal.q_r,2) + power(gal.u_r,2)) > 0.25  -- square of ellipticity > 0.5 squared
    ;

Compilation suceeded...
==== To: ===>
<!--+ Find galaxies with an isophotal surface brightness (SB) larger
 than 24 in the red band, and with an ellipticity > 0.5, and with the major
 axis of the ellipse having a declination between 30" and 60" arc seconds.
 This is also a simple query that uses a WHERE clause with three conditions
 that must be met. We introduce the syntax 'between' to do a range search.
+-->
<v1:Select xmlns:v1="http://www.ivoa.net/xml/ADQL/v1.0">
    <v1:SelectionList>
        <v1:Item xsi:type="v1:columnReferenceType" Table="gal" Name="ObjID" xmlns:xsi="http://www.w3.org/2001/XMLSchema-instance"/>
    </v1:SelectionList>
    <v1:From>
        <v1:Table xsi:type="v1:tableType" Name="Galaxy" Alias="gal" xmlns:xsi="http://www.w3.org/2001/XMLSchema-instance"/>
    </v1:From>
    <v1:Where>
        <v1:Condition xsi:type="v1:intersectionSearchType" xmlns:xsi="http://www.w3.org/2001/XMLSchema-instance">
            <v1:Condition xsi:type="v1:comparisonPredType" Comparison="&lt;">
                <v1:Arg xsi:type="v1:binaryExprType" Oper="+">
                    <v1:Arg xsi:type="v1:columnReferenceType" Table="gal" Name="r"/>
                    <v1:Arg xsi:type="v1:columnReferenceType" Table="gal" Name="rho"/>
                </v1:Arg>
                <v1:Arg xsi:type="v1:atomType">
                    <v1:Literal Value="24" xsi:type="v1:integerType"/>
                </v1:Arg>
            </v1:Condition>
            <v1:Condition xsi:type="v1:intersectionSearchType">
                <v1:Condition xsi:type="v1:betweenPredType">
                    <v1:Arg xsi:type="v1:columnReferenceType" Table="gal" Name="isoA_r"/>
                    <v1:Arg xsi:type="v1:atomType">
                        <v1:Literal Value="30" xsi:type="v1:integerType"/>
                    </v1:Arg>
                    <v1:Arg xsi:type="v1:atomType">
                        <v1:Literal Value="60" xsi:type="v1:integerType"/>
                    </v1:Arg>
                </v1:Condition>
                <v1:Condition xsi:type="v1:comparisonPredType" Comparison=">">
                    <v1:Arg xsi:type="v1:closedExprType">
                        <v1:Arg xsi:type="v1:binaryExprType" Oper="+">
                            <v1:Arg xsi:type="v1:mathFunctionType" Name="POWER">
                                <v1:Arg xsi:type="v1:columnReferenceType" Table="gal" Name="q_r"/>
                                <v1:Arg xsi:type="v1:atomType">
                                    <v1:Literal Value="2" xsi:type="v1:integerType"/>
                                </v1:Arg>
                            </v1:Arg>
                            <v1:Arg xsi:type="v1:mathFunctionType" Name="POWER">
                                <v1:Arg xsi:type="v1:columnReferenceType" Table="gal" Name="u_r"/>
                                <v1:Arg xsi:type="v1:atomType">
                                    <v1:Literal Value="2" xsi:type="v1:integerType"/>
                                </v1:Arg>
                            </v1:Arg>
                        </v1:Arg>
                    </v1:Arg>
                    <v1:Arg xsi:type="v1:atomType">
                        <v1:Literal Value="0.25" xsi:type="v1:realType"/>
                    </v1:Arg>
                </v1:Condition>
            </v1:Condition>
        </v1:Condition>
    </v1:Where>
</v1:Select>
<!--+   square of ellipticity > 0.5 squared
+-->
------------------------------------------------
Compiling SDSSMovingAsteroids.adqls
------------------------------------------------
== From: ===>
-- Provide a list of moving objects consistent with an asteroid.
-- Also a simple query, but we introduce the 'as' syntax, which allows us to
-- name derived quantities in the result file.

SELECT
    p.objID, 
    sqrt( power(p.rowv,2) + power(p.colv, 2) ) as velocity 
FROM PhotoObj as p
WHERE
    (power(p.rowv,2) + power(p.colv, 2)) > 50 
    and p.rowv >= 0 and p.colv >=0 ;

Compilation suceeded...
==== To: ===>
<!--+ Provide a list of moving objects consistent with an asteroid.
 Also a simple query, but we introduce the 'as' syntax, which allows us to
 name derived quantities in the result file.
+-->
<v1:Select xmlns:v1="http://www.ivoa.net/xml/ADQL/v1.0">
    <v1:SelectionList>
        <v1:Item xsi:type="v1:columnReferenceType" Table="p" Name="objID" xmlns:xsi="http://www.w3.org/2001/XMLSchema-instance"/>
        <v1:Item xsi:type="v1:aliasSelectionItemType" As="velocity" xmlns:xsi="http://www.w3.org/2001/XMLSchema-instance">
            <v1:Expression xsi:type="v1:mathFunctionType" Name="SQRT">
                <v1:Arg xsi:type="v1:binaryExprType" Oper="+">
                    <v1:Arg xsi:type="v1:mathFunctionType" Name="POWER">
                        <v1:Arg xsi:type="v1:columnReferenceType" Table="p" Name="rowv"/>
                        <v1:Arg xsi:type="v1:atomType">
                            <v1:Literal Value="2" xsi:type="v1:integerType"/>
                        </v1:Arg>
                    </v1:Arg>
                    <v1:Arg xsi:type="v1:mathFunctionType" Name="POWER">
                        <v1:Arg xsi:type="v1:columnReferenceType" Table="p" Name="colv"/>
                        <v1:Arg xsi:type="v1:atomType">
                            <v1:Literal Value="2" xsi:type="v1:integerType"/>
                        </v1:Arg>
                    </v1:Arg>
                </v1:Arg>
            </v1:Expression>
        </v1:Item>
    </v1:SelectionList>
    <v1:From>
        <v1:Table xsi:type="v1:tableType" Name="PhotoObj" Alias="p" xmlns:xsi="http://www.w3.org/2001/XMLSchema-instance"/>
    </v1:From>
    <v1:Where>
        <v1:Condition xsi:type="v1:intersectionSearchType" xmlns:xsi="http://www.w3.org/2001/XMLSchema-instance">
            <v1:Condition xsi:type="v1:comparisonPredType" Comparison=">">
                <v1:Arg xsi:type="v1:closedExprType">
                    <v1:Arg xsi:type="v1:binaryExprType" Oper="+">
                        <v1:Arg xsi:type="v1:mathFunctionType" Name="POWER">
                            <v1:Arg xsi:type="v1:columnReferenceType" Table="p" Name="rowv"/>
                            <v1:Arg xsi:type="v1:atomType">
                                <v1:Literal Value="2" xsi:type="v1:integerType"/>
                            </v1:Arg>
                        </v1:Arg>
                        <v1:Arg xsi:type="v1:mathFunctionType" Name="POWER">
                            <v1:Arg xsi:type="v1:columnReferenceType" Table="p" Name="colv"/>
                            <v1:Arg xsi:type="v1:atomType">
                                <v1:Literal Value="2" xsi:type="v1:integerType"/>
                            </v1:Arg>
                        </v1:Arg>
                    </v1:Arg>
                </v1:Arg>
                <v1:Arg xsi:type="v1:atomType">
                    <v1:Literal Value="50" xsi:type="v1:integerType"/>
                </v1:Arg>
            </v1:Condition>
            <v1:Condition xsi:type="v1:intersectionSearchType">
                <v1:Condition xsi:type="v1:comparisonPredType" Comparison=">=">
                    <v1:Arg xsi:type="v1:columnReferenceType" Table="p" Name="rowv"/>
                    <v1:Arg xsi:type="v1:atomType">
                        <v1:Literal Value="0" xsi:type="v1:integerType"/>
                    </v1:Arg>
                </v1:Condition>
                <v1:Condition xsi:type="v1:comparisonPredType" Comparison=">=">
                    <v1:Arg xsi:type="v1:columnReferenceType" Table="p" Name="colv"/>
                    <v1:Arg xsi:type="v1:atomType">
                        <v1:Literal Value="0" xsi:type="v1:integerType"/>
                    </v1:Arg>
                </v1:Condition>
            </v1:Condition>
        </v1:Condition>
    </v1:Where>
</v1:Select>
------------------------------------------------
Compiling SDSSQuasarsInImaging.adqls
------------------------------------------------
== From: ===>
-- Find quasars as specified by Xiaohui Fan et.al.
-- A rather straightforward query, just with many conditions. It also introduces
-- the Star view, which contains the photometric parameters for all primary point-like
-- objects (including quasars).

SELECT s.run,
    s.camCol, 
    s.rerun, 
    s.field, 
    s.objID, 
    s.u, s.g, s.r, s.i, s.z, 
    s.ra, s."dec" 
FROM Star as s -- or Galaxy
WHERE ( s.u - s.g > 2.0 or s.u > 22.3 )
    and ( s.i < 19 ) 
    and ( s.i > 0 ) 
    and ( s.g - s.r > 1.0 ) 
    and ( s.r - s.i < (0.08 + 0.42 * (s.g - s.r - 0.96)) or s.g - s.r > 2.26 ) 
    and ( s.i - s.z < 0.25 ) ;

Compilation suceeded...
==== To: ===>
<!--+ Find quasars as specified by Xiaohui Fan et.al.
 A rather straightforward query, just with many conditions. It also introduces
 the Star view, which contains the photometric parameters for all primary point-like
 objects (including quasars).
+-->
<v1:Select xmlns:v1="http://www.ivoa.net/xml/ADQL/v1.0">
    <v1:SelectionList>
        <v1:Item xsi:type="v1:columnReferenceType" Table="s" Name="run" xmlns:xsi="http://www.w3.org/2001/XMLSchema-instance"/>
        <v1:Item xsi:type="v1:columnReferenceType" Table="s" Name="camCol" xmlns:xsi="http://www.w3.org/2001/XMLSchema-instance"/>
        <v1:Item xsi:type="v1:columnReferenceType" Table="s" Name="rerun" xmlns:xsi="http://www.w3.org/2001/XMLSchema-instance"/>
        <v1:Item xsi:type="v1:columnReferenceType" Table="s" Name="field" xmlns:xsi="http://www.w3.org/2001/XMLSchema-instance"/>
        <v1:Item xsi:type="v1:columnReferenceType" Table="s" Name="objID" xmlns:xsi="http://www.w3.org/2001/XMLSchema-instance"/>
        <v1:Item xsi:type="v1:columnReferenceType" Table="s" Name="u" xmlns:xsi="http://www.w3.org/2001/XMLSchema-instance"/>
        <v1:Item xsi:type="v1:columnReferenceType" Table="s" Name="g" xmlns:xsi="http://www.w3.org/2001/XMLSchema-instance"/>
        <v1:Item xsi:type="v1:columnReferenceType" Table="s" Name="r" xmlns:xsi="http://www.w3.org/2001/XMLSchema-instance"/>
        <v1:Item xsi:type="v1:columnReferenceType" Table="s" Name="i" xmlns:xsi="http://www.w3.org/2001/XMLSchema-instance"/>
        <v1:Item xsi:type="v1:columnReferenceType" Table="s" Name="z" xmlns:xsi="http://www.w3.org/2001/XMLSchema-instance"/>
        <v1:Item xsi:type="v1:columnReferenceType" Table="s" Name="ra" xmlns:xsi="http://www.w3.org/2001/XMLSchema-instance"/>
        <v1:Item xsi:type="v1:columnReferenceType" Table="s" Name="dec" xmlns:xsi="http://www.w3.org/2001/XMLSchema-instance"/>
    </v1:SelectionList>
    <v1:From>
        <v1:Table xsi:type="v1:tableType" Name="Star" Alias="s" xmlns:xsi="http://www.w3.org/2001/XMLSchema-instance"/>
    </v1:From>
    <!--+  or Galaxy
+-->
    <v1:Where>
        <v1:Condition xsi:type="v1:intersectionSearchType" xmlns:xsi="http://www.w3.org/2001/XMLSchema-instance">
            <v1:Condition xsi:type="v1:closedSearchType">
                <v1:Condition xsi:type="v1:unionSearchType">
                    <v1:Condition xsi:type="v1:comparisonPredType" Comparison=">">
                        <v1:Arg xsi:type="v1:binaryExprType" Oper="-">
                            <v1:Arg xsi:type="v1:columnReferenceType" Table="s" Name="u"/>
                            <v1:Arg xsi:type="v1:columnReferenceType" Table="s" Name="g"/>
                        </v1:Arg>
                        <v1:Arg xsi:type="v1:atomType">
                            <v1:Literal Value="2.0" xsi:type="v1:realType"/>
                        </v1:Arg>
                    </v1:Condition>
                    <v1:Condition xsi:type="v1:comparisonPredType" Comparison=">">
                        <v1:Arg xsi:type="v1:columnReferenceType" Table="s" Name="u"/>
                        <v1:Arg xsi:type="v1:atomType">
                            <v1:Literal Value="22.3" xsi:type="v1:realType"/>
                        </v1:Arg>
                    </v1:Condition>
                </v1:Condition>
            </v1:Condition>
            <v1:Condition xsi:type="v1:intersectionSearchType">
                <v1:Condition xsi:type="v1:closedSearchType">
                    <v1:Condition xsi:type="v1:comparisonPredType" Comparison="&lt;">
                        <v1:Arg xsi:type="v1:columnReferenceType" Table="s" Name="i"/>
                        <v1:Arg xsi:type="v1:atomType">
                            <v1:Literal Value="19" xsi:type="v1:integerType"/>
                        </v1:Arg>
                    </v1:Condition>
                </v1:Condition>
                <v1:Condition xsi:type="v1:intersectionSearchType">
                    <v1:Condition xsi:type="v1:closedSearchType">
                        <v1:Condition xsi:type="v1:comparisonPredType" Comparison=">">
                            <v1:Arg xsi:type="v1:columnReferenceType" Table="s" Name="i"/>
                            <v1:Arg xsi:type="v1:atomType">
                                <v1:Literal Value="0" xsi:type="v1:integerType"/>
                            </v1:Arg>
                        </v1:Condition>
                    </v1:Condition>
                    <v1:Condition xsi:type="v1:intersectionSearchType">
                        <v1:Condition xsi:type="v1:closedSearchType">
                            <v1:Condition xsi:type="v1:comparisonPredType" Comparison=">">
                                <v1:Arg xsi:type="v1:binaryExprType" Oper="-">
                                    <v1:Arg xsi:type="v1:columnReferenceType" Table="s" Name="g"/>
                                    <v1:Arg xsi:type="v1:columnReferenceType" Table="s" Name="r"/>
                                </v1:Arg>
                                <v1:Arg xsi:type="v1:atomType">
                                    <v1:Literal Value="1.0" xsi:type="v1:realType"/>
                                </v1:Arg>
                            </v1:Condition>
                        </v1:Condition>
                        <v1:Condition xsi:type="v1:intersectionSearchType">
                            <v1:Condition xsi:type="v1:closedSearchType">
                                <v1:Condition xsi:type="v1:unionSearchType">
                                    <v1:Condition xsi:type="v1:comparisonPredType" Comparison="&lt;">
                                        <v1:Arg xsi:type="v1:binaryExprType" Oper="-">
                                            <v1:Arg xsi:type="v1:columnReferenceType" Table="s" Name="r"/>
                                            <v1:Arg xsi:type="v1:columnReferenceType" Table="s" Name="i"/>
                                        </v1:Arg>
                                        <v1:Arg xsi:type="v1:closedExprType">
                                            <v1:Arg xsi:type="v1:binaryExprType" Oper="+">
                                                <v1:Arg xsi:type="v1:atomType">
                                                    <v1:Literal Value="0.08" xsi:type="v1:realType"/>
                                                </v1:Arg>
                                                <v1:Arg xsi:type="v1:binaryExprType" Oper="*">
                                                    <v1:Arg xsi:type="v1:atomType">
                                                        <v1:Literal Value="0.42" xsi:type="v1:realType"/>
                                                    </v1:Arg>
                                                    <v1:Arg xsi:type="v1:closedExprType">
                                                        <v1:Arg xsi:type="v1:binaryExprType" Oper="-">
                                                            <v1:Arg xsi:type="v1:columnReferenceType" Table="s" Name="g"/>
                                                            <v1:Arg xsi:type="v1:binaryExprType" Oper="-">
                                                                <v1:Arg xsi:type="v1:columnReferenceType" Table="s" Name="r"/>
                                                                <v1:Arg xsi:type="v1:atomType">
                                                                    <v1:Literal Value="0.96" xsi:type="v1:realType"/>
                                                                </v1:Arg>
                                                            </v1:Arg>
                                                        </v1:Arg>
                                                    </v1:Arg>
                                                </v1:Arg>
                                            </v1:Arg>
                                        </v1:Arg>
                                    </v1:Condition>
                                    <v1:Condition xsi:type="v1:comparisonPredType" Comparison=">">
                                        <v1:Arg xsi:type="v1:binaryExprType" Oper="-">
                                            <v1:Arg xsi:type="v1:columnReferenceType" Table="s" Name="g"/>
                                            <v1:Arg xsi:type="v1:columnReferenceType" Table="s" Name="r"/>
                                        </v1:Arg>
                                        <v1:Arg xsi:type="v1:atomType">
                                            <v1:Literal Value="2.26" xsi:type="v1:realType"/>
                                        </v1:Arg>
                                    </v1:Condition>
                                </v1:Condition>
                            </v1:Condition>
                            <v1:Condition xsi:type="v1:closedSearchType">
                                <v1:Condition xsi:type="v1:comparisonPredType" Comparison="&lt;">
                                    <v1:Arg xsi:type="v1:binaryExprType" Oper="-">
                                        <v1:Arg xsi:type="v1:columnReferenceType" Table="s" Name="i"/>
                                        <v1:Arg xsi:type="v1:columnReferenceType" Table="s" Name="z"/>
                                    </v1:Arg>
                                    <v1:Arg xsi:type="v1:atomType">
                                        <v1:Literal Value="0.25" xsi:type="v1:realType"/>
                                    </v1:Arg>
                                </v1:Condition>
                            </v1:Condition>
                        </v1:Condition>
                    </v1:Condition>
                </v1:Condition>
            </v1:Condition>
        </v1:Condition>
    </v1:Where>
</v1:Select>
------------------------------------------------
Compiling SDSSSelectedNeighborsInRunWILLFAIL.adqls
------------------------------------------------
== From: ===>
-- This is a query from Robert Lupton that finds selected neighbors in a given run and
-- camera column. It contains a nested query containing a join, and a join with the
-- results of the nested query to select only those neighbors from the list that meet
-- certain criteria. The nested queries are required because the Neighbors table does
-- not contain all the parameters for the neighbor objects. This query also contains
-- examples of setting the output precision of columns with STR.

-- JL Note. This has been edited by hand and will need rebuilding completely
-- when all constructs are supported!
-- I also think there may be errors within the original. Study the aliases!

select
    obj.run, obj.camCol, str(obj.field, 3) as field, 
    str(obj.rowc, 6, 1) as rowc, str(obj.colc, 6, 1) as colc, 
    str(fObj(obj.objId), 4) as id, 
    str(obj.psfMag_g - 0*obj.extinction_g, 6, 3) as g, 
    str(obj.psfMag_r - 0*obj.extinction_r, 6, 3) as r, 
    str(obj.psfMag_i - 0*obj.extinction_i, 6, 3) as i, 
    str(obj.psfMag_z - 0*obj.extinction_z, 6, 3) as z, 
    str(60*obj.distance, 3, 1) as D, 
    fField(obj.neighborObjId) as nfield, 
    str(fObj(obj.neighborObjId), 4) as nid,'new' 
    from 
    (select obj.objId, 
    obj.run, obj.camCol, obj.field, obj.rowc, obj.colc, 
    obj.psfMag_u, obj.extinction_u, 
    obj.psfMag_g, obj.extinction_g, 
    obj.psfMag_r, obj.extinction_r, 
    obj.psfMag_i, obj.extinction_i, 
    obj.psfMag_z, obj.extinction_z, 
    NN.neighborObjId, NN.distance 
    from photoObj as obj 
    join neighbors as NN on obj.objId = NN.objId 
    where 
    60*NN.distance between 0 and 15 and 
    NN.mode = 1 and NN.neighborMode = 1 and 
    obj.run = 756 and obj.camCol = 5 and 
    obj.type = 6 and (obj.flags & 0x40006) = 0 and 
    obj.nchild = 0 and obj.psfMag_i < 20 and 
    (obj.g - obj.r between 0.3 and 1.1 and obj.r - obj.i between -0.1 and 0.6) 
    ) as obj
    join photoObj as nobj on nobj.objId = obj.neighborObjId
    where 
    nobj.run = obj.run and 
    (abs(obj.psfMag_g - nobj.psfMag_g) < 0.5 or 
    abs(obj.psfMag_r - nobj.psfMag_r) < 0.5 or 
    abs(obj.psfMag_i - nobj.psfMag_i) < 0.5)
    order by obj.run, obj.camCol, obj.field ;
------------------------------------------------
Compiling SDSSObjectCountingAndLogicWILLFAIL.adqls
------------------------------------------------
== From: ===>
-- Using object counting and logic in a query.
-- Find all objects similar to the colors of a quasar at 5.5<6.5.

SELECT count(*) as 'total',
    sum( case when (p.Type=3) then 1 else 0 end) as 'Galaxies', 
    sum( case when (p.Type=6) then 1 else 0 end) as 'Stars', 
    sum( case when (p.Type not in (3,6)) then 1 else 0 end) as 'Other' 
FROM PhotoPrimary as p         -- for each object
WHERE (( p.u - p.g > 2.0) or (p.u > 22.3) ) -- apply the quasar color cut.
    and ( p.i between 0 and 19 ) 
    and ( p.g - p.r > 1.0 ) 
    and ( (p.r - p.i < 0.08 + 0.42 * (p.g - p.r - 0.96)) or (p.g - p.r > 2.26 ) ) 
    and ( p.i - p.z < 0.25 ) ;
------------------------------------------------
Compiling SDSSGalaxiesBlendedWithStars.adqls
------------------------------------------------
== From: ===>
-- Find galaxies that are blended with a star, and output the
-- deblended galaxy magnitudes.

-- This query introduces the use of multiple tables or views. You can assign
-- nicknames to tables as in the FROM clause below. Since you are using
-- multiple tables, you ,ust specify which table each quantity in the SELECT
-- clause comes from. Finally, the last line in the query is the join between
-- the two tables, which is achieved by requiring that a quantity present in
-- both tables be equal.

-- NOTE: This query takes a long time to run without the "TOP 1000".

SELECT G.ObjID, G.u, G.g, G.r, G.i, G.z 	-- get the ObjID and final mags
FROM Galaxy G, Star S 	-- use two Views, Galaxy and Star, as a
	-- convenient mechanism to compare objects
WHERE G.parentID > 0 	-- galaxy has a "parent", which tells us this
	-- object was deblended
    and G.parentID = S.parentID 	-- and the star has the same parent 
;

Compilation suceeded...
==== To: ===>
<!--+ Find galaxies that are blended with a star, and output the
 deblended galaxy magnitudes.

 This query introduces the use of multiple tables or views. You can assign
 nicknames to tables as in the FROM clause below. Since you are using
 multiple tables, you ,ust specify which table each quantity in the SELECT
 clause comes from. Finally, the last line in the query is the join between
 the two tables, which is achieved by requiring that a quantity present in
 both tables be equal.

 NOTE: This query takes a long time to run without the "TOP 1000".
+-->
<v1:Select xmlns:v1="http://www.ivoa.net/xml/ADQL/v1.0">
    <v1:SelectionList>
        <v1:Item xsi:type="v1:columnReferenceType" Table="G" Name="ObjID" xmlns:xsi="http://www.w3.org/2001/XMLSchema-instance"/>
        <v1:Item xsi:type="v1:columnReferenceType" Table="G" Name="u" xmlns:xsi="http://www.w3.org/2001/XMLSchema-instance"/>
        <v1:Item xsi:type="v1:columnReferenceType" Table="G" Name="g" xmlns:xsi="http://www.w3.org/2001/XMLSchema-instance"/>
        <v1:Item xsi:type="v1:columnReferenceType" Table="G" Name="r" xmlns:xsi="http://www.w3.org/2001/XMLSchema-instance"/>
        <v1:Item xsi:type="v1:columnReferenceType" Table="G" Name="i" xmlns:xsi="http://www.w3.org/2001/XMLSchema-instance"/>
        <v1:Item xsi:type="v1:columnReferenceType" Table="G" Name="z" xmlns:xsi="http://www.w3.org/2001/XMLSchema-instance"/>
    </v1:SelectionList>
    <!--+ 	 get the ObjID and final mags
+-->
    <v1:From>
        <v1:Table xsi:type="v1:tableType" Name="Galaxy" Alias="G" xmlns:xsi="http://www.w3.org/2001/XMLSchema-instance"/>
        <v1:Table xsi:type="v1:tableType" Name="Star" Alias="S" xmlns:xsi="http://www.w3.org/2001/XMLSchema-instance"/>
    </v1:From>
    <!--+ 	 use two Views, Galaxy and Star, as a
	 convenient mechanism to compare objects
+-->
    <v1:Where>
        <v1:Condition xsi:type="v1:intersectionSearchType" xmlns:xsi="http://www.w3.org/2001/XMLSchema-instance">
            <v1:Condition xsi:type="v1:comparisonPredType" Comparison=">">
                <v1:Arg xsi:type="v1:columnReferenceType" Table="G" Name="parentID"/>
                <v1:Arg xsi:type="v1:atomType">
                    <v1:Literal Value="0" xsi:type="v1:integerType"/>
                </v1:Arg>
            </v1:Condition>
            <v1:Condition xsi:type="v1:comparisonPredType" Comparison="=">
                <v1:Arg xsi:type="v1:columnReferenceType" Table="G" Name="parentID"/>
                <v1:Arg xsi:type="v1:columnReferenceType" Table="S" Name="parentID"/>
            </v1:Condition>
        </v1:Condition>
    </v1:Where>
</v1:Select>
<!--+ 	 and the star has the same parent 
+-->
------------------------------------------------
Compiling SDSSStarsInSpecificFields.adqls
------------------------------------------------
== From: ===>
-- Give me the PSF colors of all stars brighter than g=20 that have PSP_STATUS = 2.
-- Another simple multi-table query.

SELECT
    s.psfMag_g, 	-- or whatever you want from each object
    s.run, 
    s.camCol, 
    s.rerun, 
    s.field 
FROM Star s, Field f
WHERE s.fieldID = f.fieldID
    and s.psfMag_g < 20 
    and f.pspStatus = 2 ;


Compilation suceeded...
==== To: ===>
<!--+ Give me the PSF colors of all stars brighter than g=20 that have PSP_STATUS = 2.
 Another simple multi-table query.
+-->
<v1:Select xmlns:v1="http://www.ivoa.net/xml/ADQL/v1.0">
    <v1:SelectionList>
        <v1:Item xsi:type="v1:columnReferenceType" Table="s" Name="psfMag_g" xmlns:xsi="http://www.w3.org/2001/XMLSchema-instance"/>
        <!--+ 	 or whatever you want from each object
+-->
        <v1:Item xsi:type="v1:columnReferenceType" Table="s" Name="run" xmlns:xsi="http://www.w3.org/2001/XMLSchema-instance"/>
        <v1:Item xsi:type="v1:columnReferenceType" Table="s" Name="camCol" xmlns:xsi="http://www.w3.org/2001/XMLSchema-instance"/>
        <v1:Item xsi:type="v1:columnReferenceType" Table="s" Name="rerun" xmlns:xsi="http://www.w3.org/2001/XMLSchema-instance"/>
        <v1:Item xsi:type="v1:columnReferenceType" Table="s" Name="field" xmlns:xsi="http://www.w3.org/2001/XMLSchema-instance"/>
    </v1:SelectionList>
    <v1:From>
        <v1:Table xsi:type="v1:tableType" Name="Star" Alias="s" xmlns:xsi="http://www.w3.org/2001/XMLSchema-instance"/>
        <v1:Table xsi:type="v1:tableType" Name="Field" Alias="f" xmlns:xsi="http://www.w3.org/2001/XMLSchema-instance"/>
    </v1:From>
    <v1:Where>
        <v1:Condition xsi:type="v1:intersectionSearchType" xmlns:xsi="http://www.w3.org/2001/XMLSchema-instance">
            <v1:Condition xsi:type="v1:comparisonPredType" Comparison="=">
                <v1:Arg xsi:type="v1:columnReferenceType" Table="s" Name="fieldID"/>
                <v1:Arg xsi:type="v1:columnReferenceType" Table="f" Name="fieldID"/>
            </v1:Condition>
            <v1:Condition xsi:type="v1:intersectionSearchType">
                <v1:Condition xsi:type="v1:comparisonPredType" Comparison="&lt;">
                    <v1:Arg xsi:type="v1:columnReferenceType" Table="s" Name="psfMag_g"/>
                    <v1:Arg xsi:type="v1:atomType">
                        <v1:Literal Value="20" xsi:type="v1:integerType"/>
                    </v1:Arg>
                </v1:Condition>
                <v1:Condition xsi:type="v1:comparisonPredType" Comparison="=">
                    <v1:Arg xsi:type="v1:columnReferenceType" Table="f" Name="pspStatus"/>
                    <v1:Arg xsi:type="v1:atomType">
                        <v1:Literal Value="2" xsi:type="v1:integerType"/>
                    </v1:Arg>
                </v1:Condition>
            </v1:Condition>
        </v1:Condition>
    </v1:Where>
</v1:Select>
------------------------------------------------
Compiling SDSSUsingThreeTablesWILLFAIL.adqls
------------------------------------------------
== From: ===>
-- Find the parameters for all objects in fields with desired PSF width and range
-- of columns. Now we are using three tables, but it is still a simple query.

SELECT
    g.run, 
    g.rerun, 
    g.camCol, 
    f.field, 
    p.objID, 
    p.ra, 
    p.dec, 
    p.Rowc, 
    p.Colc, 
    p.u, 
    p.modelMagErr_u , 
    p.g, 
    p.modelMagErr_g, 
    p.r, 
    p.modelMagErr_r, 
    p.petroMag_r - p.extinction_r, 
    p.petroMagErr_r, 
    p.i, 
    p.modelMagErr_i, 
    p.z, 
    p.status & 0x00002000, 
    f.psfWidth_r 
FROM
    photoObj p, field f, segment g 
WHERE
    f.fieldid = p.fieldid 
    and f.segmentid = g.segmentid 
    and g.run = 1336 and g.camCol = 1 
    and f.field between 11 and 13 
    and f.psfWidth_r > 1.2 
    and p.colc > 400.0 ;
------------------------------------------------
Compiling SDSSObjectsClosePairs.adqls
------------------------------------------------
== From: ===>
-- Find all objects within 30 arcseconds of one another
-- that have very similar colors: that is where the color ratios
-- u-g, g-r, r-I are less than 0.05m.

SELECT TOP 10 P.ObjID -- distinct cases
FROM PhotoPrimary P, -- P is the primary object
    Neighbors N, -- N is the neighbor link 
    PhotoPrimary L -- L is the lens candidate of P 
WHERE P.ObjID = N.ObjID -- N is a neighbor record
    and L.ObjID = N.NeighborObjID -- L is a neighbor of P 
    and P.ObjID < L. ObjID -- avoid duplicates 
    and abs((P.u-P.g)-(L.u-L.g))<0.05 -- L and P have similar spectra. 
    and abs((P.g-P.r)-(L.g-L.r))<0.05 
    and abs((P.r-P.i)-(L.r-L.i))<0.05 
    and abs((P.i-P.z)-(L.i-L.z))<0.05 ;

Compilation suceeded...
==== To: ===>
<!--+ Find all objects within 30 arcseconds of one another
 that have very similar colors: that is where the color ratios
 u-g, g-r, r-I are less than 0.05m.
+-->
<v1:Select xmlns:v1="http://www.ivoa.net/xml/ADQL/v1.0">
    <v1:Restrict Top="10"/>
    <v1:SelectionList>
        <v1:Item xsi:type="v1:columnReferenceType" Table="P" Name="ObjID" xmlns:xsi="http://www.w3.org/2001/XMLSchema-instance"/>
    </v1:SelectionList>
    <!--+  distinct cases
+-->
    <v1:From>
        <v1:Table xsi:type="v1:tableType" Name="PhotoPrimary" Alias="P" xmlns:xsi="http://www.w3.org/2001/XMLSchema-instance"/>
        <!--+  P is the primary object
+-->
        <v1:Table xsi:type="v1:tableType" Name="Neighbors" Alias="N" xmlns:xsi="http://www.w3.org/2001/XMLSchema-instance"/>
        <!--+  N is the neighbor link 
+-->
        <v1:Table xsi:type="v1:tableType" Name="PhotoPrimary" Alias="L" xmlns:xsi="http://www.w3.org/2001/XMLSchema-instance"/>
    </v1:From>
    <!--+  L is the lens candidate of P 
+-->
    <v1:Where>
        <v1:Condition xsi:type="v1:intersectionSearchType" xmlns:xsi="http://www.w3.org/2001/XMLSchema-instance">
            <v1:Condition xsi:type="v1:comparisonPredType" Comparison="=">
                <v1:Arg xsi:type="v1:columnReferenceType" Table="P" Name="ObjID"/>
                <v1:Arg xsi:type="v1:columnReferenceType" Table="N" Name="ObjID"/>
            </v1:Condition>
            <v1:Condition xsi:type="v1:intersectionSearchType">
                <v1:Condition xsi:type="v1:comparisonPredType" Comparison="=">
                    <v1:Arg xsi:type="v1:columnReferenceType" Table="L" Name="ObjID"/>
                    <v1:Arg xsi:type="v1:columnReferenceType" Table="N" Name="NeighborObjID"/>
                </v1:Condition>
                <v1:Condition xsi:type="v1:intersectionSearchType">
                    <v1:Condition xsi:type="v1:comparisonPredType" Comparison="&lt;">
                        <v1:Arg xsi:type="v1:columnReferenceType" Table="P" Name="ObjID"/>
                        <v1:Arg xsi:type="v1:columnReferenceType" Table="L" Name="ObjID"/>
                    </v1:Condition>
                    <v1:Condition xsi:type="v1:intersectionSearchType">
                        <v1:Condition xsi:type="v1:comparisonPredType" Comparison="&lt;">
                            <v1:Arg xsi:type="v1:mathFunctionType" Name="ABS">
                                <v1:Arg xsi:type="v1:binaryExprType" Oper="-">
                                    <v1:Arg xsi:type="v1:closedExprType">
                                        <v1:Arg xsi:type="v1:binaryExprType" Oper="-">
                                            <v1:Arg xsi:type="v1:columnReferenceType" Table="P" Name="u"/>
                                            <v1:Arg xsi:type="v1:columnReferenceType" Table="P" Name="g"/>
                                        </v1:Arg>
                                    </v1:Arg>
                                    <v1:Arg xsi:type="v1:closedExprType">
                                        <v1:Arg xsi:type="v1:binaryExprType" Oper="-">
                                            <v1:Arg xsi:type="v1:columnReferenceType" Table="L" Name="u"/>
                                            <v1:Arg xsi:type="v1:columnReferenceType" Table="L" Name="g"/>
                                        </v1:Arg>
                                    </v1:Arg>
                                </v1:Arg>
                            </v1:Arg>
                            <v1:Arg xsi:type="v1:atomType">
                                <v1:Literal Value="0.05" xsi:type="v1:realType"/>
                            </v1:Arg>
                        </v1:Condition>
                        <v1:Condition xsi:type="v1:intersectionSearchType">
                            <v1:Condition xsi:type="v1:comparisonPredType" Comparison="&lt;">
                                <v1:Arg xsi:type="v1:mathFunctionType" Name="ABS">
                                    <v1:Arg xsi:type="v1:binaryExprType" Oper="-">
                                        <v1:Arg xsi:type="v1:closedExprType">
                                            <v1:Arg xsi:type="v1:binaryExprType" Oper="-">
                                                <v1:Arg xsi:type="v1:columnReferenceType" Table="P" Name="g"/>
                                                <v1:Arg xsi:type="v1:columnReferenceType" Table="P" Name="r"/>
                                            </v1:Arg>
                                        </v1:Arg>
                                        <v1:Arg xsi:type="v1:closedExprType">
                                            <v1:Arg xsi:type="v1:binaryExprType" Oper="-">
                                                <v1:Arg xsi:type="v1:columnReferenceType" Table="L" Name="g"/>
                                                <v1:Arg xsi:type="v1:columnReferenceType" Table="L" Name="r"/>
                                            </v1:Arg>
                                        </v1:Arg>
                                    </v1:Arg>
                                </v1:Arg>
                                <v1:Arg xsi:type="v1:atomType">
                                    <v1:Literal Value="0.05" xsi:type="v1:realType"/>
                                </v1:Arg>
                            </v1:Condition>
                            <v1:Condition xsi:type="v1:intersectionSearchType">
                                <v1:Condition xsi:type="v1:comparisonPredType" Comparison="&lt;">
                                    <v1:Arg xsi:type="v1:mathFunctionType" Name="ABS">
                                        <v1:Arg xsi:type="v1:binaryExprType" Oper="-">
                                            <v1:Arg xsi:type="v1:closedExprType">
                                                <v1:Arg xsi:type="v1:binaryExprType" Oper="-">
                                                    <v1:Arg xsi:type="v1:columnReferenceType" Table="P" Name="r"/>
                                                    <v1:Arg xsi:type="v1:columnReferenceType" Table="P" Name="i"/>
                                                </v1:Arg>
                                            </v1:Arg>
                                            <v1:Arg xsi:type="v1:closedExprType">
                                                <v1:Arg xsi:type="v1:binaryExprType" Oper="-">
                                                    <v1:Arg xsi:type="v1:columnReferenceType" Table="L" Name="r"/>
                                                    <v1:Arg xsi:type="v1:columnReferenceType" Table="L" Name="i"/>
                                                </v1:Arg>
                                            </v1:Arg>
                                        </v1:Arg>
                                    </v1:Arg>
                                    <v1:Arg xsi:type="v1:atomType">
                                        <v1:Literal Value="0.05" xsi:type="v1:realType"/>
                                    </v1:Arg>
                                </v1:Condition>
                                <v1:Condition xsi:type="v1:comparisonPredType" Comparison="&lt;">
                                    <v1:Arg xsi:type="v1:mathFunctionType" Name="ABS">
                                        <v1:Arg xsi:type="v1:binaryExprType" Oper="-">
                                            <v1:Arg xsi:type="v1:closedExprType">
                                                <v1:Arg xsi:type="v1:binaryExprType" Oper="-">
                                                    <v1:Arg xsi:type="v1:columnReferenceType" Table="P" Name="i"/>
                                                    <v1:Arg xsi:type="v1:columnReferenceType" Table="P" Name="z"/>
                                                </v1:Arg>
                                            </v1:Arg>
                                            <v1:Arg xsi:type="v1:closedExprType">
                                                <v1:Arg xsi:type="v1:binaryExprType" Oper="-">
                                                    <v1:Arg xsi:type="v1:columnReferenceType" Table="L" Name="i"/>
                                                    <v1:Arg xsi:type="v1:columnReferenceType" Table="L" Name="z"/>
                                                </v1:Arg>
                                            </v1:Arg>
                                        </v1:Arg>
                                    </v1:Arg>
                                    <v1:Arg xsi:type="v1:atomType">
                                        <v1:Literal Value="0.05" xsi:type="v1:realType"/>
                                    </v1:Arg>
                                </v1:Condition>
                            </v1:Condition>
                        </v1:Condition>
                    </v1:Condition>
                </v1:Condition>
            </v1:Condition>
        </v1:Condition>
    </v1:Where>
</v1:Select>
------------------------------------------------
Compiling SDSSErrorsUsingFlagsWILLFAIL.adqls
------------------------------------------------
== From: ===>
-- Another useful query is to see if the errors on moving (or
-- apparently moving) objects are correct. For example, it used to be that
-- some known QSOs were being flagged as moving objects. One way to look for
-- such objects is to compare the velocity to the error in velocity and see if
-- the "OBJECT1_MOVED" or "OBJECT2_BAD_MOVING_FIT" is set.
-- This query introduces bitwise logic for flags, and uses the 'as' syntax to
-- make the query more readable. Note that if a flag is not set, the value
-- will be zero. If you want to ensure multiple flags are not set, you can
-- either check that each individually is zero, or their sum is zero.
-- (From Gordon Richards)

-- NOTE: This query takes a long time to run without the "TOP 1000".

SELECT TOP 1000
    G.run, 
    G.rerun, 
    G.camcol, 
    G.field, 
    G.objID, 
    G.ra, G."dec", 
    G.rowv, G.colv, 
    G.rowvErr, G.colvErr, 
    G.i, 
    (G.flags & fPhotoFlags('MOVED')) as MOVED, 
    (G.flags & fPhotoFlags('BAD_MOVING_FIT')) as BAD_MOVING_FIT 
FROM Galaxy as G
WHERE
    (G.flags & (fPhotoFlags('MOVED') + fPhotoFlags('BAD_MOVING_FIT'))) > 0 
    and (G.rowv * G.rowv + G.colv * G.colv) >= 
    (G.rowvErr * G.rowvErr + G.colvErr * G.colvErr)
    ;
------------------------------------------------
Compiling SDSSEllipticalGalaxiesBasedOnModelFitsWILLFAIL.adqls
------------------------------------------------
== From: ===>
-- Find all galaxies with a deVaucouleours profile and the
-- photometric colors consistent with an elliptical galaxy. NOTE THAT THE
-- NAMES AND VALUES OF THE LIKELIHOODS HAVE CHANGED SINCE THE EDR; they are
-- now log likelihoods, and named accordingly (lDev is now lnlDev, etc.) to
-- indicate these are log likelihoods. This query has many conditions, and
-- also has the use of bitwise logic necessary for dealing with flags.

-- JL Note. Will fail until bitwise manipulation supported.
SELECT G.ObjID
FROM Galaxy as G
WHERE
    G.lnlDev_r > G.lnlExp_r + 0.1 
    -- the likelihood of the deVaucouleours profile fit is 10% greater than the 
    -- likelihood of the exponential fit 
    and G.lnlExp_r > -999 
    -- and the likelihoods are actually meaningful 
    and (G.flags & (fPhotoFlags('BINNED1') + fPhotoFlags('BINNED2') + 
    fPhotoFlags('BINNED4'))) > 0 
    -- and it is detected from at least one of the binned images 
    and (G.flags & ( fPhotoFlags('BLENDED') + fPhotoFlags('NODEBLEND') + 
    fPhotoFlags('CHILD'))) != fPhotoFlags('BLENDED') 
    -- and, if it is blended, it is either a child or not deblended further 
    and (G.flags & (fPhotoFlags('EDGE') + fPhotoFlags('SATURATED'))) = 0 
    -- and it is not near a ccd edge or saturated, where measurements may be bad 
    and G.petroMag_i > 17.5 
    -- and it is fainter than 17.5 in i-band 
    and (G.petroMag_r > 15.5 or G.petroR50_r > 2) 
    and (G.petroMag_r > 0 and G.g > 0 and G.r > 0 and G.i > 0) 
    and ( (G.petroMag_r - G.extinction_r) < 19.2 
    and (G.petroMag_r - G.extinction_r < 
    (13.1 + (7/3)*(G.g - G.r) + 4 *(G.r - G.i) - 4 * 0.18) ) 
    and ( (G.r - G.i - (G.g - G.r)/4 - 0.18) < 0.2 ) 
    and ( (G.r - G.i - (G.g - G.r)/4 - 0.18) > -0.2 ) ) 
    or ( (G.petroMag_r - G.extinction_r < 19.5) 
    and ( (G.r - G.i - (G.g - G.r)/4 - 0.18) > 
    (0.45 - 4*(G.g - G.r) ) ) 
    and ( (G.g - G.r) > (1.35 + 0.25 *(G.r - G.i) ) ) ) 
    -- and many constraints on colors and mags to make it have elliptical-type colors. 
    ;

------------------------------------------------
Compiling selectAggregateFuncs.adqls
------------------------------------------------
== From: ===>
select top 100  AVG(a.POS_EQ_RA), 
                MIN(a.POS_EQ_RA),
                MAX(a.POS_EQ_RA),
                SUM(a.POS_EQ_RA),
                COUNT(a.POS_EQ_RA)
from catalogue as a ;

Compilation suceeded...
==== To: ===>
<v1:Select xmlns:v1="http://www.ivoa.net/xml/ADQL/v1.0">
    <v1:Restrict Top="100"/>
    <v1:SelectionList>
        <v1:Item xsi:type="v1:aggregateFunctionType" Name="AVG" xmlns:xsi="http://www.w3.org/2001/XMLSchema-instance">
            <v1:Arg xsi:type="v1:columnReferenceType" Table="a" Name="POS_EQ_RA"/>
        </v1:Item>
        <v1:Item xsi:type="v1:aggregateFunctionType" Name="MIN" xmlns:xsi="http://www.w3.org/2001/XMLSchema-instance">
            <v1:Arg xsi:type="v1:columnReferenceType" Table="a" Name="POS_EQ_RA"/>
        </v1:Item>
        <v1:Item xsi:type="v1:aggregateFunctionType" Name="MAX" xmlns:xsi="http://www.w3.org/2001/XMLSchema-instance">
            <v1:Arg xsi:type="v1:columnReferenceType" Table="a" Name="POS_EQ_RA"/>
        </v1:Item>
        <v1:Item xsi:type="v1:aggregateFunctionType" Name="SUM" xmlns:xsi="http://www.w3.org/2001/XMLSchema-instance">
            <v1:Arg xsi:type="v1:columnReferenceType" Table="a" Name="POS_EQ_RA"/>
        </v1:Item>
        <v1:Item xsi:type="v1:aggregateFunctionType" Name="COUNT" xmlns:xsi="http://www.w3.org/2001/XMLSchema-instance">
            <v1:Arg xsi:type="v1:columnReferenceType" Table="a" Name="POS_EQ_RA"/>
        </v1:Item>
    </v1:SelectionList>
    <v1:From>
        <v1:Table xsi:type="v1:tableType" Name="catalogue" Alias="a" xmlns:xsi="http://www.w3.org/2001/XMLSchema-instance"/>
    </v1:From>
</v1:Select>
------------------------------------------------
Compiling selectAliasExpr.adqls
------------------------------------------------
== From: ===>
SELECT TOP 100  
( 
  ( 
    SIN(a.INSERT_RA) + COS(a.INSERT_DEC) 
  ) 
  / 
  ( 
    SQRT( ABS(a.INSERT_RA) ) - LOG( ABS(a.INSERT_DEC) ) 
  ) 
) AS exprAlias
FROM catalogue AS a ; 

Compilation suceeded...
==== To: ===>
<v1:Select xmlns:v1="http://www.ivoa.net/xml/ADQL/v1.0">
    <v1:Restrict Top="100"/>
    <v1:SelectionList>
        <v1:Item xsi:type="v1:aliasSelectionItemType" As="exprAlias" xmlns:xsi="http://www.w3.org/2001/XMLSchema-instance">
            <v1:Expression xsi:type="v1:closedExprType">
                <v1:Arg xsi:type="v1:binaryExprType" Oper="/">
                    <v1:Arg xsi:type="v1:closedExprType">
                        <v1:Arg xsi:type="v1:binaryExprType" Oper="+">
                            <v1:Arg xsi:type="v1:trigonometricFunctionType" Name="SIN">
                                <v1:Arg xsi:type="v1:columnReferenceType" Table="a" Name="INSERT_RA"/>
                            </v1:Arg>
                            <v1:Arg xsi:type="v1:trigonometricFunctionType" Name="COS">
                                <v1:Arg xsi:type="v1:columnReferenceType" Table="a" Name="INSERT_DEC"/>
                            </v1:Arg>
                        </v1:Arg>
                    </v1:Arg>
                    <v1:Arg xsi:type="v1:closedExprType">
                        <v1:Arg xsi:type="v1:binaryExprType" Oper="-">
                            <v1:Arg xsi:type="v1:mathFunctionType" Name="SQRT">
                                <v1:Arg xsi:type="v1:mathFunctionType" Name="ABS">
                                    <v1:Arg xsi:type="v1:columnReferenceType" Table="a" Name="INSERT_RA"/>
                                </v1:Arg>
                            </v1:Arg>
                            <v1:Arg xsi:type="v1:mathFunctionType" Name="LOG">
                                <v1:Arg xsi:type="v1:mathFunctionType" Name="ABS">
                                    <v1:Arg xsi:type="v1:columnReferenceType" Table="a" Name="INSERT_DEC"/>
                                </v1:Arg>
                            </v1:Arg>
                        </v1:Arg>
                    </v1:Arg>
                </v1:Arg>
            </v1:Expression>
        </v1:Item>
    </v1:SelectionList>
    <v1:From>
        <v1:Table xsi:type="v1:tableType" Name="catalogue" Alias="a" xmlns:xsi="http://www.w3.org/2001/XMLSchema-instance"/>
    </v1:From>
</v1:Select>
------------------------------------------------
Compiling selectAllAllow.adqls
------------------------------------------------
== From: ===>
SELECT ALL * FROM catalogue as c; 

Compilation suceeded...
==== To: ===>
<v1:Select xmlns:v1="http://www.ivoa.net/xml/ADQL/v1.0">
    <v1:Allow Option="All"/>
    <v1:SelectionList>
        <v1:Item xsi:type="v1:allSelectionItemType" xmlns:xsi="http://www.w3.org/2001/XMLSchema-instance"/>
    </v1:SelectionList>
    <v1:From>
        <v1:Table xsi:type="v1:tableType" Name="catalogue" Alias="c" xmlns:xsi="http://www.w3.org/2001/XMLSchema-instance"/>
    </v1:From>
</v1:Select>
------------------------------------------------
Compiling selectAllLimit.adqls
------------------------------------------------
== From: ===>
Select top 100  * from catalogue as c;

Compilation suceeded...
==== To: ===>
<v1:Select xmlns:v1="http://www.ivoa.net/xml/ADQL/v1.0">
    <v1:Restrict Top="100"/>
    <v1:SelectionList>
        <v1:Item xsi:type="v1:allSelectionItemType" xmlns:xsi="http://www.w3.org/2001/XMLSchema-instance"/>
    </v1:SelectionList>
    <v1:From>
        <v1:Table xsi:type="v1:tableType" Name="catalogue" Alias="c" xmlns:xsi="http://www.w3.org/2001/XMLSchema-instance"/>
    </v1:From>
</v1:Select>
------------------------------------------------
Compiling selectBetweenOps.adqls
------------------------------------------------
== From: ===>
select top 100 c.POS_EQ_RA from catalogue as c
where c.POS_EQ_RA between 0.0 and 0.5 AND c.POS_EQ_RA not between 0.1 and 0.4 ;

Compilation suceeded...
==== To: ===>
<v1:Select xmlns:v1="http://www.ivoa.net/xml/ADQL/v1.0">
    <v1:Restrict Top="100"/>
    <v1:SelectionList>
        <v1:Item xsi:type="v1:columnReferenceType" Table="c" Name="POS_EQ_RA" xmlns:xsi="http://www.w3.org/2001/XMLSchema-instance"/>
    </v1:SelectionList>
    <v1:From>
        <v1:Table xsi:type="v1:tableType" Name="catalogue" Alias="c" xmlns:xsi="http://www.w3.org/2001/XMLSchema-instance"/>
    </v1:From>
    <v1:Where>
        <v1:Condition xsi:type="v1:intersectionSearchType" xmlns:xsi="http://www.w3.org/2001/XMLSchema-instance">
            <v1:Condition xsi:type="v1:betweenPredType">
                <v1:Arg xsi:type="v1:columnReferenceType" Table="c" Name="POS_EQ_RA"/>
                <v1:Arg xsi:type="v1:atomType">
                    <v1:Literal Value="0.0" xsi:type="v1:realType"/>
                </v1:Arg>
                <v1:Arg xsi:type="v1:atomType">
                    <v1:Literal Value="0.5" xsi:type="v1:realType"/>
                </v1:Arg>
            </v1:Condition>
            <v1:Condition xsi:type="v1:notBetweenPredType">
                <v1:Arg xsi:type="v1:columnReferenceType" Table="c" Name="POS_EQ_RA"/>
                <v1:Arg xsi:type="v1:atomType">
                    <v1:Literal Value="0.1" xsi:type="v1:realType"/>
                </v1:Arg>
                <v1:Arg xsi:type="v1:atomType">
                    <v1:Literal Value="0.4" xsi:type="v1:realType"/>
                </v1:Arg>
            </v1:Condition>
        </v1:Condition>
    </v1:Where>
</v1:Select>
------------------------------------------------
Compiling selectBinaries.adqls
------------------------------------------------
== From: ===>
select top 100  a.POS_EQ_RA + a.POS_EQ_DEC, 
                a.POS_EQ_RA - a.POS_EQ_DEC, 
                a.POS_EQ_RA * a.POS_EQ_DEC, 
                a.POS_EQ_RA / a.POS_EQ_DEC
from catalogue as a ;
 

Compilation suceeded...
==== To: ===>
<v1:Select xmlns:v1="http://www.ivoa.net/xml/ADQL/v1.0">
    <v1:Restrict Top="100"/>
    <v1:SelectionList>
        <v1:Item xsi:type="v1:binaryExprType" Oper="+" xmlns:xsi="http://www.w3.org/2001/XMLSchema-instance">
            <v1:Arg xsi:type="v1:columnReferenceType" Table="a" Name="POS_EQ_RA"/>
            <v1:Arg xsi:type="v1:columnReferenceType" Table="a" Name="POS_EQ_DEC"/>
        </v1:Item>
        <v1:Item xsi:type="v1:binaryExprType" Oper="-" xmlns:xsi="http://www.w3.org/2001/XMLSchema-instance">
            <v1:Arg xsi:type="v1:columnReferenceType" Table="a" Name="POS_EQ_RA"/>
            <v1:Arg xsi:type="v1:columnReferenceType" Table="a" Name="POS_EQ_DEC"/>
        </v1:Item>
        <v1:Item xsi:type="v1:binaryExprType" Oper="*" xmlns:xsi="http://www.w3.org/2001/XMLSchema-instance">
            <v1:Arg xsi:type="v1:columnReferenceType" Table="a" Name="POS_EQ_RA"/>
            <v1:Arg xsi:type="v1:columnReferenceType" Table="a" Name="POS_EQ_DEC"/>
        </v1:Item>
        <v1:Item xsi:type="v1:binaryExprType" Oper="/" xmlns:xsi="http://www.w3.org/2001/XMLSchema-instance">
            <v1:Arg xsi:type="v1:columnReferenceType" Table="a" Name="POS_EQ_RA"/>
            <v1:Arg xsi:type="v1:columnReferenceType" Table="a" Name="POS_EQ_DEC"/>
        </v1:Item>
    </v1:SelectionList>
    <v1:From>
        <v1:Table xsi:type="v1:tableType" Name="catalogue" Alias="a" xmlns:xsi="http://www.w3.org/2001/XMLSchema-instance"/>
    </v1:From>
</v1:Select>
------------------------------------------------
Compiling selectBoolOps.adqls
------------------------------------------------
== From: ===>
select top 100  a.POS_EQ_RA, a.POS_EQ_DEC from catalogue as a 
where 
( ( not a.POS_EQ_RA = a.POS_EQ_DEC ) OR ( a.POS_EQ_RA = a.POS_EQ_DEC ) ) AND ( a.POS_EQ_RA > a.POS_EQ_DEC ) ;


Compilation suceeded...
==== To: ===>
<v1:Select xmlns:v1="http://www.ivoa.net/xml/ADQL/v1.0">
    <v1:Restrict Top="100"/>
    <v1:SelectionList>
        <v1:Item xsi:type="v1:columnReferenceType" Table="a" Name="POS_EQ_RA" xmlns:xsi="http://www.w3.org/2001/XMLSchema-instance"/>
        <v1:Item xsi:type="v1:columnReferenceType" Table="a" Name="POS_EQ_DEC" xmlns:xsi="http://www.w3.org/2001/XMLSchema-instance"/>
    </v1:SelectionList>
    <v1:From>
        <v1:Table xsi:type="v1:tableType" Name="catalogue" Alias="a" xmlns:xsi="http://www.w3.org/2001/XMLSchema-instance"/>
    </v1:From>
    <v1:Where>
        <v1:Condition xsi:type="v1:intersectionSearchType" xmlns:xsi="http://www.w3.org/2001/XMLSchema-instance">
            <v1:Condition xsi:type="v1:closedSearchType">
                <v1:Condition xsi:type="v1:unionSearchType">
                    <v1:Condition xsi:type="v1:closedSearchType">
                        <v1:Condition xsi:type="v1:inverseSearchType">
                            <v1:Condition xsi:type="v1:comparisonPredType" Comparison="=">
                                <v1:Arg xsi:type="v1:columnReferenceType" Table="a" Name="POS_EQ_RA"/>
                                <v1:Arg xsi:type="v1:columnReferenceType" Table="a" Name="POS_EQ_DEC"/>
                            </v1:Condition>
                        </v1:Condition>
                    </v1:Condition>
                    <v1:Condition xsi:type="v1:closedSearchType">
                        <v1:Condition xsi:type="v1:comparisonPredType" Comparison="=">
                            <v1:Arg xsi:type="v1:columnReferenceType" Table="a" Name="POS_EQ_RA"/>
                            <v1:Arg xsi:type="v1:columnReferenceType" Table="a" Name="POS_EQ_DEC"/>
                        </v1:Condition>
                    </v1:Condition>
                </v1:Condition>
            </v1:Condition>
            <v1:Condition xsi:type="v1:closedSearchType">
                <v1:Condition xsi:type="v1:comparisonPredType" Comparison=">">
                    <v1:Arg xsi:type="v1:columnReferenceType" Table="a" Name="POS_EQ_RA"/>
                    <v1:Arg xsi:type="v1:columnReferenceType" Table="a" Name="POS_EQ_DEC"/>
                </v1:Condition>
            </v1:Condition>
        </v1:Condition>
    </v1:Where>
</v1:Select>
------------------------------------------------
Compiling selectComparisonOps.adqls
------------------------------------------------
== From: ===>
SELECT TOP 100 a.POS_EQ_RA, a.POS_EQ_DEC 
FROM catalogue as a 
WHERE a.POS_EQ_RA=a.POS_EQ_DEC
      AND
      a.POS_EQ_RA<>a.POS_EQ_DEC
      AND
      a.POS_EQ_RA>a.POS_EQ_DEC
      AND
      a.POS_EQ_RA>=a.POS_EQ_DEC
      AND
      a.POS_EQ_RA<a.POS_EQ_DEC
      AND
      a.POS_EQ_RA<=a.POS_EQ_DEC ;

Compilation suceeded...
==== To: ===>
<v1:Select xmlns:v1="http://www.ivoa.net/xml/ADQL/v1.0">
    <v1:Restrict Top="100"/>
    <v1:SelectionList>
        <v1:Item xsi:type="v1:columnReferenceType" Table="a" Name="POS_EQ_RA" xmlns:xsi="http://www.w3.org/2001/XMLSchema-instance"/>
        <v1:Item xsi:type="v1:columnReferenceType" Table="a" Name="POS_EQ_DEC" xmlns:xsi="http://www.w3.org/2001/XMLSchema-instance"/>
    </v1:SelectionList>
    <v1:From>
        <v1:Table xsi:type="v1:tableType" Name="catalogue" Alias="a" xmlns:xsi="http://www.w3.org/2001/XMLSchema-instance"/>
    </v1:From>
    <v1:Where>
        <v1:Condition xsi:type="v1:intersectionSearchType" xmlns:xsi="http://www.w3.org/2001/XMLSchema-instance">
            <v1:Condition xsi:type="v1:comparisonPredType" Comparison="=">
                <v1:Arg xsi:type="v1:columnReferenceType" Table="a" Name="POS_EQ_RA"/>
                <v1:Arg xsi:type="v1:columnReferenceType" Table="a" Name="POS_EQ_DEC"/>
            </v1:Condition>
            <v1:Condition xsi:type="v1:intersectionSearchType">
                <v1:Condition xsi:type="v1:comparisonPredType" Comparison="&lt;>">
                    <v1:Arg xsi:type="v1:columnReferenceType" Table="a" Name="POS_EQ_RA"/>
                    <v1:Arg xsi:type="v1:columnReferenceType" Table="a" Name="POS_EQ_DEC"/>
                </v1:Condition>
                <v1:Condition xsi:type="v1:intersectionSearchType">
                    <v1:Condition xsi:type="v1:comparisonPredType" Comparison=">">
                        <v1:Arg xsi:type="v1:columnReferenceType" Table="a" Name="POS_EQ_RA"/>
                        <v1:Arg xsi:type="v1:columnReferenceType" Table="a" Name="POS_EQ_DEC"/>
                    </v1:Condition>
                    <v1:Condition xsi:type="v1:intersectionSearchType">
                        <v1:Condition xsi:type="v1:comparisonPredType" Comparison=">=">
                            <v1:Arg xsi:type="v1:columnReferenceType" Table="a" Name="POS_EQ_RA"/>
                            <v1:Arg xsi:type="v1:columnReferenceType" Table="a" Name="POS_EQ_DEC"/>
                        </v1:Condition>
                        <v1:Condition xsi:type="v1:intersectionSearchType">
                            <v1:Condition xsi:type="v1:comparisonPredType" Comparison="&lt;">
                                <v1:Arg xsi:type="v1:columnReferenceType" Table="a" Name="POS_EQ_RA"/>
                                <v1:Arg xsi:type="v1:columnReferenceType" Table="a" Name="POS_EQ_DEC"/>
                            </v1:Condition>
                            <v1:Condition xsi:type="v1:comparisonPredType" Comparison="&lt;=">
                                <v1:Arg xsi:type="v1:columnReferenceType" Table="a" Name="POS_EQ_RA"/>
                                <v1:Arg xsi:type="v1:columnReferenceType" Table="a" Name="POS_EQ_DEC"/>
                            </v1:Condition>
                        </v1:Condition>
                    </v1:Condition>
                </v1:Condition>
            </v1:Condition>
        </v1:Condition>
    </v1:Where>
</v1:Select>
------------------------------------------------
Compiling selectDistinct.adqls
------------------------------------------------
== From: ===>
Select DISTINCT * From catalogue as a ;


Compilation suceeded...
==== To: ===>
<v1:Select xmlns:v1="http://www.ivoa.net/xml/ADQL/v1.0">
    <v1:Allow Option="DISTINCT"/>
    <v1:SelectionList>
        <v1:Item xsi:type="v1:allSelectionItemType" xmlns:xsi="http://www.w3.org/2001/XMLSchema-instance"/>
    </v1:SelectionList>
    <v1:From>
        <v1:Table xsi:type="v1:tableType" Name="catalogue" Alias="a" xmlns:xsi="http://www.w3.org/2001/XMLSchema-instance"/>
    </v1:From>
</v1:Select>
------------------------------------------------
Compiling selectExpr1.adqls
------------------------------------------------
== From: ===>
select SIN(a.POS_EQ_RA) from catalogue as a ;

Compilation suceeded...
==== To: ===>
<v1:Select xmlns:v1="http://www.ivoa.net/xml/ADQL/v1.0">
    <v1:SelectionList>
        <v1:Item xsi:type="v1:trigonometricFunctionType" Name="SIN" xmlns:xsi="http://www.w3.org/2001/XMLSchema-instance">
            <v1:Arg xsi:type="v1:columnReferenceType" Table="a" Name="POS_EQ_RA"/>
        </v1:Item>
    </v1:SelectionList>
    <v1:From>
        <v1:Table xsi:type="v1:tableType" Name="catalogue" Alias="a" xmlns:xsi="http://www.w3.org/2001/XMLSchema-instance"/>
    </v1:From>
</v1:Select>
------------------------------------------------
Compiling selectExpr2.adqls
------------------------------------------------
== From: ===>
select a.POS_EQ_RA / a.POS_EQ_DEC from catalogue as a ;


Compilation suceeded...
==== To: ===>
<v1:Select xmlns:v1="http://www.ivoa.net/xml/ADQL/v1.0">
    <v1:SelectionList>
        <v1:Item xsi:type="v1:binaryExprType" Oper="/" xmlns:xsi="http://www.w3.org/2001/XMLSchema-instance">
            <v1:Arg xsi:type="v1:columnReferenceType" Table="a" Name="POS_EQ_RA"/>
            <v1:Arg xsi:type="v1:columnReferenceType" Table="a" Name="POS_EQ_DEC"/>
        </v1:Item>
    </v1:SelectionList>
    <v1:From>
        <v1:Table xsi:type="v1:tableType" Name="catalogue" Alias="a" xmlns:xsi="http://www.w3.org/2001/XMLSchema-instance"/>
    </v1:From>
</v1:Select>
------------------------------------------------
Compiling selectExprMixed1.adqls
------------------------------------------------
== From: ===>
Select  ( SIN(a.POS_EQ_RA) + COS(a.POS_EQ_DEC) )  /  ( SQRT(ABS(a.POS_EQ_RA)) - LOG(ABS(a.POS_EQ_DEC)) )     
From catalogue as a ;

Compilation suceeded...
==== To: ===>
<v1:Select xmlns:v1="http://www.ivoa.net/xml/ADQL/v1.0">
    <v1:SelectionList>
        <v1:Item xsi:type="v1:binaryExprType" Oper="/" xmlns:xsi="http://www.w3.org/2001/XMLSchema-instance">
            <v1:Arg xsi:type="v1:closedExprType">
                <v1:Arg xsi:type="v1:binaryExprType" Oper="+">
                    <v1:Arg xsi:type="v1:trigonometricFunctionType" Name="SIN">
                        <v1:Arg xsi:type="v1:columnReferenceType" Table="a" Name="POS_EQ_RA"/>
                    </v1:Arg>
                    <v1:Arg xsi:type="v1:trigonometricFunctionType" Name="COS">
                        <v1:Arg xsi:type="v1:columnReferenceType" Table="a" Name="POS_EQ_DEC"/>
                    </v1:Arg>
                </v1:Arg>
            </v1:Arg>
            <v1:Arg xsi:type="v1:closedExprType">
                <v1:Arg xsi:type="v1:binaryExprType" Oper="-">
                    <v1:Arg xsi:type="v1:mathFunctionType" Name="SQRT">
                        <v1:Arg xsi:type="v1:mathFunctionType" Name="ABS">
                            <v1:Arg xsi:type="v1:columnReferenceType" Table="a" Name="POS_EQ_RA"/>
                        </v1:Arg>
                    </v1:Arg>
                    <v1:Arg xsi:type="v1:mathFunctionType" Name="LOG">
                        <v1:Arg xsi:type="v1:mathFunctionType" Name="ABS">
                            <v1:Arg xsi:type="v1:columnReferenceType" Table="a" Name="POS_EQ_DEC"/>
                        </v1:Arg>
                    </v1:Arg>
                </v1:Arg>
            </v1:Arg>
        </v1:Item>
    </v1:SelectionList>
    <v1:From>
        <v1:Table xsi:type="v1:tableType" Name="catalogue" Alias="a" xmlns:xsi="http://www.w3.org/2001/XMLSchema-instance"/>
    </v1:From>
</v1:Select>
------------------------------------------------
Compiling selectExprMultiAlias.adqls
------------------------------------------------
== From: ===>
Select  ( SIN(a.POS_EQ_RA) + COS(b.POS_EQ_DEC) )   /   ( SQRT(ABS(c.POS_EQ_RA)) - LOG(ABS(d.POS_EQ_DEC)) )     
From catalogue as a, catalogue as b, catalogue as c, catalogue as d ;

Compilation suceeded...
==== To: ===>
<v1:Select xmlns:v1="http://www.ivoa.net/xml/ADQL/v1.0">
    <v1:SelectionList>
        <v1:Item xsi:type="v1:binaryExprType" Oper="/" xmlns:xsi="http://www.w3.org/2001/XMLSchema-instance">
            <v1:Arg xsi:type="v1:closedExprType">
                <v1:Arg xsi:type="v1:binaryExprType" Oper="+">
                    <v1:Arg xsi:type="v1:trigonometricFunctionType" Name="SIN">
                        <v1:Arg xsi:type="v1:columnReferenceType" Table="a" Name="POS_EQ_RA"/>
                    </v1:Arg>
                    <v1:Arg xsi:type="v1:trigonometricFunctionType" Name="COS">
                        <v1:Arg xsi:type="v1:columnReferenceType" Table="b" Name="POS_EQ_DEC"/>
                    </v1:Arg>
                </v1:Arg>
            </v1:Arg>
            <v1:Arg xsi:type="v1:closedExprType">
                <v1:Arg xsi:type="v1:binaryExprType" Oper="-">
                    <v1:Arg xsi:type="v1:mathFunctionType" Name="SQRT">
                        <v1:Arg xsi:type="v1:mathFunctionType" Name="ABS">
                            <v1:Arg xsi:type="v1:columnReferenceType" Table="c" Name="POS_EQ_RA"/>
                        </v1:Arg>
                    </v1:Arg>
                    <v1:Arg xsi:type="v1:mathFunctionType" Name="LOG">
                        <v1:Arg xsi:type="v1:mathFunctionType" Name="ABS">
                            <v1:Arg xsi:type="v1:columnReferenceType" Table="d" Name="POS_EQ_DEC"/>
                        </v1:Arg>
                    </v1:Arg>
                </v1:Arg>
            </v1:Arg>
        </v1:Item>
    </v1:SelectionList>
    <v1:From>
        <v1:Table xsi:type="v1:tableType" Name="catalogue" Alias="a" xmlns:xsi="http://www.w3.org/2001/XMLSchema-instance"/>
        <v1:Table xsi:type="v1:tableType" Name="catalogue" Alias="b" xmlns:xsi="http://www.w3.org/2001/XMLSchema-instance"/>
        <v1:Table xsi:type="v1:tableType" Name="catalogue" Alias="c" xmlns:xsi="http://www.w3.org/2001/XMLSchema-instance"/>
        <v1:Table xsi:type="v1:tableType" Name="catalogue" Alias="d" xmlns:xsi="http://www.w3.org/2001/XMLSchema-instance"/>
    </v1:From>
</v1:Select>
------------------------------------------------
Compiling selectExprSum.adqls
------------------------------------------------
== From: ===>
Select SUM(a.POS_EQ_RA)  From catalogue as a ;

Compilation suceeded...
==== To: ===>
<v1:Select xmlns:v1="http://www.ivoa.net/xml/ADQL/v1.0">
    <v1:SelectionList>
        <v1:Item xsi:type="v1:aggregateFunctionType" Name="SUM" xmlns:xsi="http://www.w3.org/2001/XMLSchema-instance">
            <v1:Arg xsi:type="v1:columnReferenceType" Table="a" Name="POS_EQ_RA"/>
        </v1:Item>
    </v1:SelectionList>
    <v1:From>
        <v1:Table xsi:type="v1:tableType" Name="catalogue" Alias="a" xmlns:xsi="http://www.w3.org/2001/XMLSchema-instance"/>
    </v1:From>
</v1:Select>
------------------------------------------------
Compiling selectExprUnary.adqls
------------------------------------------------
== From: ===>
Select +a.POS_EQ_RA From catalogue as a ;

Compilation suceeded...
==== To: ===>
<v1:Select xmlns:v1="http://www.ivoa.net/xml/ADQL/v1.0">
    <v1:SelectionList>
        <v1:Item xsi:type="v1:unaryExprType" Oper="+" xmlns:xsi="http://www.w3.org/2001/XMLSchema-instance">
            <v1:Arg xsi:type="v1:columnReferenceType" Table="a" Name="POS_EQ_RA"/>
        </v1:Item>
    </v1:SelectionList>
    <v1:From>
        <v1:Table xsi:type="v1:tableType" Name="catalogue" Alias="a" xmlns:xsi="http://www.w3.org/2001/XMLSchema-instance"/>
    </v1:From>
</v1:Select>
------------------------------------------------
Compiling selectFromNoAlias.adqls
------------------------------------------------
== From: ===>
Select * From catalogue Where catalogue.POS_EQ_DEC<0.0 ;

Compilation suceeded...
==== To: ===>
<v1:Select xmlns:v1="http://www.ivoa.net/xml/ADQL/v1.0">
    <v1:SelectionList>
        <v1:Item xsi:type="v1:allSelectionItemType" xmlns:xsi="http://www.w3.org/2001/XMLSchema-instance"/>
    </v1:SelectionList>
    <v1:From>
        <v1:Table xsi:type="v1:tableType" Name="catalogue" xmlns:xsi="http://www.w3.org/2001/XMLSchema-instance"/>
    </v1:From>
    <v1:Where>
        <v1:Condition xsi:type="v1:comparisonPredType" Comparison="&lt;" xmlns:xsi="http://www.w3.org/2001/XMLSchema-instance">
            <v1:Arg xsi:type="v1:columnReferenceType" Table="catalogue" Name="POS_EQ_DEC"/>
            <v1:Arg xsi:type="v1:atomType">
                <v1:Literal Value="0.0" xsi:type="v1:realType"/>
            </v1:Arg>
        </v1:Condition>
    </v1:Where>
</v1:Select>
------------------------------------------------
Compiling selectGroupBy.adqls
------------------------------------------------
== From: ===>
Select * From catalogue as a Group By a.POS_EQ_RA, a.POS_EQ_DEC ;

Compilation suceeded...
==== To: ===>
<v1:Select xmlns:v1="http://www.ivoa.net/xml/ADQL/v1.0">
    <v1:SelectionList>
        <v1:Item xsi:type="v1:allSelectionItemType" xmlns:xsi="http://www.w3.org/2001/XMLSchema-instance"/>
    </v1:SelectionList>
    <v1:From>
        <v1:Table xsi:type="v1:tableType" Name="catalogue" Alias="a" xmlns:xsi="http://www.w3.org/2001/XMLSchema-instance"/>
    </v1:From>
    <v1:GroupBy>
        <v1:Column Table="a" Name="POS_EQ_RA"/>
        <v1:Column Table="a" Name="POS_EQ_DEC"/>
    </v1:GroupBy>
</v1:Select>
------------------------------------------------
Compiling selectLogPowMathsFuncs.adqls
------------------------------------------------
== From: ===>
Select Top 100 EXP( ABS(a.POS_RA_MAIN) + 1.0  ) , 
               LOG( ABS(a.POS_RA_MAIN) ) , 
               SQRT( a.POS_RA_MAIN * a.POS_RA_MAIN  ) , 
               SQUARE( a.POS_RA_MAIN ) , 
               LOG10( ABS(a.POS_RA_MAIN) + 1.0  )  
From catalogue as a ;

Compilation suceeded...
==== To: ===>
<v1:Select xmlns:v1="http://www.ivoa.net/xml/ADQL/v1.0">
    <v1:Restrict Top="100"/>
    <v1:SelectionList>
        <v1:Item xsi:type="v1:mathFunctionType" Name="EXP" xmlns:xsi="http://www.w3.org/2001/XMLSchema-instance">
            <v1:Arg xsi:type="v1:binaryExprType" Oper="+">
                <v1:Arg xsi:type="v1:mathFunctionType" Name="ABS">
                    <v1:Arg xsi:type="v1:columnReferenceType" Table="a" Name="POS_RA_MAIN"/>
                </v1:Arg>
                <v1:Arg xsi:type="v1:atomType">
                    <v1:Literal Value="1.0" xsi:type="v1:realType"/>
                </v1:Arg>
            </v1:Arg>
        </v1:Item>
        <v1:Item xsi:type="v1:mathFunctionType" Name="LOG" xmlns:xsi="http://www.w3.org/2001/XMLSchema-instance">
            <v1:Arg xsi:type="v1:mathFunctionType" Name="ABS">
                <v1:Arg xsi:type="v1:columnReferenceType" Table="a" Name="POS_RA_MAIN"/>
            </v1:Arg>
        </v1:Item>
        <v1:Item xsi:type="v1:mathFunctionType" Name="SQRT" xmlns:xsi="http://www.w3.org/2001/XMLSchema-instance">
            <v1:Arg xsi:type="v1:binaryExprType" Oper="*">
                <v1:Arg xsi:type="v1:columnReferenceType" Table="a" Name="POS_RA_MAIN"/>
                <v1:Arg xsi:type="v1:columnReferenceType" Table="a" Name="POS_RA_MAIN"/>
            </v1:Arg>
        </v1:Item>
        <v1:Item xsi:type="v1:mathFunctionType" Name="SQUARE" xmlns:xsi="http://www.w3.org/2001/XMLSchema-instance">
            <v1:Arg xsi:type="v1:columnReferenceType" Table="a" Name="POS_RA_MAIN"/>
        </v1:Item>
        <v1:Item xsi:type="v1:mathFunctionType" Name="LOG10" xmlns:xsi="http://www.w3.org/2001/XMLSchema-instance">
            <v1:Arg xsi:type="v1:binaryExprType" Oper="+">
                <v1:Arg xsi:type="v1:mathFunctionType" Name="ABS">
                    <v1:Arg xsi:type="v1:columnReferenceType" Table="a" Name="POS_RA_MAIN"/>
                </v1:Arg>
                <v1:Arg xsi:type="v1:atomType">
                    <v1:Literal Value="1.0" xsi:type="v1:realType"/>
                </v1:Arg>
            </v1:Arg>
        </v1:Item>
    </v1:SelectionList>
    <v1:From>
        <v1:Table xsi:type="v1:tableType" Name="catalogue" Alias="a" xmlns:xsi="http://www.w3.org/2001/XMLSchema-instance"/>
    </v1:From>
</v1:Select>
------------------------------------------------
Compiling selectMultiTabMultiAlias1.adqls
------------------------------------------------
== From: ===>
Select a1.POS_EQ_RA, a2.POS_EQ_DEC, b1.ID_FIELD, b2.CODE_QUALITY From catalogueA as a1, catalogueA as a2, catalogueB as b1, catalogueB as b2 ;

Compilation suceeded...
==== To: ===>
<v1:Select xmlns:v1="http://www.ivoa.net/xml/ADQL/v1.0">
    <v1:SelectionList>
        <v1:Item xsi:type="v1:columnReferenceType" Table="a1" Name="POS_EQ_RA" xmlns:xsi="http://www.w3.org/2001/XMLSchema-instance"/>
        <v1:Item xsi:type="v1:columnReferenceType" Table="a2" Name="POS_EQ_DEC" xmlns:xsi="http://www.w3.org/2001/XMLSchema-instance"/>
        <v1:Item xsi:type="v1:columnReferenceType" Table="b1" Name="ID_FIELD" xmlns:xsi="http://www.w3.org/2001/XMLSchema-instance"/>
        <v1:Item xsi:type="v1:columnReferenceType" Table="b2" Name="CODE_QUALITY" xmlns:xsi="http://www.w3.org/2001/XMLSchema-instance"/>
    </v1:SelectionList>
    <v1:From>
        <v1:Table xsi:type="v1:tableType" Name="catalogueA" Alias="a1" xmlns:xsi="http://www.w3.org/2001/XMLSchema-instance"/>
        <v1:Table xsi:type="v1:tableType" Name="catalogueA" Alias="a2" xmlns:xsi="http://www.w3.org/2001/XMLSchema-instance"/>
        <v1:Table xsi:type="v1:tableType" Name="catalogueB" Alias="b1" xmlns:xsi="http://www.w3.org/2001/XMLSchema-instance"/>
        <v1:Table xsi:type="v1:tableType" Name="catalogueB" Alias="b2" xmlns:xsi="http://www.w3.org/2001/XMLSchema-instance"/>
    </v1:From>
</v1:Select>
------------------------------------------------
Compiling selectOneTableTwoCols.adqls
------------------------------------------------
== From: ===>
Select a.POS_EQ_RA, a.POS_EQ_DEC From catalogue as a ;

Compilation suceeded...
==== To: ===>
<v1:Select xmlns:v1="http://www.ivoa.net/xml/ADQL/v1.0">
    <v1:SelectionList>
        <v1:Item xsi:type="v1:columnReferenceType" Table="a" Name="POS_EQ_RA" xmlns:xsi="http://www.w3.org/2001/XMLSchema-instance"/>
        <v1:Item xsi:type="v1:columnReferenceType" Table="a" Name="POS_EQ_DEC" xmlns:xsi="http://www.w3.org/2001/XMLSchema-instance"/>
    </v1:SelectionList>
    <v1:From>
        <v1:Table xsi:type="v1:tableType" Name="catalogue" Alias="a" xmlns:xsi="http://www.w3.org/2001/XMLSchema-instance"/>
    </v1:From>
</v1:Select>
------------------------------------------------
Compiling selectOrderByCol.adqls
------------------------------------------------
== From: ===>
Select * From catalogue as b Order By b.POS_EQ_DEC ; 

Compilation suceeded...
==== To: ===>
<v1:Select xmlns:v1="http://www.ivoa.net/xml/ADQL/v1.0">
    <v1:SelectionList>
        <v1:Item xsi:type="v1:allSelectionItemType" xmlns:xsi="http://www.w3.org/2001/XMLSchema-instance"/>
    </v1:SelectionList>
    <v1:From>
        <v1:Table xsi:type="v1:tableType" Name="catalogue" Alias="b" xmlns:xsi="http://www.w3.org/2001/XMLSchema-instance"/>
    </v1:From>
    <v1:OrderBy>
        <v1:Item>
            <v1:Expression xsi:type="v1:columnReferenceType" Table="b" Name="POS_EQ_DEC" xmlns:xsi="http://www.w3.org/2001/XMLSchema-instance"/>
            <v1:Order Direction="ASC"/>
        </v1:Item>
    </v1:OrderBy>
</v1:Select>
------------------------------------------------
Compiling selectOrderByComplex.adqls
------------------------------------------------
== From: ===>
Select * From catalogue as a Order By a.POS_EQ_RA ASC, ABS(a.POS_EQ_DEC)  DESC, a.PHOT_FLUX_PEAK+a.PHOT_FLUX_INT ASC ;

Compilation suceeded...
==== To: ===>
<v1:Select xmlns:v1="http://www.ivoa.net/xml/ADQL/v1.0">
    <v1:SelectionList>
        <v1:Item xsi:type="v1:allSelectionItemType" xmlns:xsi="http://www.w3.org/2001/XMLSchema-instance"/>
    </v1:SelectionList>
    <v1:From>
        <v1:Table xsi:type="v1:tableType" Name="catalogue" Alias="a" xmlns:xsi="http://www.w3.org/2001/XMLSchema-instance"/>
    </v1:From>
    <v1:OrderBy>
        <v1:Item>
            <v1:Expression xsi:type="v1:columnReferenceType" Table="a" Name="POS_EQ_RA" xmlns:xsi="http://www.w3.org/2001/XMLSchema-instance"/>
            <v1:Order Direction="ASC"/>
        </v1:Item>
        <v1:Item>
            <v1:Expression xsi:type="v1:mathFunctionType" Name="ABS" xmlns:xsi="http://www.w3.org/2001/XMLSchema-instance">
                <v1:Arg xsi:type="v1:columnReferenceType" Table="a" Name="POS_EQ_DEC"/>
            </v1:Expression>
            <v1:Order Direction="DESC"/>
        </v1:Item>
        <v1:Item>
            <v1:Expression xsi:type="v1:binaryExprType" Oper="+" xmlns:xsi="http://www.w3.org/2001/XMLSchema-instance">
                <v1:Arg xsi:type="v1:columnReferenceType" Table="a" Name="PHOT_FLUX_PEAK"/>
                <v1:Arg xsi:type="v1:columnReferenceType" Table="a" Name="PHOT_FLUX_INT"/>
            </v1:Expression>
            <v1:Order Direction="ASC"/>
        </v1:Item>
    </v1:OrderBy>
</v1:Select>
------------------------------------------------
Compiling selectSome.adqls
------------------------------------------------
== From: ===>
Select a.POS_EQ_RA, a.POS_EQ_DEC, a.ID_FIELD, a.CODE_QUALITY, a.PHOT_FLUX_PEAK From catalogue as a ;

Compilation suceeded...
==== To: ===>
<v1:Select xmlns:v1="http://www.ivoa.net/xml/ADQL/v1.0">
    <v1:SelectionList>
        <v1:Item xsi:type="v1:columnReferenceType" Table="a" Name="POS_EQ_RA" xmlns:xsi="http://www.w3.org/2001/XMLSchema-instance"/>
        <v1:Item xsi:type="v1:columnReferenceType" Table="a" Name="POS_EQ_DEC" xmlns:xsi="http://www.w3.org/2001/XMLSchema-instance"/>
        <v1:Item xsi:type="v1:columnReferenceType" Table="a" Name="ID_FIELD" xmlns:xsi="http://www.w3.org/2001/XMLSchema-instance"/>
        <v1:Item xsi:type="v1:columnReferenceType" Table="a" Name="CODE_QUALITY" xmlns:xsi="http://www.w3.org/2001/XMLSchema-instance"/>
        <v1:Item xsi:type="v1:columnReferenceType" Table="a" Name="PHOT_FLUX_PEAK" xmlns:xsi="http://www.w3.org/2001/XMLSchema-instance"/>
    </v1:SelectionList>
    <v1:From>
        <v1:Table xsi:type="v1:tableType" Name="catalogue" Alias="a" xmlns:xsi="http://www.w3.org/2001/XMLSchema-instance"/>
    </v1:From>
</v1:Select>
------------------------------------------------
Compiling selectTrigFuncsDeg.adqls
------------------------------------------------
== From: ===>
Select Top 100 SIN(DEGREES(RADIANS(a.POS_EQ_RA) ) ) , 
               COS(DEGREES(RADIANS(a.POS_EQ_RA) ) ) , 
               TAN(DEGREES(RADIANS(a.POS_EQ_RA) ) ) , 
               COT(DEGREES(RADIANS(a.POS_EQ_RA) ) ) , 
               ASIN(DEGREES(RADIANS(a.POS_EQ_RA) ) ) , 
               ACOS(DEGREES(RADIANS(a.POS_EQ_RA) ) ) , 
               ATAN(DEGREES(RADIANS(a.POS_EQ_RA) ) ) , 
               ATAN2(DEGREES(RADIANS(a.POS_EQ_RA)), DEGREES(RADIANS(a.POS_EQ_DEC)) )  
From catalogue as a 

Compilation suceeded...
==== To: ===>
<v1:Select xmlns:v1="http://www.ivoa.net/xml/ADQL/v1.0">
    <v1:Restrict Top="100"/>
    <v1:SelectionList>
        <v1:Item xsi:type="v1:trigonometricFunctionType" Name="SIN" xmlns:xsi="http://www.w3.org/2001/XMLSchema-instance">
            <v1:Arg xsi:type="v1:mathFunctionType" Name="DEGREES">
                <v1:Arg xsi:type="v1:mathFunctionType" Name="RADIANS">
                    <v1:Arg xsi:type="v1:columnReferenceType" Table="a" Name="POS_EQ_RA"/>
                </v1:Arg>
            </v1:Arg>
        </v1:Item>
        <v1:Item xsi:type="v1:trigonometricFunctionType" Name="COS" xmlns:xsi="http://www.w3.org/2001/XMLSchema-instance">
            <v1:Arg xsi:type="v1:mathFunctionType" Name="DEGREES">
                <v1:Arg xsi:type="v1:mathFunctionType" Name="RADIANS">
                    <v1:Arg xsi:type="v1:columnReferenceType" Table="a" Name="POS_EQ_RA"/>
                </v1:Arg>
            </v1:Arg>
        </v1:Item>
        <v1:Item xsi:type="v1:trigonometricFunctionType" Name="TAN" xmlns:xsi="http://www.w3.org/2001/XMLSchema-instance">
            <v1:Arg xsi:type="v1:mathFunctionType" Name="DEGREES">
                <v1:Arg xsi:type="v1:mathFunctionType" Name="RADIANS">
                    <v1:Arg xsi:type="v1:columnReferenceType" Table="a" Name="POS_EQ_RA"/>
                </v1:Arg>
            </v1:Arg>
        </v1:Item>
        <v1:Item xsi:type="v1:trigonometricFunctionType" Name="COT" xmlns:xsi="http://www.w3.org/2001/XMLSchema-instance">
            <v1:Arg xsi:type="v1:mathFunctionType" Name="DEGREES">
                <v1:Arg xsi:type="v1:mathFunctionType" Name="RADIANS">
                    <v1:Arg xsi:type="v1:columnReferenceType" Table="a" Name="POS_EQ_RA"/>
                </v1:Arg>
            </v1:Arg>
        </v1:Item>
        <v1:Item xsi:type="v1:trigonometricFunctionType" Name="ASIN" xmlns:xsi="http://www.w3.org/2001/XMLSchema-instance">
            <v1:Arg xsi:type="v1:mathFunctionType" Name="DEGREES">
                <v1:Arg xsi:type="v1:mathFunctionType" Name="RADIANS">
                    <v1:Arg xsi:type="v1:columnReferenceType" Table="a" Name="POS_EQ_RA"/>
                </v1:Arg>
            </v1:Arg>
        </v1:Item>
        <v1:Item xsi:type="v1:trigonometricFunctionType" Name="ACOS" xmlns:xsi="http://www.w3.org/2001/XMLSchema-instance">
            <v1:Arg xsi:type="v1:mathFunctionType" Name="DEGREES">
                <v1:Arg xsi:type="v1:mathFunctionType" Name="RADIANS">
                    <v1:Arg xsi:type="v1:columnReferenceType" Table="a" Name="POS_EQ_RA"/>
                </v1:Arg>
            </v1:Arg>
        </v1:Item>
        <v1:Item xsi:type="v1:trigonometricFunctionType" Name="ATAN" xmlns:xsi="http://www.w3.org/2001/XMLSchema-instance">
            <v1:Arg xsi:type="v1:mathFunctionType" Name="DEGREES">
                <v1:Arg xsi:type="v1:mathFunctionType" Name="RADIANS">
                    <v1:Arg xsi:type="v1:columnReferenceType" Table="a" Name="POS_EQ_RA"/>
                </v1:Arg>
            </v1:Arg>
        </v1:Item>
        <v1:Item xsi:type="v1:trigonometricFunctionType" Name="ATAN2" xmlns:xsi="http://www.w3.org/2001/XMLSchema-instance">
            <v1:Arg xsi:type="v1:mathFunctionType" Name="DEGREES">
                <v1:Arg xsi:type="v1:mathFunctionType" Name="RADIANS">
                    <v1:Arg xsi:type="v1:columnReferenceType" Table="a" Name="POS_EQ_RA"/>
                </v1:Arg>
            </v1:Arg>
            <v1:Arg xsi:type="v1:mathFunctionType" Name="DEGREES">
                <v1:Arg xsi:type="v1:mathFunctionType" Name="RADIANS">
                    <v1:Arg xsi:type="v1:columnReferenceType" Table="a" Name="POS_EQ_DEC"/>
                </v1:Arg>
            </v1:Arg>
        </v1:Item>
    </v1:SelectionList>
    <v1:From>
        <v1:Table xsi:type="v1:tableType" Name="catalogue" Alias="a" xmlns:xsi="http://www.w3.org/2001/XMLSchema-instance"/>
    </v1:From>
</v1:Select>
------------------------------------------------
Compiling selectTrigFuncsRad.adqls
------------------------------------------------
== From: ===>
Select Top 100 SIN(RADIANS(a.POS_EQ_RA) ) , 
               COS(RADIANS(a.POS_EQ_RA) ) , 
               TAN(RADIANS(a.POS_EQ_RA) ) , 
               COT(RADIANS(a.POS_EQ_RA) ) , 
               ASIN(RADIANS(a.POS_EQ_RA) ) , 
               ACOS(RADIANS(a.POS_EQ_RA) ) , 
               ATAN(RADIANS(a.POS_EQ_RA) ) , 
               ATAN2(RADIANS(a.POS_EQ_RA), RADIANS(a.POS_EQ_DEC))  
From catalogue as a 

Compilation suceeded...
==== To: ===>
<v1:Select xmlns:v1="http://www.ivoa.net/xml/ADQL/v1.0">
    <v1:Restrict Top="100"/>
    <v1:SelectionList>
        <v1:Item xsi:type="v1:trigonometricFunctionType" Name="SIN" xmlns:xsi="http://www.w3.org/2001/XMLSchema-instance">
            <v1:Arg xsi:type="v1:mathFunctionType" Name="RADIANS">
                <v1:Arg xsi:type="v1:columnReferenceType" Table="a" Name="POS_EQ_RA"/>
            </v1:Arg>
        </v1:Item>
        <v1:Item xsi:type="v1:trigonometricFunctionType" Name="COS" xmlns:xsi="http://www.w3.org/2001/XMLSchema-instance">
            <v1:Arg xsi:type="v1:mathFunctionType" Name="RADIANS">
                <v1:Arg xsi:type="v1:columnReferenceType" Table="a" Name="POS_EQ_RA"/>
            </v1:Arg>
        </v1:Item>
        <v1:Item xsi:type="v1:trigonometricFunctionType" Name="TAN" xmlns:xsi="http://www.w3.org/2001/XMLSchema-instance">
            <v1:Arg xsi:type="v1:mathFunctionType" Name="RADIANS">
                <v1:Arg xsi:type="v1:columnReferenceType" Table="a" Name="POS_EQ_RA"/>
            </v1:Arg>
        </v1:Item>
        <v1:Item xsi:type="v1:trigonometricFunctionType" Name="COT" xmlns:xsi="http://www.w3.org/2001/XMLSchema-instance">
            <v1:Arg xsi:type="v1:mathFunctionType" Name="RADIANS">
                <v1:Arg xsi:type="v1:columnReferenceType" Table="a" Name="POS_EQ_RA"/>
            </v1:Arg>
        </v1:Item>
        <v1:Item xsi:type="v1:trigonometricFunctionType" Name="ASIN" xmlns:xsi="http://www.w3.org/2001/XMLSchema-instance">
            <v1:Arg xsi:type="v1:mathFunctionType" Name="RADIANS">
                <v1:Arg xsi:type="v1:columnReferenceType" Table="a" Name="POS_EQ_RA"/>
            </v1:Arg>
        </v1:Item>
        <v1:Item xsi:type="v1:trigonometricFunctionType" Name="ACOS" xmlns:xsi="http://www.w3.org/2001/XMLSchema-instance">
            <v1:Arg xsi:type="v1:mathFunctionType" Name="RADIANS">
                <v1:Arg xsi:type="v1:columnReferenceType" Table="a" Name="POS_EQ_RA"/>
            </v1:Arg>
        </v1:Item>
        <v1:Item xsi:type="v1:trigonometricFunctionType" Name="ATAN" xmlns:xsi="http://www.w3.org/2001/XMLSchema-instance">
            <v1:Arg xsi:type="v1:mathFunctionType" Name="RADIANS">
                <v1:Arg xsi:type="v1:columnReferenceType" Table="a" Name="POS_EQ_RA"/>
            </v1:Arg>
        </v1:Item>
        <v1:Item xsi:type="v1:trigonometricFunctionType" Name="ATAN2" xmlns:xsi="http://www.w3.org/2001/XMLSchema-instance">
            <v1:Arg xsi:type="v1:mathFunctionType" Name="RADIANS">
                <v1:Arg xsi:type="v1:columnReferenceType" Table="a" Name="POS_EQ_RA"/>
            </v1:Arg>
            <v1:Arg xsi:type="v1:mathFunctionType" Name="RADIANS">
                <v1:Arg xsi:type="v1:columnReferenceType" Table="a" Name="POS_EQ_DEC"/>
            </v1:Arg>
        </v1:Item>
    </v1:SelectionList>
    <v1:From>
        <v1:Table xsi:type="v1:tableType" Name="catalogue" Alias="a" xmlns:xsi="http://www.w3.org/2001/XMLSchema-instance"/>
    </v1:From>
</v1:Select>
------------------------------------------------
Compiling selectTwoTablesFourCols.adqls
------------------------------------------------
== From: ===>
Select a.POS_EQ_RA, a.POS_EQ_DEC, b.ID_FIELD, b.CODE_QUALITY From catalogueA as a, catalogueB as b 

Compilation suceeded...
==== To: ===>
<v1:Select xmlns:v1="http://www.ivoa.net/xml/ADQL/v1.0">
    <v1:SelectionList>
        <v1:Item xsi:type="v1:columnReferenceType" Table="a" Name="POS_EQ_RA" xmlns:xsi="http://www.w3.org/2001/XMLSchema-instance"/>
        <v1:Item xsi:type="v1:columnReferenceType" Table="a" Name="POS_EQ_DEC" xmlns:xsi="http://www.w3.org/2001/XMLSchema-instance"/>
        <v1:Item xsi:type="v1:columnReferenceType" Table="b" Name="ID_FIELD" xmlns:xsi="http://www.w3.org/2001/XMLSchema-instance"/>
        <v1:Item xsi:type="v1:columnReferenceType" Table="b" Name="CODE_QUALITY" xmlns:xsi="http://www.w3.org/2001/XMLSchema-instance"/>
    </v1:SelectionList>
    <v1:From>
        <v1:Table xsi:type="v1:tableType" Name="catalogueA" Alias="a" xmlns:xsi="http://www.w3.org/2001/XMLSchema-instance"/>
        <v1:Table xsi:type="v1:tableType" Name="catalogueB" Alias="b" xmlns:xsi="http://www.w3.org/2001/XMLSchema-instance"/>
    </v1:From>
</v1:Select>
------------------------------------------------
Compiling selectTwoTablesFourColsNoAlias.adqls
------------------------------------------------
== From: ===>
Select catalogueA.POS_EQ_RA, catalogueA.POS_EQ_DEC, catalogueB.ID_FIELD, catalogueB.CODE_QUALITY From catalogueA, catalogueB 

Compilation suceeded...
==== To: ===>
<v1:Select xmlns:v1="http://www.ivoa.net/xml/ADQL/v1.0">
    <v1:SelectionList>
        <v1:Item xsi:type="v1:columnReferenceType" Table="catalogueA" Name="POS_EQ_RA" xmlns:xsi="http://www.w3.org/2001/XMLSchema-instance"/>
        <v1:Item xsi:type="v1:columnReferenceType" Table="catalogueA" Name="POS_EQ_DEC" xmlns:xsi="http://www.w3.org/2001/XMLSchema-instance"/>
        <v1:Item xsi:type="v1:columnReferenceType" Table="catalogueB" Name="ID_FIELD" xmlns:xsi="http://www.w3.org/2001/XMLSchema-instance"/>
        <v1:Item xsi:type="v1:columnReferenceType" Table="catalogueB" Name="CODE_QUALITY" xmlns:xsi="http://www.w3.org/2001/XMLSchema-instance"/>
    </v1:SelectionList>
    <v1:From>
        <v1:Table xsi:type="v1:tableType" Name="catalogueA" xmlns:xsi="http://www.w3.org/2001/XMLSchema-instance"/>
        <v1:Table xsi:type="v1:tableType" Name="catalogueB" xmlns:xsi="http://www.w3.org/2001/XMLSchema-instance"/>
    </v1:From>
</v1:Select>
------------------------------------------------
Compiling selectUnaries.adqls
------------------------------------------------
== From: ===>
Select Top 100 +a.POS_EQ_RA, -a.POS_EQ_RA From catalogue as a 

Compilation suceeded...
==== To: ===>
<v1:Select xmlns:v1="http://www.ivoa.net/xml/ADQL/v1.0">
    <v1:Restrict Top="100"/>
    <v1:SelectionList>
        <v1:Item xsi:type="v1:unaryExprType" Oper="+" xmlns:xsi="http://www.w3.org/2001/XMLSchema-instance">
            <v1:Arg xsi:type="v1:columnReferenceType" Table="a" Name="POS_EQ_RA"/>
        </v1:Item>
        <v1:Item xsi:type="v1:unaryExprType" Oper="-" xmlns:xsi="http://www.w3.org/2001/XMLSchema-instance">
            <v1:Arg xsi:type="v1:columnReferenceType" Table="a" Name="POS_EQ_RA"/>
        </v1:Item>
    </v1:SelectionList>
    <v1:From>
        <v1:Table xsi:type="v1:tableType" Name="catalogue" Alias="a" xmlns:xsi="http://www.w3.org/2001/XMLSchema-instance"/>
    </v1:From>
</v1:Select>
------------------------------------------------
Compiling selectValueTweakMathsFuncs.adqls
------------------------------------------------
== From: ===>
Select ABS(a.POS_EQ_RA) , CEILING(a.POS_EQ_RA) , FLOOR(a.POS_EQ_RA) , ROUND(a.POS_EQ_RA) , TRUNCATE(a.POS_EQ_RA)  From catalogue as a 

Compilation suceeded...
==== To: ===>
<v1:Select xmlns:v1="http://www.ivoa.net/xml/ADQL/v1.0">
    <v1:SelectionList>
        <v1:Item xsi:type="v1:mathFunctionType" Name="ABS" xmlns:xsi="http://www.w3.org/2001/XMLSchema-instance">
            <v1:Arg xsi:type="v1:columnReferenceType" Table="a" Name="POS_EQ_RA"/>
        </v1:Item>
        <v1:Item xsi:type="v1:mathFunctionType" Name="CEILING" xmlns:xsi="http://www.w3.org/2001/XMLSchema-instance">
            <v1:Arg xsi:type="v1:columnReferenceType" Table="a" Name="POS_EQ_RA"/>
        </v1:Item>
        <v1:Item xsi:type="v1:mathFunctionType" Name="FLOOR" xmlns:xsi="http://www.w3.org/2001/XMLSchema-instance">
            <v1:Arg xsi:type="v1:columnReferenceType" Table="a" Name="POS_EQ_RA"/>
        </v1:Item>
        <v1:Item xsi:type="v1:mathFunctionType" Name="ROUND" xmlns:xsi="http://www.w3.org/2001/XMLSchema-instance">
            <v1:Arg xsi:type="v1:columnReferenceType" Table="a" Name="POS_EQ_RA"/>
        </v1:Item>
        <v1:Item xsi:type="v1:mathFunctionType" Name="TRUNCATE" xmlns:xsi="http://www.w3.org/2001/XMLSchema-instance">
            <v1:Arg xsi:type="v1:columnReferenceType" Table="a" Name="POS_EQ_RA"/>
        </v1:Item>
    </v1:SelectionList>
    <v1:From>
        <v1:Table xsi:type="v1:tableType" Name="catalogue" Alias="a" xmlns:xsi="http://www.w3.org/2001/XMLSchema-instance"/>
    </v1:From>
</v1:Select>
------------------------------------------------
Compiling spectralLines.adqls
------------------------------------------------
== From: ===>
Select * From unified_lines as a Where 
(
  (
    a.frequency<=110 
    And
    a.frequency>=100
  ) 
  Or
  ( 
    a.frequency<=220 
    And 
    a.frequency>=210
  ) 
)
And
(
  a.lower_state_energy>=1000
)

Compilation suceeded...
==== To: ===>
<v1:Select xmlns:v1="http://www.ivoa.net/xml/ADQL/v1.0">
    <v1:SelectionList>
        <v1:Item xsi:type="v1:allSelectionItemType" xmlns:xsi="http://www.w3.org/2001/XMLSchema-instance"/>
    </v1:SelectionList>
    <v1:From>
        <v1:Table xsi:type="v1:tableType" Name="unified_lines" Alias="a" xmlns:xsi="http://www.w3.org/2001/XMLSchema-instance"/>
    </v1:From>
    <v1:Where>
        <v1:Condition xsi:type="v1:intersectionSearchType" xmlns:xsi="http://www.w3.org/2001/XMLSchema-instance">
            <v1:Condition xsi:type="v1:closedSearchType">
                <v1:Condition xsi:type="v1:unionSearchType">
                    <v1:Condition xsi:type="v1:closedSearchType">
                        <v1:Condition xsi:type="v1:intersectionSearchType">
                            <v1:Condition xsi:type="v1:comparisonPredType" Comparison="&lt;=">
                                <v1:Arg xsi:type="v1:columnReferenceType" Table="a" Name="frequency"/>
                                <v1:Arg xsi:type="v1:atomType">
                                    <v1:Literal Value="110" xsi:type="v1:integerType"/>
                                </v1:Arg>
                            </v1:Condition>
                            <v1:Condition xsi:type="v1:comparisonPredType" Comparison=">=">
                                <v1:Arg xsi:type="v1:columnReferenceType" Table="a" Name="frequency"/>
                                <v1:Arg xsi:type="v1:atomType">
                                    <v1:Literal Value="100" xsi:type="v1:integerType"/>
                                </v1:Arg>
                            </v1:Condition>
                        </v1:Condition>
                    </v1:Condition>
                    <v1:Condition xsi:type="v1:closedSearchType">
                        <v1:Condition xsi:type="v1:intersectionSearchType">
                            <v1:Condition xsi:type="v1:comparisonPredType" Comparison="&lt;=">
                                <v1:Arg xsi:type="v1:columnReferenceType" Table="a" Name="frequency"/>
                                <v1:Arg xsi:type="v1:atomType">
                                    <v1:Literal Value="220" xsi:type="v1:integerType"/>
                                </v1:Arg>
                            </v1:Condition>
                            <v1:Condition xsi:type="v1:comparisonPredType" Comparison=">=">
                                <v1:Arg xsi:type="v1:columnReferenceType" Table="a" Name="frequency"/>
                                <v1:Arg xsi:type="v1:atomType">
                                    <v1:Literal Value="210" xsi:type="v1:integerType"/>
                                </v1:Arg>
                            </v1:Condition>
                        </v1:Condition>
                    </v1:Condition>
                </v1:Condition>
            </v1:Condition>
            <v1:Condition xsi:type="v1:closedSearchType">
                <v1:Condition xsi:type="v1:comparisonPredType" Comparison=">=">
                    <v1:Arg xsi:type="v1:columnReferenceType" Table="a" Name="lower_state_energy"/>
                    <v1:Arg xsi:type="v1:atomType">
                        <v1:Literal Value="1000" xsi:type="v1:integerType"/>
                    </v1:Arg>
                </v1:Condition>
            </v1:Condition>
        </v1:Condition>
    </v1:Where>
</v1:Select>
------------------------------------------------
Compiling squaringTheCircle.adqls
------------------------------------------------
== From: ===>
SELECT * FROM CAT as c WHERE (c."DEC" BETWEEN (-45.67-0.01) AND (-45.67+0.01)) 
AND (DEGREES(ACOS(SIN(RADIANS(c."DEC")) 
* SIN(RADIANS(-45.67)) + COS(RADIANS(c."DEC")) 
* COS(RADIANS(-45.67)) * COS(RADIANS(c.RA-123.45))))) < 0.01

Compilation suceeded...
==== To: ===>
<v1:Select xmlns:v1="http://www.ivoa.net/xml/ADQL/v1.0">
    <v1:SelectionList>
        <v1:Item xsi:type="v1:allSelectionItemType" xmlns:xsi="http://www.w3.org/2001/XMLSchema-instance"/>
    </v1:SelectionList>
    <v1:From>
        <v1:Table xsi:type="v1:tableType" Name="CAT" Alias="c" xmlns:xsi="http://www.w3.org/2001/XMLSchema-instance"/>
    </v1:From>
    <v1:Where>
        <v1:Condition xsi:type="v1:intersectionSearchType" xmlns:xsi="http://www.w3.org/2001/XMLSchema-instance">
            <v1:Condition xsi:type="v1:closedSearchType">
                <v1:Condition xsi:type="v1:betweenPredType">
                    <v1:Arg xsi:type="v1:columnReferenceType" Table="c" Name="DEC"/>
                    <v1:Arg xsi:type="v1:closedExprType">
                        <v1:Arg xsi:type="v1:binaryExprType" Oper="-">
                            <v1:Arg xsi:type="v1:unaryExprType" Oper="-">
                                <v1:Arg xsi:type="v1:atomType">
                                    <v1:Literal Value="45.67" xsi:type="v1:realType"/>
                                </v1:Arg>
                            </v1:Arg>
                            <v1:Arg xsi:type="v1:atomType">
                                <v1:Literal Value="0.01" xsi:type="v1:realType"/>
                            </v1:Arg>
                        </v1:Arg>
                    </v1:Arg>
                    <v1:Arg xsi:type="v1:closedExprType">
                        <v1:Arg xsi:type="v1:binaryExprType" Oper="+">
                            <v1:Arg xsi:type="v1:unaryExprType" Oper="-">
                                <v1:Arg xsi:type="v1:atomType">
                                    <v1:Literal Value="45.67" xsi:type="v1:realType"/>
                                </v1:Arg>
                            </v1:Arg>
                            <v1:Arg xsi:type="v1:atomType">
                                <v1:Literal Value="0.01" xsi:type="v1:realType"/>
                            </v1:Arg>
                        </v1:Arg>
                    </v1:Arg>
                </v1:Condition>
            </v1:Condition>
            <v1:Condition xsi:type="v1:comparisonPredType" Comparison="&lt;">
                <v1:Arg xsi:type="v1:closedExprType">
                    <v1:Arg xsi:type="v1:mathFunctionType" Name="DEGREES">
                        <v1:Arg xsi:type="v1:trigonometricFunctionType" Name="ACOS">
                            <v1:Arg xsi:type="v1:binaryExprType" Oper="+">
                                <v1:Arg xsi:type="v1:binaryExprType" Oper="*">
                                    <v1:Arg xsi:type="v1:trigonometricFunctionType" Name="SIN">
                                        <v1:Arg xsi:type="v1:mathFunctionType" Name="RADIANS">
                                            <v1:Arg xsi:type="v1:columnReferenceType" Table="c" Name="DEC"/>
                                        </v1:Arg>
                                    </v1:Arg>
                                    <v1:Arg xsi:type="v1:trigonometricFunctionType" Name="SIN">
                                        <v1:Arg xsi:type="v1:mathFunctionType" Name="RADIANS">
                                            <v1:Arg xsi:type="v1:unaryExprType" Oper="-">
                                                <v1:Arg xsi:type="v1:atomType">
                                                    <v1:Literal Value="45.67" xsi:type="v1:realType"/>
                                                </v1:Arg>
                                            </v1:Arg>
                                        </v1:Arg>
                                    </v1:Arg>
                                </v1:Arg>
                                <v1:Arg xsi:type="v1:binaryExprType" Oper="*">
                                    <v1:Arg xsi:type="v1:trigonometricFunctionType" Name="COS">
                                        <v1:Arg xsi:type="v1:mathFunctionType" Name="RADIANS">
                                            <v1:Arg xsi:type="v1:columnReferenceType" Table="c" Name="DEC"/>
                                        </v1:Arg>
                                    </v1:Arg>
                                    <v1:Arg xsi:type="v1:binaryExprType" Oper="*">
                                        <v1:Arg xsi:type="v1:trigonometricFunctionType" Name="COS">
                                            <v1:Arg xsi:type="v1:mathFunctionType" Name="RADIANS">
                                                <v1:Arg xsi:type="v1:unaryExprType" Oper="-">
                                                    <v1:Arg xsi:type="v1:atomType">
                                                        <v1:Literal Value="45.67" xsi:type="v1:realType"/>
                                                    </v1:Arg>
                                                </v1:Arg>
                                            </v1:Arg>
                                        </v1:Arg>
                                        <v1:Arg xsi:type="v1:trigonometricFunctionType" Name="COS">
                                            <v1:Arg xsi:type="v1:mathFunctionType" Name="RADIANS">
                                                <v1:Arg xsi:type="v1:binaryExprType" Oper="-">
                                                    <v1:Arg xsi:type="v1:columnReferenceType" Table="c" Name="RA"/>
                                                    <v1:Arg xsi:type="v1:atomType">
                                                        <v1:Literal Value="123.45" xsi:type="v1:realType"/>
                                                    </v1:Arg>
                                                </v1:Arg>
                                            </v1:Arg>
                                        </v1:Arg>
                                    </v1:Arg>
                                </v1:Arg>
                            </v1:Arg>
                        </v1:Arg>
                    </v1:Arg>
                </v1:Arg>
                <v1:Arg xsi:type="v1:atomType">
                    <v1:Literal Value="0.01" xsi:type="v1:realType"/>
                </v1:Arg>
            </v1:Condition>
        </v1:Condition>
    </v1:Where>
</v1:Select>
------------------------------------------------
Compiling threeWayJoin.adqls
------------------------------------------------
== From: ===>
SELECT las.sourceID, las.ra, las."dec", fsc.seqNo, fsc.ra, fsc."dec"
FROM lasSource AS las, rosat_fsc AS fsc, lasSourceXrosat_fsc AS x
WHERE x.masterObjID=las.sourceID AND x.slaveObjID=fsc.seqNo AND 
x.distanceMins<0.1

Compilation suceeded...
==== To: ===>
<v1:Select xmlns:v1="http://www.ivoa.net/xml/ADQL/v1.0">
    <v1:SelectionList>
        <v1:Item xsi:type="v1:columnReferenceType" Table="las" Name="sourceID" xmlns:xsi="http://www.w3.org/2001/XMLSchema-instance"/>
        <v1:Item xsi:type="v1:columnReferenceType" Table="las" Name="ra" xmlns:xsi="http://www.w3.org/2001/XMLSchema-instance"/>
        <v1:Item xsi:type="v1:columnReferenceType" Table="las" Name="dec" xmlns:xsi="http://www.w3.org/2001/XMLSchema-instance"/>
        <v1:Item xsi:type="v1:columnReferenceType" Table="fsc" Name="seqNo" xmlns:xsi="http://www.w3.org/2001/XMLSchema-instance"/>
        <v1:Item xsi:type="v1:columnReferenceType" Table="fsc" Name="ra" xmlns:xsi="http://www.w3.org/2001/XMLSchema-instance"/>
        <v1:Item xsi:type="v1:columnReferenceType" Table="fsc" Name="dec" xmlns:xsi="http://www.w3.org/2001/XMLSchema-instance"/>
    </v1:SelectionList>
    <v1:From>
        <v1:Table xsi:type="v1:tableType" Name="lasSource" Alias="las" xmlns:xsi="http://www.w3.org/2001/XMLSchema-instance"/>
        <v1:Table xsi:type="v1:tableType" Name="rosat_fsc" Alias="fsc" xmlns:xsi="http://www.w3.org/2001/XMLSchema-instance"/>
        <v1:Table xsi:type="v1:tableType" Name="lasSourceXrosat_fsc" Alias="x" xmlns:xsi="http://www.w3.org/2001/XMLSchema-instance"/>
    </v1:From>
    <v1:Where>
        <v1:Condition xsi:type="v1:intersectionSearchType" xmlns:xsi="http://www.w3.org/2001/XMLSchema-instance">
            <v1:Condition xsi:type="v1:comparisonPredType" Comparison="=">
                <v1:Arg xsi:type="v1:columnReferenceType" Table="x" Name="masterObjID"/>
                <v1:Arg xsi:type="v1:columnReferenceType" Table="las" Name="sourceID"/>
            </v1:Condition>
            <v1:Condition xsi:type="v1:intersectionSearchType">
                <v1:Condition xsi:type="v1:comparisonPredType" Comparison="=">
                    <v1:Arg xsi:type="v1:columnReferenceType" Table="x" Name="slaveObjID"/>
                    <v1:Arg xsi:type="v1:columnReferenceType" Table="fsc" Name="seqNo"/>
                </v1:Condition>
                <v1:Condition xsi:type="v1:comparisonPredType" Comparison="&lt;">
                    <v1:Arg xsi:type="v1:columnReferenceType" Table="x" Name="distanceMins"/>
                    <v1:Arg xsi:type="v1:atomType">
                        <v1:Literal Value="0.1" xsi:type="v1:realType"/>
                    </v1:Arg>
                </v1:Condition>
            </v1:Condition>
        </v1:Condition>
    </v1:Where>
</v1:Select>
------------------------------------------------
Compiling whereWithBinaryOpsAndUnaryOps.adqls
------------------------------------------------
== From: ===>
select * from catalogue as a 
where -a.POS_EQ_RA + -a.POS_EQ_DEC = -123 - -a.POS_EQ_DEC
 

Compilation suceeded...
==== To: ===>
<v1:Select xmlns:v1="http://www.ivoa.net/xml/ADQL/v1.0">
    <v1:SelectionList>
        <v1:Item xsi:type="v1:allSelectionItemType" xmlns:xsi="http://www.w3.org/2001/XMLSchema-instance"/>
    </v1:SelectionList>
    <v1:From>
        <v1:Table xsi:type="v1:tableType" Name="catalogue" Alias="a" xmlns:xsi="http://www.w3.org/2001/XMLSchema-instance"/>
    </v1:From>
    <v1:Where>
        <v1:Condition xsi:type="v1:comparisonPredType" Comparison="=" xmlns:xsi="http://www.w3.org/2001/XMLSchema-instance">
            <v1:Arg xsi:type="v1:binaryExprType" Oper="+">
                <v1:Arg xsi:type="v1:unaryExprType" Oper="-">
                    <v1:Arg xsi:type="v1:columnReferenceType" Table="a" Name="POS_EQ_RA"/>
                </v1:Arg>
                <v1:Arg xsi:type="v1:unaryExprType" Oper="-">
                    <v1:Arg xsi:type="v1:columnReferenceType" Table="a" Name="POS_EQ_DEC"/>
                </v1:Arg>
            </v1:Arg>
            <v1:Arg xsi:type="v1:binaryExprType" Oper="-">
                <v1:Arg xsi:type="v1:unaryExprType" Oper="-">
                    <v1:Arg xsi:type="v1:atomType">
                        <v1:Literal Value="123" xsi:type="v1:integerType"/>
                    </v1:Arg>
                </v1:Arg>
                <v1:Arg xsi:type="v1:unaryExprType" Oper="-">
                    <v1:Arg xsi:type="v1:columnReferenceType" Table="a" Name="POS_EQ_DEC"/>
                </v1:Arg>
            </v1:Arg>
        </v1:Condition>
    </v1:Where>
</v1:Select>
------------------------------------------------
Compiling whereWithNegativeUnaryLiteral.adqls
------------------------------------------------
== From: ===>
select * from catalogue as a where a.col1 = -12
 

Compilation suceeded...
==== To: ===>
<v1:Select xmlns:v1="http://www.ivoa.net/xml/ADQL/v1.0">
    <v1:SelectionList>
        <v1:Item xsi:type="v1:allSelectionItemType" xmlns:xsi="http://www.w3.org/2001/XMLSchema-instance"/>
    </v1:SelectionList>
    <v1:From>
        <v1:Table xsi:type="v1:tableType" Name="catalogue" Alias="a" xmlns:xsi="http://www.w3.org/2001/XMLSchema-instance"/>
    </v1:From>
    <v1:Where>
        <v1:Condition xsi:type="v1:comparisonPredType" Comparison="=" xmlns:xsi="http://www.w3.org/2001/XMLSchema-instance">
            <v1:Arg xsi:type="v1:columnReferenceType" Table="a" Name="col1"/>
            <v1:Arg xsi:type="v1:unaryExprType" Oper="-">
                <v1:Arg xsi:type="v1:atomType">
                    <v1:Literal Value="12" xsi:type="v1:integerType"/>
                </v1:Arg>
            </v1:Arg>
        </v1:Condition>
    </v1:Where>
</v1:Select>
------------------------------------------------
Compiling whereWithPositiveUnaryLiteral.adqls
------------------------------------------------
== From: ===>
select * from catalogue as a where a.col1 = +12
 

Compilation suceeded...
==== To: ===>
<v1:Select xmlns:v1="http://www.ivoa.net/xml/ADQL/v1.0">
    <v1:SelectionList>
        <v1:Item xsi:type="v1:allSelectionItemType" xmlns:xsi="http://www.w3.org/2001/XMLSchema-instance"/>
    </v1:SelectionList>
    <v1:From>
        <v1:Table xsi:type="v1:tableType" Name="catalogue" Alias="a" xmlns:xsi="http://www.w3.org/2001/XMLSchema-instance"/>
    </v1:From>
    <v1:Where>
        <v1:Condition xsi:type="v1:comparisonPredType" Comparison="=" xmlns:xsi="http://www.w3.org/2001/XMLSchema-instance">
            <v1:Arg xsi:type="v1:columnReferenceType" Table="a" Name="col1"/>
            <v1:Arg xsi:type="v1:unaryExprType" Oper="+">
                <v1:Arg xsi:type="v1:atomType">
                    <v1:Literal Value="12" xsi:type="v1:integerType"/>
                </v1:Arg>
            </v1:Arg>
        </v1:Condition>
    </v1:Where>
</v1:Select>
------------------------------------------------
Compiling whereWithUnsignedNumericLiteral.adqls
------------------------------------------------
== From: ===>
select * from catalogue as a where a.col1 = 12
 

Compilation suceeded...
==== To: ===>
<v1:Select xmlns:v1="http://www.ivoa.net/xml/ADQL/v1.0">
    <v1:SelectionList>
        <v1:Item xsi:type="v1:allSelectionItemType" xmlns:xsi="http://www.w3.org/2001/XMLSchema-instance"/>
    </v1:SelectionList>
    <v1:From>
        <v1:Table xsi:type="v1:tableType" Name="catalogue" Alias="a" xmlns:xsi="http://www.w3.org/2001/XMLSchema-instance"/>
    </v1:From>
    <v1:Where>
        <v1:Condition xsi:type="v1:comparisonPredType" Comparison="=" xmlns:xsi="http://www.w3.org/2001/XMLSchema-instance">
            <v1:Arg xsi:type="v1:columnReferenceType" Table="a" Name="col1"/>
            <v1:Arg xsi:type="v1:atomType">
                <v1:Literal Value="12" xsi:type="v1:integerType"/>
            </v1:Arg>
        </v1:Condition>
    </v1:Where>
</v1:Select>
Total elapse time in milliseconds: 2261
Average compilation time: 17
------------------------------------------------
Compiling FragmentBADContextName.adqls
------------------------------------------------
== From: ===>
--Select/OrderBye 
Order By a.col1 asc, a.col2 desc, a.col3
------------------------------------------------
Compiling FragmentColumn.adqls
------------------------------------------------
== From: ===>
--Select/Column
a.ra

Compilation suceeded...
==== To: ===>
<xml-fragment xsi:type="v1:columnReferenceType" Table="a" Name="ra" xmlns:v1="http://www.ivoa.net/xml/ADQL/v1.0" xmlns:xsi="http://www.w3.org/2001/XMLSchema-instance"/>
------------------------------------------------
Compiling FragmentCountArgument.adqls
------------------------------------------------
== From: ===>
--Select/Item[@type="aggregateFunctionType"]/Arg
*

Compilation suceeded...
==== To: ===>
<xml-fragment xsi:type="v1:aggregateFunctionType" Name="COUNT" xmlns:v1="http://www.ivoa.net/xml/ADQL/v1.0" xmlns:xsi="http://www.w3.org/2001/XMLSchema-instance">
    <v1:Arg xsi:type="v1:allSelectionItemType"/>
</xml-fragment>
------------------------------------------------
Compiling FragmentCountArgument02.adqls
------------------------------------------------
== From: ===>
--Select/Item[@type="aggregateFunctionType"]/Arg
sin(a.ra)

Compilation suceeded...
==== To: ===>
<xml-fragment xsi:type="v1:trigonometricFunctionType" Name="SIN" xmlns:v1="http://www.ivoa.net/xml/ADQL/v1.0" xmlns:xsi="http://www.w3.org/2001/XMLSchema-instance">
    <v1:Arg xsi:type="v1:columnReferenceType" Table="a" Name="ra"/>
</xml-fragment>
------------------------------------------------
Compiling FragmentConeSearchWhere.adqls
------------------------------------------------
== From: ===>
--Select/Where
Where 
(a.POS_EQ_DEC<5.01)  
And  
( 
  (a.POS_EQ_DEC>4.99)  
  And  
  ( (
     2.0 
     * 
     ASIN(
           SQRT(( 
                  POWER( 
                          SIN( ( (RADIANS(a.POS_EQ_DEC)  - 0.08726646259971647)   / 2.0)  ) 
                        , 2
                       )  
                  +  
                  ( 
                    ( 
                      COS(RADIANS(a.POS_EQ_DEC) )  
                      *  
                      ( 
                        COS(0.08726646259971647)  
                        * 
                        POWER( SIN( ( (RADIANS(a.POS_EQ_RA)  - 0.08726646259971647) / 2.0)  ) ,2 )

                      )  
                    )  
                  )  
              )) 
          ) 
    ) 
    <
    1.7453292519943296E+3
  ) 
)

Compilation suceeded...
==== To: ===>
<v1:Condition xsi:type="v1:intersectionSearchType" xmlns:v1="http://www.ivoa.net/xml/ADQL/v1.0" xmlns:xsi="http://www.w3.org/2001/XMLSchema-instance">
    <v1:Condition xsi:type="v1:closedSearchType">
        <v1:Condition xsi:type="v1:comparisonPredType" Comparison="&lt;">
            <v1:Arg xsi:type="v1:columnReferenceType" Table="a" Name="POS_EQ_DEC"/>
            <v1:Arg xsi:type="v1:atomType">
                <v1:Literal Value="5.01" xsi:type="v1:realType"/>
            </v1:Arg>
        </v1:Condition>
    </v1:Condition>
    <v1:Condition xsi:type="v1:closedSearchType">
        <v1:Condition xsi:type="v1:intersectionSearchType">
            <v1:Condition xsi:type="v1:closedSearchType">
                <v1:Condition xsi:type="v1:comparisonPredType" Comparison=">">
                    <v1:Arg xsi:type="v1:columnReferenceType" Table="a" Name="POS_EQ_DEC"/>
                    <v1:Arg xsi:type="v1:atomType">
                        <v1:Literal Value="4.99" xsi:type="v1:realType"/>
                    </v1:Arg>
                </v1:Condition>
            </v1:Condition>
            <v1:Condition xsi:type="v1:closedSearchType">
                <v1:Condition xsi:type="v1:comparisonPredType" Comparison="&lt;">
                    <v1:Arg xsi:type="v1:closedExprType">
                        <v1:Arg xsi:type="v1:binaryExprType" Oper="*">
                            <v1:Arg xsi:type="v1:atomType">
                                <v1:Literal Value="2.0" xsi:type="v1:realType"/>
                            </v1:Arg>
                            <v1:Arg xsi:type="v1:trigonometricFunctionType" Name="ASIN">
                                <v1:Arg xsi:type="v1:mathFunctionType" Name="SQRT">
                                    <v1:Arg xsi:type="v1:closedExprType">
                                        <v1:Arg xsi:type="v1:binaryExprType" Oper="+">
                                            <v1:Arg xsi:type="v1:mathFunctionType" Name="POWER">
                                                <v1:Arg xsi:type="v1:trigonometricFunctionType" Name="SIN">
                                                    <v1:Arg xsi:type="v1:closedExprType">
                                                        <v1:Arg xsi:type="v1:binaryExprType" Oper="/">
                                                            <v1:Arg xsi:type="v1:closedExprType">
                                                                <v1:Arg xsi:type="v1:binaryExprType" Oper="-">
                                                                    <v1:Arg xsi:type="v1:mathFunctionType" Name="RADIANS">
                                                                        <v1:Arg xsi:type="v1:columnReferenceType" Table="a" Name="POS_EQ_DEC"/>
                                                                    </v1:Arg>
                                                                    <v1:Arg xsi:type="v1:atomType">
                                                                        <v1:Literal Value="0.08726646259971647" xsi:type="v1:realType"/>
                                                                    </v1:Arg>
                                                                </v1:Arg>
                                                            </v1:Arg>
                                                            <v1:Arg xsi:type="v1:atomType">
                                                                <v1:Literal Value="2.0" xsi:type="v1:realType"/>
                                                            </v1:Arg>
                                                        </v1:Arg>
                                                    </v1:Arg>
                                                </v1:Arg>
                                                <v1:Arg xsi:type="v1:atomType">
                                                    <v1:Literal Value="2" xsi:type="v1:integerType"/>
                                                </v1:Arg>
                                            </v1:Arg>
                                            <v1:Arg xsi:type="v1:closedExprType">
                                                <v1:Arg xsi:type="v1:closedExprType">
                                                    <v1:Arg xsi:type="v1:binaryExprType" Oper="*">
                                                        <v1:Arg xsi:type="v1:trigonometricFunctionType" Name="COS">
                                                            <v1:Arg xsi:type="v1:mathFunctionType" Name="RADIANS">
                                                                <v1:Arg xsi:type="v1:columnReferenceType" Table="a" Name="POS_EQ_DEC"/>
                                                            </v1:Arg>
                                                        </v1:Arg>
                                                        <v1:Arg xsi:type="v1:closedExprType">
                                                            <v1:Arg xsi:type="v1:binaryExprType" Oper="*">
                                                                <v1:Arg xsi:type="v1:trigonometricFunctionType" Name="COS">
                                                                    <v1:Arg xsi:type="v1:atomType">
                                                                        <v1:Literal Value="0.08726646259971647" xsi:type="v1:realType"/>
                                                                    </v1:Arg>
                                                                </v1:Arg>
                                                                <v1:Arg xsi:type="v1:mathFunctionType" Name="POWER">
                                                                    <v1:Arg xsi:type="v1:trigonometricFunctionType" Name="SIN">
                                                                        <v1:Arg xsi:type="v1:closedExprType">
                                                                            <v1:Arg xsi:type="v1:binaryExprType" Oper="/">
                                                                                <v1:Arg xsi:type="v1:closedExprType">
                                                                                    <v1:Arg xsi:type="v1:binaryExprType" Oper="-">
                                                                                        <v1:Arg xsi:type="v1:mathFunctionType" Name="RADIANS">
                                                                                            <v1:Arg xsi:type="v1:columnReferenceType" Table="a" Name="POS_EQ_RA"/>
                                                                                        </v1:Arg>
                                                                                        <v1:Arg xsi:type="v1:atomType">
                                                                                            <v1:Literal Value="0.08726646259971647" xsi:type="v1:realType"/>
                                                                                        </v1:Arg>
                                                                                    </v1:Arg>
                                                                                </v1:Arg>
                                                                                <v1:Arg xsi:type="v1:atomType">
                                                                                    <v1:Literal Value="2.0" xsi:type="v1:realType"/>
                                                                                </v1:Arg>
                                                                            </v1:Arg>
                                                                        </v1:Arg>
                                                                    </v1:Arg>
                                                                    <v1:Arg xsi:type="v1:atomType">
                                                                        <v1:Literal Value="2" xsi:type="v1:integerType"/>
                                                                    </v1:Arg>
                                                                </v1:Arg>
                                                            </v1:Arg>
                                                        </v1:Arg>
                                                    </v1:Arg>
                                                </v1:Arg>
                                            </v1:Arg>
                                        </v1:Arg>
                                    </v1:Arg>
                                </v1:Arg>
                            </v1:Arg>
                        </v1:Arg>
                    </v1:Arg>
                    <v1:Arg xsi:type="v1:atomType">
                        <v1:Literal Value="1745.3292519943295" xsi:type="v1:realType"/>
                    </v1:Arg>
                </v1:Condition>
            </v1:Condition>
        </v1:Condition>
    </v1:Condition>
</v1:Condition>
------------------------------------------------
Compiling FragmentFrom01.adqls
------------------------------------------------
== From: ===>
--Select/From 
from users as u, classified_ads as c

Compilation suceeded...
==== To: ===>
<xml-fragment>
    <v1:Table xsi:type="v1:tableType" Name="users" Alias="u" xmlns:v1="http://www.ivoa.net/xml/ADQL/v1.0" xmlns:xsi="http://www.w3.org/2001/XMLSchema-instance"/>
    <v1:Table xsi:type="v1:tableType" Name="classified_ads" Alias="c" xmlns:v1="http://www.ivoa.net/xml/ADQL/v1.0" xmlns:xsi="http://www.w3.org/2001/XMLSchema-instance"/>
</xml-fragment>
------------------------------------------------
Compiling FragmentFromNoAlias.adqls
------------------------------------------------
== From: ===>
--Select/From
From catalogue 

Compilation suceeded...
==== To: ===>
<v1:Table xsi:type="v1:tableType" Name="catalogue" xmlns:v1="http://www.ivoa.net/xml/ADQL/v1.0" xmlns:xsi="http://www.w3.org/2001/XMLSchema-instance"/>
------------------------------------------------
Compiling FragmentFromTableTypeTableType.adqls
------------------------------------------------
== From: ===>
--FromTableType[type="tableType"]
cata as a 

Compilation suceeded...
==== To: ===>
<xml-fragment xsi:type="v1:tableType" Name="cata" Alias="a" xmlns:v1="http://www.ivoa.net/xml/ADQL/v1.0" xmlns:xsi="http://www.w3.org/2001/XMLSchema-instance"/>
------------------------------------------------
Compiling FragmentGroupBy.adqls
------------------------------------------------
== From: ===>
--Select/GroupBy 
Group By a.POS_EQ_RA, a.POS_EQ_DEC

Compilation suceeded...
==== To: ===>
<xml-fragment>
    <v1:Column Table="a" Name="POS_EQ_RA" xmlns:v1="http://www.ivoa.net/xml/ADQL/v1.0"/>
    <v1:Column Table="a" Name="POS_EQ_DEC" xmlns:v1="http://www.ivoa.net/xml/ADQL/v1.0"/>
</xml-fragment>
------------------------------------------------
Compiling FragmentHaving.adqls
------------------------------------------------
== From: ===>
--Select/Having 
Having COUNT(*) >=23

Compilation suceeded...
==== To: ===>
<v1:Condition xsi:type="v1:comparisonPredType" Comparison=">=" xmlns:v1="http://www.ivoa.net/xml/ADQL/v1.0" xmlns:xsi="http://www.w3.org/2001/XMLSchema-instance">
    <v1:Arg xsi:type="v1:aggregateFunctionType" Name="COUNT">
        <v1:Arg xsi:type="v1:allSelectionItemType"/>
    </v1:Arg>
    <v1:Arg xsi:type="v1:atomType">
        <v1:Literal Value="23" xsi:type="v1:integerType"/>
    </v1:Arg>
</v1:Condition>
------------------------------------------------
Compiling FragmentItemArgument.adqls
------------------------------------------------
== From: ===>
--Select/Item/Arg
square( a."dec" )

Compilation suceeded...
==== To: ===>
<xml-fragment xsi:type="v1:mathFunctionType" Name="SQUARE" xmlns:v1="http://www.ivoa.net/xml/ADQL/v1.0" xmlns:xsi="http://www.w3.org/2001/XMLSchema-instance">
    <v1:Arg xsi:type="v1:columnReferenceType" Table="a" Name="dec"/>
</xml-fragment>
------------------------------------------------
Compiling FragmentLikePattern.adqls
------------------------------------------------
== From: ===>
--select/where/condition/pattern
'%son'

Compilation suceeded...
==== To: ===>
<v1:Literal xsi:type="v1:stringType" Value="%son" xmlns:v1="http://www.ivoa.net/xml/ADQL/v1.0" xmlns:xsi="http://www.w3.org/2001/XMLSchema-instance"/>
------------------------------------------------
Compiling FragmentMATablesArrayOfFromTableType.adqls
------------------------------------------------
== From: ===>
--Tables[type="ArrayOfFromTableType"]
cata.taba as a, catb.tabb as b ; 

Compilation suceeded...
==== To: ===>
<xml-fragment>
    <v1:fromTableType xsi:type="v1:tableType" Archive="cata" Name="taba" Alias="a" xmlns:v1="http://www.ivoa.net/xml/ADQL/v1.0" xmlns:xsi="http://www.w3.org/2001/XMLSchema-instance"/>
    <v1:fromTableType xsi:type="v1:tableType" Archive="catb" Name="tabb" Alias="b" xmlns:v1="http://www.ivoa.net/xml/ADQL/v1.0" xmlns:xsi="http://www.w3.org/2001/XMLSchema-instance"/>
</xml-fragment>
------------------------------------------------
Compiling FragmentNaiveConeSearch.adqls
------------------------------------------------
== From: ===>
--Select
SELECT * FROM RASS_PHOTONS as r
WHERE 2 * ASIN( SQRT( SIN( (20-r."DEC")/2 ) 
   * SIN((20-r."DEC")/2) + COS(20) * COS(r."DEC") 
   * SIN((20 - r.RA)/2) * SIN((20 - r.RA)/2 ) ) ) <= 10 ;

Compilation suceeded...
==== To: ===>
<xml-fragment>
    <v1:SelectionList xmlns:v1="http://www.ivoa.net/xml/ADQL/v1.0">
        <v1:Item xsi:type="v1:allSelectionItemType" xmlns:xsi="http://www.w3.org/2001/XMLSchema-instance"/>
    </v1:SelectionList>
    <v1:From xmlns:v1="http://www.ivoa.net/xml/ADQL/v1.0">
        <v1:Table xsi:type="v1:tableType" Name="RASS_PHOTONS" Alias="r" xmlns:xsi="http://www.w3.org/2001/XMLSchema-instance"/>
    </v1:From>
    <v1:Where xmlns:v1="http://www.ivoa.net/xml/ADQL/v1.0">
        <v1:Condition xsi:type="v1:comparisonPredType" Comparison="&lt;=" xmlns:xsi="http://www.w3.org/2001/XMLSchema-instance">
            <v1:Arg xsi:type="v1:binaryExprType" Oper="*">
                <v1:Arg xsi:type="v1:atomType">
                    <v1:Literal Value="2" xsi:type="v1:integerType"/>
                </v1:Arg>
                <v1:Arg xsi:type="v1:trigonometricFunctionType" Name="ASIN">
                    <v1:Arg xsi:type="v1:mathFunctionType" Name="SQRT">
                        <v1:Arg xsi:type="v1:binaryExprType" Oper="+">
                            <v1:Arg xsi:type="v1:binaryExprType" Oper="*">
                                <v1:Arg xsi:type="v1:trigonometricFunctionType" Name="SIN">
                                    <v1:Arg xsi:type="v1:binaryExprType" Oper="/">
                                        <v1:Arg xsi:type="v1:closedExprType">
                                            <v1:Arg xsi:type="v1:binaryExprType" Oper="-">
                                                <v1:Arg xsi:type="v1:atomType">
                                                    <v1:Literal Value="20" xsi:type="v1:integerType"/>
                                                </v1:Arg>
                                                <v1:Arg xsi:type="v1:columnReferenceType" Table="r" Name="DEC"/>
                                            </v1:Arg>
                                        </v1:Arg>
                                        <v1:Arg xsi:type="v1:atomType">
                                            <v1:Literal Value="2" xsi:type="v1:integerType"/>
                                        </v1:Arg>
                                    </v1:Arg>
                                </v1:Arg>
                                <v1:Arg xsi:type="v1:trigonometricFunctionType" Name="SIN">
                                    <v1:Arg xsi:type="v1:binaryExprType" Oper="/">
                                        <v1:Arg xsi:type="v1:closedExprType">
                                            <v1:Arg xsi:type="v1:binaryExprType" Oper="-">
                                                <v1:Arg xsi:type="v1:atomType">
                                                    <v1:Literal Value="20" xsi:type="v1:integerType"/>
                                                </v1:Arg>
                                                <v1:Arg xsi:type="v1:columnReferenceType" Table="r" Name="DEC"/>
                                            </v1:Arg>
                                        </v1:Arg>
                                        <v1:Arg xsi:type="v1:atomType">
                                            <v1:Literal Value="2" xsi:type="v1:integerType"/>
                                        </v1:Arg>
                                    </v1:Arg>
                                </v1:Arg>
                            </v1:Arg>
                            <v1:Arg xsi:type="v1:binaryExprType" Oper="*">
                                <v1:Arg xsi:type="v1:trigonometricFunctionType" Name="COS">
                                    <v1:Arg xsi:type="v1:atomType">
                                        <v1:Literal Value="20" xsi:type="v1:integerType"/>
                                    </v1:Arg>
                                </v1:Arg>
                                <v1:Arg xsi:type="v1:binaryExprType" Oper="*">
                                    <v1:Arg xsi:type="v1:trigonometricFunctionType" Name="COS">
                                        <v1:Arg xsi:type="v1:columnReferenceType" Table="r" Name="DEC"/>
                                    </v1:Arg>
                                    <v1:Arg xsi:type="v1:binaryExprType" Oper="*">
                                        <v1:Arg xsi:type="v1:trigonometricFunctionType" Name="SIN">
                                            <v1:Arg xsi:type="v1:binaryExprType" Oper="/">
                                                <v1:Arg xsi:type="v1:closedExprType">
                                                    <v1:Arg xsi:type="v1:binaryExprType" Oper="-">
                                                        <v1:Arg xsi:type="v1:atomType">
                                                            <v1:Literal Value="20" xsi:type="v1:integerType"/>
                                                        </v1:Arg>
                                                        <v1:Arg xsi:type="v1:columnReferenceType" Table="r" Name="RA"/>
                                                    </v1:Arg>
                                                </v1:Arg>
                                                <v1:Arg xsi:type="v1:atomType">
                                                    <v1:Literal Value="2" xsi:type="v1:integerType"/>
                                                </v1:Arg>
                                            </v1:Arg>
                                        </v1:Arg>
                                        <v1:Arg xsi:type="v1:trigonometricFunctionType" Name="SIN">
                                            <v1:Arg xsi:type="v1:binaryExprType" Oper="/">
                                                <v1:Arg xsi:type="v1:closedExprType">
                                                    <v1:Arg xsi:type="v1:binaryExprType" Oper="-">
                                                        <v1:Arg xsi:type="v1:atomType">
                                                            <v1:Literal Value="20" xsi:type="v1:integerType"/>
                                                        </v1:Arg>
                                                        <v1:Arg xsi:type="v1:columnReferenceType" Table="r" Name="RA"/>
                                                    </v1:Arg>
                                                </v1:Arg>
                                                <v1:Arg xsi:type="v1:atomType">
                                                    <v1:Literal Value="2" xsi:type="v1:integerType"/>
                                                </v1:Arg>
                                            </v1:Arg>
                                        </v1:Arg>
                                    </v1:Arg>
                                </v1:Arg>
                            </v1:Arg>
                        </v1:Arg>
                    </v1:Arg>
                </v1:Arg>
            </v1:Arg>
            <v1:Arg xsi:type="v1:atomType">
                <v1:Literal Value="10" xsi:type="v1:integerType"/>
            </v1:Arg>
        </v1:Condition>
    </v1:Where>
</xml-fragment>
------------------------------------------------
Compiling FragmentOrderBy.adqls
------------------------------------------------
== From: ===>
--Select/OrderBy 
Order By a.col1 asc, a.col2 desc, a.col3

Compilation suceeded...
==== To: ===>
<xml-fragment>
    <v1:Item xmlns:v1="http://www.ivoa.net/xml/ADQL/v1.0">
        <v1:Expression xsi:type="v1:columnReferenceType" Table="a" Name="col1" xmlns:xsi="http://www.w3.org/2001/XMLSchema-instance"/>
        <v1:Order Direction="ASC"/>
    </v1:Item>
    <v1:Item xmlns:v1="http://www.ivoa.net/xml/ADQL/v1.0">
        <v1:Expression xsi:type="v1:columnReferenceType" Table="a" Name="col2" xmlns:xsi="http://www.w3.org/2001/XMLSchema-instance"/>
        <v1:Order Direction="DESC"/>
    </v1:Item>
    <v1:Item xmlns:v1="http://www.ivoa.net/xml/ADQL/v1.0">
        <v1:Expression xsi:type="v1:columnReferenceType" Table="a" Name="col3" xmlns:xsi="http://www.w3.org/2001/XMLSchema-instance"/>
        <v1:Order Direction="ASC"/>
    </v1:Item>
</xml-fragment>
------------------------------------------------
Compiling FragmentOrderByItem.adqls
------------------------------------------------
== From: ===>
--Select/OrderBy/Item 
a.col1 asc

Compilation suceeded...
==== To: ===>
<xml-fragment>
    <v1:Expression xsi:type="v1:columnReferenceType" Table="a" Name="col1" xmlns:v1="http://www.ivoa.net/xml/ADQL/v1.0" xmlns:xsi="http://www.w3.org/2001/XMLSchema-instance"/>
    <v1:Order Direction="ASC" xmlns:v1="http://www.ivoa.net/xml/ADQL/v1.0"/>
</xml-fragment>
------------------------------------------------
Compiling FragmentOrderByItemExpression.adqls
------------------------------------------------
== From: ===>
--Orderby/Item[@type='orderType']/Expression
a.col2
 

Compilation suceeded...
==== To: ===>
<xml-fragment xsi:type="v1:columnReferenceType" Table="a" Name="col2" xmlns:v1="http://www.ivoa.net/xml/ADQL/v1.0" xmlns:xsi="http://www.w3.org/2001/XMLSchema-instance"/>
------------------------------------------------
Compiling FragmentOrderByItemOrder.adqls
------------------------------------------------
== From: ===>
--OrderBy/Item/Order[type="orderOptionType"] 
desc

Compilation suceeded...
==== To: ===>
<xml-fragment Direction="DESC"/>
------------------------------------------------
Compiling FragmentOrderByItemOrder02.adqls
------------------------------------------------
== From: ===>
--OrderBy/Item/Order 
asc

Compilation suceeded...
==== To: ===>
<xml-fragment Direction="ASC"/>
------------------------------------------------
Compiling FragmentSelectAllAllow.adqls
------------------------------------------------
== From: ===>
--SELECT/ALLOW
ALL

Compilation suceeded...
==== To: ===>
<xml-fragment Option="All"/>
------------------------------------------------
Compiling FragmentSelectFromTable.adqls
------------------------------------------------
== From: ===>
--Select/From/Table
"2mass"

Compilation suceeded...
==== To: ===>
<xml-fragment xsi:type="v1:tableType" Name="2mass" xmlns:v1="http://www.ivoa.net/xml/ADQL/v1.0" xmlns:xsi="http://www.w3.org/2001/XMLSchema-instance"/>
------------------------------------------------
Compiling FragmentSelectWhereConditionNotInExpression.adqls
------------------------------------------------
== From: ===>
--Select/Where/Condition[@type='exclusiveSearchType']/Expression
square(a.col2) / 2
 

Compilation suceeded...
==== To: ===>
<xml-fragment xsi:type="v1:binaryExprType" Oper="/" xmlns:v1="http://www.ivoa.net/xml/ADQL/v1.0" xmlns:xsi="http://www.w3.org/2001/XMLSchema-instance">
    <v1:Arg xsi:type="v1:mathFunctionType" Name="SQUARE">
        <v1:Arg xsi:type="v1:columnReferenceType" Table="a" Name="col2"/>
    </v1:Arg>
    <v1:Arg xsi:type="v1:atomType">
        <v1:Literal Value="2" xsi:type="v1:integerType"/>
    </v1:Arg>
</xml-fragment>
------------------------------------------------
Compiling FragmentSelectWhereConditionInExpression.adqls
------------------------------------------------
== From: ===>
--Select/Where/Condition[@type='inclusiveSearchType']/Expression
square(a.col2) + power(a.col3, 3 )
 

Compilation suceeded...
==== To: ===>
<xml-fragment xsi:type="v1:binaryExprType" Oper="+" xmlns:v1="http://www.ivoa.net/xml/ADQL/v1.0" xmlns:xsi="http://www.w3.org/2001/XMLSchema-instance">
    <v1:Arg xsi:type="v1:mathFunctionType" Name="SQUARE">
        <v1:Arg xsi:type="v1:columnReferenceType" Table="a" Name="col2"/>
    </v1:Arg>
    <v1:Arg xsi:type="v1:mathFunctionType" Name="POWER">
        <v1:Arg xsi:type="v1:columnReferenceType" Table="a" Name="col3"/>
        <v1:Arg xsi:type="v1:atomType">
            <v1:Literal Value="3" xsi:type="v1:integerType"/>
        </v1:Arg>
    </v1:Arg>
</xml-fragment>
------------------------------------------------
Compiling FragmentSelectionList01.adqls
------------------------------------------------
== From: ===>
--Select/SelectionList
u.user_id, u.email, count(*), max(c.posted)

Compilation suceeded...
==== To: ===>
<xml-fragment>
    <!--+Select/SelectionList
+-->
    <v1:Item xsi:type="v1:columnReferenceType" Table="u" Name="user_id" xmlns:v1="http://www.ivoa.net/xml/ADQL/v1.0" xmlns:xsi="http://www.w3.org/2001/XMLSchema-instance"/>
    <v1:Item xsi:type="v1:columnReferenceType" Table="u" Name="email" xmlns:v1="http://www.ivoa.net/xml/ADQL/v1.0" xmlns:xsi="http://www.w3.org/2001/XMLSchema-instance"/>
    <v1:Item xsi:type="v1:aggregateFunctionType" Name="COUNT" xmlns:v1="http://www.ivoa.net/xml/ADQL/v1.0" xmlns:xsi="http://www.w3.org/2001/XMLSchema-instance">
        <v1:Arg xsi:type="v1:allSelectionItemType"/>
    </v1:Item>
    <v1:Item xsi:type="v1:aggregateFunctionType" Name="MAX" xmlns:v1="http://www.ivoa.net/xml/ADQL/v1.0" xmlns:xsi="http://www.w3.org/2001/XMLSchema-instance">
        <v1:Arg xsi:type="v1:columnReferenceType" Table="c" Name="posted"/>
    </v1:Item>
</xml-fragment>
------------------------------------------------
Compiling FragmentSelectionListAllItems.adqls
------------------------------------------------
== From: ===>
--Select/SelectionList
* 
 

Compilation suceeded...
==== To: ===>
<!--+Select/SelectionList
+-->
<v1:Item xsi:type="v1:allSelectionItemType" xmlns:v1="http://www.ivoa.net/xml/ADQL/v1.0" xmlns:xsi="http://www.w3.org/2001/XMLSchema-instance"/>
------------------------------------------------
Compiling FragmentSelectionListCeilingFunction.adqls
------------------------------------------------
== From: ===>
--SelectionList/Item
ceiling(a.col_1)

Compilation suceeded...
==== To: ===>
<xml-fragment xsi:type="v1:mathFunctionType" Name="CEILING" xmlns:v1="http://www.ivoa.net/xml/ADQL/v1.0" xmlns:xsi="http://www.w3.org/2001/XMLSchema-instance">
    <v1:Arg xsi:type="v1:columnReferenceType" Table="a" Name="col_1"/>
</xml-fragment>
------------------------------------------------
Compiling FragmentSelectionListItemExpression.adqls
------------------------------------------------
== From: ===>
--Select/SelectionList/Item[@type='aliasSelectionItemType']/Expression
square(a.col2)
 

Compilation suceeded...
==== To: ===>
<xml-fragment xsi:type="v1:mathFunctionType" Name="SQUARE" xmlns:v1="http://www.ivoa.net/xml/ADQL/v1.0" xmlns:xsi="http://www.w3.org/2001/XMLSchema-instance">
    <v1:Arg xsi:type="v1:columnReferenceType" Table="a" Name="col2"/>
</xml-fragment>
------------------------------------------------
Compiling FragmentSetItem.adqls
------------------------------------------------
== From: ===>
--Set/Item 
123.456

Compilation suceeded...
==== To: ===>
<xml-fragment Value="123.456" xsi:type="v1:realType" xmlns:v1="http://www.ivoa.net/xml/ADQL/v1.0" xmlns:xsi="http://www.w3.org/2001/XMLSchema-instance"/>
------------------------------------------------
Compiling FragmentSubsetSpectralLines.adqls
------------------------------------------------
== From: ===>
--Set[@type="subQuerySet"]/selection
Select * From unified_lines as a Where 
(
  (
    a.frequency<=110 
    And
    a.frequency>=100
  ) 
  Or
  ( 
    a.frequency<=220 
    And 
    a.frequency>=210
  ) 
)
And
(
  a.lower_state_energy>=1000
)

Compilation suceeded...
==== To: ===>
<xml-fragment>
    <v1:SelectionList xmlns:v1="http://www.ivoa.net/xml/ADQL/v1.0">
        <v1:Item xsi:type="v1:allSelectionItemType" xmlns:xsi="http://www.w3.org/2001/XMLSchema-instance"/>
    </v1:SelectionList>
    <v1:From xmlns:v1="http://www.ivoa.net/xml/ADQL/v1.0">
        <v1:Table xsi:type="v1:tableType" Name="unified_lines" Alias="a" xmlns:xsi="http://www.w3.org/2001/XMLSchema-instance"/>
    </v1:From>
    <v1:Where xmlns:v1="http://www.ivoa.net/xml/ADQL/v1.0">
        <v1:Condition xsi:type="v1:intersectionSearchType" xmlns:xsi="http://www.w3.org/2001/XMLSchema-instance">
            <v1:Condition xsi:type="v1:closedSearchType">
                <v1:Condition xsi:type="v1:unionSearchType">
                    <v1:Condition xsi:type="v1:closedSearchType">
                        <v1:Condition xsi:type="v1:intersectionSearchType">
                            <v1:Condition xsi:type="v1:comparisonPredType" Comparison="&lt;=">
                                <v1:Arg xsi:type="v1:columnReferenceType" Table="a" Name="frequency"/>
                                <v1:Arg xsi:type="v1:atomType">
                                    <v1:Literal Value="110" xsi:type="v1:integerType"/>
                                </v1:Arg>
                            </v1:Condition>
                            <v1:Condition xsi:type="v1:comparisonPredType" Comparison=">=">
                                <v1:Arg xsi:type="v1:columnReferenceType" Table="a" Name="frequency"/>
                                <v1:Arg xsi:type="v1:atomType">
                                    <v1:Literal Value="100" xsi:type="v1:integerType"/>
                                </v1:Arg>
                            </v1:Condition>
                        </v1:Condition>
                    </v1:Condition>
                    <v1:Condition xsi:type="v1:closedSearchType">
                        <v1:Condition xsi:type="v1:intersectionSearchType">
                            <v1:Condition xsi:type="v1:comparisonPredType" Comparison="&lt;=">
                                <v1:Arg xsi:type="v1:columnReferenceType" Table="a" Name="frequency"/>
                                <v1:Arg xsi:type="v1:atomType">
                                    <v1:Literal Value="220" xsi:type="v1:integerType"/>
                                </v1:Arg>
                            </v1:Condition>
                            <v1:Condition xsi:type="v1:comparisonPredType" Comparison=">=">
                                <v1:Arg xsi:type="v1:columnReferenceType" Table="a" Name="frequency"/>
                                <v1:Arg xsi:type="v1:atomType">
                                    <v1:Literal Value="210" xsi:type="v1:integerType"/>
                                </v1:Arg>
                            </v1:Condition>
                        </v1:Condition>
                    </v1:Condition>
                </v1:Condition>
            </v1:Condition>
            <v1:Condition xsi:type="v1:closedSearchType">
                <v1:Condition xsi:type="v1:comparisonPredType" Comparison=">=">
                    <v1:Arg xsi:type="v1:columnReferenceType" Table="a" Name="lower_state_energy"/>
                    <v1:Arg xsi:type="v1:atomType">
                        <v1:Literal Value="1000" xsi:type="v1:integerType"/>
                    </v1:Arg>
                </v1:Condition>
            </v1:Condition>
        </v1:Condition>
    </v1:Where>
</xml-fragment>
------------------------------------------------
Compiling FragmentTableCondition.adqls
------------------------------------------------
== From: ===>
--Table/Condition
a.col1 + a.col2 >= 3.2875

Compilation suceeded...
==== To: ===>
<xml-fragment Comparison=">=">
    <v1:Arg xsi:type="v1:binaryExprType" Oper="+" xmlns:v1="http://www.ivoa.net/xml/ADQL/v1.0" xmlns:xsi="http://www.w3.org/2001/XMLSchema-instance">
        <v1:Arg xsi:type="v1:columnReferenceType" Table="a" Name="col1"/>
        <v1:Arg xsi:type="v1:columnReferenceType" Table="a" Name="col2"/>
    </v1:Arg>
    <v1:Arg xsi:type="v1:atomType" xmlns:v1="http://www.ivoa.net/xml/ADQL/v1.0" xmlns:xsi="http://www.w3.org/2001/XMLSchema-instance">
        <v1:Literal Value="3.2875" xsi:type="v1:realType"/>
    </v1:Arg>
</xml-fragment>
------------------------------------------------
Compiling FragmentTablesArrayOfFromTableType.adqls
------------------------------------------------
== From: ===>
--Tables[type="ArrayOfFromTableType"]
cata as a, catb as b ; 

Compilation suceeded...
==== To: ===>
<xml-fragment>
    <v1:fromTableType xsi:type="v1:tableType" Name="cata" Alias="a" xmlns:v1="http://www.ivoa.net/xml/ADQL/v1.0" xmlns:xsi="http://www.w3.org/2001/XMLSchema-instance"/>
    <v1:fromTableType xsi:type="v1:tableType" Name="catb" Alias="b" xmlns:v1="http://www.ivoa.net/xml/ADQL/v1.0" xmlns:xsi="http://www.w3.org/2001/XMLSchema-instance"/>
</xml-fragment>
------------------------------------------------
Compiling FragmentTableTableType.adqls
------------------------------------------------
== From: ===>
--Table[type="tableType"]
cata as a 

Compilation suceeded...
==== To: ===>
<xml-fragment xsi:type="v1:tableType" Name="cata" Alias="a" xmlns:v1="http://www.ivoa.net/xml/ADQL/v1.0" xmlns:xsi="http://www.w3.org/2001/XMLSchema-instance"/>
------------------------------------------------
Compiling FragmentTop.adqls
------------------------------------------------
== From: ===>
--Select/Restrict 
top 1234567

Compilation suceeded...
==== To: ===>
<xml-fragment Top="1234567"/>
------------------------------------------------
Compiling FragmentWhereCondition.adqls
------------------------------------------------
== From: ===>
--Where/Condition
a.col1 + a.col2 >= 3.2875 and a.col3 between a.col4 and a.col5

Compilation suceeded...
==== To: ===>
<xml-fragment xsi:type="v1:intersectionSearchType" xmlns:v1="http://www.ivoa.net/xml/ADQL/v1.0" xmlns:xsi="http://www.w3.org/2001/XMLSchema-instance">
    <v1:Condition xsi:type="v1:comparisonPredType" Comparison=">=">
        <v1:Arg xsi:type="v1:binaryExprType" Oper="+">
            <v1:Arg xsi:type="v1:columnReferenceType" Table="a" Name="col1"/>
            <v1:Arg xsi:type="v1:columnReferenceType" Table="a" Name="col2"/>
        </v1:Arg>
        <v1:Arg xsi:type="v1:atomType">
            <v1:Literal Value="3.2875" xsi:type="v1:realType"/>
        </v1:Arg>
    </v1:Condition>
    <v1:Condition xsi:type="v1:betweenPredType">
        <v1:Arg xsi:type="v1:columnReferenceType" Table="a" Name="col3"/>
        <v1:Arg xsi:type="v1:columnReferenceType" Table="a" Name="col4"/>
        <v1:Arg xsi:type="v1:columnReferenceType" Table="a" Name="col5"/>
    </v1:Condition>
</xml-fragment>
------------------------------------------------
Compiling FragmentWithHeadAndTrailComments.adqls
------------------------------------------------
== From: ===>
--Select
-- Header Comment 1
-- Header Comment 2
-- Header Comment 3
Select * from cata as a where a.id between 10000 and 20000
-- Trailer Comment 1
-- Trailer Comment 2
-- Trailer Comment 3
<!--+Select
 Header Comment 1
 Header Comment 2
 Header Comment 3
+-->
<v1:Select xmlns:v1="http://www.ivoa.net/xml/ADQL/v1.0">
    <v1:SelectionList>
        <v1:Item xsi:type="v1:allSelectionItemType" xmlns:xsi="http://www.w3.org/2001/XMLSchema-instance"/>
    </v1:SelectionList>
    <v1:From>
        <v1:Table xsi:type="v1:tableType" Name="cata" Alias="a" xmlns:xsi="http://www.w3.org/2001/XMLSchema-instance"/>
    </v1:From>
    <v1:Where>
        <v1:Condition xsi:type="v1:betweenPredType" xmlns:xsi="http://www.w3.org/2001/XMLSchema-instance">
            <v1:Arg xsi:type="v1:columnReferenceType" Table="a" Name="id"/>
            <v1:Arg xsi:type="v1:atomType">
                <v1:Literal Value="10000" xsi:type="v1:integerType"/>
            </v1:Arg>
            <v1:Arg xsi:type="v1:atomType">
                <v1:Literal Value="20000" xsi:type="v1:integerType"/>
            </v1:Arg>
        </v1:Condition>
    </v1:Where>
</v1:Select>
<!--+
 Trailer Comment 1
 Trailer Comment 2
 Trailer Comment 3+-->
testMemoryUsageWithReinit() underway: 10000 compilations.
1000 finished
2000 finished
3000 finished
4000 finished
5000 finished
6000 finished
7000 finished
8000 finished
9000 finished
testMemoryUsageWithReinit() compilations finished.
good count: 5000
bad count: 5000
testMemoryUsageWithoutReinit() underway: 10000 compilations.
1000 finished
2000 finished
3000 finished
4000 finished
5000 finished
6000 finished
7000 finished
8000 finished
9000 finished
testMemoryUsageWithoutReinit() compilations finished.
good count: 5000
bad count: 5000
]]></system-out>
  <system-err><![CDATA[log4j:WARN No appenders could be found for logger (org.astrogrid.adql.Tracker).
log4j:WARN Please initialize the log4j system properly.
]]></system-err>
</testsuite>
